09/16 07:34:39 AM: Git branch: master
09/16 07:34:39 AM: Git SHA: 6a6c097582fb44e9e93b08dab8c29a3ff91459bf
09/16 07:34:40 AM: Parsed args: 
{
  "allow_missing_task_map": 1,
  "allow_untrained_encoder_parameters": 1,
  "do_pretrain": 0,
  "exp_dir": "./experiments/rel-semeval-RANDOM_WITH_GOOD_EMBEDDINGS-mix/",
  "exp_name": "experiments/rel-semeval-RANDOM_WITH_GOOD_EMBEDDINGS-mix",
  "input_module": "bert-base-uncased",
  "local_log_path": "./experiments/rel-semeval-RANDOM_WITH_GOOD_EMBEDDINGS-mix/run/log.log",
  "lr_patience": 3,
  "max_seq_len": 512,
  "output_mode": "top",
  "patience": 9,
  "pretrain_tasks": "",
  "pretrained_dir": "models/RANDOM_WITH_GOOD_EMBEDDINGS",
  "pytorch_transformers_output_mode": "mix",
  "remote_log_name": "experiments/rel-semeval-RANDOM_WITH_GOOD_EMBEDDINGS-mix__run",
  "run_dir": "./experiments/rel-semeval-RANDOM_WITH_GOOD_EMBEDDINGS-mix/run",
  "run_name": "run",
  "sent_enc": "none",
  "sep_embs_for_skip": 1,
  "target_tasks": "edges-rel-semeval",
  "tokenizer": "bert-base-uncased",
  "write_preds": "val,test"
}
09/16 07:34:40 AM: Saved config to ./experiments/rel-semeval-RANDOM_WITH_GOOD_EMBEDDINGS-mix/run/params.conf
09/16 07:34:40 AM: Using random seed 1234
09/16 07:34:41 AM: Using GPU 0
09/16 07:34:41 AM: Loading tasks...
09/16 07:34:41 AM: Writing pre-preprocessed tasks to ./experiments/rel-semeval-RANDOM_WITH_GOOD_EMBEDDINGS-mix/
09/16 07:34:41 AM: 	Creating task edges-rel-semeval from scratch.
09/16 07:34:41 AM: Read=6851, Skip=0, Total=6851 from ./probing_data/edges/semeval/train.0.85.json.retokenized.bert-base-uncased
09/16 07:34:41 AM: Read=1149, Skip=0, Total=1149 from ./probing_data/edges/semeval/dev.json.retokenized.bert-base-uncased
09/16 07:34:41 AM: Read=2717, Skip=0, Total=2717 from ./probing_data/edges/semeval/test.json.retokenized.bert-base-uncased
09/16 07:34:41 AM: 	Task 'edges-rel-semeval': |train|=6851 |val|=1149 |test|=2717
09/16 07:34:41 AM: 	Finished loading tasks: edges-rel-semeval.
09/16 07:34:41 AM: 	Building vocab from scratch.
09/16 07:34:41 AM: 	Counting units for task edges-rel-semeval.
09/16 07:34:41 AM: 	Task 'edges-rel-semeval': adding vocab namespace 'edges-rel-semeval_labels'
09/16 07:34:42 AM: loading file https://s3.amazonaws.com/models.huggingface.co/bert/bert-base-uncased-vocab.txt from cache at /home/ericwallace/.cache/torch/pytorch_transformers/26bc1ad6c0ac742e9b52263248f6d0f00068293b33709fae12320c0e35ccfbbb.542ce4285a40d23a559526243235df47c5f75c197f04f37d1a0c124c32c9a084
09/16 07:34:42 AM: Added pytorch_transformers vocab (bert-base-uncased): 30522 tokens
09/16 07:34:42 AM: 	Saved vocab to ./experiments/rel-semeval-RANDOM_WITH_GOOD_EMBEDDINGS-mix/vocab
09/16 07:34:42 AM: Loading token dictionary from ./experiments/rel-semeval-RANDOM_WITH_GOOD_EMBEDDINGS-mix/vocab.
09/16 07:34:42 AM: 	Loaded vocab from ./experiments/rel-semeval-RANDOM_WITH_GOOD_EMBEDDINGS-mix/vocab
09/16 07:34:42 AM: 	Vocab namespace bert_uncased: size 30524
09/16 07:34:42 AM: 	Vocab namespace tokens: size 16020
09/16 07:34:42 AM: 	Vocab namespace chars: size 59
09/16 07:34:42 AM: 	Vocab namespace edges-rel-semeval_labels: size 19
09/16 07:34:42 AM: 	Finished building vocab.
09/16 07:34:42 AM: 	Task edges-rel-semeval (train): Indexing from scratch.
09/16 07:34:43 AM: 	Task edges-rel-semeval (train): Saved 6851 instances to ./experiments/rel-semeval-RANDOM_WITH_GOOD_EMBEDDINGS-mix/preproc/edges-rel-semeval__train_data
09/16 07:34:43 AM: 	Task edges-rel-semeval (val): Indexing from scratch.
09/16 07:34:43 AM: 	Task edges-rel-semeval (val): Saved 1149 instances to ./experiments/rel-semeval-RANDOM_WITH_GOOD_EMBEDDINGS-mix/preproc/edges-rel-semeval__val_data
09/16 07:34:43 AM: 	Task edges-rel-semeval (test): Indexing from scratch.
09/16 07:34:43 AM: 	Task edges-rel-semeval (test): Saved 2717 instances to ./experiments/rel-semeval-RANDOM_WITH_GOOD_EMBEDDINGS-mix/preproc/edges-rel-semeval__test_data
09/16 07:34:43 AM: 	Finished indexing tasks
09/16 07:34:43 AM: 	Creating trimmed target-only version of edges-rel-semeval train.
09/16 07:34:43 AM: 	  Training on 
09/16 07:34:43 AM: 	  Evaluating on edges-rel-semeval
09/16 07:34:43 AM: 	Finished loading tasks in 2.816s
09/16 07:34:43 AM: 	 Tasks: ['edges-rel-semeval']
09/16 07:34:43 AM: Building model...
09/16 07:34:43 AM: Using BERT model (bert-base-uncased).
09/16 07:34:43 AM: LOADING A RANDOMLY WEIGHTS BERT
09/16 07:34:46 AM: https://s3.amazonaws.com/models.huggingface.co/bert/bert-base-uncased-config.json not found in cache or force_download set to True, downloading to /tmp/tmpech85z6o
09/16 07:34:47 AM: copying /tmp/tmpech85z6o to cache at ./experiments/rel-semeval-RANDOM_WITH_GOOD_EMBEDDINGS-mix/pytorch_transformers_cache/4dad0251492946e18ac39290fcfe91b89d370fee250efe9521476438fe8ca185.bf3b9ea126d8c0001ee8a1e8b92229871d06d36d8808208cc2449280da87785c
09/16 07:34:47 AM: creating metadata file for ./experiments/rel-semeval-RANDOM_WITH_GOOD_EMBEDDINGS-mix/pytorch_transformers_cache/4dad0251492946e18ac39290fcfe91b89d370fee250efe9521476438fe8ca185.bf3b9ea126d8c0001ee8a1e8b92229871d06d36d8808208cc2449280da87785c
09/16 07:34:47 AM: removing temp file /tmp/tmpech85z6o
09/16 07:34:47 AM: loading configuration file https://s3.amazonaws.com/models.huggingface.co/bert/bert-base-uncased-config.json from cache at ./experiments/rel-semeval-RANDOM_WITH_GOOD_EMBEDDINGS-mix/pytorch_transformers_cache/4dad0251492946e18ac39290fcfe91b89d370fee250efe9521476438fe8ca185.bf3b9ea126d8c0001ee8a1e8b92229871d06d36d8808208cc2449280da87785c
09/16 07:34:47 AM: Model config {
  "attention_probs_dropout_prob": 0.1,
  "finetuning_task": null,
  "hidden_act": "gelu",
  "hidden_dropout_prob": 0.1,
  "hidden_size": 768,
  "initializer_range": 0.02,
  "intermediate_size": 3072,
  "layer_norm_eps": 1e-12,
  "max_position_embeddings": 512,
  "num_attention_heads": 12,
  "num_hidden_layers": 12,
  "num_labels": 2,
  "output_attentions": false,
  "output_hidden_states": true,
  "pruned_heads": {},
  "torchscript": false,
  "type_vocab_size": 2,
  "vocab_size": 30522
}

09/16 07:34:48 AM: https://s3.amazonaws.com/models.huggingface.co/bert/bert-base-uncased-pytorch_model.bin not found in cache or force_download set to True, downloading to /tmp/tmp9fm9dqlj
09/16 07:36:03 AM: copying /tmp/tmp9fm9dqlj to cache at ./experiments/rel-semeval-RANDOM_WITH_GOOD_EMBEDDINGS-mix/pytorch_transformers_cache/aa1ef1aede4482d0dbcd4d52baad8ae300e60902e88fcb0bebdec09afd232066.36ca03ab34a1a5d5fa7bc3d03d55c4fa650fed07220e2eeebc06ce58d0e9a157
09/16 07:36:03 AM: creating metadata file for ./experiments/rel-semeval-RANDOM_WITH_GOOD_EMBEDDINGS-mix/pytorch_transformers_cache/aa1ef1aede4482d0dbcd4d52baad8ae300e60902e88fcb0bebdec09afd232066.36ca03ab34a1a5d5fa7bc3d03d55c4fa650fed07220e2eeebc06ce58d0e9a157
09/16 07:36:03 AM: removing temp file /tmp/tmp9fm9dqlj
09/16 07:36:03 AM: loading weights file https://s3.amazonaws.com/models.huggingface.co/bert/bert-base-uncased-pytorch_model.bin from cache at ./experiments/rel-semeval-RANDOM_WITH_GOOD_EMBEDDINGS-mix/pytorch_transformers_cache/aa1ef1aede4482d0dbcd4d52baad8ae300e60902e88fcb0bebdec09afd232066.36ca03ab34a1a5d5fa7bc3d03d55c4fa650fed07220e2eeebc06ce58d0e9a157
09/16 07:36:07 AM: https://s3.amazonaws.com/models.huggingface.co/bert/bert-base-uncased-vocab.txt not found in cache or force_download set to True, downloading to /tmp/tmpttsp5ua7
09/16 07:36:09 AM: copying /tmp/tmpttsp5ua7 to cache at ./experiments/rel-semeval-RANDOM_WITH_GOOD_EMBEDDINGS-mix/pytorch_transformers_cache/26bc1ad6c0ac742e9b52263248f6d0f00068293b33709fae12320c0e35ccfbbb.542ce4285a40d23a559526243235df47c5f75c197f04f37d1a0c124c32c9a084
09/16 07:36:09 AM: creating metadata file for ./experiments/rel-semeval-RANDOM_WITH_GOOD_EMBEDDINGS-mix/pytorch_transformers_cache/26bc1ad6c0ac742e9b52263248f6d0f00068293b33709fae12320c0e35ccfbbb.542ce4285a40d23a559526243235df47c5f75c197f04f37d1a0c124c32c9a084
09/16 07:36:09 AM: removing temp file /tmp/tmpttsp5ua7
09/16 07:36:09 AM: loading file https://s3.amazonaws.com/models.huggingface.co/bert/bert-base-uncased-vocab.txt from cache at ./experiments/rel-semeval-RANDOM_WITH_GOOD_EMBEDDINGS-mix/pytorch_transformers_cache/26bc1ad6c0ac742e9b52263248f6d0f00068293b33709fae12320c0e35ccfbbb.542ce4285a40d23a559526243235df47c5f75c197f04f37d1a0c124c32c9a084
09/16 07:36:09 AM: NOTE: pytorch_transformers_output_mode='mix', so scalar mixing weights will be fine-tuned even if BERT model is frozen.
09/16 07:36:09 AM: Initializing parameters
09/16 07:36:09 AM: Done initializing parameters; the following parameters are using their default initialization from their code
09/16 07:36:09 AM:    _text_field_embedder.model.embeddings.LayerNorm.bias
09/16 07:36:09 AM:    _text_field_embedder.model.embeddings.LayerNorm.weight
09/16 07:36:09 AM:    _text_field_embedder.model.embeddings.position_embeddings.weight
09/16 07:36:09 AM:    _text_field_embedder.model.embeddings.token_type_embeddings.weight
09/16 07:36:09 AM:    _text_field_embedder.model.embeddings.word_embeddings.weight
09/16 07:36:09 AM:    _text_field_embedder.model.encoder.layer.0.attention.output.LayerNorm.bias
09/16 07:36:09 AM:    _text_field_embedder.model.encoder.layer.0.attention.output.LayerNorm.weight
09/16 07:36:09 AM:    _text_field_embedder.model.encoder.layer.0.attention.output.dense.bias
09/16 07:36:09 AM:    _text_field_embedder.model.encoder.layer.0.attention.output.dense.weight
09/16 07:36:09 AM:    _text_field_embedder.model.encoder.layer.0.attention.self.key.bias
09/16 07:36:09 AM:    _text_field_embedder.model.encoder.layer.0.attention.self.key.weight
09/16 07:36:09 AM:    _text_field_embedder.model.encoder.layer.0.attention.self.query.bias
09/16 07:36:09 AM:    _text_field_embedder.model.encoder.layer.0.attention.self.query.weight
09/16 07:36:09 AM:    _text_field_embedder.model.encoder.layer.0.attention.self.value.bias
09/16 07:36:09 AM:    _text_field_embedder.model.encoder.layer.0.attention.self.value.weight
09/16 07:36:09 AM:    _text_field_embedder.model.encoder.layer.0.intermediate.dense.bias
09/16 07:36:09 AM:    _text_field_embedder.model.encoder.layer.0.intermediate.dense.weight
09/16 07:36:09 AM:    _text_field_embedder.model.encoder.layer.0.output.LayerNorm.bias
09/16 07:36:09 AM:    _text_field_embedder.model.encoder.layer.0.output.LayerNorm.weight
09/16 07:36:09 AM:    _text_field_embedder.model.encoder.layer.0.output.dense.bias
09/16 07:36:09 AM:    _text_field_embedder.model.encoder.layer.0.output.dense.weight
09/16 07:36:09 AM:    _text_field_embedder.model.encoder.layer.1.attention.output.LayerNorm.bias
09/16 07:36:09 AM:    _text_field_embedder.model.encoder.layer.1.attention.output.LayerNorm.weight
09/16 07:36:09 AM:    _text_field_embedder.model.encoder.layer.1.attention.output.dense.bias
09/16 07:36:09 AM:    _text_field_embedder.model.encoder.layer.1.attention.output.dense.weight
09/16 07:36:09 AM:    _text_field_embedder.model.encoder.layer.1.attention.self.key.bias
09/16 07:36:09 AM:    _text_field_embedder.model.encoder.layer.1.attention.self.key.weight
09/16 07:36:09 AM:    _text_field_embedder.model.encoder.layer.1.attention.self.query.bias
09/16 07:36:09 AM:    _text_field_embedder.model.encoder.layer.1.attention.self.query.weight
09/16 07:36:09 AM:    _text_field_embedder.model.encoder.layer.1.attention.self.value.bias
09/16 07:36:09 AM:    _text_field_embedder.model.encoder.layer.1.attention.self.value.weight
09/16 07:36:09 AM:    _text_field_embedder.model.encoder.layer.1.intermediate.dense.bias
09/16 07:36:09 AM:    _text_field_embedder.model.encoder.layer.1.intermediate.dense.weight
09/16 07:36:09 AM:    _text_field_embedder.model.encoder.layer.1.output.LayerNorm.bias
09/16 07:36:09 AM:    _text_field_embedder.model.encoder.layer.1.output.LayerNorm.weight
09/16 07:36:09 AM:    _text_field_embedder.model.encoder.layer.1.output.dense.bias
09/16 07:36:09 AM:    _text_field_embedder.model.encoder.layer.1.output.dense.weight
09/16 07:36:09 AM:    _text_field_embedder.model.encoder.layer.10.attention.output.LayerNorm.bias
09/16 07:36:09 AM:    _text_field_embedder.model.encoder.layer.10.attention.output.LayerNorm.weight
09/16 07:36:09 AM:    _text_field_embedder.model.encoder.layer.10.attention.output.dense.bias
09/16 07:36:09 AM:    _text_field_embedder.model.encoder.layer.10.attention.output.dense.weight
09/16 07:36:09 AM:    _text_field_embedder.model.encoder.layer.10.attention.self.key.bias
09/16 07:36:09 AM:    _text_field_embedder.model.encoder.layer.10.attention.self.key.weight
09/16 07:36:09 AM:    _text_field_embedder.model.encoder.layer.10.attention.self.query.bias
09/16 07:36:09 AM:    _text_field_embedder.model.encoder.layer.10.attention.self.query.weight
09/16 07:36:09 AM:    _text_field_embedder.model.encoder.layer.10.attention.self.value.bias
09/16 07:36:09 AM:    _text_field_embedder.model.encoder.layer.10.attention.self.value.weight
09/16 07:36:09 AM:    _text_field_embedder.model.encoder.layer.10.intermediate.dense.bias
09/16 07:36:09 AM:    _text_field_embedder.model.encoder.layer.10.intermediate.dense.weight
09/16 07:36:09 AM:    _text_field_embedder.model.encoder.layer.10.output.LayerNorm.bias
09/16 07:36:09 AM:    _text_field_embedder.model.encoder.layer.10.output.LayerNorm.weight
09/16 07:36:09 AM:    _text_field_embedder.model.encoder.layer.10.output.dense.bias
09/16 07:36:09 AM:    _text_field_embedder.model.encoder.layer.10.output.dense.weight
09/16 07:36:09 AM:    _text_field_embedder.model.encoder.layer.11.attention.output.LayerNorm.bias
09/16 07:36:09 AM:    _text_field_embedder.model.encoder.layer.11.attention.output.LayerNorm.weight
09/16 07:36:09 AM:    _text_field_embedder.model.encoder.layer.11.attention.output.dense.bias
09/16 07:36:09 AM:    _text_field_embedder.model.encoder.layer.11.attention.output.dense.weight
09/16 07:36:09 AM:    _text_field_embedder.model.encoder.layer.11.attention.self.key.bias
09/16 07:36:09 AM:    _text_field_embedder.model.encoder.layer.11.attention.self.key.weight
09/16 07:36:09 AM:    _text_field_embedder.model.encoder.layer.11.attention.self.query.bias
09/16 07:36:09 AM:    _text_field_embedder.model.encoder.layer.11.attention.self.query.weight
09/16 07:36:09 AM:    _text_field_embedder.model.encoder.layer.11.attention.self.value.bias
09/16 07:36:09 AM:    _text_field_embedder.model.encoder.layer.11.attention.self.value.weight
09/16 07:36:09 AM:    _text_field_embedder.model.encoder.layer.11.intermediate.dense.bias
09/16 07:36:09 AM:    _text_field_embedder.model.encoder.layer.11.intermediate.dense.weight
09/16 07:36:09 AM:    _text_field_embedder.model.encoder.layer.11.output.LayerNorm.bias
09/16 07:36:09 AM:    _text_field_embedder.model.encoder.layer.11.output.LayerNorm.weight
09/16 07:36:09 AM:    _text_field_embedder.model.encoder.layer.11.output.dense.bias
09/16 07:36:09 AM:    _text_field_embedder.model.encoder.layer.11.output.dense.weight
09/16 07:36:09 AM:    _text_field_embedder.model.encoder.layer.2.attention.output.LayerNorm.bias
09/16 07:36:09 AM:    _text_field_embedder.model.encoder.layer.2.attention.output.LayerNorm.weight
09/16 07:36:09 AM:    _text_field_embedder.model.encoder.layer.2.attention.output.dense.bias
09/16 07:36:09 AM:    _text_field_embedder.model.encoder.layer.2.attention.output.dense.weight
09/16 07:36:09 AM:    _text_field_embedder.model.encoder.layer.2.attention.self.key.bias
09/16 07:36:09 AM:    _text_field_embedder.model.encoder.layer.2.attention.self.key.weight
09/16 07:36:09 AM:    _text_field_embedder.model.encoder.layer.2.attention.self.query.bias
09/16 07:36:09 AM:    _text_field_embedder.model.encoder.layer.2.attention.self.query.weight
09/16 07:36:09 AM:    _text_field_embedder.model.encoder.layer.2.attention.self.value.bias
09/16 07:36:09 AM:    _text_field_embedder.model.encoder.layer.2.attention.self.value.weight
09/16 07:36:09 AM:    _text_field_embedder.model.encoder.layer.2.intermediate.dense.bias
09/16 07:36:09 AM:    _text_field_embedder.model.encoder.layer.2.intermediate.dense.weight
09/16 07:36:09 AM:    _text_field_embedder.model.encoder.layer.2.output.LayerNorm.bias
09/16 07:36:09 AM:    _text_field_embedder.model.encoder.layer.2.output.LayerNorm.weight
09/16 07:36:09 AM:    _text_field_embedder.model.encoder.layer.2.output.dense.bias
09/16 07:36:09 AM:    _text_field_embedder.model.encoder.layer.2.output.dense.weight
09/16 07:36:09 AM:    _text_field_embedder.model.encoder.layer.3.attention.output.LayerNorm.bias
09/16 07:36:09 AM:    _text_field_embedder.model.encoder.layer.3.attention.output.LayerNorm.weight
09/16 07:36:09 AM:    _text_field_embedder.model.encoder.layer.3.attention.output.dense.bias
09/16 07:36:09 AM:    _text_field_embedder.model.encoder.layer.3.attention.output.dense.weight
09/16 07:36:09 AM:    _text_field_embedder.model.encoder.layer.3.attention.self.key.bias
09/16 07:36:09 AM:    _text_field_embedder.model.encoder.layer.3.attention.self.key.weight
09/16 07:36:09 AM:    _text_field_embedder.model.encoder.layer.3.attention.self.query.bias
09/16 07:36:09 AM:    _text_field_embedder.model.encoder.layer.3.attention.self.query.weight
09/16 07:36:09 AM:    _text_field_embedder.model.encoder.layer.3.attention.self.value.bias
09/16 07:36:09 AM:    _text_field_embedder.model.encoder.layer.3.attention.self.value.weight
09/16 07:36:09 AM:    _text_field_embedder.model.encoder.layer.3.intermediate.dense.bias
09/16 07:36:09 AM:    _text_field_embedder.model.encoder.layer.3.intermediate.dense.weight
09/16 07:36:09 AM:    _text_field_embedder.model.encoder.layer.3.output.LayerNorm.bias
09/16 07:36:09 AM:    _text_field_embedder.model.encoder.layer.3.output.LayerNorm.weight
09/16 07:36:09 AM:    _text_field_embedder.model.encoder.layer.3.output.dense.bias
09/16 07:36:09 AM:    _text_field_embedder.model.encoder.layer.3.output.dense.weight
09/16 07:36:09 AM:    _text_field_embedder.model.encoder.layer.4.attention.output.LayerNorm.bias
09/16 07:36:09 AM:    _text_field_embedder.model.encoder.layer.4.attention.output.LayerNorm.weight
09/16 07:36:09 AM:    _text_field_embedder.model.encoder.layer.4.attention.output.dense.bias
09/16 07:36:09 AM:    _text_field_embedder.model.encoder.layer.4.attention.output.dense.weight
09/16 07:36:09 AM:    _text_field_embedder.model.encoder.layer.4.attention.self.key.bias
09/16 07:36:09 AM:    _text_field_embedder.model.encoder.layer.4.attention.self.key.weight
09/16 07:36:09 AM:    _text_field_embedder.model.encoder.layer.4.attention.self.query.bias
09/16 07:36:09 AM:    _text_field_embedder.model.encoder.layer.4.attention.self.query.weight
09/16 07:36:09 AM:    _text_field_embedder.model.encoder.layer.4.attention.self.value.bias
09/16 07:36:09 AM:    _text_field_embedder.model.encoder.layer.4.attention.self.value.weight
09/16 07:36:09 AM:    _text_field_embedder.model.encoder.layer.4.intermediate.dense.bias
09/16 07:36:09 AM:    _text_field_embedder.model.encoder.layer.4.intermediate.dense.weight
09/16 07:36:09 AM:    _text_field_embedder.model.encoder.layer.4.output.LayerNorm.bias
09/16 07:36:09 AM:    _text_field_embedder.model.encoder.layer.4.output.LayerNorm.weight
09/16 07:36:09 AM:    _text_field_embedder.model.encoder.layer.4.output.dense.bias
09/16 07:36:09 AM:    _text_field_embedder.model.encoder.layer.4.output.dense.weight
09/16 07:36:09 AM:    _text_field_embedder.model.encoder.layer.5.attention.output.LayerNorm.bias
09/16 07:36:09 AM:    _text_field_embedder.model.encoder.layer.5.attention.output.LayerNorm.weight
09/16 07:36:09 AM:    _text_field_embedder.model.encoder.layer.5.attention.output.dense.bias
09/16 07:36:09 AM:    _text_field_embedder.model.encoder.layer.5.attention.output.dense.weight
09/16 07:36:09 AM:    _text_field_embedder.model.encoder.layer.5.attention.self.key.bias
09/16 07:36:09 AM:    _text_field_embedder.model.encoder.layer.5.attention.self.key.weight
09/16 07:36:09 AM:    _text_field_embedder.model.encoder.layer.5.attention.self.query.bias
09/16 07:36:09 AM:    _text_field_embedder.model.encoder.layer.5.attention.self.query.weight
09/16 07:36:09 AM:    _text_field_embedder.model.encoder.layer.5.attention.self.value.bias
09/16 07:36:09 AM:    _text_field_embedder.model.encoder.layer.5.attention.self.value.weight
09/16 07:36:09 AM:    _text_field_embedder.model.encoder.layer.5.intermediate.dense.bias
09/16 07:36:09 AM:    _text_field_embedder.model.encoder.layer.5.intermediate.dense.weight
09/16 07:36:09 AM:    _text_field_embedder.model.encoder.layer.5.output.LayerNorm.bias
09/16 07:36:09 AM:    _text_field_embedder.model.encoder.layer.5.output.LayerNorm.weight
09/16 07:36:09 AM:    _text_field_embedder.model.encoder.layer.5.output.dense.bias
09/16 07:36:09 AM:    _text_field_embedder.model.encoder.layer.5.output.dense.weight
09/16 07:36:09 AM:    _text_field_embedder.model.encoder.layer.6.attention.output.LayerNorm.bias
09/16 07:36:09 AM:    _text_field_embedder.model.encoder.layer.6.attention.output.LayerNorm.weight
09/16 07:36:09 AM:    _text_field_embedder.model.encoder.layer.6.attention.output.dense.bias
09/16 07:36:09 AM:    _text_field_embedder.model.encoder.layer.6.attention.output.dense.weight
09/16 07:36:09 AM:    _text_field_embedder.model.encoder.layer.6.attention.self.key.bias
09/16 07:36:09 AM:    _text_field_embedder.model.encoder.layer.6.attention.self.key.weight
09/16 07:36:09 AM:    _text_field_embedder.model.encoder.layer.6.attention.self.query.bias
09/16 07:36:09 AM:    _text_field_embedder.model.encoder.layer.6.attention.self.query.weight
09/16 07:36:09 AM:    _text_field_embedder.model.encoder.layer.6.attention.self.value.bias
09/16 07:36:09 AM:    _text_field_embedder.model.encoder.layer.6.attention.self.value.weight
09/16 07:36:09 AM:    _text_field_embedder.model.encoder.layer.6.intermediate.dense.bias
09/16 07:36:09 AM:    _text_field_embedder.model.encoder.layer.6.intermediate.dense.weight
09/16 07:36:09 AM:    _text_field_embedder.model.encoder.layer.6.output.LayerNorm.bias
09/16 07:36:09 AM:    _text_field_embedder.model.encoder.layer.6.output.LayerNorm.weight
09/16 07:36:09 AM:    _text_field_embedder.model.encoder.layer.6.output.dense.bias
09/16 07:36:09 AM:    _text_field_embedder.model.encoder.layer.6.output.dense.weight
09/16 07:36:09 AM:    _text_field_embedder.model.encoder.layer.7.attention.output.LayerNorm.bias
09/16 07:36:09 AM:    _text_field_embedder.model.encoder.layer.7.attention.output.LayerNorm.weight
09/16 07:36:09 AM:    _text_field_embedder.model.encoder.layer.7.attention.output.dense.bias
09/16 07:36:09 AM:    _text_field_embedder.model.encoder.layer.7.attention.output.dense.weight
09/16 07:36:09 AM:    _text_field_embedder.model.encoder.layer.7.attention.self.key.bias
09/16 07:36:09 AM:    _text_field_embedder.model.encoder.layer.7.attention.self.key.weight
09/16 07:36:09 AM:    _text_field_embedder.model.encoder.layer.7.attention.self.query.bias
09/16 07:36:09 AM:    _text_field_embedder.model.encoder.layer.7.attention.self.query.weight
09/16 07:36:09 AM:    _text_field_embedder.model.encoder.layer.7.attention.self.value.bias
09/16 07:36:09 AM:    _text_field_embedder.model.encoder.layer.7.attention.self.value.weight
09/16 07:36:09 AM:    _text_field_embedder.model.encoder.layer.7.intermediate.dense.bias
09/16 07:36:09 AM:    _text_field_embedder.model.encoder.layer.7.intermediate.dense.weight
09/16 07:36:09 AM:    _text_field_embedder.model.encoder.layer.7.output.LayerNorm.bias
09/16 07:36:09 AM:    _text_field_embedder.model.encoder.layer.7.output.LayerNorm.weight
09/16 07:36:09 AM:    _text_field_embedder.model.encoder.layer.7.output.dense.bias
09/16 07:36:09 AM:    _text_field_embedder.model.encoder.layer.7.output.dense.weight
09/16 07:36:09 AM:    _text_field_embedder.model.encoder.layer.8.attention.output.LayerNorm.bias
09/16 07:36:09 AM:    _text_field_embedder.model.encoder.layer.8.attention.output.LayerNorm.weight
09/16 07:36:09 AM:    _text_field_embedder.model.encoder.layer.8.attention.output.dense.bias
09/16 07:36:09 AM:    _text_field_embedder.model.encoder.layer.8.attention.output.dense.weight
09/16 07:36:09 AM:    _text_field_embedder.model.encoder.layer.8.attention.self.key.bias
09/16 07:36:09 AM:    _text_field_embedder.model.encoder.layer.8.attention.self.key.weight
09/16 07:36:09 AM:    _text_field_embedder.model.encoder.layer.8.attention.self.query.bias
09/16 07:36:09 AM:    _text_field_embedder.model.encoder.layer.8.attention.self.query.weight
09/16 07:36:09 AM:    _text_field_embedder.model.encoder.layer.8.attention.self.value.bias
09/16 07:36:09 AM:    _text_field_embedder.model.encoder.layer.8.attention.self.value.weight
09/16 07:36:09 AM:    _text_field_embedder.model.encoder.layer.8.intermediate.dense.bias
09/16 07:36:09 AM:    _text_field_embedder.model.encoder.layer.8.intermediate.dense.weight
09/16 07:36:09 AM:    _text_field_embedder.model.encoder.layer.8.output.LayerNorm.bias
09/16 07:36:09 AM:    _text_field_embedder.model.encoder.layer.8.output.LayerNorm.weight
09/16 07:36:09 AM:    _text_field_embedder.model.encoder.layer.8.output.dense.bias
09/16 07:36:09 AM:    _text_field_embedder.model.encoder.layer.8.output.dense.weight
09/16 07:36:09 AM:    _text_field_embedder.model.encoder.layer.9.attention.output.LayerNorm.bias
09/16 07:36:09 AM:    _text_field_embedder.model.encoder.layer.9.attention.output.LayerNorm.weight
09/16 07:36:09 AM:    _text_field_embedder.model.encoder.layer.9.attention.output.dense.bias
09/16 07:36:09 AM:    _text_field_embedder.model.encoder.layer.9.attention.output.dense.weight
09/16 07:36:09 AM:    _text_field_embedder.model.encoder.layer.9.attention.self.key.bias
09/16 07:36:09 AM:    _text_field_embedder.model.encoder.layer.9.attention.self.key.weight
09/16 07:36:09 AM:    _text_field_embedder.model.encoder.layer.9.attention.self.query.bias
09/16 07:36:09 AM:    _text_field_embedder.model.encoder.layer.9.attention.self.query.weight
09/16 07:36:09 AM:    _text_field_embedder.model.encoder.layer.9.attention.self.value.bias
09/16 07:36:09 AM:    _text_field_embedder.model.encoder.layer.9.attention.self.value.weight
09/16 07:36:09 AM:    _text_field_embedder.model.encoder.layer.9.intermediate.dense.bias
09/16 07:36:09 AM:    _text_field_embedder.model.encoder.layer.9.intermediate.dense.weight
09/16 07:36:09 AM:    _text_field_embedder.model.encoder.layer.9.output.LayerNorm.bias
09/16 07:36:09 AM:    _text_field_embedder.model.encoder.layer.9.output.LayerNorm.weight
09/16 07:36:09 AM:    _text_field_embedder.model.encoder.layer.9.output.dense.bias
09/16 07:36:09 AM:    _text_field_embedder.model.encoder.layer.9.output.dense.weight
09/16 07:36:09 AM:    _text_field_embedder.model.pooler.dense.bias
09/16 07:36:09 AM:    _text_field_embedder.model.pooler.dense.weight
09/16 07:36:09 AM:    _text_field_embedder.scalar_mix.gamma
09/16 07:36:09 AM:    _text_field_embedder.scalar_mix.scalar_parameters.0
09/16 07:36:09 AM:    _text_field_embedder.scalar_mix.scalar_parameters.1
09/16 07:36:09 AM:    _text_field_embedder.scalar_mix.scalar_parameters.10
09/16 07:36:09 AM:    _text_field_embedder.scalar_mix.scalar_parameters.11
09/16 07:36:09 AM:    _text_field_embedder.scalar_mix.scalar_parameters.12
09/16 07:36:09 AM:    _text_field_embedder.scalar_mix.scalar_parameters.2
09/16 07:36:09 AM:    _text_field_embedder.scalar_mix.scalar_parameters.3
09/16 07:36:09 AM:    _text_field_embedder.scalar_mix.scalar_parameters.4
09/16 07:36:09 AM:    _text_field_embedder.scalar_mix.scalar_parameters.5
09/16 07:36:09 AM:    _text_field_embedder.scalar_mix.scalar_parameters.6
09/16 07:36:09 AM:    _text_field_embedder.scalar_mix.scalar_parameters.7
09/16 07:36:09 AM:    _text_field_embedder.scalar_mix.scalar_parameters.8
09/16 07:36:09 AM:    _text_field_embedder.scalar_mix.scalar_parameters.9
09/16 07:36:09 AM: 	Task 'edges-rel-semeval' params: {
  "cls_type": "mlp",
  "d_hid": 256,
  "pool_type": "first",
  "d_proj": 512,
  "shared_pair_attn": 0,
  "attn": 0,
  "d_hid_attn": 512,
  "dropout": 0.3,
  "cls_loss_fn": "sigmoid",
  "cls_span_pooling": "attn",
  "edgeprobe_cnn_context": 0,
  "edgeprobe_symmetric": 0,
  "use_classifier": "edges-rel-semeval"
}
09/16 07:36:13 AM: Model specification:
09/16 07:36:13 AM: MultiTaskModel(
  (sent_encoder): SentenceEncoder(
    (_text_field_embedder): BertEmbedderModule(
      (model): BertModel(
        (embeddings): BertEmbeddings(
          (word_embeddings): Embedding(30522, 768, padding_idx=0)
          (position_embeddings): Embedding(512, 768)
          (token_type_embeddings): Embedding(2, 768)
          (LayerNorm): LayerNorm(torch.Size([768]), eps=1e-12, elementwise_affine=True)
          (dropout): Dropout(p=0.1)
        )
        (encoder): BertEncoder(
          (layer): ModuleList(
            (0): BertLayer(
              (attention): BertAttention(
                (self): BertSelfAttention(
                  (query): Linear(in_features=768, out_features=768, bias=True)
                  (key): Linear(in_features=768, out_features=768, bias=True)
                  (value): Linear(in_features=768, out_features=768, bias=True)
                  (dropout): Dropout(p=0.1)
                )
                (output): BertSelfOutput(
                  (dense): Linear(in_features=768, out_features=768, bias=True)
                  (LayerNorm): LayerNorm(torch.Size([768]), eps=1e-12, elementwise_affine=True)
                  (dropout): Dropout(p=0.1)
                )
              )
              (intermediate): BertIntermediate(
                (dense): Linear(in_features=768, out_features=3072, bias=True)
              )
              (output): BertOutput(
                (dense): Linear(in_features=3072, out_features=768, bias=True)
                (LayerNorm): LayerNorm(torch.Size([768]), eps=1e-12, elementwise_affine=True)
                (dropout): Dropout(p=0.1)
              )
            )
            (1): BertLayer(
              (attention): BertAttention(
                (self): BertSelfAttention(
                  (query): Linear(in_features=768, out_features=768, bias=True)
                  (key): Linear(in_features=768, out_features=768, bias=True)
                  (value): Linear(in_features=768, out_features=768, bias=True)
                  (dropout): Dropout(p=0.1)
                )
                (output): BertSelfOutput(
                  (dense): Linear(in_features=768, out_features=768, bias=True)
                  (LayerNorm): LayerNorm(torch.Size([768]), eps=1e-12, elementwise_affine=True)
                  (dropout): Dropout(p=0.1)
                )
              )
              (intermediate): BertIntermediate(
                (dense): Linear(in_features=768, out_features=3072, bias=True)
              )
              (output): BertOutput(
                (dense): Linear(in_features=3072, out_features=768, bias=True)
                (LayerNorm): LayerNorm(torch.Size([768]), eps=1e-12, elementwise_affine=True)
                (dropout): Dropout(p=0.1)
              )
            )
            (2): BertLayer(
              (attention): BertAttention(
                (self): BertSelfAttention(
                  (query): Linear(in_features=768, out_features=768, bias=True)
                  (key): Linear(in_features=768, out_features=768, bias=True)
                  (value): Linear(in_features=768, out_features=768, bias=True)
                  (dropout): Dropout(p=0.1)
                )
                (output): BertSelfOutput(
                  (dense): Linear(in_features=768, out_features=768, bias=True)
                  (LayerNorm): LayerNorm(torch.Size([768]), eps=1e-12, elementwise_affine=True)
                  (dropout): Dropout(p=0.1)
                )
              )
              (intermediate): BertIntermediate(
                (dense): Linear(in_features=768, out_features=3072, bias=True)
              )
              (output): BertOutput(
                (dense): Linear(in_features=3072, out_features=768, bias=True)
                (LayerNorm): LayerNorm(torch.Size([768]), eps=1e-12, elementwise_affine=True)
                (dropout): Dropout(p=0.1)
              )
            )
            (3): BertLayer(
              (attention): BertAttention(
                (self): BertSelfAttention(
                  (query): Linear(in_features=768, out_features=768, bias=True)
                  (key): Linear(in_features=768, out_features=768, bias=True)
                  (value): Linear(in_features=768, out_features=768, bias=True)
                  (dropout): Dropout(p=0.1)
                )
                (output): BertSelfOutput(
                  (dense): Linear(in_features=768, out_features=768, bias=True)
                  (LayerNorm): LayerNorm(torch.Size([768]), eps=1e-12, elementwise_affine=True)
                  (dropout): Dropout(p=0.1)
                )
              )
              (intermediate): BertIntermediate(
                (dense): Linear(in_features=768, out_features=3072, bias=True)
              )
              (output): BertOutput(
                (dense): Linear(in_features=3072, out_features=768, bias=True)
                (LayerNorm): LayerNorm(torch.Size([768]), eps=1e-12, elementwise_affine=True)
                (dropout): Dropout(p=0.1)
              )
            )
            (4): BertLayer(
              (attention): BertAttention(
                (self): BertSelfAttention(
                  (query): Linear(in_features=768, out_features=768, bias=True)
                  (key): Linear(in_features=768, out_features=768, bias=True)
                  (value): Linear(in_features=768, out_features=768, bias=True)
                  (dropout): Dropout(p=0.1)
                )
                (output): BertSelfOutput(
                  (dense): Linear(in_features=768, out_features=768, bias=True)
                  (LayerNorm): LayerNorm(torch.Size([768]), eps=1e-12, elementwise_affine=True)
                  (dropout): Dropout(p=0.1)
                )
              )
              (intermediate): BertIntermediate(
                (dense): Linear(in_features=768, out_features=3072, bias=True)
              )
              (output): BertOutput(
                (dense): Linear(in_features=3072, out_features=768, bias=True)
                (LayerNorm): LayerNorm(torch.Size([768]), eps=1e-12, elementwise_affine=True)
                (dropout): Dropout(p=0.1)
              )
            )
            (5): BertLayer(
              (attention): BertAttention(
                (self): BertSelfAttention(
                  (query): Linear(in_features=768, out_features=768, bias=True)
                  (key): Linear(in_features=768, out_features=768, bias=True)
                  (value): Linear(in_features=768, out_features=768, bias=True)
                  (dropout): Dropout(p=0.1)
                )
                (output): BertSelfOutput(
                  (dense): Linear(in_features=768, out_features=768, bias=True)
                  (LayerNorm): LayerNorm(torch.Size([768]), eps=1e-12, elementwise_affine=True)
                  (dropout): Dropout(p=0.1)
                )
              )
              (intermediate): BertIntermediate(
                (dense): Linear(in_features=768, out_features=3072, bias=True)
              )
              (output): BertOutput(
                (dense): Linear(in_features=3072, out_features=768, bias=True)
                (LayerNorm): LayerNorm(torch.Size([768]), eps=1e-12, elementwise_affine=True)
                (dropout): Dropout(p=0.1)
              )
            )
            (6): BertLayer(
              (attention): BertAttention(
                (self): BertSelfAttention(
                  (query): Linear(in_features=768, out_features=768, bias=True)
                  (key): Linear(in_features=768, out_features=768, bias=True)
                  (value): Linear(in_features=768, out_features=768, bias=True)
                  (dropout): Dropout(p=0.1)
                )
                (output): BertSelfOutput(
                  (dense): Linear(in_features=768, out_features=768, bias=True)
                  (LayerNorm): LayerNorm(torch.Size([768]), eps=1e-12, elementwise_affine=True)
                  (dropout): Dropout(p=0.1)
                )
              )
              (intermediate): BertIntermediate(
                (dense): Linear(in_features=768, out_features=3072, bias=True)
              )
              (output): BertOutput(
                (dense): Linear(in_features=3072, out_features=768, bias=True)
                (LayerNorm): LayerNorm(torch.Size([768]), eps=1e-12, elementwise_affine=True)
                (dropout): Dropout(p=0.1)
              )
            )
            (7): BertLayer(
              (attention): BertAttention(
                (self): BertSelfAttention(
                  (query): Linear(in_features=768, out_features=768, bias=True)
                  (key): Linear(in_features=768, out_features=768, bias=True)
                  (value): Linear(in_features=768, out_features=768, bias=True)
                  (dropout): Dropout(p=0.1)
                )
                (output): BertSelfOutput(
                  (dense): Linear(in_features=768, out_features=768, bias=True)
                  (LayerNorm): LayerNorm(torch.Size([768]), eps=1e-12, elementwise_affine=True)
                  (dropout): Dropout(p=0.1)
                )
              )
              (intermediate): BertIntermediate(
                (dense): Linear(in_features=768, out_features=3072, bias=True)
              )
              (output): BertOutput(
                (dense): Linear(in_features=3072, out_features=768, bias=True)
                (LayerNorm): LayerNorm(torch.Size([768]), eps=1e-12, elementwise_affine=True)
                (dropout): Dropout(p=0.1)
              )
            )
            (8): BertLayer(
              (attention): BertAttention(
                (self): BertSelfAttention(
                  (query): Linear(in_features=768, out_features=768, bias=True)
                  (key): Linear(in_features=768, out_features=768, bias=True)
                  (value): Linear(in_features=768, out_features=768, bias=True)
                  (dropout): Dropout(p=0.1)
                )
                (output): BertSelfOutput(
                  (dense): Linear(in_features=768, out_features=768, bias=True)
                  (LayerNorm): LayerNorm(torch.Size([768]), eps=1e-12, elementwise_affine=True)
                  (dropout): Dropout(p=0.1)
                )
              )
              (intermediate): BertIntermediate(
                (dense): Linear(in_features=768, out_features=3072, bias=True)
              )
              (output): BertOutput(
                (dense): Linear(in_features=3072, out_features=768, bias=True)
                (LayerNorm): LayerNorm(torch.Size([768]), eps=1e-12, elementwise_affine=True)
                (dropout): Dropout(p=0.1)
              )
            )
            (9): BertLayer(
              (attention): BertAttention(
                (self): BertSelfAttention(
                  (query): Linear(in_features=768, out_features=768, bias=True)
                  (key): Linear(in_features=768, out_features=768, bias=True)
                  (value): Linear(in_features=768, out_features=768, bias=True)
                  (dropout): Dropout(p=0.1)
                )
                (output): BertSelfOutput(
                  (dense): Linear(in_features=768, out_features=768, bias=True)
                  (LayerNorm): LayerNorm(torch.Size([768]), eps=1e-12, elementwise_affine=True)
                  (dropout): Dropout(p=0.1)
                )
              )
              (intermediate): BertIntermediate(
                (dense): Linear(in_features=768, out_features=3072, bias=True)
              )
              (output): BertOutput(
                (dense): Linear(in_features=3072, out_features=768, bias=True)
                (LayerNorm): LayerNorm(torch.Size([768]), eps=1e-12, elementwise_affine=True)
                (dropout): Dropout(p=0.1)
              )
            )
            (10): BertLayer(
              (attention): BertAttention(
                (self): BertSelfAttention(
                  (query): Linear(in_features=768, out_features=768, bias=True)
                  (key): Linear(in_features=768, out_features=768, bias=True)
                  (value): Linear(in_features=768, out_features=768, bias=True)
                  (dropout): Dropout(p=0.1)
                )
                (output): BertSelfOutput(
                  (dense): Linear(in_features=768, out_features=768, bias=True)
                  (LayerNorm): LayerNorm(torch.Size([768]), eps=1e-12, elementwise_affine=True)
                  (dropout): Dropout(p=0.1)
                )
              )
              (intermediate): BertIntermediate(
                (dense): Linear(in_features=768, out_features=3072, bias=True)
              )
              (output): BertOutput(
                (dense): Linear(in_features=3072, out_features=768, bias=True)
                (LayerNorm): LayerNorm(torch.Size([768]), eps=1e-12, elementwise_affine=True)
                (dropout): Dropout(p=0.1)
              )
            )
            (11): BertLayer(
              (attention): BertAttention(
                (self): BertSelfAttention(
                  (query): Linear(in_features=768, out_features=768, bias=True)
                  (key): Linear(in_features=768, out_features=768, bias=True)
                  (value): Linear(in_features=768, out_features=768, bias=True)
                  (dropout): Dropout(p=0.1)
                )
                (output): BertSelfOutput(
                  (dense): Linear(in_features=768, out_features=768, bias=True)
                  (LayerNorm): LayerNorm(torch.Size([768]), eps=1e-12, elementwise_affine=True)
                  (dropout): Dropout(p=0.1)
                )
              )
              (intermediate): BertIntermediate(
                (dense): Linear(in_features=768, out_features=3072, bias=True)
              )
              (output): BertOutput(
                (dense): Linear(in_features=3072, out_features=768, bias=True)
                (LayerNorm): LayerNorm(torch.Size([768]), eps=1e-12, elementwise_affine=True)
                (dropout): Dropout(p=0.1)
              )
            )
          )
        )
        (pooler): BertPooler(
          (dense): Linear(in_features=768, out_features=768, bias=True)
          (activation): Tanh()
        )
      )
      (scalar_mix): ScalarMix(
        (scalar_parameters): ParameterList(
            (0): Parameter containing: [torch.cuda.FloatTensor of size 1 (GPU 0)]
            (1): Parameter containing: [torch.cuda.FloatTensor of size 1 (GPU 0)]
            (2): Parameter containing: [torch.cuda.FloatTensor of size 1 (GPU 0)]
            (3): Parameter containing: [torch.cuda.FloatTensor of size 1 (GPU 0)]
            (4): Parameter containing: [torch.cuda.FloatTensor of size 1 (GPU 0)]
            (5): Parameter containing: [torch.cuda.FloatTensor of size 1 (GPU 0)]
            (6): Parameter containing: [torch.cuda.FloatTensor of size 1 (GPU 0)]
            (7): Parameter containing: [torch.cuda.FloatTensor of size 1 (GPU 0)]
            (8): Parameter containing: [torch.cuda.FloatTensor of size 1 (GPU 0)]
            (9): Parameter containing: [torch.cuda.FloatTensor of size 1 (GPU 0)]
            (10): Parameter containing: [torch.cuda.FloatTensor of size 1 (GPU 0)]
            (11): Parameter containing: [torch.cuda.FloatTensor of size 1 (GPU 0)]
            (12): Parameter containing: [torch.cuda.FloatTensor of size 1 (GPU 0)]
        )
      )
    )
    (_highway_layer): TimeDistributed(
      (_module): Highway(
        (_layers): ModuleList()
      )
    )
    (_phrase_layer): NullPhraseLayer()
    (_dropout): Dropout(p=0.2)
  )
  (edges-rel-semeval_mdl): EdgeClassifierModule(
    (proj1): Conv1d(768, 256, kernel_size=(1,), stride=(1,))
    (proj2): Conv1d(768, 256, kernel_size=(1,), stride=(1,))
    (span_extractor1): EndpointSpanExtractor()
    (span_extractor2): EndpointSpanExtractor()
    (classifier): Classifier(
      (classifier): Sequential(
        (0): Linear(in_features=1024, out_features=256, bias=True)
        (1): Tanh()
        (2): LayerNorm(torch.Size([256]), eps=1e-05, elementwise_affine=True)
        (3): Dropout(p=0.3)
        (4): Linear(in_features=256, out_features=19, bias=True)
      )
    )
  )
)
09/16 07:36:13 AM: Model parameters:
09/16 07:36:13 AM: 	sent_encoder._text_field_embedder.model.embeddings.word_embeddings.weight: Non-trainable parameter, count 23440896 with torch.Size([30522, 768])
09/16 07:36:13 AM: 	sent_encoder._text_field_embedder.model.embeddings.position_embeddings.weight: Non-trainable parameter, count 393216 with torch.Size([512, 768])
09/16 07:36:13 AM: 	sent_encoder._text_field_embedder.model.embeddings.token_type_embeddings.weight: Non-trainable parameter, count 1536 with torch.Size([2, 768])
09/16 07:36:13 AM: 	sent_encoder._text_field_embedder.model.embeddings.LayerNorm.weight: Non-trainable parameter, count 768 with torch.Size([768])
09/16 07:36:13 AM: 	sent_encoder._text_field_embedder.model.embeddings.LayerNorm.bias: Non-trainable parameter, count 768 with torch.Size([768])
09/16 07:36:13 AM: 	sent_encoder._text_field_embedder.model.encoder.layer.0.attention.self.query.weight: Non-trainable parameter, count 589824 with torch.Size([768, 768])
09/16 07:36:13 AM: 	sent_encoder._text_field_embedder.model.encoder.layer.0.attention.self.query.bias: Non-trainable parameter, count 768 with torch.Size([768])
09/16 07:36:13 AM: 	sent_encoder._text_field_embedder.model.encoder.layer.0.attention.self.key.weight: Non-trainable parameter, count 589824 with torch.Size([768, 768])
09/16 07:36:13 AM: 	sent_encoder._text_field_embedder.model.encoder.layer.0.attention.self.key.bias: Non-trainable parameter, count 768 with torch.Size([768])
09/16 07:36:13 AM: 	sent_encoder._text_field_embedder.model.encoder.layer.0.attention.self.value.weight: Non-trainable parameter, count 589824 with torch.Size([768, 768])
09/16 07:36:13 AM: 	sent_encoder._text_field_embedder.model.encoder.layer.0.attention.self.value.bias: Non-trainable parameter, count 768 with torch.Size([768])
09/16 07:36:13 AM: 	sent_encoder._text_field_embedder.model.encoder.layer.0.attention.output.dense.weight: Non-trainable parameter, count 589824 with torch.Size([768, 768])
09/16 07:36:13 AM: 	sent_encoder._text_field_embedder.model.encoder.layer.0.attention.output.dense.bias: Non-trainable parameter, count 768 with torch.Size([768])
09/16 07:36:13 AM: 	sent_encoder._text_field_embedder.model.encoder.layer.0.attention.output.LayerNorm.weight: Non-trainable parameter, count 768 with torch.Size([768])
09/16 07:36:13 AM: 	sent_encoder._text_field_embedder.model.encoder.layer.0.attention.output.LayerNorm.bias: Non-trainable parameter, count 768 with torch.Size([768])
09/16 07:36:13 AM: 	sent_encoder._text_field_embedder.model.encoder.layer.0.intermediate.dense.weight: Non-trainable parameter, count 2359296 with torch.Size([3072, 768])
09/16 07:36:13 AM: 	sent_encoder._text_field_embedder.model.encoder.layer.0.intermediate.dense.bias: Non-trainable parameter, count 3072 with torch.Size([3072])
09/16 07:36:13 AM: 	sent_encoder._text_field_embedder.model.encoder.layer.0.output.dense.weight: Non-trainable parameter, count 2359296 with torch.Size([768, 3072])
09/16 07:36:13 AM: 	sent_encoder._text_field_embedder.model.encoder.layer.0.output.dense.bias: Non-trainable parameter, count 768 with torch.Size([768])
09/16 07:36:13 AM: 	sent_encoder._text_field_embedder.model.encoder.layer.0.output.LayerNorm.weight: Non-trainable parameter, count 768 with torch.Size([768])
09/16 07:36:13 AM: 	sent_encoder._text_field_embedder.model.encoder.layer.0.output.LayerNorm.bias: Non-trainable parameter, count 768 with torch.Size([768])
09/16 07:36:13 AM: 	sent_encoder._text_field_embedder.model.encoder.layer.1.attention.self.query.weight: Non-trainable parameter, count 589824 with torch.Size([768, 768])
09/16 07:36:13 AM: 	sent_encoder._text_field_embedder.model.encoder.layer.1.attention.self.query.bias: Non-trainable parameter, count 768 with torch.Size([768])
09/16 07:36:13 AM: 	sent_encoder._text_field_embedder.model.encoder.layer.1.attention.self.key.weight: Non-trainable parameter, count 589824 with torch.Size([768, 768])
09/16 07:36:13 AM: 	sent_encoder._text_field_embedder.model.encoder.layer.1.attention.self.key.bias: Non-trainable parameter, count 768 with torch.Size([768])
09/16 07:36:13 AM: 	sent_encoder._text_field_embedder.model.encoder.layer.1.attention.self.value.weight: Non-trainable parameter, count 589824 with torch.Size([768, 768])
09/16 07:36:13 AM: 	sent_encoder._text_field_embedder.model.encoder.layer.1.attention.self.value.bias: Non-trainable parameter, count 768 with torch.Size([768])
09/16 07:36:13 AM: 	sent_encoder._text_field_embedder.model.encoder.layer.1.attention.output.dense.weight: Non-trainable parameter, count 589824 with torch.Size([768, 768])
09/16 07:36:13 AM: 	sent_encoder._text_field_embedder.model.encoder.layer.1.attention.output.dense.bias: Non-trainable parameter, count 768 with torch.Size([768])
09/16 07:36:13 AM: 	sent_encoder._text_field_embedder.model.encoder.layer.1.attention.output.LayerNorm.weight: Non-trainable parameter, count 768 with torch.Size([768])
09/16 07:36:13 AM: 	sent_encoder._text_field_embedder.model.encoder.layer.1.attention.output.LayerNorm.bias: Non-trainable parameter, count 768 with torch.Size([768])
09/16 07:36:13 AM: 	sent_encoder._text_field_embedder.model.encoder.layer.1.intermediate.dense.weight: Non-trainable parameter, count 2359296 with torch.Size([3072, 768])
09/16 07:36:13 AM: 	sent_encoder._text_field_embedder.model.encoder.layer.1.intermediate.dense.bias: Non-trainable parameter, count 3072 with torch.Size([3072])
09/16 07:36:13 AM: 	sent_encoder._text_field_embedder.model.encoder.layer.1.output.dense.weight: Non-trainable parameter, count 2359296 with torch.Size([768, 3072])
09/16 07:36:13 AM: 	sent_encoder._text_field_embedder.model.encoder.layer.1.output.dense.bias: Non-trainable parameter, count 768 with torch.Size([768])
09/16 07:36:13 AM: 	sent_encoder._text_field_embedder.model.encoder.layer.1.output.LayerNorm.weight: Non-trainable parameter, count 768 with torch.Size([768])
09/16 07:36:13 AM: 	sent_encoder._text_field_embedder.model.encoder.layer.1.output.LayerNorm.bias: Non-trainable parameter, count 768 with torch.Size([768])
09/16 07:36:13 AM: 	sent_encoder._text_field_embedder.model.encoder.layer.2.attention.self.query.weight: Non-trainable parameter, count 589824 with torch.Size([768, 768])
09/16 07:36:13 AM: 	sent_encoder._text_field_embedder.model.encoder.layer.2.attention.self.query.bias: Non-trainable parameter, count 768 with torch.Size([768])
09/16 07:36:13 AM: 	sent_encoder._text_field_embedder.model.encoder.layer.2.attention.self.key.weight: Non-trainable parameter, count 589824 with torch.Size([768, 768])
09/16 07:36:13 AM: 	sent_encoder._text_field_embedder.model.encoder.layer.2.attention.self.key.bias: Non-trainable parameter, count 768 with torch.Size([768])
09/16 07:36:13 AM: 	sent_encoder._text_field_embedder.model.encoder.layer.2.attention.self.value.weight: Non-trainable parameter, count 589824 with torch.Size([768, 768])
09/16 07:36:13 AM: 	sent_encoder._text_field_embedder.model.encoder.layer.2.attention.self.value.bias: Non-trainable parameter, count 768 with torch.Size([768])
09/16 07:36:13 AM: 	sent_encoder._text_field_embedder.model.encoder.layer.2.attention.output.dense.weight: Non-trainable parameter, count 589824 with torch.Size([768, 768])
09/16 07:36:13 AM: 	sent_encoder._text_field_embedder.model.encoder.layer.2.attention.output.dense.bias: Non-trainable parameter, count 768 with torch.Size([768])
09/16 07:36:13 AM: 	sent_encoder._text_field_embedder.model.encoder.layer.2.attention.output.LayerNorm.weight: Non-trainable parameter, count 768 with torch.Size([768])
09/16 07:36:13 AM: 	sent_encoder._text_field_embedder.model.encoder.layer.2.attention.output.LayerNorm.bias: Non-trainable parameter, count 768 with torch.Size([768])
09/16 07:36:13 AM: 	sent_encoder._text_field_embedder.model.encoder.layer.2.intermediate.dense.weight: Non-trainable parameter, count 2359296 with torch.Size([3072, 768])
09/16 07:36:13 AM: 	sent_encoder._text_field_embedder.model.encoder.layer.2.intermediate.dense.bias: Non-trainable parameter, count 3072 with torch.Size([3072])
09/16 07:36:13 AM: 	sent_encoder._text_field_embedder.model.encoder.layer.2.output.dense.weight: Non-trainable parameter, count 2359296 with torch.Size([768, 3072])
09/16 07:36:13 AM: 	sent_encoder._text_field_embedder.model.encoder.layer.2.output.dense.bias: Non-trainable parameter, count 768 with torch.Size([768])
09/16 07:36:13 AM: 	sent_encoder._text_field_embedder.model.encoder.layer.2.output.LayerNorm.weight: Non-trainable parameter, count 768 with torch.Size([768])
09/16 07:36:13 AM: 	sent_encoder._text_field_embedder.model.encoder.layer.2.output.LayerNorm.bias: Non-trainable parameter, count 768 with torch.Size([768])
09/16 07:36:13 AM: 	sent_encoder._text_field_embedder.model.encoder.layer.3.attention.self.query.weight: Non-trainable parameter, count 589824 with torch.Size([768, 768])
09/16 07:36:13 AM: 	sent_encoder._text_field_embedder.model.encoder.layer.3.attention.self.query.bias: Non-trainable parameter, count 768 with torch.Size([768])
09/16 07:36:13 AM: 	sent_encoder._text_field_embedder.model.encoder.layer.3.attention.self.key.weight: Non-trainable parameter, count 589824 with torch.Size([768, 768])
09/16 07:36:13 AM: 	sent_encoder._text_field_embedder.model.encoder.layer.3.attention.self.key.bias: Non-trainable parameter, count 768 with torch.Size([768])
09/16 07:36:13 AM: 	sent_encoder._text_field_embedder.model.encoder.layer.3.attention.self.value.weight: Non-trainable parameter, count 589824 with torch.Size([768, 768])
09/16 07:36:13 AM: 	sent_encoder._text_field_embedder.model.encoder.layer.3.attention.self.value.bias: Non-trainable parameter, count 768 with torch.Size([768])
09/16 07:36:13 AM: 	sent_encoder._text_field_embedder.model.encoder.layer.3.attention.output.dense.weight: Non-trainable parameter, count 589824 with torch.Size([768, 768])
09/16 07:36:13 AM: 	sent_encoder._text_field_embedder.model.encoder.layer.3.attention.output.dense.bias: Non-trainable parameter, count 768 with torch.Size([768])
09/16 07:36:13 AM: 	sent_encoder._text_field_embedder.model.encoder.layer.3.attention.output.LayerNorm.weight: Non-trainable parameter, count 768 with torch.Size([768])
09/16 07:36:13 AM: 	sent_encoder._text_field_embedder.model.encoder.layer.3.attention.output.LayerNorm.bias: Non-trainable parameter, count 768 with torch.Size([768])
09/16 07:36:13 AM: 	sent_encoder._text_field_embedder.model.encoder.layer.3.intermediate.dense.weight: Non-trainable parameter, count 2359296 with torch.Size([3072, 768])
09/16 07:36:13 AM: 	sent_encoder._text_field_embedder.model.encoder.layer.3.intermediate.dense.bias: Non-trainable parameter, count 3072 with torch.Size([3072])
09/16 07:36:13 AM: 	sent_encoder._text_field_embedder.model.encoder.layer.3.output.dense.weight: Non-trainable parameter, count 2359296 with torch.Size([768, 3072])
09/16 07:36:13 AM: 	sent_encoder._text_field_embedder.model.encoder.layer.3.output.dense.bias: Non-trainable parameter, count 768 with torch.Size([768])
09/16 07:36:13 AM: 	sent_encoder._text_field_embedder.model.encoder.layer.3.output.LayerNorm.weight: Non-trainable parameter, count 768 with torch.Size([768])
09/16 07:36:13 AM: 	sent_encoder._text_field_embedder.model.encoder.layer.3.output.LayerNorm.bias: Non-trainable parameter, count 768 with torch.Size([768])
09/16 07:36:13 AM: 	sent_encoder._text_field_embedder.model.encoder.layer.4.attention.self.query.weight: Non-trainable parameter, count 589824 with torch.Size([768, 768])
09/16 07:36:13 AM: 	sent_encoder._text_field_embedder.model.encoder.layer.4.attention.self.query.bias: Non-trainable parameter, count 768 with torch.Size([768])
09/16 07:36:13 AM: 	sent_encoder._text_field_embedder.model.encoder.layer.4.attention.self.key.weight: Non-trainable parameter, count 589824 with torch.Size([768, 768])
09/16 07:36:13 AM: 	sent_encoder._text_field_embedder.model.encoder.layer.4.attention.self.key.bias: Non-trainable parameter, count 768 with torch.Size([768])
09/16 07:36:13 AM: 	sent_encoder._text_field_embedder.model.encoder.layer.4.attention.self.value.weight: Non-trainable parameter, count 589824 with torch.Size([768, 768])
09/16 07:36:13 AM: 	sent_encoder._text_field_embedder.model.encoder.layer.4.attention.self.value.bias: Non-trainable parameter, count 768 with torch.Size([768])
09/16 07:36:13 AM: 	sent_encoder._text_field_embedder.model.encoder.layer.4.attention.output.dense.weight: Non-trainable parameter, count 589824 with torch.Size([768, 768])
09/16 07:36:13 AM: 	sent_encoder._text_field_embedder.model.encoder.layer.4.attention.output.dense.bias: Non-trainable parameter, count 768 with torch.Size([768])
09/16 07:36:13 AM: 	sent_encoder._text_field_embedder.model.encoder.layer.4.attention.output.LayerNorm.weight: Non-trainable parameter, count 768 with torch.Size([768])
09/16 07:36:13 AM: 	sent_encoder._text_field_embedder.model.encoder.layer.4.attention.output.LayerNorm.bias: Non-trainable parameter, count 768 with torch.Size([768])
09/16 07:36:13 AM: 	sent_encoder._text_field_embedder.model.encoder.layer.4.intermediate.dense.weight: Non-trainable parameter, count 2359296 with torch.Size([3072, 768])
09/16 07:36:13 AM: 	sent_encoder._text_field_embedder.model.encoder.layer.4.intermediate.dense.bias: Non-trainable parameter, count 3072 with torch.Size([3072])
09/16 07:36:13 AM: 	sent_encoder._text_field_embedder.model.encoder.layer.4.output.dense.weight: Non-trainable parameter, count 2359296 with torch.Size([768, 3072])
09/16 07:36:13 AM: 	sent_encoder._text_field_embedder.model.encoder.layer.4.output.dense.bias: Non-trainable parameter, count 768 with torch.Size([768])
09/16 07:36:13 AM: 	sent_encoder._text_field_embedder.model.encoder.layer.4.output.LayerNorm.weight: Non-trainable parameter, count 768 with torch.Size([768])
09/16 07:36:13 AM: 	sent_encoder._text_field_embedder.model.encoder.layer.4.output.LayerNorm.bias: Non-trainable parameter, count 768 with torch.Size([768])
09/16 07:36:13 AM: 	sent_encoder._text_field_embedder.model.encoder.layer.5.attention.self.query.weight: Non-trainable parameter, count 589824 with torch.Size([768, 768])
09/16 07:36:13 AM: 	sent_encoder._text_field_embedder.model.encoder.layer.5.attention.self.query.bias: Non-trainable parameter, count 768 with torch.Size([768])
09/16 07:36:13 AM: 	sent_encoder._text_field_embedder.model.encoder.layer.5.attention.self.key.weight: Non-trainable parameter, count 589824 with torch.Size([768, 768])
09/16 07:36:13 AM: 	sent_encoder._text_field_embedder.model.encoder.layer.5.attention.self.key.bias: Non-trainable parameter, count 768 with torch.Size([768])
09/16 07:36:13 AM: 	sent_encoder._text_field_embedder.model.encoder.layer.5.attention.self.value.weight: Non-trainable parameter, count 589824 with torch.Size([768, 768])
09/16 07:36:13 AM: 	sent_encoder._text_field_embedder.model.encoder.layer.5.attention.self.value.bias: Non-trainable parameter, count 768 with torch.Size([768])
09/16 07:36:13 AM: 	sent_encoder._text_field_embedder.model.encoder.layer.5.attention.output.dense.weight: Non-trainable parameter, count 589824 with torch.Size([768, 768])
09/16 07:36:13 AM: 	sent_encoder._text_field_embedder.model.encoder.layer.5.attention.output.dense.bias: Non-trainable parameter, count 768 with torch.Size([768])
09/16 07:36:13 AM: 	sent_encoder._text_field_embedder.model.encoder.layer.5.attention.output.LayerNorm.weight: Non-trainable parameter, count 768 with torch.Size([768])
09/16 07:36:13 AM: 	sent_encoder._text_field_embedder.model.encoder.layer.5.attention.output.LayerNorm.bias: Non-trainable parameter, count 768 with torch.Size([768])
09/16 07:36:13 AM: 	sent_encoder._text_field_embedder.model.encoder.layer.5.intermediate.dense.weight: Non-trainable parameter, count 2359296 with torch.Size([3072, 768])
09/16 07:36:13 AM: 	sent_encoder._text_field_embedder.model.encoder.layer.5.intermediate.dense.bias: Non-trainable parameter, count 3072 with torch.Size([3072])
09/16 07:36:13 AM: 	sent_encoder._text_field_embedder.model.encoder.layer.5.output.dense.weight: Non-trainable parameter, count 2359296 with torch.Size([768, 3072])
09/16 07:36:13 AM: 	sent_encoder._text_field_embedder.model.encoder.layer.5.output.dense.bias: Non-trainable parameter, count 768 with torch.Size([768])
09/16 07:36:13 AM: 	sent_encoder._text_field_embedder.model.encoder.layer.5.output.LayerNorm.weight: Non-trainable parameter, count 768 with torch.Size([768])
09/16 07:36:13 AM: 	sent_encoder._text_field_embedder.model.encoder.layer.5.output.LayerNorm.bias: Non-trainable parameter, count 768 with torch.Size([768])
09/16 07:36:13 AM: 	sent_encoder._text_field_embedder.model.encoder.layer.6.attention.self.query.weight: Non-trainable parameter, count 589824 with torch.Size([768, 768])
09/16 07:36:13 AM: 	sent_encoder._text_field_embedder.model.encoder.layer.6.attention.self.query.bias: Non-trainable parameter, count 768 with torch.Size([768])
09/16 07:36:13 AM: 	sent_encoder._text_field_embedder.model.encoder.layer.6.attention.self.key.weight: Non-trainable parameter, count 589824 with torch.Size([768, 768])
09/16 07:36:13 AM: 	sent_encoder._text_field_embedder.model.encoder.layer.6.attention.self.key.bias: Non-trainable parameter, count 768 with torch.Size([768])
09/16 07:36:13 AM: 	sent_encoder._text_field_embedder.model.encoder.layer.6.attention.self.value.weight: Non-trainable parameter, count 589824 with torch.Size([768, 768])
09/16 07:36:13 AM: 	sent_encoder._text_field_embedder.model.encoder.layer.6.attention.self.value.bias: Non-trainable parameter, count 768 with torch.Size([768])
09/16 07:36:13 AM: 	sent_encoder._text_field_embedder.model.encoder.layer.6.attention.output.dense.weight: Non-trainable parameter, count 589824 with torch.Size([768, 768])
09/16 07:36:13 AM: 	sent_encoder._text_field_embedder.model.encoder.layer.6.attention.output.dense.bias: Non-trainable parameter, count 768 with torch.Size([768])
09/16 07:36:13 AM: 	sent_encoder._text_field_embedder.model.encoder.layer.6.attention.output.LayerNorm.weight: Non-trainable parameter, count 768 with torch.Size([768])
09/16 07:36:13 AM: 	sent_encoder._text_field_embedder.model.encoder.layer.6.attention.output.LayerNorm.bias: Non-trainable parameter, count 768 with torch.Size([768])
09/16 07:36:13 AM: 	sent_encoder._text_field_embedder.model.encoder.layer.6.intermediate.dense.weight: Non-trainable parameter, count 2359296 with torch.Size([3072, 768])
09/16 07:36:13 AM: 	sent_encoder._text_field_embedder.model.encoder.layer.6.intermediate.dense.bias: Non-trainable parameter, count 3072 with torch.Size([3072])
09/16 07:36:13 AM: 	sent_encoder._text_field_embedder.model.encoder.layer.6.output.dense.weight: Non-trainable parameter, count 2359296 with torch.Size([768, 3072])
09/16 07:36:13 AM: 	sent_encoder._text_field_embedder.model.encoder.layer.6.output.dense.bias: Non-trainable parameter, count 768 with torch.Size([768])
09/16 07:36:13 AM: 	sent_encoder._text_field_embedder.model.encoder.layer.6.output.LayerNorm.weight: Non-trainable parameter, count 768 with torch.Size([768])
09/16 07:36:13 AM: 	sent_encoder._text_field_embedder.model.encoder.layer.6.output.LayerNorm.bias: Non-trainable parameter, count 768 with torch.Size([768])
09/16 07:36:13 AM: 	sent_encoder._text_field_embedder.model.encoder.layer.7.attention.self.query.weight: Non-trainable parameter, count 589824 with torch.Size([768, 768])
09/16 07:36:13 AM: 	sent_encoder._text_field_embedder.model.encoder.layer.7.attention.self.query.bias: Non-trainable parameter, count 768 with torch.Size([768])
09/16 07:36:13 AM: 	sent_encoder._text_field_embedder.model.encoder.layer.7.attention.self.key.weight: Non-trainable parameter, count 589824 with torch.Size([768, 768])
09/16 07:36:13 AM: 	sent_encoder._text_field_embedder.model.encoder.layer.7.attention.self.key.bias: Non-trainable parameter, count 768 with torch.Size([768])
09/16 07:36:13 AM: 	sent_encoder._text_field_embedder.model.encoder.layer.7.attention.self.value.weight: Non-trainable parameter, count 589824 with torch.Size([768, 768])
09/16 07:36:13 AM: 	sent_encoder._text_field_embedder.model.encoder.layer.7.attention.self.value.bias: Non-trainable parameter, count 768 with torch.Size([768])
09/16 07:36:13 AM: 	sent_encoder._text_field_embedder.model.encoder.layer.7.attention.output.dense.weight: Non-trainable parameter, count 589824 with torch.Size([768, 768])
09/16 07:36:13 AM: 	sent_encoder._text_field_embedder.model.encoder.layer.7.attention.output.dense.bias: Non-trainable parameter, count 768 with torch.Size([768])
09/16 07:36:13 AM: 	sent_encoder._text_field_embedder.model.encoder.layer.7.attention.output.LayerNorm.weight: Non-trainable parameter, count 768 with torch.Size([768])
09/16 07:36:13 AM: 	sent_encoder._text_field_embedder.model.encoder.layer.7.attention.output.LayerNorm.bias: Non-trainable parameter, count 768 with torch.Size([768])
09/16 07:36:13 AM: 	sent_encoder._text_field_embedder.model.encoder.layer.7.intermediate.dense.weight: Non-trainable parameter, count 2359296 with torch.Size([3072, 768])
09/16 07:36:13 AM: 	sent_encoder._text_field_embedder.model.encoder.layer.7.intermediate.dense.bias: Non-trainable parameter, count 3072 with torch.Size([3072])
09/16 07:36:13 AM: 	sent_encoder._text_field_embedder.model.encoder.layer.7.output.dense.weight: Non-trainable parameter, count 2359296 with torch.Size([768, 3072])
09/16 07:36:13 AM: 	sent_encoder._text_field_embedder.model.encoder.layer.7.output.dense.bias: Non-trainable parameter, count 768 with torch.Size([768])
09/16 07:36:13 AM: 	sent_encoder._text_field_embedder.model.encoder.layer.7.output.LayerNorm.weight: Non-trainable parameter, count 768 with torch.Size([768])
09/16 07:36:13 AM: 	sent_encoder._text_field_embedder.model.encoder.layer.7.output.LayerNorm.bias: Non-trainable parameter, count 768 with torch.Size([768])
09/16 07:36:13 AM: 	sent_encoder._text_field_embedder.model.encoder.layer.8.attention.self.query.weight: Non-trainable parameter, count 589824 with torch.Size([768, 768])
09/16 07:36:13 AM: 	sent_encoder._text_field_embedder.model.encoder.layer.8.attention.self.query.bias: Non-trainable parameter, count 768 with torch.Size([768])
09/16 07:36:13 AM: 	sent_encoder._text_field_embedder.model.encoder.layer.8.attention.self.key.weight: Non-trainable parameter, count 589824 with torch.Size([768, 768])
09/16 07:36:13 AM: 	sent_encoder._text_field_embedder.model.encoder.layer.8.attention.self.key.bias: Non-trainable parameter, count 768 with torch.Size([768])
09/16 07:36:13 AM: 	sent_encoder._text_field_embedder.model.encoder.layer.8.attention.self.value.weight: Non-trainable parameter, count 589824 with torch.Size([768, 768])
09/16 07:36:13 AM: 	sent_encoder._text_field_embedder.model.encoder.layer.8.attention.self.value.bias: Non-trainable parameter, count 768 with torch.Size([768])
09/16 07:36:13 AM: 	sent_encoder._text_field_embedder.model.encoder.layer.8.attention.output.dense.weight: Non-trainable parameter, count 589824 with torch.Size([768, 768])
09/16 07:36:13 AM: 	sent_encoder._text_field_embedder.model.encoder.layer.8.attention.output.dense.bias: Non-trainable parameter, count 768 with torch.Size([768])
09/16 07:36:13 AM: 	sent_encoder._text_field_embedder.model.encoder.layer.8.attention.output.LayerNorm.weight: Non-trainable parameter, count 768 with torch.Size([768])
09/16 07:36:13 AM: 	sent_encoder._text_field_embedder.model.encoder.layer.8.attention.output.LayerNorm.bias: Non-trainable parameter, count 768 with torch.Size([768])
09/16 07:36:13 AM: 	sent_encoder._text_field_embedder.model.encoder.layer.8.intermediate.dense.weight: Non-trainable parameter, count 2359296 with torch.Size([3072, 768])
09/16 07:36:13 AM: 	sent_encoder._text_field_embedder.model.encoder.layer.8.intermediate.dense.bias: Non-trainable parameter, count 3072 with torch.Size([3072])
09/16 07:36:13 AM: 	sent_encoder._text_field_embedder.model.encoder.layer.8.output.dense.weight: Non-trainable parameter, count 2359296 with torch.Size([768, 3072])
09/16 07:36:13 AM: 	sent_encoder._text_field_embedder.model.encoder.layer.8.output.dense.bias: Non-trainable parameter, count 768 with torch.Size([768])
09/16 07:36:13 AM: 	sent_encoder._text_field_embedder.model.encoder.layer.8.output.LayerNorm.weight: Non-trainable parameter, count 768 with torch.Size([768])
09/16 07:36:13 AM: 	sent_encoder._text_field_embedder.model.encoder.layer.8.output.LayerNorm.bias: Non-trainable parameter, count 768 with torch.Size([768])
09/16 07:36:13 AM: 	sent_encoder._text_field_embedder.model.encoder.layer.9.attention.self.query.weight: Non-trainable parameter, count 589824 with torch.Size([768, 768])
09/16 07:36:13 AM: 	sent_encoder._text_field_embedder.model.encoder.layer.9.attention.self.query.bias: Non-trainable parameter, count 768 with torch.Size([768])
09/16 07:36:13 AM: 	sent_encoder._text_field_embedder.model.encoder.layer.9.attention.self.key.weight: Non-trainable parameter, count 589824 with torch.Size([768, 768])
09/16 07:36:13 AM: 	sent_encoder._text_field_embedder.model.encoder.layer.9.attention.self.key.bias: Non-trainable parameter, count 768 with torch.Size([768])
09/16 07:36:13 AM: 	sent_encoder._text_field_embedder.model.encoder.layer.9.attention.self.value.weight: Non-trainable parameter, count 589824 with torch.Size([768, 768])
09/16 07:36:13 AM: 	sent_encoder._text_field_embedder.model.encoder.layer.9.attention.self.value.bias: Non-trainable parameter, count 768 with torch.Size([768])
09/16 07:36:13 AM: 	sent_encoder._text_field_embedder.model.encoder.layer.9.attention.output.dense.weight: Non-trainable parameter, count 589824 with torch.Size([768, 768])
09/16 07:36:13 AM: 	sent_encoder._text_field_embedder.model.encoder.layer.9.attention.output.dense.bias: Non-trainable parameter, count 768 with torch.Size([768])
09/16 07:36:13 AM: 	sent_encoder._text_field_embedder.model.encoder.layer.9.attention.output.LayerNorm.weight: Non-trainable parameter, count 768 with torch.Size([768])
09/16 07:36:13 AM: 	sent_encoder._text_field_embedder.model.encoder.layer.9.attention.output.LayerNorm.bias: Non-trainable parameter, count 768 with torch.Size([768])
09/16 07:36:13 AM: 	sent_encoder._text_field_embedder.model.encoder.layer.9.intermediate.dense.weight: Non-trainable parameter, count 2359296 with torch.Size([3072, 768])
09/16 07:36:13 AM: 	sent_encoder._text_field_embedder.model.encoder.layer.9.intermediate.dense.bias: Non-trainable parameter, count 3072 with torch.Size([3072])
09/16 07:36:13 AM: 	sent_encoder._text_field_embedder.model.encoder.layer.9.output.dense.weight: Non-trainable parameter, count 2359296 with torch.Size([768, 3072])
09/16 07:36:13 AM: 	sent_encoder._text_field_embedder.model.encoder.layer.9.output.dense.bias: Non-trainable parameter, count 768 with torch.Size([768])
09/16 07:36:13 AM: 	sent_encoder._text_field_embedder.model.encoder.layer.9.output.LayerNorm.weight: Non-trainable parameter, count 768 with torch.Size([768])
09/16 07:36:13 AM: 	sent_encoder._text_field_embedder.model.encoder.layer.9.output.LayerNorm.bias: Non-trainable parameter, count 768 with torch.Size([768])
09/16 07:36:13 AM: 	sent_encoder._text_field_embedder.model.encoder.layer.10.attention.self.query.weight: Non-trainable parameter, count 589824 with torch.Size([768, 768])
09/16 07:36:13 AM: 	sent_encoder._text_field_embedder.model.encoder.layer.10.attention.self.query.bias: Non-trainable parameter, count 768 with torch.Size([768])
09/16 07:36:13 AM: 	sent_encoder._text_field_embedder.model.encoder.layer.10.attention.self.key.weight: Non-trainable parameter, count 589824 with torch.Size([768, 768])
09/16 07:36:13 AM: 	sent_encoder._text_field_embedder.model.encoder.layer.10.attention.self.key.bias: Non-trainable parameter, count 768 with torch.Size([768])
09/16 07:36:13 AM: 	sent_encoder._text_field_embedder.model.encoder.layer.10.attention.self.value.weight: Non-trainable parameter, count 589824 with torch.Size([768, 768])
09/16 07:36:13 AM: 	sent_encoder._text_field_embedder.model.encoder.layer.10.attention.self.value.bias: Non-trainable parameter, count 768 with torch.Size([768])
09/16 07:36:13 AM: 	sent_encoder._text_field_embedder.model.encoder.layer.10.attention.output.dense.weight: Non-trainable parameter, count 589824 with torch.Size([768, 768])
09/16 07:36:13 AM: 	sent_encoder._text_field_embedder.model.encoder.layer.10.attention.output.dense.bias: Non-trainable parameter, count 768 with torch.Size([768])
09/16 07:36:13 AM: 	sent_encoder._text_field_embedder.model.encoder.layer.10.attention.output.LayerNorm.weight: Non-trainable parameter, count 768 with torch.Size([768])
09/16 07:36:13 AM: 	sent_encoder._text_field_embedder.model.encoder.layer.10.attention.output.LayerNorm.bias: Non-trainable parameter, count 768 with torch.Size([768])
09/16 07:36:13 AM: 	sent_encoder._text_field_embedder.model.encoder.layer.10.intermediate.dense.weight: Non-trainable parameter, count 2359296 with torch.Size([3072, 768])
09/16 07:36:13 AM: 	sent_encoder._text_field_embedder.model.encoder.layer.10.intermediate.dense.bias: Non-trainable parameter, count 3072 with torch.Size([3072])
09/16 07:36:13 AM: 	sent_encoder._text_field_embedder.model.encoder.layer.10.output.dense.weight: Non-trainable parameter, count 2359296 with torch.Size([768, 3072])
09/16 07:36:13 AM: 	sent_encoder._text_field_embedder.model.encoder.layer.10.output.dense.bias: Non-trainable parameter, count 768 with torch.Size([768])
09/16 07:36:13 AM: 	sent_encoder._text_field_embedder.model.encoder.layer.10.output.LayerNorm.weight: Non-trainable parameter, count 768 with torch.Size([768])
09/16 07:36:13 AM: 	sent_encoder._text_field_embedder.model.encoder.layer.10.output.LayerNorm.bias: Non-trainable parameter, count 768 with torch.Size([768])
09/16 07:36:13 AM: 	sent_encoder._text_field_embedder.model.encoder.layer.11.attention.self.query.weight: Non-trainable parameter, count 589824 with torch.Size([768, 768])
09/16 07:36:13 AM: 	sent_encoder._text_field_embedder.model.encoder.layer.11.attention.self.query.bias: Non-trainable parameter, count 768 with torch.Size([768])
09/16 07:36:13 AM: 	sent_encoder._text_field_embedder.model.encoder.layer.11.attention.self.key.weight: Non-trainable parameter, count 589824 with torch.Size([768, 768])
09/16 07:36:13 AM: 	sent_encoder._text_field_embedder.model.encoder.layer.11.attention.self.key.bias: Non-trainable parameter, count 768 with torch.Size([768])
09/16 07:36:13 AM: 	sent_encoder._text_field_embedder.model.encoder.layer.11.attention.self.value.weight: Non-trainable parameter, count 589824 with torch.Size([768, 768])
09/16 07:36:13 AM: 	sent_encoder._text_field_embedder.model.encoder.layer.11.attention.self.value.bias: Non-trainable parameter, count 768 with torch.Size([768])
09/16 07:36:13 AM: 	sent_encoder._text_field_embedder.model.encoder.layer.11.attention.output.dense.weight: Non-trainable parameter, count 589824 with torch.Size([768, 768])
09/16 07:36:13 AM: 	sent_encoder._text_field_embedder.model.encoder.layer.11.attention.output.dense.bias: Non-trainable parameter, count 768 with torch.Size([768])
09/16 07:36:13 AM: 	sent_encoder._text_field_embedder.model.encoder.layer.11.attention.output.LayerNorm.weight: Non-trainable parameter, count 768 with torch.Size([768])
09/16 07:36:13 AM: 	sent_encoder._text_field_embedder.model.encoder.layer.11.attention.output.LayerNorm.bias: Non-trainable parameter, count 768 with torch.Size([768])
09/16 07:36:13 AM: 	sent_encoder._text_field_embedder.model.encoder.layer.11.intermediate.dense.weight: Non-trainable parameter, count 2359296 with torch.Size([3072, 768])
09/16 07:36:13 AM: 	sent_encoder._text_field_embedder.model.encoder.layer.11.intermediate.dense.bias: Non-trainable parameter, count 3072 with torch.Size([3072])
09/16 07:36:13 AM: 	sent_encoder._text_field_embedder.model.encoder.layer.11.output.dense.weight: Non-trainable parameter, count 2359296 with torch.Size([768, 3072])
09/16 07:36:13 AM: 	sent_encoder._text_field_embedder.model.encoder.layer.11.output.dense.bias: Non-trainable parameter, count 768 with torch.Size([768])
09/16 07:36:13 AM: 	sent_encoder._text_field_embedder.model.encoder.layer.11.output.LayerNorm.weight: Non-trainable parameter, count 768 with torch.Size([768])
09/16 07:36:13 AM: 	sent_encoder._text_field_embedder.model.encoder.layer.11.output.LayerNorm.bias: Non-trainable parameter, count 768 with torch.Size([768])
09/16 07:36:13 AM: 	sent_encoder._text_field_embedder.model.pooler.dense.weight: Non-trainable parameter, count 589824 with torch.Size([768, 768])
09/16 07:36:13 AM: 	sent_encoder._text_field_embedder.model.pooler.dense.bias: Non-trainable parameter, count 768 with torch.Size([768])
09/16 07:36:13 AM: 	sent_encoder._text_field_embedder.scalar_mix.gamma: Trainable parameter, count 1 with torch.Size([1])
09/16 07:36:13 AM: 	sent_encoder._text_field_embedder.scalar_mix.scalar_parameters.0: Trainable parameter, count 1 with torch.Size([1])
09/16 07:36:13 AM: 	sent_encoder._text_field_embedder.scalar_mix.scalar_parameters.1: Trainable parameter, count 1 with torch.Size([1])
09/16 07:36:13 AM: 	sent_encoder._text_field_embedder.scalar_mix.scalar_parameters.2: Trainable parameter, count 1 with torch.Size([1])
09/16 07:36:13 AM: 	sent_encoder._text_field_embedder.scalar_mix.scalar_parameters.3: Trainable parameter, count 1 with torch.Size([1])
09/16 07:36:13 AM: 	sent_encoder._text_field_embedder.scalar_mix.scalar_parameters.4: Trainable parameter, count 1 with torch.Size([1])
09/16 07:36:13 AM: 	sent_encoder._text_field_embedder.scalar_mix.scalar_parameters.5: Trainable parameter, count 1 with torch.Size([1])
09/16 07:36:13 AM: 	sent_encoder._text_field_embedder.scalar_mix.scalar_parameters.6: Trainable parameter, count 1 with torch.Size([1])
09/16 07:36:13 AM: 	sent_encoder._text_field_embedder.scalar_mix.scalar_parameters.7: Trainable parameter, count 1 with torch.Size([1])
09/16 07:36:13 AM: 	sent_encoder._text_field_embedder.scalar_mix.scalar_parameters.8: Trainable parameter, count 1 with torch.Size([1])
09/16 07:36:13 AM: 	sent_encoder._text_field_embedder.scalar_mix.scalar_parameters.9: Trainable parameter, count 1 with torch.Size([1])
09/16 07:36:13 AM: 	sent_encoder._text_field_embedder.scalar_mix.scalar_parameters.10: Trainable parameter, count 1 with torch.Size([1])
09/16 07:36:13 AM: 	sent_encoder._text_field_embedder.scalar_mix.scalar_parameters.11: Trainable parameter, count 1 with torch.Size([1])
09/16 07:36:13 AM: 	sent_encoder._text_field_embedder.scalar_mix.scalar_parameters.12: Trainable parameter, count 1 with torch.Size([1])
09/16 07:36:13 AM: 	edges-rel-semeval_mdl.proj1.weight: Trainable parameter, count 196608 with torch.Size([256, 768, 1])
09/16 07:36:13 AM: 	edges-rel-semeval_mdl.proj1.bias: Trainable parameter, count 256 with torch.Size([256])
09/16 07:36:13 AM: 	edges-rel-semeval_mdl.proj2.weight: Trainable parameter, count 196608 with torch.Size([256, 768, 1])
09/16 07:36:13 AM: 	edges-rel-semeval_mdl.proj2.bias: Trainable parameter, count 256 with torch.Size([256])
09/16 07:36:13 AM: 	edges-rel-semeval_mdl.classifier.classifier.0.weight: Trainable parameter, count 262144 with torch.Size([256, 1024])
09/16 07:36:13 AM: 	edges-rel-semeval_mdl.classifier.classifier.0.bias: Trainable parameter, count 256 with torch.Size([256])
09/16 07:36:13 AM: 	edges-rel-semeval_mdl.classifier.classifier.2.weight: Trainable parameter, count 256 with torch.Size([256])
09/16 07:36:13 AM: 	edges-rel-semeval_mdl.classifier.classifier.2.bias: Trainable parameter, count 256 with torch.Size([256])
09/16 07:36:13 AM: 	edges-rel-semeval_mdl.classifier.classifier.4.weight: Trainable parameter, count 4864 with torch.Size([19, 256])
09/16 07:36:13 AM: 	edges-rel-semeval_mdl.classifier.classifier.4.bias: Trainable parameter, count 19 with torch.Size([19])
09/16 07:36:13 AM: Total number of parameters: 110143777 (1.10144e+08)
09/16 07:36:13 AM: Number of trainable parameters: 661537 (661537)
09/16 07:36:13 AM: Finished building model in 89.674s
09/16 07:36:13 AM: Will run the following steps for this experiment:
Re-training model for individual target tasks 
Evaluating model on tasks: edges-rel-semeval 

09/16 07:36:14 AM: patience = 9
09/16 07:36:14 AM: val_interval = 100
09/16 07:36:14 AM: max_vals = 100
09/16 07:36:14 AM: cuda_device = 0
09/16 07:36:14 AM: grad_norm = 5.0
09/16 07:36:14 AM: grad_clipping = None
09/16 07:36:14 AM: lr_decay = 0.99
09/16 07:36:14 AM: min_lr = 1e-06
09/16 07:36:14 AM: keep_all_checkpoints = 0
09/16 07:36:14 AM: val_data_limit = 5000
09/16 07:36:14 AM: max_epochs = -1
09/16 07:36:14 AM: dec_val_scale = 250
09/16 07:36:14 AM: training_data_fraction = 1
09/16 07:36:14 AM: type = adam
09/16 07:36:14 AM: parameter_groups = None
09/16 07:36:14 AM: Number of trainable parameters: 661537
09/16 07:36:14 AM: infer_type_and_cast = True
09/16 07:36:14 AM: Converting Params object to dict; logging of default values will not occur when dictionary parameters are used subsequently.
09/16 07:36:14 AM: CURRENTLY DEFINED PARAMETERS: 
09/16 07:36:14 AM: lr = 0.0001
09/16 07:36:14 AM: amsgrad = True
09/16 07:36:14 AM: type = reduce_on_plateau
09/16 07:36:14 AM: Converting Params object to dict; logging of default values will not occur when dictionary parameters are used subsequently.
09/16 07:36:14 AM: CURRENTLY DEFINED PARAMETERS: 
09/16 07:36:14 AM: mode = max
09/16 07:36:14 AM: factor = 0.5
09/16 07:36:14 AM: patience = 3
09/16 07:36:14 AM: threshold = 0.0001
09/16 07:36:14 AM: threshold_mode = abs
09/16 07:36:14 AM: verbose = True
09/16 07:36:14 AM: type = adam
09/16 07:36:14 AM: parameter_groups = None
09/16 07:36:14 AM: Number of trainable parameters: 661537
09/16 07:36:14 AM: infer_type_and_cast = True
09/16 07:36:14 AM: Converting Params object to dict; logging of default values will not occur when dictionary parameters are used subsequently.
09/16 07:36:14 AM: CURRENTLY DEFINED PARAMETERS: 
09/16 07:36:14 AM: lr = 0.0001
09/16 07:36:14 AM: amsgrad = True
09/16 07:36:14 AM: type = reduce_on_plateau
09/16 07:36:14 AM: Converting Params object to dict; logging of default values will not occur when dictionary parameters are used subsequently.
09/16 07:36:14 AM: CURRENTLY DEFINED PARAMETERS: 
09/16 07:36:14 AM: mode = max
09/16 07:36:14 AM: factor = 0.5
09/16 07:36:14 AM: patience = 3
09/16 07:36:14 AM: threshold = 0.0001
09/16 07:36:14 AM: threshold_mode = abs
09/16 07:36:14 AM: verbose = True
09/16 07:36:14 AM: Starting training without restoring from a checkpoint.
09/16 07:36:14 AM: Training examples per task, before any subsampling: {'edges-rel-semeval': 6851}
09/16 07:36:14 AM: Beginning training with stopping criteria based on metric: edges-rel-semeval_f1
09/16 07:36:20 AM: ***** Step 100 / Validation 1 *****
09/16 07:36:20 AM: edges-rel-semeval: trained on 100 batches, 0.465 epochs
09/16 07:36:20 AM: Validating...
09/16 07:36:23 AM: Best result seen so far for edges-rel-semeval.
09/16 07:36:23 AM: Best result seen so far for micro.
09/16 07:36:23 AM: Best result seen so far for macro.
09/16 07:36:23 AM: Updating LR scheduler:
09/16 07:36:23 AM: 	Best result seen so far for macro_avg: 0.000
09/16 07:36:23 AM: 	# validation passes without improvement: 0
09/16 07:36:23 AM: edges-rel-semeval_loss: training: 0.246494 validation: 0.194766
09/16 07:36:23 AM: macro_avg: validation: 0.000000
09/16 07:36:23 AM: micro_avg: validation: 0.000000
09/16 07:36:23 AM: edges-rel-semeval_mcc: training: 0.009564 validation: 0.000000
09/16 07:36:23 AM: edges-rel-semeval_acc: training: 0.000631 validation: 0.000000
09/16 07:36:23 AM: edges-rel-semeval_precision: training: 0.072022 validation: 0.000000
09/16 07:36:23 AM: edges-rel-semeval_recall: training: 0.016399 validation: 0.000000
09/16 07:36:23 AM: edges-rel-semeval_f1: training: 0.026715 validation: 0.000000
09/16 07:36:23 AM: Global learning rate: 0.0001
09/16 07:36:23 AM: Saving checkpoints to: ./experiments/rel-semeval-RANDOM_WITH_GOOD_EMBEDDINGS-mix/run
09/16 07:36:24 AM: Update 114: task edges-rel-semeval, batch 14 (114): mcc: 0.0000, acc: 0.0000, precision: 0.0000, recall: 0.0000, f1: 0.0000, edges-rel-semeval_loss: 0.2021
09/16 07:36:29 AM: ***** Step 200 / Validation 2 *****
09/16 07:36:29 AM: edges-rel-semeval: trained on 100 batches, 0.465 epochs
09/16 07:36:29 AM: Validating...
09/16 07:36:31 AM: Updating LR scheduler:
09/16 07:36:31 AM: 	Best result seen so far for macro_avg: 0.000
09/16 07:36:31 AM: 	# validation passes without improvement: 1
09/16 07:36:31 AM: edges-rel-semeval_loss: training: 0.197390 validation: 0.190253
09/16 07:36:31 AM: macro_avg: validation: 0.000000
09/16 07:36:31 AM: micro_avg: validation: 0.000000
09/16 07:36:31 AM: edges-rel-semeval_mcc: training: 0.000000 validation: 0.000000
09/16 07:36:31 AM: edges-rel-semeval_acc: training: 0.000000 validation: 0.000000
09/16 07:36:31 AM: edges-rel-semeval_precision: training: 0.000000 validation: 0.000000
09/16 07:36:31 AM: edges-rel-semeval_recall: training: 0.000000 validation: 0.000000
09/16 07:36:31 AM: edges-rel-semeval_f1: training: 0.000000 validation: 0.000000
09/16 07:36:31 AM: Global learning rate: 0.0001
09/16 07:36:31 AM: Saving checkpoints to: ./experiments/rel-semeval-RANDOM_WITH_GOOD_EMBEDDINGS-mix/run
09/16 07:36:34 AM: Update 238: task edges-rel-semeval, batch 38 (238): mcc: 0.0000, acc: 0.0000, precision: 0.0000, recall: 0.0000, f1: 0.0000, edges-rel-semeval_loss: 0.1910
09/16 07:36:37 AM: ***** Step 300 / Validation 3 *****
09/16 07:36:37 AM: edges-rel-semeval: trained on 100 batches, 0.465 epochs
09/16 07:36:38 AM: Validating...
09/16 07:36:40 AM: Updating LR scheduler:
09/16 07:36:40 AM: 	Best result seen so far for macro_avg: 0.000
09/16 07:36:40 AM: 	# validation passes without improvement: 2
09/16 07:36:40 AM: edges-rel-semeval_loss: training: 0.192712 validation: 0.187509
09/16 07:36:40 AM: macro_avg: validation: 0.000000
09/16 07:36:40 AM: micro_avg: validation: 0.000000
09/16 07:36:40 AM: edges-rel-semeval_mcc: training: 0.000000 validation: 0.000000
09/16 07:36:40 AM: edges-rel-semeval_acc: training: 0.000000 validation: 0.000000
09/16 07:36:40 AM: edges-rel-semeval_precision: training: 0.000000 validation: 0.000000
09/16 07:36:40 AM: edges-rel-semeval_recall: training: 0.000000 validation: 0.000000
09/16 07:36:40 AM: edges-rel-semeval_f1: training: 0.000000 validation: 0.000000
09/16 07:36:40 AM: Global learning rate: 0.0001
09/16 07:36:40 AM: Saving checkpoints to: ./experiments/rel-semeval-RANDOM_WITH_GOOD_EMBEDDINGS-mix/run
09/16 07:36:44 AM: Update 363: task edges-rel-semeval, batch 63 (363): mcc: 0.0000, acc: 0.0000, precision: 0.0000, recall: 0.0000, f1: 0.0000, edges-rel-semeval_loss: 0.1895
09/16 07:36:46 AM: ***** Step 400 / Validation 4 *****
09/16 07:36:46 AM: edges-rel-semeval: trained on 100 batches, 0.465 epochs
09/16 07:36:46 AM: Validating...
09/16 07:36:49 AM: Updating LR scheduler:
09/16 07:36:49 AM: 	Best result seen so far for macro_avg: 0.000
09/16 07:36:49 AM: 	# validation passes without improvement: 3
09/16 07:36:49 AM: edges-rel-semeval_loss: training: 0.188104 validation: 0.184009
09/16 07:36:49 AM: macro_avg: validation: 0.000000
09/16 07:36:49 AM: micro_avg: validation: 0.000000
09/16 07:36:49 AM: edges-rel-semeval_mcc: training: 0.042079 validation: 0.000000
09/16 07:36:49 AM: edges-rel-semeval_acc: training: 0.004375 validation: 0.000000
09/16 07:36:49 AM: edges-rel-semeval_precision: training: 0.482759 validation: 0.000000
09/16 07:36:49 AM: edges-rel-semeval_recall: training: 0.004375 validation: 0.000000
09/16 07:36:49 AM: edges-rel-semeval_f1: training: 0.008671 validation: 0.000000
09/16 07:36:49 AM: Global learning rate: 0.0001
09/16 07:36:49 AM: Saving checkpoints to: ./experiments/rel-semeval-RANDOM_WITH_GOOD_EMBEDDINGS-mix/run
09/16 07:36:54 AM: Update 475: task edges-rel-semeval, batch 75 (475): mcc: 0.0145, acc: 0.0008, precision: 0.3333, recall: 0.0008, f1: 0.0017, edges-rel-semeval_loss: 0.1874
09/16 07:36:55 AM: ***** Step 500 / Validation 5 *****
09/16 07:36:55 AM: edges-rel-semeval: trained on 100 batches, 0.465 epochs
09/16 07:36:55 AM: Validating...
09/16 07:36:58 AM: Best result seen so far for edges-rel-semeval.
09/16 07:36:58 AM: Best result seen so far for macro.
09/16 07:36:58 AM: Updating LR scheduler:
09/16 07:36:58 AM: 	Best result seen so far for macro_avg: 0.002
09/16 07:36:58 AM: 	# validation passes without improvement: 0
09/16 07:36:58 AM: edges-rel-semeval_loss: training: 0.187440 validation: 0.182445
09/16 07:36:58 AM: macro_avg: validation: 0.001739
09/16 07:36:58 AM: micro_avg: validation: 0.000000
09/16 07:36:58 AM: edges-rel-semeval_mcc: training: 0.011252 validation: 0.028715
09/16 07:36:58 AM: edges-rel-semeval_acc: training: 0.000631 validation: 0.000870
09/16 07:36:58 AM: edges-rel-semeval_precision: training: 0.285714 validation: 1.000000
09/16 07:36:58 AM: edges-rel-semeval_recall: training: 0.000631 validation: 0.000870
09/16 07:36:58 AM: edges-rel-semeval_f1: training: 0.001259 validation: 0.001739
09/16 07:36:58 AM: Global learning rate: 0.0001
09/16 07:36:58 AM: Saving checkpoints to: ./experiments/rel-semeval-RANDOM_WITH_GOOD_EMBEDDINGS-mix/run
09/16 07:37:04 AM: ***** Step 600 / Validation 6 *****
09/16 07:37:04 AM: edges-rel-semeval: trained on 100 batches, 0.465 epochs
09/16 07:37:04 AM: Validating...
09/16 07:37:04 AM: Evaluate: task edges-rel-semeval, batch 2 (36): mcc: 0.0000, acc: 0.0000, precision: 0.0000, recall: 0.0000, f1: 0.0000, edges-rel-semeval_loss: 0.1818
09/16 07:37:06 AM: Updating LR scheduler:
09/16 07:37:06 AM: 	Best result seen so far for macro_avg: 0.002
09/16 07:37:06 AM: 	# validation passes without improvement: 1
09/16 07:37:06 AM: edges-rel-semeval_loss: training: 0.183336 validation: 0.180053
09/16 07:37:06 AM: macro_avg: validation: 0.001739
09/16 07:37:06 AM: micro_avg: validation: 0.000000
09/16 07:37:06 AM: edges-rel-semeval_mcc: training: 0.055975 validation: 0.028715
09/16 07:37:06 AM: edges-rel-semeval_acc: training: 0.008125 validation: 0.000870
09/16 07:37:06 AM: edges-rel-semeval_precision: training: 0.464286 validation: 1.000000
09/16 07:37:06 AM: edges-rel-semeval_recall: training: 0.008125 validation: 0.000870
09/16 07:37:06 AM: edges-rel-semeval_f1: training: 0.015971 validation: 0.001739
09/16 07:37:06 AM: Global learning rate: 0.0001
09/16 07:37:06 AM: Saving checkpoints to: ./experiments/rel-semeval-RANDOM_WITH_GOOD_EMBEDDINGS-mix/run
09/16 07:37:13 AM: ***** Step 700 / Validation 7 *****
09/16 07:37:13 AM: edges-rel-semeval: trained on 100 batches, 0.465 epochs
09/16 07:37:13 AM: Validating...
09/16 07:37:14 AM: Evaluate: task edges-rel-semeval, batch 19 (36): mcc: 0.0790, acc: 0.0066, precision: 1.0000, recall: 0.0066, f1: 0.0131, edges-rel-semeval_loss: 0.1763
09/16 07:37:15 AM: Best result seen so far for edges-rel-semeval.
09/16 07:37:15 AM: Best result seen so far for macro.
09/16 07:37:15 AM: Updating LR scheduler:
09/16 07:37:15 AM: 	Best result seen so far for macro_avg: 0.016
09/16 07:37:15 AM: 	# validation passes without improvement: 0
09/16 07:37:15 AM: edges-rel-semeval_loss: training: 0.178008 validation: 0.175861
09/16 07:37:15 AM: macro_avg: validation: 0.015544
09/16 07:37:15 AM: micro_avg: validation: 0.000000
09/16 07:37:15 AM: edges-rel-semeval_mcc: training: 0.071785 validation: 0.086161
09/16 07:37:15 AM: edges-rel-semeval_acc: training: 0.011984 validation: 0.007833
09/16 07:37:15 AM: edges-rel-semeval_precision: training: 0.506667 validation: 1.000000
09/16 07:37:15 AM: edges-rel-semeval_recall: training: 0.011984 validation: 0.007833
09/16 07:37:15 AM: edges-rel-semeval_f1: training: 0.023413 validation: 0.015544
09/16 07:37:15 AM: Global learning rate: 0.0001
09/16 07:37:15 AM: Saving checkpoints to: ./experiments/rel-semeval-RANDOM_WITH_GOOD_EMBEDDINGS-mix/run
09/16 07:37:21 AM: ***** Step 800 / Validation 8 *****
09/16 07:37:21 AM: edges-rel-semeval: trained on 100 batches, 0.465 epochs
09/16 07:37:21 AM: Validating...
09/16 07:37:23 AM: Best result seen so far for edges-rel-semeval.
09/16 07:37:23 AM: Best result seen so far for macro.
09/16 07:37:23 AM: Updating LR scheduler:
09/16 07:37:23 AM: 	Best result seen so far for macro_avg: 0.047
09/16 07:37:23 AM: 	# validation passes without improvement: 0
09/16 07:37:23 AM: edges-rel-semeval_loss: training: 0.176483 validation: 0.173337
09/16 07:37:23 AM: macro_avg: validation: 0.047417
09/16 07:37:23 AM: micro_avg: validation: 0.000000
09/16 07:37:23 AM: edges-rel-semeval_mcc: training: 0.101934 validation: 0.141104
09/16 07:37:23 AM: edges-rel-semeval_acc: training: 0.018750 validation: 0.024369
09/16 07:37:23 AM: edges-rel-semeval_precision: training: 0.625000 validation: 0.875000
09/16 07:37:23 AM: edges-rel-semeval_recall: training: 0.018750 validation: 0.024369
09/16 07:37:23 AM: edges-rel-semeval_f1: training: 0.036408 validation: 0.047417
09/16 07:37:23 AM: Global learning rate: 0.0001
09/16 07:37:23 AM: Saving checkpoints to: ./experiments/rel-semeval-RANDOM_WITH_GOOD_EMBEDDINGS-mix/run
09/16 07:37:24 AM: Update 813: task edges-rel-semeval, batch 13 (813): mcc: 0.0926, acc: 0.0192, precision: 0.4737, recall: 0.0216, f1: 0.0414, edges-rel-semeval_loss: 0.1741
09/16 07:37:29 AM: ***** Step 900 / Validation 9 *****
09/16 07:37:29 AM: edges-rel-semeval: trained on 100 batches, 0.465 epochs
09/16 07:37:29 AM: Validating...
09/16 07:37:32 AM: Best result seen so far for edges-rel-semeval.
09/16 07:37:32 AM: Best result seen so far for macro.
09/16 07:37:32 AM: Updating LR scheduler:
09/16 07:37:32 AM: 	Best result seen so far for macro_avg: 0.056
09/16 07:37:32 AM: 	# validation passes without improvement: 0
09/16 07:37:32 AM: edges-rel-semeval_loss: training: 0.172214 validation: 0.172082
09/16 07:37:32 AM: macro_avg: validation: 0.055696
09/16 07:37:32 AM: micro_avg: validation: 0.000000
09/16 07:37:32 AM: edges-rel-semeval_mcc: training: 0.115066 validation: 0.157261
09/16 07:37:32 AM: edges-rel-semeval_acc: training: 0.024283 validation: 0.028721
09/16 07:37:32 AM: edges-rel-semeval_precision: training: 0.603053 validation: 0.916667
09/16 07:37:32 AM: edges-rel-semeval_recall: training: 0.024913 validation: 0.028721
09/16 07:37:32 AM: edges-rel-semeval_f1: training: 0.047850 validation: 0.055696
09/16 07:37:32 AM: Global learning rate: 0.0001
09/16 07:37:32 AM: Saving checkpoints to: ./experiments/rel-semeval-RANDOM_WITH_GOOD_EMBEDDINGS-mix/run
09/16 07:37:34 AM: Update 927: task edges-rel-semeval, batch 27 (927): mcc: 0.1380, acc: 0.0278, precision: 0.7500, recall: 0.0278, f1: 0.0536, edges-rel-semeval_loss: 0.1688
09/16 07:37:39 AM: ***** Step 1000 / Validation 10 *****
09/16 07:37:39 AM: edges-rel-semeval: trained on 100 batches, 0.465 epochs
09/16 07:37:39 AM: Validating...
09/16 07:37:42 AM: Best result seen so far for edges-rel-semeval.
09/16 07:37:42 AM: Best result seen so far for macro.
09/16 07:37:42 AM: Updating LR scheduler:
09/16 07:37:42 AM: 	Best result seen so far for macro_avg: 0.064
09/16 07:37:42 AM: 	# validation passes without improvement: 0
09/16 07:37:42 AM: edges-rel-semeval_loss: training: 0.169796 validation: 0.170106
09/16 07:37:42 AM: macro_avg: validation: 0.063812
09/16 07:37:42 AM: micro_avg: validation: 0.000000
09/16 07:37:42 AM: edges-rel-semeval_mcc: training: 0.141209 validation: 0.167544
09/16 07:37:42 AM: edges-rel-semeval_acc: training: 0.032188 validation: 0.033072
09/16 07:37:42 AM: edges-rel-semeval_precision: training: 0.686667 validation: 0.904762
09/16 07:37:42 AM: edges-rel-semeval_recall: training: 0.032187 validation: 0.033072
09/16 07:37:42 AM: edges-rel-semeval_f1: training: 0.061493 validation: 0.063812
09/16 07:37:42 AM: Global learning rate: 0.0001
09/16 07:37:42 AM: Saving checkpoints to: ./experiments/rel-semeval-RANDOM_WITH_GOOD_EMBEDDINGS-mix/run
09/16 07:37:44 AM: Update 1034: task edges-rel-semeval, batch 34 (1034): mcc: 0.1509, acc: 0.0368, precision: 0.6721, recall: 0.0377, f1: 0.0714, edges-rel-semeval_loss: 0.1675
09/16 07:37:49 AM: ***** Step 1100 / Validation 11 *****
09/16 07:37:49 AM: edges-rel-semeval: trained on 100 batches, 0.465 epochs
09/16 07:37:49 AM: Validating...
