09/16 06:46:18 AM: Git branch: master
09/16 06:46:18 AM: Git SHA: fb3796f035a61c062bc75b422b0939a7eeec20ff
09/16 06:46:18 AM: Parsed args: 
{
  "allow_missing_task_map": 1,
  "allow_untrained_encoder_parameters": 1,
  "do_pretrain": 0,
  "exp_dir": "./experiments/pos-ontonotes-agnews-top/",
  "exp_name": "experiments/pos-ontonotes-agnews-top",
  "input_module": "bert-base-uncased",
  "local_log_path": "./experiments/pos-ontonotes-agnews-top/run/log.log",
  "lr_patience": 3,
  "max_seq_len": 512,
  "output_mode": "top",
  "patience": 9,
  "pretrain_tasks": "",
  "pretrained_dir": "models/agnews",
  "pytorch_transformers_output_mode": "top",
  "remote_log_name": "experiments/pos-ontonotes-agnews-top__run",
  "run_dir": "./experiments/pos-ontonotes-agnews-top/run",
  "run_name": "run",
  "sent_enc": "none",
  "sep_embs_for_skip": 1,
  "target_tasks": "edges-pos-ontonotes",
  "tokenizer": "bert-base-uncased",
  "write_preds": "val,test"
}
09/16 06:46:18 AM: Saved config to ./experiments/pos-ontonotes-agnews-top/run/params.conf
09/16 06:46:18 AM: Using random seed 1234
09/16 06:46:19 AM: Using GPU 0
09/16 06:46:19 AM: Loading tasks...
09/16 06:46:19 AM: Writing pre-preprocessed tasks to ./experiments/pos-ontonotes-agnews-top/
09/16 06:46:19 AM: 	Creating task edges-pos-ontonotes from scratch.
09/16 06:46:35 AM: Read=110514, Skip=5298, Total=115812 from ./probing_data/edges/ontonotes/const/pos/train.json.retokenized.bert-base-uncased
09/16 06:46:35 AM: Read=15060, Skip=620, Total=15680 from ./probing_data/edges/ontonotes/const/pos/development.json.retokenized.bert-base-uncased
09/16 06:46:39 AM: Read=11462, Skip=755, Total=12217 from ./probing_data/edges/ontonotes/const/pos/test.json.retokenized.bert-base-uncased
09/16 06:46:49 AM: 	Task 'edges-pos-ontonotes': |train|=110514 |val|=15060 |test|=11462
09/16 06:46:49 AM: 	Finished loading tasks: edges-pos-ontonotes.
09/16 06:46:49 AM: 	Building vocab from scratch.
09/16 06:46:49 AM: 	Counting units for task edges-pos-ontonotes.
09/16 06:46:50 AM: 	Task 'edges-pos-ontonotes': adding vocab namespace 'edges-pos-ontonotes_labels'
09/16 06:46:51 AM: loading file https://s3.amazonaws.com/models.huggingface.co/bert/bert-base-uncased-vocab.txt from cache at /home/ericwallace/.cache/torch/pytorch_transformers/26bc1ad6c0ac742e9b52263248f6d0f00068293b33709fae12320c0e35ccfbbb.542ce4285a40d23a559526243235df47c5f75c197f04f37d1a0c124c32c9a084
09/16 06:46:51 AM: Added pytorch_transformers vocab (bert-base-uncased): 30522 tokens
09/16 06:46:52 AM: 	Saved vocab to ./experiments/pos-ontonotes-agnews-top/vocab
09/16 06:46:52 AM: Loading token dictionary from ./experiments/pos-ontonotes-agnews-top/vocab.
09/16 06:46:52 AM: 	Loaded vocab from ./experiments/pos-ontonotes-agnews-top/vocab
09/16 06:46:52 AM: 	Vocab namespace bert_uncased: size 30524
09/16 06:46:52 AM: 	Vocab namespace tokens: size 24015
09/16 06:46:52 AM: 	Vocab namespace edges-pos-ontonotes_labels: size 48
09/16 06:46:52 AM: 	Vocab namespace chars: size 81
09/16 06:46:52 AM: 	Finished building vocab.
09/16 06:46:52 AM: 	Task edges-pos-ontonotes (train): Indexing from scratch.
09/16 06:47:21 AM: 	Task edges-pos-ontonotes (train): Saved 110514 instances to ./experiments/pos-ontonotes-agnews-top/preproc/edges-pos-ontonotes__train_data
09/16 06:47:21 AM: 	Task edges-pos-ontonotes (val): Indexing from scratch.
09/16 06:47:25 AM: 	Task edges-pos-ontonotes (val): Saved 15060 instances to ./experiments/pos-ontonotes-agnews-top/preproc/edges-pos-ontonotes__val_data
09/16 06:47:25 AM: 	Task edges-pos-ontonotes (test): Indexing from scratch.
09/16 06:47:28 AM: 	Task edges-pos-ontonotes (test): Saved 11462 instances to ./experiments/pos-ontonotes-agnews-top/preproc/edges-pos-ontonotes__test_data
09/16 06:47:28 AM: 	Finished indexing tasks
09/16 06:47:28 AM: 	Creating trimmed target-only version of edges-pos-ontonotes train.
09/16 06:47:28 AM: 	  Training on 
09/16 06:47:28 AM: 	  Evaluating on edges-pos-ontonotes
09/16 06:47:28 AM: 	Finished loading tasks in 68.862s
09/16 06:47:28 AM: 	 Tasks: ['edges-pos-ontonotes']
09/16 06:47:28 AM: Building model...
09/16 06:47:28 AM: Using BERT model (bert-base-uncased).
09/16 06:47:28 AM: LOADING A FUNETUNED MODEL from: 
09/16 06:47:28 AM: models/agnews
09/16 06:47:28 AM: Model name 'models/agnews' was not found in model name list (bert-base-uncased, bert-large-uncased, bert-base-cased, bert-large-cased, bert-base-multilingual-uncased, bert-base-multilingual-cased, bert-base-chinese, bert-base-german-cased, bert-large-uncased-whole-word-masking, bert-large-cased-whole-word-masking, bert-large-uncased-whole-word-masking-finetuned-squad, bert-large-cased-whole-word-masking-finetuned-squad, bert-base-cased-finetuned-mrpc). We assumed 'models/agnews/config.json' was a path or url but couldn't find any file associated to this path or url.
09/16 06:47:28 AM: Fatal error in main():
Traceback (most recent call last):
  File "main.py", line 16, in <module>
    main(sys.argv[1:])
  File "/srv/home/ericwallace/jiant/jiant/__main__.py", line 510, in main
    model = build_model(args, vocab, word_embs, tasks)
  File "/srv/home/ericwallace/jiant/jiant/models.py", line 237, in build_model
    embedder = BertEmbedderModule(args)
  File "/srv/home/ericwallace/jiant/jiant/pytorch_transformers_interface/modules.py", line 270, in __init__
    args.pretrained_dir, cache_dir=self.cache_dir, output_hidden_states=True
  File "/home/ericwallace/miniconda3/envs/jiant/lib/python3.6/site-packages/pytorch_transformers/modeling_utils.py", line 492, in from_pretrained
    **kwargs
  File "/home/ericwallace/miniconda3/envs/jiant/lib/python3.6/site-packages/pytorch_transformers/modeling_utils.py", line 194, in from_pretrained
    raise e
  File "/home/ericwallace/miniconda3/envs/jiant/lib/python3.6/site-packages/pytorch_transformers/modeling_utils.py", line 180, in from_pretrained
    resolved_config_file = cached_path(config_file, cache_dir=cache_dir, force_download=force_download, proxies=proxies)
  File "/home/ericwallace/miniconda3/envs/jiant/lib/python3.6/site-packages/pytorch_transformers/file_utils.py", line 124, in cached_path
    raise EnvironmentError("file {} not found".format(url_or_filename))
OSError: file models/agnews/config.json not found
