09/16 08:42:05 AM: Git branch: master
09/16 08:42:05 AM: Git SHA: 1f47e9f0cf1d882ab41f98d47f94e0f8258db16b
09/16 08:42:05 AM: Parsed args: 
{
  "allow_missing_task_map": 1,
  "allow_untrained_encoder_parameters": 1,
  "do_pretrain": 0,
  "exp_dir": "./experiments/spr2-memorization-only/",
  "exp_name": "experiments/spr2-memorization-only",
  "input_module": "bert-base-uncased",
  "local_log_path": "./experiments/spr2-memorization-only/run/log.log",
  "lr_patience": 3,
  "max_seq_len": 512,
  "output_mode": "top",
  "patience": 9,
  "pretrain_tasks": "",
  "pretrained_dir": "models/memorization",
  "pytorch_transformers_output_mode": "only",
  "remote_log_name": "experiments/spr2-memorization-only__run",
  "run_dir": "./experiments/spr2-memorization-only/run",
  "run_name": "run",
  "sent_enc": "none",
  "sep_embs_for_skip": 1,
  "target_tasks": "edges-spr2",
  "tokenizer": "bert-base-uncased",
  "write_preds": "val,test"
}
09/16 08:42:05 AM: Saved config to ./experiments/spr2-memorization-only/run/params.conf
09/16 08:42:05 AM: Using random seed 1234
09/16 08:42:07 AM: Using GPU 0
09/16 08:42:07 AM: Loading tasks...
09/16 08:42:07 AM: Writing pre-preprocessed tasks to ./experiments/spr2-memorization-only/
09/16 08:42:07 AM: 	Creating task edges-spr2 from scratch.
09/16 08:42:07 AM: Read=2226, Skip=0, Total=2226 from ./probing_data/edges/spr2/edges.train.json.retokenized.bert-base-uncased
09/16 08:42:07 AM: Read=291, Skip=0, Total=291 from ./probing_data/edges/spr2/edges.dev.json.retokenized.bert-base-uncased
09/16 08:42:07 AM: Read=276, Skip=0, Total=276 from ./probing_data/edges/spr2/edges.test.json.retokenized.bert-base-uncased
09/16 08:42:07 AM: 	Task 'edges-spr2': |train|=2226 |val|=291 |test|=276
09/16 08:42:07 AM: 	Finished loading tasks: edges-spr2.
09/16 08:42:07 AM: 	Building vocab from scratch.
09/16 08:42:07 AM: 	Counting units for task edges-spr2.
09/16 08:42:07 AM: 	Task 'edges-spr2': adding vocab namespace 'edges-spr2_labels'
09/16 08:42:08 AM: loading file https://s3.amazonaws.com/models.huggingface.co/bert/bert-base-uncased-vocab.txt from cache at /home/ericwallace/.cache/torch/pytorch_transformers/26bc1ad6c0ac742e9b52263248f6d0f00068293b33709fae12320c0e35ccfbbb.542ce4285a40d23a559526243235df47c5f75c197f04f37d1a0c124c32c9a084
09/16 08:42:09 AM: Added pytorch_transformers vocab (bert-base-uncased): 30522 tokens
09/16 08:42:09 AM: 	Saved vocab to ./experiments/spr2-memorization-only/vocab
09/16 08:42:09 AM: Loading token dictionary from ./experiments/spr2-memorization-only/vocab.
09/16 08:42:09 AM: 	Loaded vocab from ./experiments/spr2-memorization-only/vocab
09/16 08:42:09 AM: 	Vocab namespace tokens: size 7943
09/16 08:42:09 AM: 	Vocab namespace edges-spr2_labels: size 20
09/16 08:42:09 AM: 	Vocab namespace bert_uncased: size 30524
09/16 08:42:09 AM: 	Vocab namespace chars: size 65
09/16 08:42:09 AM: 	Finished building vocab.
09/16 08:42:09 AM: 	Task edges-spr2 (train): Indexing from scratch.
09/16 08:42:09 AM: 	Task edges-spr2 (train): Saved 2226 instances to ./experiments/spr2-memorization-only/preproc/edges-spr2__train_data
09/16 08:42:09 AM: 	Task edges-spr2 (val): Indexing from scratch.
09/16 08:42:10 AM: 	Task edges-spr2 (val): Saved 291 instances to ./experiments/spr2-memorization-only/preproc/edges-spr2__val_data
09/16 08:42:10 AM: 	Task edges-spr2 (test): Indexing from scratch.
09/16 08:42:10 AM: 	Task edges-spr2 (test): Saved 276 instances to ./experiments/spr2-memorization-only/preproc/edges-spr2__test_data
09/16 08:42:10 AM: 	Finished indexing tasks
09/16 08:42:10 AM: 	Creating trimmed target-only version of edges-spr2 train.
09/16 08:42:10 AM: 	  Training on 
09/16 08:42:10 AM: 	  Evaluating on edges-spr2
09/16 08:42:10 AM: 	Finished loading tasks in 2.563s
09/16 08:42:10 AM: 	 Tasks: ['edges-spr2']
09/16 08:42:10 AM: Building model...
09/16 08:42:10 AM: Using BERT model (bert-base-uncased).
09/16 08:42:10 AM: LOADING A FUNETUNED MODEL from: 
09/16 08:42:10 AM: models/memorization
09/16 08:42:10 AM: loading configuration file models/memorization/config.json
09/16 08:42:10 AM: Model config {
  "attention_probs_dropout_prob": 0.1,
  "finetuning_task": "random-memorization",
  "hidden_act": "gelu",
  "hidden_dropout_prob": 0.1,
  "hidden_size": 768,
  "initializer_range": 0.02,
  "intermediate_size": 3072,
  "layer_norm_eps": 1e-12,
  "max_position_embeddings": 512,
  "num_attention_heads": 12,
  "num_hidden_layers": 12,
  "num_labels": 2,
  "output_attentions": false,
  "output_hidden_states": true,
  "pruned_heads": {},
  "torchscript": false,
  "type_vocab_size": 2,
  "vocab_size": 30522
}

09/16 08:42:10 AM: loading weights file models/memorization/pytorch_model.bin
09/16 08:42:21 AM: https://s3.amazonaws.com/models.huggingface.co/bert/bert-base-uncased-vocab.txt not found in cache or force_download set to True, downloading to /tmp/tmp4h05tzra
09/16 08:42:23 AM: copying /tmp/tmp4h05tzra to cache at ./experiments/spr2-memorization-only/pytorch_transformers_cache/26bc1ad6c0ac742e9b52263248f6d0f00068293b33709fae12320c0e35ccfbbb.542ce4285a40d23a559526243235df47c5f75c197f04f37d1a0c124c32c9a084
09/16 08:42:23 AM: creating metadata file for ./experiments/spr2-memorization-only/pytorch_transformers_cache/26bc1ad6c0ac742e9b52263248f6d0f00068293b33709fae12320c0e35ccfbbb.542ce4285a40d23a559526243235df47c5f75c197f04f37d1a0c124c32c9a084
09/16 08:42:23 AM: removing temp file /tmp/tmp4h05tzra
09/16 08:42:23 AM: loading file https://s3.amazonaws.com/models.huggingface.co/bert/bert-base-uncased-vocab.txt from cache at ./experiments/spr2-memorization-only/pytorch_transformers_cache/26bc1ad6c0ac742e9b52263248f6d0f00068293b33709fae12320c0e35ccfbbb.542ce4285a40d23a559526243235df47c5f75c197f04f37d1a0c124c32c9a084
09/16 08:42:23 AM: Initializing parameters
09/16 08:42:23 AM: Done initializing parameters; the following parameters are using their default initialization from their code
09/16 08:42:23 AM:    _text_field_embedder.model.embeddings.LayerNorm.bias
09/16 08:42:23 AM:    _text_field_embedder.model.embeddings.LayerNorm.weight
09/16 08:42:23 AM:    _text_field_embedder.model.embeddings.position_embeddings.weight
09/16 08:42:23 AM:    _text_field_embedder.model.embeddings.token_type_embeddings.weight
09/16 08:42:23 AM:    _text_field_embedder.model.embeddings.word_embeddings.weight
09/16 08:42:23 AM:    _text_field_embedder.model.encoder.layer.0.attention.output.LayerNorm.bias
09/16 08:42:23 AM:    _text_field_embedder.model.encoder.layer.0.attention.output.LayerNorm.weight
09/16 08:42:23 AM:    _text_field_embedder.model.encoder.layer.0.attention.output.dense.bias
09/16 08:42:23 AM:    _text_field_embedder.model.encoder.layer.0.attention.output.dense.weight
09/16 08:42:23 AM:    _text_field_embedder.model.encoder.layer.0.attention.self.key.bias
09/16 08:42:23 AM:    _text_field_embedder.model.encoder.layer.0.attention.self.key.weight
09/16 08:42:23 AM:    _text_field_embedder.model.encoder.layer.0.attention.self.query.bias
09/16 08:42:23 AM:    _text_field_embedder.model.encoder.layer.0.attention.self.query.weight
09/16 08:42:23 AM:    _text_field_embedder.model.encoder.layer.0.attention.self.value.bias
09/16 08:42:23 AM:    _text_field_embedder.model.encoder.layer.0.attention.self.value.weight
09/16 08:42:23 AM:    _text_field_embedder.model.encoder.layer.0.intermediate.dense.bias
09/16 08:42:23 AM:    _text_field_embedder.model.encoder.layer.0.intermediate.dense.weight
09/16 08:42:23 AM:    _text_field_embedder.model.encoder.layer.0.output.LayerNorm.bias
09/16 08:42:23 AM:    _text_field_embedder.model.encoder.layer.0.output.LayerNorm.weight
09/16 08:42:23 AM:    _text_field_embedder.model.encoder.layer.0.output.dense.bias
09/16 08:42:23 AM:    _text_field_embedder.model.encoder.layer.0.output.dense.weight
09/16 08:42:23 AM:    _text_field_embedder.model.encoder.layer.1.attention.output.LayerNorm.bias
09/16 08:42:23 AM:    _text_field_embedder.model.encoder.layer.1.attention.output.LayerNorm.weight
09/16 08:42:23 AM:    _text_field_embedder.model.encoder.layer.1.attention.output.dense.bias
09/16 08:42:23 AM:    _text_field_embedder.model.encoder.layer.1.attention.output.dense.weight
09/16 08:42:23 AM:    _text_field_embedder.model.encoder.layer.1.attention.self.key.bias
09/16 08:42:23 AM:    _text_field_embedder.model.encoder.layer.1.attention.self.key.weight
09/16 08:42:23 AM:    _text_field_embedder.model.encoder.layer.1.attention.self.query.bias
09/16 08:42:23 AM:    _text_field_embedder.model.encoder.layer.1.attention.self.query.weight
09/16 08:42:23 AM:    _text_field_embedder.model.encoder.layer.1.attention.self.value.bias
09/16 08:42:23 AM:    _text_field_embedder.model.encoder.layer.1.attention.self.value.weight
09/16 08:42:23 AM:    _text_field_embedder.model.encoder.layer.1.intermediate.dense.bias
09/16 08:42:23 AM:    _text_field_embedder.model.encoder.layer.1.intermediate.dense.weight
09/16 08:42:23 AM:    _text_field_embedder.model.encoder.layer.1.output.LayerNorm.bias
09/16 08:42:23 AM:    _text_field_embedder.model.encoder.layer.1.output.LayerNorm.weight
09/16 08:42:23 AM:    _text_field_embedder.model.encoder.layer.1.output.dense.bias
09/16 08:42:23 AM:    _text_field_embedder.model.encoder.layer.1.output.dense.weight
09/16 08:42:23 AM:    _text_field_embedder.model.encoder.layer.10.attention.output.LayerNorm.bias
09/16 08:42:23 AM:    _text_field_embedder.model.encoder.layer.10.attention.output.LayerNorm.weight
09/16 08:42:23 AM:    _text_field_embedder.model.encoder.layer.10.attention.output.dense.bias
09/16 08:42:23 AM:    _text_field_embedder.model.encoder.layer.10.attention.output.dense.weight
09/16 08:42:23 AM:    _text_field_embedder.model.encoder.layer.10.attention.self.key.bias
09/16 08:42:23 AM:    _text_field_embedder.model.encoder.layer.10.attention.self.key.weight
09/16 08:42:23 AM:    _text_field_embedder.model.encoder.layer.10.attention.self.query.bias
09/16 08:42:23 AM:    _text_field_embedder.model.encoder.layer.10.attention.self.query.weight
09/16 08:42:23 AM:    _text_field_embedder.model.encoder.layer.10.attention.self.value.bias
09/16 08:42:23 AM:    _text_field_embedder.model.encoder.layer.10.attention.self.value.weight
09/16 08:42:23 AM:    _text_field_embedder.model.encoder.layer.10.intermediate.dense.bias
09/16 08:42:23 AM:    _text_field_embedder.model.encoder.layer.10.intermediate.dense.weight
09/16 08:42:23 AM:    _text_field_embedder.model.encoder.layer.10.output.LayerNorm.bias
09/16 08:42:23 AM:    _text_field_embedder.model.encoder.layer.10.output.LayerNorm.weight
09/16 08:42:23 AM:    _text_field_embedder.model.encoder.layer.10.output.dense.bias
09/16 08:42:23 AM:    _text_field_embedder.model.encoder.layer.10.output.dense.weight
09/16 08:42:23 AM:    _text_field_embedder.model.encoder.layer.11.attention.output.LayerNorm.bias
09/16 08:42:23 AM:    _text_field_embedder.model.encoder.layer.11.attention.output.LayerNorm.weight
09/16 08:42:23 AM:    _text_field_embedder.model.encoder.layer.11.attention.output.dense.bias
09/16 08:42:23 AM:    _text_field_embedder.model.encoder.layer.11.attention.output.dense.weight
09/16 08:42:23 AM:    _text_field_embedder.model.encoder.layer.11.attention.self.key.bias
09/16 08:42:23 AM:    _text_field_embedder.model.encoder.layer.11.attention.self.key.weight
09/16 08:42:23 AM:    _text_field_embedder.model.encoder.layer.11.attention.self.query.bias
09/16 08:42:23 AM:    _text_field_embedder.model.encoder.layer.11.attention.self.query.weight
09/16 08:42:23 AM:    _text_field_embedder.model.encoder.layer.11.attention.self.value.bias
09/16 08:42:23 AM:    _text_field_embedder.model.encoder.layer.11.attention.self.value.weight
09/16 08:42:23 AM:    _text_field_embedder.model.encoder.layer.11.intermediate.dense.bias
09/16 08:42:23 AM:    _text_field_embedder.model.encoder.layer.11.intermediate.dense.weight
09/16 08:42:23 AM:    _text_field_embedder.model.encoder.layer.11.output.LayerNorm.bias
09/16 08:42:23 AM:    _text_field_embedder.model.encoder.layer.11.output.LayerNorm.weight
09/16 08:42:23 AM:    _text_field_embedder.model.encoder.layer.11.output.dense.bias
09/16 08:42:23 AM:    _text_field_embedder.model.encoder.layer.11.output.dense.weight
09/16 08:42:23 AM:    _text_field_embedder.model.encoder.layer.2.attention.output.LayerNorm.bias
09/16 08:42:23 AM:    _text_field_embedder.model.encoder.layer.2.attention.output.LayerNorm.weight
09/16 08:42:23 AM:    _text_field_embedder.model.encoder.layer.2.attention.output.dense.bias
09/16 08:42:23 AM:    _text_field_embedder.model.encoder.layer.2.attention.output.dense.weight
09/16 08:42:23 AM:    _text_field_embedder.model.encoder.layer.2.attention.self.key.bias
09/16 08:42:23 AM:    _text_field_embedder.model.encoder.layer.2.attention.self.key.weight
09/16 08:42:23 AM:    _text_field_embedder.model.encoder.layer.2.attention.self.query.bias
09/16 08:42:23 AM:    _text_field_embedder.model.encoder.layer.2.attention.self.query.weight
09/16 08:42:23 AM:    _text_field_embedder.model.encoder.layer.2.attention.self.value.bias
09/16 08:42:23 AM:    _text_field_embedder.model.encoder.layer.2.attention.self.value.weight
09/16 08:42:23 AM:    _text_field_embedder.model.encoder.layer.2.intermediate.dense.bias
09/16 08:42:23 AM:    _text_field_embedder.model.encoder.layer.2.intermediate.dense.weight
09/16 08:42:23 AM:    _text_field_embedder.model.encoder.layer.2.output.LayerNorm.bias
09/16 08:42:23 AM:    _text_field_embedder.model.encoder.layer.2.output.LayerNorm.weight
09/16 08:42:23 AM:    _text_field_embedder.model.encoder.layer.2.output.dense.bias
09/16 08:42:23 AM:    _text_field_embedder.model.encoder.layer.2.output.dense.weight
09/16 08:42:23 AM:    _text_field_embedder.model.encoder.layer.3.attention.output.LayerNorm.bias
09/16 08:42:23 AM:    _text_field_embedder.model.encoder.layer.3.attention.output.LayerNorm.weight
09/16 08:42:23 AM:    _text_field_embedder.model.encoder.layer.3.attention.output.dense.bias
09/16 08:42:23 AM:    _text_field_embedder.model.encoder.layer.3.attention.output.dense.weight
09/16 08:42:23 AM:    _text_field_embedder.model.encoder.layer.3.attention.self.key.bias
09/16 08:42:23 AM:    _text_field_embedder.model.encoder.layer.3.attention.self.key.weight
09/16 08:42:23 AM:    _text_field_embedder.model.encoder.layer.3.attention.self.query.bias
09/16 08:42:23 AM:    _text_field_embedder.model.encoder.layer.3.attention.self.query.weight
09/16 08:42:23 AM:    _text_field_embedder.model.encoder.layer.3.attention.self.value.bias
09/16 08:42:23 AM:    _text_field_embedder.model.encoder.layer.3.attention.self.value.weight
09/16 08:42:23 AM:    _text_field_embedder.model.encoder.layer.3.intermediate.dense.bias
09/16 08:42:23 AM:    _text_field_embedder.model.encoder.layer.3.intermediate.dense.weight
09/16 08:42:23 AM:    _text_field_embedder.model.encoder.layer.3.output.LayerNorm.bias
09/16 08:42:23 AM:    _text_field_embedder.model.encoder.layer.3.output.LayerNorm.weight
09/16 08:42:23 AM:    _text_field_embedder.model.encoder.layer.3.output.dense.bias
09/16 08:42:23 AM:    _text_field_embedder.model.encoder.layer.3.output.dense.weight
09/16 08:42:23 AM:    _text_field_embedder.model.encoder.layer.4.attention.output.LayerNorm.bias
09/16 08:42:23 AM:    _text_field_embedder.model.encoder.layer.4.attention.output.LayerNorm.weight
09/16 08:42:23 AM:    _text_field_embedder.model.encoder.layer.4.attention.output.dense.bias
09/16 08:42:23 AM:    _text_field_embedder.model.encoder.layer.4.attention.output.dense.weight
09/16 08:42:23 AM:    _text_field_embedder.model.encoder.layer.4.attention.self.key.bias
09/16 08:42:23 AM:    _text_field_embedder.model.encoder.layer.4.attention.self.key.weight
09/16 08:42:23 AM:    _text_field_embedder.model.encoder.layer.4.attention.self.query.bias
09/16 08:42:23 AM:    _text_field_embedder.model.encoder.layer.4.attention.self.query.weight
09/16 08:42:23 AM:    _text_field_embedder.model.encoder.layer.4.attention.self.value.bias
09/16 08:42:23 AM:    _text_field_embedder.model.encoder.layer.4.attention.self.value.weight
09/16 08:42:23 AM:    _text_field_embedder.model.encoder.layer.4.intermediate.dense.bias
09/16 08:42:23 AM:    _text_field_embedder.model.encoder.layer.4.intermediate.dense.weight
09/16 08:42:23 AM:    _text_field_embedder.model.encoder.layer.4.output.LayerNorm.bias
09/16 08:42:23 AM:    _text_field_embedder.model.encoder.layer.4.output.LayerNorm.weight
09/16 08:42:23 AM:    _text_field_embedder.model.encoder.layer.4.output.dense.bias
09/16 08:42:23 AM:    _text_field_embedder.model.encoder.layer.4.output.dense.weight
09/16 08:42:23 AM:    _text_field_embedder.model.encoder.layer.5.attention.output.LayerNorm.bias
09/16 08:42:23 AM:    _text_field_embedder.model.encoder.layer.5.attention.output.LayerNorm.weight
09/16 08:42:23 AM:    _text_field_embedder.model.encoder.layer.5.attention.output.dense.bias
09/16 08:42:23 AM:    _text_field_embedder.model.encoder.layer.5.attention.output.dense.weight
09/16 08:42:23 AM:    _text_field_embedder.model.encoder.layer.5.attention.self.key.bias
09/16 08:42:23 AM:    _text_field_embedder.model.encoder.layer.5.attention.self.key.weight
09/16 08:42:23 AM:    _text_field_embedder.model.encoder.layer.5.attention.self.query.bias
09/16 08:42:23 AM:    _text_field_embedder.model.encoder.layer.5.attention.self.query.weight
09/16 08:42:23 AM:    _text_field_embedder.model.encoder.layer.5.attention.self.value.bias
09/16 08:42:23 AM:    _text_field_embedder.model.encoder.layer.5.attention.self.value.weight
09/16 08:42:23 AM:    _text_field_embedder.model.encoder.layer.5.intermediate.dense.bias
09/16 08:42:23 AM:    _text_field_embedder.model.encoder.layer.5.intermediate.dense.weight
09/16 08:42:23 AM:    _text_field_embedder.model.encoder.layer.5.output.LayerNorm.bias
09/16 08:42:23 AM:    _text_field_embedder.model.encoder.layer.5.output.LayerNorm.weight
09/16 08:42:23 AM:    _text_field_embedder.model.encoder.layer.5.output.dense.bias
09/16 08:42:23 AM:    _text_field_embedder.model.encoder.layer.5.output.dense.weight
09/16 08:42:23 AM:    _text_field_embedder.model.encoder.layer.6.attention.output.LayerNorm.bias
09/16 08:42:23 AM:    _text_field_embedder.model.encoder.layer.6.attention.output.LayerNorm.weight
09/16 08:42:23 AM:    _text_field_embedder.model.encoder.layer.6.attention.output.dense.bias
09/16 08:42:23 AM:    _text_field_embedder.model.encoder.layer.6.attention.output.dense.weight
09/16 08:42:23 AM:    _text_field_embedder.model.encoder.layer.6.attention.self.key.bias
09/16 08:42:23 AM:    _text_field_embedder.model.encoder.layer.6.attention.self.key.weight
09/16 08:42:23 AM:    _text_field_embedder.model.encoder.layer.6.attention.self.query.bias
09/16 08:42:23 AM:    _text_field_embedder.model.encoder.layer.6.attention.self.query.weight
09/16 08:42:23 AM:    _text_field_embedder.model.encoder.layer.6.attention.self.value.bias
09/16 08:42:23 AM:    _text_field_embedder.model.encoder.layer.6.attention.self.value.weight
09/16 08:42:23 AM:    _text_field_embedder.model.encoder.layer.6.intermediate.dense.bias
09/16 08:42:23 AM:    _text_field_embedder.model.encoder.layer.6.intermediate.dense.weight
09/16 08:42:23 AM:    _text_field_embedder.model.encoder.layer.6.output.LayerNorm.bias
09/16 08:42:23 AM:    _text_field_embedder.model.encoder.layer.6.output.LayerNorm.weight
09/16 08:42:23 AM:    _text_field_embedder.model.encoder.layer.6.output.dense.bias
09/16 08:42:23 AM:    _text_field_embedder.model.encoder.layer.6.output.dense.weight
09/16 08:42:23 AM:    _text_field_embedder.model.encoder.layer.7.attention.output.LayerNorm.bias
09/16 08:42:23 AM:    _text_field_embedder.model.encoder.layer.7.attention.output.LayerNorm.weight
09/16 08:42:23 AM:    _text_field_embedder.model.encoder.layer.7.attention.output.dense.bias
09/16 08:42:23 AM:    _text_field_embedder.model.encoder.layer.7.attention.output.dense.weight
09/16 08:42:23 AM:    _text_field_embedder.model.encoder.layer.7.attention.self.key.bias
09/16 08:42:23 AM:    _text_field_embedder.model.encoder.layer.7.attention.self.key.weight
09/16 08:42:23 AM:    _text_field_embedder.model.encoder.layer.7.attention.self.query.bias
09/16 08:42:23 AM:    _text_field_embedder.model.encoder.layer.7.attention.self.query.weight
09/16 08:42:23 AM:    _text_field_embedder.model.encoder.layer.7.attention.self.value.bias
09/16 08:42:23 AM:    _text_field_embedder.model.encoder.layer.7.attention.self.value.weight
09/16 08:42:23 AM:    _text_field_embedder.model.encoder.layer.7.intermediate.dense.bias
09/16 08:42:23 AM:    _text_field_embedder.model.encoder.layer.7.intermediate.dense.weight
09/16 08:42:23 AM:    _text_field_embedder.model.encoder.layer.7.output.LayerNorm.bias
09/16 08:42:23 AM:    _text_field_embedder.model.encoder.layer.7.output.LayerNorm.weight
09/16 08:42:23 AM:    _text_field_embedder.model.encoder.layer.7.output.dense.bias
09/16 08:42:23 AM:    _text_field_embedder.model.encoder.layer.7.output.dense.weight
09/16 08:42:23 AM:    _text_field_embedder.model.encoder.layer.8.attention.output.LayerNorm.bias
09/16 08:42:23 AM:    _text_field_embedder.model.encoder.layer.8.attention.output.LayerNorm.weight
09/16 08:42:23 AM:    _text_field_embedder.model.encoder.layer.8.attention.output.dense.bias
09/16 08:42:23 AM:    _text_field_embedder.model.encoder.layer.8.attention.output.dense.weight
09/16 08:42:23 AM:    _text_field_embedder.model.encoder.layer.8.attention.self.key.bias
09/16 08:42:23 AM:    _text_field_embedder.model.encoder.layer.8.attention.self.key.weight
09/16 08:42:23 AM:    _text_field_embedder.model.encoder.layer.8.attention.self.query.bias
09/16 08:42:23 AM:    _text_field_embedder.model.encoder.layer.8.attention.self.query.weight
09/16 08:42:23 AM:    _text_field_embedder.model.encoder.layer.8.attention.self.value.bias
09/16 08:42:23 AM:    _text_field_embedder.model.encoder.layer.8.attention.self.value.weight
09/16 08:42:23 AM:    _text_field_embedder.model.encoder.layer.8.intermediate.dense.bias
09/16 08:42:23 AM:    _text_field_embedder.model.encoder.layer.8.intermediate.dense.weight
09/16 08:42:23 AM:    _text_field_embedder.model.encoder.layer.8.output.LayerNorm.bias
09/16 08:42:23 AM:    _text_field_embedder.model.encoder.layer.8.output.LayerNorm.weight
09/16 08:42:23 AM:    _text_field_embedder.model.encoder.layer.8.output.dense.bias
09/16 08:42:23 AM:    _text_field_embedder.model.encoder.layer.8.output.dense.weight
09/16 08:42:23 AM:    _text_field_embedder.model.encoder.layer.9.attention.output.LayerNorm.bias
09/16 08:42:23 AM:    _text_field_embedder.model.encoder.layer.9.attention.output.LayerNorm.weight
09/16 08:42:23 AM:    _text_field_embedder.model.encoder.layer.9.attention.output.dense.bias
09/16 08:42:23 AM:    _text_field_embedder.model.encoder.layer.9.attention.output.dense.weight
09/16 08:42:23 AM:    _text_field_embedder.model.encoder.layer.9.attention.self.key.bias
09/16 08:42:23 AM:    _text_field_embedder.model.encoder.layer.9.attention.self.key.weight
09/16 08:42:23 AM:    _text_field_embedder.model.encoder.layer.9.attention.self.query.bias
09/16 08:42:23 AM:    _text_field_embedder.model.encoder.layer.9.attention.self.query.weight
09/16 08:42:23 AM:    _text_field_embedder.model.encoder.layer.9.attention.self.value.bias
09/16 08:42:23 AM:    _text_field_embedder.model.encoder.layer.9.attention.self.value.weight
09/16 08:42:23 AM:    _text_field_embedder.model.encoder.layer.9.intermediate.dense.bias
09/16 08:42:23 AM:    _text_field_embedder.model.encoder.layer.9.intermediate.dense.weight
09/16 08:42:23 AM:    _text_field_embedder.model.encoder.layer.9.output.LayerNorm.bias
09/16 08:42:23 AM:    _text_field_embedder.model.encoder.layer.9.output.LayerNorm.weight
09/16 08:42:23 AM:    _text_field_embedder.model.encoder.layer.9.output.dense.bias
09/16 08:42:23 AM:    _text_field_embedder.model.encoder.layer.9.output.dense.weight
09/16 08:42:23 AM:    _text_field_embedder.model.pooler.dense.bias
09/16 08:42:23 AM:    _text_field_embedder.model.pooler.dense.weight
09/16 08:42:23 AM: 	Task 'edges-spr2' params: {
  "cls_type": "mlp",
  "d_hid": 256,
  "pool_type": "first",
  "d_proj": 512,
  "shared_pair_attn": 0,
  "attn": 0,
  "d_hid_attn": 512,
  "dropout": 0.3,
  "cls_loss_fn": "sigmoid",
  "cls_span_pooling": "attn",
  "edgeprobe_cnn_context": 0,
  "edgeprobe_symmetric": 0,
  "use_classifier": "edges-spr2"
}
09/16 08:42:29 AM: Model specification:
09/16 08:42:29 AM: MultiTaskModel(
  (sent_encoder): SentenceEncoder(
    (_text_field_embedder): BertEmbedderModule(
      (model): BertModel(
        (embeddings): BertEmbeddings(
          (word_embeddings): Embedding(30522, 768, padding_idx=0)
          (position_embeddings): Embedding(512, 768)
          (token_type_embeddings): Embedding(2, 768)
          (LayerNorm): LayerNorm(torch.Size([768]), eps=1e-12, elementwise_affine=True)
          (dropout): Dropout(p=0.1)
        )
        (encoder): BertEncoder(
          (layer): ModuleList(
            (0): BertLayer(
              (attention): BertAttention(
                (self): BertSelfAttention(
                  (query): Linear(in_features=768, out_features=768, bias=True)
                  (key): Linear(in_features=768, out_features=768, bias=True)
                  (value): Linear(in_features=768, out_features=768, bias=True)
                  (dropout): Dropout(p=0.1)
                )
                (output): BertSelfOutput(
                  (dense): Linear(in_features=768, out_features=768, bias=True)
                  (LayerNorm): LayerNorm(torch.Size([768]), eps=1e-12, elementwise_affine=True)
                  (dropout): Dropout(p=0.1)
                )
              )
              (intermediate): BertIntermediate(
                (dense): Linear(in_features=768, out_features=3072, bias=True)
              )
              (output): BertOutput(
                (dense): Linear(in_features=3072, out_features=768, bias=True)
                (LayerNorm): LayerNorm(torch.Size([768]), eps=1e-12, elementwise_affine=True)
                (dropout): Dropout(p=0.1)
              )
            )
            (1): BertLayer(
              (attention): BertAttention(
                (self): BertSelfAttention(
                  (query): Linear(in_features=768, out_features=768, bias=True)
                  (key): Linear(in_features=768, out_features=768, bias=True)
                  (value): Linear(in_features=768, out_features=768, bias=True)
                  (dropout): Dropout(p=0.1)
                )
                (output): BertSelfOutput(
                  (dense): Linear(in_features=768, out_features=768, bias=True)
                  (LayerNorm): LayerNorm(torch.Size([768]), eps=1e-12, elementwise_affine=True)
                  (dropout): Dropout(p=0.1)
                )
              )
              (intermediate): BertIntermediate(
                (dense): Linear(in_features=768, out_features=3072, bias=True)
              )
              (output): BertOutput(
                (dense): Linear(in_features=3072, out_features=768, bias=True)
                (LayerNorm): LayerNorm(torch.Size([768]), eps=1e-12, elementwise_affine=True)
                (dropout): Dropout(p=0.1)
              )
            )
            (2): BertLayer(
              (attention): BertAttention(
                (self): BertSelfAttention(
                  (query): Linear(in_features=768, out_features=768, bias=True)
                  (key): Linear(in_features=768, out_features=768, bias=True)
                  (value): Linear(in_features=768, out_features=768, bias=True)
                  (dropout): Dropout(p=0.1)
                )
                (output): BertSelfOutput(
                  (dense): Linear(in_features=768, out_features=768, bias=True)
                  (LayerNorm): LayerNorm(torch.Size([768]), eps=1e-12, elementwise_affine=True)
                  (dropout): Dropout(p=0.1)
                )
              )
              (intermediate): BertIntermediate(
                (dense): Linear(in_features=768, out_features=3072, bias=True)
              )
              (output): BertOutput(
                (dense): Linear(in_features=3072, out_features=768, bias=True)
                (LayerNorm): LayerNorm(torch.Size([768]), eps=1e-12, elementwise_affine=True)
                (dropout): Dropout(p=0.1)
              )
            )
            (3): BertLayer(
              (attention): BertAttention(
                (self): BertSelfAttention(
                  (query): Linear(in_features=768, out_features=768, bias=True)
                  (key): Linear(in_features=768, out_features=768, bias=True)
                  (value): Linear(in_features=768, out_features=768, bias=True)
                  (dropout): Dropout(p=0.1)
                )
                (output): BertSelfOutput(
                  (dense): Linear(in_features=768, out_features=768, bias=True)
                  (LayerNorm): LayerNorm(torch.Size([768]), eps=1e-12, elementwise_affine=True)
                  (dropout): Dropout(p=0.1)
                )
              )
              (intermediate): BertIntermediate(
                (dense): Linear(in_features=768, out_features=3072, bias=True)
              )
              (output): BertOutput(
                (dense): Linear(in_features=3072, out_features=768, bias=True)
                (LayerNorm): LayerNorm(torch.Size([768]), eps=1e-12, elementwise_affine=True)
                (dropout): Dropout(p=0.1)
              )
            )
            (4): BertLayer(
              (attention): BertAttention(
                (self): BertSelfAttention(
                  (query): Linear(in_features=768, out_features=768, bias=True)
                  (key): Linear(in_features=768, out_features=768, bias=True)
                  (value): Linear(in_features=768, out_features=768, bias=True)
                  (dropout): Dropout(p=0.1)
                )
                (output): BertSelfOutput(
                  (dense): Linear(in_features=768, out_features=768, bias=True)
                  (LayerNorm): LayerNorm(torch.Size([768]), eps=1e-12, elementwise_affine=True)
                  (dropout): Dropout(p=0.1)
                )
              )
              (intermediate): BertIntermediate(
                (dense): Linear(in_features=768, out_features=3072, bias=True)
              )
              (output): BertOutput(
                (dense): Linear(in_features=3072, out_features=768, bias=True)
                (LayerNorm): LayerNorm(torch.Size([768]), eps=1e-12, elementwise_affine=True)
                (dropout): Dropout(p=0.1)
              )
            )
            (5): BertLayer(
              (attention): BertAttention(
                (self): BertSelfAttention(
                  (query): Linear(in_features=768, out_features=768, bias=True)
                  (key): Linear(in_features=768, out_features=768, bias=True)
                  (value): Linear(in_features=768, out_features=768, bias=True)
                  (dropout): Dropout(p=0.1)
                )
                (output): BertSelfOutput(
                  (dense): Linear(in_features=768, out_features=768, bias=True)
                  (LayerNorm): LayerNorm(torch.Size([768]), eps=1e-12, elementwise_affine=True)
                  (dropout): Dropout(p=0.1)
                )
              )
              (intermediate): BertIntermediate(
                (dense): Linear(in_features=768, out_features=3072, bias=True)
              )
              (output): BertOutput(
                (dense): Linear(in_features=3072, out_features=768, bias=True)
                (LayerNorm): LayerNorm(torch.Size([768]), eps=1e-12, elementwise_affine=True)
                (dropout): Dropout(p=0.1)
              )
            )
            (6): BertLayer(
              (attention): BertAttention(
                (self): BertSelfAttention(
                  (query): Linear(in_features=768, out_features=768, bias=True)
                  (key): Linear(in_features=768, out_features=768, bias=True)
                  (value): Linear(in_features=768, out_features=768, bias=True)
                  (dropout): Dropout(p=0.1)
                )
                (output): BertSelfOutput(
                  (dense): Linear(in_features=768, out_features=768, bias=True)
                  (LayerNorm): LayerNorm(torch.Size([768]), eps=1e-12, elementwise_affine=True)
                  (dropout): Dropout(p=0.1)
                )
              )
              (intermediate): BertIntermediate(
                (dense): Linear(in_features=768, out_features=3072, bias=True)
              )
              (output): BertOutput(
                (dense): Linear(in_features=3072, out_features=768, bias=True)
                (LayerNorm): LayerNorm(torch.Size([768]), eps=1e-12, elementwise_affine=True)
                (dropout): Dropout(p=0.1)
              )
            )
            (7): BertLayer(
              (attention): BertAttention(
                (self): BertSelfAttention(
                  (query): Linear(in_features=768, out_features=768, bias=True)
                  (key): Linear(in_features=768, out_features=768, bias=True)
                  (value): Linear(in_features=768, out_features=768, bias=True)
                  (dropout): Dropout(p=0.1)
                )
                (output): BertSelfOutput(
                  (dense): Linear(in_features=768, out_features=768, bias=True)
                  (LayerNorm): LayerNorm(torch.Size([768]), eps=1e-12, elementwise_affine=True)
                  (dropout): Dropout(p=0.1)
                )
              )
              (intermediate): BertIntermediate(
                (dense): Linear(in_features=768, out_features=3072, bias=True)
              )
              (output): BertOutput(
                (dense): Linear(in_features=3072, out_features=768, bias=True)
                (LayerNorm): LayerNorm(torch.Size([768]), eps=1e-12, elementwise_affine=True)
                (dropout): Dropout(p=0.1)
              )
            )
            (8): BertLayer(
              (attention): BertAttention(
                (self): BertSelfAttention(
                  (query): Linear(in_features=768, out_features=768, bias=True)
                  (key): Linear(in_features=768, out_features=768, bias=True)
                  (value): Linear(in_features=768, out_features=768, bias=True)
                  (dropout): Dropout(p=0.1)
                )
                (output): BertSelfOutput(
                  (dense): Linear(in_features=768, out_features=768, bias=True)
                  (LayerNorm): LayerNorm(torch.Size([768]), eps=1e-12, elementwise_affine=True)
                  (dropout): Dropout(p=0.1)
                )
              )
              (intermediate): BertIntermediate(
                (dense): Linear(in_features=768, out_features=3072, bias=True)
              )
              (output): BertOutput(
                (dense): Linear(in_features=3072, out_features=768, bias=True)
                (LayerNorm): LayerNorm(torch.Size([768]), eps=1e-12, elementwise_affine=True)
                (dropout): Dropout(p=0.1)
              )
            )
            (9): BertLayer(
              (attention): BertAttention(
                (self): BertSelfAttention(
                  (query): Linear(in_features=768, out_features=768, bias=True)
                  (key): Linear(in_features=768, out_features=768, bias=True)
                  (value): Linear(in_features=768, out_features=768, bias=True)
                  (dropout): Dropout(p=0.1)
                )
                (output): BertSelfOutput(
                  (dense): Linear(in_features=768, out_features=768, bias=True)
                  (LayerNorm): LayerNorm(torch.Size([768]), eps=1e-12, elementwise_affine=True)
                  (dropout): Dropout(p=0.1)
                )
              )
              (intermediate): BertIntermediate(
                (dense): Linear(in_features=768, out_features=3072, bias=True)
              )
              (output): BertOutput(
                (dense): Linear(in_features=3072, out_features=768, bias=True)
                (LayerNorm): LayerNorm(torch.Size([768]), eps=1e-12, elementwise_affine=True)
                (dropout): Dropout(p=0.1)
              )
            )
            (10): BertLayer(
              (attention): BertAttention(
                (self): BertSelfAttention(
                  (query): Linear(in_features=768, out_features=768, bias=True)
                  (key): Linear(in_features=768, out_features=768, bias=True)
                  (value): Linear(in_features=768, out_features=768, bias=True)
                  (dropout): Dropout(p=0.1)
                )
                (output): BertSelfOutput(
                  (dense): Linear(in_features=768, out_features=768, bias=True)
                  (LayerNorm): LayerNorm(torch.Size([768]), eps=1e-12, elementwise_affine=True)
                  (dropout): Dropout(p=0.1)
                )
              )
              (intermediate): BertIntermediate(
                (dense): Linear(in_features=768, out_features=3072, bias=True)
              )
              (output): BertOutput(
                (dense): Linear(in_features=3072, out_features=768, bias=True)
                (LayerNorm): LayerNorm(torch.Size([768]), eps=1e-12, elementwise_affine=True)
                (dropout): Dropout(p=0.1)
              )
            )
            (11): BertLayer(
              (attention): BertAttention(
                (self): BertSelfAttention(
                  (query): Linear(in_features=768, out_features=768, bias=True)
                  (key): Linear(in_features=768, out_features=768, bias=True)
                  (value): Linear(in_features=768, out_features=768, bias=True)
                  (dropout): Dropout(p=0.1)
                )
                (output): BertSelfOutput(
                  (dense): Linear(in_features=768, out_features=768, bias=True)
                  (LayerNorm): LayerNorm(torch.Size([768]), eps=1e-12, elementwise_affine=True)
                  (dropout): Dropout(p=0.1)
                )
              )
              (intermediate): BertIntermediate(
                (dense): Linear(in_features=768, out_features=3072, bias=True)
              )
              (output): BertOutput(
                (dense): Linear(in_features=3072, out_features=768, bias=True)
                (LayerNorm): LayerNorm(torch.Size([768]), eps=1e-12, elementwise_affine=True)
                (dropout): Dropout(p=0.1)
              )
            )
          )
        )
        (pooler): BertPooler(
          (dense): Linear(in_features=768, out_features=768, bias=True)
          (activation): Tanh()
        )
      )
    )
    (_highway_layer): TimeDistributed(
      (_module): Highway(
        (_layers): ModuleList()
      )
    )
    (_phrase_layer): NullPhraseLayer()
    (_dropout): Dropout(p=0.2)
  )
  (edges-spr2_mdl): EdgeClassifierModule(
    (proj1): Conv1d(768, 256, kernel_size=(1,), stride=(1,))
    (proj2): Conv1d(768, 256, kernel_size=(1,), stride=(1,))
    (span_extractor1): EndpointSpanExtractor()
    (span_extractor2): EndpointSpanExtractor()
    (classifier): Classifier(
      (classifier): Sequential(
        (0): Linear(in_features=1024, out_features=256, bias=True)
        (1): Tanh()
        (2): LayerNorm(torch.Size([256]), eps=1e-05, elementwise_affine=True)
        (3): Dropout(p=0.3)
        (4): Linear(in_features=256, out_features=20, bias=True)
      )
    )
  )
)
09/16 08:42:29 AM: Model parameters:
09/16 08:42:29 AM: 	sent_encoder._text_field_embedder.model.embeddings.word_embeddings.weight: Non-trainable parameter, count 23440896 with torch.Size([30522, 768])
09/16 08:42:29 AM: 	sent_encoder._text_field_embedder.model.embeddings.position_embeddings.weight: Non-trainable parameter, count 393216 with torch.Size([512, 768])
09/16 08:42:29 AM: 	sent_encoder._text_field_embedder.model.embeddings.token_type_embeddings.weight: Non-trainable parameter, count 1536 with torch.Size([2, 768])
09/16 08:42:29 AM: 	sent_encoder._text_field_embedder.model.embeddings.LayerNorm.weight: Non-trainable parameter, count 768 with torch.Size([768])
09/16 08:42:29 AM: 	sent_encoder._text_field_embedder.model.embeddings.LayerNorm.bias: Non-trainable parameter, count 768 with torch.Size([768])
09/16 08:42:29 AM: 	sent_encoder._text_field_embedder.model.encoder.layer.0.attention.self.query.weight: Non-trainable parameter, count 589824 with torch.Size([768, 768])
09/16 08:42:29 AM: 	sent_encoder._text_field_embedder.model.encoder.layer.0.attention.self.query.bias: Non-trainable parameter, count 768 with torch.Size([768])
09/16 08:42:29 AM: 	sent_encoder._text_field_embedder.model.encoder.layer.0.attention.self.key.weight: Non-trainable parameter, count 589824 with torch.Size([768, 768])
09/16 08:42:29 AM: 	sent_encoder._text_field_embedder.model.encoder.layer.0.attention.self.key.bias: Non-trainable parameter, count 768 with torch.Size([768])
09/16 08:42:29 AM: 	sent_encoder._text_field_embedder.model.encoder.layer.0.attention.self.value.weight: Non-trainable parameter, count 589824 with torch.Size([768, 768])
09/16 08:42:29 AM: 	sent_encoder._text_field_embedder.model.encoder.layer.0.attention.self.value.bias: Non-trainable parameter, count 768 with torch.Size([768])
09/16 08:42:29 AM: 	sent_encoder._text_field_embedder.model.encoder.layer.0.attention.output.dense.weight: Non-trainable parameter, count 589824 with torch.Size([768, 768])
09/16 08:42:29 AM: 	sent_encoder._text_field_embedder.model.encoder.layer.0.attention.output.dense.bias: Non-trainable parameter, count 768 with torch.Size([768])
09/16 08:42:29 AM: 	sent_encoder._text_field_embedder.model.encoder.layer.0.attention.output.LayerNorm.weight: Non-trainable parameter, count 768 with torch.Size([768])
09/16 08:42:29 AM: 	sent_encoder._text_field_embedder.model.encoder.layer.0.attention.output.LayerNorm.bias: Non-trainable parameter, count 768 with torch.Size([768])
09/16 08:42:29 AM: 	sent_encoder._text_field_embedder.model.encoder.layer.0.intermediate.dense.weight: Non-trainable parameter, count 2359296 with torch.Size([3072, 768])
09/16 08:42:29 AM: 	sent_encoder._text_field_embedder.model.encoder.layer.0.intermediate.dense.bias: Non-trainable parameter, count 3072 with torch.Size([3072])
09/16 08:42:29 AM: 	sent_encoder._text_field_embedder.model.encoder.layer.0.output.dense.weight: Non-trainable parameter, count 2359296 with torch.Size([768, 3072])
09/16 08:42:29 AM: 	sent_encoder._text_field_embedder.model.encoder.layer.0.output.dense.bias: Non-trainable parameter, count 768 with torch.Size([768])
09/16 08:42:29 AM: 	sent_encoder._text_field_embedder.model.encoder.layer.0.output.LayerNorm.weight: Non-trainable parameter, count 768 with torch.Size([768])
09/16 08:42:29 AM: 	sent_encoder._text_field_embedder.model.encoder.layer.0.output.LayerNorm.bias: Non-trainable parameter, count 768 with torch.Size([768])
09/16 08:42:29 AM: 	sent_encoder._text_field_embedder.model.encoder.layer.1.attention.self.query.weight: Non-trainable parameter, count 589824 with torch.Size([768, 768])
09/16 08:42:29 AM: 	sent_encoder._text_field_embedder.model.encoder.layer.1.attention.self.query.bias: Non-trainable parameter, count 768 with torch.Size([768])
09/16 08:42:29 AM: 	sent_encoder._text_field_embedder.model.encoder.layer.1.attention.self.key.weight: Non-trainable parameter, count 589824 with torch.Size([768, 768])
09/16 08:42:29 AM: 	sent_encoder._text_field_embedder.model.encoder.layer.1.attention.self.key.bias: Non-trainable parameter, count 768 with torch.Size([768])
09/16 08:42:29 AM: 	sent_encoder._text_field_embedder.model.encoder.layer.1.attention.self.value.weight: Non-trainable parameter, count 589824 with torch.Size([768, 768])
09/16 08:42:29 AM: 	sent_encoder._text_field_embedder.model.encoder.layer.1.attention.self.value.bias: Non-trainable parameter, count 768 with torch.Size([768])
09/16 08:42:29 AM: 	sent_encoder._text_field_embedder.model.encoder.layer.1.attention.output.dense.weight: Non-trainable parameter, count 589824 with torch.Size([768, 768])
09/16 08:42:29 AM: 	sent_encoder._text_field_embedder.model.encoder.layer.1.attention.output.dense.bias: Non-trainable parameter, count 768 with torch.Size([768])
09/16 08:42:29 AM: 	sent_encoder._text_field_embedder.model.encoder.layer.1.attention.output.LayerNorm.weight: Non-trainable parameter, count 768 with torch.Size([768])
09/16 08:42:29 AM: 	sent_encoder._text_field_embedder.model.encoder.layer.1.attention.output.LayerNorm.bias: Non-trainable parameter, count 768 with torch.Size([768])
09/16 08:42:29 AM: 	sent_encoder._text_field_embedder.model.encoder.layer.1.intermediate.dense.weight: Non-trainable parameter, count 2359296 with torch.Size([3072, 768])
09/16 08:42:29 AM: 	sent_encoder._text_field_embedder.model.encoder.layer.1.intermediate.dense.bias: Non-trainable parameter, count 3072 with torch.Size([3072])
09/16 08:42:29 AM: 	sent_encoder._text_field_embedder.model.encoder.layer.1.output.dense.weight: Non-trainable parameter, count 2359296 with torch.Size([768, 3072])
09/16 08:42:29 AM: 	sent_encoder._text_field_embedder.model.encoder.layer.1.output.dense.bias: Non-trainable parameter, count 768 with torch.Size([768])
09/16 08:42:29 AM: 	sent_encoder._text_field_embedder.model.encoder.layer.1.output.LayerNorm.weight: Non-trainable parameter, count 768 with torch.Size([768])
09/16 08:42:29 AM: 	sent_encoder._text_field_embedder.model.encoder.layer.1.output.LayerNorm.bias: Non-trainable parameter, count 768 with torch.Size([768])
09/16 08:42:29 AM: 	sent_encoder._text_field_embedder.model.encoder.layer.2.attention.self.query.weight: Non-trainable parameter, count 589824 with torch.Size([768, 768])
09/16 08:42:29 AM: 	sent_encoder._text_field_embedder.model.encoder.layer.2.attention.self.query.bias: Non-trainable parameter, count 768 with torch.Size([768])
09/16 08:42:29 AM: 	sent_encoder._text_field_embedder.model.encoder.layer.2.attention.self.key.weight: Non-trainable parameter, count 589824 with torch.Size([768, 768])
09/16 08:42:29 AM: 	sent_encoder._text_field_embedder.model.encoder.layer.2.attention.self.key.bias: Non-trainable parameter, count 768 with torch.Size([768])
09/16 08:42:29 AM: 	sent_encoder._text_field_embedder.model.encoder.layer.2.attention.self.value.weight: Non-trainable parameter, count 589824 with torch.Size([768, 768])
09/16 08:42:29 AM: 	sent_encoder._text_field_embedder.model.encoder.layer.2.attention.self.value.bias: Non-trainable parameter, count 768 with torch.Size([768])
09/16 08:42:29 AM: 	sent_encoder._text_field_embedder.model.encoder.layer.2.attention.output.dense.weight: Non-trainable parameter, count 589824 with torch.Size([768, 768])
09/16 08:42:29 AM: 	sent_encoder._text_field_embedder.model.encoder.layer.2.attention.output.dense.bias: Non-trainable parameter, count 768 with torch.Size([768])
09/16 08:42:29 AM: 	sent_encoder._text_field_embedder.model.encoder.layer.2.attention.output.LayerNorm.weight: Non-trainable parameter, count 768 with torch.Size([768])
09/16 08:42:29 AM: 	sent_encoder._text_field_embedder.model.encoder.layer.2.attention.output.LayerNorm.bias: Non-trainable parameter, count 768 with torch.Size([768])
09/16 08:42:29 AM: 	sent_encoder._text_field_embedder.model.encoder.layer.2.intermediate.dense.weight: Non-trainable parameter, count 2359296 with torch.Size([3072, 768])
09/16 08:42:29 AM: 	sent_encoder._text_field_embedder.model.encoder.layer.2.intermediate.dense.bias: Non-trainable parameter, count 3072 with torch.Size([3072])
09/16 08:42:29 AM: 	sent_encoder._text_field_embedder.model.encoder.layer.2.output.dense.weight: Non-trainable parameter, count 2359296 with torch.Size([768, 3072])
09/16 08:42:29 AM: 	sent_encoder._text_field_embedder.model.encoder.layer.2.output.dense.bias: Non-trainable parameter, count 768 with torch.Size([768])
09/16 08:42:29 AM: 	sent_encoder._text_field_embedder.model.encoder.layer.2.output.LayerNorm.weight: Non-trainable parameter, count 768 with torch.Size([768])
09/16 08:42:29 AM: 	sent_encoder._text_field_embedder.model.encoder.layer.2.output.LayerNorm.bias: Non-trainable parameter, count 768 with torch.Size([768])
09/16 08:42:29 AM: 	sent_encoder._text_field_embedder.model.encoder.layer.3.attention.self.query.weight: Non-trainable parameter, count 589824 with torch.Size([768, 768])
09/16 08:42:29 AM: 	sent_encoder._text_field_embedder.model.encoder.layer.3.attention.self.query.bias: Non-trainable parameter, count 768 with torch.Size([768])
09/16 08:42:29 AM: 	sent_encoder._text_field_embedder.model.encoder.layer.3.attention.self.key.weight: Non-trainable parameter, count 589824 with torch.Size([768, 768])
09/16 08:42:29 AM: 	sent_encoder._text_field_embedder.model.encoder.layer.3.attention.self.key.bias: Non-trainable parameter, count 768 with torch.Size([768])
09/16 08:42:29 AM: 	sent_encoder._text_field_embedder.model.encoder.layer.3.attention.self.value.weight: Non-trainable parameter, count 589824 with torch.Size([768, 768])
09/16 08:42:29 AM: 	sent_encoder._text_field_embedder.model.encoder.layer.3.attention.self.value.bias: Non-trainable parameter, count 768 with torch.Size([768])
09/16 08:42:29 AM: 	sent_encoder._text_field_embedder.model.encoder.layer.3.attention.output.dense.weight: Non-trainable parameter, count 589824 with torch.Size([768, 768])
09/16 08:42:29 AM: 	sent_encoder._text_field_embedder.model.encoder.layer.3.attention.output.dense.bias: Non-trainable parameter, count 768 with torch.Size([768])
09/16 08:42:29 AM: 	sent_encoder._text_field_embedder.model.encoder.layer.3.attention.output.LayerNorm.weight: Non-trainable parameter, count 768 with torch.Size([768])
09/16 08:42:29 AM: 	sent_encoder._text_field_embedder.model.encoder.layer.3.attention.output.LayerNorm.bias: Non-trainable parameter, count 768 with torch.Size([768])
09/16 08:42:29 AM: 	sent_encoder._text_field_embedder.model.encoder.layer.3.intermediate.dense.weight: Non-trainable parameter, count 2359296 with torch.Size([3072, 768])
09/16 08:42:29 AM: 	sent_encoder._text_field_embedder.model.encoder.layer.3.intermediate.dense.bias: Non-trainable parameter, count 3072 with torch.Size([3072])
09/16 08:42:29 AM: 	sent_encoder._text_field_embedder.model.encoder.layer.3.output.dense.weight: Non-trainable parameter, count 2359296 with torch.Size([768, 3072])
09/16 08:42:29 AM: 	sent_encoder._text_field_embedder.model.encoder.layer.3.output.dense.bias: Non-trainable parameter, count 768 with torch.Size([768])
09/16 08:42:29 AM: 	sent_encoder._text_field_embedder.model.encoder.layer.3.output.LayerNorm.weight: Non-trainable parameter, count 768 with torch.Size([768])
09/16 08:42:29 AM: 	sent_encoder._text_field_embedder.model.encoder.layer.3.output.LayerNorm.bias: Non-trainable parameter, count 768 with torch.Size([768])
09/16 08:42:29 AM: 	sent_encoder._text_field_embedder.model.encoder.layer.4.attention.self.query.weight: Non-trainable parameter, count 589824 with torch.Size([768, 768])
09/16 08:42:29 AM: 	sent_encoder._text_field_embedder.model.encoder.layer.4.attention.self.query.bias: Non-trainable parameter, count 768 with torch.Size([768])
09/16 08:42:29 AM: 	sent_encoder._text_field_embedder.model.encoder.layer.4.attention.self.key.weight: Non-trainable parameter, count 589824 with torch.Size([768, 768])
09/16 08:42:29 AM: 	sent_encoder._text_field_embedder.model.encoder.layer.4.attention.self.key.bias: Non-trainable parameter, count 768 with torch.Size([768])
09/16 08:42:29 AM: 	sent_encoder._text_field_embedder.model.encoder.layer.4.attention.self.value.weight: Non-trainable parameter, count 589824 with torch.Size([768, 768])
09/16 08:42:29 AM: 	sent_encoder._text_field_embedder.model.encoder.layer.4.attention.self.value.bias: Non-trainable parameter, count 768 with torch.Size([768])
09/16 08:42:29 AM: 	sent_encoder._text_field_embedder.model.encoder.layer.4.attention.output.dense.weight: Non-trainable parameter, count 589824 with torch.Size([768, 768])
09/16 08:42:29 AM: 	sent_encoder._text_field_embedder.model.encoder.layer.4.attention.output.dense.bias: Non-trainable parameter, count 768 with torch.Size([768])
09/16 08:42:29 AM: 	sent_encoder._text_field_embedder.model.encoder.layer.4.attention.output.LayerNorm.weight: Non-trainable parameter, count 768 with torch.Size([768])
09/16 08:42:29 AM: 	sent_encoder._text_field_embedder.model.encoder.layer.4.attention.output.LayerNorm.bias: Non-trainable parameter, count 768 with torch.Size([768])
09/16 08:42:29 AM: 	sent_encoder._text_field_embedder.model.encoder.layer.4.intermediate.dense.weight: Non-trainable parameter, count 2359296 with torch.Size([3072, 768])
09/16 08:42:29 AM: 	sent_encoder._text_field_embedder.model.encoder.layer.4.intermediate.dense.bias: Non-trainable parameter, count 3072 with torch.Size([3072])
09/16 08:42:29 AM: 	sent_encoder._text_field_embedder.model.encoder.layer.4.output.dense.weight: Non-trainable parameter, count 2359296 with torch.Size([768, 3072])
09/16 08:42:29 AM: 	sent_encoder._text_field_embedder.model.encoder.layer.4.output.dense.bias: Non-trainable parameter, count 768 with torch.Size([768])
09/16 08:42:29 AM: 	sent_encoder._text_field_embedder.model.encoder.layer.4.output.LayerNorm.weight: Non-trainable parameter, count 768 with torch.Size([768])
09/16 08:42:29 AM: 	sent_encoder._text_field_embedder.model.encoder.layer.4.output.LayerNorm.bias: Non-trainable parameter, count 768 with torch.Size([768])
09/16 08:42:29 AM: 	sent_encoder._text_field_embedder.model.encoder.layer.5.attention.self.query.weight: Non-trainable parameter, count 589824 with torch.Size([768, 768])
09/16 08:42:29 AM: 	sent_encoder._text_field_embedder.model.encoder.layer.5.attention.self.query.bias: Non-trainable parameter, count 768 with torch.Size([768])
09/16 08:42:29 AM: 	sent_encoder._text_field_embedder.model.encoder.layer.5.attention.self.key.weight: Non-trainable parameter, count 589824 with torch.Size([768, 768])
09/16 08:42:29 AM: 	sent_encoder._text_field_embedder.model.encoder.layer.5.attention.self.key.bias: Non-trainable parameter, count 768 with torch.Size([768])
09/16 08:42:29 AM: 	sent_encoder._text_field_embedder.model.encoder.layer.5.attention.self.value.weight: Non-trainable parameter, count 589824 with torch.Size([768, 768])
09/16 08:42:29 AM: 	sent_encoder._text_field_embedder.model.encoder.layer.5.attention.self.value.bias: Non-trainable parameter, count 768 with torch.Size([768])
09/16 08:42:29 AM: 	sent_encoder._text_field_embedder.model.encoder.layer.5.attention.output.dense.weight: Non-trainable parameter, count 589824 with torch.Size([768, 768])
09/16 08:42:29 AM: 	sent_encoder._text_field_embedder.model.encoder.layer.5.attention.output.dense.bias: Non-trainable parameter, count 768 with torch.Size([768])
09/16 08:42:29 AM: 	sent_encoder._text_field_embedder.model.encoder.layer.5.attention.output.LayerNorm.weight: Non-trainable parameter, count 768 with torch.Size([768])
09/16 08:42:29 AM: 	sent_encoder._text_field_embedder.model.encoder.layer.5.attention.output.LayerNorm.bias: Non-trainable parameter, count 768 with torch.Size([768])
09/16 08:42:29 AM: 	sent_encoder._text_field_embedder.model.encoder.layer.5.intermediate.dense.weight: Non-trainable parameter, count 2359296 with torch.Size([3072, 768])
09/16 08:42:29 AM: 	sent_encoder._text_field_embedder.model.encoder.layer.5.intermediate.dense.bias: Non-trainable parameter, count 3072 with torch.Size([3072])
09/16 08:42:29 AM: 	sent_encoder._text_field_embedder.model.encoder.layer.5.output.dense.weight: Non-trainable parameter, count 2359296 with torch.Size([768, 3072])
09/16 08:42:29 AM: 	sent_encoder._text_field_embedder.model.encoder.layer.5.output.dense.bias: Non-trainable parameter, count 768 with torch.Size([768])
09/16 08:42:29 AM: 	sent_encoder._text_field_embedder.model.encoder.layer.5.output.LayerNorm.weight: Non-trainable parameter, count 768 with torch.Size([768])
09/16 08:42:29 AM: 	sent_encoder._text_field_embedder.model.encoder.layer.5.output.LayerNorm.bias: Non-trainable parameter, count 768 with torch.Size([768])
09/16 08:42:29 AM: 	sent_encoder._text_field_embedder.model.encoder.layer.6.attention.self.query.weight: Non-trainable parameter, count 589824 with torch.Size([768, 768])
09/16 08:42:29 AM: 	sent_encoder._text_field_embedder.model.encoder.layer.6.attention.self.query.bias: Non-trainable parameter, count 768 with torch.Size([768])
09/16 08:42:29 AM: 	sent_encoder._text_field_embedder.model.encoder.layer.6.attention.self.key.weight: Non-trainable parameter, count 589824 with torch.Size([768, 768])
09/16 08:42:29 AM: 	sent_encoder._text_field_embedder.model.encoder.layer.6.attention.self.key.bias: Non-trainable parameter, count 768 with torch.Size([768])
09/16 08:42:29 AM: 	sent_encoder._text_field_embedder.model.encoder.layer.6.attention.self.value.weight: Non-trainable parameter, count 589824 with torch.Size([768, 768])
09/16 08:42:29 AM: 	sent_encoder._text_field_embedder.model.encoder.layer.6.attention.self.value.bias: Non-trainable parameter, count 768 with torch.Size([768])
09/16 08:42:29 AM: 	sent_encoder._text_field_embedder.model.encoder.layer.6.attention.output.dense.weight: Non-trainable parameter, count 589824 with torch.Size([768, 768])
09/16 08:42:29 AM: 	sent_encoder._text_field_embedder.model.encoder.layer.6.attention.output.dense.bias: Non-trainable parameter, count 768 with torch.Size([768])
09/16 08:42:29 AM: 	sent_encoder._text_field_embedder.model.encoder.layer.6.attention.output.LayerNorm.weight: Non-trainable parameter, count 768 with torch.Size([768])
09/16 08:42:29 AM: 	sent_encoder._text_field_embedder.model.encoder.layer.6.attention.output.LayerNorm.bias: Non-trainable parameter, count 768 with torch.Size([768])
09/16 08:42:29 AM: 	sent_encoder._text_field_embedder.model.encoder.layer.6.intermediate.dense.weight: Non-trainable parameter, count 2359296 with torch.Size([3072, 768])
09/16 08:42:29 AM: 	sent_encoder._text_field_embedder.model.encoder.layer.6.intermediate.dense.bias: Non-trainable parameter, count 3072 with torch.Size([3072])
09/16 08:42:29 AM: 	sent_encoder._text_field_embedder.model.encoder.layer.6.output.dense.weight: Non-trainable parameter, count 2359296 with torch.Size([768, 3072])
09/16 08:42:29 AM: 	sent_encoder._text_field_embedder.model.encoder.layer.6.output.dense.bias: Non-trainable parameter, count 768 with torch.Size([768])
09/16 08:42:29 AM: 	sent_encoder._text_field_embedder.model.encoder.layer.6.output.LayerNorm.weight: Non-trainable parameter, count 768 with torch.Size([768])
09/16 08:42:29 AM: 	sent_encoder._text_field_embedder.model.encoder.layer.6.output.LayerNorm.bias: Non-trainable parameter, count 768 with torch.Size([768])
09/16 08:42:29 AM: 	sent_encoder._text_field_embedder.model.encoder.layer.7.attention.self.query.weight: Non-trainable parameter, count 589824 with torch.Size([768, 768])
09/16 08:42:29 AM: 	sent_encoder._text_field_embedder.model.encoder.layer.7.attention.self.query.bias: Non-trainable parameter, count 768 with torch.Size([768])
09/16 08:42:29 AM: 	sent_encoder._text_field_embedder.model.encoder.layer.7.attention.self.key.weight: Non-trainable parameter, count 589824 with torch.Size([768, 768])
09/16 08:42:29 AM: 	sent_encoder._text_field_embedder.model.encoder.layer.7.attention.self.key.bias: Non-trainable parameter, count 768 with torch.Size([768])
09/16 08:42:29 AM: 	sent_encoder._text_field_embedder.model.encoder.layer.7.attention.self.value.weight: Non-trainable parameter, count 589824 with torch.Size([768, 768])
09/16 08:42:29 AM: 	sent_encoder._text_field_embedder.model.encoder.layer.7.attention.self.value.bias: Non-trainable parameter, count 768 with torch.Size([768])
09/16 08:42:29 AM: 	sent_encoder._text_field_embedder.model.encoder.layer.7.attention.output.dense.weight: Non-trainable parameter, count 589824 with torch.Size([768, 768])
09/16 08:42:29 AM: 	sent_encoder._text_field_embedder.model.encoder.layer.7.attention.output.dense.bias: Non-trainable parameter, count 768 with torch.Size([768])
09/16 08:42:29 AM: 	sent_encoder._text_field_embedder.model.encoder.layer.7.attention.output.LayerNorm.weight: Non-trainable parameter, count 768 with torch.Size([768])
09/16 08:42:29 AM: 	sent_encoder._text_field_embedder.model.encoder.layer.7.attention.output.LayerNorm.bias: Non-trainable parameter, count 768 with torch.Size([768])
09/16 08:42:29 AM: 	sent_encoder._text_field_embedder.model.encoder.layer.7.intermediate.dense.weight: Non-trainable parameter, count 2359296 with torch.Size([3072, 768])
09/16 08:42:29 AM: 	sent_encoder._text_field_embedder.model.encoder.layer.7.intermediate.dense.bias: Non-trainable parameter, count 3072 with torch.Size([3072])
09/16 08:42:29 AM: 	sent_encoder._text_field_embedder.model.encoder.layer.7.output.dense.weight: Non-trainable parameter, count 2359296 with torch.Size([768, 3072])
09/16 08:42:29 AM: 	sent_encoder._text_field_embedder.model.encoder.layer.7.output.dense.bias: Non-trainable parameter, count 768 with torch.Size([768])
09/16 08:42:29 AM: 	sent_encoder._text_field_embedder.model.encoder.layer.7.output.LayerNorm.weight: Non-trainable parameter, count 768 with torch.Size([768])
09/16 08:42:29 AM: 	sent_encoder._text_field_embedder.model.encoder.layer.7.output.LayerNorm.bias: Non-trainable parameter, count 768 with torch.Size([768])
09/16 08:42:29 AM: 	sent_encoder._text_field_embedder.model.encoder.layer.8.attention.self.query.weight: Non-trainable parameter, count 589824 with torch.Size([768, 768])
09/16 08:42:29 AM: 	sent_encoder._text_field_embedder.model.encoder.layer.8.attention.self.query.bias: Non-trainable parameter, count 768 with torch.Size([768])
09/16 08:42:29 AM: 	sent_encoder._text_field_embedder.model.encoder.layer.8.attention.self.key.weight: Non-trainable parameter, count 589824 with torch.Size([768, 768])
09/16 08:42:29 AM: 	sent_encoder._text_field_embedder.model.encoder.layer.8.attention.self.key.bias: Non-trainable parameter, count 768 with torch.Size([768])
09/16 08:42:29 AM: 	sent_encoder._text_field_embedder.model.encoder.layer.8.attention.self.value.weight: Non-trainable parameter, count 589824 with torch.Size([768, 768])
09/16 08:42:29 AM: 	sent_encoder._text_field_embedder.model.encoder.layer.8.attention.self.value.bias: Non-trainable parameter, count 768 with torch.Size([768])
09/16 08:42:29 AM: 	sent_encoder._text_field_embedder.model.encoder.layer.8.attention.output.dense.weight: Non-trainable parameter, count 589824 with torch.Size([768, 768])
09/16 08:42:29 AM: 	sent_encoder._text_field_embedder.model.encoder.layer.8.attention.output.dense.bias: Non-trainable parameter, count 768 with torch.Size([768])
09/16 08:42:29 AM: 	sent_encoder._text_field_embedder.model.encoder.layer.8.attention.output.LayerNorm.weight: Non-trainable parameter, count 768 with torch.Size([768])
09/16 08:42:29 AM: 	sent_encoder._text_field_embedder.model.encoder.layer.8.attention.output.LayerNorm.bias: Non-trainable parameter, count 768 with torch.Size([768])
09/16 08:42:29 AM: 	sent_encoder._text_field_embedder.model.encoder.layer.8.intermediate.dense.weight: Non-trainable parameter, count 2359296 with torch.Size([3072, 768])
09/16 08:42:29 AM: 	sent_encoder._text_field_embedder.model.encoder.layer.8.intermediate.dense.bias: Non-trainable parameter, count 3072 with torch.Size([3072])
09/16 08:42:29 AM: 	sent_encoder._text_field_embedder.model.encoder.layer.8.output.dense.weight: Non-trainable parameter, count 2359296 with torch.Size([768, 3072])
09/16 08:42:29 AM: 	sent_encoder._text_field_embedder.model.encoder.layer.8.output.dense.bias: Non-trainable parameter, count 768 with torch.Size([768])
09/16 08:42:29 AM: 	sent_encoder._text_field_embedder.model.encoder.layer.8.output.LayerNorm.weight: Non-trainable parameter, count 768 with torch.Size([768])
09/16 08:42:29 AM: 	sent_encoder._text_field_embedder.model.encoder.layer.8.output.LayerNorm.bias: Non-trainable parameter, count 768 with torch.Size([768])
09/16 08:42:29 AM: 	sent_encoder._text_field_embedder.model.encoder.layer.9.attention.self.query.weight: Non-trainable parameter, count 589824 with torch.Size([768, 768])
09/16 08:42:29 AM: 	sent_encoder._text_field_embedder.model.encoder.layer.9.attention.self.query.bias: Non-trainable parameter, count 768 with torch.Size([768])
09/16 08:42:29 AM: 	sent_encoder._text_field_embedder.model.encoder.layer.9.attention.self.key.weight: Non-trainable parameter, count 589824 with torch.Size([768, 768])
09/16 08:42:29 AM: 	sent_encoder._text_field_embedder.model.encoder.layer.9.attention.self.key.bias: Non-trainable parameter, count 768 with torch.Size([768])
09/16 08:42:29 AM: 	sent_encoder._text_field_embedder.model.encoder.layer.9.attention.self.value.weight: Non-trainable parameter, count 589824 with torch.Size([768, 768])
09/16 08:42:29 AM: 	sent_encoder._text_field_embedder.model.encoder.layer.9.attention.self.value.bias: Non-trainable parameter, count 768 with torch.Size([768])
09/16 08:42:29 AM: 	sent_encoder._text_field_embedder.model.encoder.layer.9.attention.output.dense.weight: Non-trainable parameter, count 589824 with torch.Size([768, 768])
09/16 08:42:29 AM: 	sent_encoder._text_field_embedder.model.encoder.layer.9.attention.output.dense.bias: Non-trainable parameter, count 768 with torch.Size([768])
09/16 08:42:29 AM: 	sent_encoder._text_field_embedder.model.encoder.layer.9.attention.output.LayerNorm.weight: Non-trainable parameter, count 768 with torch.Size([768])
09/16 08:42:29 AM: 	sent_encoder._text_field_embedder.model.encoder.layer.9.attention.output.LayerNorm.bias: Non-trainable parameter, count 768 with torch.Size([768])
09/16 08:42:29 AM: 	sent_encoder._text_field_embedder.model.encoder.layer.9.intermediate.dense.weight: Non-trainable parameter, count 2359296 with torch.Size([3072, 768])
09/16 08:42:29 AM: 	sent_encoder._text_field_embedder.model.encoder.layer.9.intermediate.dense.bias: Non-trainable parameter, count 3072 with torch.Size([3072])
09/16 08:42:29 AM: 	sent_encoder._text_field_embedder.model.encoder.layer.9.output.dense.weight: Non-trainable parameter, count 2359296 with torch.Size([768, 3072])
09/16 08:42:29 AM: 	sent_encoder._text_field_embedder.model.encoder.layer.9.output.dense.bias: Non-trainable parameter, count 768 with torch.Size([768])
09/16 08:42:29 AM: 	sent_encoder._text_field_embedder.model.encoder.layer.9.output.LayerNorm.weight: Non-trainable parameter, count 768 with torch.Size([768])
09/16 08:42:29 AM: 	sent_encoder._text_field_embedder.model.encoder.layer.9.output.LayerNorm.bias: Non-trainable parameter, count 768 with torch.Size([768])
09/16 08:42:29 AM: 	sent_encoder._text_field_embedder.model.encoder.layer.10.attention.self.query.weight: Non-trainable parameter, count 589824 with torch.Size([768, 768])
09/16 08:42:29 AM: 	sent_encoder._text_field_embedder.model.encoder.layer.10.attention.self.query.bias: Non-trainable parameter, count 768 with torch.Size([768])
09/16 08:42:29 AM: 	sent_encoder._text_field_embedder.model.encoder.layer.10.attention.self.key.weight: Non-trainable parameter, count 589824 with torch.Size([768, 768])
09/16 08:42:29 AM: 	sent_encoder._text_field_embedder.model.encoder.layer.10.attention.self.key.bias: Non-trainable parameter, count 768 with torch.Size([768])
09/16 08:42:29 AM: 	sent_encoder._text_field_embedder.model.encoder.layer.10.attention.self.value.weight: Non-trainable parameter, count 589824 with torch.Size([768, 768])
09/16 08:42:29 AM: 	sent_encoder._text_field_embedder.model.encoder.layer.10.attention.self.value.bias: Non-trainable parameter, count 768 with torch.Size([768])
09/16 08:42:29 AM: 	sent_encoder._text_field_embedder.model.encoder.layer.10.attention.output.dense.weight: Non-trainable parameter, count 589824 with torch.Size([768, 768])
09/16 08:42:29 AM: 	sent_encoder._text_field_embedder.model.encoder.layer.10.attention.output.dense.bias: Non-trainable parameter, count 768 with torch.Size([768])
09/16 08:42:29 AM: 	sent_encoder._text_field_embedder.model.encoder.layer.10.attention.output.LayerNorm.weight: Non-trainable parameter, count 768 with torch.Size([768])
09/16 08:42:29 AM: 	sent_encoder._text_field_embedder.model.encoder.layer.10.attention.output.LayerNorm.bias: Non-trainable parameter, count 768 with torch.Size([768])
09/16 08:42:29 AM: 	sent_encoder._text_field_embedder.model.encoder.layer.10.intermediate.dense.weight: Non-trainable parameter, count 2359296 with torch.Size([3072, 768])
09/16 08:42:29 AM: 	sent_encoder._text_field_embedder.model.encoder.layer.10.intermediate.dense.bias: Non-trainable parameter, count 3072 with torch.Size([3072])
09/16 08:42:29 AM: 	sent_encoder._text_field_embedder.model.encoder.layer.10.output.dense.weight: Non-trainable parameter, count 2359296 with torch.Size([768, 3072])
09/16 08:42:29 AM: 	sent_encoder._text_field_embedder.model.encoder.layer.10.output.dense.bias: Non-trainable parameter, count 768 with torch.Size([768])
09/16 08:42:29 AM: 	sent_encoder._text_field_embedder.model.encoder.layer.10.output.LayerNorm.weight: Non-trainable parameter, count 768 with torch.Size([768])
09/16 08:42:29 AM: 	sent_encoder._text_field_embedder.model.encoder.layer.10.output.LayerNorm.bias: Non-trainable parameter, count 768 with torch.Size([768])
09/16 08:42:29 AM: 	sent_encoder._text_field_embedder.model.encoder.layer.11.attention.self.query.weight: Non-trainable parameter, count 589824 with torch.Size([768, 768])
09/16 08:42:29 AM: 	sent_encoder._text_field_embedder.model.encoder.layer.11.attention.self.query.bias: Non-trainable parameter, count 768 with torch.Size([768])
09/16 08:42:29 AM: 	sent_encoder._text_field_embedder.model.encoder.layer.11.attention.self.key.weight: Non-trainable parameter, count 589824 with torch.Size([768, 768])
09/16 08:42:29 AM: 	sent_encoder._text_field_embedder.model.encoder.layer.11.attention.self.key.bias: Non-trainable parameter, count 768 with torch.Size([768])
09/16 08:42:29 AM: 	sent_encoder._text_field_embedder.model.encoder.layer.11.attention.self.value.weight: Non-trainable parameter, count 589824 with torch.Size([768, 768])
09/16 08:42:29 AM: 	sent_encoder._text_field_embedder.model.encoder.layer.11.attention.self.value.bias: Non-trainable parameter, count 768 with torch.Size([768])
09/16 08:42:29 AM: 	sent_encoder._text_field_embedder.model.encoder.layer.11.attention.output.dense.weight: Non-trainable parameter, count 589824 with torch.Size([768, 768])
09/16 08:42:29 AM: 	sent_encoder._text_field_embedder.model.encoder.layer.11.attention.output.dense.bias: Non-trainable parameter, count 768 with torch.Size([768])
09/16 08:42:29 AM: 	sent_encoder._text_field_embedder.model.encoder.layer.11.attention.output.LayerNorm.weight: Non-trainable parameter, count 768 with torch.Size([768])
09/16 08:42:29 AM: 	sent_encoder._text_field_embedder.model.encoder.layer.11.attention.output.LayerNorm.bias: Non-trainable parameter, count 768 with torch.Size([768])
09/16 08:42:29 AM: 	sent_encoder._text_field_embedder.model.encoder.layer.11.intermediate.dense.weight: Non-trainable parameter, count 2359296 with torch.Size([3072, 768])
09/16 08:42:29 AM: 	sent_encoder._text_field_embedder.model.encoder.layer.11.intermediate.dense.bias: Non-trainable parameter, count 3072 with torch.Size([3072])
09/16 08:42:29 AM: 	sent_encoder._text_field_embedder.model.encoder.layer.11.output.dense.weight: Non-trainable parameter, count 2359296 with torch.Size([768, 3072])
09/16 08:42:29 AM: 	sent_encoder._text_field_embedder.model.encoder.layer.11.output.dense.bias: Non-trainable parameter, count 768 with torch.Size([768])
09/16 08:42:29 AM: 	sent_encoder._text_field_embedder.model.encoder.layer.11.output.LayerNorm.weight: Non-trainable parameter, count 768 with torch.Size([768])
09/16 08:42:29 AM: 	sent_encoder._text_field_embedder.model.encoder.layer.11.output.LayerNorm.bias: Non-trainable parameter, count 768 with torch.Size([768])
09/16 08:42:29 AM: 	sent_encoder._text_field_embedder.model.pooler.dense.weight: Non-trainable parameter, count 589824 with torch.Size([768, 768])
09/16 08:42:29 AM: 	sent_encoder._text_field_embedder.model.pooler.dense.bias: Non-trainable parameter, count 768 with torch.Size([768])
09/16 08:42:29 AM: 	edges-spr2_mdl.proj1.weight: Trainable parameter, count 196608 with torch.Size([256, 768, 1])
09/16 08:42:29 AM: 	edges-spr2_mdl.proj1.bias: Trainable parameter, count 256 with torch.Size([256])
09/16 08:42:29 AM: 	edges-spr2_mdl.proj2.weight: Trainable parameter, count 196608 with torch.Size([256, 768, 1])
09/16 08:42:29 AM: 	edges-spr2_mdl.proj2.bias: Trainable parameter, count 256 with torch.Size([256])
09/16 08:42:29 AM: 	edges-spr2_mdl.classifier.classifier.0.weight: Trainable parameter, count 262144 with torch.Size([256, 1024])
09/16 08:42:29 AM: 	edges-spr2_mdl.classifier.classifier.0.bias: Trainable parameter, count 256 with torch.Size([256])
09/16 08:42:29 AM: 	edges-spr2_mdl.classifier.classifier.2.weight: Trainable parameter, count 256 with torch.Size([256])
09/16 08:42:29 AM: 	edges-spr2_mdl.classifier.classifier.2.bias: Trainable parameter, count 256 with torch.Size([256])
09/16 08:42:29 AM: 	edges-spr2_mdl.classifier.classifier.4.weight: Trainable parameter, count 5120 with torch.Size([20, 256])
09/16 08:42:29 AM: 	edges-spr2_mdl.classifier.classifier.4.bias: Trainable parameter, count 20 with torch.Size([20])
09/16 08:42:29 AM: Total number of parameters: 110144020 (1.10144e+08)
09/16 08:42:29 AM: Number of trainable parameters: 661780 (661780)
09/16 08:42:29 AM: Finished building model in 19.405s
09/16 08:42:29 AM: Will run the following steps for this experiment:
Re-training model for individual target tasks 
Evaluating model on tasks: edges-spr2 

09/16 08:42:30 AM: patience = 9
09/16 08:42:30 AM: val_interval = 100
09/16 08:42:30 AM: max_vals = 100
09/16 08:42:30 AM: cuda_device = 0
09/16 08:42:30 AM: grad_norm = 5.0
09/16 08:42:30 AM: grad_clipping = None
09/16 08:42:30 AM: lr_decay = 0.99
09/16 08:42:30 AM: min_lr = 1e-06
09/16 08:42:30 AM: keep_all_checkpoints = 0
09/16 08:42:30 AM: val_data_limit = 5000
09/16 08:42:30 AM: max_epochs = -1
09/16 08:42:30 AM: dec_val_scale = 250
09/16 08:42:30 AM: training_data_fraction = 1
09/16 08:42:30 AM: type = adam
09/16 08:42:30 AM: parameter_groups = None
09/16 08:42:30 AM: Number of trainable parameters: 661780
09/16 08:42:30 AM: infer_type_and_cast = True
09/16 08:42:30 AM: Converting Params object to dict; logging of default values will not occur when dictionary parameters are used subsequently.
09/16 08:42:30 AM: CURRENTLY DEFINED PARAMETERS: 
09/16 08:42:30 AM: lr = 0.0001
09/16 08:42:30 AM: amsgrad = True
09/16 08:42:30 AM: type = reduce_on_plateau
09/16 08:42:30 AM: Converting Params object to dict; logging of default values will not occur when dictionary parameters are used subsequently.
09/16 08:42:30 AM: CURRENTLY DEFINED PARAMETERS: 
09/16 08:42:30 AM: mode = max
09/16 08:42:30 AM: factor = 0.5
09/16 08:42:30 AM: patience = 3
09/16 08:42:30 AM: threshold = 0.0001
09/16 08:42:30 AM: threshold_mode = abs
09/16 08:42:30 AM: verbose = True
09/16 08:42:30 AM: type = adam
09/16 08:42:30 AM: parameter_groups = None
09/16 08:42:30 AM: Number of trainable parameters: 661780
09/16 08:42:30 AM: infer_type_and_cast = True
09/16 08:42:30 AM: Converting Params object to dict; logging of default values will not occur when dictionary parameters are used subsequently.
09/16 08:42:30 AM: CURRENTLY DEFINED PARAMETERS: 
09/16 08:42:30 AM: lr = 0.0001
09/16 08:42:30 AM: amsgrad = True
09/16 08:42:30 AM: type = reduce_on_plateau
09/16 08:42:30 AM: Converting Params object to dict; logging of default values will not occur when dictionary parameters are used subsequently.
09/16 08:42:30 AM: CURRENTLY DEFINED PARAMETERS: 
09/16 08:42:30 AM: mode = max
09/16 08:42:30 AM: factor = 0.5
09/16 08:42:30 AM: patience = 3
09/16 08:42:30 AM: threshold = 0.0001
09/16 08:42:30 AM: threshold_mode = abs
09/16 08:42:30 AM: verbose = True
09/16 08:42:30 AM: Starting training without restoring from a checkpoint.
09/16 08:42:30 AM: Training examples per task, before any subsampling: {'edges-spr2': 2226}
09/16 08:42:30 AM: Beginning training with stopping criteria based on metric: edges-spr2_f1
09/16 08:42:34 AM: ***** Step 100 / Validation 1 *****
09/16 08:42:34 AM: edges-spr2: trained on 100 batches, 1.429 epochs
09/16 08:42:34 AM: Validating...
09/16 08:42:35 AM: Best result seen so far for edges-spr2.
09/16 08:42:35 AM: Best result seen so far for micro.
09/16 08:42:35 AM: Best result seen so far for macro.
09/16 08:42:35 AM: Updating LR scheduler:
09/16 08:42:35 AM: 	Best result seen so far for macro_avg: 0.786
09/16 08:42:35 AM: 	# validation passes without improvement: 0
09/16 08:42:35 AM: edges-spr2_loss: training: 0.390115 validation: 0.352612
09/16 08:42:35 AM: macro_avg: validation: 0.785739
09/16 08:42:35 AM: micro_avg: validation: 0.000000
09/16 08:42:35 AM: edges-spr2_mcc: training: 0.603811 validation: 0.674139
09/16 08:42:35 AM: edges-spr2_acc: training: 0.045115 validation: 0.073016
09/16 08:42:35 AM: edges-spr2_precision: training: 0.765117 validation: 0.840029
09/16 08:42:35 AM: edges-spr2_recall: training: 0.725172 validation: 0.738040
09/16 08:42:35 AM: edges-spr2_f1: training: 0.744609 validation: 0.785739
09/16 08:42:35 AM: Global learning rate: 0.0001
09/16 08:42:35 AM: Saving checkpoints to: ./experiments/spr2-memorization-only/run
09/16 08:42:39 AM: ***** Step 200 / Validation 2 *****
09/16 08:42:39 AM: edges-spr2: trained on 100 batches, 1.429 epochs
09/16 08:42:39 AM: Validating...
09/16 08:42:40 AM: Best result seen so far for edges-spr2.
09/16 08:42:40 AM: Best result seen so far for macro.
09/16 08:42:40 AM: Updating LR scheduler:
09/16 08:42:40 AM: 	Best result seen so far for macro_avg: 0.798
09/16 08:42:40 AM: 	# validation passes without improvement: 0
09/16 08:42:40 AM: edges-spr2_loss: training: 0.320212 validation: 0.340209
09/16 08:42:40 AM: macro_avg: validation: 0.797635
09/16 08:42:40 AM: micro_avg: validation: 0.000000
09/16 08:42:40 AM: edges-spr2_mcc: training: 0.680384 validation: 0.688342
09/16 08:42:40 AM: edges-spr2_acc: training: 0.059328 validation: 0.076190
09/16 08:42:40 AM: edges-spr2_precision: training: 0.822987 validation: 0.839005
09/16 08:42:40 AM: edges-spr2_recall: training: 0.763173 validation: 0.760153
09/16 08:42:40 AM: edges-spr2_f1: training: 0.791952 validation: 0.797635
09/16 08:42:40 AM: Global learning rate: 0.0001
09/16 08:42:40 AM: Saving checkpoints to: ./experiments/spr2-memorization-only/run
09/16 08:42:40 AM: Update 206: task edges-spr2, batch 6 (206): mcc: 0.6774, acc: 0.0432, precision: 0.8237, recall: 0.7589, f1: 0.7900, edges-spr2_loss: 0.3147
09/16 08:42:45 AM: ***** Step 300 / Validation 3 *****
09/16 08:42:45 AM: edges-spr2: trained on 100 batches, 1.429 epochs
09/16 08:42:45 AM: Validating...
09/16 08:42:45 AM: Updating LR scheduler:
09/16 08:42:45 AM: 	Best result seen so far for macro_avg: 0.798
09/16 08:42:45 AM: 	# validation passes without improvement: 1
09/16 08:42:45 AM: edges-spr2_loss: training: 0.304059 validation: 0.336132
09/16 08:42:45 AM: macro_avg: validation: 0.796375
09/16 08:42:45 AM: micro_avg: validation: 0.000000
09/16 08:42:45 AM: edges-spr2_mcc: training: 0.695497 validation: 0.687191
09/16 08:42:45 AM: edges-spr2_acc: training: 0.070508 validation: 0.079365
09/16 08:42:45 AM: edges-spr2_precision: training: 0.830275 validation: 0.840378
09/16 08:42:45 AM: edges-spr2_recall: training: 0.776452 validation: 0.756751
09/16 08:42:45 AM: edges-spr2_f1: training: 0.802462 validation: 0.796375
09/16 08:42:45 AM: Global learning rate: 0.0001
09/16 08:42:45 AM: Saving checkpoints to: ./experiments/spr2-memorization-only/run
09/16 08:42:50 AM: ***** Step 400 / Validation 4 *****
09/16 08:42:50 AM: edges-spr2: trained on 100 batches, 1.429 epochs
09/16 08:42:50 AM: Validating...
09/16 08:42:50 AM: Evaluate: task edges-spr2, batch 5 (10): mcc: 0.6917, acc: 0.0726, precision: 0.8500, recall: 0.7614, f1: 0.8033, edges-spr2_loss: 0.3118
09/16 08:42:50 AM: Best result seen so far for edges-spr2.
09/16 08:42:50 AM: Best result seen so far for macro.
09/16 08:42:50 AM: Updating LR scheduler:
09/16 08:42:50 AM: 	Best result seen so far for macro_avg: 0.799
09/16 08:42:50 AM: 	# validation passes without improvement: 0
09/16 08:42:50 AM: edges-spr2_loss: training: 0.291769 validation: 0.337890
09/16 08:42:50 AM: macro_avg: validation: 0.798791
09/16 08:42:50 AM: micro_avg: validation: 0.000000
09/16 08:42:50 AM: edges-spr2_mcc: training: 0.708623 validation: 0.691161
09/16 08:42:50 AM: edges-spr2_acc: training: 0.077401 validation: 0.071429
09/16 08:42:50 AM: edges-spr2_precision: training: 0.834174 validation: 0.843661
09/16 08:42:50 AM: edges-spr2_recall: training: 0.790495 validation: 0.758452
09/16 08:42:50 AM: edges-spr2_f1: training: 0.811747 validation: 0.798791
09/16 08:42:50 AM: Global learning rate: 0.0001
09/16 08:42:50 AM: Saving checkpoints to: ./experiments/spr2-memorization-only/run
09/16 08:42:55 AM: ***** Step 500 / Validation 5 *****
09/16 08:42:55 AM: edges-spr2: trained on 100 batches, 1.429 epochs
09/16 08:42:55 AM: Validating...
09/16 08:42:56 AM: Best result seen so far for edges-spr2.
09/16 08:42:56 AM: Best result seen so far for macro.
09/16 08:42:56 AM: Updating LR scheduler:
09/16 08:42:56 AM: 	Best result seen so far for macro_avg: 0.803
09/16 08:42:56 AM: 	# validation passes without improvement: 0
09/16 08:42:56 AM: edges-spr2_loss: training: 0.283732 validation: 0.336751
09/16 08:42:56 AM: macro_avg: validation: 0.802645
09/16 08:42:56 AM: micro_avg: validation: 0.000000
09/16 08:42:56 AM: edges-spr2_mcc: training: 0.716844 validation: 0.692931
09/16 08:42:56 AM: edges-spr2_acc: training: 0.083771 validation: 0.071429
09/16 08:42:56 AM: edges-spr2_precision: training: 0.837906 validation: 0.833028
09/16 08:42:56 AM: edges-spr2_recall: training: 0.798386 validation: 0.774399
09/16 08:42:56 AM: edges-spr2_f1: training: 0.817669 validation: 0.802645
09/16 08:42:56 AM: Global learning rate: 0.0001
09/16 08:42:56 AM: Saving checkpoints to: ./experiments/spr2-memorization-only/run
09/16 08:42:59 AM: ***** Step 600 / Validation 6 *****
09/16 08:42:59 AM: edges-spr2: trained on 100 batches, 1.429 epochs
09/16 08:42:59 AM: Validating...
09/16 08:42:59 AM: Updating LR scheduler:
09/16 08:42:59 AM: 	Best result seen so far for macro_avg: 0.803
09/16 08:42:59 AM: 	# validation passes without improvement: 1
09/16 08:42:59 AM: edges-spr2_loss: training: 0.276935 validation: 0.338453
09/16 08:42:59 AM: macro_avg: validation: 0.802365
09/16 08:42:59 AM: micro_avg: validation: 0.000000
09/16 08:42:59 AM: edges-spr2_mcc: training: 0.724361 validation: 0.690939
09/16 08:42:59 AM: edges-spr2_acc: training: 0.090730 validation: 0.065079
09/16 08:42:59 AM: edges-spr2_precision: training: 0.841117 validation: 0.827088
09/16 08:42:59 AM: edges-spr2_recall: training: 0.804783 validation: 0.779077
09/16 08:42:59 AM: edges-spr2_f1: training: 0.822549 validation: 0.802365
09/16 08:42:59 AM: Global learning rate: 0.0001
09/16 08:42:59 AM: Saving checkpoints to: ./experiments/spr2-memorization-only/run
09/16 08:43:00 AM: Update 615: task edges-spr2, batch 15 (615): mcc: 0.7418, acc: 0.0773, precision: 0.8473, recall: 0.8268, f1: 0.8369, edges-spr2_loss: 0.2667
09/16 08:43:04 AM: ***** Step 700 / Validation 7 *****
09/16 08:43:04 AM: edges-spr2: trained on 100 batches, 1.429 epochs
09/16 08:43:04 AM: Validating...
09/16 08:43:04 AM: Updating LR scheduler:
09/16 08:43:04 AM: 	Best result seen so far for macro_avg: 0.803
09/16 08:43:04 AM: 	# validation passes without improvement: 2
09/16 08:43:04 AM: edges-spr2_loss: training: 0.269940 validation: 0.342149
09/16 08:43:04 AM: macro_avg: validation: 0.800307
09/16 08:43:04 AM: micro_avg: validation: 0.000000
09/16 08:43:04 AM: edges-spr2_mcc: training: 0.732745 validation: 0.688348
09/16 08:43:04 AM: edges-spr2_acc: training: 0.085054 validation: 0.079365
09/16 08:43:04 AM: edges-spr2_precision: training: 0.844674 validation: 0.827281
09/16 08:43:04 AM: edges-spr2_recall: training: 0.812841 validation: 0.775037
09/16 08:43:04 AM: edges-spr2_f1: training: 0.828452 validation: 0.800307
09/16 08:43:04 AM: Global learning rate: 0.0001
09/16 08:43:04 AM: Saving checkpoints to: ./experiments/spr2-memorization-only/run
09/16 08:43:08 AM: ***** Step 800 / Validation 8 *****
09/16 08:43:08 AM: edges-spr2: trained on 100 batches, 1.429 epochs
09/16 08:43:08 AM: Validating...
09/16 08:43:09 AM: Updating LR scheduler:
09/16 08:43:09 AM: 	Best result seen so far for macro_avg: 0.803
09/16 08:43:09 AM: 	# validation passes without improvement: 3
09/16 08:43:09 AM: edges-spr2_loss: training: 0.264702 validation: 0.343651
09/16 08:43:09 AM: macro_avg: validation: 0.801458
09/16 08:43:09 AM: micro_avg: validation: 0.000000
09/16 08:43:09 AM: edges-spr2_mcc: training: 0.738321 validation: 0.691744
09/16 08:43:09 AM: edges-spr2_acc: training: 0.094824 validation: 0.069841
09/16 08:43:09 AM: edges-spr2_precision: training: 0.848119 validation: 0.834177
09/16 08:43:09 AM: edges-spr2_recall: training: 0.816357 validation: 0.771210
09/16 08:43:09 AM: edges-spr2_f1: training: 0.831935 validation: 0.801458
09/16 08:43:09 AM: Global learning rate: 0.0001
09/16 08:43:09 AM: Saving checkpoints to: ./experiments/spr2-memorization-only/run
09/16 08:43:10 AM: Update 832: task edges-spr2, batch 32 (832): mcc: 0.7369, acc: 0.0943, precision: 0.8476, recall: 0.8145, f1: 0.8307, edges-spr2_loss: 0.2638
09/16 08:43:14 AM: ***** Step 900 / Validation 9 *****
09/16 08:43:14 AM: edges-spr2: trained on 100 batches, 1.429 epochs
09/16 08:43:14 AM: Validating...
09/16 08:43:14 AM: Updating LR scheduler:
09/16 08:43:14 AM: 	Best result seen so far for macro_avg: 0.803
09/16 08:43:14 AM: 	# validation passes without improvement: 0
09/16 08:43:14 AM: edges-spr2_loss: training: 0.260809 validation: 0.348293
09/16 08:43:14 AM: macro_avg: validation: 0.798857
09/16 08:43:14 AM: micro_avg: validation: 0.000000
09/16 08:43:14 AM: edges-spr2_mcc: training: 0.738617 validation: 0.686373
09/16 08:43:14 AM: edges-spr2_acc: training: 0.095959 validation: 0.071429
09/16 08:43:14 AM: edges-spr2_precision: training: 0.848051 validation: 0.826849
09/16 08:43:14 AM: edges-spr2_recall: training: 0.816311 validation: 0.772698
09/16 08:43:14 AM: edges-spr2_f1: training: 0.831878 validation: 0.798857
09/16 08:43:14 AM: Global learning rate: 5e-05
09/16 08:43:14 AM: Saving checkpoints to: ./experiments/spr2-memorization-only/run
09/16 08:43:19 AM: ***** Step 1000 / Validation 10 *****
09/16 08:43:19 AM: edges-spr2: trained on 100 batches, 1.429 epochs
09/16 08:43:19 AM: Validating...
09/16 08:43:19 AM: Updating LR scheduler:
09/16 08:43:19 AM: 	Best result seen so far for macro_avg: 0.803
09/16 08:43:19 AM: 	# validation passes without improvement: 1
09/16 08:43:19 AM: edges-spr2_loss: training: 0.256888 validation: 0.346084
09/16 08:43:19 AM: macro_avg: validation: 0.795903
09/16 08:43:19 AM: micro_avg: validation: 0.000000
09/16 08:43:19 AM: edges-spr2_mcc: training: 0.745455 validation: 0.682273
09/16 08:43:19 AM: edges-spr2_acc: training: 0.108659 validation: 0.061905
09/16 08:43:19 AM: edges-spr2_precision: training: 0.852495 validation: 0.825640
09/16 08:43:19 AM: edges-spr2_recall: training: 0.822281 validation: 0.768233
09/16 08:43:19 AM: edges-spr2_f1: training: 0.837115 validation: 0.795903
09/16 08:43:19 AM: Global learning rate: 5e-05
09/16 08:43:19 AM: Saving checkpoints to: ./experiments/spr2-memorization-only/run
09/16 08:43:20 AM: Update 1016: task edges-spr2, batch 16 (1016): mcc: 0.7643, acc: 0.1219, precision: 0.8655, recall: 0.8345, f1: 0.8497, edges-spr2_loss: 0.2508
09/16 08:43:23 AM: ***** Step 1100 / Validation 11 *****
09/16 08:43:23 AM: edges-spr2: trained on 100 batches, 1.429 epochs
09/16 08:43:23 AM: Validating...
09/16 08:43:24 AM: Updating LR scheduler:
09/16 08:43:24 AM: 	Best result seen so far for macro_avg: 0.803
09/16 08:43:24 AM: 	# validation passes without improvement: 2
09/16 08:43:24 AM: edges-spr2_loss: training: 0.251290 validation: 0.348004
09/16 08:43:24 AM: macro_avg: validation: 0.797807
09/16 08:43:24 AM: micro_avg: validation: 0.000000
09/16 08:43:24 AM: edges-spr2_mcc: training: 0.753149 validation: 0.684133
09/16 08:43:24 AM: edges-spr2_acc: training: 0.107091 validation: 0.065079
09/16 08:43:24 AM: edges-spr2_precision: training: 0.855429 validation: 0.823636
09/16 08:43:24 AM: edges-spr2_recall: training: 0.828147 validation: 0.773549
09/16 08:43:24 AM: edges-spr2_f1: training: 0.841567 validation: 0.797807
09/16 08:43:24 AM: Global learning rate: 5e-05
09/16 08:43:24 AM: Saving checkpoints to: ./experiments/spr2-memorization-only/run
09/16 08:43:28 AM: ***** Step 1200 / Validation 12 *****
09/16 08:43:28 AM: edges-spr2: trained on 100 batches, 1.429 epochs
09/16 08:43:28 AM: Validating...
09/16 08:43:29 AM: Updating LR scheduler:
09/16 08:43:29 AM: 	Best result seen so far for macro_avg: 0.803
09/16 08:43:29 AM: 	# validation passes without improvement: 3
09/16 08:43:29 AM: edges-spr2_loss: training: 0.252326 validation: 0.349030
09/16 08:43:29 AM: macro_avg: validation: 0.800780
09/16 08:43:29 AM: micro_avg: validation: 0.000000
09/16 08:43:29 AM: edges-spr2_mcc: training: 0.751901 validation: 0.685871
09/16 08:43:29 AM: edges-spr2_acc: training: 0.111406 validation: 0.063492
09/16 08:43:29 AM: edges-spr2_precision: training: 0.855971 validation: 0.815795
09/16 08:43:29 AM: edges-spr2_recall: training: 0.826272 validation: 0.786307
09/16 08:43:29 AM: edges-spr2_f1: training: 0.840859 validation: 0.800780
09/16 08:43:29 AM: Global learning rate: 5e-05
09/16 08:43:29 AM: Saving checkpoints to: ./experiments/spr2-memorization-only/run
09/16 08:43:30 AM: Update 1231: task edges-spr2, batch 31 (1231): mcc: 0.7596, acc: 0.1199, precision: 0.8581, recall: 0.8346, f1: 0.8462, edges-spr2_loss: 0.2472
09/16 08:43:33 AM: ***** Step 1300 / Validation 13 *****
09/16 08:43:33 AM: edges-spr2: trained on 100 batches, 1.429 epochs
09/16 08:43:33 AM: Validating...
09/16 08:43:34 AM: Updating LR scheduler:
09/16 08:43:34 AM: 	Best result seen so far for macro_avg: 0.803
09/16 08:43:34 AM: 	# validation passes without improvement: 0
09/16 08:43:34 AM: edges-spr2_loss: training: 0.248768 validation: 0.353257
09/16 08:43:34 AM: macro_avg: validation: 0.795661
09/16 08:43:34 AM: micro_avg: validation: 0.000000
09/16 08:43:34 AM: edges-spr2_mcc: training: 0.757267 validation: 0.680579
09/16 08:43:34 AM: edges-spr2_acc: training: 0.112536 validation: 0.066667
09/16 08:43:34 AM: edges-spr2_precision: training: 0.859268 validation: 0.820750
09/16 08:43:34 AM: edges-spr2_recall: training: 0.829343 validation: 0.772060
09/16 08:43:34 AM: edges-spr2_f1: training: 0.844041 validation: 0.795661
09/16 08:43:34 AM: Global learning rate: 2.5e-05
09/16 08:43:34 AM: Saving checkpoints to: ./experiments/spr2-memorization-only/run
09/16 08:43:38 AM: ***** Step 1400 / Validation 14 *****
09/16 08:43:38 AM: edges-spr2: trained on 100 batches, 1.429 epochs
09/16 08:43:38 AM: Validating...
09/16 08:43:39 AM: Updating LR scheduler:
09/16 08:43:39 AM: 	Best result seen so far for macro_avg: 0.803
09/16 08:43:39 AM: 	# validation passes without improvement: 1
09/16 08:43:39 AM: edges-spr2_loss: training: 0.246244 validation: 0.352530
09/16 08:43:39 AM: macro_avg: validation: 0.797376
09/16 08:43:39 AM: micro_avg: validation: 0.000000
09/16 08:43:39 AM: edges-spr2_mcc: training: 0.758331 validation: 0.682792
09/16 08:43:39 AM: edges-spr2_acc: training: 0.116854 validation: 0.060317
09/16 08:43:39 AM: edges-spr2_precision: training: 0.859291 validation: 0.820801
09/16 08:43:39 AM: edges-spr2_recall: training: 0.831644 validation: 0.775250
09/16 08:43:39 AM: edges-spr2_f1: training: 0.845242 validation: 0.797376
09/16 08:43:39 AM: Global learning rate: 2.5e-05
09/16 08:43:39 AM: Saving checkpoints to: ./experiments/spr2-memorization-only/run
09/16 08:43:40 AM: Update 1422: task edges-spr2, batch 22 (1422): mcc: 0.7560, acc: 0.1120, precision: 0.8595, recall: 0.8278, f1: 0.8434, edges-spr2_loss: 0.2490
09/16 08:43:43 AM: ***** Step 1500 / Validation 15 *****
09/16 08:43:43 AM: edges-spr2: trained on 100 batches, 1.429 epochs
09/16 08:43:43 AM: Validating...
09/16 08:43:43 AM: Updating LR scheduler:
09/16 08:43:43 AM: 	Best result seen so far for macro_avg: 0.803
09/16 08:43:43 AM: 	# validation passes without improvement: 2
09/16 08:43:43 AM: Ran out of early stopping patience. Stopping training.
09/16 08:43:43 AM: edges-spr2_loss: training: 0.244838 validation: 0.353329
09/16 08:43:43 AM: macro_avg: validation: 0.799480
09/16 08:43:43 AM: micro_avg: validation: 0.000000
09/16 08:43:43 AM: edges-spr2_mcc: training: 0.758911 validation: 0.683820
09/16 08:43:43 AM: edges-spr2_acc: training: 0.116529 validation: 0.055556
09/16 08:43:43 AM: edges-spr2_precision: training: 0.860476 validation: 0.814472
09/16 08:43:43 AM: edges-spr2_recall: training: 0.831128 validation: 0.785031
09/16 08:43:43 AM: edges-spr2_f1: training: 0.845547 validation: 0.799480
09/16 08:43:43 AM: Global learning rate: 2.5e-05
09/16 08:43:43 AM: Saving checkpoints to: ./experiments/spr2-memorization-only/run
09/16 08:43:43 AM: Stopped training after 15 validation checks
09/16 08:43:43 AM: Trained edges-spr2 for 1500 batches or 21.429 epochs
09/16 08:43:43 AM: ***** VALIDATION RESULTS *****
09/16 08:43:43 AM: edges-spr2_f1 (for best val pass 5): edges-spr2_loss: 0.33675, macro_avg: 0.80264, micro_avg: 0.00000, edges-spr2_mcc: 0.69293, edges-spr2_acc: 0.07143, edges-spr2_precision: 0.83303, edges-spr2_recall: 0.77440, edges-spr2_f1: 0.80264
09/16 08:43:43 AM: micro_avg (for best val pass 1): edges-spr2_loss: 0.35261, macro_avg: 0.78574, micro_avg: 0.00000, edges-spr2_mcc: 0.67414, edges-spr2_acc: 0.07302, edges-spr2_precision: 0.84003, edges-spr2_recall: 0.73804, edges-spr2_f1: 0.78574
09/16 08:43:43 AM: macro_avg (for best val pass 5): edges-spr2_loss: 0.33675, macro_avg: 0.80264, micro_avg: 0.00000, edges-spr2_mcc: 0.69293, edges-spr2_acc: 0.07143, edges-spr2_precision: 0.83303, edges-spr2_recall: 0.77440, edges-spr2_f1: 0.80264
09/16 08:43:43 AM: Evaluating...
09/16 08:43:43 AM: Loaded model state from ./experiments/spr2-memorization-only/run/edges-spr2/model_state_target_train_val_5.best.th
09/16 08:43:43 AM: Evaluating on: edges-spr2, split: val
09/16 08:43:44 AM: Task 'edges-spr2': sorting predictions by 'idx'
09/16 08:43:44 AM: Finished evaluating on: edges-spr2
09/16 08:43:44 AM: Task 'edges-spr2': joining predictions with input split 'val'
09/16 08:43:44 AM: Task 'edges-spr2': Wrote predictions to ./experiments/spr2-memorization-only/run
09/16 08:43:44 AM: Wrote all preds for split 'val' to ./experiments/spr2-memorization-only/run
09/16 08:43:44 AM: Evaluating on: edges-spr2, split: test
09/16 08:43:44 AM: Task 'edges-spr2': sorting predictions by 'idx'
09/16 08:43:44 AM: Finished evaluating on: edges-spr2
09/16 08:43:44 AM: Task 'edges-spr2': joining predictions with input split 'test'
09/16 08:43:44 AM: Task 'edges-spr2': Wrote predictions to ./experiments/spr2-memorization-only/run
09/16 08:43:44 AM: Wrote all preds for split 'test' to ./experiments/spr2-memorization-only/run
09/16 08:43:44 AM: Writing results for split 'val' to ./experiments/spr2-memorization-only/results.tsv
09/16 08:43:44 AM: micro_avg: 0.000, macro_avg: 0.803, edges-spr2_mcc: 0.693, edges-spr2_acc: 0.071, edges-spr2_precision: 0.833, edges-spr2_recall: 0.774, edges-spr2_f1: 0.803
09/16 08:43:44 AM: Done!
09/16 08:43:44 AM: Fatal error in main():
Traceback (most recent call last):
  File "main.py", line 16, in <module>
    main(sys.argv[1:])
  File "/srv/home/ericwallace/jiant/jiant/__main__.py", line 610, in main
    exit("Done exited")
  File "/home/ericwallace/miniconda3/envs/jiant/lib/python3.6/_sitebuiltins.py", line 26, in __call__
    raise SystemExit(code)
SystemExit: Done exited
