09/16 08:49:20 AM: Git branch: master
09/16 08:49:20 AM: Git SHA: 1f47e9f0cf1d882ab41f98d47f94e0f8258db16b
09/16 08:49:21 AM: Parsed args: 
{
  "allow_missing_task_map": 1,
  "allow_untrained_encoder_parameters": 1,
  "do_pretrain": 0,
  "exp_dir": "./experiments/spr2-hotpot-only/",
  "exp_name": "experiments/spr2-hotpot-only",
  "input_module": "bert-base-uncased",
  "local_log_path": "./experiments/spr2-hotpot-only/run/log.log",
  "lr_patience": 3,
  "max_seq_len": 512,
  "output_mode": "top",
  "patience": 9,
  "pretrain_tasks": "",
  "pretrained_dir": "models/hotpot",
  "pytorch_transformers_output_mode": "only",
  "remote_log_name": "experiments/spr2-hotpot-only__run",
  "run_dir": "./experiments/spr2-hotpot-only/run",
  "run_name": "run",
  "sent_enc": "none",
  "sep_embs_for_skip": 1,
  "target_tasks": "edges-spr2",
  "tokenizer": "bert-base-uncased",
  "write_preds": "val,test"
}
09/16 08:49:21 AM: Saved config to ./experiments/spr2-hotpot-only/run/params.conf
09/16 08:49:21 AM: Using random seed 1234
09/16 08:49:23 AM: Using GPU 0
09/16 08:49:23 AM: Loading tasks...
09/16 08:49:23 AM: Writing pre-preprocessed tasks to ./experiments/spr2-hotpot-only/
09/16 08:49:23 AM: 	Creating task edges-spr2 from scratch.
09/16 08:49:23 AM: Read=2226, Skip=0, Total=2226 from ./probing_data/edges/spr2/edges.train.json.retokenized.bert-base-uncased
09/16 08:49:23 AM: Read=291, Skip=0, Total=291 from ./probing_data/edges/spr2/edges.dev.json.retokenized.bert-base-uncased
09/16 08:49:23 AM: Read=276, Skip=0, Total=276 from ./probing_data/edges/spr2/edges.test.json.retokenized.bert-base-uncased
09/16 08:49:23 AM: 	Task 'edges-spr2': |train|=2226 |val|=291 |test|=276
09/16 08:49:23 AM: 	Finished loading tasks: edges-spr2.
09/16 08:49:23 AM: 	Building vocab from scratch.
09/16 08:49:23 AM: 	Counting units for task edges-spr2.
09/16 08:49:23 AM: 	Task 'edges-spr2': adding vocab namespace 'edges-spr2_labels'
09/16 08:49:24 AM: loading file https://s3.amazonaws.com/models.huggingface.co/bert/bert-base-uncased-vocab.txt from cache at /home/ericwallace/.cache/torch/pytorch_transformers/26bc1ad6c0ac742e9b52263248f6d0f00068293b33709fae12320c0e35ccfbbb.542ce4285a40d23a559526243235df47c5f75c197f04f37d1a0c124c32c9a084
09/16 08:49:24 AM: Added pytorch_transformers vocab (bert-base-uncased): 30522 tokens
09/16 08:49:24 AM: 	Saved vocab to ./experiments/spr2-hotpot-only/vocab
09/16 08:49:24 AM: Loading token dictionary from ./experiments/spr2-hotpot-only/vocab.
09/16 08:49:25 AM: 	Loaded vocab from ./experiments/spr2-hotpot-only/vocab
09/16 08:49:25 AM: 	Vocab namespace tokens: size 7943
09/16 08:49:25 AM: 	Vocab namespace edges-spr2_labels: size 20
09/16 08:49:25 AM: 	Vocab namespace bert_uncased: size 30524
09/16 08:49:25 AM: 	Vocab namespace chars: size 65
09/16 08:49:25 AM: 	Finished building vocab.
09/16 08:49:25 AM: 	Task edges-spr2 (train): Indexing from scratch.
09/16 08:49:25 AM: 	Task edges-spr2 (train): Saved 2226 instances to ./experiments/spr2-hotpot-only/preproc/edges-spr2__train_data
09/16 08:49:25 AM: 	Task edges-spr2 (val): Indexing from scratch.
09/16 08:49:25 AM: 	Task edges-spr2 (val): Saved 291 instances to ./experiments/spr2-hotpot-only/preproc/edges-spr2__val_data
09/16 08:49:25 AM: 	Task edges-spr2 (test): Indexing from scratch.
09/16 08:49:25 AM: 	Task edges-spr2 (test): Saved 276 instances to ./experiments/spr2-hotpot-only/preproc/edges-spr2__test_data
09/16 08:49:25 AM: 	Finished indexing tasks
09/16 08:49:25 AM: 	Creating trimmed target-only version of edges-spr2 train.
09/16 08:49:25 AM: 	  Training on 
09/16 08:49:25 AM: 	  Evaluating on edges-spr2
09/16 08:49:25 AM: 	Finished loading tasks in 2.494s
09/16 08:49:25 AM: 	 Tasks: ['edges-spr2']
09/16 08:49:25 AM: Building model...
09/16 08:49:25 AM: Using BERT model (bert-base-uncased).
09/16 08:49:25 AM: LOADING A FUNETUNED MODEL from: 
09/16 08:49:25 AM: models/hotpot
09/16 08:49:25 AM: loading configuration file models/hotpot/config.json
09/16 08:49:25 AM: Model config {
  "attention_probs_dropout_prob": 0.1,
  "finetuning_task": null,
  "hidden_act": "gelu",
  "hidden_dropout_prob": 0.1,
  "hidden_size": 768,
  "initializer_range": 0.02,
  "intermediate_size": 3072,
  "layer_norm_eps": 1e-12,
  "max_position_embeddings": 512,
  "num_attention_heads": 12,
  "num_hidden_layers": 12,
  "num_labels": 2,
  "output_attentions": false,
  "output_hidden_states": true,
  "pruned_heads": {},
  "torchscript": false,
  "type_vocab_size": 2,
  "vocab_size": 30522
}

09/16 08:49:25 AM: loading weights file models/hotpot/pytorch_model.bin
09/16 08:49:37 AM: https://s3.amazonaws.com/models.huggingface.co/bert/bert-base-uncased-vocab.txt not found in cache or force_download set to True, downloading to /tmp/tmp5xal8296
09/16 08:49:39 AM: copying /tmp/tmp5xal8296 to cache at ./experiments/spr2-hotpot-only/pytorch_transformers_cache/26bc1ad6c0ac742e9b52263248f6d0f00068293b33709fae12320c0e35ccfbbb.542ce4285a40d23a559526243235df47c5f75c197f04f37d1a0c124c32c9a084
09/16 08:49:39 AM: creating metadata file for ./experiments/spr2-hotpot-only/pytorch_transformers_cache/26bc1ad6c0ac742e9b52263248f6d0f00068293b33709fae12320c0e35ccfbbb.542ce4285a40d23a559526243235df47c5f75c197f04f37d1a0c124c32c9a084
09/16 08:49:39 AM: removing temp file /tmp/tmp5xal8296
09/16 08:49:39 AM: loading file https://s3.amazonaws.com/models.huggingface.co/bert/bert-base-uncased-vocab.txt from cache at ./experiments/spr2-hotpot-only/pytorch_transformers_cache/26bc1ad6c0ac742e9b52263248f6d0f00068293b33709fae12320c0e35ccfbbb.542ce4285a40d23a559526243235df47c5f75c197f04f37d1a0c124c32c9a084
09/16 08:49:39 AM: Initializing parameters
09/16 08:49:39 AM: Done initializing parameters; the following parameters are using their default initialization from their code
09/16 08:49:39 AM:    _text_field_embedder.model.embeddings.LayerNorm.bias
09/16 08:49:39 AM:    _text_field_embedder.model.embeddings.LayerNorm.weight
09/16 08:49:39 AM:    _text_field_embedder.model.embeddings.position_embeddings.weight
09/16 08:49:39 AM:    _text_field_embedder.model.embeddings.token_type_embeddings.weight
09/16 08:49:39 AM:    _text_field_embedder.model.embeddings.word_embeddings.weight
09/16 08:49:39 AM:    _text_field_embedder.model.encoder.layer.0.attention.output.LayerNorm.bias
09/16 08:49:39 AM:    _text_field_embedder.model.encoder.layer.0.attention.output.LayerNorm.weight
09/16 08:49:39 AM:    _text_field_embedder.model.encoder.layer.0.attention.output.dense.bias
09/16 08:49:39 AM:    _text_field_embedder.model.encoder.layer.0.attention.output.dense.weight
09/16 08:49:39 AM:    _text_field_embedder.model.encoder.layer.0.attention.self.key.bias
09/16 08:49:39 AM:    _text_field_embedder.model.encoder.layer.0.attention.self.key.weight
09/16 08:49:39 AM:    _text_field_embedder.model.encoder.layer.0.attention.self.query.bias
09/16 08:49:39 AM:    _text_field_embedder.model.encoder.layer.0.attention.self.query.weight
09/16 08:49:39 AM:    _text_field_embedder.model.encoder.layer.0.attention.self.value.bias
09/16 08:49:39 AM:    _text_field_embedder.model.encoder.layer.0.attention.self.value.weight
09/16 08:49:39 AM:    _text_field_embedder.model.encoder.layer.0.intermediate.dense.bias
09/16 08:49:39 AM:    _text_field_embedder.model.encoder.layer.0.intermediate.dense.weight
09/16 08:49:39 AM:    _text_field_embedder.model.encoder.layer.0.output.LayerNorm.bias
09/16 08:49:39 AM:    _text_field_embedder.model.encoder.layer.0.output.LayerNorm.weight
09/16 08:49:39 AM:    _text_field_embedder.model.encoder.layer.0.output.dense.bias
09/16 08:49:39 AM:    _text_field_embedder.model.encoder.layer.0.output.dense.weight
09/16 08:49:39 AM:    _text_field_embedder.model.encoder.layer.1.attention.output.LayerNorm.bias
09/16 08:49:39 AM:    _text_field_embedder.model.encoder.layer.1.attention.output.LayerNorm.weight
09/16 08:49:39 AM:    _text_field_embedder.model.encoder.layer.1.attention.output.dense.bias
09/16 08:49:39 AM:    _text_field_embedder.model.encoder.layer.1.attention.output.dense.weight
09/16 08:49:39 AM:    _text_field_embedder.model.encoder.layer.1.attention.self.key.bias
09/16 08:49:39 AM:    _text_field_embedder.model.encoder.layer.1.attention.self.key.weight
09/16 08:49:39 AM:    _text_field_embedder.model.encoder.layer.1.attention.self.query.bias
09/16 08:49:39 AM:    _text_field_embedder.model.encoder.layer.1.attention.self.query.weight
09/16 08:49:39 AM:    _text_field_embedder.model.encoder.layer.1.attention.self.value.bias
09/16 08:49:39 AM:    _text_field_embedder.model.encoder.layer.1.attention.self.value.weight
09/16 08:49:39 AM:    _text_field_embedder.model.encoder.layer.1.intermediate.dense.bias
09/16 08:49:39 AM:    _text_field_embedder.model.encoder.layer.1.intermediate.dense.weight
09/16 08:49:39 AM:    _text_field_embedder.model.encoder.layer.1.output.LayerNorm.bias
09/16 08:49:39 AM:    _text_field_embedder.model.encoder.layer.1.output.LayerNorm.weight
09/16 08:49:39 AM:    _text_field_embedder.model.encoder.layer.1.output.dense.bias
09/16 08:49:39 AM:    _text_field_embedder.model.encoder.layer.1.output.dense.weight
09/16 08:49:39 AM:    _text_field_embedder.model.encoder.layer.10.attention.output.LayerNorm.bias
09/16 08:49:39 AM:    _text_field_embedder.model.encoder.layer.10.attention.output.LayerNorm.weight
09/16 08:49:39 AM:    _text_field_embedder.model.encoder.layer.10.attention.output.dense.bias
09/16 08:49:39 AM:    _text_field_embedder.model.encoder.layer.10.attention.output.dense.weight
09/16 08:49:39 AM:    _text_field_embedder.model.encoder.layer.10.attention.self.key.bias
09/16 08:49:39 AM:    _text_field_embedder.model.encoder.layer.10.attention.self.key.weight
09/16 08:49:39 AM:    _text_field_embedder.model.encoder.layer.10.attention.self.query.bias
09/16 08:49:39 AM:    _text_field_embedder.model.encoder.layer.10.attention.self.query.weight
09/16 08:49:39 AM:    _text_field_embedder.model.encoder.layer.10.attention.self.value.bias
09/16 08:49:39 AM:    _text_field_embedder.model.encoder.layer.10.attention.self.value.weight
09/16 08:49:39 AM:    _text_field_embedder.model.encoder.layer.10.intermediate.dense.bias
09/16 08:49:39 AM:    _text_field_embedder.model.encoder.layer.10.intermediate.dense.weight
09/16 08:49:39 AM:    _text_field_embedder.model.encoder.layer.10.output.LayerNorm.bias
09/16 08:49:39 AM:    _text_field_embedder.model.encoder.layer.10.output.LayerNorm.weight
09/16 08:49:39 AM:    _text_field_embedder.model.encoder.layer.10.output.dense.bias
09/16 08:49:39 AM:    _text_field_embedder.model.encoder.layer.10.output.dense.weight
09/16 08:49:39 AM:    _text_field_embedder.model.encoder.layer.11.attention.output.LayerNorm.bias
09/16 08:49:39 AM:    _text_field_embedder.model.encoder.layer.11.attention.output.LayerNorm.weight
09/16 08:49:39 AM:    _text_field_embedder.model.encoder.layer.11.attention.output.dense.bias
09/16 08:49:39 AM:    _text_field_embedder.model.encoder.layer.11.attention.output.dense.weight
09/16 08:49:39 AM:    _text_field_embedder.model.encoder.layer.11.attention.self.key.bias
09/16 08:49:39 AM:    _text_field_embedder.model.encoder.layer.11.attention.self.key.weight
09/16 08:49:39 AM:    _text_field_embedder.model.encoder.layer.11.attention.self.query.bias
09/16 08:49:39 AM:    _text_field_embedder.model.encoder.layer.11.attention.self.query.weight
09/16 08:49:39 AM:    _text_field_embedder.model.encoder.layer.11.attention.self.value.bias
09/16 08:49:39 AM:    _text_field_embedder.model.encoder.layer.11.attention.self.value.weight
09/16 08:49:39 AM:    _text_field_embedder.model.encoder.layer.11.intermediate.dense.bias
09/16 08:49:39 AM:    _text_field_embedder.model.encoder.layer.11.intermediate.dense.weight
09/16 08:49:39 AM:    _text_field_embedder.model.encoder.layer.11.output.LayerNorm.bias
09/16 08:49:39 AM:    _text_field_embedder.model.encoder.layer.11.output.LayerNorm.weight
09/16 08:49:39 AM:    _text_field_embedder.model.encoder.layer.11.output.dense.bias
09/16 08:49:39 AM:    _text_field_embedder.model.encoder.layer.11.output.dense.weight
09/16 08:49:39 AM:    _text_field_embedder.model.encoder.layer.2.attention.output.LayerNorm.bias
09/16 08:49:39 AM:    _text_field_embedder.model.encoder.layer.2.attention.output.LayerNorm.weight
09/16 08:49:39 AM:    _text_field_embedder.model.encoder.layer.2.attention.output.dense.bias
09/16 08:49:39 AM:    _text_field_embedder.model.encoder.layer.2.attention.output.dense.weight
09/16 08:49:39 AM:    _text_field_embedder.model.encoder.layer.2.attention.self.key.bias
09/16 08:49:39 AM:    _text_field_embedder.model.encoder.layer.2.attention.self.key.weight
09/16 08:49:39 AM:    _text_field_embedder.model.encoder.layer.2.attention.self.query.bias
09/16 08:49:39 AM:    _text_field_embedder.model.encoder.layer.2.attention.self.query.weight
09/16 08:49:39 AM:    _text_field_embedder.model.encoder.layer.2.attention.self.value.bias
09/16 08:49:39 AM:    _text_field_embedder.model.encoder.layer.2.attention.self.value.weight
09/16 08:49:39 AM:    _text_field_embedder.model.encoder.layer.2.intermediate.dense.bias
09/16 08:49:39 AM:    _text_field_embedder.model.encoder.layer.2.intermediate.dense.weight
09/16 08:49:39 AM:    _text_field_embedder.model.encoder.layer.2.output.LayerNorm.bias
09/16 08:49:39 AM:    _text_field_embedder.model.encoder.layer.2.output.LayerNorm.weight
09/16 08:49:39 AM:    _text_field_embedder.model.encoder.layer.2.output.dense.bias
09/16 08:49:39 AM:    _text_field_embedder.model.encoder.layer.2.output.dense.weight
09/16 08:49:39 AM:    _text_field_embedder.model.encoder.layer.3.attention.output.LayerNorm.bias
09/16 08:49:39 AM:    _text_field_embedder.model.encoder.layer.3.attention.output.LayerNorm.weight
09/16 08:49:39 AM:    _text_field_embedder.model.encoder.layer.3.attention.output.dense.bias
09/16 08:49:39 AM:    _text_field_embedder.model.encoder.layer.3.attention.output.dense.weight
09/16 08:49:39 AM:    _text_field_embedder.model.encoder.layer.3.attention.self.key.bias
09/16 08:49:39 AM:    _text_field_embedder.model.encoder.layer.3.attention.self.key.weight
09/16 08:49:39 AM:    _text_field_embedder.model.encoder.layer.3.attention.self.query.bias
09/16 08:49:39 AM:    _text_field_embedder.model.encoder.layer.3.attention.self.query.weight
09/16 08:49:39 AM:    _text_field_embedder.model.encoder.layer.3.attention.self.value.bias
09/16 08:49:39 AM:    _text_field_embedder.model.encoder.layer.3.attention.self.value.weight
09/16 08:49:39 AM:    _text_field_embedder.model.encoder.layer.3.intermediate.dense.bias
09/16 08:49:39 AM:    _text_field_embedder.model.encoder.layer.3.intermediate.dense.weight
09/16 08:49:39 AM:    _text_field_embedder.model.encoder.layer.3.output.LayerNorm.bias
09/16 08:49:39 AM:    _text_field_embedder.model.encoder.layer.3.output.LayerNorm.weight
09/16 08:49:39 AM:    _text_field_embedder.model.encoder.layer.3.output.dense.bias
09/16 08:49:39 AM:    _text_field_embedder.model.encoder.layer.3.output.dense.weight
09/16 08:49:39 AM:    _text_field_embedder.model.encoder.layer.4.attention.output.LayerNorm.bias
09/16 08:49:39 AM:    _text_field_embedder.model.encoder.layer.4.attention.output.LayerNorm.weight
09/16 08:49:39 AM:    _text_field_embedder.model.encoder.layer.4.attention.output.dense.bias
09/16 08:49:39 AM:    _text_field_embedder.model.encoder.layer.4.attention.output.dense.weight
09/16 08:49:39 AM:    _text_field_embedder.model.encoder.layer.4.attention.self.key.bias
09/16 08:49:39 AM:    _text_field_embedder.model.encoder.layer.4.attention.self.key.weight
09/16 08:49:39 AM:    _text_field_embedder.model.encoder.layer.4.attention.self.query.bias
09/16 08:49:39 AM:    _text_field_embedder.model.encoder.layer.4.attention.self.query.weight
09/16 08:49:39 AM:    _text_field_embedder.model.encoder.layer.4.attention.self.value.bias
09/16 08:49:39 AM:    _text_field_embedder.model.encoder.layer.4.attention.self.value.weight
09/16 08:49:39 AM:    _text_field_embedder.model.encoder.layer.4.intermediate.dense.bias
09/16 08:49:39 AM:    _text_field_embedder.model.encoder.layer.4.intermediate.dense.weight
09/16 08:49:39 AM:    _text_field_embedder.model.encoder.layer.4.output.LayerNorm.bias
09/16 08:49:39 AM:    _text_field_embedder.model.encoder.layer.4.output.LayerNorm.weight
09/16 08:49:39 AM:    _text_field_embedder.model.encoder.layer.4.output.dense.bias
09/16 08:49:39 AM:    _text_field_embedder.model.encoder.layer.4.output.dense.weight
09/16 08:49:39 AM:    _text_field_embedder.model.encoder.layer.5.attention.output.LayerNorm.bias
09/16 08:49:39 AM:    _text_field_embedder.model.encoder.layer.5.attention.output.LayerNorm.weight
09/16 08:49:39 AM:    _text_field_embedder.model.encoder.layer.5.attention.output.dense.bias
09/16 08:49:39 AM:    _text_field_embedder.model.encoder.layer.5.attention.output.dense.weight
09/16 08:49:39 AM:    _text_field_embedder.model.encoder.layer.5.attention.self.key.bias
09/16 08:49:39 AM:    _text_field_embedder.model.encoder.layer.5.attention.self.key.weight
09/16 08:49:39 AM:    _text_field_embedder.model.encoder.layer.5.attention.self.query.bias
09/16 08:49:39 AM:    _text_field_embedder.model.encoder.layer.5.attention.self.query.weight
09/16 08:49:39 AM:    _text_field_embedder.model.encoder.layer.5.attention.self.value.bias
09/16 08:49:39 AM:    _text_field_embedder.model.encoder.layer.5.attention.self.value.weight
09/16 08:49:39 AM:    _text_field_embedder.model.encoder.layer.5.intermediate.dense.bias
09/16 08:49:39 AM:    _text_field_embedder.model.encoder.layer.5.intermediate.dense.weight
09/16 08:49:39 AM:    _text_field_embedder.model.encoder.layer.5.output.LayerNorm.bias
09/16 08:49:39 AM:    _text_field_embedder.model.encoder.layer.5.output.LayerNorm.weight
09/16 08:49:39 AM:    _text_field_embedder.model.encoder.layer.5.output.dense.bias
09/16 08:49:39 AM:    _text_field_embedder.model.encoder.layer.5.output.dense.weight
09/16 08:49:39 AM:    _text_field_embedder.model.encoder.layer.6.attention.output.LayerNorm.bias
09/16 08:49:39 AM:    _text_field_embedder.model.encoder.layer.6.attention.output.LayerNorm.weight
09/16 08:49:39 AM:    _text_field_embedder.model.encoder.layer.6.attention.output.dense.bias
09/16 08:49:39 AM:    _text_field_embedder.model.encoder.layer.6.attention.output.dense.weight
09/16 08:49:39 AM:    _text_field_embedder.model.encoder.layer.6.attention.self.key.bias
09/16 08:49:39 AM:    _text_field_embedder.model.encoder.layer.6.attention.self.key.weight
09/16 08:49:39 AM:    _text_field_embedder.model.encoder.layer.6.attention.self.query.bias
09/16 08:49:39 AM:    _text_field_embedder.model.encoder.layer.6.attention.self.query.weight
09/16 08:49:39 AM:    _text_field_embedder.model.encoder.layer.6.attention.self.value.bias
09/16 08:49:39 AM:    _text_field_embedder.model.encoder.layer.6.attention.self.value.weight
09/16 08:49:39 AM:    _text_field_embedder.model.encoder.layer.6.intermediate.dense.bias
09/16 08:49:39 AM:    _text_field_embedder.model.encoder.layer.6.intermediate.dense.weight
09/16 08:49:39 AM:    _text_field_embedder.model.encoder.layer.6.output.LayerNorm.bias
09/16 08:49:39 AM:    _text_field_embedder.model.encoder.layer.6.output.LayerNorm.weight
09/16 08:49:39 AM:    _text_field_embedder.model.encoder.layer.6.output.dense.bias
09/16 08:49:39 AM:    _text_field_embedder.model.encoder.layer.6.output.dense.weight
09/16 08:49:39 AM:    _text_field_embedder.model.encoder.layer.7.attention.output.LayerNorm.bias
09/16 08:49:39 AM:    _text_field_embedder.model.encoder.layer.7.attention.output.LayerNorm.weight
09/16 08:49:39 AM:    _text_field_embedder.model.encoder.layer.7.attention.output.dense.bias
09/16 08:49:39 AM:    _text_field_embedder.model.encoder.layer.7.attention.output.dense.weight
09/16 08:49:39 AM:    _text_field_embedder.model.encoder.layer.7.attention.self.key.bias
09/16 08:49:39 AM:    _text_field_embedder.model.encoder.layer.7.attention.self.key.weight
09/16 08:49:39 AM:    _text_field_embedder.model.encoder.layer.7.attention.self.query.bias
09/16 08:49:39 AM:    _text_field_embedder.model.encoder.layer.7.attention.self.query.weight
09/16 08:49:39 AM:    _text_field_embedder.model.encoder.layer.7.attention.self.value.bias
09/16 08:49:39 AM:    _text_field_embedder.model.encoder.layer.7.attention.self.value.weight
09/16 08:49:39 AM:    _text_field_embedder.model.encoder.layer.7.intermediate.dense.bias
09/16 08:49:39 AM:    _text_field_embedder.model.encoder.layer.7.intermediate.dense.weight
09/16 08:49:39 AM:    _text_field_embedder.model.encoder.layer.7.output.LayerNorm.bias
09/16 08:49:39 AM:    _text_field_embedder.model.encoder.layer.7.output.LayerNorm.weight
09/16 08:49:39 AM:    _text_field_embedder.model.encoder.layer.7.output.dense.bias
09/16 08:49:39 AM:    _text_field_embedder.model.encoder.layer.7.output.dense.weight
09/16 08:49:39 AM:    _text_field_embedder.model.encoder.layer.8.attention.output.LayerNorm.bias
09/16 08:49:39 AM:    _text_field_embedder.model.encoder.layer.8.attention.output.LayerNorm.weight
09/16 08:49:39 AM:    _text_field_embedder.model.encoder.layer.8.attention.output.dense.bias
09/16 08:49:39 AM:    _text_field_embedder.model.encoder.layer.8.attention.output.dense.weight
09/16 08:49:39 AM:    _text_field_embedder.model.encoder.layer.8.attention.self.key.bias
09/16 08:49:39 AM:    _text_field_embedder.model.encoder.layer.8.attention.self.key.weight
09/16 08:49:39 AM:    _text_field_embedder.model.encoder.layer.8.attention.self.query.bias
09/16 08:49:39 AM:    _text_field_embedder.model.encoder.layer.8.attention.self.query.weight
09/16 08:49:39 AM:    _text_field_embedder.model.encoder.layer.8.attention.self.value.bias
09/16 08:49:39 AM:    _text_field_embedder.model.encoder.layer.8.attention.self.value.weight
09/16 08:49:39 AM:    _text_field_embedder.model.encoder.layer.8.intermediate.dense.bias
09/16 08:49:39 AM:    _text_field_embedder.model.encoder.layer.8.intermediate.dense.weight
09/16 08:49:39 AM:    _text_field_embedder.model.encoder.layer.8.output.LayerNorm.bias
09/16 08:49:39 AM:    _text_field_embedder.model.encoder.layer.8.output.LayerNorm.weight
09/16 08:49:39 AM:    _text_field_embedder.model.encoder.layer.8.output.dense.bias
09/16 08:49:39 AM:    _text_field_embedder.model.encoder.layer.8.output.dense.weight
09/16 08:49:39 AM:    _text_field_embedder.model.encoder.layer.9.attention.output.LayerNorm.bias
09/16 08:49:39 AM:    _text_field_embedder.model.encoder.layer.9.attention.output.LayerNorm.weight
09/16 08:49:39 AM:    _text_field_embedder.model.encoder.layer.9.attention.output.dense.bias
09/16 08:49:39 AM:    _text_field_embedder.model.encoder.layer.9.attention.output.dense.weight
09/16 08:49:39 AM:    _text_field_embedder.model.encoder.layer.9.attention.self.key.bias
09/16 08:49:39 AM:    _text_field_embedder.model.encoder.layer.9.attention.self.key.weight
09/16 08:49:39 AM:    _text_field_embedder.model.encoder.layer.9.attention.self.query.bias
09/16 08:49:39 AM:    _text_field_embedder.model.encoder.layer.9.attention.self.query.weight
09/16 08:49:39 AM:    _text_field_embedder.model.encoder.layer.9.attention.self.value.bias
09/16 08:49:39 AM:    _text_field_embedder.model.encoder.layer.9.attention.self.value.weight
09/16 08:49:39 AM:    _text_field_embedder.model.encoder.layer.9.intermediate.dense.bias
09/16 08:49:39 AM:    _text_field_embedder.model.encoder.layer.9.intermediate.dense.weight
09/16 08:49:39 AM:    _text_field_embedder.model.encoder.layer.9.output.LayerNorm.bias
09/16 08:49:39 AM:    _text_field_embedder.model.encoder.layer.9.output.LayerNorm.weight
09/16 08:49:39 AM:    _text_field_embedder.model.encoder.layer.9.output.dense.bias
09/16 08:49:39 AM:    _text_field_embedder.model.encoder.layer.9.output.dense.weight
09/16 08:49:39 AM:    _text_field_embedder.model.pooler.dense.bias
09/16 08:49:39 AM:    _text_field_embedder.model.pooler.dense.weight
09/16 08:49:39 AM: 	Task 'edges-spr2' params: {
  "cls_type": "mlp",
  "d_hid": 256,
  "pool_type": "first",
  "d_proj": 512,
  "shared_pair_attn": 0,
  "attn": 0,
  "d_hid_attn": 512,
  "dropout": 0.3,
  "cls_loss_fn": "sigmoid",
  "cls_span_pooling": "attn",
  "edgeprobe_cnn_context": 0,
  "edgeprobe_symmetric": 0,
  "use_classifier": "edges-spr2"
}
09/16 08:49:45 AM: Model specification:
09/16 08:49:45 AM: MultiTaskModel(
  (sent_encoder): SentenceEncoder(
    (_text_field_embedder): BertEmbedderModule(
      (model): BertModel(
        (embeddings): BertEmbeddings(
          (word_embeddings): Embedding(30522, 768, padding_idx=0)
          (position_embeddings): Embedding(512, 768)
          (token_type_embeddings): Embedding(2, 768)
          (LayerNorm): LayerNorm(torch.Size([768]), eps=1e-12, elementwise_affine=True)
          (dropout): Dropout(p=0.1)
        )
        (encoder): BertEncoder(
          (layer): ModuleList(
            (0): BertLayer(
              (attention): BertAttention(
                (self): BertSelfAttention(
                  (query): Linear(in_features=768, out_features=768, bias=True)
                  (key): Linear(in_features=768, out_features=768, bias=True)
                  (value): Linear(in_features=768, out_features=768, bias=True)
                  (dropout): Dropout(p=0.1)
                )
                (output): BertSelfOutput(
                  (dense): Linear(in_features=768, out_features=768, bias=True)
                  (LayerNorm): LayerNorm(torch.Size([768]), eps=1e-12, elementwise_affine=True)
                  (dropout): Dropout(p=0.1)
                )
              )
              (intermediate): BertIntermediate(
                (dense): Linear(in_features=768, out_features=3072, bias=True)
              )
              (output): BertOutput(
                (dense): Linear(in_features=3072, out_features=768, bias=True)
                (LayerNorm): LayerNorm(torch.Size([768]), eps=1e-12, elementwise_affine=True)
                (dropout): Dropout(p=0.1)
              )
            )
            (1): BertLayer(
              (attention): BertAttention(
                (self): BertSelfAttention(
                  (query): Linear(in_features=768, out_features=768, bias=True)
                  (key): Linear(in_features=768, out_features=768, bias=True)
                  (value): Linear(in_features=768, out_features=768, bias=True)
                  (dropout): Dropout(p=0.1)
                )
                (output): BertSelfOutput(
                  (dense): Linear(in_features=768, out_features=768, bias=True)
                  (LayerNorm): LayerNorm(torch.Size([768]), eps=1e-12, elementwise_affine=True)
                  (dropout): Dropout(p=0.1)
                )
              )
              (intermediate): BertIntermediate(
                (dense): Linear(in_features=768, out_features=3072, bias=True)
              )
              (output): BertOutput(
                (dense): Linear(in_features=3072, out_features=768, bias=True)
                (LayerNorm): LayerNorm(torch.Size([768]), eps=1e-12, elementwise_affine=True)
                (dropout): Dropout(p=0.1)
              )
            )
            (2): BertLayer(
              (attention): BertAttention(
                (self): BertSelfAttention(
                  (query): Linear(in_features=768, out_features=768, bias=True)
                  (key): Linear(in_features=768, out_features=768, bias=True)
                  (value): Linear(in_features=768, out_features=768, bias=True)
                  (dropout): Dropout(p=0.1)
                )
                (output): BertSelfOutput(
                  (dense): Linear(in_features=768, out_features=768, bias=True)
                  (LayerNorm): LayerNorm(torch.Size([768]), eps=1e-12, elementwise_affine=True)
                  (dropout): Dropout(p=0.1)
                )
              )
              (intermediate): BertIntermediate(
                (dense): Linear(in_features=768, out_features=3072, bias=True)
              )
              (output): BertOutput(
                (dense): Linear(in_features=3072, out_features=768, bias=True)
                (LayerNorm): LayerNorm(torch.Size([768]), eps=1e-12, elementwise_affine=True)
                (dropout): Dropout(p=0.1)
              )
            )
            (3): BertLayer(
              (attention): BertAttention(
                (self): BertSelfAttention(
                  (query): Linear(in_features=768, out_features=768, bias=True)
                  (key): Linear(in_features=768, out_features=768, bias=True)
                  (value): Linear(in_features=768, out_features=768, bias=True)
                  (dropout): Dropout(p=0.1)
                )
                (output): BertSelfOutput(
                  (dense): Linear(in_features=768, out_features=768, bias=True)
                  (LayerNorm): LayerNorm(torch.Size([768]), eps=1e-12, elementwise_affine=True)
                  (dropout): Dropout(p=0.1)
                )
              )
              (intermediate): BertIntermediate(
                (dense): Linear(in_features=768, out_features=3072, bias=True)
              )
              (output): BertOutput(
                (dense): Linear(in_features=3072, out_features=768, bias=True)
                (LayerNorm): LayerNorm(torch.Size([768]), eps=1e-12, elementwise_affine=True)
                (dropout): Dropout(p=0.1)
              )
            )
            (4): BertLayer(
              (attention): BertAttention(
                (self): BertSelfAttention(
                  (query): Linear(in_features=768, out_features=768, bias=True)
                  (key): Linear(in_features=768, out_features=768, bias=True)
                  (value): Linear(in_features=768, out_features=768, bias=True)
                  (dropout): Dropout(p=0.1)
                )
                (output): BertSelfOutput(
                  (dense): Linear(in_features=768, out_features=768, bias=True)
                  (LayerNorm): LayerNorm(torch.Size([768]), eps=1e-12, elementwise_affine=True)
                  (dropout): Dropout(p=0.1)
                )
              )
              (intermediate): BertIntermediate(
                (dense): Linear(in_features=768, out_features=3072, bias=True)
              )
              (output): BertOutput(
                (dense): Linear(in_features=3072, out_features=768, bias=True)
                (LayerNorm): LayerNorm(torch.Size([768]), eps=1e-12, elementwise_affine=True)
                (dropout): Dropout(p=0.1)
              )
            )
            (5): BertLayer(
              (attention): BertAttention(
                (self): BertSelfAttention(
                  (query): Linear(in_features=768, out_features=768, bias=True)
                  (key): Linear(in_features=768, out_features=768, bias=True)
                  (value): Linear(in_features=768, out_features=768, bias=True)
                  (dropout): Dropout(p=0.1)
                )
                (output): BertSelfOutput(
                  (dense): Linear(in_features=768, out_features=768, bias=True)
                  (LayerNorm): LayerNorm(torch.Size([768]), eps=1e-12, elementwise_affine=True)
                  (dropout): Dropout(p=0.1)
                )
              )
              (intermediate): BertIntermediate(
                (dense): Linear(in_features=768, out_features=3072, bias=True)
              )
              (output): BertOutput(
                (dense): Linear(in_features=3072, out_features=768, bias=True)
                (LayerNorm): LayerNorm(torch.Size([768]), eps=1e-12, elementwise_affine=True)
                (dropout): Dropout(p=0.1)
              )
            )
            (6): BertLayer(
              (attention): BertAttention(
                (self): BertSelfAttention(
                  (query): Linear(in_features=768, out_features=768, bias=True)
                  (key): Linear(in_features=768, out_features=768, bias=True)
                  (value): Linear(in_features=768, out_features=768, bias=True)
                  (dropout): Dropout(p=0.1)
                )
                (output): BertSelfOutput(
                  (dense): Linear(in_features=768, out_features=768, bias=True)
                  (LayerNorm): LayerNorm(torch.Size([768]), eps=1e-12, elementwise_affine=True)
                  (dropout): Dropout(p=0.1)
                )
              )
              (intermediate): BertIntermediate(
                (dense): Linear(in_features=768, out_features=3072, bias=True)
              )
              (output): BertOutput(
                (dense): Linear(in_features=3072, out_features=768, bias=True)
                (LayerNorm): LayerNorm(torch.Size([768]), eps=1e-12, elementwise_affine=True)
                (dropout): Dropout(p=0.1)
              )
            )
            (7): BertLayer(
              (attention): BertAttention(
                (self): BertSelfAttention(
                  (query): Linear(in_features=768, out_features=768, bias=True)
                  (key): Linear(in_features=768, out_features=768, bias=True)
                  (value): Linear(in_features=768, out_features=768, bias=True)
                  (dropout): Dropout(p=0.1)
                )
                (output): BertSelfOutput(
                  (dense): Linear(in_features=768, out_features=768, bias=True)
                  (LayerNorm): LayerNorm(torch.Size([768]), eps=1e-12, elementwise_affine=True)
                  (dropout): Dropout(p=0.1)
                )
              )
              (intermediate): BertIntermediate(
                (dense): Linear(in_features=768, out_features=3072, bias=True)
              )
              (output): BertOutput(
                (dense): Linear(in_features=3072, out_features=768, bias=True)
                (LayerNorm): LayerNorm(torch.Size([768]), eps=1e-12, elementwise_affine=True)
                (dropout): Dropout(p=0.1)
              )
            )
            (8): BertLayer(
              (attention): BertAttention(
                (self): BertSelfAttention(
                  (query): Linear(in_features=768, out_features=768, bias=True)
                  (key): Linear(in_features=768, out_features=768, bias=True)
                  (value): Linear(in_features=768, out_features=768, bias=True)
                  (dropout): Dropout(p=0.1)
                )
                (output): BertSelfOutput(
                  (dense): Linear(in_features=768, out_features=768, bias=True)
                  (LayerNorm): LayerNorm(torch.Size([768]), eps=1e-12, elementwise_affine=True)
                  (dropout): Dropout(p=0.1)
                )
              )
              (intermediate): BertIntermediate(
                (dense): Linear(in_features=768, out_features=3072, bias=True)
              )
              (output): BertOutput(
                (dense): Linear(in_features=3072, out_features=768, bias=True)
                (LayerNorm): LayerNorm(torch.Size([768]), eps=1e-12, elementwise_affine=True)
                (dropout): Dropout(p=0.1)
              )
            )
            (9): BertLayer(
              (attention): BertAttention(
                (self): BertSelfAttention(
                  (query): Linear(in_features=768, out_features=768, bias=True)
                  (key): Linear(in_features=768, out_features=768, bias=True)
                  (value): Linear(in_features=768, out_features=768, bias=True)
                  (dropout): Dropout(p=0.1)
                )
                (output): BertSelfOutput(
                  (dense): Linear(in_features=768, out_features=768, bias=True)
                  (LayerNorm): LayerNorm(torch.Size([768]), eps=1e-12, elementwise_affine=True)
                  (dropout): Dropout(p=0.1)
                )
              )
              (intermediate): BertIntermediate(
                (dense): Linear(in_features=768, out_features=3072, bias=True)
              )
              (output): BertOutput(
                (dense): Linear(in_features=3072, out_features=768, bias=True)
                (LayerNorm): LayerNorm(torch.Size([768]), eps=1e-12, elementwise_affine=True)
                (dropout): Dropout(p=0.1)
              )
            )
            (10): BertLayer(
              (attention): BertAttention(
                (self): BertSelfAttention(
                  (query): Linear(in_features=768, out_features=768, bias=True)
                  (key): Linear(in_features=768, out_features=768, bias=True)
                  (value): Linear(in_features=768, out_features=768, bias=True)
                  (dropout): Dropout(p=0.1)
                )
                (output): BertSelfOutput(
                  (dense): Linear(in_features=768, out_features=768, bias=True)
                  (LayerNorm): LayerNorm(torch.Size([768]), eps=1e-12, elementwise_affine=True)
                  (dropout): Dropout(p=0.1)
                )
              )
              (intermediate): BertIntermediate(
                (dense): Linear(in_features=768, out_features=3072, bias=True)
              )
              (output): BertOutput(
                (dense): Linear(in_features=3072, out_features=768, bias=True)
                (LayerNorm): LayerNorm(torch.Size([768]), eps=1e-12, elementwise_affine=True)
                (dropout): Dropout(p=0.1)
              )
            )
            (11): BertLayer(
              (attention): BertAttention(
                (self): BertSelfAttention(
                  (query): Linear(in_features=768, out_features=768, bias=True)
                  (key): Linear(in_features=768, out_features=768, bias=True)
                  (value): Linear(in_features=768, out_features=768, bias=True)
                  (dropout): Dropout(p=0.1)
                )
                (output): BertSelfOutput(
                  (dense): Linear(in_features=768, out_features=768, bias=True)
                  (LayerNorm): LayerNorm(torch.Size([768]), eps=1e-12, elementwise_affine=True)
                  (dropout): Dropout(p=0.1)
                )
              )
              (intermediate): BertIntermediate(
                (dense): Linear(in_features=768, out_features=3072, bias=True)
              )
              (output): BertOutput(
                (dense): Linear(in_features=3072, out_features=768, bias=True)
                (LayerNorm): LayerNorm(torch.Size([768]), eps=1e-12, elementwise_affine=True)
                (dropout): Dropout(p=0.1)
              )
            )
          )
        )
        (pooler): BertPooler(
          (dense): Linear(in_features=768, out_features=768, bias=True)
          (activation): Tanh()
        )
      )
    )
    (_highway_layer): TimeDistributed(
      (_module): Highway(
        (_layers): ModuleList()
      )
    )
    (_phrase_layer): NullPhraseLayer()
    (_dropout): Dropout(p=0.2)
  )
  (edges-spr2_mdl): EdgeClassifierModule(
    (proj1): Conv1d(768, 256, kernel_size=(1,), stride=(1,))
    (proj2): Conv1d(768, 256, kernel_size=(1,), stride=(1,))
    (span_extractor1): EndpointSpanExtractor()
    (span_extractor2): EndpointSpanExtractor()
    (classifier): Classifier(
      (classifier): Sequential(
        (0): Linear(in_features=1024, out_features=256, bias=True)
        (1): Tanh()
        (2): LayerNorm(torch.Size([256]), eps=1e-05, elementwise_affine=True)
        (3): Dropout(p=0.3)
        (4): Linear(in_features=256, out_features=20, bias=True)
      )
    )
  )
)
09/16 08:49:45 AM: Model parameters:
09/16 08:49:45 AM: 	sent_encoder._text_field_embedder.model.embeddings.word_embeddings.weight: Non-trainable parameter, count 23440896 with torch.Size([30522, 768])
09/16 08:49:45 AM: 	sent_encoder._text_field_embedder.model.embeddings.position_embeddings.weight: Non-trainable parameter, count 393216 with torch.Size([512, 768])
09/16 08:49:45 AM: 	sent_encoder._text_field_embedder.model.embeddings.token_type_embeddings.weight: Non-trainable parameter, count 1536 with torch.Size([2, 768])
09/16 08:49:45 AM: 	sent_encoder._text_field_embedder.model.embeddings.LayerNorm.weight: Non-trainable parameter, count 768 with torch.Size([768])
09/16 08:49:45 AM: 	sent_encoder._text_field_embedder.model.embeddings.LayerNorm.bias: Non-trainable parameter, count 768 with torch.Size([768])
09/16 08:49:45 AM: 	sent_encoder._text_field_embedder.model.encoder.layer.0.attention.self.query.weight: Non-trainable parameter, count 589824 with torch.Size([768, 768])
09/16 08:49:45 AM: 	sent_encoder._text_field_embedder.model.encoder.layer.0.attention.self.query.bias: Non-trainable parameter, count 768 with torch.Size([768])
09/16 08:49:45 AM: 	sent_encoder._text_field_embedder.model.encoder.layer.0.attention.self.key.weight: Non-trainable parameter, count 589824 with torch.Size([768, 768])
09/16 08:49:45 AM: 	sent_encoder._text_field_embedder.model.encoder.layer.0.attention.self.key.bias: Non-trainable parameter, count 768 with torch.Size([768])
09/16 08:49:45 AM: 	sent_encoder._text_field_embedder.model.encoder.layer.0.attention.self.value.weight: Non-trainable parameter, count 589824 with torch.Size([768, 768])
09/16 08:49:45 AM: 	sent_encoder._text_field_embedder.model.encoder.layer.0.attention.self.value.bias: Non-trainable parameter, count 768 with torch.Size([768])
09/16 08:49:45 AM: 	sent_encoder._text_field_embedder.model.encoder.layer.0.attention.output.dense.weight: Non-trainable parameter, count 589824 with torch.Size([768, 768])
09/16 08:49:45 AM: 	sent_encoder._text_field_embedder.model.encoder.layer.0.attention.output.dense.bias: Non-trainable parameter, count 768 with torch.Size([768])
09/16 08:49:45 AM: 	sent_encoder._text_field_embedder.model.encoder.layer.0.attention.output.LayerNorm.weight: Non-trainable parameter, count 768 with torch.Size([768])
09/16 08:49:45 AM: 	sent_encoder._text_field_embedder.model.encoder.layer.0.attention.output.LayerNorm.bias: Non-trainable parameter, count 768 with torch.Size([768])
09/16 08:49:45 AM: 	sent_encoder._text_field_embedder.model.encoder.layer.0.intermediate.dense.weight: Non-trainable parameter, count 2359296 with torch.Size([3072, 768])
09/16 08:49:45 AM: 	sent_encoder._text_field_embedder.model.encoder.layer.0.intermediate.dense.bias: Non-trainable parameter, count 3072 with torch.Size([3072])
09/16 08:49:45 AM: 	sent_encoder._text_field_embedder.model.encoder.layer.0.output.dense.weight: Non-trainable parameter, count 2359296 with torch.Size([768, 3072])
09/16 08:49:45 AM: 	sent_encoder._text_field_embedder.model.encoder.layer.0.output.dense.bias: Non-trainable parameter, count 768 with torch.Size([768])
09/16 08:49:45 AM: 	sent_encoder._text_field_embedder.model.encoder.layer.0.output.LayerNorm.weight: Non-trainable parameter, count 768 with torch.Size([768])
09/16 08:49:45 AM: 	sent_encoder._text_field_embedder.model.encoder.layer.0.output.LayerNorm.bias: Non-trainable parameter, count 768 with torch.Size([768])
09/16 08:49:45 AM: 	sent_encoder._text_field_embedder.model.encoder.layer.1.attention.self.query.weight: Non-trainable parameter, count 589824 with torch.Size([768, 768])
09/16 08:49:45 AM: 	sent_encoder._text_field_embedder.model.encoder.layer.1.attention.self.query.bias: Non-trainable parameter, count 768 with torch.Size([768])
09/16 08:49:45 AM: 	sent_encoder._text_field_embedder.model.encoder.layer.1.attention.self.key.weight: Non-trainable parameter, count 589824 with torch.Size([768, 768])
09/16 08:49:45 AM: 	sent_encoder._text_field_embedder.model.encoder.layer.1.attention.self.key.bias: Non-trainable parameter, count 768 with torch.Size([768])
09/16 08:49:45 AM: 	sent_encoder._text_field_embedder.model.encoder.layer.1.attention.self.value.weight: Non-trainable parameter, count 589824 with torch.Size([768, 768])
09/16 08:49:45 AM: 	sent_encoder._text_field_embedder.model.encoder.layer.1.attention.self.value.bias: Non-trainable parameter, count 768 with torch.Size([768])
09/16 08:49:45 AM: 	sent_encoder._text_field_embedder.model.encoder.layer.1.attention.output.dense.weight: Non-trainable parameter, count 589824 with torch.Size([768, 768])
09/16 08:49:45 AM: 	sent_encoder._text_field_embedder.model.encoder.layer.1.attention.output.dense.bias: Non-trainable parameter, count 768 with torch.Size([768])
09/16 08:49:45 AM: 	sent_encoder._text_field_embedder.model.encoder.layer.1.attention.output.LayerNorm.weight: Non-trainable parameter, count 768 with torch.Size([768])
09/16 08:49:45 AM: 	sent_encoder._text_field_embedder.model.encoder.layer.1.attention.output.LayerNorm.bias: Non-trainable parameter, count 768 with torch.Size([768])
09/16 08:49:45 AM: 	sent_encoder._text_field_embedder.model.encoder.layer.1.intermediate.dense.weight: Non-trainable parameter, count 2359296 with torch.Size([3072, 768])
09/16 08:49:45 AM: 	sent_encoder._text_field_embedder.model.encoder.layer.1.intermediate.dense.bias: Non-trainable parameter, count 3072 with torch.Size([3072])
09/16 08:49:45 AM: 	sent_encoder._text_field_embedder.model.encoder.layer.1.output.dense.weight: Non-trainable parameter, count 2359296 with torch.Size([768, 3072])
09/16 08:49:45 AM: 	sent_encoder._text_field_embedder.model.encoder.layer.1.output.dense.bias: Non-trainable parameter, count 768 with torch.Size([768])
09/16 08:49:45 AM: 	sent_encoder._text_field_embedder.model.encoder.layer.1.output.LayerNorm.weight: Non-trainable parameter, count 768 with torch.Size([768])
09/16 08:49:45 AM: 	sent_encoder._text_field_embedder.model.encoder.layer.1.output.LayerNorm.bias: Non-trainable parameter, count 768 with torch.Size([768])
09/16 08:49:45 AM: 	sent_encoder._text_field_embedder.model.encoder.layer.2.attention.self.query.weight: Non-trainable parameter, count 589824 with torch.Size([768, 768])
09/16 08:49:45 AM: 	sent_encoder._text_field_embedder.model.encoder.layer.2.attention.self.query.bias: Non-trainable parameter, count 768 with torch.Size([768])
09/16 08:49:45 AM: 	sent_encoder._text_field_embedder.model.encoder.layer.2.attention.self.key.weight: Non-trainable parameter, count 589824 with torch.Size([768, 768])
09/16 08:49:45 AM: 	sent_encoder._text_field_embedder.model.encoder.layer.2.attention.self.key.bias: Non-trainable parameter, count 768 with torch.Size([768])
09/16 08:49:45 AM: 	sent_encoder._text_field_embedder.model.encoder.layer.2.attention.self.value.weight: Non-trainable parameter, count 589824 with torch.Size([768, 768])
09/16 08:49:45 AM: 	sent_encoder._text_field_embedder.model.encoder.layer.2.attention.self.value.bias: Non-trainable parameter, count 768 with torch.Size([768])
09/16 08:49:45 AM: 	sent_encoder._text_field_embedder.model.encoder.layer.2.attention.output.dense.weight: Non-trainable parameter, count 589824 with torch.Size([768, 768])
09/16 08:49:45 AM: 	sent_encoder._text_field_embedder.model.encoder.layer.2.attention.output.dense.bias: Non-trainable parameter, count 768 with torch.Size([768])
09/16 08:49:45 AM: 	sent_encoder._text_field_embedder.model.encoder.layer.2.attention.output.LayerNorm.weight: Non-trainable parameter, count 768 with torch.Size([768])
09/16 08:49:45 AM: 	sent_encoder._text_field_embedder.model.encoder.layer.2.attention.output.LayerNorm.bias: Non-trainable parameter, count 768 with torch.Size([768])
09/16 08:49:45 AM: 	sent_encoder._text_field_embedder.model.encoder.layer.2.intermediate.dense.weight: Non-trainable parameter, count 2359296 with torch.Size([3072, 768])
09/16 08:49:45 AM: 	sent_encoder._text_field_embedder.model.encoder.layer.2.intermediate.dense.bias: Non-trainable parameter, count 3072 with torch.Size([3072])
09/16 08:49:45 AM: 	sent_encoder._text_field_embedder.model.encoder.layer.2.output.dense.weight: Non-trainable parameter, count 2359296 with torch.Size([768, 3072])
09/16 08:49:45 AM: 	sent_encoder._text_field_embedder.model.encoder.layer.2.output.dense.bias: Non-trainable parameter, count 768 with torch.Size([768])
09/16 08:49:45 AM: 	sent_encoder._text_field_embedder.model.encoder.layer.2.output.LayerNorm.weight: Non-trainable parameter, count 768 with torch.Size([768])
09/16 08:49:45 AM: 	sent_encoder._text_field_embedder.model.encoder.layer.2.output.LayerNorm.bias: Non-trainable parameter, count 768 with torch.Size([768])
09/16 08:49:45 AM: 	sent_encoder._text_field_embedder.model.encoder.layer.3.attention.self.query.weight: Non-trainable parameter, count 589824 with torch.Size([768, 768])
09/16 08:49:45 AM: 	sent_encoder._text_field_embedder.model.encoder.layer.3.attention.self.query.bias: Non-trainable parameter, count 768 with torch.Size([768])
09/16 08:49:45 AM: 	sent_encoder._text_field_embedder.model.encoder.layer.3.attention.self.key.weight: Non-trainable parameter, count 589824 with torch.Size([768, 768])
09/16 08:49:45 AM: 	sent_encoder._text_field_embedder.model.encoder.layer.3.attention.self.key.bias: Non-trainable parameter, count 768 with torch.Size([768])
09/16 08:49:45 AM: 	sent_encoder._text_field_embedder.model.encoder.layer.3.attention.self.value.weight: Non-trainable parameter, count 589824 with torch.Size([768, 768])
09/16 08:49:45 AM: 	sent_encoder._text_field_embedder.model.encoder.layer.3.attention.self.value.bias: Non-trainable parameter, count 768 with torch.Size([768])
09/16 08:49:45 AM: 	sent_encoder._text_field_embedder.model.encoder.layer.3.attention.output.dense.weight: Non-trainable parameter, count 589824 with torch.Size([768, 768])
09/16 08:49:45 AM: 	sent_encoder._text_field_embedder.model.encoder.layer.3.attention.output.dense.bias: Non-trainable parameter, count 768 with torch.Size([768])
09/16 08:49:45 AM: 	sent_encoder._text_field_embedder.model.encoder.layer.3.attention.output.LayerNorm.weight: Non-trainable parameter, count 768 with torch.Size([768])
09/16 08:49:45 AM: 	sent_encoder._text_field_embedder.model.encoder.layer.3.attention.output.LayerNorm.bias: Non-trainable parameter, count 768 with torch.Size([768])
09/16 08:49:45 AM: 	sent_encoder._text_field_embedder.model.encoder.layer.3.intermediate.dense.weight: Non-trainable parameter, count 2359296 with torch.Size([3072, 768])
09/16 08:49:45 AM: 	sent_encoder._text_field_embedder.model.encoder.layer.3.intermediate.dense.bias: Non-trainable parameter, count 3072 with torch.Size([3072])
09/16 08:49:45 AM: 	sent_encoder._text_field_embedder.model.encoder.layer.3.output.dense.weight: Non-trainable parameter, count 2359296 with torch.Size([768, 3072])
09/16 08:49:45 AM: 	sent_encoder._text_field_embedder.model.encoder.layer.3.output.dense.bias: Non-trainable parameter, count 768 with torch.Size([768])
09/16 08:49:45 AM: 	sent_encoder._text_field_embedder.model.encoder.layer.3.output.LayerNorm.weight: Non-trainable parameter, count 768 with torch.Size([768])
09/16 08:49:45 AM: 	sent_encoder._text_field_embedder.model.encoder.layer.3.output.LayerNorm.bias: Non-trainable parameter, count 768 with torch.Size([768])
09/16 08:49:45 AM: 	sent_encoder._text_field_embedder.model.encoder.layer.4.attention.self.query.weight: Non-trainable parameter, count 589824 with torch.Size([768, 768])
09/16 08:49:45 AM: 	sent_encoder._text_field_embedder.model.encoder.layer.4.attention.self.query.bias: Non-trainable parameter, count 768 with torch.Size([768])
09/16 08:49:45 AM: 	sent_encoder._text_field_embedder.model.encoder.layer.4.attention.self.key.weight: Non-trainable parameter, count 589824 with torch.Size([768, 768])
09/16 08:49:45 AM: 	sent_encoder._text_field_embedder.model.encoder.layer.4.attention.self.key.bias: Non-trainable parameter, count 768 with torch.Size([768])
09/16 08:49:45 AM: 	sent_encoder._text_field_embedder.model.encoder.layer.4.attention.self.value.weight: Non-trainable parameter, count 589824 with torch.Size([768, 768])
09/16 08:49:45 AM: 	sent_encoder._text_field_embedder.model.encoder.layer.4.attention.self.value.bias: Non-trainable parameter, count 768 with torch.Size([768])
09/16 08:49:45 AM: 	sent_encoder._text_field_embedder.model.encoder.layer.4.attention.output.dense.weight: Non-trainable parameter, count 589824 with torch.Size([768, 768])
09/16 08:49:45 AM: 	sent_encoder._text_field_embedder.model.encoder.layer.4.attention.output.dense.bias: Non-trainable parameter, count 768 with torch.Size([768])
09/16 08:49:45 AM: 	sent_encoder._text_field_embedder.model.encoder.layer.4.attention.output.LayerNorm.weight: Non-trainable parameter, count 768 with torch.Size([768])
09/16 08:49:45 AM: 	sent_encoder._text_field_embedder.model.encoder.layer.4.attention.output.LayerNorm.bias: Non-trainable parameter, count 768 with torch.Size([768])
09/16 08:49:45 AM: 	sent_encoder._text_field_embedder.model.encoder.layer.4.intermediate.dense.weight: Non-trainable parameter, count 2359296 with torch.Size([3072, 768])
09/16 08:49:45 AM: 	sent_encoder._text_field_embedder.model.encoder.layer.4.intermediate.dense.bias: Non-trainable parameter, count 3072 with torch.Size([3072])
09/16 08:49:45 AM: 	sent_encoder._text_field_embedder.model.encoder.layer.4.output.dense.weight: Non-trainable parameter, count 2359296 with torch.Size([768, 3072])
09/16 08:49:45 AM: 	sent_encoder._text_field_embedder.model.encoder.layer.4.output.dense.bias: Non-trainable parameter, count 768 with torch.Size([768])
09/16 08:49:45 AM: 	sent_encoder._text_field_embedder.model.encoder.layer.4.output.LayerNorm.weight: Non-trainable parameter, count 768 with torch.Size([768])
09/16 08:49:45 AM: 	sent_encoder._text_field_embedder.model.encoder.layer.4.output.LayerNorm.bias: Non-trainable parameter, count 768 with torch.Size([768])
09/16 08:49:45 AM: 	sent_encoder._text_field_embedder.model.encoder.layer.5.attention.self.query.weight: Non-trainable parameter, count 589824 with torch.Size([768, 768])
09/16 08:49:45 AM: 	sent_encoder._text_field_embedder.model.encoder.layer.5.attention.self.query.bias: Non-trainable parameter, count 768 with torch.Size([768])
09/16 08:49:45 AM: 	sent_encoder._text_field_embedder.model.encoder.layer.5.attention.self.key.weight: Non-trainable parameter, count 589824 with torch.Size([768, 768])
09/16 08:49:45 AM: 	sent_encoder._text_field_embedder.model.encoder.layer.5.attention.self.key.bias: Non-trainable parameter, count 768 with torch.Size([768])
09/16 08:49:45 AM: 	sent_encoder._text_field_embedder.model.encoder.layer.5.attention.self.value.weight: Non-trainable parameter, count 589824 with torch.Size([768, 768])
09/16 08:49:45 AM: 	sent_encoder._text_field_embedder.model.encoder.layer.5.attention.self.value.bias: Non-trainable parameter, count 768 with torch.Size([768])
09/16 08:49:45 AM: 	sent_encoder._text_field_embedder.model.encoder.layer.5.attention.output.dense.weight: Non-trainable parameter, count 589824 with torch.Size([768, 768])
09/16 08:49:45 AM: 	sent_encoder._text_field_embedder.model.encoder.layer.5.attention.output.dense.bias: Non-trainable parameter, count 768 with torch.Size([768])
09/16 08:49:45 AM: 	sent_encoder._text_field_embedder.model.encoder.layer.5.attention.output.LayerNorm.weight: Non-trainable parameter, count 768 with torch.Size([768])
09/16 08:49:45 AM: 	sent_encoder._text_field_embedder.model.encoder.layer.5.attention.output.LayerNorm.bias: Non-trainable parameter, count 768 with torch.Size([768])
09/16 08:49:45 AM: 	sent_encoder._text_field_embedder.model.encoder.layer.5.intermediate.dense.weight: Non-trainable parameter, count 2359296 with torch.Size([3072, 768])
09/16 08:49:45 AM: 	sent_encoder._text_field_embedder.model.encoder.layer.5.intermediate.dense.bias: Non-trainable parameter, count 3072 with torch.Size([3072])
09/16 08:49:45 AM: 	sent_encoder._text_field_embedder.model.encoder.layer.5.output.dense.weight: Non-trainable parameter, count 2359296 with torch.Size([768, 3072])
09/16 08:49:45 AM: 	sent_encoder._text_field_embedder.model.encoder.layer.5.output.dense.bias: Non-trainable parameter, count 768 with torch.Size([768])
09/16 08:49:45 AM: 	sent_encoder._text_field_embedder.model.encoder.layer.5.output.LayerNorm.weight: Non-trainable parameter, count 768 with torch.Size([768])
09/16 08:49:45 AM: 	sent_encoder._text_field_embedder.model.encoder.layer.5.output.LayerNorm.bias: Non-trainable parameter, count 768 with torch.Size([768])
09/16 08:49:45 AM: 	sent_encoder._text_field_embedder.model.encoder.layer.6.attention.self.query.weight: Non-trainable parameter, count 589824 with torch.Size([768, 768])
09/16 08:49:45 AM: 	sent_encoder._text_field_embedder.model.encoder.layer.6.attention.self.query.bias: Non-trainable parameter, count 768 with torch.Size([768])
09/16 08:49:45 AM: 	sent_encoder._text_field_embedder.model.encoder.layer.6.attention.self.key.weight: Non-trainable parameter, count 589824 with torch.Size([768, 768])
09/16 08:49:45 AM: 	sent_encoder._text_field_embedder.model.encoder.layer.6.attention.self.key.bias: Non-trainable parameter, count 768 with torch.Size([768])
09/16 08:49:45 AM: 	sent_encoder._text_field_embedder.model.encoder.layer.6.attention.self.value.weight: Non-trainable parameter, count 589824 with torch.Size([768, 768])
09/16 08:49:45 AM: 	sent_encoder._text_field_embedder.model.encoder.layer.6.attention.self.value.bias: Non-trainable parameter, count 768 with torch.Size([768])
09/16 08:49:45 AM: 	sent_encoder._text_field_embedder.model.encoder.layer.6.attention.output.dense.weight: Non-trainable parameter, count 589824 with torch.Size([768, 768])
09/16 08:49:45 AM: 	sent_encoder._text_field_embedder.model.encoder.layer.6.attention.output.dense.bias: Non-trainable parameter, count 768 with torch.Size([768])
09/16 08:49:45 AM: 	sent_encoder._text_field_embedder.model.encoder.layer.6.attention.output.LayerNorm.weight: Non-trainable parameter, count 768 with torch.Size([768])
09/16 08:49:45 AM: 	sent_encoder._text_field_embedder.model.encoder.layer.6.attention.output.LayerNorm.bias: Non-trainable parameter, count 768 with torch.Size([768])
09/16 08:49:45 AM: 	sent_encoder._text_field_embedder.model.encoder.layer.6.intermediate.dense.weight: Non-trainable parameter, count 2359296 with torch.Size([3072, 768])
09/16 08:49:45 AM: 	sent_encoder._text_field_embedder.model.encoder.layer.6.intermediate.dense.bias: Non-trainable parameter, count 3072 with torch.Size([3072])
09/16 08:49:45 AM: 	sent_encoder._text_field_embedder.model.encoder.layer.6.output.dense.weight: Non-trainable parameter, count 2359296 with torch.Size([768, 3072])
09/16 08:49:45 AM: 	sent_encoder._text_field_embedder.model.encoder.layer.6.output.dense.bias: Non-trainable parameter, count 768 with torch.Size([768])
09/16 08:49:45 AM: 	sent_encoder._text_field_embedder.model.encoder.layer.6.output.LayerNorm.weight: Non-trainable parameter, count 768 with torch.Size([768])
09/16 08:49:45 AM: 	sent_encoder._text_field_embedder.model.encoder.layer.6.output.LayerNorm.bias: Non-trainable parameter, count 768 with torch.Size([768])
09/16 08:49:45 AM: 	sent_encoder._text_field_embedder.model.encoder.layer.7.attention.self.query.weight: Non-trainable parameter, count 589824 with torch.Size([768, 768])
09/16 08:49:45 AM: 	sent_encoder._text_field_embedder.model.encoder.layer.7.attention.self.query.bias: Non-trainable parameter, count 768 with torch.Size([768])
09/16 08:49:45 AM: 	sent_encoder._text_field_embedder.model.encoder.layer.7.attention.self.key.weight: Non-trainable parameter, count 589824 with torch.Size([768, 768])
09/16 08:49:45 AM: 	sent_encoder._text_field_embedder.model.encoder.layer.7.attention.self.key.bias: Non-trainable parameter, count 768 with torch.Size([768])
09/16 08:49:45 AM: 	sent_encoder._text_field_embedder.model.encoder.layer.7.attention.self.value.weight: Non-trainable parameter, count 589824 with torch.Size([768, 768])
09/16 08:49:45 AM: 	sent_encoder._text_field_embedder.model.encoder.layer.7.attention.self.value.bias: Non-trainable parameter, count 768 with torch.Size([768])
09/16 08:49:45 AM: 	sent_encoder._text_field_embedder.model.encoder.layer.7.attention.output.dense.weight: Non-trainable parameter, count 589824 with torch.Size([768, 768])
09/16 08:49:45 AM: 	sent_encoder._text_field_embedder.model.encoder.layer.7.attention.output.dense.bias: Non-trainable parameter, count 768 with torch.Size([768])
09/16 08:49:45 AM: 	sent_encoder._text_field_embedder.model.encoder.layer.7.attention.output.LayerNorm.weight: Non-trainable parameter, count 768 with torch.Size([768])
09/16 08:49:45 AM: 	sent_encoder._text_field_embedder.model.encoder.layer.7.attention.output.LayerNorm.bias: Non-trainable parameter, count 768 with torch.Size([768])
09/16 08:49:45 AM: 	sent_encoder._text_field_embedder.model.encoder.layer.7.intermediate.dense.weight: Non-trainable parameter, count 2359296 with torch.Size([3072, 768])
09/16 08:49:45 AM: 	sent_encoder._text_field_embedder.model.encoder.layer.7.intermediate.dense.bias: Non-trainable parameter, count 3072 with torch.Size([3072])
09/16 08:49:45 AM: 	sent_encoder._text_field_embedder.model.encoder.layer.7.output.dense.weight: Non-trainable parameter, count 2359296 with torch.Size([768, 3072])
09/16 08:49:45 AM: 	sent_encoder._text_field_embedder.model.encoder.layer.7.output.dense.bias: Non-trainable parameter, count 768 with torch.Size([768])
09/16 08:49:45 AM: 	sent_encoder._text_field_embedder.model.encoder.layer.7.output.LayerNorm.weight: Non-trainable parameter, count 768 with torch.Size([768])
09/16 08:49:45 AM: 	sent_encoder._text_field_embedder.model.encoder.layer.7.output.LayerNorm.bias: Non-trainable parameter, count 768 with torch.Size([768])
09/16 08:49:45 AM: 	sent_encoder._text_field_embedder.model.encoder.layer.8.attention.self.query.weight: Non-trainable parameter, count 589824 with torch.Size([768, 768])
09/16 08:49:45 AM: 	sent_encoder._text_field_embedder.model.encoder.layer.8.attention.self.query.bias: Non-trainable parameter, count 768 with torch.Size([768])
09/16 08:49:45 AM: 	sent_encoder._text_field_embedder.model.encoder.layer.8.attention.self.key.weight: Non-trainable parameter, count 589824 with torch.Size([768, 768])
09/16 08:49:45 AM: 	sent_encoder._text_field_embedder.model.encoder.layer.8.attention.self.key.bias: Non-trainable parameter, count 768 with torch.Size([768])
09/16 08:49:45 AM: 	sent_encoder._text_field_embedder.model.encoder.layer.8.attention.self.value.weight: Non-trainable parameter, count 589824 with torch.Size([768, 768])
09/16 08:49:45 AM: 	sent_encoder._text_field_embedder.model.encoder.layer.8.attention.self.value.bias: Non-trainable parameter, count 768 with torch.Size([768])
09/16 08:49:45 AM: 	sent_encoder._text_field_embedder.model.encoder.layer.8.attention.output.dense.weight: Non-trainable parameter, count 589824 with torch.Size([768, 768])
09/16 08:49:45 AM: 	sent_encoder._text_field_embedder.model.encoder.layer.8.attention.output.dense.bias: Non-trainable parameter, count 768 with torch.Size([768])
09/16 08:49:45 AM: 	sent_encoder._text_field_embedder.model.encoder.layer.8.attention.output.LayerNorm.weight: Non-trainable parameter, count 768 with torch.Size([768])
09/16 08:49:45 AM: 	sent_encoder._text_field_embedder.model.encoder.layer.8.attention.output.LayerNorm.bias: Non-trainable parameter, count 768 with torch.Size([768])
09/16 08:49:45 AM: 	sent_encoder._text_field_embedder.model.encoder.layer.8.intermediate.dense.weight: Non-trainable parameter, count 2359296 with torch.Size([3072, 768])
09/16 08:49:45 AM: 	sent_encoder._text_field_embedder.model.encoder.layer.8.intermediate.dense.bias: Non-trainable parameter, count 3072 with torch.Size([3072])
09/16 08:49:45 AM: 	sent_encoder._text_field_embedder.model.encoder.layer.8.output.dense.weight: Non-trainable parameter, count 2359296 with torch.Size([768, 3072])
09/16 08:49:45 AM: 	sent_encoder._text_field_embedder.model.encoder.layer.8.output.dense.bias: Non-trainable parameter, count 768 with torch.Size([768])
09/16 08:49:45 AM: 	sent_encoder._text_field_embedder.model.encoder.layer.8.output.LayerNorm.weight: Non-trainable parameter, count 768 with torch.Size([768])
09/16 08:49:45 AM: 	sent_encoder._text_field_embedder.model.encoder.layer.8.output.LayerNorm.bias: Non-trainable parameter, count 768 with torch.Size([768])
09/16 08:49:45 AM: 	sent_encoder._text_field_embedder.model.encoder.layer.9.attention.self.query.weight: Non-trainable parameter, count 589824 with torch.Size([768, 768])
09/16 08:49:45 AM: 	sent_encoder._text_field_embedder.model.encoder.layer.9.attention.self.query.bias: Non-trainable parameter, count 768 with torch.Size([768])
09/16 08:49:45 AM: 	sent_encoder._text_field_embedder.model.encoder.layer.9.attention.self.key.weight: Non-trainable parameter, count 589824 with torch.Size([768, 768])
09/16 08:49:45 AM: 	sent_encoder._text_field_embedder.model.encoder.layer.9.attention.self.key.bias: Non-trainable parameter, count 768 with torch.Size([768])
09/16 08:49:45 AM: 	sent_encoder._text_field_embedder.model.encoder.layer.9.attention.self.value.weight: Non-trainable parameter, count 589824 with torch.Size([768, 768])
09/16 08:49:45 AM: 	sent_encoder._text_field_embedder.model.encoder.layer.9.attention.self.value.bias: Non-trainable parameter, count 768 with torch.Size([768])
09/16 08:49:45 AM: 	sent_encoder._text_field_embedder.model.encoder.layer.9.attention.output.dense.weight: Non-trainable parameter, count 589824 with torch.Size([768, 768])
09/16 08:49:45 AM: 	sent_encoder._text_field_embedder.model.encoder.layer.9.attention.output.dense.bias: Non-trainable parameter, count 768 with torch.Size([768])
09/16 08:49:45 AM: 	sent_encoder._text_field_embedder.model.encoder.layer.9.attention.output.LayerNorm.weight: Non-trainable parameter, count 768 with torch.Size([768])
09/16 08:49:45 AM: 	sent_encoder._text_field_embedder.model.encoder.layer.9.attention.output.LayerNorm.bias: Non-trainable parameter, count 768 with torch.Size([768])
09/16 08:49:45 AM: 	sent_encoder._text_field_embedder.model.encoder.layer.9.intermediate.dense.weight: Non-trainable parameter, count 2359296 with torch.Size([3072, 768])
09/16 08:49:45 AM: 	sent_encoder._text_field_embedder.model.encoder.layer.9.intermediate.dense.bias: Non-trainable parameter, count 3072 with torch.Size([3072])
09/16 08:49:45 AM: 	sent_encoder._text_field_embedder.model.encoder.layer.9.output.dense.weight: Non-trainable parameter, count 2359296 with torch.Size([768, 3072])
09/16 08:49:45 AM: 	sent_encoder._text_field_embedder.model.encoder.layer.9.output.dense.bias: Non-trainable parameter, count 768 with torch.Size([768])
09/16 08:49:45 AM: 	sent_encoder._text_field_embedder.model.encoder.layer.9.output.LayerNorm.weight: Non-trainable parameter, count 768 with torch.Size([768])
09/16 08:49:45 AM: 	sent_encoder._text_field_embedder.model.encoder.layer.9.output.LayerNorm.bias: Non-trainable parameter, count 768 with torch.Size([768])
09/16 08:49:45 AM: 	sent_encoder._text_field_embedder.model.encoder.layer.10.attention.self.query.weight: Non-trainable parameter, count 589824 with torch.Size([768, 768])
09/16 08:49:45 AM: 	sent_encoder._text_field_embedder.model.encoder.layer.10.attention.self.query.bias: Non-trainable parameter, count 768 with torch.Size([768])
09/16 08:49:45 AM: 	sent_encoder._text_field_embedder.model.encoder.layer.10.attention.self.key.weight: Non-trainable parameter, count 589824 with torch.Size([768, 768])
09/16 08:49:45 AM: 	sent_encoder._text_field_embedder.model.encoder.layer.10.attention.self.key.bias: Non-trainable parameter, count 768 with torch.Size([768])
09/16 08:49:45 AM: 	sent_encoder._text_field_embedder.model.encoder.layer.10.attention.self.value.weight: Non-trainable parameter, count 589824 with torch.Size([768, 768])
09/16 08:49:45 AM: 	sent_encoder._text_field_embedder.model.encoder.layer.10.attention.self.value.bias: Non-trainable parameter, count 768 with torch.Size([768])
09/16 08:49:45 AM: 	sent_encoder._text_field_embedder.model.encoder.layer.10.attention.output.dense.weight: Non-trainable parameter, count 589824 with torch.Size([768, 768])
09/16 08:49:45 AM: 	sent_encoder._text_field_embedder.model.encoder.layer.10.attention.output.dense.bias: Non-trainable parameter, count 768 with torch.Size([768])
09/16 08:49:45 AM: 	sent_encoder._text_field_embedder.model.encoder.layer.10.attention.output.LayerNorm.weight: Non-trainable parameter, count 768 with torch.Size([768])
09/16 08:49:45 AM: 	sent_encoder._text_field_embedder.model.encoder.layer.10.attention.output.LayerNorm.bias: Non-trainable parameter, count 768 with torch.Size([768])
09/16 08:49:45 AM: 	sent_encoder._text_field_embedder.model.encoder.layer.10.intermediate.dense.weight: Non-trainable parameter, count 2359296 with torch.Size([3072, 768])
09/16 08:49:45 AM: 	sent_encoder._text_field_embedder.model.encoder.layer.10.intermediate.dense.bias: Non-trainable parameter, count 3072 with torch.Size([3072])
09/16 08:49:45 AM: 	sent_encoder._text_field_embedder.model.encoder.layer.10.output.dense.weight: Non-trainable parameter, count 2359296 with torch.Size([768, 3072])
09/16 08:49:45 AM: 	sent_encoder._text_field_embedder.model.encoder.layer.10.output.dense.bias: Non-trainable parameter, count 768 with torch.Size([768])
09/16 08:49:45 AM: 	sent_encoder._text_field_embedder.model.encoder.layer.10.output.LayerNorm.weight: Non-trainable parameter, count 768 with torch.Size([768])
09/16 08:49:45 AM: 	sent_encoder._text_field_embedder.model.encoder.layer.10.output.LayerNorm.bias: Non-trainable parameter, count 768 with torch.Size([768])
09/16 08:49:45 AM: 	sent_encoder._text_field_embedder.model.encoder.layer.11.attention.self.query.weight: Non-trainable parameter, count 589824 with torch.Size([768, 768])
09/16 08:49:45 AM: 	sent_encoder._text_field_embedder.model.encoder.layer.11.attention.self.query.bias: Non-trainable parameter, count 768 with torch.Size([768])
09/16 08:49:45 AM: 	sent_encoder._text_field_embedder.model.encoder.layer.11.attention.self.key.weight: Non-trainable parameter, count 589824 with torch.Size([768, 768])
09/16 08:49:45 AM: 	sent_encoder._text_field_embedder.model.encoder.layer.11.attention.self.key.bias: Non-trainable parameter, count 768 with torch.Size([768])
09/16 08:49:45 AM: 	sent_encoder._text_field_embedder.model.encoder.layer.11.attention.self.value.weight: Non-trainable parameter, count 589824 with torch.Size([768, 768])
09/16 08:49:45 AM: 	sent_encoder._text_field_embedder.model.encoder.layer.11.attention.self.value.bias: Non-trainable parameter, count 768 with torch.Size([768])
09/16 08:49:45 AM: 	sent_encoder._text_field_embedder.model.encoder.layer.11.attention.output.dense.weight: Non-trainable parameter, count 589824 with torch.Size([768, 768])
09/16 08:49:45 AM: 	sent_encoder._text_field_embedder.model.encoder.layer.11.attention.output.dense.bias: Non-trainable parameter, count 768 with torch.Size([768])
09/16 08:49:45 AM: 	sent_encoder._text_field_embedder.model.encoder.layer.11.attention.output.LayerNorm.weight: Non-trainable parameter, count 768 with torch.Size([768])
09/16 08:49:45 AM: 	sent_encoder._text_field_embedder.model.encoder.layer.11.attention.output.LayerNorm.bias: Non-trainable parameter, count 768 with torch.Size([768])
09/16 08:49:45 AM: 	sent_encoder._text_field_embedder.model.encoder.layer.11.intermediate.dense.weight: Non-trainable parameter, count 2359296 with torch.Size([3072, 768])
09/16 08:49:45 AM: 	sent_encoder._text_field_embedder.model.encoder.layer.11.intermediate.dense.bias: Non-trainable parameter, count 3072 with torch.Size([3072])
09/16 08:49:45 AM: 	sent_encoder._text_field_embedder.model.encoder.layer.11.output.dense.weight: Non-trainable parameter, count 2359296 with torch.Size([768, 3072])
09/16 08:49:45 AM: 	sent_encoder._text_field_embedder.model.encoder.layer.11.output.dense.bias: Non-trainable parameter, count 768 with torch.Size([768])
09/16 08:49:45 AM: 	sent_encoder._text_field_embedder.model.encoder.layer.11.output.LayerNorm.weight: Non-trainable parameter, count 768 with torch.Size([768])
09/16 08:49:45 AM: 	sent_encoder._text_field_embedder.model.encoder.layer.11.output.LayerNorm.bias: Non-trainable parameter, count 768 with torch.Size([768])
09/16 08:49:45 AM: 	sent_encoder._text_field_embedder.model.pooler.dense.weight: Non-trainable parameter, count 589824 with torch.Size([768, 768])
09/16 08:49:45 AM: 	sent_encoder._text_field_embedder.model.pooler.dense.bias: Non-trainable parameter, count 768 with torch.Size([768])
09/16 08:49:45 AM: 	edges-spr2_mdl.proj1.weight: Trainable parameter, count 196608 with torch.Size([256, 768, 1])
09/16 08:49:45 AM: 	edges-spr2_mdl.proj1.bias: Trainable parameter, count 256 with torch.Size([256])
09/16 08:49:45 AM: 	edges-spr2_mdl.proj2.weight: Trainable parameter, count 196608 with torch.Size([256, 768, 1])
09/16 08:49:45 AM: 	edges-spr2_mdl.proj2.bias: Trainable parameter, count 256 with torch.Size([256])
09/16 08:49:45 AM: 	edges-spr2_mdl.classifier.classifier.0.weight: Trainable parameter, count 262144 with torch.Size([256, 1024])
09/16 08:49:45 AM: 	edges-spr2_mdl.classifier.classifier.0.bias: Trainable parameter, count 256 with torch.Size([256])
09/16 08:49:45 AM: 	edges-spr2_mdl.classifier.classifier.2.weight: Trainable parameter, count 256 with torch.Size([256])
09/16 08:49:45 AM: 	edges-spr2_mdl.classifier.classifier.2.bias: Trainable parameter, count 256 with torch.Size([256])
09/16 08:49:45 AM: 	edges-spr2_mdl.classifier.classifier.4.weight: Trainable parameter, count 5120 with torch.Size([20, 256])
09/16 08:49:45 AM: 	edges-spr2_mdl.classifier.classifier.4.bias: Trainable parameter, count 20 with torch.Size([20])
09/16 08:49:45 AM: Total number of parameters: 110144020 (1.10144e+08)
09/16 08:49:45 AM: Number of trainable parameters: 661780 (661780)
09/16 08:49:45 AM: Finished building model in 19.743s
09/16 08:49:45 AM: Will run the following steps for this experiment:
Re-training model for individual target tasks 
Evaluating model on tasks: edges-spr2 

09/16 08:49:46 AM: patience = 9
09/16 08:49:46 AM: val_interval = 100
09/16 08:49:46 AM: max_vals = 100
09/16 08:49:46 AM: cuda_device = 0
09/16 08:49:46 AM: grad_norm = 5.0
09/16 08:49:46 AM: grad_clipping = None
09/16 08:49:46 AM: lr_decay = 0.99
09/16 08:49:46 AM: min_lr = 1e-06
09/16 08:49:46 AM: keep_all_checkpoints = 0
09/16 08:49:46 AM: val_data_limit = 5000
09/16 08:49:46 AM: max_epochs = -1
09/16 08:49:46 AM: dec_val_scale = 250
09/16 08:49:46 AM: training_data_fraction = 1
09/16 08:49:46 AM: type = adam
09/16 08:49:46 AM: parameter_groups = None
09/16 08:49:46 AM: Number of trainable parameters: 661780
09/16 08:49:46 AM: infer_type_and_cast = True
09/16 08:49:46 AM: Converting Params object to dict; logging of default values will not occur when dictionary parameters are used subsequently.
09/16 08:49:46 AM: CURRENTLY DEFINED PARAMETERS: 
09/16 08:49:46 AM: lr = 0.0001
09/16 08:49:46 AM: amsgrad = True
09/16 08:49:46 AM: type = reduce_on_plateau
09/16 08:49:46 AM: Converting Params object to dict; logging of default values will not occur when dictionary parameters are used subsequently.
09/16 08:49:46 AM: CURRENTLY DEFINED PARAMETERS: 
09/16 08:49:46 AM: mode = max
09/16 08:49:46 AM: factor = 0.5
09/16 08:49:46 AM: patience = 3
09/16 08:49:46 AM: threshold = 0.0001
09/16 08:49:46 AM: threshold_mode = abs
09/16 08:49:46 AM: verbose = True
09/16 08:49:46 AM: type = adam
09/16 08:49:46 AM: parameter_groups = None
09/16 08:49:46 AM: Number of trainable parameters: 661780
09/16 08:49:46 AM: infer_type_and_cast = True
09/16 08:49:46 AM: Converting Params object to dict; logging of default values will not occur when dictionary parameters are used subsequently.
09/16 08:49:46 AM: CURRENTLY DEFINED PARAMETERS: 
09/16 08:49:46 AM: lr = 0.0001
09/16 08:49:46 AM: amsgrad = True
09/16 08:49:46 AM: type = reduce_on_plateau
09/16 08:49:46 AM: Converting Params object to dict; logging of default values will not occur when dictionary parameters are used subsequently.
09/16 08:49:46 AM: CURRENTLY DEFINED PARAMETERS: 
09/16 08:49:46 AM: mode = max
09/16 08:49:46 AM: factor = 0.5
09/16 08:49:46 AM: patience = 3
09/16 08:49:46 AM: threshold = 0.0001
09/16 08:49:46 AM: threshold_mode = abs
09/16 08:49:46 AM: verbose = True
09/16 08:49:46 AM: Starting training without restoring from a checkpoint.
09/16 08:49:46 AM: Training examples per task, before any subsampling: {'edges-spr2': 2226}
09/16 08:49:46 AM: Beginning training with stopping criteria based on metric: edges-spr2_f1
09/16 08:49:50 AM: ***** Step 100 / Validation 1 *****
09/16 08:49:50 AM: edges-spr2: trained on 100 batches, 1.429 epochs
09/16 08:49:50 AM: Validating...
09/16 08:49:51 AM: Best result seen so far for edges-spr2.
09/16 08:49:51 AM: Best result seen so far for micro.
09/16 08:49:51 AM: Best result seen so far for macro.
09/16 08:49:51 AM: Updating LR scheduler:
09/16 08:49:51 AM: 	Best result seen so far for macro_avg: 0.786
09/16 08:49:51 AM: 	# validation passes without improvement: 0
09/16 08:49:51 AM: edges-spr2_loss: training: 0.390278 validation: 0.352338
09/16 08:49:51 AM: macro_avg: validation: 0.786046
09/16 08:49:51 AM: micro_avg: validation: 0.000000
09/16 08:49:51 AM: edges-spr2_mcc: training: 0.603667 validation: 0.674823
09/16 08:49:51 AM: edges-spr2_acc: training: 0.044692 validation: 0.073016
09/16 08:49:51 AM: edges-spr2_precision: training: 0.764743 validation: 0.841008
09/16 08:49:51 AM: edges-spr2_recall: training: 0.725480 validation: 0.737827
09/16 08:49:51 AM: edges-spr2_f1: training: 0.744594 validation: 0.786046
09/16 08:49:51 AM: Global learning rate: 0.0001
09/16 08:49:51 AM: Saving checkpoints to: ./experiments/spr2-hotpot-only/run
09/16 08:49:54 AM: ***** Step 200 / Validation 2 *****
09/16 08:49:54 AM: edges-spr2: trained on 100 batches, 1.429 epochs
09/16 08:49:54 AM: Validating...
09/16 08:49:54 AM: Best result seen so far for edges-spr2.
09/16 08:49:54 AM: Best result seen so far for macro.
09/16 08:49:54 AM: Updating LR scheduler:
09/16 08:49:54 AM: 	Best result seen so far for macro_avg: 0.798
09/16 08:49:54 AM: 	# validation passes without improvement: 0
09/16 08:49:54 AM: edges-spr2_loss: training: 0.320320 validation: 0.339917
09/16 08:49:54 AM: macro_avg: validation: 0.797636
09/16 08:49:54 AM: micro_avg: validation: 0.000000
09/16 08:49:54 AM: edges-spr2_mcc: training: 0.680544 validation: 0.688192
09/16 08:49:54 AM: edges-spr2_acc: training: 0.059042 validation: 0.074603
09/16 08:49:54 AM: edges-spr2_precision: training: 0.823386 validation: 0.838490
09/16 08:49:54 AM: edges-spr2_recall: training: 0.762899 validation: 0.760578
09/16 08:49:54 AM: edges-spr2_f1: training: 0.791990 validation: 0.797636
09/16 08:49:54 AM: Global learning rate: 0.0001
09/16 08:49:54 AM: Saving checkpoints to: ./experiments/spr2-hotpot-only/run
09/16 08:49:56 AM: Update 259: task edges-spr2, batch 59 (259): mcc: 0.6901, acc: 0.0686, precision: 0.8267, recall: 0.7705, f1: 0.7976, edges-spr2_loss: 0.3071
09/16 08:49:58 AM: ***** Step 300 / Validation 3 *****
09/16 08:49:58 AM: edges-spr2: trained on 100 batches, 1.429 epochs
09/16 08:49:58 AM: Validating...
09/16 08:49:58 AM: Updating LR scheduler:
09/16 08:49:58 AM: 	Best result seen so far for macro_avg: 0.798
09/16 08:49:58 AM: 	# validation passes without improvement: 1
09/16 08:49:58 AM: edges-spr2_loss: training: 0.304140 validation: 0.335819
09/16 08:49:58 AM: macro_avg: validation: 0.796955
09/16 08:49:58 AM: micro_avg: validation: 0.000000
09/16 08:49:58 AM: edges-spr2_mcc: training: 0.695974 validation: 0.688218
09/16 08:49:58 AM: edges-spr2_acc: training: 0.072066 validation: 0.080952
09/16 08:49:58 AM: edges-spr2_precision: training: 0.830476 validation: 0.841409
09/16 08:49:58 AM: edges-spr2_recall: training: 0.776898 validation: 0.756964
09/16 08:49:58 AM: edges-spr2_f1: training: 0.802794 validation: 0.796955
09/16 08:49:58 AM: Global learning rate: 0.0001
09/16 08:49:58 AM: Saving checkpoints to: ./experiments/spr2-hotpot-only/run
09/16 08:50:02 AM: ***** Step 400 / Validation 4 *****
09/16 08:50:02 AM: edges-spr2: trained on 100 batches, 1.429 epochs
09/16 08:50:02 AM: Validating...
09/16 08:50:02 AM: Best result seen so far for edges-spr2.
09/16 08:50:02 AM: Best result seen so far for macro.
09/16 08:50:02 AM: Updating LR scheduler:
09/16 08:50:02 AM: 	Best result seen so far for macro_avg: 0.800
09/16 08:50:02 AM: 	# validation passes without improvement: 0
09/16 08:50:02 AM: edges-spr2_loss: training: 0.291838 validation: 0.337591
09/16 08:50:02 AM: macro_avg: validation: 0.799821
09/16 08:50:02 AM: micro_avg: validation: 0.000000
09/16 08:50:02 AM: edges-spr2_mcc: training: 0.708278 validation: 0.692728
09/16 08:50:02 AM: edges-spr2_acc: training: 0.077966 validation: 0.074603
09/16 08:50:02 AM: edges-spr2_precision: training: 0.833850 validation: 0.844644
09/16 08:50:02 AM: edges-spr2_recall: training: 0.790398 validation: 0.759515
09/16 08:50:02 AM: edges-spr2_f1: training: 0.811543 validation: 0.799821
09/16 08:50:02 AM: Global learning rate: 0.0001
09/16 08:50:02 AM: Saving checkpoints to: ./experiments/spr2-hotpot-only/run
09/16 08:50:06 AM: Update 491: task edges-spr2, batch 91 (491): mcc: 0.7170, acc: 0.0841, precision: 0.8384, recall: 0.7982, f1: 0.8178, edges-spr2_loss: 0.2841
09/16 08:50:06 AM: ***** Step 500 / Validation 5 *****
09/16 08:50:06 AM: edges-spr2: trained on 100 batches, 1.429 epochs
09/16 08:50:06 AM: Validating...
09/16 08:50:07 AM: Best result seen so far for edges-spr2.
09/16 08:50:07 AM: Best result seen so far for macro.
09/16 08:50:07 AM: Updating LR scheduler:
09/16 08:50:07 AM: 	Best result seen so far for macro_avg: 0.802
09/16 08:50:07 AM: 	# validation passes without improvement: 0
09/16 08:50:07 AM: edges-spr2_loss: training: 0.283788 validation: 0.336838
09/16 08:50:07 AM: macro_avg: validation: 0.802382
09/16 08:50:07 AM: micro_avg: validation: 0.000000
09/16 08:50:07 AM: edges-spr2_mcc: training: 0.716681 validation: 0.692713
09/16 08:50:07 AM: edges-spr2_acc: training: 0.082919 validation: 0.069841
09/16 08:50:07 AM: edges-spr2_precision: training: 0.837732 validation: 0.833448
09/16 08:50:07 AM: edges-spr2_recall: training: 0.798367 validation: 0.773549
09/16 08:50:07 AM: edges-spr2_f1: training: 0.817576 validation: 0.802382
09/16 08:50:07 AM: Global learning rate: 0.0001
09/16 08:50:07 AM: Saving checkpoints to: ./experiments/spr2-hotpot-only/run
09/16 08:50:11 AM: ***** Step 600 / Validation 6 *****
09/16 08:50:11 AM: edges-spr2: trained on 100 batches, 1.429 epochs
09/16 08:50:11 AM: Validating...
09/16 08:50:11 AM: Best result seen so far for edges-spr2.
09/16 08:50:11 AM: Best result seen so far for macro.
09/16 08:50:11 AM: Updating LR scheduler:
09/16 08:50:11 AM: 	Best result seen so far for macro_avg: 0.803
09/16 08:50:11 AM: 	# validation passes without improvement: 0
09/16 08:50:11 AM: edges-spr2_loss: training: 0.276972 validation: 0.338538
09/16 08:50:11 AM: macro_avg: validation: 0.803151
09/16 08:50:11 AM: micro_avg: validation: 0.000000
09/16 08:50:11 AM: edges-spr2_mcc: training: 0.724670 validation: 0.692018
09/16 08:50:11 AM: edges-spr2_acc: training: 0.091575 validation: 0.063492
09/16 08:50:11 AM: edges-spr2_precision: training: 0.841600 validation: 0.827322
09/16 08:50:11 AM: edges-spr2_recall: training: 0.804628 validation: 0.780353
09/16 08:50:11 AM: edges-spr2_f1: training: 0.822699 validation: 0.803151
09/16 08:50:11 AM: Global learning rate: 0.0001
09/16 08:50:11 AM: Saving checkpoints to: ./experiments/spr2-hotpot-only/run
09/16 08:50:15 AM: ***** Step 700 / Validation 7 *****
09/16 08:50:15 AM: edges-spr2: trained on 100 batches, 1.429 epochs
09/16 08:50:15 AM: Validating...
09/16 08:50:15 AM: Updating LR scheduler:
09/16 08:50:15 AM: 	Best result seen so far for macro_avg: 0.803
09/16 08:50:15 AM: 	# validation passes without improvement: 1
09/16 08:50:15 AM: edges-spr2_loss: training: 0.269984 validation: 0.342376
09/16 08:50:15 AM: macro_avg: validation: 0.799385
09/16 08:50:15 AM: micro_avg: validation: 0.000000
09/16 08:50:15 AM: edges-spr2_mcc: training: 0.732375 validation: 0.686956
09/16 08:50:15 AM: edges-spr2_acc: training: 0.084036 validation: 0.073016
09/16 08:50:15 AM: edges-spr2_precision: training: 0.844341 validation: 0.826521
09/16 08:50:15 AM: edges-spr2_recall: training: 0.812722 validation: 0.773974
09/16 08:50:15 AM: edges-spr2_f1: training: 0.828230 validation: 0.799385
09/16 08:50:15 AM: Global learning rate: 0.0001
09/16 08:50:15 AM: Saving checkpoints to: ./experiments/spr2-hotpot-only/run
09/16 08:50:16 AM: Update 724: task edges-spr2, batch 24 (724): mcc: 0.7218, acc: 0.0799, precision: 0.8371, recall: 0.8079, f1: 0.8222, edges-spr2_loss: 0.2760
09/16 08:50:19 AM: ***** Step 800 / Validation 8 *****
09/16 08:50:19 AM: edges-spr2: trained on 100 batches, 1.429 epochs
09/16 08:50:19 AM: Validating...
09/16 08:50:19 AM: Updating LR scheduler:
09/16 08:50:19 AM: 	Best result seen so far for macro_avg: 0.803
09/16 08:50:19 AM: 	# validation passes without improvement: 2
09/16 08:50:19 AM: edges-spr2_loss: training: 0.264787 validation: 0.343787
09/16 08:50:19 AM: macro_avg: validation: 0.799912
09/16 08:50:19 AM: micro_avg: validation: 0.000000
09/16 08:50:19 AM: edges-spr2_mcc: training: 0.738030 validation: 0.689469
09/16 08:50:19 AM: edges-spr2_acc: training: 0.095822 validation: 0.068254
09/16 08:50:19 AM: edges-spr2_precision: training: 0.847892 validation: 0.833065
09/16 08:50:19 AM: edges-spr2_recall: training: 0.816221 validation: 0.769296
09/16 08:50:19 AM: edges-spr2_f1: training: 0.831755 validation: 0.799912
09/16 08:50:19 AM: Global learning rate: 0.0001
09/16 08:50:19 AM: Saving checkpoints to: ./experiments/spr2-hotpot-only/run
09/16 08:50:23 AM: ***** Step 900 / Validation 9 *****
09/16 08:50:23 AM: edges-spr2: trained on 100 batches, 1.429 epochs
09/16 08:50:23 AM: Validating...
09/16 08:50:23 AM: Updating LR scheduler:
09/16 08:50:23 AM: 	Best result seen so far for macro_avg: 0.803
09/16 08:50:23 AM: 	# validation passes without improvement: 3
09/16 08:50:23 AM: edges-spr2_loss: training: 0.260959 validation: 0.348336
09/16 08:50:23 AM: macro_avg: validation: 0.796882
09/16 08:50:23 AM: micro_avg: validation: 0.000000
09/16 08:50:23 AM: edges-spr2_mcc: training: 0.739458 validation: 0.683007
09/16 08:50:23 AM: edges-spr2_acc: training: 0.096673 validation: 0.071429
09/16 08:50:23 AM: edges-spr2_precision: training: 0.848586 validation: 0.823837
09/16 08:50:23 AM: edges-spr2_recall: training: 0.816859 validation: 0.771635
09/16 08:50:23 AM: edges-spr2_f1: training: 0.832420 validation: 0.796882
09/16 08:50:23 AM: Global learning rate: 0.0001
09/16 08:50:23 AM: Saving checkpoints to: ./experiments/spr2-hotpot-only/run
09/16 08:50:26 AM: Update 994: task edges-spr2, batch 94 (994): mcc: 0.7432, acc: 0.1053, precision: 0.8497, recall: 0.8224, f1: 0.8358, edges-spr2_loss: 0.2587
09/16 08:50:26 AM: ***** Step 1000 / Validation 10 *****
09/16 08:50:26 AM: edges-spr2: trained on 100 batches, 1.429 epochs
09/16 08:50:26 AM: Validating...
09/16 08:50:27 AM: Updating LR scheduler:
09/16 08:50:27 AM: 	Best result seen so far for macro_avg: 0.803
09/16 08:50:27 AM: 	# validation passes without improvement: 0
09/16 08:50:27 AM: edges-spr2_loss: training: 0.258674 validation: 0.349133
09/16 08:50:27 AM: macro_avg: validation: 0.791357
09/16 08:50:27 AM: micro_avg: validation: 0.000000
09/16 08:50:27 AM: edges-spr2_mcc: training: 0.743202 validation: 0.676728
09/16 08:50:27 AM: edges-spr2_acc: training: 0.105606 validation: 0.071429
09/16 08:50:27 AM: edges-spr2_precision: training: 0.851462 validation: 0.826238
09/16 08:50:27 AM: edges-spr2_recall: training: 0.820336 validation: 0.759303
09/16 08:50:27 AM: edges-spr2_f1: training: 0.835609 validation: 0.791357
09/16 08:50:27 AM: Global learning rate: 5e-05
09/16 08:50:27 AM: Saving checkpoints to: ./experiments/spr2-hotpot-only/run
09/16 08:50:30 AM: ***** Step 1100 / Validation 11 *****
09/16 08:50:30 AM: edges-spr2: trained on 100 batches, 1.429 epochs
09/16 08:50:30 AM: Validating...
09/16 08:50:30 AM: Updating LR scheduler:
09/16 08:50:30 AM: 	Best result seen so far for macro_avg: 0.803
09/16 08:50:30 AM: 	# validation passes without improvement: 1
09/16 08:50:30 AM: edges-spr2_loss: training: 0.250493 validation: 0.349178
09/16 08:50:30 AM: macro_avg: validation: 0.797635
09/16 08:50:30 AM: micro_avg: validation: 0.000000
09/16 08:50:30 AM: edges-spr2_mcc: training: 0.753671 validation: 0.683542
09/16 08:50:30 AM: edges-spr2_acc: training: 0.108108 validation: 0.065079
09/16 08:50:30 AM: edges-spr2_precision: training: 0.855597 validation: 0.822308
09/16 08:50:30 AM: edges-spr2_recall: training: 0.828685 validation: 0.774399
09/16 08:50:30 AM: edges-spr2_f1: training: 0.841926 validation: 0.797635
09/16 08:50:30 AM: Global learning rate: 5e-05
09/16 08:50:30 AM: Saving checkpoints to: ./experiments/spr2-hotpot-only/run
09/16 08:50:33 AM: ***** Step 1200 / Validation 12 *****
09/16 08:50:33 AM: edges-spr2: trained on 100 batches, 1.429 epochs
09/16 08:50:33 AM: Validating...
09/16 08:50:34 AM: Updating LR scheduler:
09/16 08:50:34 AM: 	Best result seen so far for macro_avg: 0.803
09/16 08:50:34 AM: 	# validation passes without improvement: 2
09/16 08:50:34 AM: edges-spr2_loss: training: 0.250776 validation: 0.350140
09/16 08:50:34 AM: macro_avg: validation: 0.798269
09/16 08:50:34 AM: micro_avg: validation: 0.000000
09/16 08:50:34 AM: edges-spr2_mcc: training: 0.754255 validation: 0.681692
09/16 08:50:34 AM: edges-spr2_acc: training: 0.116711 validation: 0.060317
09/16 08:50:34 AM: edges-spr2_precision: training: 0.856965 validation: 0.812417
09/16 08:50:34 AM: edges-spr2_recall: training: 0.828409 validation: 0.784606
09/16 08:50:34 AM: edges-spr2_f1: training: 0.842445 validation: 0.798269
09/16 08:50:34 AM: Global learning rate: 5e-05
09/16 08:50:34 AM: Saving checkpoints to: ./experiments/spr2-hotpot-only/run
09/16 08:50:36 AM: Update 1283: task edges-spr2, batch 83 (1283): mcc: 0.7574, acc: 0.1138, precision: 0.8599, recall: 0.8289, f1: 0.8441, edges-spr2_loss: 0.2476
09/16 08:50:37 AM: ***** Step 1300 / Validation 13 *****
09/16 08:50:37 AM: edges-spr2: trained on 100 batches, 1.429 epochs
09/16 08:50:37 AM: Validating...
09/16 08:50:37 AM: Updating LR scheduler:
09/16 08:50:37 AM: 	Best result seen so far for macro_avg: 0.803
09/16 08:50:37 AM: 	# validation passes without improvement: 3
09/16 08:50:37 AM: edges-spr2_loss: training: 0.247486 validation: 0.354485
09/16 08:50:37 AM: macro_avg: validation: 0.794740
09/16 08:50:37 AM: micro_avg: validation: 0.000000
09/16 08:50:37 AM: edges-spr2_mcc: training: 0.758058 validation: 0.679188
09/16 08:50:37 AM: edges-spr2_acc: training: 0.114265 validation: 0.058730
09/16 08:50:37 AM: edges-spr2_precision: training: 0.859527 validation: 0.819991
09/16 08:50:37 AM: edges-spr2_recall: training: 0.830153 validation: 0.770997
09/16 08:50:37 AM: edges-spr2_f1: training: 0.844585 validation: 0.794740
09/16 08:50:37 AM: Global learning rate: 5e-05
09/16 08:50:37 AM: Saving checkpoints to: ./experiments/spr2-hotpot-only/run
09/16 08:50:41 AM: ***** Step 1400 / Validation 14 *****
09/16 08:50:41 AM: edges-spr2: trained on 100 batches, 1.429 epochs
09/16 08:50:41 AM: Validating...
09/16 08:50:41 AM: Updating LR scheduler:
09/16 08:50:41 AM: 	Best result seen so far for macro_avg: 0.803
09/16 08:50:41 AM: 	# validation passes without improvement: 0
09/16 08:50:41 AM: edges-spr2_loss: training: 0.245794 validation: 0.354449
09/16 08:50:41 AM: macro_avg: validation: 0.793759
09/16 08:50:41 AM: micro_avg: validation: 0.000000
09/16 08:50:41 AM: edges-spr2_mcc: training: 0.758673 validation: 0.678305
09/16 08:50:41 AM: edges-spr2_acc: training: 0.117989 validation: 0.053968
09/16 08:50:41 AM: edges-spr2_precision: training: 0.859307 validation: 0.821282
09/16 08:50:41 AM: edges-spr2_recall: training: 0.832109 validation: 0.768020
09/16 08:50:41 AM: edges-spr2_f1: training: 0.845490 validation: 0.793759
09/16 08:50:41 AM: Global learning rate: 2.5e-05
09/16 08:50:41 AM: Saving checkpoints to: ./experiments/spr2-hotpot-only/run
09/16 08:50:45 AM: ***** Step 1500 / Validation 15 *****
09/16 08:50:45 AM: edges-spr2: trained on 100 batches, 1.429 epochs
09/16 08:50:45 AM: Validating...
09/16 08:50:45 AM: Updating LR scheduler:
09/16 08:50:45 AM: 	Best result seen so far for macro_avg: 0.803
09/16 08:50:45 AM: 	# validation passes without improvement: 1
09/16 08:50:45 AM: edges-spr2_loss: training: 0.242884 validation: 0.355029
09/16 08:50:45 AM: macro_avg: validation: 0.798571
09/16 08:50:45 AM: micro_avg: validation: 0.000000
09/16 08:50:45 AM: edges-spr2_mcc: training: 0.760750 validation: 0.682313
09/16 08:50:45 AM: edges-spr2_acc: training: 0.122537 validation: 0.057143
09/16 08:50:45 AM: edges-spr2_precision: training: 0.861446 validation: 0.813272
09/16 08:50:45 AM: edges-spr2_recall: training: 0.832558 validation: 0.784393
09/16 08:50:45 AM: edges-spr2_f1: training: 0.846756 validation: 0.798571
09/16 08:50:45 AM: Global learning rate: 2.5e-05
09/16 08:50:45 AM: Saving checkpoints to: ./experiments/spr2-hotpot-only/run
09/16 08:50:46 AM: Update 1541: task edges-spr2, batch 41 (1541): mcc: 0.7603, acc: 0.1156, precision: 0.8586, recall: 0.8336, f1: 0.8459, edges-spr2_loss: 0.2456
09/16 08:50:48 AM: ***** Step 1600 / Validation 16 *****
09/16 08:50:48 AM: edges-spr2: trained on 100 batches, 1.429 epochs
09/16 08:50:48 AM: Validating...
09/16 08:50:48 AM: Updating LR scheduler:
09/16 08:50:48 AM: 	Best result seen so far for macro_avg: 0.803
09/16 08:50:48 AM: 	# validation passes without improvement: 2
09/16 08:50:48 AM: Ran out of early stopping patience. Stopping training.
09/16 08:50:48 AM: edges-spr2_loss: training: 0.244082 validation: 0.355244
09/16 08:50:48 AM: macro_avg: validation: 0.795830
09/16 08:50:48 AM: micro_avg: validation: 0.000000
09/16 08:50:48 AM: edges-spr2_mcc: training: 0.760954 validation: 0.678746
09/16 08:50:48 AM: edges-spr2_acc: training: 0.119459 validation: 0.052381
09/16 08:50:48 AM: edges-spr2_precision: training: 0.860548 validation: 0.813319
09/16 08:50:48 AM: edges-spr2_recall: training: 0.833083 validation: 0.779077
09/16 08:50:48 AM: edges-spr2_f1: training: 0.846593 validation: 0.795830
09/16 08:50:48 AM: Global learning rate: 2.5e-05
09/16 08:50:48 AM: Saving checkpoints to: ./experiments/spr2-hotpot-only/run
09/16 08:50:48 AM: Stopped training after 16 validation checks
09/16 08:50:48 AM: Trained edges-spr2 for 1600 batches or 22.857 epochs
09/16 08:50:48 AM: ***** VALIDATION RESULTS *****
09/16 08:50:48 AM: edges-spr2_f1 (for best val pass 6): edges-spr2_loss: 0.33854, macro_avg: 0.80315, micro_avg: 0.00000, edges-spr2_mcc: 0.69202, edges-spr2_acc: 0.06349, edges-spr2_precision: 0.82732, edges-spr2_recall: 0.78035, edges-spr2_f1: 0.80315
09/16 08:50:48 AM: micro_avg (for best val pass 1): edges-spr2_loss: 0.35234, macro_avg: 0.78605, micro_avg: 0.00000, edges-spr2_mcc: 0.67482, edges-spr2_acc: 0.07302, edges-spr2_precision: 0.84101, edges-spr2_recall: 0.73783, edges-spr2_f1: 0.78605
09/16 08:50:48 AM: macro_avg (for best val pass 6): edges-spr2_loss: 0.33854, macro_avg: 0.80315, micro_avg: 0.00000, edges-spr2_mcc: 0.69202, edges-spr2_acc: 0.06349, edges-spr2_precision: 0.82732, edges-spr2_recall: 0.78035, edges-spr2_f1: 0.80315
09/16 08:50:48 AM: Evaluating...
09/16 08:50:48 AM: Loaded model state from ./experiments/spr2-hotpot-only/run/edges-spr2/model_state_target_train_val_6.best.th
09/16 08:50:48 AM: Evaluating on: edges-spr2, split: val
09/16 08:50:49 AM: Task 'edges-spr2': sorting predictions by 'idx'
09/16 08:50:49 AM: Finished evaluating on: edges-spr2
09/16 08:50:49 AM: Task 'edges-spr2': joining predictions with input split 'val'
09/16 08:50:49 AM: Task 'edges-spr2': Wrote predictions to ./experiments/spr2-hotpot-only/run
09/16 08:50:49 AM: Wrote all preds for split 'val' to ./experiments/spr2-hotpot-only/run
09/16 08:50:49 AM: Evaluating on: edges-spr2, split: test
09/16 08:50:49 AM: Task 'edges-spr2': sorting predictions by 'idx'
09/16 08:50:49 AM: Finished evaluating on: edges-spr2
09/16 08:50:49 AM: Task 'edges-spr2': joining predictions with input split 'test'
09/16 08:50:49 AM: Task 'edges-spr2': Wrote predictions to ./experiments/spr2-hotpot-only/run
09/16 08:50:49 AM: Wrote all preds for split 'test' to ./experiments/spr2-hotpot-only/run
09/16 08:50:49 AM: Writing results for split 'val' to ./experiments/spr2-hotpot-only/results.tsv
09/16 08:50:49 AM: micro_avg: 0.000, macro_avg: 0.803, edges-spr2_mcc: 0.692, edges-spr2_acc: 0.063, edges-spr2_precision: 0.827, edges-spr2_recall: 0.780, edges-spr2_f1: 0.803
09/16 08:50:49 AM: Done!
09/16 08:50:49 AM: Fatal error in main():
Traceback (most recent call last):
  File "main.py", line 16, in <module>
    main(sys.argv[1:])
  File "/srv/home/ericwallace/jiant/jiant/__main__.py", line 610, in main
    exit("Done exited")
  File "/home/ericwallace/miniconda3/envs/jiant/lib/python3.6/_sitebuiltins.py", line 26, in __call__
    raise SystemExit(code)
SystemExit: Done exited
