09/15 06:26:34 PM: Git branch: master
09/15 06:26:34 PM: Git SHA: 52a642aef3eacce8abc7a255fdb75d41f405b9b1
09/15 06:26:36 PM: Parsed args: 
{
  "allow_missing_task_map": 1,
  "allow_untrained_encoder_parameters": 1,
  "do_pretrain": 0,
  "exp_dir": "./experiments/coref-ontonotes-cola-top/",
  "exp_name": "experiments/coref-ontonotes-cola-top",
  "input_module": "bert-base-uncased",
  "local_log_path": "./experiments/coref-ontonotes-cola-top/run/log.log",
  "lr_patience": 3,
  "max_seq_len": 512,
  "output_mode": "top",
  "patience": 9,
  "pretrain_tasks": "",
  "pretrained_dir": "models/cola",
  "pytorch_transformers_output_mode": "top",
  "remote_log_name": "experiments/coref-ontonotes-cola-top__run",
  "run_dir": "./experiments/coref-ontonotes-cola-top/run",
  "run_name": "run",
  "sent_enc": "none",
  "sep_embs_for_skip": 1,
  "target_tasks": "edges-coref-ontonotes",
  "tokenizer": "bert-base-uncased",
  "write_preds": "val,test"
}
09/15 06:26:36 PM: Saved config to ./experiments/coref-ontonotes-cola-top/run/params.conf
09/15 06:26:36 PM: Using random seed 1234
09/15 06:26:36 PM: Using GPU 0
09/15 06:26:36 PM: Loading tasks...
09/15 06:26:36 PM: Writing pre-preprocessed tasks to ./experiments/coref-ontonotes-cola-top/
09/15 06:26:36 PM: 	Creating task edges-coref-ontonotes from scratch.
09/15 06:26:38 PM: Read=41777, Skip=74035, Total=115812 from ./probing_data/edges/ontonotes/coref/train.json.retokenized.bert-base-uncased
09/15 06:26:38 PM: Read=5044, Skip=10636, Total=15680 from ./probing_data/edges/ontonotes/coref/development.json.retokenized.bert-base-uncased
09/15 06:26:39 PM: Read=5188, Skip=7029, Total=12217 from ./probing_data/edges/ontonotes/coref/test.json.retokenized.bert-base-uncased
09/15 06:26:39 PM: 	Task 'edges-coref-ontonotes': |train|=41777 |val|=5044 |test|=5188
09/15 06:26:39 PM: 	Finished loading tasks: edges-coref-ontonotes.
09/15 06:26:39 PM: 	Building vocab from scratch.
09/15 06:26:39 PM: 	Counting units for task edges-coref-ontonotes.
09/15 06:26:41 PM: 	Task 'edges-coref-ontonotes': adding vocab namespace 'edges-coref-ontonotes_labels'
09/15 06:26:41 PM: loading file https://s3.amazonaws.com/models.huggingface.co/bert/bert-base-uncased-vocab.txt from cache at /cliphomes/ewallac2/.cache/torch/pytorch_transformers/26bc1ad6c0ac742e9b52263248f6d0f00068293b33709fae12320c0e35ccfbbb.542ce4285a40d23a559526243235df47c5f75c197f04f37d1a0c124c32c9a084
09/15 06:26:42 PM: Added pytorch_transformers vocab (bert-base-uncased): 30522 tokens
09/15 06:26:42 PM: 	Saved vocab to ./experiments/coref-ontonotes-cola-top/vocab
09/15 06:26:42 PM: Loading token dictionary from ./experiments/coref-ontonotes-cola-top/vocab.
09/15 06:26:42 PM: 	Loaded vocab from ./experiments/coref-ontonotes-cola-top/vocab
09/15 06:26:42 PM: 	Vocab namespace tokens: size 20434
09/15 06:26:42 PM: 	Vocab namespace chars: size 72
09/15 06:26:42 PM: 	Vocab namespace edges-coref-ontonotes_labels: size 2
09/15 06:26:42 PM: 	Vocab namespace bert_uncased: size 30524
09/15 06:26:42 PM: 	Finished building vocab.
09/15 06:26:42 PM: 	Task edges-coref-ontonotes (train): Indexing from scratch.
09/15 06:26:56 PM: 	Task edges-coref-ontonotes (train): Saved 41777 instances to ./experiments/coref-ontonotes-cola-top/preproc/edges-coref-ontonotes__train_data
09/15 06:26:56 PM: 	Task edges-coref-ontonotes (val): Indexing from scratch.
09/15 06:26:58 PM: 	Task edges-coref-ontonotes (val): Saved 5044 instances to ./experiments/coref-ontonotes-cola-top/preproc/edges-coref-ontonotes__val_data
09/15 06:26:58 PM: 	Task edges-coref-ontonotes (test): Indexing from scratch.
09/15 06:26:59 PM: 	Task edges-coref-ontonotes (test): Saved 5188 instances to ./experiments/coref-ontonotes-cola-top/preproc/edges-coref-ontonotes__test_data
09/15 06:26:59 PM: 	Finished indexing tasks
09/15 06:27:00 PM: 	Creating trimmed target-only version of edges-coref-ontonotes train.
09/15 06:27:00 PM: 	  Training on 
09/15 06:27:00 PM: 	  Evaluating on edges-coref-ontonotes
09/15 06:27:00 PM: 	Finished loading tasks in 23.804s
09/15 06:27:00 PM: 	 Tasks: ['edges-coref-ontonotes']
09/15 06:27:00 PM: Building model...
09/15 06:27:00 PM: Using BERT model (bert-base-uncased).
09/15 06:27:00 PM: LOADING A FUNETUNED MODEL from: 
09/15 06:27:00 PM: models/cola
09/15 06:27:00 PM: loading configuration file models/cola/config.json
09/15 06:27:00 PM: Model config {
  "attention_probs_dropout_prob": 0.1,
  "finetuning_task": "cola",
  "hidden_act": "gelu",
  "hidden_dropout_prob": 0.1,
  "hidden_size": 1024,
  "initializer_range": 0.02,
  "intermediate_size": 4096,
  "layer_norm_eps": 1e-12,
  "max_position_embeddings": 512,
  "num_attention_heads": 16,
  "num_hidden_layers": 24,
  "num_labels": 2,
  "output_attentions": false,
  "output_hidden_states": true,
  "torchscript": false,
  "type_vocab_size": 2,
  "vocab_size": 30522
}

09/15 06:27:00 PM: loading weights file models/cola/pytorch_model.bin
09/15 06:27:11 PM: Weights of BertModel not initialized from pretrained model: ['bert.encoder.layer.12.attention.self.query.weight', 'bert.encoder.layer.12.attention.self.query.bias', 'bert.encoder.layer.12.attention.self.key.weight', 'bert.encoder.layer.12.attention.self.key.bias', 'bert.encoder.layer.12.attention.self.value.weight', 'bert.encoder.layer.12.attention.self.value.bias', 'bert.encoder.layer.12.attention.output.dense.weight', 'bert.encoder.layer.12.attention.output.dense.bias', 'bert.encoder.layer.12.attention.output.LayerNorm.weight', 'bert.encoder.layer.12.attention.output.LayerNorm.bias', 'bert.encoder.layer.12.intermediate.dense.weight', 'bert.encoder.layer.12.intermediate.dense.bias', 'bert.encoder.layer.12.output.dense.weight', 'bert.encoder.layer.12.output.dense.bias', 'bert.encoder.layer.12.output.LayerNorm.weight', 'bert.encoder.layer.12.output.LayerNorm.bias', 'bert.encoder.layer.13.attention.self.query.weight', 'bert.encoder.layer.13.attention.self.query.bias', 'bert.encoder.layer.13.attention.self.key.weight', 'bert.encoder.layer.13.attention.self.key.bias', 'bert.encoder.layer.13.attention.self.value.weight', 'bert.encoder.layer.13.attention.self.value.bias', 'bert.encoder.layer.13.attention.output.dense.weight', 'bert.encoder.layer.13.attention.output.dense.bias', 'bert.encoder.layer.13.attention.output.LayerNorm.weight', 'bert.encoder.layer.13.attention.output.LayerNorm.bias', 'bert.encoder.layer.13.intermediate.dense.weight', 'bert.encoder.layer.13.intermediate.dense.bias', 'bert.encoder.layer.13.output.dense.weight', 'bert.encoder.layer.13.output.dense.bias', 'bert.encoder.layer.13.output.LayerNorm.weight', 'bert.encoder.layer.13.output.LayerNorm.bias', 'bert.encoder.layer.14.attention.self.query.weight', 'bert.encoder.layer.14.attention.self.query.bias', 'bert.encoder.layer.14.attention.self.key.weight', 'bert.encoder.layer.14.attention.self.key.bias', 'bert.encoder.layer.14.attention.self.value.weight', 'bert.encoder.layer.14.attention.self.value.bias', 'bert.encoder.layer.14.attention.output.dense.weight', 'bert.encoder.layer.14.attention.output.dense.bias', 'bert.encoder.layer.14.attention.output.LayerNorm.weight', 'bert.encoder.layer.14.attention.output.LayerNorm.bias', 'bert.encoder.layer.14.intermediate.dense.weight', 'bert.encoder.layer.14.intermediate.dense.bias', 'bert.encoder.layer.14.output.dense.weight', 'bert.encoder.layer.14.output.dense.bias', 'bert.encoder.layer.14.output.LayerNorm.weight', 'bert.encoder.layer.14.output.LayerNorm.bias', 'bert.encoder.layer.15.attention.self.query.weight', 'bert.encoder.layer.15.attention.self.query.bias', 'bert.encoder.layer.15.attention.self.key.weight', 'bert.encoder.layer.15.attention.self.key.bias', 'bert.encoder.layer.15.attention.self.value.weight', 'bert.encoder.layer.15.attention.self.value.bias', 'bert.encoder.layer.15.attention.output.dense.weight', 'bert.encoder.layer.15.attention.output.dense.bias', 'bert.encoder.layer.15.attention.output.LayerNorm.weight', 'bert.encoder.layer.15.attention.output.LayerNorm.bias', 'bert.encoder.layer.15.intermediate.dense.weight', 'bert.encoder.layer.15.intermediate.dense.bias', 'bert.encoder.layer.15.output.dense.weight', 'bert.encoder.layer.15.output.dense.bias', 'bert.encoder.layer.15.output.LayerNorm.weight', 'bert.encoder.layer.15.output.LayerNorm.bias', 'bert.encoder.layer.16.attention.self.query.weight', 'bert.encoder.layer.16.attention.self.query.bias', 'bert.encoder.layer.16.attention.self.key.weight', 'bert.encoder.layer.16.attention.self.key.bias', 'bert.encoder.layer.16.attention.self.value.weight', 'bert.encoder.layer.16.attention.self.value.bias', 'bert.encoder.layer.16.attention.output.dense.weight', 'bert.encoder.layer.16.attention.output.dense.bias', 'bert.encoder.layer.16.attention.output.LayerNorm.weight', 'bert.encoder.layer.16.attention.output.LayerNorm.bias', 'bert.encoder.layer.16.intermediate.dense.weight', 'bert.encoder.layer.16.intermediate.dense.bias', 'bert.encoder.layer.16.output.dense.weight', 'bert.encoder.layer.16.output.dense.bias', 'bert.encoder.layer.16.output.LayerNorm.weight', 'bert.encoder.layer.16.output.LayerNorm.bias', 'bert.encoder.layer.17.attention.self.query.weight', 'bert.encoder.layer.17.attention.self.query.bias', 'bert.encoder.layer.17.attention.self.key.weight', 'bert.encoder.layer.17.attention.self.key.bias', 'bert.encoder.layer.17.attention.self.value.weight', 'bert.encoder.layer.17.attention.self.value.bias', 'bert.encoder.layer.17.attention.output.dense.weight', 'bert.encoder.layer.17.attention.output.dense.bias', 'bert.encoder.layer.17.attention.output.LayerNorm.weight', 'bert.encoder.layer.17.attention.output.LayerNorm.bias', 'bert.encoder.layer.17.intermediate.dense.weight', 'bert.encoder.layer.17.intermediate.dense.bias', 'bert.encoder.layer.17.output.dense.weight', 'bert.encoder.layer.17.output.dense.bias', 'bert.encoder.layer.17.output.LayerNorm.weight', 'bert.encoder.layer.17.output.LayerNorm.bias', 'bert.encoder.layer.18.attention.self.query.weight', 'bert.encoder.layer.18.attention.self.query.bias', 'bert.encoder.layer.18.attention.self.key.weight', 'bert.encoder.layer.18.attention.self.key.bias', 'bert.encoder.layer.18.attention.self.value.weight', 'bert.encoder.layer.18.attention.self.value.bias', 'bert.encoder.layer.18.attention.output.dense.weight', 'bert.encoder.layer.18.attention.output.dense.bias', 'bert.encoder.layer.18.attention.output.LayerNorm.weight', 'bert.encoder.layer.18.attention.output.LayerNorm.bias', 'bert.encoder.layer.18.intermediate.dense.weight', 'bert.encoder.layer.18.intermediate.dense.bias', 'bert.encoder.layer.18.output.dense.weight', 'bert.encoder.layer.18.output.dense.bias', 'bert.encoder.layer.18.output.LayerNorm.weight', 'bert.encoder.layer.18.output.LayerNorm.bias', 'bert.encoder.layer.19.attention.self.query.weight', 'bert.encoder.layer.19.attention.self.query.bias', 'bert.encoder.layer.19.attention.self.key.weight', 'bert.encoder.layer.19.attention.self.key.bias', 'bert.encoder.layer.19.attention.self.value.weight', 'bert.encoder.layer.19.attention.self.value.bias', 'bert.encoder.layer.19.attention.output.dense.weight', 'bert.encoder.layer.19.attention.output.dense.bias', 'bert.encoder.layer.19.attention.output.LayerNorm.weight', 'bert.encoder.layer.19.attention.output.LayerNorm.bias', 'bert.encoder.layer.19.intermediate.dense.weight', 'bert.encoder.layer.19.intermediate.dense.bias', 'bert.encoder.layer.19.output.dense.weight', 'bert.encoder.layer.19.output.dense.bias', 'bert.encoder.layer.19.output.LayerNorm.weight', 'bert.encoder.layer.19.output.LayerNorm.bias', 'bert.encoder.layer.20.attention.self.query.weight', 'bert.encoder.layer.20.attention.self.query.bias', 'bert.encoder.layer.20.attention.self.key.weight', 'bert.encoder.layer.20.attention.self.key.bias', 'bert.encoder.layer.20.attention.self.value.weight', 'bert.encoder.layer.20.attention.self.value.bias', 'bert.encoder.layer.20.attention.output.dense.weight', 'bert.encoder.layer.20.attention.output.dense.bias', 'bert.encoder.layer.20.attention.output.LayerNorm.weight', 'bert.encoder.layer.20.attention.output.LayerNorm.bias', 'bert.encoder.layer.20.intermediate.dense.weight', 'bert.encoder.layer.20.intermediate.dense.bias', 'bert.encoder.layer.20.output.dense.weight', 'bert.encoder.layer.20.output.dense.bias', 'bert.encoder.layer.20.output.LayerNorm.weight', 'bert.encoder.layer.20.output.LayerNorm.bias', 'bert.encoder.layer.21.attention.self.query.weight', 'bert.encoder.layer.21.attention.self.query.bias', 'bert.encoder.layer.21.attention.self.key.weight', 'bert.encoder.layer.21.attention.self.key.bias', 'bert.encoder.layer.21.attention.self.value.weight', 'bert.encoder.layer.21.attention.self.value.bias', 'bert.encoder.layer.21.attention.output.dense.weight', 'bert.encoder.layer.21.attention.output.dense.bias', 'bert.encoder.layer.21.attention.output.LayerNorm.weight', 'bert.encoder.layer.21.attention.output.LayerNorm.bias', 'bert.encoder.layer.21.intermediate.dense.weight', 'bert.encoder.layer.21.intermediate.dense.bias', 'bert.encoder.layer.21.output.dense.weight', 'bert.encoder.layer.21.output.dense.bias', 'bert.encoder.layer.21.output.LayerNorm.weight', 'bert.encoder.layer.21.output.LayerNorm.bias', 'bert.encoder.layer.22.attention.self.query.weight', 'bert.encoder.layer.22.attention.self.query.bias', 'bert.encoder.layer.22.attention.self.key.weight', 'bert.encoder.layer.22.attention.self.key.bias', 'bert.encoder.layer.22.attention.self.value.weight', 'bert.encoder.layer.22.attention.self.value.bias', 'bert.encoder.layer.22.attention.output.dense.weight', 'bert.encoder.layer.22.attention.output.dense.bias', 'bert.encoder.layer.22.attention.output.LayerNorm.weight', 'bert.encoder.layer.22.attention.output.LayerNorm.bias', 'bert.encoder.layer.22.intermediate.dense.weight', 'bert.encoder.layer.22.intermediate.dense.bias', 'bert.encoder.layer.22.output.dense.weight', 'bert.encoder.layer.22.output.dense.bias', 'bert.encoder.layer.22.output.LayerNorm.weight', 'bert.encoder.layer.22.output.LayerNorm.bias', 'bert.encoder.layer.23.attention.self.query.weight', 'bert.encoder.layer.23.attention.self.query.bias', 'bert.encoder.layer.23.attention.self.key.weight', 'bert.encoder.layer.23.attention.self.key.bias', 'bert.encoder.layer.23.attention.self.value.weight', 'bert.encoder.layer.23.attention.self.value.bias', 'bert.encoder.layer.23.attention.output.dense.weight', 'bert.encoder.layer.23.attention.output.dense.bias', 'bert.encoder.layer.23.attention.output.LayerNorm.weight', 'bert.encoder.layer.23.attention.output.LayerNorm.bias', 'bert.encoder.layer.23.intermediate.dense.weight', 'bert.encoder.layer.23.intermediate.dense.bias', 'bert.encoder.layer.23.output.dense.weight', 'bert.encoder.layer.23.output.dense.bias', 'bert.encoder.layer.23.output.LayerNorm.weight', 'bert.encoder.layer.23.output.LayerNorm.bias']
09/15 06:27:11 PM: Fatal error in main():
Traceback (most recent call last):
  File "main.py", line 16, in <module>
    main(sys.argv[1:])
  File "/scratch0/ewallac2/jiant/jiant/__main__.py", line 510, in main
    model = build_model(args, vocab, word_embs, tasks)
  File "/scratch0/ewallac2/jiant/jiant/models.py", line 237, in build_model
    embedder = BertEmbedderModule(args)
  File "/scratch0/ewallac2/jiant/jiant/pytorch_transformers_interface/modules.py", line 270, in __init__
    args.pretrained_dir, cache_dir=self.cache_dir, output_hidden_states=True
  File "/fs/clip-ml/ewallac2/anaconda/envs/jiant/lib/python3.6/site-packages/pytorch_transformers/modeling_utils.py", line 532, in from_pretrained
    model.__class__.__name__, "\n\t".join(error_msgs)))
RuntimeError: Error(s) in loading state_dict for BertModel:
	size mismatch for bert.embeddings.word_embeddings.weight: copying a param with shape torch.Size([30522, 768]) from checkpoint, the shape in current model is torch.Size([30522, 1024]).
	size mismatch for bert.embeddings.position_embeddings.weight: copying a param with shape torch.Size([512, 768]) from checkpoint, the shape in current model is torch.Size([512, 1024]).
	size mismatch for bert.embeddings.token_type_embeddings.weight: copying a param with shape torch.Size([2, 768]) from checkpoint, the shape in current model is torch.Size([2, 1024]).
	size mismatch for bert.embeddings.LayerNorm.weight: copying a param with shape torch.Size([768]) from checkpoint, the shape in current model is torch.Size([1024]).
	size mismatch for bert.embeddings.LayerNorm.bias: copying a param with shape torch.Size([768]) from checkpoint, the shape in current model is torch.Size([1024]).
	size mismatch for bert.encoder.layer.0.attention.self.query.weight: copying a param with shape torch.Size([768, 768]) from checkpoint, the shape in current model is torch.Size([1024, 1024]).
	size mismatch for bert.encoder.layer.0.attention.self.query.bias: copying a param with shape torch.Size([768]) from checkpoint, the shape in current model is torch.Size([1024]).
	size mismatch for bert.encoder.layer.0.attention.self.key.weight: copying a param with shape torch.Size([768, 768]) from checkpoint, the shape in current model is torch.Size([1024, 1024]).
	size mismatch for bert.encoder.layer.0.attention.self.key.bias: copying a param with shape torch.Size([768]) from checkpoint, the shape in current model is torch.Size([1024]).
	size mismatch for bert.encoder.layer.0.attention.self.value.weight: copying a param with shape torch.Size([768, 768]) from checkpoint, the shape in current model is torch.Size([1024, 1024]).
	size mismatch for bert.encoder.layer.0.attention.self.value.bias: copying a param with shape torch.Size([768]) from checkpoint, the shape in current model is torch.Size([1024]).
	size mismatch for bert.encoder.layer.0.attention.output.dense.weight: copying a param with shape torch.Size([768, 768]) from checkpoint, the shape in current model is torch.Size([1024, 1024]).
	size mismatch for bert.encoder.layer.0.attention.output.dense.bias: copying a param with shape torch.Size([768]) from checkpoint, the shape in current model is torch.Size([1024]).
	size mismatch for bert.encoder.layer.0.attention.output.LayerNorm.weight: copying a param with shape torch.Size([768]) from checkpoint, the shape in current model is torch.Size([1024]).
	size mismatch for bert.encoder.layer.0.attention.output.LayerNorm.bias: copying a param with shape torch.Size([768]) from checkpoint, the shape in current model is torch.Size([1024]).
	size mismatch for bert.encoder.layer.0.intermediate.dense.weight: copying a param with shape torch.Size([3072, 768]) from checkpoint, the shape in current model is torch.Size([4096, 1024]).
	size mismatch for bert.encoder.layer.0.intermediate.dense.bias: copying a param with shape torch.Size([3072]) from checkpoint, the shape in current model is torch.Size([4096]).
	size mismatch for bert.encoder.layer.0.output.dense.weight: copying a param with shape torch.Size([768, 3072]) from checkpoint, the shape in current model is torch.Size([1024, 4096]).
	size mismatch for bert.encoder.layer.0.output.dense.bias: copying a param with shape torch.Size([768]) from checkpoint, the shape in current model is torch.Size([1024]).
	size mismatch for bert.encoder.layer.0.output.LayerNorm.weight: copying a param with shape torch.Size([768]) from checkpoint, the shape in current model is torch.Size([1024]).
	size mismatch for bert.encoder.layer.0.output.LayerNorm.bias: copying a param with shape torch.Size([768]) from checkpoint, the shape in current model is torch.Size([1024]).
	size mismatch for bert.encoder.layer.1.attention.self.query.weight: copying a param with shape torch.Size([768, 768]) from checkpoint, the shape in current model is torch.Size([1024, 1024]).
	size mismatch for bert.encoder.layer.1.attention.self.query.bias: copying a param with shape torch.Size([768]) from checkpoint, the shape in current model is torch.Size([1024]).
	size mismatch for bert.encoder.layer.1.attention.self.key.weight: copying a param with shape torch.Size([768, 768]) from checkpoint, the shape in current model is torch.Size([1024, 1024]).
	size mismatch for bert.encoder.layer.1.attention.self.key.bias: copying a param with shape torch.Size([768]) from checkpoint, the shape in current model is torch.Size([1024]).
	size mismatch for bert.encoder.layer.1.attention.self.value.weight: copying a param with shape torch.Size([768, 768]) from checkpoint, the shape in current model is torch.Size([1024, 1024]).
	size mismatch for bert.encoder.layer.1.attention.self.value.bias: copying a param with shape torch.Size([768]) from checkpoint, the shape in current model is torch.Size([1024]).
	size mismatch for bert.encoder.layer.1.attention.output.dense.weight: copying a param with shape torch.Size([768, 768]) from checkpoint, the shape in current model is torch.Size([1024, 1024]).
	size mismatch for bert.encoder.layer.1.attention.output.dense.bias: copying a param with shape torch.Size([768]) from checkpoint, the shape in current model is torch.Size([1024]).
	size mismatch for bert.encoder.layer.1.attention.output.LayerNorm.weight: copying a param with shape torch.Size([768]) from checkpoint, the shape in current model is torch.Size([1024]).
	size mismatch for bert.encoder.layer.1.attention.output.LayerNorm.bias: copying a param with shape torch.Size([768]) from checkpoint, the shape in current model is torch.Size([1024]).
	size mismatch for bert.encoder.layer.1.intermediate.dense.weight: copying a param with shape torch.Size([3072, 768]) from checkpoint, the shape in current model is torch.Size([4096, 1024]).
	size mismatch for bert.encoder.layer.1.intermediate.dense.bias: copying a param with shape torch.Size([3072]) from checkpoint, the shape in current model is torch.Size([4096]).
	size mismatch for bert.encoder.layer.1.output.dense.weight: copying a param with shape torch.Size([768, 3072]) from checkpoint, the shape in current model is torch.Size([1024, 4096]).
	size mismatch for bert.encoder.layer.1.output.dense.bias: copying a param with shape torch.Size([768]) from checkpoint, the shape in current model is torch.Size([1024]).
	size mismatch for bert.encoder.layer.1.output.LayerNorm.weight: copying a param with shape torch.Size([768]) from checkpoint, the shape in current model is torch.Size([1024]).
	size mismatch for bert.encoder.layer.1.output.LayerNorm.bias: copying a param with shape torch.Size([768]) from checkpoint, the shape in current model is torch.Size([1024]).
	size mismatch for bert.encoder.layer.2.attention.self.query.weight: copying a param with shape torch.Size([768, 768]) from checkpoint, the shape in current model is torch.Size([1024, 1024]).
	size mismatch for bert.encoder.layer.2.attention.self.query.bias: copying a param with shape torch.Size([768]) from checkpoint, the shape in current model is torch.Size([1024]).
	size mismatch for bert.encoder.layer.2.attention.self.key.weight: copying a param with shape torch.Size([768, 768]) from checkpoint, the shape in current model is torch.Size([1024, 1024]).
	size mismatch for bert.encoder.layer.2.attention.self.key.bias: copying a param with shape torch.Size([768]) from checkpoint, the shape in current model is torch.Size([1024]).
	size mismatch for bert.encoder.layer.2.attention.self.value.weight: copying a param with shape torch.Size([768, 768]) from checkpoint, the shape in current model is torch.Size([1024, 1024]).
	size mismatch for bert.encoder.layer.2.attention.self.value.bias: copying a param with shape torch.Size([768]) from checkpoint, the shape in current model is torch.Size([1024]).
	size mismatch for bert.encoder.layer.2.attention.output.dense.weight: copying a param with shape torch.Size([768, 768]) from checkpoint, the shape in current model is torch.Size([1024, 1024]).
	size mismatch for bert.encoder.layer.2.attention.output.dense.bias: copying a param with shape torch.Size([768]) from checkpoint, the shape in current model is torch.Size([1024]).
	size mismatch for bert.encoder.layer.2.attention.output.LayerNorm.weight: copying a param with shape torch.Size([768]) from checkpoint, the shape in current model is torch.Size([1024]).
	size mismatch for bert.encoder.layer.2.attention.output.LayerNorm.bias: copying a param with shape torch.Size([768]) from checkpoint, the shape in current model is torch.Size([1024]).
	size mismatch for bert.encoder.layer.2.intermediate.dense.weight: copying a param with shape torch.Size([3072, 768]) from checkpoint, the shape in current model is torch.Size([4096, 1024]).
	size mismatch for bert.encoder.layer.2.intermediate.dense.bias: copying a param with shape torch.Size([3072]) from checkpoint, the shape in current model is torch.Size([4096]).
	size mismatch for bert.encoder.layer.2.output.dense.weight: copying a param with shape torch.Size([768, 3072]) from checkpoint, the shape in current model is torch.Size([1024, 4096]).
	size mismatch for bert.encoder.layer.2.output.dense.bias: copying a param with shape torch.Size([768]) from checkpoint, the shape in current model is torch.Size([1024]).
	size mismatch for bert.encoder.layer.2.output.LayerNorm.weight: copying a param with shape torch.Size([768]) from checkpoint, the shape in current model is torch.Size([1024]).
	size mismatch for bert.encoder.layer.2.output.LayerNorm.bias: copying a param with shape torch.Size([768]) from checkpoint, the shape in current model is torch.Size([1024]).
	size mismatch for bert.encoder.layer.3.attention.self.query.weight: copying a param with shape torch.Size([768, 768]) from checkpoint, the shape in current model is torch.Size([1024, 1024]).
	size mismatch for bert.encoder.layer.3.attention.self.query.bias: copying a param with shape torch.Size([768]) from checkpoint, the shape in current model is torch.Size([1024]).
	size mismatch for bert.encoder.layer.3.attention.self.key.weight: copying a param with shape torch.Size([768, 768]) from checkpoint, the shape in current model is torch.Size([1024, 1024]).
	size mismatch for bert.encoder.layer.3.attention.self.key.bias: copying a param with shape torch.Size([768]) from checkpoint, the shape in current model is torch.Size([1024]).
	size mismatch for bert.encoder.layer.3.attention.self.value.weight: copying a param with shape torch.Size([768, 768]) from checkpoint, the shape in current model is torch.Size([1024, 1024]).
	size mismatch for bert.encoder.layer.3.attention.self.value.bias: copying a param with shape torch.Size([768]) from checkpoint, the shape in current model is torch.Size([1024]).
	size mismatch for bert.encoder.layer.3.attention.output.dense.weight: copying a param with shape torch.Size([768, 768]) from checkpoint, the shape in current model is torch.Size([1024, 1024]).
	size mismatch for bert.encoder.layer.3.attention.output.dense.bias: copying a param with shape torch.Size([768]) from checkpoint, the shape in current model is torch.Size([1024]).
	size mismatch for bert.encoder.layer.3.attention.output.LayerNorm.weight: copying a param with shape torch.Size([768]) from checkpoint, the shape in current model is torch.Size([1024]).
	size mismatch for bert.encoder.layer.3.attention.output.LayerNorm.bias: copying a param with shape torch.Size([768]) from checkpoint, the shape in current model is torch.Size([1024]).
	size mismatch for bert.encoder.layer.3.intermediate.dense.weight: copying a param with shape torch.Size([3072, 768]) from checkpoint, the shape in current model is torch.Size([4096, 1024]).
	size mismatch for bert.encoder.layer.3.intermediate.dense.bias: copying a param with shape torch.Size([3072]) from checkpoint, the shape in current model is torch.Size([4096]).
	size mismatch for bert.encoder.layer.3.output.dense.weight: copying a param with shape torch.Size([768, 3072]) from checkpoint, the shape in current model is torch.Size([1024, 4096]).
	size mismatch for bert.encoder.layer.3.output.dense.bias: copying a param with shape torch.Size([768]) from checkpoint, the shape in current model is torch.Size([1024]).
	size mismatch for bert.encoder.layer.3.output.LayerNorm.weight: copying a param with shape torch.Size([768]) from checkpoint, the shape in current model is torch.Size([1024]).
	size mismatch for bert.encoder.layer.3.output.LayerNorm.bias: copying a param with shape torch.Size([768]) from checkpoint, the shape in current model is torch.Size([1024]).
	size mismatch for bert.encoder.layer.4.attention.self.query.weight: copying a param with shape torch.Size([768, 768]) from checkpoint, the shape in current model is torch.Size([1024, 1024]).
	size mismatch for bert.encoder.layer.4.attention.self.query.bias: copying a param with shape torch.Size([768]) from checkpoint, the shape in current model is torch.Size([1024]).
	size mismatch for bert.encoder.layer.4.attention.self.key.weight: copying a param with shape torch.Size([768, 768]) from checkpoint, the shape in current model is torch.Size([1024, 1024]).
	size mismatch for bert.encoder.layer.4.attention.self.key.bias: copying a param with shape torch.Size([768]) from checkpoint, the shape in current model is torch.Size([1024]).
	size mismatch for bert.encoder.layer.4.attention.self.value.weight: copying a param with shape torch.Size([768, 768]) from checkpoint, the shape in current model is torch.Size([1024, 1024]).
	size mismatch for bert.encoder.layer.4.attention.self.value.bias: copying a param with shape torch.Size([768]) from checkpoint, the shape in current model is torch.Size([1024]).
	size mismatch for bert.encoder.layer.4.attention.output.dense.weight: copying a param with shape torch.Size([768, 768]) from checkpoint, the shape in current model is torch.Size([1024, 1024]).
	size mismatch for bert.encoder.layer.4.attention.output.dense.bias: copying a param with shape torch.Size([768]) from checkpoint, the shape in current model is torch.Size([1024]).
	size mismatch for bert.encoder.layer.4.attention.output.LayerNorm.weight: copying a param with shape torch.Size([768]) from checkpoint, the shape in current model is torch.Size([1024]).
	size mismatch for bert.encoder.layer.4.attention.output.LayerNorm.bias: copying a param with shape torch.Size([768]) from checkpoint, the shape in current model is torch.Size([1024]).
	size mismatch for bert.encoder.layer.4.intermediate.dense.weight: copying a param with shape torch.Size([3072, 768]) from checkpoint, the shape in current model is torch.Size([4096, 1024]).
	size mismatch for bert.encoder.layer.4.intermediate.dense.bias: copying a param with shape torch.Size([3072]) from checkpoint, the shape in current model is torch.Size([4096]).
	size mismatch for bert.encoder.layer.4.output.dense.weight: copying a param with shape torch.Size([768, 3072]) from checkpoint, the shape in current model is torch.Size([1024, 4096]).
	size mismatch for bert.encoder.layer.4.output.dense.bias: copying a param with shape torch.Size([768]) from checkpoint, the shape in current model is torch.Size([1024]).
	size mismatch for bert.encoder.layer.4.output.LayerNorm.weight: copying a param with shape torch.Size([768]) from checkpoint, the shape in current model is torch.Size([1024]).
	size mismatch for bert.encoder.layer.4.output.LayerNorm.bias: copying a param with shape torch.Size([768]) from checkpoint, the shape in current model is torch.Size([1024]).
	size mismatch for bert.encoder.layer.5.attention.self.query.weight: copying a param with shape torch.Size([768, 768]) from checkpoint, the shape in current model is torch.Size([1024, 1024]).
	size mismatch for bert.encoder.layer.5.attention.self.query.bias: copying a param with shape torch.Size([768]) from checkpoint, the shape in current model is torch.Size([1024]).
	size mismatch for bert.encoder.layer.5.attention.self.key.weight: copying a param with shape torch.Size([768, 768]) from checkpoint, the shape in current model is torch.Size([1024, 1024]).
	size mismatch for bert.encoder.layer.5.attention.self.key.bias: copying a param with shape torch.Size([768]) from checkpoint, the shape in current model is torch.Size([1024]).
	size mismatch for bert.encoder.layer.5.attention.self.value.weight: copying a param with shape torch.Size([768, 768]) from checkpoint, the shape in current model is torch.Size([1024, 1024]).
	size mismatch for bert.encoder.layer.5.attention.self.value.bias: copying a param with shape torch.Size([768]) from checkpoint, the shape in current model is torch.Size([1024]).
	size mismatch for bert.encoder.layer.5.attention.output.dense.weight: copying a param with shape torch.Size([768, 768]) from checkpoint, the shape in current model is torch.Size([1024, 1024]).
	size mismatch for bert.encoder.layer.5.attention.output.dense.bias: copying a param with shape torch.Size([768]) from checkpoint, the shape in current model is torch.Size([1024]).
	size mismatch for bert.encoder.layer.5.attention.output.LayerNorm.weight: copying a param with shape torch.Size([768]) from checkpoint, the shape in current model is torch.Size([1024]).
	size mismatch for bert.encoder.layer.5.attention.output.LayerNorm.bias: copying a param with shape torch.Size([768]) from checkpoint, the shape in current model is torch.Size([1024]).
	size mismatch for bert.encoder.layer.5.intermediate.dense.weight: copying a param with shape torch.Size([3072, 768]) from checkpoint, the shape in current model is torch.Size([4096, 1024]).
	size mismatch for bert.encoder.layer.5.intermediate.dense.bias: copying a param with shape torch.Size([3072]) from checkpoint, the shape in current model is torch.Size([4096]).
	size mismatch for bert.encoder.layer.5.output.dense.weight: copying a param with shape torch.Size([768, 3072]) from checkpoint, the shape in current model is torch.Size([1024, 4096]).
	size mismatch for bert.encoder.layer.5.output.dense.bias: copying a param with shape torch.Size([768]) from checkpoint, the shape in current model is torch.Size([1024]).
	size mismatch for bert.encoder.layer.5.output.LayerNorm.weight: copying a param with shape torch.Size([768]) from checkpoint, the shape in current model is torch.Size([1024]).
	size mismatch for bert.encoder.layer.5.output.LayerNorm.bias: copying a param with shape torch.Size([768]) from checkpoint, the shape in current model is torch.Size([1024]).
	size mismatch for bert.encoder.layer.6.attention.self.query.weight: copying a param with shape torch.Size([768, 768]) from checkpoint, the shape in current model is torch.Size([1024, 1024]).
	size mismatch for bert.encoder.layer.6.attention.self.query.bias: copying a param with shape torch.Size([768]) from checkpoint, the shape in current model is torch.Size([1024]).
	size mismatch for bert.encoder.layer.6.attention.self.key.weight: copying a param with shape torch.Size([768, 768]) from checkpoint, the shape in current model is torch.Size([1024, 1024]).
	size mismatch for bert.encoder.layer.6.attention.self.key.bias: copying a param with shape torch.Size([768]) from checkpoint, the shape in current model is torch.Size([1024]).
	size mismatch for bert.encoder.layer.6.attention.self.value.weight: copying a param with shape torch.Size([768, 768]) from checkpoint, the shape in current model is torch.Size([1024, 1024]).
	size mismatch for bert.encoder.layer.6.attention.self.value.bias: copying a param with shape torch.Size([768]) from checkpoint, the shape in current model is torch.Size([1024]).
	size mismatch for bert.encoder.layer.6.attention.output.dense.weight: copying a param with shape torch.Size([768, 768]) from checkpoint, the shape in current model is torch.Size([1024, 1024]).
	size mismatch for bert.encoder.layer.6.attention.output.dense.bias: copying a param with shape torch.Size([768]) from checkpoint, the shape in current model is torch.Size([1024]).
	size mismatch for bert.encoder.layer.6.attention.output.LayerNorm.weight: copying a param with shape torch.Size([768]) from checkpoint, the shape in current model is torch.Size([1024]).
	size mismatch for bert.encoder.layer.6.attention.output.LayerNorm.bias: copying a param with shape torch.Size([768]) from checkpoint, the shape in current model is torch.Size([1024]).
	size mismatch for bert.encoder.layer.6.intermediate.dense.weight: copying a param with shape torch.Size([3072, 768]) from checkpoint, the shape in current model is torch.Size([4096, 1024]).
	size mismatch for bert.encoder.layer.6.intermediate.dense.bias: copying a param with shape torch.Size([3072]) from checkpoint, the shape in current model is torch.Size([4096]).
	size mismatch for bert.encoder.layer.6.output.dense.weight: copying a param with shape torch.Size([768, 3072]) from checkpoint, the shape in current model is torch.Size([1024, 4096]).
	size mismatch for bert.encoder.layer.6.output.dense.bias: copying a param with shape torch.Size([768]) from checkpoint, the shape in current model is torch.Size([1024]).
	size mismatch for bert.encoder.layer.6.output.LayerNorm.weight: copying a param with shape torch.Size([768]) from checkpoint, the shape in current model is torch.Size([1024]).
	size mismatch for bert.encoder.layer.6.output.LayerNorm.bias: copying a param with shape torch.Size([768]) from checkpoint, the shape in current model is torch.Size([1024]).
	size mismatch for bert.encoder.layer.7.attention.self.query.weight: copying a param with shape torch.Size([768, 768]) from checkpoint, the shape in current model is torch.Size([1024, 1024]).
	size mismatch for bert.encoder.layer.7.attention.self.query.bias: copying a param with shape torch.Size([768]) from checkpoint, the shape in current model is torch.Size([1024]).
	size mismatch for bert.encoder.layer.7.attention.self.key.weight: copying a param with shape torch.Size([768, 768]) from checkpoint, the shape in current model is torch.Size([1024, 1024]).
	size mismatch for bert.encoder.layer.7.attention.self.key.bias: copying a param with shape torch.Size([768]) from checkpoint, the shape in current model is torch.Size([1024]).
	size mismatch for bert.encoder.layer.7.attention.self.value.weight: copying a param with shape torch.Size([768, 768]) from checkpoint, the shape in current model is torch.Size([1024, 1024]).
	size mismatch for bert.encoder.layer.7.attention.self.value.bias: copying a param with shape torch.Size([768]) from checkpoint, the shape in current model is torch.Size([1024]).
	size mismatch for bert.encoder.layer.7.attention.output.dense.weight: copying a param with shape torch.Size([768, 768]) from checkpoint, the shape in current model is torch.Size([1024, 1024]).
	size mismatch for bert.encoder.layer.7.attention.output.dense.bias: copying a param with shape torch.Size([768]) from checkpoint, the shape in current model is torch.Size([1024]).
	size mismatch for bert.encoder.layer.7.attention.output.LayerNorm.weight: copying a param with shape torch.Size([768]) from checkpoint, the shape in current model is torch.Size([1024]).
	size mismatch for bert.encoder.layer.7.attention.output.LayerNorm.bias: copying a param with shape torch.Size([768]) from checkpoint, the shape in current model is torch.Size([1024]).
	size mismatch for bert.encoder.layer.7.intermediate.dense.weight: copying a param with shape torch.Size([3072, 768]) from checkpoint, the shape in current model is torch.Size([4096, 1024]).
	size mismatch for bert.encoder.layer.7.intermediate.dense.bias: copying a param with shape torch.Size([3072]) from checkpoint, the shape in current model is torch.Size([4096]).
	size mismatch for bert.encoder.layer.7.output.dense.weight: copying a param with shape torch.Size([768, 3072]) from checkpoint, the shape in current model is torch.Size([1024, 4096]).
	size mismatch for bert.encoder.layer.7.output.dense.bias: copying a param with shape torch.Size([768]) from checkpoint, the shape in current model is torch.Size([1024]).
	size mismatch for bert.encoder.layer.7.output.LayerNorm.weight: copying a param with shape torch.Size([768]) from checkpoint, the shape in current model is torch.Size([1024]).
	size mismatch for bert.encoder.layer.7.output.LayerNorm.bias: copying a param with shape torch.Size([768]) from checkpoint, the shape in current model is torch.Size([1024]).
	size mismatch for bert.encoder.layer.8.attention.self.query.weight: copying a param with shape torch.Size([768, 768]) from checkpoint, the shape in current model is torch.Size([1024, 1024]).
	size mismatch for bert.encoder.layer.8.attention.self.query.bias: copying a param with shape torch.Size([768]) from checkpoint, the shape in current model is torch.Size([1024]).
	size mismatch for bert.encoder.layer.8.attention.self.key.weight: copying a param with shape torch.Size([768, 768]) from checkpoint, the shape in current model is torch.Size([1024, 1024]).
	size mismatch for bert.encoder.layer.8.attention.self.key.bias: copying a param with shape torch.Size([768]) from checkpoint, the shape in current model is torch.Size([1024]).
	size mismatch for bert.encoder.layer.8.attention.self.value.weight: copying a param with shape torch.Size([768, 768]) from checkpoint, the shape in current model is torch.Size([1024, 1024]).
	size mismatch for bert.encoder.layer.8.attention.self.value.bias: copying a param with shape torch.Size([768]) from checkpoint, the shape in current model is torch.Size([1024]).
	size mismatch for bert.encoder.layer.8.attention.output.dense.weight: copying a param with shape torch.Size([768, 768]) from checkpoint, the shape in current model is torch.Size([1024, 1024]).
	size mismatch for bert.encoder.layer.8.attention.output.dense.bias: copying a param with shape torch.Size([768]) from checkpoint, the shape in current model is torch.Size([1024]).
	size mismatch for bert.encoder.layer.8.attention.output.LayerNorm.weight: copying a param with shape torch.Size([768]) from checkpoint, the shape in current model is torch.Size([1024]).
	size mismatch for bert.encoder.layer.8.attention.output.LayerNorm.bias: copying a param with shape torch.Size([768]) from checkpoint, the shape in current model is torch.Size([1024]).
	size mismatch for bert.encoder.layer.8.intermediate.dense.weight: copying a param with shape torch.Size([3072, 768]) from checkpoint, the shape in current model is torch.Size([4096, 1024]).
	size mismatch for bert.encoder.layer.8.intermediate.dense.bias: copying a param with shape torch.Size([3072]) from checkpoint, the shape in current model is torch.Size([4096]).
	size mismatch for bert.encoder.layer.8.output.dense.weight: copying a param with shape torch.Size([768, 3072]) from checkpoint, the shape in current model is torch.Size([1024, 4096]).
	size mismatch for bert.encoder.layer.8.output.dense.bias: copying a param with shape torch.Size([768]) from checkpoint, the shape in current model is torch.Size([1024]).
	size mismatch for bert.encoder.layer.8.output.LayerNorm.weight: copying a param with shape torch.Size([768]) from checkpoint, the shape in current model is torch.Size([1024]).
	size mismatch for bert.encoder.layer.8.output.LayerNorm.bias: copying a param with shape torch.Size([768]) from checkpoint, the shape in current model is torch.Size([1024]).
	size mismatch for bert.encoder.layer.9.attention.self.query.weight: copying a param with shape torch.Size([768, 768]) from checkpoint, the shape in current model is torch.Size([1024, 1024]).
	size mismatch for bert.encoder.layer.9.attention.self.query.bias: copying a param with shape torch.Size([768]) from checkpoint, the shape in current model is torch.Size([1024]).
	size mismatch for bert.encoder.layer.9.attention.self.key.weight: copying a param with shape torch.Size([768, 768]) from checkpoint, the shape in current model is torch.Size([1024, 1024]).
	size mismatch for bert.encoder.layer.9.attention.self.key.bias: copying a param with shape torch.Size([768]) from checkpoint, the shape in current model is torch.Size([1024]).
	size mismatch for bert.encoder.layer.9.attention.self.value.weight: copying a param with shape torch.Size([768, 768]) from checkpoint, the shape in current model is torch.Size([1024, 1024]).
	size mismatch for bert.encoder.layer.9.attention.self.value.bias: copying a param with shape torch.Size([768]) from checkpoint, the shape in current model is torch.Size([1024]).
	size mismatch for bert.encoder.layer.9.attention.output.dense.weight: copying a param with shape torch.Size([768, 768]) from checkpoint, the shape in current model is torch.Size([1024, 1024]).
	size mismatch for bert.encoder.layer.9.attention.output.dense.bias: copying a param with shape torch.Size([768]) from checkpoint, the shape in current model is torch.Size([1024]).
	size mismatch for bert.encoder.layer.9.attention.output.LayerNorm.weight: copying a param with shape torch.Size([768]) from checkpoint, the shape in current model is torch.Size([1024]).
	size mismatch for bert.encoder.layer.9.attention.output.LayerNorm.bias: copying a param with shape torch.Size([768]) from checkpoint, the shape in current model is torch.Size([1024]).
	size mismatch for bert.encoder.layer.9.intermediate.dense.weight: copying a param with shape torch.Size([3072, 768]) from checkpoint, the shape in current model is torch.Size([4096, 1024]).
	size mismatch for bert.encoder.layer.9.intermediate.dense.bias: copying a param with shape torch.Size([3072]) from checkpoint, the shape in current model is torch.Size([4096]).
	size mismatch for bert.encoder.layer.9.output.dense.weight: copying a param with shape torch.Size([768, 3072]) from checkpoint, the shape in current model is torch.Size([1024, 4096]).
	size mismatch for bert.encoder.layer.9.output.dense.bias: copying a param with shape torch.Size([768]) from checkpoint, the shape in current model is torch.Size([1024]).
	size mismatch for bert.encoder.layer.9.output.LayerNorm.weight: copying a param with shape torch.Size([768]) from checkpoint, the shape in current model is torch.Size([1024]).
	size mismatch for bert.encoder.layer.9.output.LayerNorm.bias: copying a param with shape torch.Size([768]) from checkpoint, the shape in current model is torch.Size([1024]).
	size mismatch for bert.encoder.layer.10.attention.self.query.weight: copying a param with shape torch.Size([768, 768]) from checkpoint, the shape in current model is torch.Size([1024, 1024]).
	size mismatch for bert.encoder.layer.10.attention.self.query.bias: copying a param with shape torch.Size([768]) from checkpoint, the shape in current model is torch.Size([1024]).
	size mismatch for bert.encoder.layer.10.attention.self.key.weight: copying a param with shape torch.Size([768, 768]) from checkpoint, the shape in current model is torch.Size([1024, 1024]).
	size mismatch for bert.encoder.layer.10.attention.self.key.bias: copying a param with shape torch.Size([768]) from checkpoint, the shape in current model is torch.Size([1024]).
	size mismatch for bert.encoder.layer.10.attention.self.value.weight: copying a param with shape torch.Size([768, 768]) from checkpoint, the shape in current model is torch.Size([1024, 1024]).
	size mismatch for bert.encoder.layer.10.attention.self.value.bias: copying a param with shape torch.Size([768]) from checkpoint, the shape in current model is torch.Size([1024]).
	size mismatch for bert.encoder.layer.10.attention.output.dense.weight: copying a param with shape torch.Size([768, 768]) from checkpoint, the shape in current model is torch.Size([1024, 1024]).
	size mismatch for bert.encoder.layer.10.attention.output.dense.bias: copying a param with shape torch.Size([768]) from checkpoint, the shape in current model is torch.Size([1024]).
	size mismatch for bert.encoder.layer.10.attention.output.LayerNorm.weight: copying a param with shape torch.Size([768]) from checkpoint, the shape in current model is torch.Size([1024]).
	size mismatch for bert.encoder.layer.10.attention.output.LayerNorm.bias: copying a param with shape torch.Size([768]) from checkpoint, the shape in current model is torch.Size([1024]).
	size mismatch for bert.encoder.layer.10.intermediate.dense.weight: copying a param with shape torch.Size([3072, 768]) from checkpoint, the shape in current model is torch.Size([4096, 1024]).
	size mismatch for bert.encoder.layer.10.intermediate.dense.bias: copying a param with shape torch.Size([3072]) from checkpoint, the shape in current model is torch.Size([4096]).
	size mismatch for bert.encoder.layer.10.output.dense.weight: copying a param with shape torch.Size([768, 3072]) from checkpoint, the shape in current model is torch.Size([1024, 4096]).
	size mismatch for bert.encoder.layer.10.output.dense.bias: copying a param with shape torch.Size([768]) from checkpoint, the shape in current model is torch.Size([1024]).
	size mismatch for bert.encoder.layer.10.output.LayerNorm.weight: copying a param with shape torch.Size([768]) from checkpoint, the shape in current model is torch.Size([1024]).
	size mismatch for bert.encoder.layer.10.output.LayerNorm.bias: copying a param with shape torch.Size([768]) from checkpoint, the shape in current model is torch.Size([1024]).
	size mismatch for bert.encoder.layer.11.attention.self.query.weight: copying a param with shape torch.Size([768, 768]) from checkpoint, the shape in current model is torch.Size([1024, 1024]).
	size mismatch for bert.encoder.layer.11.attention.self.query.bias: copying a param with shape torch.Size([768]) from checkpoint, the shape in current model is torch.Size([1024]).
	size mismatch for bert.encoder.layer.11.attention.self.key.weight: copying a param with shape torch.Size([768, 768]) from checkpoint, the shape in current model is torch.Size([1024, 1024]).
	size mismatch for bert.encoder.layer.11.attention.self.key.bias: copying a param with shape torch.Size([768]) from checkpoint, the shape in current model is torch.Size([1024]).
	size mismatch for bert.encoder.layer.11.attention.self.value.weight: copying a param with shape torch.Size([768, 768]) from checkpoint, the shape in current model is torch.Size([1024, 1024]).
	size mismatch for bert.encoder.layer.11.attention.self.value.bias: copying a param with shape torch.Size([768]) from checkpoint, the shape in current model is torch.Size([1024]).
	size mismatch for bert.encoder.layer.11.attention.output.dense.weight: copying a param with shape torch.Size([768, 768]) from checkpoint, the shape in current model is torch.Size([1024, 1024]).
	size mismatch for bert.encoder.layer.11.attention.output.dense.bias: copying a param with shape torch.Size([768]) from checkpoint, the shape in current model is torch.Size([1024]).
	size mismatch for bert.encoder.layer.11.attention.output.LayerNorm.weight: copying a param with shape torch.Size([768]) from checkpoint, the shape in current model is torch.Size([1024]).
	size mismatch for bert.encoder.layer.11.attention.output.LayerNorm.bias: copying a param with shape torch.Size([768]) from checkpoint, the shape in current model is torch.Size([1024]).
	size mismatch for bert.encoder.layer.11.intermediate.dense.weight: copying a param with shape torch.Size([3072, 768]) from checkpoint, the shape in current model is torch.Size([4096, 1024]).
	size mismatch for bert.encoder.layer.11.intermediate.dense.bias: copying a param with shape torch.Size([3072]) from checkpoint, the shape in current model is torch.Size([4096]).
	size mismatch for bert.encoder.layer.11.output.dense.weight: copying a param with shape torch.Size([768, 3072]) from checkpoint, the shape in current model is torch.Size([1024, 4096]).
	size mismatch for bert.encoder.layer.11.output.dense.bias: copying a param with shape torch.Size([768]) from checkpoint, the shape in current model is torch.Size([1024]).
	size mismatch for bert.encoder.layer.11.output.LayerNorm.weight: copying a param with shape torch.Size([768]) from checkpoint, the shape in current model is torch.Size([1024]).
	size mismatch for bert.encoder.layer.11.output.LayerNorm.bias: copying a param with shape torch.Size([768]) from checkpoint, the shape in current model is torch.Size([1024]).
	size mismatch for bert.pooler.dense.weight: copying a param with shape torch.Size([768, 768]) from checkpoint, the shape in current model is torch.Size([1024, 1024]).
	size mismatch for bert.pooler.dense.bias: copying a param with shape torch.Size([768]) from checkpoint, the shape in current model is torch.Size([1024]).
