09/16 08:33:50 AM: Git branch: master
09/16 08:33:50 AM: Git SHA: 1f47e9f0cf1d882ab41f98d47f94e0f8258db16b
09/16 08:33:50 AM: Parsed args: 
{
  "allow_missing_task_map": 1,
  "allow_untrained_encoder_parameters": 1,
  "do_pretrain": 0,
  "exp_dir": "./experiments/spr2-mrpc-only/",
  "exp_name": "experiments/spr2-mrpc-only",
  "input_module": "bert-base-uncased",
  "local_log_path": "./experiments/spr2-mrpc-only/run/log.log",
  "lr_patience": 3,
  "max_seq_len": 512,
  "output_mode": "top",
  "patience": 9,
  "pretrain_tasks": "",
  "pretrained_dir": "models/mrpc",
  "pytorch_transformers_output_mode": "only",
  "remote_log_name": "experiments/spr2-mrpc-only__run",
  "run_dir": "./experiments/spr2-mrpc-only/run",
  "run_name": "run",
  "sent_enc": "none",
  "sep_embs_for_skip": 1,
  "target_tasks": "edges-spr2",
  "tokenizer": "bert-base-uncased",
  "write_preds": "val,test"
}
09/16 08:33:50 AM: Saved config to ./experiments/spr2-mrpc-only/run/params.conf
09/16 08:33:50 AM: Using random seed 1234
09/16 08:33:52 AM: Using GPU 0
09/16 08:33:52 AM: Loading tasks...
09/16 08:33:52 AM: Writing pre-preprocessed tasks to ./experiments/spr2-mrpc-only/
09/16 08:33:52 AM: 	Creating task edges-spr2 from scratch.
09/16 08:33:52 AM: Read=2226, Skip=0, Total=2226 from ./probing_data/edges/spr2/edges.train.json.retokenized.bert-base-uncased
09/16 08:33:52 AM: Read=291, Skip=0, Total=291 from ./probing_data/edges/spr2/edges.dev.json.retokenized.bert-base-uncased
09/16 08:33:52 AM: Read=276, Skip=0, Total=276 from ./probing_data/edges/spr2/edges.test.json.retokenized.bert-base-uncased
09/16 08:33:52 AM: 	Task 'edges-spr2': |train|=2226 |val|=291 |test|=276
09/16 08:33:52 AM: 	Finished loading tasks: edges-spr2.
09/16 08:33:52 AM: 	Building vocab from scratch.
09/16 08:33:52 AM: 	Counting units for task edges-spr2.
09/16 08:33:53 AM: 	Task 'edges-spr2': adding vocab namespace 'edges-spr2_labels'
09/16 08:33:54 AM: loading file https://s3.amazonaws.com/models.huggingface.co/bert/bert-base-uncased-vocab.txt from cache at /home/ericwallace/.cache/torch/pytorch_transformers/26bc1ad6c0ac742e9b52263248f6d0f00068293b33709fae12320c0e35ccfbbb.542ce4285a40d23a559526243235df47c5f75c197f04f37d1a0c124c32c9a084
09/16 08:33:54 AM: Added pytorch_transformers vocab (bert-base-uncased): 30522 tokens
09/16 08:33:54 AM: 	Saved vocab to ./experiments/spr2-mrpc-only/vocab
09/16 08:33:54 AM: Loading token dictionary from ./experiments/spr2-mrpc-only/vocab.
09/16 08:33:54 AM: 	Loaded vocab from ./experiments/spr2-mrpc-only/vocab
09/16 08:33:54 AM: 	Vocab namespace tokens: size 7943
09/16 08:33:54 AM: 	Vocab namespace edges-spr2_labels: size 20
09/16 08:33:54 AM: 	Vocab namespace bert_uncased: size 30524
09/16 08:33:54 AM: 	Vocab namespace chars: size 65
09/16 08:33:54 AM: 	Finished building vocab.
09/16 08:33:54 AM: 	Task edges-spr2 (train): Indexing from scratch.
09/16 08:33:54 AM: 	Task edges-spr2 (train): Saved 2226 instances to ./experiments/spr2-mrpc-only/preproc/edges-spr2__train_data
09/16 08:33:54 AM: 	Task edges-spr2 (val): Indexing from scratch.
09/16 08:33:55 AM: 	Task edges-spr2 (val): Saved 291 instances to ./experiments/spr2-mrpc-only/preproc/edges-spr2__val_data
09/16 08:33:55 AM: 	Task edges-spr2 (test): Indexing from scratch.
09/16 08:33:55 AM: 	Task edges-spr2 (test): Saved 276 instances to ./experiments/spr2-mrpc-only/preproc/edges-spr2__test_data
09/16 08:33:55 AM: 	Finished indexing tasks
09/16 08:33:55 AM: 	Creating trimmed target-only version of edges-spr2 train.
09/16 08:33:55 AM: 	  Training on 
09/16 08:33:55 AM: 	  Evaluating on edges-spr2
09/16 08:33:55 AM: 	Finished loading tasks in 2.381s
09/16 08:33:55 AM: 	 Tasks: ['edges-spr2']
09/16 08:33:55 AM: Building model...
09/16 08:33:55 AM: Using BERT model (bert-base-uncased).
09/16 08:33:55 AM: LOADING A FUNETUNED MODEL from: 
09/16 08:33:55 AM: models/mrpc
09/16 08:33:55 AM: loading configuration file models/mrpc/config.json
09/16 08:33:55 AM: Model config {
  "attention_probs_dropout_prob": 0.1,
  "finetuning_task": "mrpc",
  "hidden_act": "gelu",
  "hidden_dropout_prob": 0.1,
  "hidden_size": 768,
  "initializer_range": 0.02,
  "intermediate_size": 3072,
  "layer_norm_eps": 1e-12,
  "max_position_embeddings": 512,
  "num_attention_heads": 12,
  "num_hidden_layers": 12,
  "num_labels": 2,
  "output_attentions": false,
  "output_hidden_states": true,
  "pruned_heads": {},
  "torchscript": false,
  "type_vocab_size": 2,
  "vocab_size": 30522
}

09/16 08:33:55 AM: loading weights file models/mrpc/pytorch_model.bin
09/16 08:34:04 AM: https://s3.amazonaws.com/models.huggingface.co/bert/bert-base-uncased-vocab.txt not found in cache or force_download set to True, downloading to /tmp/tmp6udwrhcm
09/16 08:34:06 AM: copying /tmp/tmp6udwrhcm to cache at ./experiments/spr2-mrpc-only/pytorch_transformers_cache/26bc1ad6c0ac742e9b52263248f6d0f00068293b33709fae12320c0e35ccfbbb.542ce4285a40d23a559526243235df47c5f75c197f04f37d1a0c124c32c9a084
09/16 08:34:06 AM: creating metadata file for ./experiments/spr2-mrpc-only/pytorch_transformers_cache/26bc1ad6c0ac742e9b52263248f6d0f00068293b33709fae12320c0e35ccfbbb.542ce4285a40d23a559526243235df47c5f75c197f04f37d1a0c124c32c9a084
09/16 08:34:06 AM: removing temp file /tmp/tmp6udwrhcm
09/16 08:34:06 AM: loading file https://s3.amazonaws.com/models.huggingface.co/bert/bert-base-uncased-vocab.txt from cache at ./experiments/spr2-mrpc-only/pytorch_transformers_cache/26bc1ad6c0ac742e9b52263248f6d0f00068293b33709fae12320c0e35ccfbbb.542ce4285a40d23a559526243235df47c5f75c197f04f37d1a0c124c32c9a084
09/16 08:34:06 AM: Initializing parameters
09/16 08:34:06 AM: Done initializing parameters; the following parameters are using their default initialization from their code
09/16 08:34:06 AM:    _text_field_embedder.model.embeddings.LayerNorm.bias
09/16 08:34:06 AM:    _text_field_embedder.model.embeddings.LayerNorm.weight
09/16 08:34:06 AM:    _text_field_embedder.model.embeddings.position_embeddings.weight
09/16 08:34:06 AM:    _text_field_embedder.model.embeddings.token_type_embeddings.weight
09/16 08:34:06 AM:    _text_field_embedder.model.embeddings.word_embeddings.weight
09/16 08:34:06 AM:    _text_field_embedder.model.encoder.layer.0.attention.output.LayerNorm.bias
09/16 08:34:06 AM:    _text_field_embedder.model.encoder.layer.0.attention.output.LayerNorm.weight
09/16 08:34:06 AM:    _text_field_embedder.model.encoder.layer.0.attention.output.dense.bias
09/16 08:34:06 AM:    _text_field_embedder.model.encoder.layer.0.attention.output.dense.weight
09/16 08:34:06 AM:    _text_field_embedder.model.encoder.layer.0.attention.self.key.bias
09/16 08:34:06 AM:    _text_field_embedder.model.encoder.layer.0.attention.self.key.weight
09/16 08:34:06 AM:    _text_field_embedder.model.encoder.layer.0.attention.self.query.bias
09/16 08:34:06 AM:    _text_field_embedder.model.encoder.layer.0.attention.self.query.weight
09/16 08:34:06 AM:    _text_field_embedder.model.encoder.layer.0.attention.self.value.bias
09/16 08:34:06 AM:    _text_field_embedder.model.encoder.layer.0.attention.self.value.weight
09/16 08:34:06 AM:    _text_field_embedder.model.encoder.layer.0.intermediate.dense.bias
09/16 08:34:06 AM:    _text_field_embedder.model.encoder.layer.0.intermediate.dense.weight
09/16 08:34:06 AM:    _text_field_embedder.model.encoder.layer.0.output.LayerNorm.bias
09/16 08:34:06 AM:    _text_field_embedder.model.encoder.layer.0.output.LayerNorm.weight
09/16 08:34:06 AM:    _text_field_embedder.model.encoder.layer.0.output.dense.bias
09/16 08:34:06 AM:    _text_field_embedder.model.encoder.layer.0.output.dense.weight
09/16 08:34:06 AM:    _text_field_embedder.model.encoder.layer.1.attention.output.LayerNorm.bias
09/16 08:34:06 AM:    _text_field_embedder.model.encoder.layer.1.attention.output.LayerNorm.weight
09/16 08:34:06 AM:    _text_field_embedder.model.encoder.layer.1.attention.output.dense.bias
09/16 08:34:06 AM:    _text_field_embedder.model.encoder.layer.1.attention.output.dense.weight
09/16 08:34:06 AM:    _text_field_embedder.model.encoder.layer.1.attention.self.key.bias
09/16 08:34:06 AM:    _text_field_embedder.model.encoder.layer.1.attention.self.key.weight
09/16 08:34:06 AM:    _text_field_embedder.model.encoder.layer.1.attention.self.query.bias
09/16 08:34:06 AM:    _text_field_embedder.model.encoder.layer.1.attention.self.query.weight
09/16 08:34:06 AM:    _text_field_embedder.model.encoder.layer.1.attention.self.value.bias
09/16 08:34:06 AM:    _text_field_embedder.model.encoder.layer.1.attention.self.value.weight
09/16 08:34:06 AM:    _text_field_embedder.model.encoder.layer.1.intermediate.dense.bias
09/16 08:34:06 AM:    _text_field_embedder.model.encoder.layer.1.intermediate.dense.weight
09/16 08:34:06 AM:    _text_field_embedder.model.encoder.layer.1.output.LayerNorm.bias
09/16 08:34:06 AM:    _text_field_embedder.model.encoder.layer.1.output.LayerNorm.weight
09/16 08:34:06 AM:    _text_field_embedder.model.encoder.layer.1.output.dense.bias
09/16 08:34:06 AM:    _text_field_embedder.model.encoder.layer.1.output.dense.weight
09/16 08:34:06 AM:    _text_field_embedder.model.encoder.layer.10.attention.output.LayerNorm.bias
09/16 08:34:06 AM:    _text_field_embedder.model.encoder.layer.10.attention.output.LayerNorm.weight
09/16 08:34:06 AM:    _text_field_embedder.model.encoder.layer.10.attention.output.dense.bias
09/16 08:34:06 AM:    _text_field_embedder.model.encoder.layer.10.attention.output.dense.weight
09/16 08:34:06 AM:    _text_field_embedder.model.encoder.layer.10.attention.self.key.bias
09/16 08:34:06 AM:    _text_field_embedder.model.encoder.layer.10.attention.self.key.weight
09/16 08:34:06 AM:    _text_field_embedder.model.encoder.layer.10.attention.self.query.bias
09/16 08:34:06 AM:    _text_field_embedder.model.encoder.layer.10.attention.self.query.weight
09/16 08:34:06 AM:    _text_field_embedder.model.encoder.layer.10.attention.self.value.bias
09/16 08:34:06 AM:    _text_field_embedder.model.encoder.layer.10.attention.self.value.weight
09/16 08:34:06 AM:    _text_field_embedder.model.encoder.layer.10.intermediate.dense.bias
09/16 08:34:06 AM:    _text_field_embedder.model.encoder.layer.10.intermediate.dense.weight
09/16 08:34:06 AM:    _text_field_embedder.model.encoder.layer.10.output.LayerNorm.bias
09/16 08:34:06 AM:    _text_field_embedder.model.encoder.layer.10.output.LayerNorm.weight
09/16 08:34:06 AM:    _text_field_embedder.model.encoder.layer.10.output.dense.bias
09/16 08:34:06 AM:    _text_field_embedder.model.encoder.layer.10.output.dense.weight
09/16 08:34:06 AM:    _text_field_embedder.model.encoder.layer.11.attention.output.LayerNorm.bias
09/16 08:34:06 AM:    _text_field_embedder.model.encoder.layer.11.attention.output.LayerNorm.weight
09/16 08:34:06 AM:    _text_field_embedder.model.encoder.layer.11.attention.output.dense.bias
09/16 08:34:06 AM:    _text_field_embedder.model.encoder.layer.11.attention.output.dense.weight
09/16 08:34:06 AM:    _text_field_embedder.model.encoder.layer.11.attention.self.key.bias
09/16 08:34:06 AM:    _text_field_embedder.model.encoder.layer.11.attention.self.key.weight
09/16 08:34:06 AM:    _text_field_embedder.model.encoder.layer.11.attention.self.query.bias
09/16 08:34:06 AM:    _text_field_embedder.model.encoder.layer.11.attention.self.query.weight
09/16 08:34:06 AM:    _text_field_embedder.model.encoder.layer.11.attention.self.value.bias
09/16 08:34:06 AM:    _text_field_embedder.model.encoder.layer.11.attention.self.value.weight
09/16 08:34:06 AM:    _text_field_embedder.model.encoder.layer.11.intermediate.dense.bias
09/16 08:34:06 AM:    _text_field_embedder.model.encoder.layer.11.intermediate.dense.weight
09/16 08:34:06 AM:    _text_field_embedder.model.encoder.layer.11.output.LayerNorm.bias
09/16 08:34:06 AM:    _text_field_embedder.model.encoder.layer.11.output.LayerNorm.weight
09/16 08:34:06 AM:    _text_field_embedder.model.encoder.layer.11.output.dense.bias
09/16 08:34:06 AM:    _text_field_embedder.model.encoder.layer.11.output.dense.weight
09/16 08:34:06 AM:    _text_field_embedder.model.encoder.layer.2.attention.output.LayerNorm.bias
09/16 08:34:06 AM:    _text_field_embedder.model.encoder.layer.2.attention.output.LayerNorm.weight
09/16 08:34:06 AM:    _text_field_embedder.model.encoder.layer.2.attention.output.dense.bias
09/16 08:34:06 AM:    _text_field_embedder.model.encoder.layer.2.attention.output.dense.weight
09/16 08:34:06 AM:    _text_field_embedder.model.encoder.layer.2.attention.self.key.bias
09/16 08:34:06 AM:    _text_field_embedder.model.encoder.layer.2.attention.self.key.weight
09/16 08:34:06 AM:    _text_field_embedder.model.encoder.layer.2.attention.self.query.bias
09/16 08:34:06 AM:    _text_field_embedder.model.encoder.layer.2.attention.self.query.weight
09/16 08:34:06 AM:    _text_field_embedder.model.encoder.layer.2.attention.self.value.bias
09/16 08:34:06 AM:    _text_field_embedder.model.encoder.layer.2.attention.self.value.weight
09/16 08:34:06 AM:    _text_field_embedder.model.encoder.layer.2.intermediate.dense.bias
09/16 08:34:06 AM:    _text_field_embedder.model.encoder.layer.2.intermediate.dense.weight
09/16 08:34:06 AM:    _text_field_embedder.model.encoder.layer.2.output.LayerNorm.bias
09/16 08:34:06 AM:    _text_field_embedder.model.encoder.layer.2.output.LayerNorm.weight
09/16 08:34:06 AM:    _text_field_embedder.model.encoder.layer.2.output.dense.bias
09/16 08:34:06 AM:    _text_field_embedder.model.encoder.layer.2.output.dense.weight
09/16 08:34:06 AM:    _text_field_embedder.model.encoder.layer.3.attention.output.LayerNorm.bias
09/16 08:34:06 AM:    _text_field_embedder.model.encoder.layer.3.attention.output.LayerNorm.weight
09/16 08:34:06 AM:    _text_field_embedder.model.encoder.layer.3.attention.output.dense.bias
09/16 08:34:06 AM:    _text_field_embedder.model.encoder.layer.3.attention.output.dense.weight
09/16 08:34:06 AM:    _text_field_embedder.model.encoder.layer.3.attention.self.key.bias
09/16 08:34:06 AM:    _text_field_embedder.model.encoder.layer.3.attention.self.key.weight
09/16 08:34:06 AM:    _text_field_embedder.model.encoder.layer.3.attention.self.query.bias
09/16 08:34:06 AM:    _text_field_embedder.model.encoder.layer.3.attention.self.query.weight
09/16 08:34:06 AM:    _text_field_embedder.model.encoder.layer.3.attention.self.value.bias
09/16 08:34:06 AM:    _text_field_embedder.model.encoder.layer.3.attention.self.value.weight
09/16 08:34:06 AM:    _text_field_embedder.model.encoder.layer.3.intermediate.dense.bias
09/16 08:34:06 AM:    _text_field_embedder.model.encoder.layer.3.intermediate.dense.weight
09/16 08:34:06 AM:    _text_field_embedder.model.encoder.layer.3.output.LayerNorm.bias
09/16 08:34:06 AM:    _text_field_embedder.model.encoder.layer.3.output.LayerNorm.weight
09/16 08:34:06 AM:    _text_field_embedder.model.encoder.layer.3.output.dense.bias
09/16 08:34:06 AM:    _text_field_embedder.model.encoder.layer.3.output.dense.weight
09/16 08:34:06 AM:    _text_field_embedder.model.encoder.layer.4.attention.output.LayerNorm.bias
09/16 08:34:06 AM:    _text_field_embedder.model.encoder.layer.4.attention.output.LayerNorm.weight
09/16 08:34:06 AM:    _text_field_embedder.model.encoder.layer.4.attention.output.dense.bias
09/16 08:34:06 AM:    _text_field_embedder.model.encoder.layer.4.attention.output.dense.weight
09/16 08:34:06 AM:    _text_field_embedder.model.encoder.layer.4.attention.self.key.bias
09/16 08:34:06 AM:    _text_field_embedder.model.encoder.layer.4.attention.self.key.weight
09/16 08:34:06 AM:    _text_field_embedder.model.encoder.layer.4.attention.self.query.bias
09/16 08:34:06 AM:    _text_field_embedder.model.encoder.layer.4.attention.self.query.weight
09/16 08:34:06 AM:    _text_field_embedder.model.encoder.layer.4.attention.self.value.bias
09/16 08:34:06 AM:    _text_field_embedder.model.encoder.layer.4.attention.self.value.weight
09/16 08:34:06 AM:    _text_field_embedder.model.encoder.layer.4.intermediate.dense.bias
09/16 08:34:06 AM:    _text_field_embedder.model.encoder.layer.4.intermediate.dense.weight
09/16 08:34:06 AM:    _text_field_embedder.model.encoder.layer.4.output.LayerNorm.bias
09/16 08:34:06 AM:    _text_field_embedder.model.encoder.layer.4.output.LayerNorm.weight
09/16 08:34:06 AM:    _text_field_embedder.model.encoder.layer.4.output.dense.bias
09/16 08:34:06 AM:    _text_field_embedder.model.encoder.layer.4.output.dense.weight
09/16 08:34:06 AM:    _text_field_embedder.model.encoder.layer.5.attention.output.LayerNorm.bias
09/16 08:34:06 AM:    _text_field_embedder.model.encoder.layer.5.attention.output.LayerNorm.weight
09/16 08:34:06 AM:    _text_field_embedder.model.encoder.layer.5.attention.output.dense.bias
09/16 08:34:06 AM:    _text_field_embedder.model.encoder.layer.5.attention.output.dense.weight
09/16 08:34:06 AM:    _text_field_embedder.model.encoder.layer.5.attention.self.key.bias
09/16 08:34:06 AM:    _text_field_embedder.model.encoder.layer.5.attention.self.key.weight
09/16 08:34:06 AM:    _text_field_embedder.model.encoder.layer.5.attention.self.query.bias
09/16 08:34:06 AM:    _text_field_embedder.model.encoder.layer.5.attention.self.query.weight
09/16 08:34:06 AM:    _text_field_embedder.model.encoder.layer.5.attention.self.value.bias
09/16 08:34:06 AM:    _text_field_embedder.model.encoder.layer.5.attention.self.value.weight
09/16 08:34:06 AM:    _text_field_embedder.model.encoder.layer.5.intermediate.dense.bias
09/16 08:34:06 AM:    _text_field_embedder.model.encoder.layer.5.intermediate.dense.weight
09/16 08:34:06 AM:    _text_field_embedder.model.encoder.layer.5.output.LayerNorm.bias
09/16 08:34:06 AM:    _text_field_embedder.model.encoder.layer.5.output.LayerNorm.weight
09/16 08:34:06 AM:    _text_field_embedder.model.encoder.layer.5.output.dense.bias
09/16 08:34:06 AM:    _text_field_embedder.model.encoder.layer.5.output.dense.weight
09/16 08:34:06 AM:    _text_field_embedder.model.encoder.layer.6.attention.output.LayerNorm.bias
09/16 08:34:06 AM:    _text_field_embedder.model.encoder.layer.6.attention.output.LayerNorm.weight
09/16 08:34:06 AM:    _text_field_embedder.model.encoder.layer.6.attention.output.dense.bias
09/16 08:34:06 AM:    _text_field_embedder.model.encoder.layer.6.attention.output.dense.weight
09/16 08:34:06 AM:    _text_field_embedder.model.encoder.layer.6.attention.self.key.bias
09/16 08:34:06 AM:    _text_field_embedder.model.encoder.layer.6.attention.self.key.weight
09/16 08:34:06 AM:    _text_field_embedder.model.encoder.layer.6.attention.self.query.bias
09/16 08:34:06 AM:    _text_field_embedder.model.encoder.layer.6.attention.self.query.weight
09/16 08:34:06 AM:    _text_field_embedder.model.encoder.layer.6.attention.self.value.bias
09/16 08:34:06 AM:    _text_field_embedder.model.encoder.layer.6.attention.self.value.weight
09/16 08:34:06 AM:    _text_field_embedder.model.encoder.layer.6.intermediate.dense.bias
09/16 08:34:06 AM:    _text_field_embedder.model.encoder.layer.6.intermediate.dense.weight
09/16 08:34:06 AM:    _text_field_embedder.model.encoder.layer.6.output.LayerNorm.bias
09/16 08:34:06 AM:    _text_field_embedder.model.encoder.layer.6.output.LayerNorm.weight
09/16 08:34:06 AM:    _text_field_embedder.model.encoder.layer.6.output.dense.bias
09/16 08:34:06 AM:    _text_field_embedder.model.encoder.layer.6.output.dense.weight
09/16 08:34:06 AM:    _text_field_embedder.model.encoder.layer.7.attention.output.LayerNorm.bias
09/16 08:34:06 AM:    _text_field_embedder.model.encoder.layer.7.attention.output.LayerNorm.weight
09/16 08:34:06 AM:    _text_field_embedder.model.encoder.layer.7.attention.output.dense.bias
09/16 08:34:06 AM:    _text_field_embedder.model.encoder.layer.7.attention.output.dense.weight
09/16 08:34:06 AM:    _text_field_embedder.model.encoder.layer.7.attention.self.key.bias
09/16 08:34:06 AM:    _text_field_embedder.model.encoder.layer.7.attention.self.key.weight
09/16 08:34:06 AM:    _text_field_embedder.model.encoder.layer.7.attention.self.query.bias
09/16 08:34:06 AM:    _text_field_embedder.model.encoder.layer.7.attention.self.query.weight
09/16 08:34:06 AM:    _text_field_embedder.model.encoder.layer.7.attention.self.value.bias
09/16 08:34:06 AM:    _text_field_embedder.model.encoder.layer.7.attention.self.value.weight
09/16 08:34:06 AM:    _text_field_embedder.model.encoder.layer.7.intermediate.dense.bias
09/16 08:34:06 AM:    _text_field_embedder.model.encoder.layer.7.intermediate.dense.weight
09/16 08:34:06 AM:    _text_field_embedder.model.encoder.layer.7.output.LayerNorm.bias
09/16 08:34:06 AM:    _text_field_embedder.model.encoder.layer.7.output.LayerNorm.weight
09/16 08:34:06 AM:    _text_field_embedder.model.encoder.layer.7.output.dense.bias
09/16 08:34:06 AM:    _text_field_embedder.model.encoder.layer.7.output.dense.weight
09/16 08:34:06 AM:    _text_field_embedder.model.encoder.layer.8.attention.output.LayerNorm.bias
09/16 08:34:06 AM:    _text_field_embedder.model.encoder.layer.8.attention.output.LayerNorm.weight
09/16 08:34:06 AM:    _text_field_embedder.model.encoder.layer.8.attention.output.dense.bias
09/16 08:34:06 AM:    _text_field_embedder.model.encoder.layer.8.attention.output.dense.weight
09/16 08:34:06 AM:    _text_field_embedder.model.encoder.layer.8.attention.self.key.bias
09/16 08:34:06 AM:    _text_field_embedder.model.encoder.layer.8.attention.self.key.weight
09/16 08:34:06 AM:    _text_field_embedder.model.encoder.layer.8.attention.self.query.bias
09/16 08:34:06 AM:    _text_field_embedder.model.encoder.layer.8.attention.self.query.weight
09/16 08:34:06 AM:    _text_field_embedder.model.encoder.layer.8.attention.self.value.bias
09/16 08:34:06 AM:    _text_field_embedder.model.encoder.layer.8.attention.self.value.weight
09/16 08:34:06 AM:    _text_field_embedder.model.encoder.layer.8.intermediate.dense.bias
09/16 08:34:06 AM:    _text_field_embedder.model.encoder.layer.8.intermediate.dense.weight
09/16 08:34:06 AM:    _text_field_embedder.model.encoder.layer.8.output.LayerNorm.bias
09/16 08:34:06 AM:    _text_field_embedder.model.encoder.layer.8.output.LayerNorm.weight
09/16 08:34:06 AM:    _text_field_embedder.model.encoder.layer.8.output.dense.bias
09/16 08:34:06 AM:    _text_field_embedder.model.encoder.layer.8.output.dense.weight
09/16 08:34:06 AM:    _text_field_embedder.model.encoder.layer.9.attention.output.LayerNorm.bias
09/16 08:34:06 AM:    _text_field_embedder.model.encoder.layer.9.attention.output.LayerNorm.weight
09/16 08:34:06 AM:    _text_field_embedder.model.encoder.layer.9.attention.output.dense.bias
09/16 08:34:06 AM:    _text_field_embedder.model.encoder.layer.9.attention.output.dense.weight
09/16 08:34:06 AM:    _text_field_embedder.model.encoder.layer.9.attention.self.key.bias
09/16 08:34:06 AM:    _text_field_embedder.model.encoder.layer.9.attention.self.key.weight
09/16 08:34:06 AM:    _text_field_embedder.model.encoder.layer.9.attention.self.query.bias
09/16 08:34:06 AM:    _text_field_embedder.model.encoder.layer.9.attention.self.query.weight
09/16 08:34:06 AM:    _text_field_embedder.model.encoder.layer.9.attention.self.value.bias
09/16 08:34:06 AM:    _text_field_embedder.model.encoder.layer.9.attention.self.value.weight
09/16 08:34:06 AM:    _text_field_embedder.model.encoder.layer.9.intermediate.dense.bias
09/16 08:34:06 AM:    _text_field_embedder.model.encoder.layer.9.intermediate.dense.weight
09/16 08:34:06 AM:    _text_field_embedder.model.encoder.layer.9.output.LayerNorm.bias
09/16 08:34:06 AM:    _text_field_embedder.model.encoder.layer.9.output.LayerNorm.weight
09/16 08:34:06 AM:    _text_field_embedder.model.encoder.layer.9.output.dense.bias
09/16 08:34:06 AM:    _text_field_embedder.model.encoder.layer.9.output.dense.weight
09/16 08:34:06 AM:    _text_field_embedder.model.pooler.dense.bias
09/16 08:34:06 AM:    _text_field_embedder.model.pooler.dense.weight
09/16 08:34:06 AM: 	Task 'edges-spr2' params: {
  "cls_type": "mlp",
  "d_hid": 256,
  "pool_type": "first",
  "d_proj": 512,
  "shared_pair_attn": 0,
  "attn": 0,
  "d_hid_attn": 512,
  "dropout": 0.3,
  "cls_loss_fn": "sigmoid",
  "cls_span_pooling": "attn",
  "edgeprobe_cnn_context": 0,
  "edgeprobe_symmetric": 0,
  "use_classifier": "edges-spr2"
}
09/16 08:34:12 AM: Model specification:
09/16 08:34:12 AM: MultiTaskModel(
  (sent_encoder): SentenceEncoder(
    (_text_field_embedder): BertEmbedderModule(
      (model): BertModel(
        (embeddings): BertEmbeddings(
          (word_embeddings): Embedding(30522, 768, padding_idx=0)
          (position_embeddings): Embedding(512, 768)
          (token_type_embeddings): Embedding(2, 768)
          (LayerNorm): LayerNorm(torch.Size([768]), eps=1e-12, elementwise_affine=True)
          (dropout): Dropout(p=0.1)
        )
        (encoder): BertEncoder(
          (layer): ModuleList(
            (0): BertLayer(
              (attention): BertAttention(
                (self): BertSelfAttention(
                  (query): Linear(in_features=768, out_features=768, bias=True)
                  (key): Linear(in_features=768, out_features=768, bias=True)
                  (value): Linear(in_features=768, out_features=768, bias=True)
                  (dropout): Dropout(p=0.1)
                )
                (output): BertSelfOutput(
                  (dense): Linear(in_features=768, out_features=768, bias=True)
                  (LayerNorm): LayerNorm(torch.Size([768]), eps=1e-12, elementwise_affine=True)
                  (dropout): Dropout(p=0.1)
                )
              )
              (intermediate): BertIntermediate(
                (dense): Linear(in_features=768, out_features=3072, bias=True)
              )
              (output): BertOutput(
                (dense): Linear(in_features=3072, out_features=768, bias=True)
                (LayerNorm): LayerNorm(torch.Size([768]), eps=1e-12, elementwise_affine=True)
                (dropout): Dropout(p=0.1)
              )
            )
            (1): BertLayer(
              (attention): BertAttention(
                (self): BertSelfAttention(
                  (query): Linear(in_features=768, out_features=768, bias=True)
                  (key): Linear(in_features=768, out_features=768, bias=True)
                  (value): Linear(in_features=768, out_features=768, bias=True)
                  (dropout): Dropout(p=0.1)
                )
                (output): BertSelfOutput(
                  (dense): Linear(in_features=768, out_features=768, bias=True)
                  (LayerNorm): LayerNorm(torch.Size([768]), eps=1e-12, elementwise_affine=True)
                  (dropout): Dropout(p=0.1)
                )
              )
              (intermediate): BertIntermediate(
                (dense): Linear(in_features=768, out_features=3072, bias=True)
              )
              (output): BertOutput(
                (dense): Linear(in_features=3072, out_features=768, bias=True)
                (LayerNorm): LayerNorm(torch.Size([768]), eps=1e-12, elementwise_affine=True)
                (dropout): Dropout(p=0.1)
              )
            )
            (2): BertLayer(
              (attention): BertAttention(
                (self): BertSelfAttention(
                  (query): Linear(in_features=768, out_features=768, bias=True)
                  (key): Linear(in_features=768, out_features=768, bias=True)
                  (value): Linear(in_features=768, out_features=768, bias=True)
                  (dropout): Dropout(p=0.1)
                )
                (output): BertSelfOutput(
                  (dense): Linear(in_features=768, out_features=768, bias=True)
                  (LayerNorm): LayerNorm(torch.Size([768]), eps=1e-12, elementwise_affine=True)
                  (dropout): Dropout(p=0.1)
                )
              )
              (intermediate): BertIntermediate(
                (dense): Linear(in_features=768, out_features=3072, bias=True)
              )
              (output): BertOutput(
                (dense): Linear(in_features=3072, out_features=768, bias=True)
                (LayerNorm): LayerNorm(torch.Size([768]), eps=1e-12, elementwise_affine=True)
                (dropout): Dropout(p=0.1)
              )
            )
            (3): BertLayer(
              (attention): BertAttention(
                (self): BertSelfAttention(
                  (query): Linear(in_features=768, out_features=768, bias=True)
                  (key): Linear(in_features=768, out_features=768, bias=True)
                  (value): Linear(in_features=768, out_features=768, bias=True)
                  (dropout): Dropout(p=0.1)
                )
                (output): BertSelfOutput(
                  (dense): Linear(in_features=768, out_features=768, bias=True)
                  (LayerNorm): LayerNorm(torch.Size([768]), eps=1e-12, elementwise_affine=True)
                  (dropout): Dropout(p=0.1)
                )
              )
              (intermediate): BertIntermediate(
                (dense): Linear(in_features=768, out_features=3072, bias=True)
              )
              (output): BertOutput(
                (dense): Linear(in_features=3072, out_features=768, bias=True)
                (LayerNorm): LayerNorm(torch.Size([768]), eps=1e-12, elementwise_affine=True)
                (dropout): Dropout(p=0.1)
              )
            )
            (4): BertLayer(
              (attention): BertAttention(
                (self): BertSelfAttention(
                  (query): Linear(in_features=768, out_features=768, bias=True)
                  (key): Linear(in_features=768, out_features=768, bias=True)
                  (value): Linear(in_features=768, out_features=768, bias=True)
                  (dropout): Dropout(p=0.1)
                )
                (output): BertSelfOutput(
                  (dense): Linear(in_features=768, out_features=768, bias=True)
                  (LayerNorm): LayerNorm(torch.Size([768]), eps=1e-12, elementwise_affine=True)
                  (dropout): Dropout(p=0.1)
                )
              )
              (intermediate): BertIntermediate(
                (dense): Linear(in_features=768, out_features=3072, bias=True)
              )
              (output): BertOutput(
                (dense): Linear(in_features=3072, out_features=768, bias=True)
                (LayerNorm): LayerNorm(torch.Size([768]), eps=1e-12, elementwise_affine=True)
                (dropout): Dropout(p=0.1)
              )
            )
            (5): BertLayer(
              (attention): BertAttention(
                (self): BertSelfAttention(
                  (query): Linear(in_features=768, out_features=768, bias=True)
                  (key): Linear(in_features=768, out_features=768, bias=True)
                  (value): Linear(in_features=768, out_features=768, bias=True)
                  (dropout): Dropout(p=0.1)
                )
                (output): BertSelfOutput(
                  (dense): Linear(in_features=768, out_features=768, bias=True)
                  (LayerNorm): LayerNorm(torch.Size([768]), eps=1e-12, elementwise_affine=True)
                  (dropout): Dropout(p=0.1)
                )
              )
              (intermediate): BertIntermediate(
                (dense): Linear(in_features=768, out_features=3072, bias=True)
              )
              (output): BertOutput(
                (dense): Linear(in_features=3072, out_features=768, bias=True)
                (LayerNorm): LayerNorm(torch.Size([768]), eps=1e-12, elementwise_affine=True)
                (dropout): Dropout(p=0.1)
              )
            )
            (6): BertLayer(
              (attention): BertAttention(
                (self): BertSelfAttention(
                  (query): Linear(in_features=768, out_features=768, bias=True)
                  (key): Linear(in_features=768, out_features=768, bias=True)
                  (value): Linear(in_features=768, out_features=768, bias=True)
                  (dropout): Dropout(p=0.1)
                )
                (output): BertSelfOutput(
                  (dense): Linear(in_features=768, out_features=768, bias=True)
                  (LayerNorm): LayerNorm(torch.Size([768]), eps=1e-12, elementwise_affine=True)
                  (dropout): Dropout(p=0.1)
                )
              )
              (intermediate): BertIntermediate(
                (dense): Linear(in_features=768, out_features=3072, bias=True)
              )
              (output): BertOutput(
                (dense): Linear(in_features=3072, out_features=768, bias=True)
                (LayerNorm): LayerNorm(torch.Size([768]), eps=1e-12, elementwise_affine=True)
                (dropout): Dropout(p=0.1)
              )
            )
            (7): BertLayer(
              (attention): BertAttention(
                (self): BertSelfAttention(
                  (query): Linear(in_features=768, out_features=768, bias=True)
                  (key): Linear(in_features=768, out_features=768, bias=True)
                  (value): Linear(in_features=768, out_features=768, bias=True)
                  (dropout): Dropout(p=0.1)
                )
                (output): BertSelfOutput(
                  (dense): Linear(in_features=768, out_features=768, bias=True)
                  (LayerNorm): LayerNorm(torch.Size([768]), eps=1e-12, elementwise_affine=True)
                  (dropout): Dropout(p=0.1)
                )
              )
              (intermediate): BertIntermediate(
                (dense): Linear(in_features=768, out_features=3072, bias=True)
              )
              (output): BertOutput(
                (dense): Linear(in_features=3072, out_features=768, bias=True)
                (LayerNorm): LayerNorm(torch.Size([768]), eps=1e-12, elementwise_affine=True)
                (dropout): Dropout(p=0.1)
              )
            )
            (8): BertLayer(
              (attention): BertAttention(
                (self): BertSelfAttention(
                  (query): Linear(in_features=768, out_features=768, bias=True)
                  (key): Linear(in_features=768, out_features=768, bias=True)
                  (value): Linear(in_features=768, out_features=768, bias=True)
                  (dropout): Dropout(p=0.1)
                )
                (output): BertSelfOutput(
                  (dense): Linear(in_features=768, out_features=768, bias=True)
                  (LayerNorm): LayerNorm(torch.Size([768]), eps=1e-12, elementwise_affine=True)
                  (dropout): Dropout(p=0.1)
                )
              )
              (intermediate): BertIntermediate(
                (dense): Linear(in_features=768, out_features=3072, bias=True)
              )
              (output): BertOutput(
                (dense): Linear(in_features=3072, out_features=768, bias=True)
                (LayerNorm): LayerNorm(torch.Size([768]), eps=1e-12, elementwise_affine=True)
                (dropout): Dropout(p=0.1)
              )
            )
            (9): BertLayer(
              (attention): BertAttention(
                (self): BertSelfAttention(
                  (query): Linear(in_features=768, out_features=768, bias=True)
                  (key): Linear(in_features=768, out_features=768, bias=True)
                  (value): Linear(in_features=768, out_features=768, bias=True)
                  (dropout): Dropout(p=0.1)
                )
                (output): BertSelfOutput(
                  (dense): Linear(in_features=768, out_features=768, bias=True)
                  (LayerNorm): LayerNorm(torch.Size([768]), eps=1e-12, elementwise_affine=True)
                  (dropout): Dropout(p=0.1)
                )
              )
              (intermediate): BertIntermediate(
                (dense): Linear(in_features=768, out_features=3072, bias=True)
              )
              (output): BertOutput(
                (dense): Linear(in_features=3072, out_features=768, bias=True)
                (LayerNorm): LayerNorm(torch.Size([768]), eps=1e-12, elementwise_affine=True)
                (dropout): Dropout(p=0.1)
              )
            )
            (10): BertLayer(
              (attention): BertAttention(
                (self): BertSelfAttention(
                  (query): Linear(in_features=768, out_features=768, bias=True)
                  (key): Linear(in_features=768, out_features=768, bias=True)
                  (value): Linear(in_features=768, out_features=768, bias=True)
                  (dropout): Dropout(p=0.1)
                )
                (output): BertSelfOutput(
                  (dense): Linear(in_features=768, out_features=768, bias=True)
                  (LayerNorm): LayerNorm(torch.Size([768]), eps=1e-12, elementwise_affine=True)
                  (dropout): Dropout(p=0.1)
                )
              )
              (intermediate): BertIntermediate(
                (dense): Linear(in_features=768, out_features=3072, bias=True)
              )
              (output): BertOutput(
                (dense): Linear(in_features=3072, out_features=768, bias=True)
                (LayerNorm): LayerNorm(torch.Size([768]), eps=1e-12, elementwise_affine=True)
                (dropout): Dropout(p=0.1)
              )
            )
            (11): BertLayer(
              (attention): BertAttention(
                (self): BertSelfAttention(
                  (query): Linear(in_features=768, out_features=768, bias=True)
                  (key): Linear(in_features=768, out_features=768, bias=True)
                  (value): Linear(in_features=768, out_features=768, bias=True)
                  (dropout): Dropout(p=0.1)
                )
                (output): BertSelfOutput(
                  (dense): Linear(in_features=768, out_features=768, bias=True)
                  (LayerNorm): LayerNorm(torch.Size([768]), eps=1e-12, elementwise_affine=True)
                  (dropout): Dropout(p=0.1)
                )
              )
              (intermediate): BertIntermediate(
                (dense): Linear(in_features=768, out_features=3072, bias=True)
              )
              (output): BertOutput(
                (dense): Linear(in_features=3072, out_features=768, bias=True)
                (LayerNorm): LayerNorm(torch.Size([768]), eps=1e-12, elementwise_affine=True)
                (dropout): Dropout(p=0.1)
              )
            )
          )
        )
        (pooler): BertPooler(
          (dense): Linear(in_features=768, out_features=768, bias=True)
          (activation): Tanh()
        )
      )
    )
    (_highway_layer): TimeDistributed(
      (_module): Highway(
        (_layers): ModuleList()
      )
    )
    (_phrase_layer): NullPhraseLayer()
    (_dropout): Dropout(p=0.2)
  )
  (edges-spr2_mdl): EdgeClassifierModule(
    (proj1): Conv1d(768, 256, kernel_size=(1,), stride=(1,))
    (proj2): Conv1d(768, 256, kernel_size=(1,), stride=(1,))
    (span_extractor1): EndpointSpanExtractor()
    (span_extractor2): EndpointSpanExtractor()
    (classifier): Classifier(
      (classifier): Sequential(
        (0): Linear(in_features=1024, out_features=256, bias=True)
        (1): Tanh()
        (2): LayerNorm(torch.Size([256]), eps=1e-05, elementwise_affine=True)
        (3): Dropout(p=0.3)
        (4): Linear(in_features=256, out_features=20, bias=True)
      )
    )
  )
)
09/16 08:34:12 AM: Model parameters:
09/16 08:34:12 AM: 	sent_encoder._text_field_embedder.model.embeddings.word_embeddings.weight: Non-trainable parameter, count 23440896 with torch.Size([30522, 768])
09/16 08:34:12 AM: 	sent_encoder._text_field_embedder.model.embeddings.position_embeddings.weight: Non-trainable parameter, count 393216 with torch.Size([512, 768])
09/16 08:34:12 AM: 	sent_encoder._text_field_embedder.model.embeddings.token_type_embeddings.weight: Non-trainable parameter, count 1536 with torch.Size([2, 768])
09/16 08:34:12 AM: 	sent_encoder._text_field_embedder.model.embeddings.LayerNorm.weight: Non-trainable parameter, count 768 with torch.Size([768])
09/16 08:34:12 AM: 	sent_encoder._text_field_embedder.model.embeddings.LayerNorm.bias: Non-trainable parameter, count 768 with torch.Size([768])
09/16 08:34:12 AM: 	sent_encoder._text_field_embedder.model.encoder.layer.0.attention.self.query.weight: Non-trainable parameter, count 589824 with torch.Size([768, 768])
09/16 08:34:12 AM: 	sent_encoder._text_field_embedder.model.encoder.layer.0.attention.self.query.bias: Non-trainable parameter, count 768 with torch.Size([768])
09/16 08:34:12 AM: 	sent_encoder._text_field_embedder.model.encoder.layer.0.attention.self.key.weight: Non-trainable parameter, count 589824 with torch.Size([768, 768])
09/16 08:34:12 AM: 	sent_encoder._text_field_embedder.model.encoder.layer.0.attention.self.key.bias: Non-trainable parameter, count 768 with torch.Size([768])
09/16 08:34:12 AM: 	sent_encoder._text_field_embedder.model.encoder.layer.0.attention.self.value.weight: Non-trainable parameter, count 589824 with torch.Size([768, 768])
09/16 08:34:12 AM: 	sent_encoder._text_field_embedder.model.encoder.layer.0.attention.self.value.bias: Non-trainable parameter, count 768 with torch.Size([768])
09/16 08:34:12 AM: 	sent_encoder._text_field_embedder.model.encoder.layer.0.attention.output.dense.weight: Non-trainable parameter, count 589824 with torch.Size([768, 768])
09/16 08:34:12 AM: 	sent_encoder._text_field_embedder.model.encoder.layer.0.attention.output.dense.bias: Non-trainable parameter, count 768 with torch.Size([768])
09/16 08:34:12 AM: 	sent_encoder._text_field_embedder.model.encoder.layer.0.attention.output.LayerNorm.weight: Non-trainable parameter, count 768 with torch.Size([768])
09/16 08:34:12 AM: 	sent_encoder._text_field_embedder.model.encoder.layer.0.attention.output.LayerNorm.bias: Non-trainable parameter, count 768 with torch.Size([768])
09/16 08:34:12 AM: 	sent_encoder._text_field_embedder.model.encoder.layer.0.intermediate.dense.weight: Non-trainable parameter, count 2359296 with torch.Size([3072, 768])
09/16 08:34:12 AM: 	sent_encoder._text_field_embedder.model.encoder.layer.0.intermediate.dense.bias: Non-trainable parameter, count 3072 with torch.Size([3072])
09/16 08:34:12 AM: 	sent_encoder._text_field_embedder.model.encoder.layer.0.output.dense.weight: Non-trainable parameter, count 2359296 with torch.Size([768, 3072])
09/16 08:34:12 AM: 	sent_encoder._text_field_embedder.model.encoder.layer.0.output.dense.bias: Non-trainable parameter, count 768 with torch.Size([768])
09/16 08:34:12 AM: 	sent_encoder._text_field_embedder.model.encoder.layer.0.output.LayerNorm.weight: Non-trainable parameter, count 768 with torch.Size([768])
09/16 08:34:12 AM: 	sent_encoder._text_field_embedder.model.encoder.layer.0.output.LayerNorm.bias: Non-trainable parameter, count 768 with torch.Size([768])
09/16 08:34:12 AM: 	sent_encoder._text_field_embedder.model.encoder.layer.1.attention.self.query.weight: Non-trainable parameter, count 589824 with torch.Size([768, 768])
09/16 08:34:12 AM: 	sent_encoder._text_field_embedder.model.encoder.layer.1.attention.self.query.bias: Non-trainable parameter, count 768 with torch.Size([768])
09/16 08:34:12 AM: 	sent_encoder._text_field_embedder.model.encoder.layer.1.attention.self.key.weight: Non-trainable parameter, count 589824 with torch.Size([768, 768])
09/16 08:34:12 AM: 	sent_encoder._text_field_embedder.model.encoder.layer.1.attention.self.key.bias: Non-trainable parameter, count 768 with torch.Size([768])
09/16 08:34:12 AM: 	sent_encoder._text_field_embedder.model.encoder.layer.1.attention.self.value.weight: Non-trainable parameter, count 589824 with torch.Size([768, 768])
09/16 08:34:12 AM: 	sent_encoder._text_field_embedder.model.encoder.layer.1.attention.self.value.bias: Non-trainable parameter, count 768 with torch.Size([768])
09/16 08:34:12 AM: 	sent_encoder._text_field_embedder.model.encoder.layer.1.attention.output.dense.weight: Non-trainable parameter, count 589824 with torch.Size([768, 768])
09/16 08:34:12 AM: 	sent_encoder._text_field_embedder.model.encoder.layer.1.attention.output.dense.bias: Non-trainable parameter, count 768 with torch.Size([768])
09/16 08:34:12 AM: 	sent_encoder._text_field_embedder.model.encoder.layer.1.attention.output.LayerNorm.weight: Non-trainable parameter, count 768 with torch.Size([768])
09/16 08:34:12 AM: 	sent_encoder._text_field_embedder.model.encoder.layer.1.attention.output.LayerNorm.bias: Non-trainable parameter, count 768 with torch.Size([768])
09/16 08:34:12 AM: 	sent_encoder._text_field_embedder.model.encoder.layer.1.intermediate.dense.weight: Non-trainable parameter, count 2359296 with torch.Size([3072, 768])
09/16 08:34:12 AM: 	sent_encoder._text_field_embedder.model.encoder.layer.1.intermediate.dense.bias: Non-trainable parameter, count 3072 with torch.Size([3072])
09/16 08:34:12 AM: 	sent_encoder._text_field_embedder.model.encoder.layer.1.output.dense.weight: Non-trainable parameter, count 2359296 with torch.Size([768, 3072])
09/16 08:34:12 AM: 	sent_encoder._text_field_embedder.model.encoder.layer.1.output.dense.bias: Non-trainable parameter, count 768 with torch.Size([768])
09/16 08:34:12 AM: 	sent_encoder._text_field_embedder.model.encoder.layer.1.output.LayerNorm.weight: Non-trainable parameter, count 768 with torch.Size([768])
09/16 08:34:12 AM: 	sent_encoder._text_field_embedder.model.encoder.layer.1.output.LayerNorm.bias: Non-trainable parameter, count 768 with torch.Size([768])
09/16 08:34:12 AM: 	sent_encoder._text_field_embedder.model.encoder.layer.2.attention.self.query.weight: Non-trainable parameter, count 589824 with torch.Size([768, 768])
09/16 08:34:12 AM: 	sent_encoder._text_field_embedder.model.encoder.layer.2.attention.self.query.bias: Non-trainable parameter, count 768 with torch.Size([768])
09/16 08:34:12 AM: 	sent_encoder._text_field_embedder.model.encoder.layer.2.attention.self.key.weight: Non-trainable parameter, count 589824 with torch.Size([768, 768])
09/16 08:34:12 AM: 	sent_encoder._text_field_embedder.model.encoder.layer.2.attention.self.key.bias: Non-trainable parameter, count 768 with torch.Size([768])
09/16 08:34:12 AM: 	sent_encoder._text_field_embedder.model.encoder.layer.2.attention.self.value.weight: Non-trainable parameter, count 589824 with torch.Size([768, 768])
09/16 08:34:12 AM: 	sent_encoder._text_field_embedder.model.encoder.layer.2.attention.self.value.bias: Non-trainable parameter, count 768 with torch.Size([768])
09/16 08:34:12 AM: 	sent_encoder._text_field_embedder.model.encoder.layer.2.attention.output.dense.weight: Non-trainable parameter, count 589824 with torch.Size([768, 768])
09/16 08:34:12 AM: 	sent_encoder._text_field_embedder.model.encoder.layer.2.attention.output.dense.bias: Non-trainable parameter, count 768 with torch.Size([768])
09/16 08:34:12 AM: 	sent_encoder._text_field_embedder.model.encoder.layer.2.attention.output.LayerNorm.weight: Non-trainable parameter, count 768 with torch.Size([768])
09/16 08:34:12 AM: 	sent_encoder._text_field_embedder.model.encoder.layer.2.attention.output.LayerNorm.bias: Non-trainable parameter, count 768 with torch.Size([768])
09/16 08:34:12 AM: 	sent_encoder._text_field_embedder.model.encoder.layer.2.intermediate.dense.weight: Non-trainable parameter, count 2359296 with torch.Size([3072, 768])
09/16 08:34:12 AM: 	sent_encoder._text_field_embedder.model.encoder.layer.2.intermediate.dense.bias: Non-trainable parameter, count 3072 with torch.Size([3072])
09/16 08:34:12 AM: 	sent_encoder._text_field_embedder.model.encoder.layer.2.output.dense.weight: Non-trainable parameter, count 2359296 with torch.Size([768, 3072])
09/16 08:34:12 AM: 	sent_encoder._text_field_embedder.model.encoder.layer.2.output.dense.bias: Non-trainable parameter, count 768 with torch.Size([768])
09/16 08:34:12 AM: 	sent_encoder._text_field_embedder.model.encoder.layer.2.output.LayerNorm.weight: Non-trainable parameter, count 768 with torch.Size([768])
09/16 08:34:12 AM: 	sent_encoder._text_field_embedder.model.encoder.layer.2.output.LayerNorm.bias: Non-trainable parameter, count 768 with torch.Size([768])
09/16 08:34:12 AM: 	sent_encoder._text_field_embedder.model.encoder.layer.3.attention.self.query.weight: Non-trainable parameter, count 589824 with torch.Size([768, 768])
09/16 08:34:12 AM: 	sent_encoder._text_field_embedder.model.encoder.layer.3.attention.self.query.bias: Non-trainable parameter, count 768 with torch.Size([768])
09/16 08:34:12 AM: 	sent_encoder._text_field_embedder.model.encoder.layer.3.attention.self.key.weight: Non-trainable parameter, count 589824 with torch.Size([768, 768])
09/16 08:34:12 AM: 	sent_encoder._text_field_embedder.model.encoder.layer.3.attention.self.key.bias: Non-trainable parameter, count 768 with torch.Size([768])
09/16 08:34:12 AM: 	sent_encoder._text_field_embedder.model.encoder.layer.3.attention.self.value.weight: Non-trainable parameter, count 589824 with torch.Size([768, 768])
09/16 08:34:12 AM: 	sent_encoder._text_field_embedder.model.encoder.layer.3.attention.self.value.bias: Non-trainable parameter, count 768 with torch.Size([768])
09/16 08:34:12 AM: 	sent_encoder._text_field_embedder.model.encoder.layer.3.attention.output.dense.weight: Non-trainable parameter, count 589824 with torch.Size([768, 768])
09/16 08:34:12 AM: 	sent_encoder._text_field_embedder.model.encoder.layer.3.attention.output.dense.bias: Non-trainable parameter, count 768 with torch.Size([768])
09/16 08:34:12 AM: 	sent_encoder._text_field_embedder.model.encoder.layer.3.attention.output.LayerNorm.weight: Non-trainable parameter, count 768 with torch.Size([768])
09/16 08:34:12 AM: 	sent_encoder._text_field_embedder.model.encoder.layer.3.attention.output.LayerNorm.bias: Non-trainable parameter, count 768 with torch.Size([768])
09/16 08:34:12 AM: 	sent_encoder._text_field_embedder.model.encoder.layer.3.intermediate.dense.weight: Non-trainable parameter, count 2359296 with torch.Size([3072, 768])
09/16 08:34:12 AM: 	sent_encoder._text_field_embedder.model.encoder.layer.3.intermediate.dense.bias: Non-trainable parameter, count 3072 with torch.Size([3072])
09/16 08:34:12 AM: 	sent_encoder._text_field_embedder.model.encoder.layer.3.output.dense.weight: Non-trainable parameter, count 2359296 with torch.Size([768, 3072])
09/16 08:34:12 AM: 	sent_encoder._text_field_embedder.model.encoder.layer.3.output.dense.bias: Non-trainable parameter, count 768 with torch.Size([768])
09/16 08:34:12 AM: 	sent_encoder._text_field_embedder.model.encoder.layer.3.output.LayerNorm.weight: Non-trainable parameter, count 768 with torch.Size([768])
09/16 08:34:12 AM: 	sent_encoder._text_field_embedder.model.encoder.layer.3.output.LayerNorm.bias: Non-trainable parameter, count 768 with torch.Size([768])
09/16 08:34:12 AM: 	sent_encoder._text_field_embedder.model.encoder.layer.4.attention.self.query.weight: Non-trainable parameter, count 589824 with torch.Size([768, 768])
09/16 08:34:12 AM: 	sent_encoder._text_field_embedder.model.encoder.layer.4.attention.self.query.bias: Non-trainable parameter, count 768 with torch.Size([768])
09/16 08:34:12 AM: 	sent_encoder._text_field_embedder.model.encoder.layer.4.attention.self.key.weight: Non-trainable parameter, count 589824 with torch.Size([768, 768])
09/16 08:34:12 AM: 	sent_encoder._text_field_embedder.model.encoder.layer.4.attention.self.key.bias: Non-trainable parameter, count 768 with torch.Size([768])
09/16 08:34:12 AM: 	sent_encoder._text_field_embedder.model.encoder.layer.4.attention.self.value.weight: Non-trainable parameter, count 589824 with torch.Size([768, 768])
09/16 08:34:12 AM: 	sent_encoder._text_field_embedder.model.encoder.layer.4.attention.self.value.bias: Non-trainable parameter, count 768 with torch.Size([768])
09/16 08:34:12 AM: 	sent_encoder._text_field_embedder.model.encoder.layer.4.attention.output.dense.weight: Non-trainable parameter, count 589824 with torch.Size([768, 768])
09/16 08:34:12 AM: 	sent_encoder._text_field_embedder.model.encoder.layer.4.attention.output.dense.bias: Non-trainable parameter, count 768 with torch.Size([768])
09/16 08:34:12 AM: 	sent_encoder._text_field_embedder.model.encoder.layer.4.attention.output.LayerNorm.weight: Non-trainable parameter, count 768 with torch.Size([768])
09/16 08:34:12 AM: 	sent_encoder._text_field_embedder.model.encoder.layer.4.attention.output.LayerNorm.bias: Non-trainable parameter, count 768 with torch.Size([768])
09/16 08:34:12 AM: 	sent_encoder._text_field_embedder.model.encoder.layer.4.intermediate.dense.weight: Non-trainable parameter, count 2359296 with torch.Size([3072, 768])
09/16 08:34:12 AM: 	sent_encoder._text_field_embedder.model.encoder.layer.4.intermediate.dense.bias: Non-trainable parameter, count 3072 with torch.Size([3072])
09/16 08:34:12 AM: 	sent_encoder._text_field_embedder.model.encoder.layer.4.output.dense.weight: Non-trainable parameter, count 2359296 with torch.Size([768, 3072])
09/16 08:34:12 AM: 	sent_encoder._text_field_embedder.model.encoder.layer.4.output.dense.bias: Non-trainable parameter, count 768 with torch.Size([768])
09/16 08:34:12 AM: 	sent_encoder._text_field_embedder.model.encoder.layer.4.output.LayerNorm.weight: Non-trainable parameter, count 768 with torch.Size([768])
09/16 08:34:12 AM: 	sent_encoder._text_field_embedder.model.encoder.layer.4.output.LayerNorm.bias: Non-trainable parameter, count 768 with torch.Size([768])
09/16 08:34:12 AM: 	sent_encoder._text_field_embedder.model.encoder.layer.5.attention.self.query.weight: Non-trainable parameter, count 589824 with torch.Size([768, 768])
09/16 08:34:12 AM: 	sent_encoder._text_field_embedder.model.encoder.layer.5.attention.self.query.bias: Non-trainable parameter, count 768 with torch.Size([768])
09/16 08:34:12 AM: 	sent_encoder._text_field_embedder.model.encoder.layer.5.attention.self.key.weight: Non-trainable parameter, count 589824 with torch.Size([768, 768])
09/16 08:34:12 AM: 	sent_encoder._text_field_embedder.model.encoder.layer.5.attention.self.key.bias: Non-trainable parameter, count 768 with torch.Size([768])
09/16 08:34:12 AM: 	sent_encoder._text_field_embedder.model.encoder.layer.5.attention.self.value.weight: Non-trainable parameter, count 589824 with torch.Size([768, 768])
09/16 08:34:12 AM: 	sent_encoder._text_field_embedder.model.encoder.layer.5.attention.self.value.bias: Non-trainable parameter, count 768 with torch.Size([768])
09/16 08:34:12 AM: 	sent_encoder._text_field_embedder.model.encoder.layer.5.attention.output.dense.weight: Non-trainable parameter, count 589824 with torch.Size([768, 768])
09/16 08:34:12 AM: 	sent_encoder._text_field_embedder.model.encoder.layer.5.attention.output.dense.bias: Non-trainable parameter, count 768 with torch.Size([768])
09/16 08:34:12 AM: 	sent_encoder._text_field_embedder.model.encoder.layer.5.attention.output.LayerNorm.weight: Non-trainable parameter, count 768 with torch.Size([768])
09/16 08:34:12 AM: 	sent_encoder._text_field_embedder.model.encoder.layer.5.attention.output.LayerNorm.bias: Non-trainable parameter, count 768 with torch.Size([768])
09/16 08:34:12 AM: 	sent_encoder._text_field_embedder.model.encoder.layer.5.intermediate.dense.weight: Non-trainable parameter, count 2359296 with torch.Size([3072, 768])
09/16 08:34:12 AM: 	sent_encoder._text_field_embedder.model.encoder.layer.5.intermediate.dense.bias: Non-trainable parameter, count 3072 with torch.Size([3072])
09/16 08:34:12 AM: 	sent_encoder._text_field_embedder.model.encoder.layer.5.output.dense.weight: Non-trainable parameter, count 2359296 with torch.Size([768, 3072])
09/16 08:34:12 AM: 	sent_encoder._text_field_embedder.model.encoder.layer.5.output.dense.bias: Non-trainable parameter, count 768 with torch.Size([768])
09/16 08:34:12 AM: 	sent_encoder._text_field_embedder.model.encoder.layer.5.output.LayerNorm.weight: Non-trainable parameter, count 768 with torch.Size([768])
09/16 08:34:12 AM: 	sent_encoder._text_field_embedder.model.encoder.layer.5.output.LayerNorm.bias: Non-trainable parameter, count 768 with torch.Size([768])
09/16 08:34:12 AM: 	sent_encoder._text_field_embedder.model.encoder.layer.6.attention.self.query.weight: Non-trainable parameter, count 589824 with torch.Size([768, 768])
09/16 08:34:12 AM: 	sent_encoder._text_field_embedder.model.encoder.layer.6.attention.self.query.bias: Non-trainable parameter, count 768 with torch.Size([768])
09/16 08:34:12 AM: 	sent_encoder._text_field_embedder.model.encoder.layer.6.attention.self.key.weight: Non-trainable parameter, count 589824 with torch.Size([768, 768])
09/16 08:34:12 AM: 	sent_encoder._text_field_embedder.model.encoder.layer.6.attention.self.key.bias: Non-trainable parameter, count 768 with torch.Size([768])
09/16 08:34:12 AM: 	sent_encoder._text_field_embedder.model.encoder.layer.6.attention.self.value.weight: Non-trainable parameter, count 589824 with torch.Size([768, 768])
09/16 08:34:12 AM: 	sent_encoder._text_field_embedder.model.encoder.layer.6.attention.self.value.bias: Non-trainable parameter, count 768 with torch.Size([768])
09/16 08:34:12 AM: 	sent_encoder._text_field_embedder.model.encoder.layer.6.attention.output.dense.weight: Non-trainable parameter, count 589824 with torch.Size([768, 768])
09/16 08:34:12 AM: 	sent_encoder._text_field_embedder.model.encoder.layer.6.attention.output.dense.bias: Non-trainable parameter, count 768 with torch.Size([768])
09/16 08:34:12 AM: 	sent_encoder._text_field_embedder.model.encoder.layer.6.attention.output.LayerNorm.weight: Non-trainable parameter, count 768 with torch.Size([768])
09/16 08:34:12 AM: 	sent_encoder._text_field_embedder.model.encoder.layer.6.attention.output.LayerNorm.bias: Non-trainable parameter, count 768 with torch.Size([768])
09/16 08:34:12 AM: 	sent_encoder._text_field_embedder.model.encoder.layer.6.intermediate.dense.weight: Non-trainable parameter, count 2359296 with torch.Size([3072, 768])
09/16 08:34:12 AM: 	sent_encoder._text_field_embedder.model.encoder.layer.6.intermediate.dense.bias: Non-trainable parameter, count 3072 with torch.Size([3072])
09/16 08:34:12 AM: 	sent_encoder._text_field_embedder.model.encoder.layer.6.output.dense.weight: Non-trainable parameter, count 2359296 with torch.Size([768, 3072])
09/16 08:34:12 AM: 	sent_encoder._text_field_embedder.model.encoder.layer.6.output.dense.bias: Non-trainable parameter, count 768 with torch.Size([768])
09/16 08:34:12 AM: 	sent_encoder._text_field_embedder.model.encoder.layer.6.output.LayerNorm.weight: Non-trainable parameter, count 768 with torch.Size([768])
09/16 08:34:12 AM: 	sent_encoder._text_field_embedder.model.encoder.layer.6.output.LayerNorm.bias: Non-trainable parameter, count 768 with torch.Size([768])
09/16 08:34:12 AM: 	sent_encoder._text_field_embedder.model.encoder.layer.7.attention.self.query.weight: Non-trainable parameter, count 589824 with torch.Size([768, 768])
09/16 08:34:12 AM: 	sent_encoder._text_field_embedder.model.encoder.layer.7.attention.self.query.bias: Non-trainable parameter, count 768 with torch.Size([768])
09/16 08:34:12 AM: 	sent_encoder._text_field_embedder.model.encoder.layer.7.attention.self.key.weight: Non-trainable parameter, count 589824 with torch.Size([768, 768])
09/16 08:34:12 AM: 	sent_encoder._text_field_embedder.model.encoder.layer.7.attention.self.key.bias: Non-trainable parameter, count 768 with torch.Size([768])
09/16 08:34:12 AM: 	sent_encoder._text_field_embedder.model.encoder.layer.7.attention.self.value.weight: Non-trainable parameter, count 589824 with torch.Size([768, 768])
09/16 08:34:12 AM: 	sent_encoder._text_field_embedder.model.encoder.layer.7.attention.self.value.bias: Non-trainable parameter, count 768 with torch.Size([768])
09/16 08:34:12 AM: 	sent_encoder._text_field_embedder.model.encoder.layer.7.attention.output.dense.weight: Non-trainable parameter, count 589824 with torch.Size([768, 768])
09/16 08:34:12 AM: 	sent_encoder._text_field_embedder.model.encoder.layer.7.attention.output.dense.bias: Non-trainable parameter, count 768 with torch.Size([768])
09/16 08:34:12 AM: 	sent_encoder._text_field_embedder.model.encoder.layer.7.attention.output.LayerNorm.weight: Non-trainable parameter, count 768 with torch.Size([768])
09/16 08:34:12 AM: 	sent_encoder._text_field_embedder.model.encoder.layer.7.attention.output.LayerNorm.bias: Non-trainable parameter, count 768 with torch.Size([768])
09/16 08:34:12 AM: 	sent_encoder._text_field_embedder.model.encoder.layer.7.intermediate.dense.weight: Non-trainable parameter, count 2359296 with torch.Size([3072, 768])
09/16 08:34:12 AM: 	sent_encoder._text_field_embedder.model.encoder.layer.7.intermediate.dense.bias: Non-trainable parameter, count 3072 with torch.Size([3072])
09/16 08:34:12 AM: 	sent_encoder._text_field_embedder.model.encoder.layer.7.output.dense.weight: Non-trainable parameter, count 2359296 with torch.Size([768, 3072])
09/16 08:34:12 AM: 	sent_encoder._text_field_embedder.model.encoder.layer.7.output.dense.bias: Non-trainable parameter, count 768 with torch.Size([768])
09/16 08:34:12 AM: 	sent_encoder._text_field_embedder.model.encoder.layer.7.output.LayerNorm.weight: Non-trainable parameter, count 768 with torch.Size([768])
09/16 08:34:12 AM: 	sent_encoder._text_field_embedder.model.encoder.layer.7.output.LayerNorm.bias: Non-trainable parameter, count 768 with torch.Size([768])
09/16 08:34:12 AM: 	sent_encoder._text_field_embedder.model.encoder.layer.8.attention.self.query.weight: Non-trainable parameter, count 589824 with torch.Size([768, 768])
09/16 08:34:12 AM: 	sent_encoder._text_field_embedder.model.encoder.layer.8.attention.self.query.bias: Non-trainable parameter, count 768 with torch.Size([768])
09/16 08:34:12 AM: 	sent_encoder._text_field_embedder.model.encoder.layer.8.attention.self.key.weight: Non-trainable parameter, count 589824 with torch.Size([768, 768])
09/16 08:34:12 AM: 	sent_encoder._text_field_embedder.model.encoder.layer.8.attention.self.key.bias: Non-trainable parameter, count 768 with torch.Size([768])
09/16 08:34:12 AM: 	sent_encoder._text_field_embedder.model.encoder.layer.8.attention.self.value.weight: Non-trainable parameter, count 589824 with torch.Size([768, 768])
09/16 08:34:12 AM: 	sent_encoder._text_field_embedder.model.encoder.layer.8.attention.self.value.bias: Non-trainable parameter, count 768 with torch.Size([768])
09/16 08:34:12 AM: 	sent_encoder._text_field_embedder.model.encoder.layer.8.attention.output.dense.weight: Non-trainable parameter, count 589824 with torch.Size([768, 768])
09/16 08:34:12 AM: 	sent_encoder._text_field_embedder.model.encoder.layer.8.attention.output.dense.bias: Non-trainable parameter, count 768 with torch.Size([768])
09/16 08:34:12 AM: 	sent_encoder._text_field_embedder.model.encoder.layer.8.attention.output.LayerNorm.weight: Non-trainable parameter, count 768 with torch.Size([768])
09/16 08:34:12 AM: 	sent_encoder._text_field_embedder.model.encoder.layer.8.attention.output.LayerNorm.bias: Non-trainable parameter, count 768 with torch.Size([768])
09/16 08:34:12 AM: 	sent_encoder._text_field_embedder.model.encoder.layer.8.intermediate.dense.weight: Non-trainable parameter, count 2359296 with torch.Size([3072, 768])
09/16 08:34:12 AM: 	sent_encoder._text_field_embedder.model.encoder.layer.8.intermediate.dense.bias: Non-trainable parameter, count 3072 with torch.Size([3072])
09/16 08:34:12 AM: 	sent_encoder._text_field_embedder.model.encoder.layer.8.output.dense.weight: Non-trainable parameter, count 2359296 with torch.Size([768, 3072])
09/16 08:34:12 AM: 	sent_encoder._text_field_embedder.model.encoder.layer.8.output.dense.bias: Non-trainable parameter, count 768 with torch.Size([768])
09/16 08:34:12 AM: 	sent_encoder._text_field_embedder.model.encoder.layer.8.output.LayerNorm.weight: Non-trainable parameter, count 768 with torch.Size([768])
09/16 08:34:12 AM: 	sent_encoder._text_field_embedder.model.encoder.layer.8.output.LayerNorm.bias: Non-trainable parameter, count 768 with torch.Size([768])
09/16 08:34:12 AM: 	sent_encoder._text_field_embedder.model.encoder.layer.9.attention.self.query.weight: Non-trainable parameter, count 589824 with torch.Size([768, 768])
09/16 08:34:12 AM: 	sent_encoder._text_field_embedder.model.encoder.layer.9.attention.self.query.bias: Non-trainable parameter, count 768 with torch.Size([768])
09/16 08:34:12 AM: 	sent_encoder._text_field_embedder.model.encoder.layer.9.attention.self.key.weight: Non-trainable parameter, count 589824 with torch.Size([768, 768])
09/16 08:34:12 AM: 	sent_encoder._text_field_embedder.model.encoder.layer.9.attention.self.key.bias: Non-trainable parameter, count 768 with torch.Size([768])
09/16 08:34:12 AM: 	sent_encoder._text_field_embedder.model.encoder.layer.9.attention.self.value.weight: Non-trainable parameter, count 589824 with torch.Size([768, 768])
09/16 08:34:12 AM: 	sent_encoder._text_field_embedder.model.encoder.layer.9.attention.self.value.bias: Non-trainable parameter, count 768 with torch.Size([768])
09/16 08:34:12 AM: 	sent_encoder._text_field_embedder.model.encoder.layer.9.attention.output.dense.weight: Non-trainable parameter, count 589824 with torch.Size([768, 768])
09/16 08:34:12 AM: 	sent_encoder._text_field_embedder.model.encoder.layer.9.attention.output.dense.bias: Non-trainable parameter, count 768 with torch.Size([768])
09/16 08:34:12 AM: 	sent_encoder._text_field_embedder.model.encoder.layer.9.attention.output.LayerNorm.weight: Non-trainable parameter, count 768 with torch.Size([768])
09/16 08:34:12 AM: 	sent_encoder._text_field_embedder.model.encoder.layer.9.attention.output.LayerNorm.bias: Non-trainable parameter, count 768 with torch.Size([768])
09/16 08:34:12 AM: 	sent_encoder._text_field_embedder.model.encoder.layer.9.intermediate.dense.weight: Non-trainable parameter, count 2359296 with torch.Size([3072, 768])
09/16 08:34:12 AM: 	sent_encoder._text_field_embedder.model.encoder.layer.9.intermediate.dense.bias: Non-trainable parameter, count 3072 with torch.Size([3072])
09/16 08:34:12 AM: 	sent_encoder._text_field_embedder.model.encoder.layer.9.output.dense.weight: Non-trainable parameter, count 2359296 with torch.Size([768, 3072])
09/16 08:34:12 AM: 	sent_encoder._text_field_embedder.model.encoder.layer.9.output.dense.bias: Non-trainable parameter, count 768 with torch.Size([768])
09/16 08:34:12 AM: 	sent_encoder._text_field_embedder.model.encoder.layer.9.output.LayerNorm.weight: Non-trainable parameter, count 768 with torch.Size([768])
09/16 08:34:12 AM: 	sent_encoder._text_field_embedder.model.encoder.layer.9.output.LayerNorm.bias: Non-trainable parameter, count 768 with torch.Size([768])
09/16 08:34:12 AM: 	sent_encoder._text_field_embedder.model.encoder.layer.10.attention.self.query.weight: Non-trainable parameter, count 589824 with torch.Size([768, 768])
09/16 08:34:12 AM: 	sent_encoder._text_field_embedder.model.encoder.layer.10.attention.self.query.bias: Non-trainable parameter, count 768 with torch.Size([768])
09/16 08:34:12 AM: 	sent_encoder._text_field_embedder.model.encoder.layer.10.attention.self.key.weight: Non-trainable parameter, count 589824 with torch.Size([768, 768])
09/16 08:34:12 AM: 	sent_encoder._text_field_embedder.model.encoder.layer.10.attention.self.key.bias: Non-trainable parameter, count 768 with torch.Size([768])
09/16 08:34:12 AM: 	sent_encoder._text_field_embedder.model.encoder.layer.10.attention.self.value.weight: Non-trainable parameter, count 589824 with torch.Size([768, 768])
09/16 08:34:12 AM: 	sent_encoder._text_field_embedder.model.encoder.layer.10.attention.self.value.bias: Non-trainable parameter, count 768 with torch.Size([768])
09/16 08:34:12 AM: 	sent_encoder._text_field_embedder.model.encoder.layer.10.attention.output.dense.weight: Non-trainable parameter, count 589824 with torch.Size([768, 768])
09/16 08:34:12 AM: 	sent_encoder._text_field_embedder.model.encoder.layer.10.attention.output.dense.bias: Non-trainable parameter, count 768 with torch.Size([768])
09/16 08:34:12 AM: 	sent_encoder._text_field_embedder.model.encoder.layer.10.attention.output.LayerNorm.weight: Non-trainable parameter, count 768 with torch.Size([768])
09/16 08:34:12 AM: 	sent_encoder._text_field_embedder.model.encoder.layer.10.attention.output.LayerNorm.bias: Non-trainable parameter, count 768 with torch.Size([768])
09/16 08:34:12 AM: 	sent_encoder._text_field_embedder.model.encoder.layer.10.intermediate.dense.weight: Non-trainable parameter, count 2359296 with torch.Size([3072, 768])
09/16 08:34:12 AM: 	sent_encoder._text_field_embedder.model.encoder.layer.10.intermediate.dense.bias: Non-trainable parameter, count 3072 with torch.Size([3072])
09/16 08:34:12 AM: 	sent_encoder._text_field_embedder.model.encoder.layer.10.output.dense.weight: Non-trainable parameter, count 2359296 with torch.Size([768, 3072])
09/16 08:34:12 AM: 	sent_encoder._text_field_embedder.model.encoder.layer.10.output.dense.bias: Non-trainable parameter, count 768 with torch.Size([768])
09/16 08:34:12 AM: 	sent_encoder._text_field_embedder.model.encoder.layer.10.output.LayerNorm.weight: Non-trainable parameter, count 768 with torch.Size([768])
09/16 08:34:12 AM: 	sent_encoder._text_field_embedder.model.encoder.layer.10.output.LayerNorm.bias: Non-trainable parameter, count 768 with torch.Size([768])
09/16 08:34:12 AM: 	sent_encoder._text_field_embedder.model.encoder.layer.11.attention.self.query.weight: Non-trainable parameter, count 589824 with torch.Size([768, 768])
09/16 08:34:12 AM: 	sent_encoder._text_field_embedder.model.encoder.layer.11.attention.self.query.bias: Non-trainable parameter, count 768 with torch.Size([768])
09/16 08:34:12 AM: 	sent_encoder._text_field_embedder.model.encoder.layer.11.attention.self.key.weight: Non-trainable parameter, count 589824 with torch.Size([768, 768])
09/16 08:34:12 AM: 	sent_encoder._text_field_embedder.model.encoder.layer.11.attention.self.key.bias: Non-trainable parameter, count 768 with torch.Size([768])
09/16 08:34:12 AM: 	sent_encoder._text_field_embedder.model.encoder.layer.11.attention.self.value.weight: Non-trainable parameter, count 589824 with torch.Size([768, 768])
09/16 08:34:12 AM: 	sent_encoder._text_field_embedder.model.encoder.layer.11.attention.self.value.bias: Non-trainable parameter, count 768 with torch.Size([768])
09/16 08:34:12 AM: 	sent_encoder._text_field_embedder.model.encoder.layer.11.attention.output.dense.weight: Non-trainable parameter, count 589824 with torch.Size([768, 768])
09/16 08:34:12 AM: 	sent_encoder._text_field_embedder.model.encoder.layer.11.attention.output.dense.bias: Non-trainable parameter, count 768 with torch.Size([768])
09/16 08:34:12 AM: 	sent_encoder._text_field_embedder.model.encoder.layer.11.attention.output.LayerNorm.weight: Non-trainable parameter, count 768 with torch.Size([768])
09/16 08:34:12 AM: 	sent_encoder._text_field_embedder.model.encoder.layer.11.attention.output.LayerNorm.bias: Non-trainable parameter, count 768 with torch.Size([768])
09/16 08:34:12 AM: 	sent_encoder._text_field_embedder.model.encoder.layer.11.intermediate.dense.weight: Non-trainable parameter, count 2359296 with torch.Size([3072, 768])
09/16 08:34:12 AM: 	sent_encoder._text_field_embedder.model.encoder.layer.11.intermediate.dense.bias: Non-trainable parameter, count 3072 with torch.Size([3072])
09/16 08:34:12 AM: 	sent_encoder._text_field_embedder.model.encoder.layer.11.output.dense.weight: Non-trainable parameter, count 2359296 with torch.Size([768, 3072])
09/16 08:34:12 AM: 	sent_encoder._text_field_embedder.model.encoder.layer.11.output.dense.bias: Non-trainable parameter, count 768 with torch.Size([768])
09/16 08:34:12 AM: 	sent_encoder._text_field_embedder.model.encoder.layer.11.output.LayerNorm.weight: Non-trainable parameter, count 768 with torch.Size([768])
09/16 08:34:12 AM: 	sent_encoder._text_field_embedder.model.encoder.layer.11.output.LayerNorm.bias: Non-trainable parameter, count 768 with torch.Size([768])
09/16 08:34:12 AM: 	sent_encoder._text_field_embedder.model.pooler.dense.weight: Non-trainable parameter, count 589824 with torch.Size([768, 768])
09/16 08:34:12 AM: 	sent_encoder._text_field_embedder.model.pooler.dense.bias: Non-trainable parameter, count 768 with torch.Size([768])
09/16 08:34:12 AM: 	edges-spr2_mdl.proj1.weight: Trainable parameter, count 196608 with torch.Size([256, 768, 1])
09/16 08:34:12 AM: 	edges-spr2_mdl.proj1.bias: Trainable parameter, count 256 with torch.Size([256])
09/16 08:34:12 AM: 	edges-spr2_mdl.proj2.weight: Trainable parameter, count 196608 with torch.Size([256, 768, 1])
09/16 08:34:12 AM: 	edges-spr2_mdl.proj2.bias: Trainable parameter, count 256 with torch.Size([256])
09/16 08:34:12 AM: 	edges-spr2_mdl.classifier.classifier.0.weight: Trainable parameter, count 262144 with torch.Size([256, 1024])
09/16 08:34:12 AM: 	edges-spr2_mdl.classifier.classifier.0.bias: Trainable parameter, count 256 with torch.Size([256])
09/16 08:34:12 AM: 	edges-spr2_mdl.classifier.classifier.2.weight: Trainable parameter, count 256 with torch.Size([256])
09/16 08:34:12 AM: 	edges-spr2_mdl.classifier.classifier.2.bias: Trainable parameter, count 256 with torch.Size([256])
09/16 08:34:12 AM: 	edges-spr2_mdl.classifier.classifier.4.weight: Trainable parameter, count 5120 with torch.Size([20, 256])
09/16 08:34:12 AM: 	edges-spr2_mdl.classifier.classifier.4.bias: Trainable parameter, count 20 with torch.Size([20])
09/16 08:34:12 AM: Total number of parameters: 110144020 (1.10144e+08)
09/16 08:34:12 AM: Number of trainable parameters: 661780 (661780)
09/16 08:34:12 AM: Finished building model in 16.931s
09/16 08:34:12 AM: Will run the following steps for this experiment:
Re-training model for individual target tasks 
Evaluating model on tasks: edges-spr2 

09/16 08:34:12 AM: patience = 9
09/16 08:34:12 AM: val_interval = 100
09/16 08:34:12 AM: max_vals = 100
09/16 08:34:12 AM: cuda_device = 0
09/16 08:34:12 AM: grad_norm = 5.0
09/16 08:34:12 AM: grad_clipping = None
09/16 08:34:12 AM: lr_decay = 0.99
09/16 08:34:12 AM: min_lr = 1e-06
09/16 08:34:12 AM: keep_all_checkpoints = 0
09/16 08:34:12 AM: val_data_limit = 5000
09/16 08:34:12 AM: max_epochs = -1
09/16 08:34:12 AM: dec_val_scale = 250
09/16 08:34:12 AM: training_data_fraction = 1
09/16 08:34:12 AM: type = adam
09/16 08:34:12 AM: parameter_groups = None
09/16 08:34:12 AM: Number of trainable parameters: 661780
09/16 08:34:12 AM: infer_type_and_cast = True
09/16 08:34:12 AM: Converting Params object to dict; logging of default values will not occur when dictionary parameters are used subsequently.
09/16 08:34:12 AM: CURRENTLY DEFINED PARAMETERS: 
09/16 08:34:12 AM: lr = 0.0001
09/16 08:34:12 AM: amsgrad = True
09/16 08:34:12 AM: type = reduce_on_plateau
09/16 08:34:12 AM: Converting Params object to dict; logging of default values will not occur when dictionary parameters are used subsequently.
09/16 08:34:12 AM: CURRENTLY DEFINED PARAMETERS: 
09/16 08:34:12 AM: mode = max
09/16 08:34:12 AM: factor = 0.5
09/16 08:34:12 AM: patience = 3
09/16 08:34:12 AM: threshold = 0.0001
09/16 08:34:12 AM: threshold_mode = abs
09/16 08:34:12 AM: verbose = True
09/16 08:34:12 AM: type = adam
09/16 08:34:12 AM: parameter_groups = None
09/16 08:34:12 AM: Number of trainable parameters: 661780
09/16 08:34:12 AM: infer_type_and_cast = True
09/16 08:34:12 AM: Converting Params object to dict; logging of default values will not occur when dictionary parameters are used subsequently.
09/16 08:34:12 AM: CURRENTLY DEFINED PARAMETERS: 
09/16 08:34:12 AM: lr = 0.0001
09/16 08:34:12 AM: amsgrad = True
09/16 08:34:12 AM: type = reduce_on_plateau
09/16 08:34:12 AM: Converting Params object to dict; logging of default values will not occur when dictionary parameters are used subsequently.
09/16 08:34:12 AM: CURRENTLY DEFINED PARAMETERS: 
09/16 08:34:12 AM: mode = max
09/16 08:34:12 AM: factor = 0.5
09/16 08:34:12 AM: patience = 3
09/16 08:34:12 AM: threshold = 0.0001
09/16 08:34:12 AM: threshold_mode = abs
09/16 08:34:12 AM: verbose = True
09/16 08:34:12 AM: Starting training without restoring from a checkpoint.
09/16 08:34:12 AM: Training examples per task, before any subsampling: {'edges-spr2': 2226}
09/16 08:34:12 AM: Beginning training with stopping criteria based on metric: edges-spr2_f1
09/16 08:34:16 AM: ***** Step 100 / Validation 1 *****
09/16 08:34:16 AM: edges-spr2: trained on 100 batches, 1.429 epochs
09/16 08:34:16 AM: Validating...
09/16 08:34:16 AM: Best result seen so far for edges-spr2.
09/16 08:34:16 AM: Best result seen so far for micro.
09/16 08:34:16 AM: Best result seen so far for macro.
09/16 08:34:16 AM: Updating LR scheduler:
09/16 08:34:16 AM: 	Best result seen so far for macro_avg: 0.786
09/16 08:34:16 AM: 	# validation passes without improvement: 0
09/16 08:34:16 AM: edges-spr2_loss: training: 0.390166 validation: 0.352612
09/16 08:34:16 AM: macro_avg: validation: 0.785820
09/16 08:34:16 AM: micro_avg: validation: 0.000000
09/16 08:34:16 AM: edges-spr2_mcc: training: 0.603481 validation: 0.674474
09/16 08:34:16 AM: edges-spr2_acc: training: 0.044692 validation: 0.073016
09/16 08:34:16 AM: edges-spr2_precision: training: 0.764781 validation: 0.840766
09/16 08:34:16 AM: edges-spr2_recall: training: 0.725133 validation: 0.737614
09/16 08:34:16 AM: edges-spr2_f1: training: 0.744430 validation: 0.785820
09/16 08:34:16 AM: Global learning rate: 0.0001
09/16 08:34:16 AM: Saving checkpoints to: ./experiments/spr2-mrpc-only/run
09/16 08:34:20 AM: ***** Step 200 / Validation 2 *****
09/16 08:34:20 AM: edges-spr2: trained on 100 batches, 1.429 epochs
09/16 08:34:20 AM: Validating...
09/16 08:34:20 AM: Best result seen so far for edges-spr2.
09/16 08:34:20 AM: Best result seen so far for macro.
09/16 08:34:20 AM: Updating LR scheduler:
09/16 08:34:20 AM: 	Best result seen so far for macro_avg: 0.798
09/16 08:34:20 AM: 	# validation passes without improvement: 0
09/16 08:34:20 AM: edges-spr2_loss: training: 0.320281 validation: 0.340117
09/16 08:34:20 AM: macro_avg: validation: 0.797680
09/16 08:34:20 AM: micro_avg: validation: 0.000000
09/16 08:34:20 AM: edges-spr2_mcc: training: 0.680146 validation: 0.688351
09/16 08:34:20 AM: edges-spr2_acc: training: 0.059328 validation: 0.076190
09/16 08:34:20 AM: edges-spr2_precision: training: 0.822863 validation: 0.838846
09/16 08:34:20 AM: edges-spr2_recall: training: 0.762978 validation: 0.760366
09/16 08:34:20 AM: edges-spr2_f1: training: 0.791789 validation: 0.797680
09/16 08:34:20 AM: Global learning rate: 0.0001
09/16 08:34:20 AM: Saving checkpoints to: ./experiments/spr2-mrpc-only/run
09/16 08:34:22 AM: Update 277: task edges-spr2, batch 77 (277): mcc: 0.6940, acc: 0.0715, precision: 0.8305, recall: 0.7737, f1: 0.8011, edges-spr2_loss: 0.3047
09/16 08:34:24 AM: ***** Step 300 / Validation 3 *****
09/16 08:34:24 AM: edges-spr2: trained on 100 batches, 1.429 epochs
09/16 08:34:24 AM: Validating...
09/16 08:34:24 AM: Updating LR scheduler:
09/16 08:34:24 AM: 	Best result seen so far for macro_avg: 0.798
09/16 08:34:24 AM: 	# validation passes without improvement: 1
09/16 08:34:24 AM: edges-spr2_loss: training: 0.304085 validation: 0.336026
09/16 08:34:24 AM: macro_avg: validation: 0.796240
09/16 08:34:24 AM: micro_avg: validation: 0.000000
09/16 08:34:24 AM: edges-spr2_mcc: training: 0.695695 validation: 0.687014
09/16 08:34:24 AM: edges-spr2_acc: training: 0.071216 validation: 0.077778
09/16 08:34:24 AM: edges-spr2_precision: training: 0.830444 validation: 0.840340
09/16 08:34:24 AM: edges-spr2_recall: training: 0.776530 validation: 0.756538
09/16 08:34:24 AM: edges-spr2_f1: training: 0.802582 validation: 0.796240
09/16 08:34:24 AM: Global learning rate: 0.0001
09/16 08:34:24 AM: Saving checkpoints to: ./experiments/spr2-mrpc-only/run
09/16 08:34:27 AM: ***** Step 400 / Validation 4 *****
09/16 08:34:27 AM: edges-spr2: trained on 100 batches, 1.429 epochs
09/16 08:34:27 AM: Validating...
09/16 08:34:28 AM: Best result seen so far for edges-spr2.
09/16 08:34:28 AM: Best result seen so far for macro.
09/16 08:34:28 AM: Updating LR scheduler:
09/16 08:34:28 AM: 	Best result seen so far for macro_avg: 0.800
09/16 08:34:28 AM: 	# validation passes without improvement: 0
09/16 08:34:28 AM: edges-spr2_loss: training: 0.291789 validation: 0.337774
09/16 08:34:28 AM: macro_avg: validation: 0.799776
09/16 08:34:28 AM: micro_avg: validation: 0.000000
09/16 08:34:28 AM: edges-spr2_mcc: training: 0.708886 validation: 0.692409
09/16 08:34:28 AM: edges-spr2_acc: training: 0.077542 validation: 0.069841
09/16 08:34:28 AM: edges-spr2_precision: training: 0.834340 validation: 0.843757
09/16 08:34:28 AM: edges-spr2_recall: training: 0.790669 validation: 0.760153
09/16 08:34:28 AM: edges-spr2_f1: training: 0.811918 validation: 0.799776
09/16 08:34:28 AM: Global learning rate: 0.0001
09/16 08:34:28 AM: Saving checkpoints to: ./experiments/spr2-mrpc-only/run
09/16 08:34:31 AM: ***** Step 500 / Validation 5 *****
09/16 08:34:31 AM: edges-spr2: trained on 100 batches, 1.429 epochs
09/16 08:34:31 AM: Validating...
09/16 08:34:32 AM: Best result seen so far for edges-spr2.
09/16 08:34:32 AM: Best result seen so far for macro.
09/16 08:34:32 AM: Updating LR scheduler:
09/16 08:34:32 AM: 	Best result seen so far for macro_avg: 0.802
09/16 08:34:32 AM: 	# validation passes without improvement: 0
09/16 08:34:32 AM: edges-spr2_loss: training: 0.283758 validation: 0.336724
09/16 08:34:32 AM: macro_avg: validation: 0.802205
09/16 08:34:32 AM: micro_avg: validation: 0.000000
09/16 08:34:32 AM: edges-spr2_mcc: training: 0.716489 validation: 0.692381
09/16 08:34:32 AM: edges-spr2_acc: training: 0.083771 validation: 0.069841
09/16 08:34:32 AM: edges-spr2_precision: training: 0.837665 validation: 0.833066
09/16 08:34:32 AM: edges-spr2_recall: training: 0.798173 validation: 0.773549
09/16 08:34:32 AM: edges-spr2_f1: training: 0.817442 validation: 0.802205
09/16 08:34:32 AM: Global learning rate: 0.0001
09/16 08:34:32 AM: Saving checkpoints to: ./experiments/spr2-mrpc-only/run
09/16 08:34:32 AM: Update 524: task edges-spr2, batch 24 (524): mcc: 0.7204, acc: 0.0747, precision: 0.8396, recall: 0.8006, f1: 0.8196, edges-spr2_loss: 0.2798
09/16 08:34:35 AM: ***** Step 600 / Validation 6 *****
09/16 08:34:35 AM: edges-spr2: trained on 100 batches, 1.429 epochs
09/16 08:34:35 AM: Validating...
09/16 08:34:35 AM: Best result seen so far for edges-spr2.
09/16 08:34:35 AM: Best result seen so far for macro.
09/16 08:34:35 AM: Updating LR scheduler:
09/16 08:34:35 AM: 	Best result seen so far for macro_avg: 0.804
09/16 08:34:35 AM: 	# validation passes without improvement: 0
09/16 08:34:35 AM: edges-spr2_loss: training: 0.276957 validation: 0.338441
09/16 08:34:35 AM: macro_avg: validation: 0.803546
09/16 08:34:35 AM: micro_avg: validation: 0.000000
09/16 08:34:35 AM: edges-spr2_mcc: training: 0.724273 validation: 0.692689
09/16 08:34:35 AM: edges-spr2_acc: training: 0.090166 validation: 0.066667
09/16 08:34:35 AM: edges-spr2_precision: training: 0.841169 validation: 0.827921
09/16 08:34:35 AM: edges-spr2_recall: training: 0.804590 validation: 0.780566
09/16 08:34:35 AM: edges-spr2_f1: training: 0.822473 validation: 0.803546
09/16 08:34:35 AM: Global learning rate: 0.0001
09/16 08:34:35 AM: Saving checkpoints to: ./experiments/spr2-mrpc-only/run
09/16 08:34:38 AM: ***** Step 700 / Validation 7 *****
09/16 08:34:38 AM: edges-spr2: trained on 100 batches, 1.429 epochs
09/16 08:34:38 AM: Validating...
09/16 08:34:39 AM: Updating LR scheduler:
09/16 08:34:39 AM: 	Best result seen so far for macro_avg: 0.804
09/16 08:34:39 AM: 	# validation passes without improvement: 1
09/16 08:34:39 AM: edges-spr2_loss: training: 0.269948 validation: 0.342111
09/16 08:34:39 AM: macro_avg: validation: 0.799429
09/16 08:34:39 AM: micro_avg: validation: 0.000000
09/16 08:34:39 AM: edges-spr2_mcc: training: 0.732561 validation: 0.687106
09/16 08:34:39 AM: edges-spr2_acc: training: 0.085781 validation: 0.076190
09/16 08:34:39 AM: edges-spr2_precision: training: 0.844653 validation: 0.826858
09/16 08:34:39 AM: edges-spr2_recall: training: 0.812603 validation: 0.773761
09/16 08:34:39 AM: edges-spr2_f1: training: 0.828318 validation: 0.799429
09/16 08:34:39 AM: Global learning rate: 0.0001
09/16 08:34:39 AM: Saving checkpoints to: ./experiments/spr2-mrpc-only/run
09/16 08:34:42 AM: Update 793: task edges-spr2, batch 93 (793): mcc: 0.7367, acc: 0.0964, precision: 0.8465, recall: 0.8157, f1: 0.8308, edges-spr2_loss: 0.2660
09/16 08:34:43 AM: ***** Step 800 / Validation 8 *****
09/16 08:34:43 AM: edges-spr2: trained on 100 batches, 1.429 epochs
09/16 08:34:43 AM: Validating...
09/16 08:34:43 AM: Updating LR scheduler:
09/16 08:34:43 AM: 	Best result seen so far for macro_avg: 0.804
09/16 08:34:43 AM: 	# validation passes without improvement: 2
09/16 08:34:43 AM: edges-spr2_loss: training: 0.264717 validation: 0.343617
09/16 08:34:43 AM: macro_avg: validation: 0.801811
09/16 08:34:43 AM: micro_avg: validation: 0.000000
09/16 08:34:43 AM: edges-spr2_mcc: training: 0.738185 validation: 0.692126
09/16 08:34:43 AM: edges-spr2_acc: training: 0.095537 validation: 0.073016
09/16 08:34:43 AM: edges-spr2_precision: training: 0.847835 validation: 0.833946
09/16 08:34:43 AM: edges-spr2_recall: training: 0.816513 validation: 0.772060
09/16 08:34:43 AM: edges-spr2_f1: training: 0.831879 validation: 0.801811
09/16 08:34:43 AM: Global learning rate: 0.0001
09/16 08:34:43 AM: Saving checkpoints to: ./experiments/spr2-mrpc-only/run
09/16 08:34:46 AM: ***** Step 900 / Validation 9 *****
09/16 08:34:46 AM: edges-spr2: trained on 100 batches, 1.429 epochs
09/16 08:34:46 AM: Validating...
09/16 08:34:47 AM: Updating LR scheduler:
09/16 08:34:47 AM: 	Best result seen so far for macro_avg: 0.804
09/16 08:34:47 AM: 	# validation passes without improvement: 3
09/16 08:34:47 AM: edges-spr2_loss: training: 0.260860 validation: 0.348334
09/16 08:34:47 AM: macro_avg: validation: 0.798989
09/16 08:34:47 AM: micro_avg: validation: 0.000000
09/16 08:34:47 AM: edges-spr2_mcc: training: 0.738629 validation: 0.686418
09/16 08:34:47 AM: edges-spr2_acc: training: 0.095245 validation: 0.069841
09/16 08:34:47 AM: edges-spr2_precision: training: 0.848096 validation: 0.826403
09/16 08:34:47 AM: edges-spr2_recall: training: 0.816271 validation: 0.773336
09/16 08:34:47 AM: edges-spr2_f1: training: 0.831880 validation: 0.798989
09/16 08:34:47 AM: Global learning rate: 0.0001
09/16 08:34:47 AM: Saving checkpoints to: ./experiments/spr2-mrpc-only/run
09/16 08:34:51 AM: ***** Step 1000 / Validation 10 *****
09/16 08:34:51 AM: edges-spr2: trained on 100 batches, 1.429 epochs
09/16 08:34:51 AM: Validating...
09/16 08:34:51 AM: Updating LR scheduler:
09/16 08:34:51 AM: 	Best result seen so far for macro_avg: 0.804
09/16 08:34:51 AM: 	# validation passes without improvement: 0
09/16 08:34:51 AM: edges-spr2_loss: training: 0.258594 validation: 0.349291
09/16 08:34:51 AM: macro_avg: validation: 0.791219
09/16 08:34:51 AM: micro_avg: validation: 0.000000
09/16 08:34:51 AM: edges-spr2_mcc: training: 0.743671 validation: 0.676690
09/16 08:34:51 AM: edges-spr2_acc: training: 0.107410 validation: 0.069841
09/16 08:34:51 AM: edges-spr2_precision: training: 0.851900 validation: 0.826691
09/16 08:34:51 AM: edges-spr2_recall: training: 0.820468 validation: 0.758665
09/16 08:34:51 AM: edges-spr2_f1: training: 0.835889 validation: 0.791219
09/16 08:34:51 AM: Global learning rate: 5e-05
09/16 08:34:51 AM: Saving checkpoints to: ./experiments/spr2-mrpc-only/run
09/16 08:34:52 AM: Update 1048: task edges-spr2, batch 48 (1048): mcc: 0.7522, acc: 0.1035, precision: 0.8554, recall: 0.8265, f1: 0.8407, edges-spr2_loss: 0.2523
09/16 08:34:54 AM: ***** Step 1100 / Validation 11 *****
09/16 08:34:54 AM: edges-spr2: trained on 100 batches, 1.429 epochs
09/16 08:34:54 AM: Validating...
09/16 08:34:55 AM: Updating LR scheduler:
09/16 08:34:55 AM: 	Best result seen so far for macro_avg: 0.804
09/16 08:34:55 AM: 	# validation passes without improvement: 1
09/16 08:34:55 AM: edges-spr2_loss: training: 0.250456 validation: 0.349225
09/16 08:34:55 AM: macro_avg: validation: 0.798292
09/16 08:34:55 AM: micro_avg: validation: 0.000000
09/16 08:34:55 AM: edges-spr2_mcc: training: 0.752916 validation: 0.684573
09/16 08:34:55 AM: edges-spr2_acc: training: 0.106219 validation: 0.063492
09/16 08:34:55 AM: edges-spr2_precision: training: 0.854911 validation: 0.822985
09/16 08:34:55 AM: edges-spr2_recall: training: 0.828446 validation: 0.775037
09/16 08:34:55 AM: edges-spr2_f1: training: 0.841471 validation: 0.798292
09/16 08:34:55 AM: Global learning rate: 5e-05
09/16 08:34:55 AM: Saving checkpoints to: ./experiments/spr2-mrpc-only/run
09/16 08:34:59 AM: ***** Step 1200 / Validation 12 *****
09/16 08:34:59 AM: edges-spr2: trained on 100 batches, 1.429 epochs
09/16 08:34:59 AM: Validating...
09/16 08:34:59 AM: Updating LR scheduler:
09/16 08:34:59 AM: 	Best result seen so far for macro_avg: 0.804
09/16 08:34:59 AM: 	# validation passes without improvement: 2
09/16 08:34:59 AM: edges-spr2_loss: training: 0.250779 validation: 0.350293
09/16 08:34:59 AM: macro_avg: validation: 0.799567
09/16 08:34:59 AM: micro_avg: validation: 0.000000
09/16 08:34:59 AM: edges-spr2_mcc: training: 0.754159 validation: 0.683861
09/16 08:34:59 AM: edges-spr2_acc: training: 0.114338 validation: 0.060317
09/16 08:34:59 AM: edges-spr2_precision: training: 0.856962 validation: 0.814194
09/16 08:34:59 AM: edges-spr2_recall: training: 0.828276 validation: 0.785456
09/16 08:34:59 AM: edges-spr2_f1: training: 0.842375 validation: 0.799567
09/16 08:34:59 AM: Global learning rate: 5e-05
09/16 08:34:59 AM: Saving checkpoints to: ./experiments/spr2-mrpc-only/run
09/16 08:35:02 AM: Update 1291: task edges-spr2, batch 91 (1291): mcc: 0.7592, acc: 0.1160, precision: 0.8605, recall: 0.8310, f1: 0.8455, edges-spr2_loss: 0.2470
09/16 08:35:03 AM: ***** Step 1300 / Validation 13 *****
09/16 08:35:03 AM: edges-spr2: trained on 100 batches, 1.429 epochs
09/16 08:35:03 AM: Validating...
09/16 08:35:03 AM: Updating LR scheduler:
09/16 08:35:03 AM: 	Best result seen so far for macro_avg: 0.804
09/16 08:35:03 AM: 	# validation passes without improvement: 3
09/16 08:35:03 AM: edges-spr2_loss: training: 0.247375 validation: 0.354610
09/16 08:35:03 AM: macro_avg: validation: 0.794353
09/16 08:35:03 AM: micro_avg: validation: 0.000000
09/16 08:35:03 AM: edges-spr2_mcc: training: 0.758986 validation: 0.678258
09/16 08:35:03 AM: edges-spr2_acc: training: 0.113833 validation: 0.057143
09/16 08:35:03 AM: edges-spr2_precision: training: 0.860094 validation: 0.818448
09/16 08:35:03 AM: edges-spr2_recall: training: 0.830785 validation: 0.771635
09/16 08:35:03 AM: edges-spr2_f1: training: 0.845185 validation: 0.794353
09/16 08:35:03 AM: Global learning rate: 5e-05
09/16 08:35:03 AM: Saving checkpoints to: ./experiments/spr2-mrpc-only/run
09/16 08:35:06 AM: ***** Step 1400 / Validation 14 *****
09/16 08:35:06 AM: edges-spr2: trained on 100 batches, 1.429 epochs
09/16 08:35:06 AM: Validating...
09/16 08:35:07 AM: Updating LR scheduler:
09/16 08:35:07 AM: 	Best result seen so far for macro_avg: 0.804
09/16 08:35:07 AM: 	# validation passes without improvement: 0
09/16 08:35:07 AM: edges-spr2_loss: training: 0.245853 validation: 0.354404
09/16 08:35:07 AM: macro_avg: validation: 0.792785
09/16 08:35:07 AM: micro_avg: validation: 0.000000
09/16 08:35:07 AM: edges-spr2_mcc: training: 0.758690 validation: 0.677030
09/16 08:35:07 AM: edges-spr2_acc: training: 0.118557 validation: 0.052381
09/16 08:35:07 AM: edges-spr2_precision: training: 0.859471 validation: 0.821144
09/16 08:35:07 AM: edges-spr2_recall: training: 0.831935 validation: 0.766319
09/16 08:35:07 AM: edges-spr2_f1: training: 0.845479 validation: 0.792785
09/16 08:35:07 AM: Global learning rate: 2.5e-05
09/16 08:35:07 AM: Saving checkpoints to: ./experiments/spr2-mrpc-only/run
09/16 08:35:11 AM: ***** Step 1500 / Validation 15 *****
09/16 08:35:11 AM: edges-spr2: trained on 100 batches, 1.429 epochs
09/16 08:35:11 AM: Validating...
09/16 08:35:11 AM: Updating LR scheduler:
09/16 08:35:11 AM: 	Best result seen so far for macro_avg: 0.804
09/16 08:35:11 AM: 	# validation passes without improvement: 1
09/16 08:35:11 AM: edges-spr2_loss: training: 0.242846 validation: 0.354928
09/16 08:35:11 AM: macro_avg: validation: 0.798657
09/16 08:35:11 AM: micro_avg: validation: 0.000000
09/16 08:35:11 AM: edges-spr2_mcc: training: 0.761028 validation: 0.682592
09/16 08:35:11 AM: edges-spr2_acc: training: 0.121699 validation: 0.055556
09/16 08:35:11 AM: edges-spr2_precision: training: 0.861740 validation: 0.813907
09/16 08:35:11 AM: edges-spr2_recall: training: 0.832596 validation: 0.783968
09/16 08:35:11 AM: edges-spr2_f1: training: 0.846918 validation: 0.798657
09/16 08:35:11 AM: Global learning rate: 2.5e-05
09/16 08:35:11 AM: Saving checkpoints to: ./experiments/spr2-mrpc-only/run
09/16 08:35:13 AM: Update 1541: task edges-spr2, batch 41 (1541): mcc: 0.7599, acc: 0.1135, precision: 0.8582, recall: 0.8335, f1: 0.8457, edges-spr2_loss: 0.2455
09/16 08:35:14 AM: ***** Step 1600 / Validation 16 *****
09/16 08:35:14 AM: edges-spr2: trained on 100 batches, 1.429 epochs
09/16 08:35:14 AM: Validating...
09/16 08:35:14 AM: Updating LR scheduler:
09/16 08:35:14 AM: 	Best result seen so far for macro_avg: 0.804
09/16 08:35:14 AM: 	# validation passes without improvement: 2
09/16 08:35:14 AM: Ran out of early stopping patience. Stopping training.
09/16 08:35:14 AM: edges-spr2_loss: training: 0.243942 validation: 0.355189
09/16 08:35:14 AM: macro_avg: validation: 0.794613
09/16 08:35:14 AM: micro_avg: validation: 0.000000
09/16 08:35:14 AM: edges-spr2_mcc: training: 0.760821 validation: 0.676853
09/16 08:35:14 AM: edges-spr2_acc: training: 0.118883 validation: 0.050794
09/16 08:35:14 AM: edges-spr2_precision: training: 0.860376 validation: 0.812167
09/16 08:35:14 AM: edges-spr2_recall: training: 0.833103 validation: 0.777801
09/16 08:35:14 AM: edges-spr2_f1: training: 0.846520 validation: 0.794613
09/16 08:35:14 AM: Global learning rate: 2.5e-05
09/16 08:35:14 AM: Saving checkpoints to: ./experiments/spr2-mrpc-only/run
09/16 08:35:14 AM: Stopped training after 16 validation checks
09/16 08:35:14 AM: Trained edges-spr2 for 1600 batches or 22.857 epochs
09/16 08:35:14 AM: ***** VALIDATION RESULTS *****
09/16 08:35:14 AM: edges-spr2_f1 (for best val pass 6): edges-spr2_loss: 0.33844, macro_avg: 0.80355, micro_avg: 0.00000, edges-spr2_mcc: 0.69269, edges-spr2_acc: 0.06667, edges-spr2_precision: 0.82792, edges-spr2_recall: 0.78057, edges-spr2_f1: 0.80355
09/16 08:35:14 AM: micro_avg (for best val pass 1): edges-spr2_loss: 0.35261, macro_avg: 0.78582, micro_avg: 0.00000, edges-spr2_mcc: 0.67447, edges-spr2_acc: 0.07302, edges-spr2_precision: 0.84077, edges-spr2_recall: 0.73761, edges-spr2_f1: 0.78582
09/16 08:35:14 AM: macro_avg (for best val pass 6): edges-spr2_loss: 0.33844, macro_avg: 0.80355, micro_avg: 0.00000, edges-spr2_mcc: 0.69269, edges-spr2_acc: 0.06667, edges-spr2_precision: 0.82792, edges-spr2_recall: 0.78057, edges-spr2_f1: 0.80355
09/16 08:35:14 AM: Evaluating...
09/16 08:35:14 AM: Loaded model state from ./experiments/spr2-mrpc-only/run/edges-spr2/model_state_target_train_val_6.best.th
09/16 08:35:14 AM: Evaluating on: edges-spr2, split: val
09/16 08:35:15 AM: Task 'edges-spr2': sorting predictions by 'idx'
09/16 08:35:15 AM: Finished evaluating on: edges-spr2
09/16 08:35:15 AM: Task 'edges-spr2': joining predictions with input split 'val'
09/16 08:35:15 AM: Task 'edges-spr2': Wrote predictions to ./experiments/spr2-mrpc-only/run
09/16 08:35:15 AM: Wrote all preds for split 'val' to ./experiments/spr2-mrpc-only/run
09/16 08:35:15 AM: Evaluating on: edges-spr2, split: test
09/16 08:35:15 AM: Task 'edges-spr2': sorting predictions by 'idx'
09/16 08:35:15 AM: Finished evaluating on: edges-spr2
09/16 08:35:15 AM: Task 'edges-spr2': joining predictions with input split 'test'
09/16 08:35:15 AM: Task 'edges-spr2': Wrote predictions to ./experiments/spr2-mrpc-only/run
09/16 08:35:15 AM: Wrote all preds for split 'test' to ./experiments/spr2-mrpc-only/run
09/16 08:35:15 AM: Writing results for split 'val' to ./experiments/spr2-mrpc-only/results.tsv
09/16 08:35:15 AM: micro_avg: 0.000, macro_avg: 0.804, edges-spr2_mcc: 0.693, edges-spr2_acc: 0.067, edges-spr2_precision: 0.828, edges-spr2_recall: 0.781, edges-spr2_f1: 0.804
09/16 08:35:15 AM: Done!
09/16 08:35:15 AM: Fatal error in main():
Traceback (most recent call last):
  File "main.py", line 16, in <module>
    main(sys.argv[1:])
  File "/srv/home/ericwallace/jiant/jiant/__main__.py", line 610, in main
    exit("Done exited")
  File "/home/ericwallace/miniconda3/envs/jiant/lib/python3.6/_sitebuiltins.py", line 26, in __call__
    raise SystemExit(code)
SystemExit: Done exited
