09/16 08:38:59 AM: Git branch: master
09/16 08:38:59 AM: Git SHA: 1f47e9f0cf1d882ab41f98d47f94e0f8258db16b
09/16 08:39:00 AM: Parsed args: 
{
  "allow_missing_task_map": 1,
  "allow_untrained_encoder_parameters": 1,
  "do_pretrain": 0,
  "exp_dir": "./experiments/spr2-agnews-top/",
  "exp_name": "experiments/spr2-agnews-top",
  "input_module": "bert-base-uncased",
  "local_log_path": "./experiments/spr2-agnews-top/run/log.log",
  "lr_patience": 3,
  "max_seq_len": 512,
  "output_mode": "top",
  "patience": 9,
  "pretrain_tasks": "",
  "pretrained_dir": "models/agnews",
  "pytorch_transformers_output_mode": "top",
  "remote_log_name": "experiments/spr2-agnews-top__run",
  "run_dir": "./experiments/spr2-agnews-top/run",
  "run_name": "run",
  "sent_enc": "none",
  "sep_embs_for_skip": 1,
  "target_tasks": "edges-spr2",
  "tokenizer": "bert-base-uncased",
  "write_preds": "val,test"
}
09/16 08:39:00 AM: Saved config to ./experiments/spr2-agnews-top/run/params.conf
09/16 08:39:00 AM: Using random seed 1234
09/16 08:39:01 AM: Using GPU 0
09/16 08:39:01 AM: Loading tasks...
09/16 08:39:01 AM: Writing pre-preprocessed tasks to ./experiments/spr2-agnews-top/
09/16 08:39:01 AM: 	Creating task edges-spr2 from scratch.
09/16 08:39:01 AM: Read=2226, Skip=0, Total=2226 from ./probing_data/edges/spr2/edges.train.json.retokenized.bert-base-uncased
09/16 08:39:01 AM: Read=291, Skip=0, Total=291 from ./probing_data/edges/spr2/edges.dev.json.retokenized.bert-base-uncased
09/16 08:39:02 AM: Read=276, Skip=0, Total=276 from ./probing_data/edges/spr2/edges.test.json.retokenized.bert-base-uncased
09/16 08:39:02 AM: 	Task 'edges-spr2': |train|=2226 |val|=291 |test|=276
09/16 08:39:02 AM: 	Finished loading tasks: edges-spr2.
09/16 08:39:02 AM: 	Building vocab from scratch.
09/16 08:39:02 AM: 	Counting units for task edges-spr2.
09/16 08:39:02 AM: 	Task 'edges-spr2': adding vocab namespace 'edges-spr2_labels'
09/16 08:39:03 AM: loading file https://s3.amazonaws.com/models.huggingface.co/bert/bert-base-uncased-vocab.txt from cache at /home/ericwallace/.cache/torch/pytorch_transformers/26bc1ad6c0ac742e9b52263248f6d0f00068293b33709fae12320c0e35ccfbbb.542ce4285a40d23a559526243235df47c5f75c197f04f37d1a0c124c32c9a084
09/16 08:39:03 AM: Added pytorch_transformers vocab (bert-base-uncased): 30522 tokens
09/16 08:39:03 AM: 	Saved vocab to ./experiments/spr2-agnews-top/vocab
09/16 08:39:03 AM: Loading token dictionary from ./experiments/spr2-agnews-top/vocab.
09/16 08:39:03 AM: 	Loaded vocab from ./experiments/spr2-agnews-top/vocab
09/16 08:39:03 AM: 	Vocab namespace tokens: size 7943
09/16 08:39:03 AM: 	Vocab namespace edges-spr2_labels: size 20
09/16 08:39:03 AM: 	Vocab namespace bert_uncased: size 30524
09/16 08:39:03 AM: 	Vocab namespace chars: size 65
09/16 08:39:03 AM: 	Finished building vocab.
09/16 08:39:03 AM: 	Task edges-spr2 (train): Indexing from scratch.
09/16 08:39:04 AM: 	Task edges-spr2 (train): Saved 2226 instances to ./experiments/spr2-agnews-top/preproc/edges-spr2__train_data
09/16 08:39:04 AM: 	Task edges-spr2 (val): Indexing from scratch.
09/16 08:39:04 AM: 	Task edges-spr2 (val): Saved 291 instances to ./experiments/spr2-agnews-top/preproc/edges-spr2__val_data
09/16 08:39:04 AM: 	Task edges-spr2 (test): Indexing from scratch.
09/16 08:39:04 AM: 	Task edges-spr2 (test): Saved 276 instances to ./experiments/spr2-agnews-top/preproc/edges-spr2__test_data
09/16 08:39:04 AM: 	Finished indexing tasks
09/16 08:39:04 AM: 	Creating trimmed target-only version of edges-spr2 train.
09/16 08:39:04 AM: 	  Training on 
09/16 08:39:04 AM: 	  Evaluating on edges-spr2
09/16 08:39:04 AM: 	Finished loading tasks in 2.246s
09/16 08:39:04 AM: 	 Tasks: ['edges-spr2']
09/16 08:39:04 AM: Building model...
09/16 08:39:04 AM: Using BERT model (bert-base-uncased).
09/16 08:39:04 AM: LOADING A FUNETUNED MODEL from: 
09/16 08:39:04 AM: models/agnews
09/16 08:39:04 AM: Model name 'models/agnews' was not found in model name list (bert-base-uncased, bert-large-uncased, bert-base-cased, bert-large-cased, bert-base-multilingual-uncased, bert-base-multilingual-cased, bert-base-chinese, bert-base-german-cased, bert-large-uncased-whole-word-masking, bert-large-cased-whole-word-masking, bert-large-uncased-whole-word-masking-finetuned-squad, bert-large-cased-whole-word-masking-finetuned-squad, bert-base-cased-finetuned-mrpc). We assumed 'models/agnews' was a path or url but couldn't find any file associated to this path or url.
09/16 08:39:04 AM: Fatal error in main():
Traceback (most recent call last):
  File "main.py", line 16, in <module>
    main(sys.argv[1:])
  File "/srv/home/ericwallace/jiant/jiant/__main__.py", line 510, in main
    model = build_model(args, vocab, word_embs, tasks)
  File "/srv/home/ericwallace/jiant/jiant/models.py", line 237, in build_model
    embedder = BertEmbedderModule(args)
  File "/srv/home/ericwallace/jiant/jiant/pytorch_transformers_interface/modules.py", line 270, in __init__
    args.pretrained_dir, cache_dir=self.cache_dir, output_hidden_states=True
  File "/home/ericwallace/miniconda3/envs/jiant/lib/python3.6/site-packages/pytorch_transformers/modeling_utils.py", line 492, in from_pretrained
    **kwargs
  File "/home/ericwallace/miniconda3/envs/jiant/lib/python3.6/site-packages/pytorch_transformers/modeling_utils.py", line 194, in from_pretrained
    raise e
  File "/home/ericwallace/miniconda3/envs/jiant/lib/python3.6/site-packages/pytorch_transformers/modeling_utils.py", line 180, in from_pretrained
    resolved_config_file = cached_path(config_file, cache_dir=cache_dir, force_download=force_download, proxies=proxies)
  File "/home/ericwallace/miniconda3/envs/jiant/lib/python3.6/site-packages/pytorch_transformers/file_utils.py", line 124, in cached_path
    raise EnvironmentError("file {} not found".format(url_or_filename))
OSError: file models/agnews not found
