09/16 12:22:32 PM: Git branch: master
09/16 12:22:32 PM: Git SHA: ce97551376ebcff91ec7c178ddad0ca53f8fcb03
09/16 12:22:33 PM: Parsed args: 
{
  "allow_missing_task_map": 1,
  "allow_untrained_encoder_parameters": 1,
  "do_pretrain": 0,
  "exp_dir": "./experiments/pos-ontonotes-rte-only/",
  "exp_name": "experiments/pos-ontonotes-rte-only",
  "input_module": "bert-base-uncased",
  "local_log_path": "./experiments/pos-ontonotes-rte-only/run/log.log",
  "lr_patience": 3,
  "max_seq_len": 512,
  "output_mode": "top",
  "patience": 9,
  "pretrain_tasks": "",
  "pretrained_dir": "models/rte",
  "pytorch_transformers_output_mode": "only",
  "remote_log_name": "experiments/pos-ontonotes-rte-only__run",
  "run_dir": "./experiments/pos-ontonotes-rte-only/run",
  "run_name": "run",
  "sent_enc": "none",
  "sep_embs_for_skip": 1,
  "target_tasks": "edges-pos-ontonotes",
  "tokenizer": "bert-base-uncased",
  "write_preds": "val,test"
}
09/16 12:22:33 PM: Saved config to ./experiments/pos-ontonotes-rte-only/run/params.conf
09/16 12:22:33 PM: Using random seed 1234
09/16 12:22:33 PM: Using GPU 0
09/16 12:22:33 PM: Loading tasks...
09/16 12:22:33 PM: Writing pre-preprocessed tasks to ./experiments/pos-ontonotes-rte-only/
09/16 12:22:33 PM: 	Creating task edges-pos-ontonotes from scratch.
09/16 12:22:58 PM: Read=110514, Skip=5298, Total=115812 from ./probing_data/edges/ontonotes/const/pos/train.json.retokenized.bert-base-uncased
09/16 12:22:59 PM: Read=15060, Skip=620, Total=15680 from ./probing_data/edges/ontonotes/const/pos/development.json.retokenized.bert-base-uncased
09/16 12:23:04 PM: Read=11462, Skip=755, Total=12217 from ./probing_data/edges/ontonotes/const/pos/test.json.retokenized.bert-base-uncased
09/16 12:23:17 PM: 	Task 'edges-pos-ontonotes': |train|=110514 |val|=15060 |test|=11462
09/16 12:23:17 PM: 	Finished loading tasks: edges-pos-ontonotes.
09/16 12:23:17 PM: 	Building vocab from scratch.
09/16 12:23:17 PM: 	Counting units for task edges-pos-ontonotes.
09/16 12:23:20 PM: 	Task 'edges-pos-ontonotes': adding vocab namespace 'edges-pos-ontonotes_labels'
09/16 12:23:21 PM: loading file https://s3.amazonaws.com/models.huggingface.co/bert/bert-base-uncased-vocab.txt from cache at /home/ericwallace/.cache/torch/pytorch_transformers/26bc1ad6c0ac742e9b52263248f6d0f00068293b33709fae12320c0e35ccfbbb.542ce4285a40d23a559526243235df47c5f75c197f04f37d1a0c124c32c9a084
09/16 12:23:21 PM: Added pytorch_transformers vocab (bert-base-uncased): 30522 tokens
09/16 12:23:21 PM: 	Saved vocab to ./experiments/pos-ontonotes-rte-only/vocab
09/16 12:23:21 PM: Loading token dictionary from ./experiments/pos-ontonotes-rte-only/vocab.
09/16 12:23:21 PM: 	Loaded vocab from ./experiments/pos-ontonotes-rte-only/vocab
09/16 12:23:21 PM: 	Vocab namespace bert_uncased: size 30524
09/16 12:23:21 PM: 	Vocab namespace tokens: size 24015
09/16 12:23:21 PM: 	Vocab namespace edges-pos-ontonotes_labels: size 48
09/16 12:23:21 PM: 	Vocab namespace chars: size 81
09/16 12:23:21 PM: 	Finished building vocab.
09/16 12:23:21 PM: 	Task edges-pos-ontonotes (train): Indexing from scratch.
09/16 12:24:07 PM: 	Task edges-pos-ontonotes (train): Saved 110514 instances to ./experiments/pos-ontonotes-rte-only/preproc/edges-pos-ontonotes__train_data
09/16 12:24:07 PM: 	Task edges-pos-ontonotes (val): Indexing from scratch.
09/16 12:24:11 PM: 	Task edges-pos-ontonotes (val): Saved 15060 instances to ./experiments/pos-ontonotes-rte-only/preproc/edges-pos-ontonotes__val_data
09/16 12:24:11 PM: 	Task edges-pos-ontonotes (test): Indexing from scratch.
09/16 12:24:14 PM: 	Task edges-pos-ontonotes (test): Saved 11462 instances to ./experiments/pos-ontonotes-rte-only/preproc/edges-pos-ontonotes__test_data
09/16 12:24:14 PM: 	Finished indexing tasks
09/16 12:24:14 PM: 	Creating trimmed target-only version of edges-pos-ontonotes train.
09/16 12:24:14 PM: 	  Training on 
09/16 12:24:14 PM: 	  Evaluating on edges-pos-ontonotes
09/16 12:24:14 PM: 	Finished loading tasks in 100.447s
09/16 12:24:14 PM: 	 Tasks: ['edges-pos-ontonotes']
09/16 12:24:14 PM: Building model...
09/16 12:24:14 PM: Using BERT model (bert-base-uncased).
09/16 12:24:14 PM: LOADING A FUNETUNED MODEL from: 
09/16 12:24:14 PM: models/rte
09/16 12:24:14 PM: loading configuration file models/rte/config.json
09/16 12:24:14 PM: Model config {
  "attention_probs_dropout_prob": 0.1,
  "finetuning_task": "rte",
  "hidden_act": "gelu",
  "hidden_dropout_prob": 0.1,
  "hidden_size": 768,
  "initializer_range": 0.02,
  "intermediate_size": 3072,
  "layer_norm_eps": 1e-12,
  "max_position_embeddings": 512,
  "num_attention_heads": 12,
  "num_hidden_layers": 12,
  "num_labels": 2,
  "output_attentions": false,
  "output_hidden_states": true,
  "pruned_heads": {},
  "torchscript": false,
  "type_vocab_size": 2,
  "vocab_size": 30522
}

09/16 12:24:14 PM: loading weights file models/rte/pytorch_model.bin
09/16 12:24:17 PM: https://s3.amazonaws.com/models.huggingface.co/bert/bert-base-uncased-vocab.txt not found in cache or force_download set to True, downloading to /tmp/tmpiyh9_35y
09/16 12:24:19 PM: copying /tmp/tmpiyh9_35y to cache at ./experiments/pos-ontonotes-rte-only/pytorch_transformers_cache/26bc1ad6c0ac742e9b52263248f6d0f00068293b33709fae12320c0e35ccfbbb.542ce4285a40d23a559526243235df47c5f75c197f04f37d1a0c124c32c9a084
09/16 12:24:19 PM: creating metadata file for ./experiments/pos-ontonotes-rte-only/pytorch_transformers_cache/26bc1ad6c0ac742e9b52263248f6d0f00068293b33709fae12320c0e35ccfbbb.542ce4285a40d23a559526243235df47c5f75c197f04f37d1a0c124c32c9a084
09/16 12:24:19 PM: removing temp file /tmp/tmpiyh9_35y
09/16 12:24:19 PM: loading file https://s3.amazonaws.com/models.huggingface.co/bert/bert-base-uncased-vocab.txt from cache at ./experiments/pos-ontonotes-rte-only/pytorch_transformers_cache/26bc1ad6c0ac742e9b52263248f6d0f00068293b33709fae12320c0e35ccfbbb.542ce4285a40d23a559526243235df47c5f75c197f04f37d1a0c124c32c9a084
09/16 12:24:19 PM: Initializing parameters
09/16 12:24:19 PM: Done initializing parameters; the following parameters are using their default initialization from their code
09/16 12:24:19 PM:    _text_field_embedder.model.embeddings.LayerNorm.bias
09/16 12:24:19 PM:    _text_field_embedder.model.embeddings.LayerNorm.weight
09/16 12:24:19 PM:    _text_field_embedder.model.embeddings.position_embeddings.weight
09/16 12:24:19 PM:    _text_field_embedder.model.embeddings.token_type_embeddings.weight
09/16 12:24:19 PM:    _text_field_embedder.model.embeddings.word_embeddings.weight
09/16 12:24:19 PM:    _text_field_embedder.model.encoder.layer.0.attention.output.LayerNorm.bias
09/16 12:24:19 PM:    _text_field_embedder.model.encoder.layer.0.attention.output.LayerNorm.weight
09/16 12:24:19 PM:    _text_field_embedder.model.encoder.layer.0.attention.output.dense.bias
09/16 12:24:19 PM:    _text_field_embedder.model.encoder.layer.0.attention.output.dense.weight
09/16 12:24:19 PM:    _text_field_embedder.model.encoder.layer.0.attention.self.key.bias
09/16 12:24:19 PM:    _text_field_embedder.model.encoder.layer.0.attention.self.key.weight
09/16 12:24:19 PM:    _text_field_embedder.model.encoder.layer.0.attention.self.query.bias
09/16 12:24:19 PM:    _text_field_embedder.model.encoder.layer.0.attention.self.query.weight
09/16 12:24:19 PM:    _text_field_embedder.model.encoder.layer.0.attention.self.value.bias
09/16 12:24:19 PM:    _text_field_embedder.model.encoder.layer.0.attention.self.value.weight
09/16 12:24:19 PM:    _text_field_embedder.model.encoder.layer.0.intermediate.dense.bias
09/16 12:24:19 PM:    _text_field_embedder.model.encoder.layer.0.intermediate.dense.weight
09/16 12:24:19 PM:    _text_field_embedder.model.encoder.layer.0.output.LayerNorm.bias
09/16 12:24:19 PM:    _text_field_embedder.model.encoder.layer.0.output.LayerNorm.weight
09/16 12:24:19 PM:    _text_field_embedder.model.encoder.layer.0.output.dense.bias
09/16 12:24:19 PM:    _text_field_embedder.model.encoder.layer.0.output.dense.weight
09/16 12:24:19 PM:    _text_field_embedder.model.encoder.layer.1.attention.output.LayerNorm.bias
09/16 12:24:19 PM:    _text_field_embedder.model.encoder.layer.1.attention.output.LayerNorm.weight
09/16 12:24:19 PM:    _text_field_embedder.model.encoder.layer.1.attention.output.dense.bias
09/16 12:24:19 PM:    _text_field_embedder.model.encoder.layer.1.attention.output.dense.weight
09/16 12:24:19 PM:    _text_field_embedder.model.encoder.layer.1.attention.self.key.bias
09/16 12:24:19 PM:    _text_field_embedder.model.encoder.layer.1.attention.self.key.weight
09/16 12:24:19 PM:    _text_field_embedder.model.encoder.layer.1.attention.self.query.bias
09/16 12:24:19 PM:    _text_field_embedder.model.encoder.layer.1.attention.self.query.weight
09/16 12:24:19 PM:    _text_field_embedder.model.encoder.layer.1.attention.self.value.bias
09/16 12:24:19 PM:    _text_field_embedder.model.encoder.layer.1.attention.self.value.weight
09/16 12:24:19 PM:    _text_field_embedder.model.encoder.layer.1.intermediate.dense.bias
09/16 12:24:19 PM:    _text_field_embedder.model.encoder.layer.1.intermediate.dense.weight
09/16 12:24:19 PM:    _text_field_embedder.model.encoder.layer.1.output.LayerNorm.bias
09/16 12:24:19 PM:    _text_field_embedder.model.encoder.layer.1.output.LayerNorm.weight
09/16 12:24:19 PM:    _text_field_embedder.model.encoder.layer.1.output.dense.bias
09/16 12:24:19 PM:    _text_field_embedder.model.encoder.layer.1.output.dense.weight
09/16 12:24:19 PM:    _text_field_embedder.model.encoder.layer.10.attention.output.LayerNorm.bias
09/16 12:24:19 PM:    _text_field_embedder.model.encoder.layer.10.attention.output.LayerNorm.weight
09/16 12:24:19 PM:    _text_field_embedder.model.encoder.layer.10.attention.output.dense.bias
09/16 12:24:19 PM:    _text_field_embedder.model.encoder.layer.10.attention.output.dense.weight
09/16 12:24:19 PM:    _text_field_embedder.model.encoder.layer.10.attention.self.key.bias
09/16 12:24:19 PM:    _text_field_embedder.model.encoder.layer.10.attention.self.key.weight
09/16 12:24:19 PM:    _text_field_embedder.model.encoder.layer.10.attention.self.query.bias
09/16 12:24:19 PM:    _text_field_embedder.model.encoder.layer.10.attention.self.query.weight
09/16 12:24:19 PM:    _text_field_embedder.model.encoder.layer.10.attention.self.value.bias
09/16 12:24:19 PM:    _text_field_embedder.model.encoder.layer.10.attention.self.value.weight
09/16 12:24:19 PM:    _text_field_embedder.model.encoder.layer.10.intermediate.dense.bias
09/16 12:24:19 PM:    _text_field_embedder.model.encoder.layer.10.intermediate.dense.weight
09/16 12:24:19 PM:    _text_field_embedder.model.encoder.layer.10.output.LayerNorm.bias
09/16 12:24:19 PM:    _text_field_embedder.model.encoder.layer.10.output.LayerNorm.weight
09/16 12:24:19 PM:    _text_field_embedder.model.encoder.layer.10.output.dense.bias
09/16 12:24:19 PM:    _text_field_embedder.model.encoder.layer.10.output.dense.weight
09/16 12:24:19 PM:    _text_field_embedder.model.encoder.layer.11.attention.output.LayerNorm.bias
09/16 12:24:19 PM:    _text_field_embedder.model.encoder.layer.11.attention.output.LayerNorm.weight
09/16 12:24:19 PM:    _text_field_embedder.model.encoder.layer.11.attention.output.dense.bias
09/16 12:24:19 PM:    _text_field_embedder.model.encoder.layer.11.attention.output.dense.weight
09/16 12:24:19 PM:    _text_field_embedder.model.encoder.layer.11.attention.self.key.bias
09/16 12:24:19 PM:    _text_field_embedder.model.encoder.layer.11.attention.self.key.weight
09/16 12:24:19 PM:    _text_field_embedder.model.encoder.layer.11.attention.self.query.bias
09/16 12:24:19 PM:    _text_field_embedder.model.encoder.layer.11.attention.self.query.weight
09/16 12:24:19 PM:    _text_field_embedder.model.encoder.layer.11.attention.self.value.bias
09/16 12:24:19 PM:    _text_field_embedder.model.encoder.layer.11.attention.self.value.weight
09/16 12:24:19 PM:    _text_field_embedder.model.encoder.layer.11.intermediate.dense.bias
09/16 12:24:19 PM:    _text_field_embedder.model.encoder.layer.11.intermediate.dense.weight
09/16 12:24:19 PM:    _text_field_embedder.model.encoder.layer.11.output.LayerNorm.bias
09/16 12:24:19 PM:    _text_field_embedder.model.encoder.layer.11.output.LayerNorm.weight
09/16 12:24:19 PM:    _text_field_embedder.model.encoder.layer.11.output.dense.bias
09/16 12:24:19 PM:    _text_field_embedder.model.encoder.layer.11.output.dense.weight
09/16 12:24:19 PM:    _text_field_embedder.model.encoder.layer.2.attention.output.LayerNorm.bias
09/16 12:24:19 PM:    _text_field_embedder.model.encoder.layer.2.attention.output.LayerNorm.weight
09/16 12:24:19 PM:    _text_field_embedder.model.encoder.layer.2.attention.output.dense.bias
09/16 12:24:19 PM:    _text_field_embedder.model.encoder.layer.2.attention.output.dense.weight
09/16 12:24:19 PM:    _text_field_embedder.model.encoder.layer.2.attention.self.key.bias
09/16 12:24:19 PM:    _text_field_embedder.model.encoder.layer.2.attention.self.key.weight
09/16 12:24:19 PM:    _text_field_embedder.model.encoder.layer.2.attention.self.query.bias
09/16 12:24:19 PM:    _text_field_embedder.model.encoder.layer.2.attention.self.query.weight
09/16 12:24:19 PM:    _text_field_embedder.model.encoder.layer.2.attention.self.value.bias
09/16 12:24:19 PM:    _text_field_embedder.model.encoder.layer.2.attention.self.value.weight
09/16 12:24:19 PM:    _text_field_embedder.model.encoder.layer.2.intermediate.dense.bias
09/16 12:24:19 PM:    _text_field_embedder.model.encoder.layer.2.intermediate.dense.weight
09/16 12:24:19 PM:    _text_field_embedder.model.encoder.layer.2.output.LayerNorm.bias
09/16 12:24:19 PM:    _text_field_embedder.model.encoder.layer.2.output.LayerNorm.weight
09/16 12:24:19 PM:    _text_field_embedder.model.encoder.layer.2.output.dense.bias
09/16 12:24:19 PM:    _text_field_embedder.model.encoder.layer.2.output.dense.weight
09/16 12:24:19 PM:    _text_field_embedder.model.encoder.layer.3.attention.output.LayerNorm.bias
09/16 12:24:19 PM:    _text_field_embedder.model.encoder.layer.3.attention.output.LayerNorm.weight
09/16 12:24:19 PM:    _text_field_embedder.model.encoder.layer.3.attention.output.dense.bias
09/16 12:24:19 PM:    _text_field_embedder.model.encoder.layer.3.attention.output.dense.weight
09/16 12:24:19 PM:    _text_field_embedder.model.encoder.layer.3.attention.self.key.bias
09/16 12:24:19 PM:    _text_field_embedder.model.encoder.layer.3.attention.self.key.weight
09/16 12:24:19 PM:    _text_field_embedder.model.encoder.layer.3.attention.self.query.bias
09/16 12:24:19 PM:    _text_field_embedder.model.encoder.layer.3.attention.self.query.weight
09/16 12:24:19 PM:    _text_field_embedder.model.encoder.layer.3.attention.self.value.bias
09/16 12:24:19 PM:    _text_field_embedder.model.encoder.layer.3.attention.self.value.weight
09/16 12:24:19 PM:    _text_field_embedder.model.encoder.layer.3.intermediate.dense.bias
09/16 12:24:19 PM:    _text_field_embedder.model.encoder.layer.3.intermediate.dense.weight
09/16 12:24:19 PM:    _text_field_embedder.model.encoder.layer.3.output.LayerNorm.bias
09/16 12:24:19 PM:    _text_field_embedder.model.encoder.layer.3.output.LayerNorm.weight
09/16 12:24:19 PM:    _text_field_embedder.model.encoder.layer.3.output.dense.bias
09/16 12:24:19 PM:    _text_field_embedder.model.encoder.layer.3.output.dense.weight
09/16 12:24:19 PM:    _text_field_embedder.model.encoder.layer.4.attention.output.LayerNorm.bias
09/16 12:24:19 PM:    _text_field_embedder.model.encoder.layer.4.attention.output.LayerNorm.weight
09/16 12:24:19 PM:    _text_field_embedder.model.encoder.layer.4.attention.output.dense.bias
09/16 12:24:19 PM:    _text_field_embedder.model.encoder.layer.4.attention.output.dense.weight
09/16 12:24:19 PM:    _text_field_embedder.model.encoder.layer.4.attention.self.key.bias
09/16 12:24:19 PM:    _text_field_embedder.model.encoder.layer.4.attention.self.key.weight
09/16 12:24:19 PM:    _text_field_embedder.model.encoder.layer.4.attention.self.query.bias
09/16 12:24:19 PM:    _text_field_embedder.model.encoder.layer.4.attention.self.query.weight
09/16 12:24:19 PM:    _text_field_embedder.model.encoder.layer.4.attention.self.value.bias
09/16 12:24:19 PM:    _text_field_embedder.model.encoder.layer.4.attention.self.value.weight
09/16 12:24:19 PM:    _text_field_embedder.model.encoder.layer.4.intermediate.dense.bias
09/16 12:24:19 PM:    _text_field_embedder.model.encoder.layer.4.intermediate.dense.weight
09/16 12:24:19 PM:    _text_field_embedder.model.encoder.layer.4.output.LayerNorm.bias
09/16 12:24:19 PM:    _text_field_embedder.model.encoder.layer.4.output.LayerNorm.weight
09/16 12:24:19 PM:    _text_field_embedder.model.encoder.layer.4.output.dense.bias
09/16 12:24:19 PM:    _text_field_embedder.model.encoder.layer.4.output.dense.weight
09/16 12:24:19 PM:    _text_field_embedder.model.encoder.layer.5.attention.output.LayerNorm.bias
09/16 12:24:19 PM:    _text_field_embedder.model.encoder.layer.5.attention.output.LayerNorm.weight
09/16 12:24:19 PM:    _text_field_embedder.model.encoder.layer.5.attention.output.dense.bias
09/16 12:24:19 PM:    _text_field_embedder.model.encoder.layer.5.attention.output.dense.weight
09/16 12:24:19 PM:    _text_field_embedder.model.encoder.layer.5.attention.self.key.bias
09/16 12:24:19 PM:    _text_field_embedder.model.encoder.layer.5.attention.self.key.weight
09/16 12:24:19 PM:    _text_field_embedder.model.encoder.layer.5.attention.self.query.bias
09/16 12:24:19 PM:    _text_field_embedder.model.encoder.layer.5.attention.self.query.weight
09/16 12:24:19 PM:    _text_field_embedder.model.encoder.layer.5.attention.self.value.bias
09/16 12:24:19 PM:    _text_field_embedder.model.encoder.layer.5.attention.self.value.weight
09/16 12:24:19 PM:    _text_field_embedder.model.encoder.layer.5.intermediate.dense.bias
09/16 12:24:19 PM:    _text_field_embedder.model.encoder.layer.5.intermediate.dense.weight
09/16 12:24:19 PM:    _text_field_embedder.model.encoder.layer.5.output.LayerNorm.bias
09/16 12:24:19 PM:    _text_field_embedder.model.encoder.layer.5.output.LayerNorm.weight
09/16 12:24:19 PM:    _text_field_embedder.model.encoder.layer.5.output.dense.bias
09/16 12:24:19 PM:    _text_field_embedder.model.encoder.layer.5.output.dense.weight
09/16 12:24:19 PM:    _text_field_embedder.model.encoder.layer.6.attention.output.LayerNorm.bias
09/16 12:24:19 PM:    _text_field_embedder.model.encoder.layer.6.attention.output.LayerNorm.weight
09/16 12:24:19 PM:    _text_field_embedder.model.encoder.layer.6.attention.output.dense.bias
09/16 12:24:19 PM:    _text_field_embedder.model.encoder.layer.6.attention.output.dense.weight
09/16 12:24:19 PM:    _text_field_embedder.model.encoder.layer.6.attention.self.key.bias
09/16 12:24:19 PM:    _text_field_embedder.model.encoder.layer.6.attention.self.key.weight
09/16 12:24:19 PM:    _text_field_embedder.model.encoder.layer.6.attention.self.query.bias
09/16 12:24:19 PM:    _text_field_embedder.model.encoder.layer.6.attention.self.query.weight
09/16 12:24:19 PM:    _text_field_embedder.model.encoder.layer.6.attention.self.value.bias
09/16 12:24:19 PM:    _text_field_embedder.model.encoder.layer.6.attention.self.value.weight
09/16 12:24:19 PM:    _text_field_embedder.model.encoder.layer.6.intermediate.dense.bias
09/16 12:24:19 PM:    _text_field_embedder.model.encoder.layer.6.intermediate.dense.weight
09/16 12:24:19 PM:    _text_field_embedder.model.encoder.layer.6.output.LayerNorm.bias
09/16 12:24:19 PM:    _text_field_embedder.model.encoder.layer.6.output.LayerNorm.weight
09/16 12:24:19 PM:    _text_field_embedder.model.encoder.layer.6.output.dense.bias
09/16 12:24:19 PM:    _text_field_embedder.model.encoder.layer.6.output.dense.weight
09/16 12:24:19 PM:    _text_field_embedder.model.encoder.layer.7.attention.output.LayerNorm.bias
09/16 12:24:19 PM:    _text_field_embedder.model.encoder.layer.7.attention.output.LayerNorm.weight
09/16 12:24:19 PM:    _text_field_embedder.model.encoder.layer.7.attention.output.dense.bias
09/16 12:24:19 PM:    _text_field_embedder.model.encoder.layer.7.attention.output.dense.weight
09/16 12:24:19 PM:    _text_field_embedder.model.encoder.layer.7.attention.self.key.bias
09/16 12:24:19 PM:    _text_field_embedder.model.encoder.layer.7.attention.self.key.weight
09/16 12:24:19 PM:    _text_field_embedder.model.encoder.layer.7.attention.self.query.bias
09/16 12:24:19 PM:    _text_field_embedder.model.encoder.layer.7.attention.self.query.weight
09/16 12:24:19 PM:    _text_field_embedder.model.encoder.layer.7.attention.self.value.bias
09/16 12:24:19 PM:    _text_field_embedder.model.encoder.layer.7.attention.self.value.weight
09/16 12:24:19 PM:    _text_field_embedder.model.encoder.layer.7.intermediate.dense.bias
09/16 12:24:19 PM:    _text_field_embedder.model.encoder.layer.7.intermediate.dense.weight
09/16 12:24:19 PM:    _text_field_embedder.model.encoder.layer.7.output.LayerNorm.bias
09/16 12:24:19 PM:    _text_field_embedder.model.encoder.layer.7.output.LayerNorm.weight
09/16 12:24:19 PM:    _text_field_embedder.model.encoder.layer.7.output.dense.bias
09/16 12:24:19 PM:    _text_field_embedder.model.encoder.layer.7.output.dense.weight
09/16 12:24:19 PM:    _text_field_embedder.model.encoder.layer.8.attention.output.LayerNorm.bias
09/16 12:24:19 PM:    _text_field_embedder.model.encoder.layer.8.attention.output.LayerNorm.weight
09/16 12:24:19 PM:    _text_field_embedder.model.encoder.layer.8.attention.output.dense.bias
09/16 12:24:19 PM:    _text_field_embedder.model.encoder.layer.8.attention.output.dense.weight
09/16 12:24:19 PM:    _text_field_embedder.model.encoder.layer.8.attention.self.key.bias
09/16 12:24:19 PM:    _text_field_embedder.model.encoder.layer.8.attention.self.key.weight
09/16 12:24:19 PM:    _text_field_embedder.model.encoder.layer.8.attention.self.query.bias
09/16 12:24:19 PM:    _text_field_embedder.model.encoder.layer.8.attention.self.query.weight
09/16 12:24:19 PM:    _text_field_embedder.model.encoder.layer.8.attention.self.value.bias
09/16 12:24:19 PM:    _text_field_embedder.model.encoder.layer.8.attention.self.value.weight
09/16 12:24:19 PM:    _text_field_embedder.model.encoder.layer.8.intermediate.dense.bias
09/16 12:24:19 PM:    _text_field_embedder.model.encoder.layer.8.intermediate.dense.weight
09/16 12:24:19 PM:    _text_field_embedder.model.encoder.layer.8.output.LayerNorm.bias
09/16 12:24:19 PM:    _text_field_embedder.model.encoder.layer.8.output.LayerNorm.weight
09/16 12:24:19 PM:    _text_field_embedder.model.encoder.layer.8.output.dense.bias
09/16 12:24:19 PM:    _text_field_embedder.model.encoder.layer.8.output.dense.weight
09/16 12:24:19 PM:    _text_field_embedder.model.encoder.layer.9.attention.output.LayerNorm.bias
09/16 12:24:19 PM:    _text_field_embedder.model.encoder.layer.9.attention.output.LayerNorm.weight
09/16 12:24:19 PM:    _text_field_embedder.model.encoder.layer.9.attention.output.dense.bias
09/16 12:24:19 PM:    _text_field_embedder.model.encoder.layer.9.attention.output.dense.weight
09/16 12:24:19 PM:    _text_field_embedder.model.encoder.layer.9.attention.self.key.bias
09/16 12:24:19 PM:    _text_field_embedder.model.encoder.layer.9.attention.self.key.weight
09/16 12:24:19 PM:    _text_field_embedder.model.encoder.layer.9.attention.self.query.bias
09/16 12:24:19 PM:    _text_field_embedder.model.encoder.layer.9.attention.self.query.weight
09/16 12:24:19 PM:    _text_field_embedder.model.encoder.layer.9.attention.self.value.bias
09/16 12:24:19 PM:    _text_field_embedder.model.encoder.layer.9.attention.self.value.weight
09/16 12:24:19 PM:    _text_field_embedder.model.encoder.layer.9.intermediate.dense.bias
09/16 12:24:19 PM:    _text_field_embedder.model.encoder.layer.9.intermediate.dense.weight
09/16 12:24:19 PM:    _text_field_embedder.model.encoder.layer.9.output.LayerNorm.bias
09/16 12:24:19 PM:    _text_field_embedder.model.encoder.layer.9.output.LayerNorm.weight
09/16 12:24:19 PM:    _text_field_embedder.model.encoder.layer.9.output.dense.bias
09/16 12:24:19 PM:    _text_field_embedder.model.encoder.layer.9.output.dense.weight
09/16 12:24:19 PM:    _text_field_embedder.model.pooler.dense.bias
09/16 12:24:19 PM:    _text_field_embedder.model.pooler.dense.weight
09/16 12:24:19 PM: 	Task 'edges-pos-ontonotes' params: {
  "cls_type": "mlp",
  "d_hid": 256,
  "pool_type": "first",
  "d_proj": 512,
  "shared_pair_attn": 0,
  "attn": 0,
  "d_hid_attn": 512,
  "dropout": 0.3,
  "cls_loss_fn": "sigmoid",
  "cls_span_pooling": "attn",
  "edgeprobe_cnn_context": 0,
  "edgeprobe_symmetric": 0,
  "use_classifier": "edges-pos-ontonotes"
}
