09/16 08:24:41 AM: Git branch: master
09/16 08:24:41 AM: Git SHA: 1f47e9f0cf1d882ab41f98d47f94e0f8258db16b
09/16 08:24:42 AM: Parsed args: 
{
  "allow_missing_task_map": 1,
  "allow_untrained_encoder_parameters": 1,
  "do_pretrain": 0,
  "exp_dir": "./experiments/spr2-rte-only/",
  "exp_name": "experiments/spr2-rte-only",
  "input_module": "bert-base-uncased",
  "local_log_path": "./experiments/spr2-rte-only/run/log.log",
  "lr_patience": 3,
  "max_seq_len": 512,
  "output_mode": "top",
  "patience": 9,
  "pretrain_tasks": "",
  "pretrained_dir": "models/rte",
  "pytorch_transformers_output_mode": "only",
  "remote_log_name": "experiments/spr2-rte-only__run",
  "run_dir": "./experiments/spr2-rte-only/run",
  "run_name": "run",
  "sent_enc": "none",
  "sep_embs_for_skip": 1,
  "target_tasks": "edges-spr2",
  "tokenizer": "bert-base-uncased",
  "write_preds": "val,test"
}
09/16 08:24:42 AM: Saved config to ./experiments/spr2-rte-only/run/params.conf
09/16 08:24:42 AM: Using random seed 1234
09/16 08:24:44 AM: Using GPU 0
09/16 08:24:44 AM: Loading tasks...
09/16 08:24:44 AM: Writing pre-preprocessed tasks to ./experiments/spr2-rte-only/
09/16 08:24:44 AM: 	Creating task edges-spr2 from scratch.
09/16 08:24:44 AM: Read=2226, Skip=0, Total=2226 from ./probing_data/edges/spr2/edges.train.json.retokenized.bert-base-uncased
09/16 08:24:44 AM: Read=291, Skip=0, Total=291 from ./probing_data/edges/spr2/edges.dev.json.retokenized.bert-base-uncased
09/16 08:24:44 AM: Read=276, Skip=0, Total=276 from ./probing_data/edges/spr2/edges.test.json.retokenized.bert-base-uncased
09/16 08:24:44 AM: 	Task 'edges-spr2': |train|=2226 |val|=291 |test|=276
09/16 08:24:44 AM: 	Finished loading tasks: edges-spr2.
09/16 08:24:44 AM: 	Building vocab from scratch.
09/16 08:24:44 AM: 	Counting units for task edges-spr2.
09/16 08:24:44 AM: 	Task 'edges-spr2': adding vocab namespace 'edges-spr2_labels'
09/16 08:24:45 AM: loading file https://s3.amazonaws.com/models.huggingface.co/bert/bert-base-uncased-vocab.txt from cache at /home/ericwallace/.cache/torch/pytorch_transformers/26bc1ad6c0ac742e9b52263248f6d0f00068293b33709fae12320c0e35ccfbbb.542ce4285a40d23a559526243235df47c5f75c197f04f37d1a0c124c32c9a084
09/16 08:24:45 AM: Added pytorch_transformers vocab (bert-base-uncased): 30522 tokens
09/16 08:24:46 AM: 	Saved vocab to ./experiments/spr2-rte-only/vocab
09/16 08:24:46 AM: Loading token dictionary from ./experiments/spr2-rte-only/vocab.
09/16 08:24:46 AM: 	Loaded vocab from ./experiments/spr2-rte-only/vocab
09/16 08:24:46 AM: 	Vocab namespace tokens: size 7943
09/16 08:24:46 AM: 	Vocab namespace edges-spr2_labels: size 20
09/16 08:24:46 AM: 	Vocab namespace bert_uncased: size 30524
09/16 08:24:46 AM: 	Vocab namespace chars: size 65
09/16 08:24:46 AM: 	Finished building vocab.
09/16 08:24:46 AM: 	Task edges-spr2 (train): Indexing from scratch.
09/16 08:24:47 AM: 	Task edges-spr2 (train): Saved 2226 instances to ./experiments/spr2-rte-only/preproc/edges-spr2__train_data
09/16 08:24:47 AM: 	Task edges-spr2 (val): Indexing from scratch.
09/16 08:24:47 AM: 	Task edges-spr2 (val): Saved 291 instances to ./experiments/spr2-rte-only/preproc/edges-spr2__val_data
09/16 08:24:47 AM: 	Task edges-spr2 (test): Indexing from scratch.
09/16 08:24:47 AM: 	Task edges-spr2 (test): Saved 276 instances to ./experiments/spr2-rte-only/preproc/edges-spr2__test_data
09/16 08:24:47 AM: 	Finished indexing tasks
09/16 08:24:47 AM: 	Creating trimmed target-only version of edges-spr2 train.
09/16 08:24:47 AM: 	  Training on 
09/16 08:24:47 AM: 	  Evaluating on edges-spr2
09/16 08:24:47 AM: 	Finished loading tasks in 3.275s
09/16 08:24:47 AM: 	 Tasks: ['edges-spr2']
09/16 08:24:47 AM: Building model...
09/16 08:24:47 AM: Using BERT model (bert-base-uncased).
09/16 08:24:47 AM: LOADING A FUNETUNED MODEL from: 
09/16 08:24:47 AM: models/rte
09/16 08:24:47 AM: loading configuration file models/rte/config.json
09/16 08:24:47 AM: Model config {
  "attention_probs_dropout_prob": 0.1,
  "finetuning_task": "rte",
  "hidden_act": "gelu",
  "hidden_dropout_prob": 0.1,
  "hidden_size": 768,
  "initializer_range": 0.02,
  "intermediate_size": 3072,
  "layer_norm_eps": 1e-12,
  "max_position_embeddings": 512,
  "num_attention_heads": 12,
  "num_hidden_layers": 12,
  "num_labels": 2,
  "output_attentions": false,
  "output_hidden_states": true,
  "pruned_heads": {},
  "torchscript": false,
  "type_vocab_size": 2,
  "vocab_size": 30522
}

09/16 08:24:47 AM: loading weights file models/rte/pytorch_model.bin
09/16 08:24:56 AM: https://s3.amazonaws.com/models.huggingface.co/bert/bert-base-uncased-vocab.txt not found in cache or force_download set to True, downloading to /tmp/tmpj1p02vgq
09/16 08:24:58 AM: copying /tmp/tmpj1p02vgq to cache at ./experiments/spr2-rte-only/pytorch_transformers_cache/26bc1ad6c0ac742e9b52263248f6d0f00068293b33709fae12320c0e35ccfbbb.542ce4285a40d23a559526243235df47c5f75c197f04f37d1a0c124c32c9a084
09/16 08:24:58 AM: creating metadata file for ./experiments/spr2-rte-only/pytorch_transformers_cache/26bc1ad6c0ac742e9b52263248f6d0f00068293b33709fae12320c0e35ccfbbb.542ce4285a40d23a559526243235df47c5f75c197f04f37d1a0c124c32c9a084
09/16 08:24:58 AM: removing temp file /tmp/tmpj1p02vgq
09/16 08:24:58 AM: loading file https://s3.amazonaws.com/models.huggingface.co/bert/bert-base-uncased-vocab.txt from cache at ./experiments/spr2-rte-only/pytorch_transformers_cache/26bc1ad6c0ac742e9b52263248f6d0f00068293b33709fae12320c0e35ccfbbb.542ce4285a40d23a559526243235df47c5f75c197f04f37d1a0c124c32c9a084
09/16 08:24:58 AM: Initializing parameters
09/16 08:24:58 AM: Done initializing parameters; the following parameters are using their default initialization from their code
09/16 08:24:58 AM:    _text_field_embedder.model.embeddings.LayerNorm.bias
09/16 08:24:58 AM:    _text_field_embedder.model.embeddings.LayerNorm.weight
09/16 08:24:58 AM:    _text_field_embedder.model.embeddings.position_embeddings.weight
09/16 08:24:58 AM:    _text_field_embedder.model.embeddings.token_type_embeddings.weight
09/16 08:24:58 AM:    _text_field_embedder.model.embeddings.word_embeddings.weight
09/16 08:24:58 AM:    _text_field_embedder.model.encoder.layer.0.attention.output.LayerNorm.bias
09/16 08:24:58 AM:    _text_field_embedder.model.encoder.layer.0.attention.output.LayerNorm.weight
09/16 08:24:58 AM:    _text_field_embedder.model.encoder.layer.0.attention.output.dense.bias
09/16 08:24:58 AM:    _text_field_embedder.model.encoder.layer.0.attention.output.dense.weight
09/16 08:24:58 AM:    _text_field_embedder.model.encoder.layer.0.attention.self.key.bias
09/16 08:24:58 AM:    _text_field_embedder.model.encoder.layer.0.attention.self.key.weight
09/16 08:24:58 AM:    _text_field_embedder.model.encoder.layer.0.attention.self.query.bias
09/16 08:24:58 AM:    _text_field_embedder.model.encoder.layer.0.attention.self.query.weight
09/16 08:24:58 AM:    _text_field_embedder.model.encoder.layer.0.attention.self.value.bias
09/16 08:24:58 AM:    _text_field_embedder.model.encoder.layer.0.attention.self.value.weight
09/16 08:24:58 AM:    _text_field_embedder.model.encoder.layer.0.intermediate.dense.bias
09/16 08:24:58 AM:    _text_field_embedder.model.encoder.layer.0.intermediate.dense.weight
09/16 08:24:58 AM:    _text_field_embedder.model.encoder.layer.0.output.LayerNorm.bias
09/16 08:24:58 AM:    _text_field_embedder.model.encoder.layer.0.output.LayerNorm.weight
09/16 08:24:58 AM:    _text_field_embedder.model.encoder.layer.0.output.dense.bias
09/16 08:24:58 AM:    _text_field_embedder.model.encoder.layer.0.output.dense.weight
09/16 08:24:58 AM:    _text_field_embedder.model.encoder.layer.1.attention.output.LayerNorm.bias
09/16 08:24:58 AM:    _text_field_embedder.model.encoder.layer.1.attention.output.LayerNorm.weight
09/16 08:24:58 AM:    _text_field_embedder.model.encoder.layer.1.attention.output.dense.bias
09/16 08:24:58 AM:    _text_field_embedder.model.encoder.layer.1.attention.output.dense.weight
09/16 08:24:58 AM:    _text_field_embedder.model.encoder.layer.1.attention.self.key.bias
09/16 08:24:58 AM:    _text_field_embedder.model.encoder.layer.1.attention.self.key.weight
09/16 08:24:58 AM:    _text_field_embedder.model.encoder.layer.1.attention.self.query.bias
09/16 08:24:58 AM:    _text_field_embedder.model.encoder.layer.1.attention.self.query.weight
09/16 08:24:58 AM:    _text_field_embedder.model.encoder.layer.1.attention.self.value.bias
09/16 08:24:58 AM:    _text_field_embedder.model.encoder.layer.1.attention.self.value.weight
09/16 08:24:58 AM:    _text_field_embedder.model.encoder.layer.1.intermediate.dense.bias
09/16 08:24:58 AM:    _text_field_embedder.model.encoder.layer.1.intermediate.dense.weight
09/16 08:24:58 AM:    _text_field_embedder.model.encoder.layer.1.output.LayerNorm.bias
09/16 08:24:58 AM:    _text_field_embedder.model.encoder.layer.1.output.LayerNorm.weight
09/16 08:24:58 AM:    _text_field_embedder.model.encoder.layer.1.output.dense.bias
09/16 08:24:58 AM:    _text_field_embedder.model.encoder.layer.1.output.dense.weight
09/16 08:24:58 AM:    _text_field_embedder.model.encoder.layer.10.attention.output.LayerNorm.bias
09/16 08:24:58 AM:    _text_field_embedder.model.encoder.layer.10.attention.output.LayerNorm.weight
09/16 08:24:58 AM:    _text_field_embedder.model.encoder.layer.10.attention.output.dense.bias
09/16 08:24:58 AM:    _text_field_embedder.model.encoder.layer.10.attention.output.dense.weight
09/16 08:24:58 AM:    _text_field_embedder.model.encoder.layer.10.attention.self.key.bias
09/16 08:24:58 AM:    _text_field_embedder.model.encoder.layer.10.attention.self.key.weight
09/16 08:24:58 AM:    _text_field_embedder.model.encoder.layer.10.attention.self.query.bias
09/16 08:24:58 AM:    _text_field_embedder.model.encoder.layer.10.attention.self.query.weight
09/16 08:24:58 AM:    _text_field_embedder.model.encoder.layer.10.attention.self.value.bias
09/16 08:24:58 AM:    _text_field_embedder.model.encoder.layer.10.attention.self.value.weight
09/16 08:24:58 AM:    _text_field_embedder.model.encoder.layer.10.intermediate.dense.bias
09/16 08:24:58 AM:    _text_field_embedder.model.encoder.layer.10.intermediate.dense.weight
09/16 08:24:58 AM:    _text_field_embedder.model.encoder.layer.10.output.LayerNorm.bias
09/16 08:24:58 AM:    _text_field_embedder.model.encoder.layer.10.output.LayerNorm.weight
09/16 08:24:58 AM:    _text_field_embedder.model.encoder.layer.10.output.dense.bias
09/16 08:24:58 AM:    _text_field_embedder.model.encoder.layer.10.output.dense.weight
09/16 08:24:58 AM:    _text_field_embedder.model.encoder.layer.11.attention.output.LayerNorm.bias
09/16 08:24:58 AM:    _text_field_embedder.model.encoder.layer.11.attention.output.LayerNorm.weight
09/16 08:24:58 AM:    _text_field_embedder.model.encoder.layer.11.attention.output.dense.bias
09/16 08:24:58 AM:    _text_field_embedder.model.encoder.layer.11.attention.output.dense.weight
09/16 08:24:58 AM:    _text_field_embedder.model.encoder.layer.11.attention.self.key.bias
09/16 08:24:58 AM:    _text_field_embedder.model.encoder.layer.11.attention.self.key.weight
09/16 08:24:58 AM:    _text_field_embedder.model.encoder.layer.11.attention.self.query.bias
09/16 08:24:58 AM:    _text_field_embedder.model.encoder.layer.11.attention.self.query.weight
09/16 08:24:58 AM:    _text_field_embedder.model.encoder.layer.11.attention.self.value.bias
09/16 08:24:58 AM:    _text_field_embedder.model.encoder.layer.11.attention.self.value.weight
09/16 08:24:58 AM:    _text_field_embedder.model.encoder.layer.11.intermediate.dense.bias
09/16 08:24:58 AM:    _text_field_embedder.model.encoder.layer.11.intermediate.dense.weight
09/16 08:24:58 AM:    _text_field_embedder.model.encoder.layer.11.output.LayerNorm.bias
09/16 08:24:58 AM:    _text_field_embedder.model.encoder.layer.11.output.LayerNorm.weight
09/16 08:24:58 AM:    _text_field_embedder.model.encoder.layer.11.output.dense.bias
09/16 08:24:58 AM:    _text_field_embedder.model.encoder.layer.11.output.dense.weight
09/16 08:24:58 AM:    _text_field_embedder.model.encoder.layer.2.attention.output.LayerNorm.bias
09/16 08:24:58 AM:    _text_field_embedder.model.encoder.layer.2.attention.output.LayerNorm.weight
09/16 08:24:58 AM:    _text_field_embedder.model.encoder.layer.2.attention.output.dense.bias
09/16 08:24:58 AM:    _text_field_embedder.model.encoder.layer.2.attention.output.dense.weight
09/16 08:24:58 AM:    _text_field_embedder.model.encoder.layer.2.attention.self.key.bias
09/16 08:24:58 AM:    _text_field_embedder.model.encoder.layer.2.attention.self.key.weight
09/16 08:24:58 AM:    _text_field_embedder.model.encoder.layer.2.attention.self.query.bias
09/16 08:24:58 AM:    _text_field_embedder.model.encoder.layer.2.attention.self.query.weight
09/16 08:24:58 AM:    _text_field_embedder.model.encoder.layer.2.attention.self.value.bias
09/16 08:24:58 AM:    _text_field_embedder.model.encoder.layer.2.attention.self.value.weight
09/16 08:24:58 AM:    _text_field_embedder.model.encoder.layer.2.intermediate.dense.bias
09/16 08:24:58 AM:    _text_field_embedder.model.encoder.layer.2.intermediate.dense.weight
09/16 08:24:58 AM:    _text_field_embedder.model.encoder.layer.2.output.LayerNorm.bias
09/16 08:24:58 AM:    _text_field_embedder.model.encoder.layer.2.output.LayerNorm.weight
09/16 08:24:58 AM:    _text_field_embedder.model.encoder.layer.2.output.dense.bias
09/16 08:24:58 AM:    _text_field_embedder.model.encoder.layer.2.output.dense.weight
09/16 08:24:58 AM:    _text_field_embedder.model.encoder.layer.3.attention.output.LayerNorm.bias
09/16 08:24:58 AM:    _text_field_embedder.model.encoder.layer.3.attention.output.LayerNorm.weight
09/16 08:24:58 AM:    _text_field_embedder.model.encoder.layer.3.attention.output.dense.bias
09/16 08:24:58 AM:    _text_field_embedder.model.encoder.layer.3.attention.output.dense.weight
09/16 08:24:58 AM:    _text_field_embedder.model.encoder.layer.3.attention.self.key.bias
09/16 08:24:58 AM:    _text_field_embedder.model.encoder.layer.3.attention.self.key.weight
09/16 08:24:58 AM:    _text_field_embedder.model.encoder.layer.3.attention.self.query.bias
09/16 08:24:58 AM:    _text_field_embedder.model.encoder.layer.3.attention.self.query.weight
09/16 08:24:58 AM:    _text_field_embedder.model.encoder.layer.3.attention.self.value.bias
09/16 08:24:58 AM:    _text_field_embedder.model.encoder.layer.3.attention.self.value.weight
09/16 08:24:58 AM:    _text_field_embedder.model.encoder.layer.3.intermediate.dense.bias
09/16 08:24:58 AM:    _text_field_embedder.model.encoder.layer.3.intermediate.dense.weight
09/16 08:24:58 AM:    _text_field_embedder.model.encoder.layer.3.output.LayerNorm.bias
09/16 08:24:58 AM:    _text_field_embedder.model.encoder.layer.3.output.LayerNorm.weight
09/16 08:24:58 AM:    _text_field_embedder.model.encoder.layer.3.output.dense.bias
09/16 08:24:58 AM:    _text_field_embedder.model.encoder.layer.3.output.dense.weight
09/16 08:24:58 AM:    _text_field_embedder.model.encoder.layer.4.attention.output.LayerNorm.bias
09/16 08:24:58 AM:    _text_field_embedder.model.encoder.layer.4.attention.output.LayerNorm.weight
09/16 08:24:58 AM:    _text_field_embedder.model.encoder.layer.4.attention.output.dense.bias
09/16 08:24:58 AM:    _text_field_embedder.model.encoder.layer.4.attention.output.dense.weight
09/16 08:24:58 AM:    _text_field_embedder.model.encoder.layer.4.attention.self.key.bias
09/16 08:24:58 AM:    _text_field_embedder.model.encoder.layer.4.attention.self.key.weight
09/16 08:24:58 AM:    _text_field_embedder.model.encoder.layer.4.attention.self.query.bias
09/16 08:24:58 AM:    _text_field_embedder.model.encoder.layer.4.attention.self.query.weight
09/16 08:24:58 AM:    _text_field_embedder.model.encoder.layer.4.attention.self.value.bias
09/16 08:24:58 AM:    _text_field_embedder.model.encoder.layer.4.attention.self.value.weight
09/16 08:24:58 AM:    _text_field_embedder.model.encoder.layer.4.intermediate.dense.bias
09/16 08:24:58 AM:    _text_field_embedder.model.encoder.layer.4.intermediate.dense.weight
09/16 08:24:58 AM:    _text_field_embedder.model.encoder.layer.4.output.LayerNorm.bias
09/16 08:24:58 AM:    _text_field_embedder.model.encoder.layer.4.output.LayerNorm.weight
09/16 08:24:58 AM:    _text_field_embedder.model.encoder.layer.4.output.dense.bias
09/16 08:24:58 AM:    _text_field_embedder.model.encoder.layer.4.output.dense.weight
09/16 08:24:58 AM:    _text_field_embedder.model.encoder.layer.5.attention.output.LayerNorm.bias
09/16 08:24:58 AM:    _text_field_embedder.model.encoder.layer.5.attention.output.LayerNorm.weight
09/16 08:24:58 AM:    _text_field_embedder.model.encoder.layer.5.attention.output.dense.bias
09/16 08:24:58 AM:    _text_field_embedder.model.encoder.layer.5.attention.output.dense.weight
09/16 08:24:58 AM:    _text_field_embedder.model.encoder.layer.5.attention.self.key.bias
09/16 08:24:58 AM:    _text_field_embedder.model.encoder.layer.5.attention.self.key.weight
09/16 08:24:58 AM:    _text_field_embedder.model.encoder.layer.5.attention.self.query.bias
09/16 08:24:58 AM:    _text_field_embedder.model.encoder.layer.5.attention.self.query.weight
09/16 08:24:58 AM:    _text_field_embedder.model.encoder.layer.5.attention.self.value.bias
09/16 08:24:58 AM:    _text_field_embedder.model.encoder.layer.5.attention.self.value.weight
09/16 08:24:58 AM:    _text_field_embedder.model.encoder.layer.5.intermediate.dense.bias
09/16 08:24:58 AM:    _text_field_embedder.model.encoder.layer.5.intermediate.dense.weight
09/16 08:24:58 AM:    _text_field_embedder.model.encoder.layer.5.output.LayerNorm.bias
09/16 08:24:58 AM:    _text_field_embedder.model.encoder.layer.5.output.LayerNorm.weight
09/16 08:24:58 AM:    _text_field_embedder.model.encoder.layer.5.output.dense.bias
09/16 08:24:58 AM:    _text_field_embedder.model.encoder.layer.5.output.dense.weight
09/16 08:24:58 AM:    _text_field_embedder.model.encoder.layer.6.attention.output.LayerNorm.bias
09/16 08:24:58 AM:    _text_field_embedder.model.encoder.layer.6.attention.output.LayerNorm.weight
09/16 08:24:58 AM:    _text_field_embedder.model.encoder.layer.6.attention.output.dense.bias
09/16 08:24:58 AM:    _text_field_embedder.model.encoder.layer.6.attention.output.dense.weight
09/16 08:24:58 AM:    _text_field_embedder.model.encoder.layer.6.attention.self.key.bias
09/16 08:24:58 AM:    _text_field_embedder.model.encoder.layer.6.attention.self.key.weight
09/16 08:24:58 AM:    _text_field_embedder.model.encoder.layer.6.attention.self.query.bias
09/16 08:24:58 AM:    _text_field_embedder.model.encoder.layer.6.attention.self.query.weight
09/16 08:24:58 AM:    _text_field_embedder.model.encoder.layer.6.attention.self.value.bias
09/16 08:24:58 AM:    _text_field_embedder.model.encoder.layer.6.attention.self.value.weight
09/16 08:24:58 AM:    _text_field_embedder.model.encoder.layer.6.intermediate.dense.bias
09/16 08:24:58 AM:    _text_field_embedder.model.encoder.layer.6.intermediate.dense.weight
09/16 08:24:58 AM:    _text_field_embedder.model.encoder.layer.6.output.LayerNorm.bias
09/16 08:24:58 AM:    _text_field_embedder.model.encoder.layer.6.output.LayerNorm.weight
09/16 08:24:58 AM:    _text_field_embedder.model.encoder.layer.6.output.dense.bias
09/16 08:24:58 AM:    _text_field_embedder.model.encoder.layer.6.output.dense.weight
09/16 08:24:58 AM:    _text_field_embedder.model.encoder.layer.7.attention.output.LayerNorm.bias
09/16 08:24:58 AM:    _text_field_embedder.model.encoder.layer.7.attention.output.LayerNorm.weight
09/16 08:24:58 AM:    _text_field_embedder.model.encoder.layer.7.attention.output.dense.bias
09/16 08:24:58 AM:    _text_field_embedder.model.encoder.layer.7.attention.output.dense.weight
09/16 08:24:58 AM:    _text_field_embedder.model.encoder.layer.7.attention.self.key.bias
09/16 08:24:58 AM:    _text_field_embedder.model.encoder.layer.7.attention.self.key.weight
09/16 08:24:58 AM:    _text_field_embedder.model.encoder.layer.7.attention.self.query.bias
09/16 08:24:58 AM:    _text_field_embedder.model.encoder.layer.7.attention.self.query.weight
09/16 08:24:58 AM:    _text_field_embedder.model.encoder.layer.7.attention.self.value.bias
09/16 08:24:58 AM:    _text_field_embedder.model.encoder.layer.7.attention.self.value.weight
09/16 08:24:58 AM:    _text_field_embedder.model.encoder.layer.7.intermediate.dense.bias
09/16 08:24:58 AM:    _text_field_embedder.model.encoder.layer.7.intermediate.dense.weight
09/16 08:24:58 AM:    _text_field_embedder.model.encoder.layer.7.output.LayerNorm.bias
09/16 08:24:58 AM:    _text_field_embedder.model.encoder.layer.7.output.LayerNorm.weight
09/16 08:24:58 AM:    _text_field_embedder.model.encoder.layer.7.output.dense.bias
09/16 08:24:58 AM:    _text_field_embedder.model.encoder.layer.7.output.dense.weight
09/16 08:24:58 AM:    _text_field_embedder.model.encoder.layer.8.attention.output.LayerNorm.bias
09/16 08:24:58 AM:    _text_field_embedder.model.encoder.layer.8.attention.output.LayerNorm.weight
09/16 08:24:58 AM:    _text_field_embedder.model.encoder.layer.8.attention.output.dense.bias
09/16 08:24:58 AM:    _text_field_embedder.model.encoder.layer.8.attention.output.dense.weight
09/16 08:24:58 AM:    _text_field_embedder.model.encoder.layer.8.attention.self.key.bias
09/16 08:24:58 AM:    _text_field_embedder.model.encoder.layer.8.attention.self.key.weight
09/16 08:24:58 AM:    _text_field_embedder.model.encoder.layer.8.attention.self.query.bias
09/16 08:24:58 AM:    _text_field_embedder.model.encoder.layer.8.attention.self.query.weight
09/16 08:24:58 AM:    _text_field_embedder.model.encoder.layer.8.attention.self.value.bias
09/16 08:24:58 AM:    _text_field_embedder.model.encoder.layer.8.attention.self.value.weight
09/16 08:24:58 AM:    _text_field_embedder.model.encoder.layer.8.intermediate.dense.bias
09/16 08:24:58 AM:    _text_field_embedder.model.encoder.layer.8.intermediate.dense.weight
09/16 08:24:58 AM:    _text_field_embedder.model.encoder.layer.8.output.LayerNorm.bias
09/16 08:24:58 AM:    _text_field_embedder.model.encoder.layer.8.output.LayerNorm.weight
09/16 08:24:58 AM:    _text_field_embedder.model.encoder.layer.8.output.dense.bias
09/16 08:24:58 AM:    _text_field_embedder.model.encoder.layer.8.output.dense.weight
09/16 08:24:58 AM:    _text_field_embedder.model.encoder.layer.9.attention.output.LayerNorm.bias
09/16 08:24:58 AM:    _text_field_embedder.model.encoder.layer.9.attention.output.LayerNorm.weight
09/16 08:24:58 AM:    _text_field_embedder.model.encoder.layer.9.attention.output.dense.bias
09/16 08:24:58 AM:    _text_field_embedder.model.encoder.layer.9.attention.output.dense.weight
09/16 08:24:58 AM:    _text_field_embedder.model.encoder.layer.9.attention.self.key.bias
09/16 08:24:58 AM:    _text_field_embedder.model.encoder.layer.9.attention.self.key.weight
09/16 08:24:58 AM:    _text_field_embedder.model.encoder.layer.9.attention.self.query.bias
09/16 08:24:58 AM:    _text_field_embedder.model.encoder.layer.9.attention.self.query.weight
09/16 08:24:58 AM:    _text_field_embedder.model.encoder.layer.9.attention.self.value.bias
09/16 08:24:58 AM:    _text_field_embedder.model.encoder.layer.9.attention.self.value.weight
09/16 08:24:58 AM:    _text_field_embedder.model.encoder.layer.9.intermediate.dense.bias
09/16 08:24:58 AM:    _text_field_embedder.model.encoder.layer.9.intermediate.dense.weight
09/16 08:24:58 AM:    _text_field_embedder.model.encoder.layer.9.output.LayerNorm.bias
09/16 08:24:58 AM:    _text_field_embedder.model.encoder.layer.9.output.LayerNorm.weight
09/16 08:24:58 AM:    _text_field_embedder.model.encoder.layer.9.output.dense.bias
09/16 08:24:58 AM:    _text_field_embedder.model.encoder.layer.9.output.dense.weight
09/16 08:24:58 AM:    _text_field_embedder.model.pooler.dense.bias
09/16 08:24:58 AM:    _text_field_embedder.model.pooler.dense.weight
09/16 08:24:58 AM: 	Task 'edges-spr2' params: {
  "cls_type": "mlp",
  "d_hid": 256,
  "pool_type": "first",
  "d_proj": 512,
  "shared_pair_attn": 0,
  "attn": 0,
  "d_hid_attn": 512,
  "dropout": 0.3,
  "cls_loss_fn": "sigmoid",
  "cls_span_pooling": "attn",
  "edgeprobe_cnn_context": 0,
  "edgeprobe_symmetric": 0,
  "use_classifier": "edges-spr2"
}
09/16 08:25:04 AM: Model specification:
09/16 08:25:04 AM: MultiTaskModel(
  (sent_encoder): SentenceEncoder(
    (_text_field_embedder): BertEmbedderModule(
      (model): BertModel(
        (embeddings): BertEmbeddings(
          (word_embeddings): Embedding(30522, 768, padding_idx=0)
          (position_embeddings): Embedding(512, 768)
          (token_type_embeddings): Embedding(2, 768)
          (LayerNorm): LayerNorm(torch.Size([768]), eps=1e-12, elementwise_affine=True)
          (dropout): Dropout(p=0.1)
        )
        (encoder): BertEncoder(
          (layer): ModuleList(
            (0): BertLayer(
              (attention): BertAttention(
                (self): BertSelfAttention(
                  (query): Linear(in_features=768, out_features=768, bias=True)
                  (key): Linear(in_features=768, out_features=768, bias=True)
                  (value): Linear(in_features=768, out_features=768, bias=True)
                  (dropout): Dropout(p=0.1)
                )
                (output): BertSelfOutput(
                  (dense): Linear(in_features=768, out_features=768, bias=True)
                  (LayerNorm): LayerNorm(torch.Size([768]), eps=1e-12, elementwise_affine=True)
                  (dropout): Dropout(p=0.1)
                )
              )
              (intermediate): BertIntermediate(
                (dense): Linear(in_features=768, out_features=3072, bias=True)
              )
              (output): BertOutput(
                (dense): Linear(in_features=3072, out_features=768, bias=True)
                (LayerNorm): LayerNorm(torch.Size([768]), eps=1e-12, elementwise_affine=True)
                (dropout): Dropout(p=0.1)
              )
            )
            (1): BertLayer(
              (attention): BertAttention(
                (self): BertSelfAttention(
                  (query): Linear(in_features=768, out_features=768, bias=True)
                  (key): Linear(in_features=768, out_features=768, bias=True)
                  (value): Linear(in_features=768, out_features=768, bias=True)
                  (dropout): Dropout(p=0.1)
                )
                (output): BertSelfOutput(
                  (dense): Linear(in_features=768, out_features=768, bias=True)
                  (LayerNorm): LayerNorm(torch.Size([768]), eps=1e-12, elementwise_affine=True)
                  (dropout): Dropout(p=0.1)
                )
              )
              (intermediate): BertIntermediate(
                (dense): Linear(in_features=768, out_features=3072, bias=True)
              )
              (output): BertOutput(
                (dense): Linear(in_features=3072, out_features=768, bias=True)
                (LayerNorm): LayerNorm(torch.Size([768]), eps=1e-12, elementwise_affine=True)
                (dropout): Dropout(p=0.1)
              )
            )
            (2): BertLayer(
              (attention): BertAttention(
                (self): BertSelfAttention(
                  (query): Linear(in_features=768, out_features=768, bias=True)
                  (key): Linear(in_features=768, out_features=768, bias=True)
                  (value): Linear(in_features=768, out_features=768, bias=True)
                  (dropout): Dropout(p=0.1)
                )
                (output): BertSelfOutput(
                  (dense): Linear(in_features=768, out_features=768, bias=True)
                  (LayerNorm): LayerNorm(torch.Size([768]), eps=1e-12, elementwise_affine=True)
                  (dropout): Dropout(p=0.1)
                )
              )
              (intermediate): BertIntermediate(
                (dense): Linear(in_features=768, out_features=3072, bias=True)
              )
              (output): BertOutput(
                (dense): Linear(in_features=3072, out_features=768, bias=True)
                (LayerNorm): LayerNorm(torch.Size([768]), eps=1e-12, elementwise_affine=True)
                (dropout): Dropout(p=0.1)
              )
            )
            (3): BertLayer(
              (attention): BertAttention(
                (self): BertSelfAttention(
                  (query): Linear(in_features=768, out_features=768, bias=True)
                  (key): Linear(in_features=768, out_features=768, bias=True)
                  (value): Linear(in_features=768, out_features=768, bias=True)
                  (dropout): Dropout(p=0.1)
                )
                (output): BertSelfOutput(
                  (dense): Linear(in_features=768, out_features=768, bias=True)
                  (LayerNorm): LayerNorm(torch.Size([768]), eps=1e-12, elementwise_affine=True)
                  (dropout): Dropout(p=0.1)
                )
              )
              (intermediate): BertIntermediate(
                (dense): Linear(in_features=768, out_features=3072, bias=True)
              )
              (output): BertOutput(
                (dense): Linear(in_features=3072, out_features=768, bias=True)
                (LayerNorm): LayerNorm(torch.Size([768]), eps=1e-12, elementwise_affine=True)
                (dropout): Dropout(p=0.1)
              )
            )
            (4): BertLayer(
              (attention): BertAttention(
                (self): BertSelfAttention(
                  (query): Linear(in_features=768, out_features=768, bias=True)
                  (key): Linear(in_features=768, out_features=768, bias=True)
                  (value): Linear(in_features=768, out_features=768, bias=True)
                  (dropout): Dropout(p=0.1)
                )
                (output): BertSelfOutput(
                  (dense): Linear(in_features=768, out_features=768, bias=True)
                  (LayerNorm): LayerNorm(torch.Size([768]), eps=1e-12, elementwise_affine=True)
                  (dropout): Dropout(p=0.1)
                )
              )
              (intermediate): BertIntermediate(
                (dense): Linear(in_features=768, out_features=3072, bias=True)
              )
              (output): BertOutput(
                (dense): Linear(in_features=3072, out_features=768, bias=True)
                (LayerNorm): LayerNorm(torch.Size([768]), eps=1e-12, elementwise_affine=True)
                (dropout): Dropout(p=0.1)
              )
            )
            (5): BertLayer(
              (attention): BertAttention(
                (self): BertSelfAttention(
                  (query): Linear(in_features=768, out_features=768, bias=True)
                  (key): Linear(in_features=768, out_features=768, bias=True)
                  (value): Linear(in_features=768, out_features=768, bias=True)
                  (dropout): Dropout(p=0.1)
                )
                (output): BertSelfOutput(
                  (dense): Linear(in_features=768, out_features=768, bias=True)
                  (LayerNorm): LayerNorm(torch.Size([768]), eps=1e-12, elementwise_affine=True)
                  (dropout): Dropout(p=0.1)
                )
              )
              (intermediate): BertIntermediate(
                (dense): Linear(in_features=768, out_features=3072, bias=True)
              )
              (output): BertOutput(
                (dense): Linear(in_features=3072, out_features=768, bias=True)
                (LayerNorm): LayerNorm(torch.Size([768]), eps=1e-12, elementwise_affine=True)
                (dropout): Dropout(p=0.1)
              )
            )
            (6): BertLayer(
              (attention): BertAttention(
                (self): BertSelfAttention(
                  (query): Linear(in_features=768, out_features=768, bias=True)
                  (key): Linear(in_features=768, out_features=768, bias=True)
                  (value): Linear(in_features=768, out_features=768, bias=True)
                  (dropout): Dropout(p=0.1)
                )
                (output): BertSelfOutput(
                  (dense): Linear(in_features=768, out_features=768, bias=True)
                  (LayerNorm): LayerNorm(torch.Size([768]), eps=1e-12, elementwise_affine=True)
                  (dropout): Dropout(p=0.1)
                )
              )
              (intermediate): BertIntermediate(
                (dense): Linear(in_features=768, out_features=3072, bias=True)
              )
              (output): BertOutput(
                (dense): Linear(in_features=3072, out_features=768, bias=True)
                (LayerNorm): LayerNorm(torch.Size([768]), eps=1e-12, elementwise_affine=True)
                (dropout): Dropout(p=0.1)
              )
            )
            (7): BertLayer(
              (attention): BertAttention(
                (self): BertSelfAttention(
                  (query): Linear(in_features=768, out_features=768, bias=True)
                  (key): Linear(in_features=768, out_features=768, bias=True)
                  (value): Linear(in_features=768, out_features=768, bias=True)
                  (dropout): Dropout(p=0.1)
                )
                (output): BertSelfOutput(
                  (dense): Linear(in_features=768, out_features=768, bias=True)
                  (LayerNorm): LayerNorm(torch.Size([768]), eps=1e-12, elementwise_affine=True)
                  (dropout): Dropout(p=0.1)
                )
              )
              (intermediate): BertIntermediate(
                (dense): Linear(in_features=768, out_features=3072, bias=True)
              )
              (output): BertOutput(
                (dense): Linear(in_features=3072, out_features=768, bias=True)
                (LayerNorm): LayerNorm(torch.Size([768]), eps=1e-12, elementwise_affine=True)
                (dropout): Dropout(p=0.1)
              )
            )
            (8): BertLayer(
              (attention): BertAttention(
                (self): BertSelfAttention(
                  (query): Linear(in_features=768, out_features=768, bias=True)
                  (key): Linear(in_features=768, out_features=768, bias=True)
                  (value): Linear(in_features=768, out_features=768, bias=True)
                  (dropout): Dropout(p=0.1)
                )
                (output): BertSelfOutput(
                  (dense): Linear(in_features=768, out_features=768, bias=True)
                  (LayerNorm): LayerNorm(torch.Size([768]), eps=1e-12, elementwise_affine=True)
                  (dropout): Dropout(p=0.1)
                )
              )
              (intermediate): BertIntermediate(
                (dense): Linear(in_features=768, out_features=3072, bias=True)
              )
              (output): BertOutput(
                (dense): Linear(in_features=3072, out_features=768, bias=True)
                (LayerNorm): LayerNorm(torch.Size([768]), eps=1e-12, elementwise_affine=True)
                (dropout): Dropout(p=0.1)
              )
            )
            (9): BertLayer(
              (attention): BertAttention(
                (self): BertSelfAttention(
                  (query): Linear(in_features=768, out_features=768, bias=True)
                  (key): Linear(in_features=768, out_features=768, bias=True)
                  (value): Linear(in_features=768, out_features=768, bias=True)
                  (dropout): Dropout(p=0.1)
                )
                (output): BertSelfOutput(
                  (dense): Linear(in_features=768, out_features=768, bias=True)
                  (LayerNorm): LayerNorm(torch.Size([768]), eps=1e-12, elementwise_affine=True)
                  (dropout): Dropout(p=0.1)
                )
              )
              (intermediate): BertIntermediate(
                (dense): Linear(in_features=768, out_features=3072, bias=True)
              )
              (output): BertOutput(
                (dense): Linear(in_features=3072, out_features=768, bias=True)
                (LayerNorm): LayerNorm(torch.Size([768]), eps=1e-12, elementwise_affine=True)
                (dropout): Dropout(p=0.1)
              )
            )
            (10): BertLayer(
              (attention): BertAttention(
                (self): BertSelfAttention(
                  (query): Linear(in_features=768, out_features=768, bias=True)
                  (key): Linear(in_features=768, out_features=768, bias=True)
                  (value): Linear(in_features=768, out_features=768, bias=True)
                  (dropout): Dropout(p=0.1)
                )
                (output): BertSelfOutput(
                  (dense): Linear(in_features=768, out_features=768, bias=True)
                  (LayerNorm): LayerNorm(torch.Size([768]), eps=1e-12, elementwise_affine=True)
                  (dropout): Dropout(p=0.1)
                )
              )
              (intermediate): BertIntermediate(
                (dense): Linear(in_features=768, out_features=3072, bias=True)
              )
              (output): BertOutput(
                (dense): Linear(in_features=3072, out_features=768, bias=True)
                (LayerNorm): LayerNorm(torch.Size([768]), eps=1e-12, elementwise_affine=True)
                (dropout): Dropout(p=0.1)
              )
            )
            (11): BertLayer(
              (attention): BertAttention(
                (self): BertSelfAttention(
                  (query): Linear(in_features=768, out_features=768, bias=True)
                  (key): Linear(in_features=768, out_features=768, bias=True)
                  (value): Linear(in_features=768, out_features=768, bias=True)
                  (dropout): Dropout(p=0.1)
                )
                (output): BertSelfOutput(
                  (dense): Linear(in_features=768, out_features=768, bias=True)
                  (LayerNorm): LayerNorm(torch.Size([768]), eps=1e-12, elementwise_affine=True)
                  (dropout): Dropout(p=0.1)
                )
              )
              (intermediate): BertIntermediate(
                (dense): Linear(in_features=768, out_features=3072, bias=True)
              )
              (output): BertOutput(
                (dense): Linear(in_features=3072, out_features=768, bias=True)
                (LayerNorm): LayerNorm(torch.Size([768]), eps=1e-12, elementwise_affine=True)
                (dropout): Dropout(p=0.1)
              )
            )
          )
        )
        (pooler): BertPooler(
          (dense): Linear(in_features=768, out_features=768, bias=True)
          (activation): Tanh()
        )
      )
    )
    (_highway_layer): TimeDistributed(
      (_module): Highway(
        (_layers): ModuleList()
      )
    )
    (_phrase_layer): NullPhraseLayer()
    (_dropout): Dropout(p=0.2)
  )
  (edges-spr2_mdl): EdgeClassifierModule(
    (proj1): Conv1d(768, 256, kernel_size=(1,), stride=(1,))
    (proj2): Conv1d(768, 256, kernel_size=(1,), stride=(1,))
    (span_extractor1): EndpointSpanExtractor()
    (span_extractor2): EndpointSpanExtractor()
    (classifier): Classifier(
      (classifier): Sequential(
        (0): Linear(in_features=1024, out_features=256, bias=True)
        (1): Tanh()
        (2): LayerNorm(torch.Size([256]), eps=1e-05, elementwise_affine=True)
        (3): Dropout(p=0.3)
        (4): Linear(in_features=256, out_features=20, bias=True)
      )
    )
  )
)
09/16 08:25:04 AM: Model parameters:
09/16 08:25:04 AM: 	sent_encoder._text_field_embedder.model.embeddings.word_embeddings.weight: Non-trainable parameter, count 23440896 with torch.Size([30522, 768])
09/16 08:25:04 AM: 	sent_encoder._text_field_embedder.model.embeddings.position_embeddings.weight: Non-trainable parameter, count 393216 with torch.Size([512, 768])
09/16 08:25:04 AM: 	sent_encoder._text_field_embedder.model.embeddings.token_type_embeddings.weight: Non-trainable parameter, count 1536 with torch.Size([2, 768])
09/16 08:25:04 AM: 	sent_encoder._text_field_embedder.model.embeddings.LayerNorm.weight: Non-trainable parameter, count 768 with torch.Size([768])
09/16 08:25:04 AM: 	sent_encoder._text_field_embedder.model.embeddings.LayerNorm.bias: Non-trainable parameter, count 768 with torch.Size([768])
09/16 08:25:04 AM: 	sent_encoder._text_field_embedder.model.encoder.layer.0.attention.self.query.weight: Non-trainable parameter, count 589824 with torch.Size([768, 768])
09/16 08:25:04 AM: 	sent_encoder._text_field_embedder.model.encoder.layer.0.attention.self.query.bias: Non-trainable parameter, count 768 with torch.Size([768])
09/16 08:25:04 AM: 	sent_encoder._text_field_embedder.model.encoder.layer.0.attention.self.key.weight: Non-trainable parameter, count 589824 with torch.Size([768, 768])
09/16 08:25:04 AM: 	sent_encoder._text_field_embedder.model.encoder.layer.0.attention.self.key.bias: Non-trainable parameter, count 768 with torch.Size([768])
09/16 08:25:04 AM: 	sent_encoder._text_field_embedder.model.encoder.layer.0.attention.self.value.weight: Non-trainable parameter, count 589824 with torch.Size([768, 768])
09/16 08:25:04 AM: 	sent_encoder._text_field_embedder.model.encoder.layer.0.attention.self.value.bias: Non-trainable parameter, count 768 with torch.Size([768])
09/16 08:25:04 AM: 	sent_encoder._text_field_embedder.model.encoder.layer.0.attention.output.dense.weight: Non-trainable parameter, count 589824 with torch.Size([768, 768])
09/16 08:25:04 AM: 	sent_encoder._text_field_embedder.model.encoder.layer.0.attention.output.dense.bias: Non-trainable parameter, count 768 with torch.Size([768])
09/16 08:25:04 AM: 	sent_encoder._text_field_embedder.model.encoder.layer.0.attention.output.LayerNorm.weight: Non-trainable parameter, count 768 with torch.Size([768])
09/16 08:25:04 AM: 	sent_encoder._text_field_embedder.model.encoder.layer.0.attention.output.LayerNorm.bias: Non-trainable parameter, count 768 with torch.Size([768])
09/16 08:25:04 AM: 	sent_encoder._text_field_embedder.model.encoder.layer.0.intermediate.dense.weight: Non-trainable parameter, count 2359296 with torch.Size([3072, 768])
09/16 08:25:04 AM: 	sent_encoder._text_field_embedder.model.encoder.layer.0.intermediate.dense.bias: Non-trainable parameter, count 3072 with torch.Size([3072])
09/16 08:25:04 AM: 	sent_encoder._text_field_embedder.model.encoder.layer.0.output.dense.weight: Non-trainable parameter, count 2359296 with torch.Size([768, 3072])
09/16 08:25:04 AM: 	sent_encoder._text_field_embedder.model.encoder.layer.0.output.dense.bias: Non-trainable parameter, count 768 with torch.Size([768])
09/16 08:25:04 AM: 	sent_encoder._text_field_embedder.model.encoder.layer.0.output.LayerNorm.weight: Non-trainable parameter, count 768 with torch.Size([768])
09/16 08:25:04 AM: 	sent_encoder._text_field_embedder.model.encoder.layer.0.output.LayerNorm.bias: Non-trainable parameter, count 768 with torch.Size([768])
09/16 08:25:04 AM: 	sent_encoder._text_field_embedder.model.encoder.layer.1.attention.self.query.weight: Non-trainable parameter, count 589824 with torch.Size([768, 768])
09/16 08:25:04 AM: 	sent_encoder._text_field_embedder.model.encoder.layer.1.attention.self.query.bias: Non-trainable parameter, count 768 with torch.Size([768])
09/16 08:25:04 AM: 	sent_encoder._text_field_embedder.model.encoder.layer.1.attention.self.key.weight: Non-trainable parameter, count 589824 with torch.Size([768, 768])
09/16 08:25:04 AM: 	sent_encoder._text_field_embedder.model.encoder.layer.1.attention.self.key.bias: Non-trainable parameter, count 768 with torch.Size([768])
09/16 08:25:04 AM: 	sent_encoder._text_field_embedder.model.encoder.layer.1.attention.self.value.weight: Non-trainable parameter, count 589824 with torch.Size([768, 768])
09/16 08:25:04 AM: 	sent_encoder._text_field_embedder.model.encoder.layer.1.attention.self.value.bias: Non-trainable parameter, count 768 with torch.Size([768])
09/16 08:25:04 AM: 	sent_encoder._text_field_embedder.model.encoder.layer.1.attention.output.dense.weight: Non-trainable parameter, count 589824 with torch.Size([768, 768])
09/16 08:25:04 AM: 	sent_encoder._text_field_embedder.model.encoder.layer.1.attention.output.dense.bias: Non-trainable parameter, count 768 with torch.Size([768])
09/16 08:25:04 AM: 	sent_encoder._text_field_embedder.model.encoder.layer.1.attention.output.LayerNorm.weight: Non-trainable parameter, count 768 with torch.Size([768])
09/16 08:25:04 AM: 	sent_encoder._text_field_embedder.model.encoder.layer.1.attention.output.LayerNorm.bias: Non-trainable parameter, count 768 with torch.Size([768])
09/16 08:25:04 AM: 	sent_encoder._text_field_embedder.model.encoder.layer.1.intermediate.dense.weight: Non-trainable parameter, count 2359296 with torch.Size([3072, 768])
09/16 08:25:04 AM: 	sent_encoder._text_field_embedder.model.encoder.layer.1.intermediate.dense.bias: Non-trainable parameter, count 3072 with torch.Size([3072])
09/16 08:25:04 AM: 	sent_encoder._text_field_embedder.model.encoder.layer.1.output.dense.weight: Non-trainable parameter, count 2359296 with torch.Size([768, 3072])
09/16 08:25:04 AM: 	sent_encoder._text_field_embedder.model.encoder.layer.1.output.dense.bias: Non-trainable parameter, count 768 with torch.Size([768])
09/16 08:25:04 AM: 	sent_encoder._text_field_embedder.model.encoder.layer.1.output.LayerNorm.weight: Non-trainable parameter, count 768 with torch.Size([768])
09/16 08:25:04 AM: 	sent_encoder._text_field_embedder.model.encoder.layer.1.output.LayerNorm.bias: Non-trainable parameter, count 768 with torch.Size([768])
09/16 08:25:04 AM: 	sent_encoder._text_field_embedder.model.encoder.layer.2.attention.self.query.weight: Non-trainable parameter, count 589824 with torch.Size([768, 768])
09/16 08:25:04 AM: 	sent_encoder._text_field_embedder.model.encoder.layer.2.attention.self.query.bias: Non-trainable parameter, count 768 with torch.Size([768])
09/16 08:25:04 AM: 	sent_encoder._text_field_embedder.model.encoder.layer.2.attention.self.key.weight: Non-trainable parameter, count 589824 with torch.Size([768, 768])
09/16 08:25:04 AM: 	sent_encoder._text_field_embedder.model.encoder.layer.2.attention.self.key.bias: Non-trainable parameter, count 768 with torch.Size([768])
09/16 08:25:04 AM: 	sent_encoder._text_field_embedder.model.encoder.layer.2.attention.self.value.weight: Non-trainable parameter, count 589824 with torch.Size([768, 768])
09/16 08:25:04 AM: 	sent_encoder._text_field_embedder.model.encoder.layer.2.attention.self.value.bias: Non-trainable parameter, count 768 with torch.Size([768])
09/16 08:25:04 AM: 	sent_encoder._text_field_embedder.model.encoder.layer.2.attention.output.dense.weight: Non-trainable parameter, count 589824 with torch.Size([768, 768])
09/16 08:25:04 AM: 	sent_encoder._text_field_embedder.model.encoder.layer.2.attention.output.dense.bias: Non-trainable parameter, count 768 with torch.Size([768])
09/16 08:25:04 AM: 	sent_encoder._text_field_embedder.model.encoder.layer.2.attention.output.LayerNorm.weight: Non-trainable parameter, count 768 with torch.Size([768])
09/16 08:25:04 AM: 	sent_encoder._text_field_embedder.model.encoder.layer.2.attention.output.LayerNorm.bias: Non-trainable parameter, count 768 with torch.Size([768])
09/16 08:25:04 AM: 	sent_encoder._text_field_embedder.model.encoder.layer.2.intermediate.dense.weight: Non-trainable parameter, count 2359296 with torch.Size([3072, 768])
09/16 08:25:04 AM: 	sent_encoder._text_field_embedder.model.encoder.layer.2.intermediate.dense.bias: Non-trainable parameter, count 3072 with torch.Size([3072])
09/16 08:25:04 AM: 	sent_encoder._text_field_embedder.model.encoder.layer.2.output.dense.weight: Non-trainable parameter, count 2359296 with torch.Size([768, 3072])
09/16 08:25:04 AM: 	sent_encoder._text_field_embedder.model.encoder.layer.2.output.dense.bias: Non-trainable parameter, count 768 with torch.Size([768])
09/16 08:25:04 AM: 	sent_encoder._text_field_embedder.model.encoder.layer.2.output.LayerNorm.weight: Non-trainable parameter, count 768 with torch.Size([768])
09/16 08:25:04 AM: 	sent_encoder._text_field_embedder.model.encoder.layer.2.output.LayerNorm.bias: Non-trainable parameter, count 768 with torch.Size([768])
09/16 08:25:04 AM: 	sent_encoder._text_field_embedder.model.encoder.layer.3.attention.self.query.weight: Non-trainable parameter, count 589824 with torch.Size([768, 768])
09/16 08:25:04 AM: 	sent_encoder._text_field_embedder.model.encoder.layer.3.attention.self.query.bias: Non-trainable parameter, count 768 with torch.Size([768])
09/16 08:25:04 AM: 	sent_encoder._text_field_embedder.model.encoder.layer.3.attention.self.key.weight: Non-trainable parameter, count 589824 with torch.Size([768, 768])
09/16 08:25:04 AM: 	sent_encoder._text_field_embedder.model.encoder.layer.3.attention.self.key.bias: Non-trainable parameter, count 768 with torch.Size([768])
09/16 08:25:04 AM: 	sent_encoder._text_field_embedder.model.encoder.layer.3.attention.self.value.weight: Non-trainable parameter, count 589824 with torch.Size([768, 768])
09/16 08:25:04 AM: 	sent_encoder._text_field_embedder.model.encoder.layer.3.attention.self.value.bias: Non-trainable parameter, count 768 with torch.Size([768])
09/16 08:25:04 AM: 	sent_encoder._text_field_embedder.model.encoder.layer.3.attention.output.dense.weight: Non-trainable parameter, count 589824 with torch.Size([768, 768])
09/16 08:25:04 AM: 	sent_encoder._text_field_embedder.model.encoder.layer.3.attention.output.dense.bias: Non-trainable parameter, count 768 with torch.Size([768])
09/16 08:25:04 AM: 	sent_encoder._text_field_embedder.model.encoder.layer.3.attention.output.LayerNorm.weight: Non-trainable parameter, count 768 with torch.Size([768])
09/16 08:25:04 AM: 	sent_encoder._text_field_embedder.model.encoder.layer.3.attention.output.LayerNorm.bias: Non-trainable parameter, count 768 with torch.Size([768])
09/16 08:25:04 AM: 	sent_encoder._text_field_embedder.model.encoder.layer.3.intermediate.dense.weight: Non-trainable parameter, count 2359296 with torch.Size([3072, 768])
09/16 08:25:04 AM: 	sent_encoder._text_field_embedder.model.encoder.layer.3.intermediate.dense.bias: Non-trainable parameter, count 3072 with torch.Size([3072])
09/16 08:25:04 AM: 	sent_encoder._text_field_embedder.model.encoder.layer.3.output.dense.weight: Non-trainable parameter, count 2359296 with torch.Size([768, 3072])
09/16 08:25:04 AM: 	sent_encoder._text_field_embedder.model.encoder.layer.3.output.dense.bias: Non-trainable parameter, count 768 with torch.Size([768])
09/16 08:25:04 AM: 	sent_encoder._text_field_embedder.model.encoder.layer.3.output.LayerNorm.weight: Non-trainable parameter, count 768 with torch.Size([768])
09/16 08:25:04 AM: 	sent_encoder._text_field_embedder.model.encoder.layer.3.output.LayerNorm.bias: Non-trainable parameter, count 768 with torch.Size([768])
09/16 08:25:04 AM: 	sent_encoder._text_field_embedder.model.encoder.layer.4.attention.self.query.weight: Non-trainable parameter, count 589824 with torch.Size([768, 768])
09/16 08:25:04 AM: 	sent_encoder._text_field_embedder.model.encoder.layer.4.attention.self.query.bias: Non-trainable parameter, count 768 with torch.Size([768])
09/16 08:25:04 AM: 	sent_encoder._text_field_embedder.model.encoder.layer.4.attention.self.key.weight: Non-trainable parameter, count 589824 with torch.Size([768, 768])
09/16 08:25:04 AM: 	sent_encoder._text_field_embedder.model.encoder.layer.4.attention.self.key.bias: Non-trainable parameter, count 768 with torch.Size([768])
09/16 08:25:04 AM: 	sent_encoder._text_field_embedder.model.encoder.layer.4.attention.self.value.weight: Non-trainable parameter, count 589824 with torch.Size([768, 768])
09/16 08:25:04 AM: 	sent_encoder._text_field_embedder.model.encoder.layer.4.attention.self.value.bias: Non-trainable parameter, count 768 with torch.Size([768])
09/16 08:25:04 AM: 	sent_encoder._text_field_embedder.model.encoder.layer.4.attention.output.dense.weight: Non-trainable parameter, count 589824 with torch.Size([768, 768])
09/16 08:25:04 AM: 	sent_encoder._text_field_embedder.model.encoder.layer.4.attention.output.dense.bias: Non-trainable parameter, count 768 with torch.Size([768])
09/16 08:25:04 AM: 	sent_encoder._text_field_embedder.model.encoder.layer.4.attention.output.LayerNorm.weight: Non-trainable parameter, count 768 with torch.Size([768])
09/16 08:25:04 AM: 	sent_encoder._text_field_embedder.model.encoder.layer.4.attention.output.LayerNorm.bias: Non-trainable parameter, count 768 with torch.Size([768])
09/16 08:25:04 AM: 	sent_encoder._text_field_embedder.model.encoder.layer.4.intermediate.dense.weight: Non-trainable parameter, count 2359296 with torch.Size([3072, 768])
09/16 08:25:04 AM: 	sent_encoder._text_field_embedder.model.encoder.layer.4.intermediate.dense.bias: Non-trainable parameter, count 3072 with torch.Size([3072])
09/16 08:25:04 AM: 	sent_encoder._text_field_embedder.model.encoder.layer.4.output.dense.weight: Non-trainable parameter, count 2359296 with torch.Size([768, 3072])
09/16 08:25:04 AM: 	sent_encoder._text_field_embedder.model.encoder.layer.4.output.dense.bias: Non-trainable parameter, count 768 with torch.Size([768])
09/16 08:25:04 AM: 	sent_encoder._text_field_embedder.model.encoder.layer.4.output.LayerNorm.weight: Non-trainable parameter, count 768 with torch.Size([768])
09/16 08:25:04 AM: 	sent_encoder._text_field_embedder.model.encoder.layer.4.output.LayerNorm.bias: Non-trainable parameter, count 768 with torch.Size([768])
09/16 08:25:04 AM: 	sent_encoder._text_field_embedder.model.encoder.layer.5.attention.self.query.weight: Non-trainable parameter, count 589824 with torch.Size([768, 768])
09/16 08:25:04 AM: 	sent_encoder._text_field_embedder.model.encoder.layer.5.attention.self.query.bias: Non-trainable parameter, count 768 with torch.Size([768])
09/16 08:25:04 AM: 	sent_encoder._text_field_embedder.model.encoder.layer.5.attention.self.key.weight: Non-trainable parameter, count 589824 with torch.Size([768, 768])
09/16 08:25:04 AM: 	sent_encoder._text_field_embedder.model.encoder.layer.5.attention.self.key.bias: Non-trainable parameter, count 768 with torch.Size([768])
09/16 08:25:04 AM: 	sent_encoder._text_field_embedder.model.encoder.layer.5.attention.self.value.weight: Non-trainable parameter, count 589824 with torch.Size([768, 768])
09/16 08:25:04 AM: 	sent_encoder._text_field_embedder.model.encoder.layer.5.attention.self.value.bias: Non-trainable parameter, count 768 with torch.Size([768])
09/16 08:25:04 AM: 	sent_encoder._text_field_embedder.model.encoder.layer.5.attention.output.dense.weight: Non-trainable parameter, count 589824 with torch.Size([768, 768])
09/16 08:25:04 AM: 	sent_encoder._text_field_embedder.model.encoder.layer.5.attention.output.dense.bias: Non-trainable parameter, count 768 with torch.Size([768])
09/16 08:25:04 AM: 	sent_encoder._text_field_embedder.model.encoder.layer.5.attention.output.LayerNorm.weight: Non-trainable parameter, count 768 with torch.Size([768])
09/16 08:25:04 AM: 	sent_encoder._text_field_embedder.model.encoder.layer.5.attention.output.LayerNorm.bias: Non-trainable parameter, count 768 with torch.Size([768])
09/16 08:25:04 AM: 	sent_encoder._text_field_embedder.model.encoder.layer.5.intermediate.dense.weight: Non-trainable parameter, count 2359296 with torch.Size([3072, 768])
09/16 08:25:04 AM: 	sent_encoder._text_field_embedder.model.encoder.layer.5.intermediate.dense.bias: Non-trainable parameter, count 3072 with torch.Size([3072])
09/16 08:25:04 AM: 	sent_encoder._text_field_embedder.model.encoder.layer.5.output.dense.weight: Non-trainable parameter, count 2359296 with torch.Size([768, 3072])
09/16 08:25:04 AM: 	sent_encoder._text_field_embedder.model.encoder.layer.5.output.dense.bias: Non-trainable parameter, count 768 with torch.Size([768])
09/16 08:25:04 AM: 	sent_encoder._text_field_embedder.model.encoder.layer.5.output.LayerNorm.weight: Non-trainable parameter, count 768 with torch.Size([768])
09/16 08:25:04 AM: 	sent_encoder._text_field_embedder.model.encoder.layer.5.output.LayerNorm.bias: Non-trainable parameter, count 768 with torch.Size([768])
09/16 08:25:04 AM: 	sent_encoder._text_field_embedder.model.encoder.layer.6.attention.self.query.weight: Non-trainable parameter, count 589824 with torch.Size([768, 768])
09/16 08:25:04 AM: 	sent_encoder._text_field_embedder.model.encoder.layer.6.attention.self.query.bias: Non-trainable parameter, count 768 with torch.Size([768])
09/16 08:25:04 AM: 	sent_encoder._text_field_embedder.model.encoder.layer.6.attention.self.key.weight: Non-trainable parameter, count 589824 with torch.Size([768, 768])
09/16 08:25:04 AM: 	sent_encoder._text_field_embedder.model.encoder.layer.6.attention.self.key.bias: Non-trainable parameter, count 768 with torch.Size([768])
09/16 08:25:04 AM: 	sent_encoder._text_field_embedder.model.encoder.layer.6.attention.self.value.weight: Non-trainable parameter, count 589824 with torch.Size([768, 768])
09/16 08:25:04 AM: 	sent_encoder._text_field_embedder.model.encoder.layer.6.attention.self.value.bias: Non-trainable parameter, count 768 with torch.Size([768])
09/16 08:25:04 AM: 	sent_encoder._text_field_embedder.model.encoder.layer.6.attention.output.dense.weight: Non-trainable parameter, count 589824 with torch.Size([768, 768])
09/16 08:25:04 AM: 	sent_encoder._text_field_embedder.model.encoder.layer.6.attention.output.dense.bias: Non-trainable parameter, count 768 with torch.Size([768])
09/16 08:25:04 AM: 	sent_encoder._text_field_embedder.model.encoder.layer.6.attention.output.LayerNorm.weight: Non-trainable parameter, count 768 with torch.Size([768])
09/16 08:25:04 AM: 	sent_encoder._text_field_embedder.model.encoder.layer.6.attention.output.LayerNorm.bias: Non-trainable parameter, count 768 with torch.Size([768])
09/16 08:25:04 AM: 	sent_encoder._text_field_embedder.model.encoder.layer.6.intermediate.dense.weight: Non-trainable parameter, count 2359296 with torch.Size([3072, 768])
09/16 08:25:04 AM: 	sent_encoder._text_field_embedder.model.encoder.layer.6.intermediate.dense.bias: Non-trainable parameter, count 3072 with torch.Size([3072])
09/16 08:25:04 AM: 	sent_encoder._text_field_embedder.model.encoder.layer.6.output.dense.weight: Non-trainable parameter, count 2359296 with torch.Size([768, 3072])
09/16 08:25:04 AM: 	sent_encoder._text_field_embedder.model.encoder.layer.6.output.dense.bias: Non-trainable parameter, count 768 with torch.Size([768])
09/16 08:25:04 AM: 	sent_encoder._text_field_embedder.model.encoder.layer.6.output.LayerNorm.weight: Non-trainable parameter, count 768 with torch.Size([768])
09/16 08:25:04 AM: 	sent_encoder._text_field_embedder.model.encoder.layer.6.output.LayerNorm.bias: Non-trainable parameter, count 768 with torch.Size([768])
09/16 08:25:04 AM: 	sent_encoder._text_field_embedder.model.encoder.layer.7.attention.self.query.weight: Non-trainable parameter, count 589824 with torch.Size([768, 768])
09/16 08:25:04 AM: 	sent_encoder._text_field_embedder.model.encoder.layer.7.attention.self.query.bias: Non-trainable parameter, count 768 with torch.Size([768])
09/16 08:25:04 AM: 	sent_encoder._text_field_embedder.model.encoder.layer.7.attention.self.key.weight: Non-trainable parameter, count 589824 with torch.Size([768, 768])
09/16 08:25:04 AM: 	sent_encoder._text_field_embedder.model.encoder.layer.7.attention.self.key.bias: Non-trainable parameter, count 768 with torch.Size([768])
09/16 08:25:04 AM: 	sent_encoder._text_field_embedder.model.encoder.layer.7.attention.self.value.weight: Non-trainable parameter, count 589824 with torch.Size([768, 768])
09/16 08:25:04 AM: 	sent_encoder._text_field_embedder.model.encoder.layer.7.attention.self.value.bias: Non-trainable parameter, count 768 with torch.Size([768])
09/16 08:25:04 AM: 	sent_encoder._text_field_embedder.model.encoder.layer.7.attention.output.dense.weight: Non-trainable parameter, count 589824 with torch.Size([768, 768])
09/16 08:25:04 AM: 	sent_encoder._text_field_embedder.model.encoder.layer.7.attention.output.dense.bias: Non-trainable parameter, count 768 with torch.Size([768])
09/16 08:25:04 AM: 	sent_encoder._text_field_embedder.model.encoder.layer.7.attention.output.LayerNorm.weight: Non-trainable parameter, count 768 with torch.Size([768])
09/16 08:25:04 AM: 	sent_encoder._text_field_embedder.model.encoder.layer.7.attention.output.LayerNorm.bias: Non-trainable parameter, count 768 with torch.Size([768])
09/16 08:25:04 AM: 	sent_encoder._text_field_embedder.model.encoder.layer.7.intermediate.dense.weight: Non-trainable parameter, count 2359296 with torch.Size([3072, 768])
09/16 08:25:04 AM: 	sent_encoder._text_field_embedder.model.encoder.layer.7.intermediate.dense.bias: Non-trainable parameter, count 3072 with torch.Size([3072])
09/16 08:25:04 AM: 	sent_encoder._text_field_embedder.model.encoder.layer.7.output.dense.weight: Non-trainable parameter, count 2359296 with torch.Size([768, 3072])
09/16 08:25:04 AM: 	sent_encoder._text_field_embedder.model.encoder.layer.7.output.dense.bias: Non-trainable parameter, count 768 with torch.Size([768])
09/16 08:25:04 AM: 	sent_encoder._text_field_embedder.model.encoder.layer.7.output.LayerNorm.weight: Non-trainable parameter, count 768 with torch.Size([768])
09/16 08:25:04 AM: 	sent_encoder._text_field_embedder.model.encoder.layer.7.output.LayerNorm.bias: Non-trainable parameter, count 768 with torch.Size([768])
09/16 08:25:04 AM: 	sent_encoder._text_field_embedder.model.encoder.layer.8.attention.self.query.weight: Non-trainable parameter, count 589824 with torch.Size([768, 768])
09/16 08:25:04 AM: 	sent_encoder._text_field_embedder.model.encoder.layer.8.attention.self.query.bias: Non-trainable parameter, count 768 with torch.Size([768])
09/16 08:25:04 AM: 	sent_encoder._text_field_embedder.model.encoder.layer.8.attention.self.key.weight: Non-trainable parameter, count 589824 with torch.Size([768, 768])
09/16 08:25:04 AM: 	sent_encoder._text_field_embedder.model.encoder.layer.8.attention.self.key.bias: Non-trainable parameter, count 768 with torch.Size([768])
09/16 08:25:04 AM: 	sent_encoder._text_field_embedder.model.encoder.layer.8.attention.self.value.weight: Non-trainable parameter, count 589824 with torch.Size([768, 768])
09/16 08:25:04 AM: 	sent_encoder._text_field_embedder.model.encoder.layer.8.attention.self.value.bias: Non-trainable parameter, count 768 with torch.Size([768])
09/16 08:25:04 AM: 	sent_encoder._text_field_embedder.model.encoder.layer.8.attention.output.dense.weight: Non-trainable parameter, count 589824 with torch.Size([768, 768])
09/16 08:25:04 AM: 	sent_encoder._text_field_embedder.model.encoder.layer.8.attention.output.dense.bias: Non-trainable parameter, count 768 with torch.Size([768])
09/16 08:25:04 AM: 	sent_encoder._text_field_embedder.model.encoder.layer.8.attention.output.LayerNorm.weight: Non-trainable parameter, count 768 with torch.Size([768])
09/16 08:25:04 AM: 	sent_encoder._text_field_embedder.model.encoder.layer.8.attention.output.LayerNorm.bias: Non-trainable parameter, count 768 with torch.Size([768])
09/16 08:25:04 AM: 	sent_encoder._text_field_embedder.model.encoder.layer.8.intermediate.dense.weight: Non-trainable parameter, count 2359296 with torch.Size([3072, 768])
09/16 08:25:04 AM: 	sent_encoder._text_field_embedder.model.encoder.layer.8.intermediate.dense.bias: Non-trainable parameter, count 3072 with torch.Size([3072])
09/16 08:25:04 AM: 	sent_encoder._text_field_embedder.model.encoder.layer.8.output.dense.weight: Non-trainable parameter, count 2359296 with torch.Size([768, 3072])
09/16 08:25:04 AM: 	sent_encoder._text_field_embedder.model.encoder.layer.8.output.dense.bias: Non-trainable parameter, count 768 with torch.Size([768])
09/16 08:25:04 AM: 	sent_encoder._text_field_embedder.model.encoder.layer.8.output.LayerNorm.weight: Non-trainable parameter, count 768 with torch.Size([768])
09/16 08:25:04 AM: 	sent_encoder._text_field_embedder.model.encoder.layer.8.output.LayerNorm.bias: Non-trainable parameter, count 768 with torch.Size([768])
09/16 08:25:04 AM: 	sent_encoder._text_field_embedder.model.encoder.layer.9.attention.self.query.weight: Non-trainable parameter, count 589824 with torch.Size([768, 768])
09/16 08:25:04 AM: 	sent_encoder._text_field_embedder.model.encoder.layer.9.attention.self.query.bias: Non-trainable parameter, count 768 with torch.Size([768])
09/16 08:25:04 AM: 	sent_encoder._text_field_embedder.model.encoder.layer.9.attention.self.key.weight: Non-trainable parameter, count 589824 with torch.Size([768, 768])
09/16 08:25:04 AM: 	sent_encoder._text_field_embedder.model.encoder.layer.9.attention.self.key.bias: Non-trainable parameter, count 768 with torch.Size([768])
09/16 08:25:04 AM: 	sent_encoder._text_field_embedder.model.encoder.layer.9.attention.self.value.weight: Non-trainable parameter, count 589824 with torch.Size([768, 768])
09/16 08:25:04 AM: 	sent_encoder._text_field_embedder.model.encoder.layer.9.attention.self.value.bias: Non-trainable parameter, count 768 with torch.Size([768])
09/16 08:25:04 AM: 	sent_encoder._text_field_embedder.model.encoder.layer.9.attention.output.dense.weight: Non-trainable parameter, count 589824 with torch.Size([768, 768])
09/16 08:25:04 AM: 	sent_encoder._text_field_embedder.model.encoder.layer.9.attention.output.dense.bias: Non-trainable parameter, count 768 with torch.Size([768])
09/16 08:25:04 AM: 	sent_encoder._text_field_embedder.model.encoder.layer.9.attention.output.LayerNorm.weight: Non-trainable parameter, count 768 with torch.Size([768])
09/16 08:25:04 AM: 	sent_encoder._text_field_embedder.model.encoder.layer.9.attention.output.LayerNorm.bias: Non-trainable parameter, count 768 with torch.Size([768])
09/16 08:25:04 AM: 	sent_encoder._text_field_embedder.model.encoder.layer.9.intermediate.dense.weight: Non-trainable parameter, count 2359296 with torch.Size([3072, 768])
09/16 08:25:04 AM: 	sent_encoder._text_field_embedder.model.encoder.layer.9.intermediate.dense.bias: Non-trainable parameter, count 3072 with torch.Size([3072])
09/16 08:25:04 AM: 	sent_encoder._text_field_embedder.model.encoder.layer.9.output.dense.weight: Non-trainable parameter, count 2359296 with torch.Size([768, 3072])
09/16 08:25:04 AM: 	sent_encoder._text_field_embedder.model.encoder.layer.9.output.dense.bias: Non-trainable parameter, count 768 with torch.Size([768])
09/16 08:25:04 AM: 	sent_encoder._text_field_embedder.model.encoder.layer.9.output.LayerNorm.weight: Non-trainable parameter, count 768 with torch.Size([768])
09/16 08:25:04 AM: 	sent_encoder._text_field_embedder.model.encoder.layer.9.output.LayerNorm.bias: Non-trainable parameter, count 768 with torch.Size([768])
09/16 08:25:04 AM: 	sent_encoder._text_field_embedder.model.encoder.layer.10.attention.self.query.weight: Non-trainable parameter, count 589824 with torch.Size([768, 768])
09/16 08:25:04 AM: 	sent_encoder._text_field_embedder.model.encoder.layer.10.attention.self.query.bias: Non-trainable parameter, count 768 with torch.Size([768])
09/16 08:25:04 AM: 	sent_encoder._text_field_embedder.model.encoder.layer.10.attention.self.key.weight: Non-trainable parameter, count 589824 with torch.Size([768, 768])
09/16 08:25:04 AM: 	sent_encoder._text_field_embedder.model.encoder.layer.10.attention.self.key.bias: Non-trainable parameter, count 768 with torch.Size([768])
09/16 08:25:04 AM: 	sent_encoder._text_field_embedder.model.encoder.layer.10.attention.self.value.weight: Non-trainable parameter, count 589824 with torch.Size([768, 768])
09/16 08:25:04 AM: 	sent_encoder._text_field_embedder.model.encoder.layer.10.attention.self.value.bias: Non-trainable parameter, count 768 with torch.Size([768])
09/16 08:25:04 AM: 	sent_encoder._text_field_embedder.model.encoder.layer.10.attention.output.dense.weight: Non-trainable parameter, count 589824 with torch.Size([768, 768])
09/16 08:25:04 AM: 	sent_encoder._text_field_embedder.model.encoder.layer.10.attention.output.dense.bias: Non-trainable parameter, count 768 with torch.Size([768])
09/16 08:25:04 AM: 	sent_encoder._text_field_embedder.model.encoder.layer.10.attention.output.LayerNorm.weight: Non-trainable parameter, count 768 with torch.Size([768])
09/16 08:25:04 AM: 	sent_encoder._text_field_embedder.model.encoder.layer.10.attention.output.LayerNorm.bias: Non-trainable parameter, count 768 with torch.Size([768])
09/16 08:25:04 AM: 	sent_encoder._text_field_embedder.model.encoder.layer.10.intermediate.dense.weight: Non-trainable parameter, count 2359296 with torch.Size([3072, 768])
09/16 08:25:04 AM: 	sent_encoder._text_field_embedder.model.encoder.layer.10.intermediate.dense.bias: Non-trainable parameter, count 3072 with torch.Size([3072])
09/16 08:25:04 AM: 	sent_encoder._text_field_embedder.model.encoder.layer.10.output.dense.weight: Non-trainable parameter, count 2359296 with torch.Size([768, 3072])
09/16 08:25:04 AM: 	sent_encoder._text_field_embedder.model.encoder.layer.10.output.dense.bias: Non-trainable parameter, count 768 with torch.Size([768])
09/16 08:25:04 AM: 	sent_encoder._text_field_embedder.model.encoder.layer.10.output.LayerNorm.weight: Non-trainable parameter, count 768 with torch.Size([768])
09/16 08:25:04 AM: 	sent_encoder._text_field_embedder.model.encoder.layer.10.output.LayerNorm.bias: Non-trainable parameter, count 768 with torch.Size([768])
09/16 08:25:04 AM: 	sent_encoder._text_field_embedder.model.encoder.layer.11.attention.self.query.weight: Non-trainable parameter, count 589824 with torch.Size([768, 768])
09/16 08:25:04 AM: 	sent_encoder._text_field_embedder.model.encoder.layer.11.attention.self.query.bias: Non-trainable parameter, count 768 with torch.Size([768])
09/16 08:25:04 AM: 	sent_encoder._text_field_embedder.model.encoder.layer.11.attention.self.key.weight: Non-trainable parameter, count 589824 with torch.Size([768, 768])
09/16 08:25:04 AM: 	sent_encoder._text_field_embedder.model.encoder.layer.11.attention.self.key.bias: Non-trainable parameter, count 768 with torch.Size([768])
09/16 08:25:04 AM: 	sent_encoder._text_field_embedder.model.encoder.layer.11.attention.self.value.weight: Non-trainable parameter, count 589824 with torch.Size([768, 768])
09/16 08:25:04 AM: 	sent_encoder._text_field_embedder.model.encoder.layer.11.attention.self.value.bias: Non-trainable parameter, count 768 with torch.Size([768])
09/16 08:25:04 AM: 	sent_encoder._text_field_embedder.model.encoder.layer.11.attention.output.dense.weight: Non-trainable parameter, count 589824 with torch.Size([768, 768])
09/16 08:25:04 AM: 	sent_encoder._text_field_embedder.model.encoder.layer.11.attention.output.dense.bias: Non-trainable parameter, count 768 with torch.Size([768])
09/16 08:25:04 AM: 	sent_encoder._text_field_embedder.model.encoder.layer.11.attention.output.LayerNorm.weight: Non-trainable parameter, count 768 with torch.Size([768])
09/16 08:25:04 AM: 	sent_encoder._text_field_embedder.model.encoder.layer.11.attention.output.LayerNorm.bias: Non-trainable parameter, count 768 with torch.Size([768])
09/16 08:25:04 AM: 	sent_encoder._text_field_embedder.model.encoder.layer.11.intermediate.dense.weight: Non-trainable parameter, count 2359296 with torch.Size([3072, 768])
09/16 08:25:04 AM: 	sent_encoder._text_field_embedder.model.encoder.layer.11.intermediate.dense.bias: Non-trainable parameter, count 3072 with torch.Size([3072])
09/16 08:25:04 AM: 	sent_encoder._text_field_embedder.model.encoder.layer.11.output.dense.weight: Non-trainable parameter, count 2359296 with torch.Size([768, 3072])
09/16 08:25:04 AM: 	sent_encoder._text_field_embedder.model.encoder.layer.11.output.dense.bias: Non-trainable parameter, count 768 with torch.Size([768])
09/16 08:25:04 AM: 	sent_encoder._text_field_embedder.model.encoder.layer.11.output.LayerNorm.weight: Non-trainable parameter, count 768 with torch.Size([768])
09/16 08:25:04 AM: 	sent_encoder._text_field_embedder.model.encoder.layer.11.output.LayerNorm.bias: Non-trainable parameter, count 768 with torch.Size([768])
09/16 08:25:04 AM: 	sent_encoder._text_field_embedder.model.pooler.dense.weight: Non-trainable parameter, count 589824 with torch.Size([768, 768])
09/16 08:25:04 AM: 	sent_encoder._text_field_embedder.model.pooler.dense.bias: Non-trainable parameter, count 768 with torch.Size([768])
09/16 08:25:04 AM: 	edges-spr2_mdl.proj1.weight: Trainable parameter, count 196608 with torch.Size([256, 768, 1])
09/16 08:25:04 AM: 	edges-spr2_mdl.proj1.bias: Trainable parameter, count 256 with torch.Size([256])
09/16 08:25:04 AM: 	edges-spr2_mdl.proj2.weight: Trainable parameter, count 196608 with torch.Size([256, 768, 1])
09/16 08:25:04 AM: 	edges-spr2_mdl.proj2.bias: Trainable parameter, count 256 with torch.Size([256])
09/16 08:25:04 AM: 	edges-spr2_mdl.classifier.classifier.0.weight: Trainable parameter, count 262144 with torch.Size([256, 1024])
09/16 08:25:04 AM: 	edges-spr2_mdl.classifier.classifier.0.bias: Trainable parameter, count 256 with torch.Size([256])
09/16 08:25:04 AM: 	edges-spr2_mdl.classifier.classifier.2.weight: Trainable parameter, count 256 with torch.Size([256])
09/16 08:25:04 AM: 	edges-spr2_mdl.classifier.classifier.2.bias: Trainable parameter, count 256 with torch.Size([256])
09/16 08:25:04 AM: 	edges-spr2_mdl.classifier.classifier.4.weight: Trainable parameter, count 5120 with torch.Size([20, 256])
09/16 08:25:04 AM: 	edges-spr2_mdl.classifier.classifier.4.bias: Trainable parameter, count 20 with torch.Size([20])
09/16 08:25:04 AM: Total number of parameters: 110144020 (1.10144e+08)
09/16 08:25:04 AM: Number of trainable parameters: 661780 (661780)
09/16 08:25:04 AM: Finished building model in 16.815s
09/16 08:25:04 AM: Will run the following steps for this experiment:
Re-training model for individual target tasks 
Evaluating model on tasks: edges-spr2 

09/16 08:25:05 AM: patience = 9
09/16 08:25:05 AM: val_interval = 100
09/16 08:25:05 AM: max_vals = 100
09/16 08:25:05 AM: cuda_device = 0
09/16 08:25:05 AM: grad_norm = 5.0
09/16 08:25:05 AM: grad_clipping = None
09/16 08:25:05 AM: lr_decay = 0.99
09/16 08:25:05 AM: min_lr = 1e-06
09/16 08:25:05 AM: keep_all_checkpoints = 0
09/16 08:25:05 AM: val_data_limit = 5000
09/16 08:25:05 AM: max_epochs = -1
09/16 08:25:05 AM: dec_val_scale = 250
09/16 08:25:05 AM: training_data_fraction = 1
09/16 08:25:05 AM: type = adam
09/16 08:25:05 AM: parameter_groups = None
09/16 08:25:05 AM: Number of trainable parameters: 661780
09/16 08:25:05 AM: infer_type_and_cast = True
09/16 08:25:05 AM: Converting Params object to dict; logging of default values will not occur when dictionary parameters are used subsequently.
09/16 08:25:05 AM: CURRENTLY DEFINED PARAMETERS: 
09/16 08:25:05 AM: lr = 0.0001
09/16 08:25:05 AM: amsgrad = True
09/16 08:25:05 AM: type = reduce_on_plateau
09/16 08:25:05 AM: Converting Params object to dict; logging of default values will not occur when dictionary parameters are used subsequently.
09/16 08:25:05 AM: CURRENTLY DEFINED PARAMETERS: 
09/16 08:25:05 AM: mode = max
09/16 08:25:05 AM: factor = 0.5
09/16 08:25:05 AM: patience = 3
09/16 08:25:05 AM: threshold = 0.0001
09/16 08:25:05 AM: threshold_mode = abs
09/16 08:25:05 AM: verbose = True
09/16 08:25:05 AM: type = adam
09/16 08:25:05 AM: parameter_groups = None
09/16 08:25:05 AM: Number of trainable parameters: 661780
09/16 08:25:05 AM: infer_type_and_cast = True
09/16 08:25:05 AM: Converting Params object to dict; logging of default values will not occur when dictionary parameters are used subsequently.
09/16 08:25:05 AM: CURRENTLY DEFINED PARAMETERS: 
09/16 08:25:05 AM: lr = 0.0001
09/16 08:25:05 AM: amsgrad = True
09/16 08:25:05 AM: type = reduce_on_plateau
09/16 08:25:05 AM: Converting Params object to dict; logging of default values will not occur when dictionary parameters are used subsequently.
09/16 08:25:05 AM: CURRENTLY DEFINED PARAMETERS: 
09/16 08:25:05 AM: mode = max
09/16 08:25:05 AM: factor = 0.5
09/16 08:25:05 AM: patience = 3
09/16 08:25:05 AM: threshold = 0.0001
09/16 08:25:05 AM: threshold_mode = abs
09/16 08:25:05 AM: verbose = True
09/16 08:25:05 AM: Starting training without restoring from a checkpoint.
09/16 08:25:05 AM: Training examples per task, before any subsampling: {'edges-spr2': 2226}
09/16 08:25:05 AM: Beginning training with stopping criteria based on metric: edges-spr2_f1
09/16 08:25:09 AM: ***** Step 100 / Validation 1 *****
09/16 08:25:09 AM: edges-spr2: trained on 100 batches, 1.429 epochs
09/16 08:25:09 AM: Validating...
09/16 08:25:10 AM: Best result seen so far for edges-spr2.
09/16 08:25:10 AM: Best result seen so far for micro.
09/16 08:25:10 AM: Best result seen so far for macro.
09/16 08:25:10 AM: Updating LR scheduler:
09/16 08:25:10 AM: 	Best result seen so far for macro_avg: 0.785
09/16 08:25:10 AM: 	# validation passes without improvement: 0
09/16 08:25:10 AM: edges-spr2_loss: training: 0.390130 validation: 0.352632
09/16 08:25:10 AM: macro_avg: validation: 0.785375
09/16 08:25:10 AM: micro_avg: validation: 0.000000
09/16 08:25:10 AM: edges-spr2_mcc: training: 0.603526 validation: 0.673612
09/16 08:25:10 AM: edges-spr2_acc: training: 0.044833 validation: 0.073016
09/16 08:25:10 AM: edges-spr2_precision: training: 0.764966 validation: 0.839748
09/16 08:25:10 AM: edges-spr2_recall: training: 0.724941 validation: 0.737614
09/16 08:25:10 AM: edges-spr2_f1: training: 0.744416 validation: 0.785375
09/16 08:25:10 AM: Global learning rate: 0.0001
09/16 08:25:10 AM: Saving checkpoints to: ./experiments/spr2-rte-only/run
09/16 08:25:13 AM: ***** Step 200 / Validation 2 *****
09/16 08:25:13 AM: edges-spr2: trained on 100 batches, 1.429 epochs
09/16 08:25:13 AM: Validating...
09/16 08:25:14 AM: Best result seen so far for edges-spr2.
09/16 08:25:14 AM: Best result seen so far for macro.
09/16 08:25:14 AM: Updating LR scheduler:
09/16 08:25:14 AM: 	Best result seen so far for macro_avg: 0.797
09/16 08:25:14 AM: 	# validation passes without improvement: 0
09/16 08:25:14 AM: edges-spr2_loss: training: 0.320268 validation: 0.340157
09/16 08:25:14 AM: macro_avg: validation: 0.797235
09/16 08:25:14 AM: micro_avg: validation: 0.000000
09/16 08:25:14 AM: edges-spr2_mcc: training: 0.680193 validation: 0.687507
09/16 08:25:14 AM: edges-spr2_acc: training: 0.059328 validation: 0.076190
09/16 08:25:14 AM: edges-spr2_precision: training: 0.822887 validation: 0.837863
09/16 08:25:14 AM: edges-spr2_recall: training: 0.763017 validation: 0.760366
09/16 08:25:14 AM: edges-spr2_f1: training: 0.791822 validation: 0.797235
09/16 08:25:14 AM: Global learning rate: 0.0001
09/16 08:25:14 AM: Saving checkpoints to: ./experiments/spr2-rte-only/run
09/16 08:25:15 AM: Update 229: task edges-spr2, batch 29 (229): mcc: 0.6861, acc: 0.0580, precision: 0.8236, recall: 0.7664, f1: 0.7940, edges-spr2_loss: 0.3085
09/16 08:25:17 AM: ***** Step 300 / Validation 3 *****
09/16 08:25:17 AM: edges-spr2: trained on 100 batches, 1.429 epochs
09/16 08:25:17 AM: Validating...
09/16 08:25:18 AM: Updating LR scheduler:
09/16 08:25:18 AM: 	Best result seen so far for macro_avg: 0.797
09/16 08:25:18 AM: 	# validation passes without improvement: 1
09/16 08:25:18 AM: edges-spr2_loss: training: 0.304094 validation: 0.336096
09/16 08:25:18 AM: macro_avg: validation: 0.796014
09/16 08:25:18 AM: micro_avg: validation: 0.000000
09/16 08:25:18 AM: edges-spr2_mcc: training: 0.695965 validation: 0.686821
09/16 08:25:18 AM: edges-spr2_acc: training: 0.070650 validation: 0.079365
09/16 08:25:18 AM: edges-spr2_precision: training: 0.830558 validation: 0.840624
09/16 08:25:18 AM: edges-spr2_recall: training: 0.776781 validation: 0.755901
09/16 08:25:18 AM: edges-spr2_f1: training: 0.802770 validation: 0.796014
09/16 08:25:18 AM: Global learning rate: 0.0001
09/16 08:25:18 AM: Saving checkpoints to: ./experiments/spr2-rte-only/run
09/16 08:25:22 AM: ***** Step 400 / Validation 4 *****
09/16 08:25:22 AM: edges-spr2: trained on 100 batches, 1.429 epochs
09/16 08:25:22 AM: Validating...
09/16 08:25:22 AM: Best result seen so far for edges-spr2.
09/16 08:25:22 AM: Best result seen so far for macro.
09/16 08:25:22 AM: Updating LR scheduler:
09/16 08:25:22 AM: 	Best result seen so far for macro_avg: 0.800
09/16 08:25:22 AM: 	# validation passes without improvement: 0
09/16 08:25:22 AM: edges-spr2_loss: training: 0.291776 validation: 0.337876
09/16 08:25:22 AM: macro_avg: validation: 0.799731
09/16 08:25:22 AM: micro_avg: validation: 0.000000
09/16 08:25:22 AM: edges-spr2_mcc: training: 0.708665 validation: 0.692402
09/16 08:25:22 AM: edges-spr2_acc: training: 0.077825 validation: 0.069841
09/16 08:25:22 AM: edges-spr2_precision: training: 0.834099 validation: 0.843920
09/16 08:25:22 AM: edges-spr2_recall: training: 0.790650 validation: 0.759940
09/16 08:25:22 AM: edges-spr2_f1: training: 0.811793 validation: 0.799731
09/16 08:25:22 AM: Global learning rate: 0.0001
09/16 08:25:22 AM: Saving checkpoints to: ./experiments/spr2-rte-only/run
09/16 08:25:25 AM: Update 480: task edges-spr2, batch 80 (480): mcc: 0.7147, acc: 0.0843, precision: 0.8376, recall: 0.7954, f1: 0.8159, edges-spr2_loss: 0.2853
09/16 08:25:26 AM: ***** Step 500 / Validation 5 *****
09/16 08:25:26 AM: edges-spr2: trained on 100 batches, 1.429 epochs
09/16 08:25:26 AM: Validating...
09/16 08:25:26 AM: Best result seen so far for edges-spr2.
09/16 08:25:26 AM: Best result seen so far for macro.
09/16 08:25:26 AM: Updating LR scheduler:
09/16 08:25:26 AM: 	Best result seen so far for macro_avg: 0.803
09/16 08:25:26 AM: 	# validation passes without improvement: 0
09/16 08:25:26 AM: edges-spr2_loss: training: 0.283759 validation: 0.336774
09/16 08:25:26 AM: macro_avg: validation: 0.802865
09/16 08:25:26 AM: micro_avg: validation: 0.000000
09/16 08:25:26 AM: edges-spr2_mcc: training: 0.716594 validation: 0.693275
09/16 08:25:26 AM: edges-spr2_acc: training: 0.083913 validation: 0.069841
09/16 08:25:26 AM: edges-spr2_precision: training: 0.837771 validation: 0.833257
09/16 08:25:26 AM: edges-spr2_recall: training: 0.798193 validation: 0.774612
09/16 08:25:26 AM: edges-spr2_f1: training: 0.817503 validation: 0.802865
09/16 08:25:26 AM: Global learning rate: 0.0001
09/16 08:25:26 AM: Saving checkpoints to: ./experiments/spr2-rte-only/run
09/16 08:25:30 AM: ***** Step 600 / Validation 6 *****
09/16 08:25:30 AM: edges-spr2: trained on 100 batches, 1.429 epochs
09/16 08:25:30 AM: Validating...
09/16 08:25:30 AM: Best result seen so far for edges-spr2.
09/16 08:25:30 AM: Best result seen so far for macro.
09/16 08:25:30 AM: Updating LR scheduler:
09/16 08:25:30 AM: 	Best result seen so far for macro_avg: 0.803
09/16 08:25:30 AM: 	# validation passes without improvement: 0
09/16 08:25:30 AM: edges-spr2_loss: training: 0.276954 validation: 0.338485
09/16 08:25:30 AM: macro_avg: validation: 0.803108
09/16 08:25:30 AM: micro_avg: validation: 0.000000
09/16 08:25:30 AM: edges-spr2_mcc: training: 0.724431 validation: 0.692002
09/16 08:25:30 AM: edges-spr2_acc: training: 0.090730 validation: 0.065079
09/16 08:25:30 AM: edges-spr2_precision: training: 0.841229 validation: 0.827470
09/16 08:25:30 AM: edges-spr2_recall: training: 0.804744 validation: 0.780140
09/16 08:25:30 AM: edges-spr2_f1: training: 0.822582 validation: 0.803108
09/16 08:25:30 AM: Global learning rate: 0.0001
09/16 08:25:30 AM: Saving checkpoints to: ./experiments/spr2-rte-only/run
09/16 08:25:34 AM: ***** Step 700 / Validation 7 *****
09/16 08:25:34 AM: edges-spr2: trained on 100 batches, 1.429 epochs
09/16 08:25:34 AM: Validating...
09/16 08:25:34 AM: Updating LR scheduler:
09/16 08:25:34 AM: 	Best result seen so far for macro_avg: 0.803
09/16 08:25:34 AM: 	# validation passes without improvement: 1
09/16 08:25:34 AM: edges-spr2_loss: training: 0.269935 validation: 0.342169
09/16 08:25:34 AM: macro_avg: validation: 0.800439
09/16 08:25:34 AM: micro_avg: validation: 0.000000
09/16 08:25:34 AM: edges-spr2_mcc: training: 0.732824 validation: 0.688662
09/16 08:25:34 AM: edges-spr2_acc: training: 0.084908 validation: 0.077778
09/16 08:25:34 AM: edges-spr2_precision: training: 0.844878 validation: 0.827806
09/16 08:25:34 AM: edges-spr2_recall: training: 0.812702 validation: 0.774825
09/16 08:25:34 AM: edges-spr2_f1: training: 0.828478 validation: 0.800439
09/16 08:25:34 AM: Global learning rate: 0.0001
09/16 08:25:34 AM: Saving checkpoints to: ./experiments/spr2-rte-only/run
09/16 08:25:35 AM: Update 702: task edges-spr2, batch 2 (702): mcc: 0.6880, acc: 0.0776, precision: 0.8074, recall: 0.7905, f1: 0.7989, edges-spr2_loss: 0.3079
09/16 08:25:38 AM: ***** Step 800 / Validation 8 *****
09/16 08:25:38 AM: edges-spr2: trained on 100 batches, 1.429 epochs
09/16 08:25:38 AM: Validating...
09/16 08:25:38 AM: Updating LR scheduler:
09/16 08:25:38 AM: 	Best result seen so far for macro_avg: 0.803
09/16 08:25:38 AM: 	# validation passes without improvement: 2
09/16 08:25:38 AM: edges-spr2_loss: training: 0.264715 validation: 0.343620
09/16 08:25:38 AM: macro_avg: validation: 0.800310
09/16 08:25:38 AM: micro_avg: validation: 0.000000
09/16 08:25:38 AM: edges-spr2_mcc: training: 0.738284 validation: 0.690148
09/16 08:25:38 AM: edges-spr2_acc: training: 0.095822 validation: 0.071429
09/16 08:25:38 AM: edges-spr2_precision: training: 0.847997 validation: 0.833679
09/16 08:25:38 AM: edges-spr2_recall: training: 0.816455 validation: 0.769509
09/16 08:25:38 AM: edges-spr2_f1: training: 0.831927 validation: 0.800310
09/16 08:25:38 AM: Global learning rate: 0.0001
09/16 08:25:38 AM: Saving checkpoints to: ./experiments/spr2-rte-only/run
09/16 08:25:41 AM: ***** Step 900 / Validation 9 *****
09/16 08:25:41 AM: edges-spr2: trained on 100 batches, 1.429 epochs
09/16 08:25:41 AM: Validating...
09/16 08:25:41 AM: Updating LR scheduler:
09/16 08:25:41 AM: 	Best result seen so far for macro_avg: 0.803
09/16 08:25:41 AM: 	# validation passes without improvement: 3
09/16 08:25:41 AM: edges-spr2_loss: training: 0.260852 validation: 0.348279
09/16 08:25:41 AM: macro_avg: validation: 0.799297
09/16 08:25:41 AM: micro_avg: validation: 0.000000
09/16 08:25:41 AM: edges-spr2_mcc: training: 0.738552 validation: 0.686792
09/16 08:25:41 AM: edges-spr2_acc: training: 0.094674 validation: 0.071429
09/16 08:25:41 AM: edges-spr2_precision: training: 0.848038 validation: 0.826334
09/16 08:25:41 AM: edges-spr2_recall: training: 0.816232 validation: 0.773974
09/16 08:25:41 AM: edges-spr2_f1: training: 0.831831 validation: 0.799297
09/16 08:25:41 AM: Global learning rate: 0.0001
09/16 08:25:41 AM: Saving checkpoints to: ./experiments/spr2-rte-only/run
09/16 08:25:45 AM: Update 981: task edges-spr2, batch 81 (981): mcc: 0.7439, acc: 0.1072, precision: 0.8507, recall: 0.8219, f1: 0.8361, edges-spr2_loss: 0.2596
09/16 08:25:46 AM: ***** Step 1000 / Validation 10 *****
09/16 08:25:46 AM: edges-spr2: trained on 100 batches, 1.429 epochs
09/16 08:25:46 AM: Validating...
09/16 08:25:47 AM: Updating LR scheduler:
09/16 08:25:47 AM: 	Best result seen so far for macro_avg: 0.803
09/16 08:25:47 AM: 	# validation passes without improvement: 0
09/16 08:25:47 AM: edges-spr2_loss: training: 0.258577 validation: 0.349248
09/16 08:25:47 AM: macro_avg: validation: 0.791265
09/16 08:25:47 AM: micro_avg: validation: 0.000000
09/16 08:25:47 AM: edges-spr2_mcc: training: 0.743616 validation: 0.676703
09/16 08:25:47 AM: edges-spr2_acc: training: 0.107549 validation: 0.069841
09/16 08:25:47 AM: edges-spr2_precision: training: 0.851805 validation: 0.826540
09/16 08:25:47 AM: edges-spr2_recall: training: 0.820506 validation: 0.758877
09/16 08:25:47 AM: edges-spr2_f1: training: 0.835863 validation: 0.791265
09/16 08:25:47 AM: Global learning rate: 5e-05
09/16 08:25:47 AM: Saving checkpoints to: ./experiments/spr2-rte-only/run
09/16 08:25:51 AM: ***** Step 1100 / Validation 11 *****
09/16 08:25:51 AM: edges-spr2: trained on 100 batches, 1.429 epochs
09/16 08:25:51 AM: Validating...
09/16 08:25:51 AM: Updating LR scheduler:
09/16 08:25:51 AM: 	Best result seen so far for macro_avg: 0.803
09/16 08:25:51 AM: 	# validation passes without improvement: 1
09/16 08:25:51 AM: edges-spr2_loss: training: 0.250461 validation: 0.349205
09/16 08:25:51 AM: macro_avg: validation: 0.798029
09/16 08:25:51 AM: micro_avg: validation: 0.000000
09/16 08:25:51 AM: edges-spr2_mcc: training: 0.753244 validation: 0.684213
09/16 08:25:51 AM: edges-spr2_acc: training: 0.108108 validation: 0.061905
09/16 08:25:51 AM: edges-spr2_precision: training: 0.855327 validation: 0.822905
09/16 08:25:51 AM: edges-spr2_recall: training: 0.828406 validation: 0.774612
09/16 08:25:51 AM: edges-spr2_f1: training: 0.841651 validation: 0.798029
09/16 08:25:51 AM: Global learning rate: 5e-05
09/16 08:25:51 AM: Saving checkpoints to: ./experiments/spr2-rte-only/run
09/16 08:25:55 AM: ***** Step 1200 / Validation 12 *****
09/16 08:25:55 AM: edges-spr2: trained on 100 batches, 1.429 epochs
09/16 08:25:55 AM: Validating...
09/16 08:25:55 AM: Updating LR scheduler:
09/16 08:25:55 AM: 	Best result seen so far for macro_avg: 0.803
09/16 08:25:55 AM: 	# validation passes without improvement: 2
09/16 08:25:55 AM: edges-spr2_loss: training: 0.250765 validation: 0.350272
09/16 08:25:55 AM: macro_avg: validation: 0.799957
09/16 08:25:55 AM: micro_avg: validation: 0.000000
09/16 08:25:55 AM: edges-spr2_mcc: training: 0.754031 validation: 0.684405
09/16 08:25:55 AM: edges-spr2_acc: training: 0.114617 validation: 0.060317
09/16 08:25:55 AM: edges-spr2_precision: training: 0.856782 validation: 0.814317
09/16 08:25:55 AM: edges-spr2_recall: training: 0.828314 validation: 0.786094
09/16 08:25:55 AM: edges-spr2_f1: training: 0.842307 validation: 0.799957
09/16 08:25:55 AM: Global learning rate: 5e-05
09/16 08:25:55 AM: Saving checkpoints to: ./experiments/spr2-rte-only/run
09/16 08:25:55 AM: Update 1201: task edges-spr2, batch 1 (1201): mcc: 0.8155, acc: 0.0800, precision: 0.8932, recall: 0.8740, f1: 0.8835, edges-spr2_loss: 0.2063
09/16 08:25:59 AM: ***** Step 1300 / Validation 13 *****
09/16 08:25:59 AM: edges-spr2: trained on 100 batches, 1.429 epochs
09/16 08:25:59 AM: Validating...
09/16 08:25:59 AM: Updating LR scheduler:
09/16 08:25:59 AM: 	Best result seen so far for macro_avg: 0.803
09/16 08:25:59 AM: 	# validation passes without improvement: 3
09/16 08:25:59 AM: edges-spr2_loss: training: 0.247350 validation: 0.354576
09/16 08:25:59 AM: macro_avg: validation: 0.793998
09/16 08:25:59 AM: micro_avg: validation: 0.000000
09/16 08:25:59 AM: edges-spr2_mcc: training: 0.758989 validation: 0.677863
09/16 08:25:59 AM: edges-spr2_acc: training: 0.114409 validation: 0.057143
09/16 08:25:59 AM: edges-spr2_precision: training: 0.860064 validation: 0.818654
09/16 08:25:59 AM: edges-spr2_recall: training: 0.830825 validation: 0.770785
09/16 08:25:59 AM: edges-spr2_f1: training: 0.845192 validation: 0.793998
09/16 08:25:59 AM: Global learning rate: 5e-05
09/16 08:25:59 AM: Saving checkpoints to: ./experiments/spr2-rte-only/run
09/16 08:26:03 AM: ***** Step 1400 / Validation 14 *****
09/16 08:26:03 AM: edges-spr2: trained on 100 batches, 1.429 epochs
09/16 08:26:03 AM: Validating...
09/16 08:26:03 AM: Updating LR scheduler:
09/16 08:26:03 AM: 	Best result seen so far for macro_avg: 0.803
09/16 08:26:03 AM: 	# validation passes without improvement: 0
09/16 08:26:03 AM: edges-spr2_loss: training: 0.245876 validation: 0.354368
09/16 08:26:03 AM: macro_avg: validation: 0.793577
09/16 08:26:03 AM: micro_avg: validation: 0.000000
09/16 08:26:03 AM: edges-spr2_mcc: training: 0.758804 validation: 0.678243
09/16 08:26:03 AM: edges-spr2_acc: training: 0.117564 validation: 0.053968
09/16 08:26:03 AM: edges-spr2_precision: training: 0.859477 validation: 0.821868
09/16 08:26:03 AM: edges-spr2_recall: training: 0.832090 validation: 0.767170
09/16 08:26:03 AM: edges-spr2_f1: training: 0.845562 validation: 0.793577
09/16 08:26:03 AM: Global learning rate: 2.5e-05
09/16 08:26:03 AM: Saving checkpoints to: ./experiments/spr2-rte-only/run
09/16 08:26:06 AM: Update 1467: task edges-spr2, batch 67 (1467): mcc: 0.7608, acc: 0.1226, precision: 0.8615, recall: 0.8323, f1: 0.8467, edges-spr2_loss: 0.2435
09/16 08:26:07 AM: ***** Step 1500 / Validation 15 *****
09/16 08:26:07 AM: edges-spr2: trained on 100 batches, 1.429 epochs
09/16 08:26:07 AM: Validating...
09/16 08:26:07 AM: Updating LR scheduler:
09/16 08:26:07 AM: 	Best result seen so far for macro_avg: 0.803
09/16 08:26:07 AM: 	# validation passes without improvement: 1
09/16 08:26:07 AM: edges-spr2_loss: training: 0.242859 validation: 0.354875
09/16 08:26:07 AM: macro_avg: validation: 0.798354
09/16 08:26:07 AM: micro_avg: validation: 0.000000
09/16 08:26:07 AM: edges-spr2_mcc: training: 0.761049 validation: 0.682090
09/16 08:26:07 AM: edges-spr2_acc: training: 0.121420 validation: 0.053968
09/16 08:26:07 AM: edges-spr2_precision: training: 0.861512 validation: 0.813507
09/16 08:26:07 AM: edges-spr2_recall: training: 0.832901 validation: 0.783755
09/16 08:26:07 AM: edges-spr2_f1: training: 0.846965 validation: 0.798354
09/16 08:26:07 AM: Global learning rate: 2.5e-05
09/16 08:26:07 AM: Saving checkpoints to: ./experiments/spr2-rte-only/run
09/16 08:26:11 AM: ***** Step 1600 / Validation 16 *****
09/16 08:26:11 AM: edges-spr2: trained on 100 batches, 1.429 epochs
09/16 08:26:11 AM: Validating...
09/16 08:26:11 AM: Updating LR scheduler:
09/16 08:26:11 AM: 	Best result seen so far for macro_avg: 0.803
09/16 08:26:11 AM: 	# validation passes without improvement: 2
09/16 08:26:11 AM: Ran out of early stopping patience. Stopping training.
09/16 08:26:11 AM: edges-spr2_loss: training: 0.243961 validation: 0.355127
09/16 08:26:11 AM: macro_avg: validation: 0.795395
09/16 08:26:11 AM: micro_avg: validation: 0.000000
09/16 08:26:11 AM: edges-spr2_mcc: training: 0.760534 validation: 0.678061
09/16 08:26:11 AM: edges-spr2_acc: training: 0.118883 validation: 0.050794
09/16 08:26:11 AM: edges-spr2_precision: training: 0.860251 validation: 0.812875
09/16 08:26:11 AM: edges-spr2_recall: training: 0.832847 validation: 0.778652
09/16 08:26:11 AM: edges-spr2_f1: training: 0.846327 validation: 0.795395
09/16 08:26:11 AM: Global learning rate: 2.5e-05
09/16 08:26:11 AM: Saving checkpoints to: ./experiments/spr2-rte-only/run
09/16 08:26:11 AM: Stopped training after 16 validation checks
09/16 08:26:11 AM: Trained edges-spr2 for 1600 batches or 22.857 epochs
09/16 08:26:11 AM: ***** VALIDATION RESULTS *****
09/16 08:26:11 AM: edges-spr2_f1 (for best val pass 6): edges-spr2_loss: 0.33848, macro_avg: 0.80311, micro_avg: 0.00000, edges-spr2_mcc: 0.69200, edges-spr2_acc: 0.06508, edges-spr2_precision: 0.82747, edges-spr2_recall: 0.78014, edges-spr2_f1: 0.80311
09/16 08:26:11 AM: micro_avg (for best val pass 1): edges-spr2_loss: 0.35263, macro_avg: 0.78537, micro_avg: 0.00000, edges-spr2_mcc: 0.67361, edges-spr2_acc: 0.07302, edges-spr2_precision: 0.83975, edges-spr2_recall: 0.73761, edges-spr2_f1: 0.78537
09/16 08:26:11 AM: macro_avg (for best val pass 6): edges-spr2_loss: 0.33848, macro_avg: 0.80311, micro_avg: 0.00000, edges-spr2_mcc: 0.69200, edges-spr2_acc: 0.06508, edges-spr2_precision: 0.82747, edges-spr2_recall: 0.78014, edges-spr2_f1: 0.80311
09/16 08:26:11 AM: Evaluating...
09/16 08:26:11 AM: Loaded model state from ./experiments/spr2-rte-only/run/edges-spr2/model_state_target_train_val_6.best.th
09/16 08:26:11 AM: Evaluating on: edges-spr2, split: val
09/16 08:26:11 AM: Task 'edges-spr2': sorting predictions by 'idx'
09/16 08:26:11 AM: Finished evaluating on: edges-spr2
09/16 08:26:11 AM: Task 'edges-spr2': joining predictions with input split 'val'
09/16 08:26:11 AM: Task 'edges-spr2': Wrote predictions to ./experiments/spr2-rte-only/run
09/16 08:26:11 AM: Wrote all preds for split 'val' to ./experiments/spr2-rte-only/run
09/16 08:26:11 AM: Evaluating on: edges-spr2, split: test
09/16 08:26:12 AM: Task 'edges-spr2': sorting predictions by 'idx'
09/16 08:26:12 AM: Finished evaluating on: edges-spr2
09/16 08:26:12 AM: Task 'edges-spr2': joining predictions with input split 'test'
09/16 08:26:12 AM: Task 'edges-spr2': Wrote predictions to ./experiments/spr2-rte-only/run
09/16 08:26:12 AM: Wrote all preds for split 'test' to ./experiments/spr2-rte-only/run
09/16 08:26:12 AM: Writing results for split 'val' to ./experiments/spr2-rte-only/results.tsv
09/16 08:26:12 AM: micro_avg: 0.000, macro_avg: 0.803, edges-spr2_mcc: 0.692, edges-spr2_acc: 0.065, edges-spr2_precision: 0.827, edges-spr2_recall: 0.780, edges-spr2_f1: 0.803
09/16 08:26:12 AM: Done!
09/16 08:26:12 AM: Fatal error in main():
Traceback (most recent call last):
  File "main.py", line 16, in <module>
    main(sys.argv[1:])
  File "/srv/home/ericwallace/jiant/jiant/__main__.py", line 610, in main
    exit("Done exited")
  File "/home/ericwallace/miniconda3/envs/jiant/lib/python3.6/_sitebuiltins.py", line 26, in __call__
    raise SystemExit(code)
SystemExit: Done exited
