09/16 08:09:30 AM: Git branch: master
09/16 08:09:30 AM: Git SHA: 1f47e9f0cf1d882ab41f98d47f94e0f8258db16b
09/16 08:09:31 AM: Parsed args: 
{
  "allow_missing_task_map": 1,
  "allow_untrained_encoder_parameters": 1,
  "do_pretrain": 0,
  "exp_dir": "./experiments/spr2-None-only/",
  "exp_name": "experiments/spr2-None-only",
  "input_module": "bert-base-uncased",
  "local_log_path": "./experiments/spr2-None-only/run/log.log",
  "lr_patience": 3,
  "max_seq_len": 512,
  "output_mode": "top",
  "patience": 9,
  "pretrain_tasks": "",
  "pretrained_dir": "models/None",
  "pytorch_transformers_output_mode": "only",
  "remote_log_name": "experiments/spr2-None-only__run",
  "run_dir": "./experiments/spr2-None-only/run",
  "run_name": "run",
  "sent_enc": "none",
  "sep_embs_for_skip": 1,
  "target_tasks": "edges-spr2",
  "tokenizer": "bert-base-uncased",
  "write_preds": "val,test"
}
09/16 08:09:31 AM: Saved config to ./experiments/spr2-None-only/run/params.conf
09/16 08:09:31 AM: Using random seed 1234
09/16 08:09:32 AM: Using GPU 0
09/16 08:09:32 AM: Loading tasks...
09/16 08:09:32 AM: Writing pre-preprocessed tasks to ./experiments/spr2-None-only/
09/16 08:09:32 AM: 	Creating task edges-spr2 from scratch.
09/16 08:09:32 AM: Read=2226, Skip=0, Total=2226 from ./probing_data/edges/spr2/edges.train.json.retokenized.bert-base-uncased
09/16 08:09:33 AM: Read=291, Skip=0, Total=291 from ./probing_data/edges/spr2/edges.dev.json.retokenized.bert-base-uncased
09/16 08:09:33 AM: Read=276, Skip=0, Total=276 from ./probing_data/edges/spr2/edges.test.json.retokenized.bert-base-uncased
09/16 08:09:33 AM: 	Task 'edges-spr2': |train|=2226 |val|=291 |test|=276
09/16 08:09:33 AM: 	Finished loading tasks: edges-spr2.
09/16 08:09:33 AM: 	Building vocab from scratch.
09/16 08:09:33 AM: 	Counting units for task edges-spr2.
09/16 08:09:33 AM: 	Task 'edges-spr2': adding vocab namespace 'edges-spr2_labels'
09/16 08:09:34 AM: loading file https://s3.amazonaws.com/models.huggingface.co/bert/bert-base-uncased-vocab.txt from cache at /home/ericwallace/.cache/torch/pytorch_transformers/26bc1ad6c0ac742e9b52263248f6d0f00068293b33709fae12320c0e35ccfbbb.542ce4285a40d23a559526243235df47c5f75c197f04f37d1a0c124c32c9a084
09/16 08:09:34 AM: Added pytorch_transformers vocab (bert-base-uncased): 30522 tokens
09/16 08:09:34 AM: 	Saved vocab to ./experiments/spr2-None-only/vocab
09/16 08:09:34 AM: Loading token dictionary from ./experiments/spr2-None-only/vocab.
09/16 08:09:34 AM: 	Loaded vocab from ./experiments/spr2-None-only/vocab
09/16 08:09:34 AM: 	Vocab namespace tokens: size 7943
09/16 08:09:34 AM: 	Vocab namespace edges-spr2_labels: size 20
09/16 08:09:34 AM: 	Vocab namespace bert_uncased: size 30524
09/16 08:09:34 AM: 	Vocab namespace chars: size 65
09/16 08:09:34 AM: 	Finished building vocab.
09/16 08:09:34 AM: 	Task edges-spr2 (train): Indexing from scratch.
09/16 08:09:35 AM: 	Task edges-spr2 (train): Saved 2226 instances to ./experiments/spr2-None-only/preproc/edges-spr2__train_data
09/16 08:09:35 AM: 	Task edges-spr2 (val): Indexing from scratch.
09/16 08:09:35 AM: 	Task edges-spr2 (val): Saved 291 instances to ./experiments/spr2-None-only/preproc/edges-spr2__val_data
09/16 08:09:35 AM: 	Task edges-spr2 (test): Indexing from scratch.
09/16 08:09:35 AM: 	Task edges-spr2 (test): Saved 276 instances to ./experiments/spr2-None-only/preproc/edges-spr2__test_data
09/16 08:09:35 AM: 	Finished indexing tasks
09/16 08:09:35 AM: 	Creating trimmed target-only version of edges-spr2 train.
09/16 08:09:35 AM: 	  Training on 
09/16 08:09:35 AM: 	  Evaluating on edges-spr2
09/16 08:09:35 AM: 	Finished loading tasks in 2.413s
09/16 08:09:35 AM: 	 Tasks: ['edges-spr2']
09/16 08:09:35 AM: Building model...
09/16 08:09:35 AM: Using BERT model (bert-base-uncased).
09/16 08:09:35 AM: LOADING A PRETRAINED MODEL
09/16 08:09:36 AM: https://s3.amazonaws.com/models.huggingface.co/bert/bert-base-uncased-config.json not found in cache or force_download set to True, downloading to /tmp/tmprxce8ptm
09/16 08:09:37 AM: copying /tmp/tmprxce8ptm to cache at ./experiments/spr2-None-only/pytorch_transformers_cache/4dad0251492946e18ac39290fcfe91b89d370fee250efe9521476438fe8ca185.bf3b9ea126d8c0001ee8a1e8b92229871d06d36d8808208cc2449280da87785c
09/16 08:09:37 AM: creating metadata file for ./experiments/spr2-None-only/pytorch_transformers_cache/4dad0251492946e18ac39290fcfe91b89d370fee250efe9521476438fe8ca185.bf3b9ea126d8c0001ee8a1e8b92229871d06d36d8808208cc2449280da87785c
09/16 08:09:37 AM: removing temp file /tmp/tmprxce8ptm
09/16 08:09:37 AM: loading configuration file https://s3.amazonaws.com/models.huggingface.co/bert/bert-base-uncased-config.json from cache at ./experiments/spr2-None-only/pytorch_transformers_cache/4dad0251492946e18ac39290fcfe91b89d370fee250efe9521476438fe8ca185.bf3b9ea126d8c0001ee8a1e8b92229871d06d36d8808208cc2449280da87785c
09/16 08:09:37 AM: Model config {
  "attention_probs_dropout_prob": 0.1,
  "finetuning_task": null,
  "hidden_act": "gelu",
  "hidden_dropout_prob": 0.1,
  "hidden_size": 768,
  "initializer_range": 0.02,
  "intermediate_size": 3072,
  "layer_norm_eps": 1e-12,
  "max_position_embeddings": 512,
  "num_attention_heads": 12,
  "num_hidden_layers": 12,
  "num_labels": 2,
  "output_attentions": false,
  "output_hidden_states": true,
  "pruned_heads": {},
  "torchscript": false,
  "type_vocab_size": 2,
  "vocab_size": 30522
}

09/16 08:09:38 AM: https://s3.amazonaws.com/models.huggingface.co/bert/bert-base-uncased-pytorch_model.bin not found in cache or force_download set to True, downloading to /tmp/tmpxzuuweob
09/16 08:18:49 AM: copying /tmp/tmpxzuuweob to cache at ./experiments/spr2-None-only/pytorch_transformers_cache/aa1ef1aede4482d0dbcd4d52baad8ae300e60902e88fcb0bebdec09afd232066.36ca03ab34a1a5d5fa7bc3d03d55c4fa650fed07220e2eeebc06ce58d0e9a157
09/16 08:18:50 AM: creating metadata file for ./experiments/spr2-None-only/pytorch_transformers_cache/aa1ef1aede4482d0dbcd4d52baad8ae300e60902e88fcb0bebdec09afd232066.36ca03ab34a1a5d5fa7bc3d03d55c4fa650fed07220e2eeebc06ce58d0e9a157
09/16 08:18:50 AM: removing temp file /tmp/tmpxzuuweob
09/16 08:18:50 AM: loading weights file https://s3.amazonaws.com/models.huggingface.co/bert/bert-base-uncased-pytorch_model.bin from cache at ./experiments/spr2-None-only/pytorch_transformers_cache/aa1ef1aede4482d0dbcd4d52baad8ae300e60902e88fcb0bebdec09afd232066.36ca03ab34a1a5d5fa7bc3d03d55c4fa650fed07220e2eeebc06ce58d0e9a157
09/16 08:18:55 AM: https://s3.amazonaws.com/models.huggingface.co/bert/bert-base-uncased-vocab.txt not found in cache or force_download set to True, downloading to /tmp/tmpyg_tvp2j
09/16 08:18:57 AM: copying /tmp/tmpyg_tvp2j to cache at ./experiments/spr2-None-only/pytorch_transformers_cache/26bc1ad6c0ac742e9b52263248f6d0f00068293b33709fae12320c0e35ccfbbb.542ce4285a40d23a559526243235df47c5f75c197f04f37d1a0c124c32c9a084
09/16 08:18:57 AM: creating metadata file for ./experiments/spr2-None-only/pytorch_transformers_cache/26bc1ad6c0ac742e9b52263248f6d0f00068293b33709fae12320c0e35ccfbbb.542ce4285a40d23a559526243235df47c5f75c197f04f37d1a0c124c32c9a084
09/16 08:18:57 AM: removing temp file /tmp/tmpyg_tvp2j
09/16 08:18:57 AM: loading file https://s3.amazonaws.com/models.huggingface.co/bert/bert-base-uncased-vocab.txt from cache at ./experiments/spr2-None-only/pytorch_transformers_cache/26bc1ad6c0ac742e9b52263248f6d0f00068293b33709fae12320c0e35ccfbbb.542ce4285a40d23a559526243235df47c5f75c197f04f37d1a0c124c32c9a084
09/16 08:18:57 AM: Initializing parameters
09/16 08:18:57 AM: Done initializing parameters; the following parameters are using their default initialization from their code
09/16 08:18:57 AM:    _text_field_embedder.model.embeddings.LayerNorm.bias
09/16 08:18:57 AM:    _text_field_embedder.model.embeddings.LayerNorm.weight
09/16 08:18:57 AM:    _text_field_embedder.model.embeddings.position_embeddings.weight
09/16 08:18:57 AM:    _text_field_embedder.model.embeddings.token_type_embeddings.weight
09/16 08:18:57 AM:    _text_field_embedder.model.embeddings.word_embeddings.weight
09/16 08:18:57 AM:    _text_field_embedder.model.encoder.layer.0.attention.output.LayerNorm.bias
09/16 08:18:57 AM:    _text_field_embedder.model.encoder.layer.0.attention.output.LayerNorm.weight
09/16 08:18:57 AM:    _text_field_embedder.model.encoder.layer.0.attention.output.dense.bias
09/16 08:18:57 AM:    _text_field_embedder.model.encoder.layer.0.attention.output.dense.weight
09/16 08:18:57 AM:    _text_field_embedder.model.encoder.layer.0.attention.self.key.bias
09/16 08:18:57 AM:    _text_field_embedder.model.encoder.layer.0.attention.self.key.weight
09/16 08:18:57 AM:    _text_field_embedder.model.encoder.layer.0.attention.self.query.bias
09/16 08:18:57 AM:    _text_field_embedder.model.encoder.layer.0.attention.self.query.weight
09/16 08:18:57 AM:    _text_field_embedder.model.encoder.layer.0.attention.self.value.bias
09/16 08:18:57 AM:    _text_field_embedder.model.encoder.layer.0.attention.self.value.weight
09/16 08:18:57 AM:    _text_field_embedder.model.encoder.layer.0.intermediate.dense.bias
09/16 08:18:57 AM:    _text_field_embedder.model.encoder.layer.0.intermediate.dense.weight
09/16 08:18:57 AM:    _text_field_embedder.model.encoder.layer.0.output.LayerNorm.bias
09/16 08:18:57 AM:    _text_field_embedder.model.encoder.layer.0.output.LayerNorm.weight
09/16 08:18:57 AM:    _text_field_embedder.model.encoder.layer.0.output.dense.bias
09/16 08:18:57 AM:    _text_field_embedder.model.encoder.layer.0.output.dense.weight
09/16 08:18:57 AM:    _text_field_embedder.model.encoder.layer.1.attention.output.LayerNorm.bias
09/16 08:18:57 AM:    _text_field_embedder.model.encoder.layer.1.attention.output.LayerNorm.weight
09/16 08:18:57 AM:    _text_field_embedder.model.encoder.layer.1.attention.output.dense.bias
09/16 08:18:57 AM:    _text_field_embedder.model.encoder.layer.1.attention.output.dense.weight
09/16 08:18:57 AM:    _text_field_embedder.model.encoder.layer.1.attention.self.key.bias
09/16 08:18:57 AM:    _text_field_embedder.model.encoder.layer.1.attention.self.key.weight
09/16 08:18:57 AM:    _text_field_embedder.model.encoder.layer.1.attention.self.query.bias
09/16 08:18:57 AM:    _text_field_embedder.model.encoder.layer.1.attention.self.query.weight
09/16 08:18:57 AM:    _text_field_embedder.model.encoder.layer.1.attention.self.value.bias
09/16 08:18:57 AM:    _text_field_embedder.model.encoder.layer.1.attention.self.value.weight
09/16 08:18:57 AM:    _text_field_embedder.model.encoder.layer.1.intermediate.dense.bias
09/16 08:18:57 AM:    _text_field_embedder.model.encoder.layer.1.intermediate.dense.weight
09/16 08:18:57 AM:    _text_field_embedder.model.encoder.layer.1.output.LayerNorm.bias
09/16 08:18:57 AM:    _text_field_embedder.model.encoder.layer.1.output.LayerNorm.weight
09/16 08:18:57 AM:    _text_field_embedder.model.encoder.layer.1.output.dense.bias
09/16 08:18:57 AM:    _text_field_embedder.model.encoder.layer.1.output.dense.weight
09/16 08:18:57 AM:    _text_field_embedder.model.encoder.layer.10.attention.output.LayerNorm.bias
09/16 08:18:57 AM:    _text_field_embedder.model.encoder.layer.10.attention.output.LayerNorm.weight
09/16 08:18:57 AM:    _text_field_embedder.model.encoder.layer.10.attention.output.dense.bias
09/16 08:18:57 AM:    _text_field_embedder.model.encoder.layer.10.attention.output.dense.weight
09/16 08:18:57 AM:    _text_field_embedder.model.encoder.layer.10.attention.self.key.bias
09/16 08:18:57 AM:    _text_field_embedder.model.encoder.layer.10.attention.self.key.weight
09/16 08:18:57 AM:    _text_field_embedder.model.encoder.layer.10.attention.self.query.bias
09/16 08:18:57 AM:    _text_field_embedder.model.encoder.layer.10.attention.self.query.weight
09/16 08:18:57 AM:    _text_field_embedder.model.encoder.layer.10.attention.self.value.bias
09/16 08:18:57 AM:    _text_field_embedder.model.encoder.layer.10.attention.self.value.weight
09/16 08:18:57 AM:    _text_field_embedder.model.encoder.layer.10.intermediate.dense.bias
09/16 08:18:57 AM:    _text_field_embedder.model.encoder.layer.10.intermediate.dense.weight
09/16 08:18:57 AM:    _text_field_embedder.model.encoder.layer.10.output.LayerNorm.bias
09/16 08:18:57 AM:    _text_field_embedder.model.encoder.layer.10.output.LayerNorm.weight
09/16 08:18:57 AM:    _text_field_embedder.model.encoder.layer.10.output.dense.bias
09/16 08:18:57 AM:    _text_field_embedder.model.encoder.layer.10.output.dense.weight
09/16 08:18:57 AM:    _text_field_embedder.model.encoder.layer.11.attention.output.LayerNorm.bias
09/16 08:18:57 AM:    _text_field_embedder.model.encoder.layer.11.attention.output.LayerNorm.weight
09/16 08:18:57 AM:    _text_field_embedder.model.encoder.layer.11.attention.output.dense.bias
09/16 08:18:57 AM:    _text_field_embedder.model.encoder.layer.11.attention.output.dense.weight
09/16 08:18:57 AM:    _text_field_embedder.model.encoder.layer.11.attention.self.key.bias
09/16 08:18:57 AM:    _text_field_embedder.model.encoder.layer.11.attention.self.key.weight
09/16 08:18:57 AM:    _text_field_embedder.model.encoder.layer.11.attention.self.query.bias
09/16 08:18:57 AM:    _text_field_embedder.model.encoder.layer.11.attention.self.query.weight
09/16 08:18:57 AM:    _text_field_embedder.model.encoder.layer.11.attention.self.value.bias
09/16 08:18:57 AM:    _text_field_embedder.model.encoder.layer.11.attention.self.value.weight
09/16 08:18:57 AM:    _text_field_embedder.model.encoder.layer.11.intermediate.dense.bias
09/16 08:18:57 AM:    _text_field_embedder.model.encoder.layer.11.intermediate.dense.weight
09/16 08:18:57 AM:    _text_field_embedder.model.encoder.layer.11.output.LayerNorm.bias
09/16 08:18:57 AM:    _text_field_embedder.model.encoder.layer.11.output.LayerNorm.weight
09/16 08:18:57 AM:    _text_field_embedder.model.encoder.layer.11.output.dense.bias
09/16 08:18:57 AM:    _text_field_embedder.model.encoder.layer.11.output.dense.weight
09/16 08:18:57 AM:    _text_field_embedder.model.encoder.layer.2.attention.output.LayerNorm.bias
09/16 08:18:57 AM:    _text_field_embedder.model.encoder.layer.2.attention.output.LayerNorm.weight
09/16 08:18:57 AM:    _text_field_embedder.model.encoder.layer.2.attention.output.dense.bias
09/16 08:18:57 AM:    _text_field_embedder.model.encoder.layer.2.attention.output.dense.weight
09/16 08:18:57 AM:    _text_field_embedder.model.encoder.layer.2.attention.self.key.bias
09/16 08:18:57 AM:    _text_field_embedder.model.encoder.layer.2.attention.self.key.weight
09/16 08:18:57 AM:    _text_field_embedder.model.encoder.layer.2.attention.self.query.bias
09/16 08:18:57 AM:    _text_field_embedder.model.encoder.layer.2.attention.self.query.weight
09/16 08:18:57 AM:    _text_field_embedder.model.encoder.layer.2.attention.self.value.bias
09/16 08:18:57 AM:    _text_field_embedder.model.encoder.layer.2.attention.self.value.weight
09/16 08:18:57 AM:    _text_field_embedder.model.encoder.layer.2.intermediate.dense.bias
09/16 08:18:57 AM:    _text_field_embedder.model.encoder.layer.2.intermediate.dense.weight
09/16 08:18:57 AM:    _text_field_embedder.model.encoder.layer.2.output.LayerNorm.bias
09/16 08:18:57 AM:    _text_field_embedder.model.encoder.layer.2.output.LayerNorm.weight
09/16 08:18:57 AM:    _text_field_embedder.model.encoder.layer.2.output.dense.bias
09/16 08:18:57 AM:    _text_field_embedder.model.encoder.layer.2.output.dense.weight
09/16 08:18:57 AM:    _text_field_embedder.model.encoder.layer.3.attention.output.LayerNorm.bias
09/16 08:18:57 AM:    _text_field_embedder.model.encoder.layer.3.attention.output.LayerNorm.weight
09/16 08:18:57 AM:    _text_field_embedder.model.encoder.layer.3.attention.output.dense.bias
09/16 08:18:57 AM:    _text_field_embedder.model.encoder.layer.3.attention.output.dense.weight
09/16 08:18:57 AM:    _text_field_embedder.model.encoder.layer.3.attention.self.key.bias
09/16 08:18:57 AM:    _text_field_embedder.model.encoder.layer.3.attention.self.key.weight
09/16 08:18:57 AM:    _text_field_embedder.model.encoder.layer.3.attention.self.query.bias
09/16 08:18:57 AM:    _text_field_embedder.model.encoder.layer.3.attention.self.query.weight
09/16 08:18:57 AM:    _text_field_embedder.model.encoder.layer.3.attention.self.value.bias
09/16 08:18:57 AM:    _text_field_embedder.model.encoder.layer.3.attention.self.value.weight
09/16 08:18:57 AM:    _text_field_embedder.model.encoder.layer.3.intermediate.dense.bias
09/16 08:18:57 AM:    _text_field_embedder.model.encoder.layer.3.intermediate.dense.weight
09/16 08:18:57 AM:    _text_field_embedder.model.encoder.layer.3.output.LayerNorm.bias
09/16 08:18:57 AM:    _text_field_embedder.model.encoder.layer.3.output.LayerNorm.weight
09/16 08:18:57 AM:    _text_field_embedder.model.encoder.layer.3.output.dense.bias
09/16 08:18:57 AM:    _text_field_embedder.model.encoder.layer.3.output.dense.weight
09/16 08:18:57 AM:    _text_field_embedder.model.encoder.layer.4.attention.output.LayerNorm.bias
09/16 08:18:57 AM:    _text_field_embedder.model.encoder.layer.4.attention.output.LayerNorm.weight
09/16 08:18:57 AM:    _text_field_embedder.model.encoder.layer.4.attention.output.dense.bias
09/16 08:18:57 AM:    _text_field_embedder.model.encoder.layer.4.attention.output.dense.weight
09/16 08:18:57 AM:    _text_field_embedder.model.encoder.layer.4.attention.self.key.bias
09/16 08:18:57 AM:    _text_field_embedder.model.encoder.layer.4.attention.self.key.weight
09/16 08:18:57 AM:    _text_field_embedder.model.encoder.layer.4.attention.self.query.bias
09/16 08:18:57 AM:    _text_field_embedder.model.encoder.layer.4.attention.self.query.weight
09/16 08:18:57 AM:    _text_field_embedder.model.encoder.layer.4.attention.self.value.bias
09/16 08:18:57 AM:    _text_field_embedder.model.encoder.layer.4.attention.self.value.weight
09/16 08:18:57 AM:    _text_field_embedder.model.encoder.layer.4.intermediate.dense.bias
09/16 08:18:57 AM:    _text_field_embedder.model.encoder.layer.4.intermediate.dense.weight
09/16 08:18:57 AM:    _text_field_embedder.model.encoder.layer.4.output.LayerNorm.bias
09/16 08:18:57 AM:    _text_field_embedder.model.encoder.layer.4.output.LayerNorm.weight
09/16 08:18:57 AM:    _text_field_embedder.model.encoder.layer.4.output.dense.bias
09/16 08:18:57 AM:    _text_field_embedder.model.encoder.layer.4.output.dense.weight
09/16 08:18:57 AM:    _text_field_embedder.model.encoder.layer.5.attention.output.LayerNorm.bias
09/16 08:18:57 AM:    _text_field_embedder.model.encoder.layer.5.attention.output.LayerNorm.weight
09/16 08:18:57 AM:    _text_field_embedder.model.encoder.layer.5.attention.output.dense.bias
09/16 08:18:57 AM:    _text_field_embedder.model.encoder.layer.5.attention.output.dense.weight
09/16 08:18:57 AM:    _text_field_embedder.model.encoder.layer.5.attention.self.key.bias
09/16 08:18:57 AM:    _text_field_embedder.model.encoder.layer.5.attention.self.key.weight
09/16 08:18:57 AM:    _text_field_embedder.model.encoder.layer.5.attention.self.query.bias
09/16 08:18:57 AM:    _text_field_embedder.model.encoder.layer.5.attention.self.query.weight
09/16 08:18:57 AM:    _text_field_embedder.model.encoder.layer.5.attention.self.value.bias
09/16 08:18:57 AM:    _text_field_embedder.model.encoder.layer.5.attention.self.value.weight
09/16 08:18:57 AM:    _text_field_embedder.model.encoder.layer.5.intermediate.dense.bias
09/16 08:18:57 AM:    _text_field_embedder.model.encoder.layer.5.intermediate.dense.weight
09/16 08:18:57 AM:    _text_field_embedder.model.encoder.layer.5.output.LayerNorm.bias
09/16 08:18:57 AM:    _text_field_embedder.model.encoder.layer.5.output.LayerNorm.weight
09/16 08:18:57 AM:    _text_field_embedder.model.encoder.layer.5.output.dense.bias
09/16 08:18:57 AM:    _text_field_embedder.model.encoder.layer.5.output.dense.weight
09/16 08:18:57 AM:    _text_field_embedder.model.encoder.layer.6.attention.output.LayerNorm.bias
09/16 08:18:57 AM:    _text_field_embedder.model.encoder.layer.6.attention.output.LayerNorm.weight
09/16 08:18:57 AM:    _text_field_embedder.model.encoder.layer.6.attention.output.dense.bias
09/16 08:18:57 AM:    _text_field_embedder.model.encoder.layer.6.attention.output.dense.weight
09/16 08:18:57 AM:    _text_field_embedder.model.encoder.layer.6.attention.self.key.bias
09/16 08:18:57 AM:    _text_field_embedder.model.encoder.layer.6.attention.self.key.weight
09/16 08:18:57 AM:    _text_field_embedder.model.encoder.layer.6.attention.self.query.bias
09/16 08:18:57 AM:    _text_field_embedder.model.encoder.layer.6.attention.self.query.weight
09/16 08:18:57 AM:    _text_field_embedder.model.encoder.layer.6.attention.self.value.bias
09/16 08:18:57 AM:    _text_field_embedder.model.encoder.layer.6.attention.self.value.weight
09/16 08:18:57 AM:    _text_field_embedder.model.encoder.layer.6.intermediate.dense.bias
09/16 08:18:57 AM:    _text_field_embedder.model.encoder.layer.6.intermediate.dense.weight
09/16 08:18:57 AM:    _text_field_embedder.model.encoder.layer.6.output.LayerNorm.bias
09/16 08:18:57 AM:    _text_field_embedder.model.encoder.layer.6.output.LayerNorm.weight
09/16 08:18:57 AM:    _text_field_embedder.model.encoder.layer.6.output.dense.bias
09/16 08:18:57 AM:    _text_field_embedder.model.encoder.layer.6.output.dense.weight
09/16 08:18:57 AM:    _text_field_embedder.model.encoder.layer.7.attention.output.LayerNorm.bias
09/16 08:18:57 AM:    _text_field_embedder.model.encoder.layer.7.attention.output.LayerNorm.weight
09/16 08:18:57 AM:    _text_field_embedder.model.encoder.layer.7.attention.output.dense.bias
09/16 08:18:57 AM:    _text_field_embedder.model.encoder.layer.7.attention.output.dense.weight
09/16 08:18:57 AM:    _text_field_embedder.model.encoder.layer.7.attention.self.key.bias
09/16 08:18:57 AM:    _text_field_embedder.model.encoder.layer.7.attention.self.key.weight
09/16 08:18:57 AM:    _text_field_embedder.model.encoder.layer.7.attention.self.query.bias
09/16 08:18:57 AM:    _text_field_embedder.model.encoder.layer.7.attention.self.query.weight
09/16 08:18:57 AM:    _text_field_embedder.model.encoder.layer.7.attention.self.value.bias
09/16 08:18:57 AM:    _text_field_embedder.model.encoder.layer.7.attention.self.value.weight
09/16 08:18:57 AM:    _text_field_embedder.model.encoder.layer.7.intermediate.dense.bias
09/16 08:18:57 AM:    _text_field_embedder.model.encoder.layer.7.intermediate.dense.weight
09/16 08:18:57 AM:    _text_field_embedder.model.encoder.layer.7.output.LayerNorm.bias
09/16 08:18:57 AM:    _text_field_embedder.model.encoder.layer.7.output.LayerNorm.weight
09/16 08:18:57 AM:    _text_field_embedder.model.encoder.layer.7.output.dense.bias
09/16 08:18:57 AM:    _text_field_embedder.model.encoder.layer.7.output.dense.weight
09/16 08:18:57 AM:    _text_field_embedder.model.encoder.layer.8.attention.output.LayerNorm.bias
09/16 08:18:57 AM:    _text_field_embedder.model.encoder.layer.8.attention.output.LayerNorm.weight
09/16 08:18:57 AM:    _text_field_embedder.model.encoder.layer.8.attention.output.dense.bias
09/16 08:18:57 AM:    _text_field_embedder.model.encoder.layer.8.attention.output.dense.weight
09/16 08:18:57 AM:    _text_field_embedder.model.encoder.layer.8.attention.self.key.bias
09/16 08:18:57 AM:    _text_field_embedder.model.encoder.layer.8.attention.self.key.weight
09/16 08:18:57 AM:    _text_field_embedder.model.encoder.layer.8.attention.self.query.bias
09/16 08:18:57 AM:    _text_field_embedder.model.encoder.layer.8.attention.self.query.weight
09/16 08:18:57 AM:    _text_field_embedder.model.encoder.layer.8.attention.self.value.bias
09/16 08:18:57 AM:    _text_field_embedder.model.encoder.layer.8.attention.self.value.weight
09/16 08:18:57 AM:    _text_field_embedder.model.encoder.layer.8.intermediate.dense.bias
09/16 08:18:57 AM:    _text_field_embedder.model.encoder.layer.8.intermediate.dense.weight
09/16 08:18:57 AM:    _text_field_embedder.model.encoder.layer.8.output.LayerNorm.bias
09/16 08:18:57 AM:    _text_field_embedder.model.encoder.layer.8.output.LayerNorm.weight
09/16 08:18:57 AM:    _text_field_embedder.model.encoder.layer.8.output.dense.bias
09/16 08:18:57 AM:    _text_field_embedder.model.encoder.layer.8.output.dense.weight
09/16 08:18:57 AM:    _text_field_embedder.model.encoder.layer.9.attention.output.LayerNorm.bias
09/16 08:18:57 AM:    _text_field_embedder.model.encoder.layer.9.attention.output.LayerNorm.weight
09/16 08:18:57 AM:    _text_field_embedder.model.encoder.layer.9.attention.output.dense.bias
09/16 08:18:57 AM:    _text_field_embedder.model.encoder.layer.9.attention.output.dense.weight
09/16 08:18:57 AM:    _text_field_embedder.model.encoder.layer.9.attention.self.key.bias
09/16 08:18:57 AM:    _text_field_embedder.model.encoder.layer.9.attention.self.key.weight
09/16 08:18:57 AM:    _text_field_embedder.model.encoder.layer.9.attention.self.query.bias
09/16 08:18:57 AM:    _text_field_embedder.model.encoder.layer.9.attention.self.query.weight
09/16 08:18:57 AM:    _text_field_embedder.model.encoder.layer.9.attention.self.value.bias
09/16 08:18:57 AM:    _text_field_embedder.model.encoder.layer.9.attention.self.value.weight
09/16 08:18:57 AM:    _text_field_embedder.model.encoder.layer.9.intermediate.dense.bias
09/16 08:18:57 AM:    _text_field_embedder.model.encoder.layer.9.intermediate.dense.weight
09/16 08:18:57 AM:    _text_field_embedder.model.encoder.layer.9.output.LayerNorm.bias
09/16 08:18:57 AM:    _text_field_embedder.model.encoder.layer.9.output.LayerNorm.weight
09/16 08:18:57 AM:    _text_field_embedder.model.encoder.layer.9.output.dense.bias
09/16 08:18:57 AM:    _text_field_embedder.model.encoder.layer.9.output.dense.weight
09/16 08:18:57 AM:    _text_field_embedder.model.pooler.dense.bias
09/16 08:18:57 AM:    _text_field_embedder.model.pooler.dense.weight
09/16 08:18:57 AM: 	Task 'edges-spr2' params: {
  "cls_type": "mlp",
  "d_hid": 256,
  "pool_type": "first",
  "d_proj": 512,
  "shared_pair_attn": 0,
  "attn": 0,
  "d_hid_attn": 512,
  "dropout": 0.3,
  "cls_loss_fn": "sigmoid",
  "cls_span_pooling": "attn",
  "edgeprobe_cnn_context": 0,
  "edgeprobe_symmetric": 0,
  "use_classifier": "edges-spr2"
}
09/16 08:19:02 AM: Model specification:
09/16 08:19:02 AM: MultiTaskModel(
  (sent_encoder): SentenceEncoder(
    (_text_field_embedder): BertEmbedderModule(
      (model): BertModel(
        (embeddings): BertEmbeddings(
          (word_embeddings): Embedding(30522, 768, padding_idx=0)
          (position_embeddings): Embedding(512, 768)
          (token_type_embeddings): Embedding(2, 768)
          (LayerNorm): LayerNorm(torch.Size([768]), eps=1e-12, elementwise_affine=True)
          (dropout): Dropout(p=0.1)
        )
        (encoder): BertEncoder(
          (layer): ModuleList(
            (0): BertLayer(
              (attention): BertAttention(
                (self): BertSelfAttention(
                  (query): Linear(in_features=768, out_features=768, bias=True)
                  (key): Linear(in_features=768, out_features=768, bias=True)
                  (value): Linear(in_features=768, out_features=768, bias=True)
                  (dropout): Dropout(p=0.1)
                )
                (output): BertSelfOutput(
                  (dense): Linear(in_features=768, out_features=768, bias=True)
                  (LayerNorm): LayerNorm(torch.Size([768]), eps=1e-12, elementwise_affine=True)
                  (dropout): Dropout(p=0.1)
                )
              )
              (intermediate): BertIntermediate(
                (dense): Linear(in_features=768, out_features=3072, bias=True)
              )
              (output): BertOutput(
                (dense): Linear(in_features=3072, out_features=768, bias=True)
                (LayerNorm): LayerNorm(torch.Size([768]), eps=1e-12, elementwise_affine=True)
                (dropout): Dropout(p=0.1)
              )
            )
            (1): BertLayer(
              (attention): BertAttention(
                (self): BertSelfAttention(
                  (query): Linear(in_features=768, out_features=768, bias=True)
                  (key): Linear(in_features=768, out_features=768, bias=True)
                  (value): Linear(in_features=768, out_features=768, bias=True)
                  (dropout): Dropout(p=0.1)
                )
                (output): BertSelfOutput(
                  (dense): Linear(in_features=768, out_features=768, bias=True)
                  (LayerNorm): LayerNorm(torch.Size([768]), eps=1e-12, elementwise_affine=True)
                  (dropout): Dropout(p=0.1)
                )
              )
              (intermediate): BertIntermediate(
                (dense): Linear(in_features=768, out_features=3072, bias=True)
              )
              (output): BertOutput(
                (dense): Linear(in_features=3072, out_features=768, bias=True)
                (LayerNorm): LayerNorm(torch.Size([768]), eps=1e-12, elementwise_affine=True)
                (dropout): Dropout(p=0.1)
              )
            )
            (2): BertLayer(
              (attention): BertAttention(
                (self): BertSelfAttention(
                  (query): Linear(in_features=768, out_features=768, bias=True)
                  (key): Linear(in_features=768, out_features=768, bias=True)
                  (value): Linear(in_features=768, out_features=768, bias=True)
                  (dropout): Dropout(p=0.1)
                )
                (output): BertSelfOutput(
                  (dense): Linear(in_features=768, out_features=768, bias=True)
                  (LayerNorm): LayerNorm(torch.Size([768]), eps=1e-12, elementwise_affine=True)
                  (dropout): Dropout(p=0.1)
                )
              )
              (intermediate): BertIntermediate(
                (dense): Linear(in_features=768, out_features=3072, bias=True)
              )
              (output): BertOutput(
                (dense): Linear(in_features=3072, out_features=768, bias=True)
                (LayerNorm): LayerNorm(torch.Size([768]), eps=1e-12, elementwise_affine=True)
                (dropout): Dropout(p=0.1)
              )
            )
            (3): BertLayer(
              (attention): BertAttention(
                (self): BertSelfAttention(
                  (query): Linear(in_features=768, out_features=768, bias=True)
                  (key): Linear(in_features=768, out_features=768, bias=True)
                  (value): Linear(in_features=768, out_features=768, bias=True)
                  (dropout): Dropout(p=0.1)
                )
                (output): BertSelfOutput(
                  (dense): Linear(in_features=768, out_features=768, bias=True)
                  (LayerNorm): LayerNorm(torch.Size([768]), eps=1e-12, elementwise_affine=True)
                  (dropout): Dropout(p=0.1)
                )
              )
              (intermediate): BertIntermediate(
                (dense): Linear(in_features=768, out_features=3072, bias=True)
              )
              (output): BertOutput(
                (dense): Linear(in_features=3072, out_features=768, bias=True)
                (LayerNorm): LayerNorm(torch.Size([768]), eps=1e-12, elementwise_affine=True)
                (dropout): Dropout(p=0.1)
              )
            )
            (4): BertLayer(
              (attention): BertAttention(
                (self): BertSelfAttention(
                  (query): Linear(in_features=768, out_features=768, bias=True)
                  (key): Linear(in_features=768, out_features=768, bias=True)
                  (value): Linear(in_features=768, out_features=768, bias=True)
                  (dropout): Dropout(p=0.1)
                )
                (output): BertSelfOutput(
                  (dense): Linear(in_features=768, out_features=768, bias=True)
                  (LayerNorm): LayerNorm(torch.Size([768]), eps=1e-12, elementwise_affine=True)
                  (dropout): Dropout(p=0.1)
                )
              )
              (intermediate): BertIntermediate(
                (dense): Linear(in_features=768, out_features=3072, bias=True)
              )
              (output): BertOutput(
                (dense): Linear(in_features=3072, out_features=768, bias=True)
                (LayerNorm): LayerNorm(torch.Size([768]), eps=1e-12, elementwise_affine=True)
                (dropout): Dropout(p=0.1)
              )
            )
            (5): BertLayer(
              (attention): BertAttention(
                (self): BertSelfAttention(
                  (query): Linear(in_features=768, out_features=768, bias=True)
                  (key): Linear(in_features=768, out_features=768, bias=True)
                  (value): Linear(in_features=768, out_features=768, bias=True)
                  (dropout): Dropout(p=0.1)
                )
                (output): BertSelfOutput(
                  (dense): Linear(in_features=768, out_features=768, bias=True)
                  (LayerNorm): LayerNorm(torch.Size([768]), eps=1e-12, elementwise_affine=True)
                  (dropout): Dropout(p=0.1)
                )
              )
              (intermediate): BertIntermediate(
                (dense): Linear(in_features=768, out_features=3072, bias=True)
              )
              (output): BertOutput(
                (dense): Linear(in_features=3072, out_features=768, bias=True)
                (LayerNorm): LayerNorm(torch.Size([768]), eps=1e-12, elementwise_affine=True)
                (dropout): Dropout(p=0.1)
              )
            )
            (6): BertLayer(
              (attention): BertAttention(
                (self): BertSelfAttention(
                  (query): Linear(in_features=768, out_features=768, bias=True)
                  (key): Linear(in_features=768, out_features=768, bias=True)
                  (value): Linear(in_features=768, out_features=768, bias=True)
                  (dropout): Dropout(p=0.1)
                )
                (output): BertSelfOutput(
                  (dense): Linear(in_features=768, out_features=768, bias=True)
                  (LayerNorm): LayerNorm(torch.Size([768]), eps=1e-12, elementwise_affine=True)
                  (dropout): Dropout(p=0.1)
                )
              )
              (intermediate): BertIntermediate(
                (dense): Linear(in_features=768, out_features=3072, bias=True)
              )
              (output): BertOutput(
                (dense): Linear(in_features=3072, out_features=768, bias=True)
                (LayerNorm): LayerNorm(torch.Size([768]), eps=1e-12, elementwise_affine=True)
                (dropout): Dropout(p=0.1)
              )
            )
            (7): BertLayer(
              (attention): BertAttention(
                (self): BertSelfAttention(
                  (query): Linear(in_features=768, out_features=768, bias=True)
                  (key): Linear(in_features=768, out_features=768, bias=True)
                  (value): Linear(in_features=768, out_features=768, bias=True)
                  (dropout): Dropout(p=0.1)
                )
                (output): BertSelfOutput(
                  (dense): Linear(in_features=768, out_features=768, bias=True)
                  (LayerNorm): LayerNorm(torch.Size([768]), eps=1e-12, elementwise_affine=True)
                  (dropout): Dropout(p=0.1)
                )
              )
              (intermediate): BertIntermediate(
                (dense): Linear(in_features=768, out_features=3072, bias=True)
              )
              (output): BertOutput(
                (dense): Linear(in_features=3072, out_features=768, bias=True)
                (LayerNorm): LayerNorm(torch.Size([768]), eps=1e-12, elementwise_affine=True)
                (dropout): Dropout(p=0.1)
              )
            )
            (8): BertLayer(
              (attention): BertAttention(
                (self): BertSelfAttention(
                  (query): Linear(in_features=768, out_features=768, bias=True)
                  (key): Linear(in_features=768, out_features=768, bias=True)
                  (value): Linear(in_features=768, out_features=768, bias=True)
                  (dropout): Dropout(p=0.1)
                )
                (output): BertSelfOutput(
                  (dense): Linear(in_features=768, out_features=768, bias=True)
                  (LayerNorm): LayerNorm(torch.Size([768]), eps=1e-12, elementwise_affine=True)
                  (dropout): Dropout(p=0.1)
                )
              )
              (intermediate): BertIntermediate(
                (dense): Linear(in_features=768, out_features=3072, bias=True)
              )
              (output): BertOutput(
                (dense): Linear(in_features=3072, out_features=768, bias=True)
                (LayerNorm): LayerNorm(torch.Size([768]), eps=1e-12, elementwise_affine=True)
                (dropout): Dropout(p=0.1)
              )
            )
            (9): BertLayer(
              (attention): BertAttention(
                (self): BertSelfAttention(
                  (query): Linear(in_features=768, out_features=768, bias=True)
                  (key): Linear(in_features=768, out_features=768, bias=True)
                  (value): Linear(in_features=768, out_features=768, bias=True)
                  (dropout): Dropout(p=0.1)
                )
                (output): BertSelfOutput(
                  (dense): Linear(in_features=768, out_features=768, bias=True)
                  (LayerNorm): LayerNorm(torch.Size([768]), eps=1e-12, elementwise_affine=True)
                  (dropout): Dropout(p=0.1)
                )
              )
              (intermediate): BertIntermediate(
                (dense): Linear(in_features=768, out_features=3072, bias=True)
              )
              (output): BertOutput(
                (dense): Linear(in_features=3072, out_features=768, bias=True)
                (LayerNorm): LayerNorm(torch.Size([768]), eps=1e-12, elementwise_affine=True)
                (dropout): Dropout(p=0.1)
              )
            )
            (10): BertLayer(
              (attention): BertAttention(
                (self): BertSelfAttention(
                  (query): Linear(in_features=768, out_features=768, bias=True)
                  (key): Linear(in_features=768, out_features=768, bias=True)
                  (value): Linear(in_features=768, out_features=768, bias=True)
                  (dropout): Dropout(p=0.1)
                )
                (output): BertSelfOutput(
                  (dense): Linear(in_features=768, out_features=768, bias=True)
                  (LayerNorm): LayerNorm(torch.Size([768]), eps=1e-12, elementwise_affine=True)
                  (dropout): Dropout(p=0.1)
                )
              )
              (intermediate): BertIntermediate(
                (dense): Linear(in_features=768, out_features=3072, bias=True)
              )
              (output): BertOutput(
                (dense): Linear(in_features=3072, out_features=768, bias=True)
                (LayerNorm): LayerNorm(torch.Size([768]), eps=1e-12, elementwise_affine=True)
                (dropout): Dropout(p=0.1)
              )
            )
            (11): BertLayer(
              (attention): BertAttention(
                (self): BertSelfAttention(
                  (query): Linear(in_features=768, out_features=768, bias=True)
                  (key): Linear(in_features=768, out_features=768, bias=True)
                  (value): Linear(in_features=768, out_features=768, bias=True)
                  (dropout): Dropout(p=0.1)
                )
                (output): BertSelfOutput(
                  (dense): Linear(in_features=768, out_features=768, bias=True)
                  (LayerNorm): LayerNorm(torch.Size([768]), eps=1e-12, elementwise_affine=True)
                  (dropout): Dropout(p=0.1)
                )
              )
              (intermediate): BertIntermediate(
                (dense): Linear(in_features=768, out_features=3072, bias=True)
              )
              (output): BertOutput(
                (dense): Linear(in_features=3072, out_features=768, bias=True)
                (LayerNorm): LayerNorm(torch.Size([768]), eps=1e-12, elementwise_affine=True)
                (dropout): Dropout(p=0.1)
              )
            )
          )
        )
        (pooler): BertPooler(
          (dense): Linear(in_features=768, out_features=768, bias=True)
          (activation): Tanh()
        )
      )
    )
    (_highway_layer): TimeDistributed(
      (_module): Highway(
        (_layers): ModuleList()
      )
    )
    (_phrase_layer): NullPhraseLayer()
    (_dropout): Dropout(p=0.2)
  )
  (edges-spr2_mdl): EdgeClassifierModule(
    (proj1): Conv1d(768, 256, kernel_size=(1,), stride=(1,))
    (proj2): Conv1d(768, 256, kernel_size=(1,), stride=(1,))
    (span_extractor1): EndpointSpanExtractor()
    (span_extractor2): EndpointSpanExtractor()
    (classifier): Classifier(
      (classifier): Sequential(
        (0): Linear(in_features=1024, out_features=256, bias=True)
        (1): Tanh()
        (2): LayerNorm(torch.Size([256]), eps=1e-05, elementwise_affine=True)
        (3): Dropout(p=0.3)
        (4): Linear(in_features=256, out_features=20, bias=True)
      )
    )
  )
)
09/16 08:19:02 AM: Model parameters:
09/16 08:19:02 AM: 	sent_encoder._text_field_embedder.model.embeddings.word_embeddings.weight: Non-trainable parameter, count 23440896 with torch.Size([30522, 768])
09/16 08:19:02 AM: 	sent_encoder._text_field_embedder.model.embeddings.position_embeddings.weight: Non-trainable parameter, count 393216 with torch.Size([512, 768])
09/16 08:19:02 AM: 	sent_encoder._text_field_embedder.model.embeddings.token_type_embeddings.weight: Non-trainable parameter, count 1536 with torch.Size([2, 768])
09/16 08:19:02 AM: 	sent_encoder._text_field_embedder.model.embeddings.LayerNorm.weight: Non-trainable parameter, count 768 with torch.Size([768])
09/16 08:19:02 AM: 	sent_encoder._text_field_embedder.model.embeddings.LayerNorm.bias: Non-trainable parameter, count 768 with torch.Size([768])
09/16 08:19:02 AM: 	sent_encoder._text_field_embedder.model.encoder.layer.0.attention.self.query.weight: Non-trainable parameter, count 589824 with torch.Size([768, 768])
09/16 08:19:02 AM: 	sent_encoder._text_field_embedder.model.encoder.layer.0.attention.self.query.bias: Non-trainable parameter, count 768 with torch.Size([768])
09/16 08:19:02 AM: 	sent_encoder._text_field_embedder.model.encoder.layer.0.attention.self.key.weight: Non-trainable parameter, count 589824 with torch.Size([768, 768])
09/16 08:19:02 AM: 	sent_encoder._text_field_embedder.model.encoder.layer.0.attention.self.key.bias: Non-trainable parameter, count 768 with torch.Size([768])
09/16 08:19:02 AM: 	sent_encoder._text_field_embedder.model.encoder.layer.0.attention.self.value.weight: Non-trainable parameter, count 589824 with torch.Size([768, 768])
09/16 08:19:02 AM: 	sent_encoder._text_field_embedder.model.encoder.layer.0.attention.self.value.bias: Non-trainable parameter, count 768 with torch.Size([768])
09/16 08:19:02 AM: 	sent_encoder._text_field_embedder.model.encoder.layer.0.attention.output.dense.weight: Non-trainable parameter, count 589824 with torch.Size([768, 768])
09/16 08:19:02 AM: 	sent_encoder._text_field_embedder.model.encoder.layer.0.attention.output.dense.bias: Non-trainable parameter, count 768 with torch.Size([768])
09/16 08:19:02 AM: 	sent_encoder._text_field_embedder.model.encoder.layer.0.attention.output.LayerNorm.weight: Non-trainable parameter, count 768 with torch.Size([768])
09/16 08:19:02 AM: 	sent_encoder._text_field_embedder.model.encoder.layer.0.attention.output.LayerNorm.bias: Non-trainable parameter, count 768 with torch.Size([768])
09/16 08:19:02 AM: 	sent_encoder._text_field_embedder.model.encoder.layer.0.intermediate.dense.weight: Non-trainable parameter, count 2359296 with torch.Size([3072, 768])
09/16 08:19:02 AM: 	sent_encoder._text_field_embedder.model.encoder.layer.0.intermediate.dense.bias: Non-trainable parameter, count 3072 with torch.Size([3072])
09/16 08:19:02 AM: 	sent_encoder._text_field_embedder.model.encoder.layer.0.output.dense.weight: Non-trainable parameter, count 2359296 with torch.Size([768, 3072])
09/16 08:19:02 AM: 	sent_encoder._text_field_embedder.model.encoder.layer.0.output.dense.bias: Non-trainable parameter, count 768 with torch.Size([768])
09/16 08:19:02 AM: 	sent_encoder._text_field_embedder.model.encoder.layer.0.output.LayerNorm.weight: Non-trainable parameter, count 768 with torch.Size([768])
09/16 08:19:02 AM: 	sent_encoder._text_field_embedder.model.encoder.layer.0.output.LayerNorm.bias: Non-trainable parameter, count 768 with torch.Size([768])
09/16 08:19:02 AM: 	sent_encoder._text_field_embedder.model.encoder.layer.1.attention.self.query.weight: Non-trainable parameter, count 589824 with torch.Size([768, 768])
09/16 08:19:02 AM: 	sent_encoder._text_field_embedder.model.encoder.layer.1.attention.self.query.bias: Non-trainable parameter, count 768 with torch.Size([768])
09/16 08:19:02 AM: 	sent_encoder._text_field_embedder.model.encoder.layer.1.attention.self.key.weight: Non-trainable parameter, count 589824 with torch.Size([768, 768])
09/16 08:19:02 AM: 	sent_encoder._text_field_embedder.model.encoder.layer.1.attention.self.key.bias: Non-trainable parameter, count 768 with torch.Size([768])
09/16 08:19:02 AM: 	sent_encoder._text_field_embedder.model.encoder.layer.1.attention.self.value.weight: Non-trainable parameter, count 589824 with torch.Size([768, 768])
09/16 08:19:02 AM: 	sent_encoder._text_field_embedder.model.encoder.layer.1.attention.self.value.bias: Non-trainable parameter, count 768 with torch.Size([768])
09/16 08:19:02 AM: 	sent_encoder._text_field_embedder.model.encoder.layer.1.attention.output.dense.weight: Non-trainable parameter, count 589824 with torch.Size([768, 768])
09/16 08:19:02 AM: 	sent_encoder._text_field_embedder.model.encoder.layer.1.attention.output.dense.bias: Non-trainable parameter, count 768 with torch.Size([768])
09/16 08:19:02 AM: 	sent_encoder._text_field_embedder.model.encoder.layer.1.attention.output.LayerNorm.weight: Non-trainable parameter, count 768 with torch.Size([768])
09/16 08:19:02 AM: 	sent_encoder._text_field_embedder.model.encoder.layer.1.attention.output.LayerNorm.bias: Non-trainable parameter, count 768 with torch.Size([768])
09/16 08:19:02 AM: 	sent_encoder._text_field_embedder.model.encoder.layer.1.intermediate.dense.weight: Non-trainable parameter, count 2359296 with torch.Size([3072, 768])
09/16 08:19:02 AM: 	sent_encoder._text_field_embedder.model.encoder.layer.1.intermediate.dense.bias: Non-trainable parameter, count 3072 with torch.Size([3072])
09/16 08:19:02 AM: 	sent_encoder._text_field_embedder.model.encoder.layer.1.output.dense.weight: Non-trainable parameter, count 2359296 with torch.Size([768, 3072])
09/16 08:19:02 AM: 	sent_encoder._text_field_embedder.model.encoder.layer.1.output.dense.bias: Non-trainable parameter, count 768 with torch.Size([768])
09/16 08:19:02 AM: 	sent_encoder._text_field_embedder.model.encoder.layer.1.output.LayerNorm.weight: Non-trainable parameter, count 768 with torch.Size([768])
09/16 08:19:02 AM: 	sent_encoder._text_field_embedder.model.encoder.layer.1.output.LayerNorm.bias: Non-trainable parameter, count 768 with torch.Size([768])
09/16 08:19:02 AM: 	sent_encoder._text_field_embedder.model.encoder.layer.2.attention.self.query.weight: Non-trainable parameter, count 589824 with torch.Size([768, 768])
09/16 08:19:02 AM: 	sent_encoder._text_field_embedder.model.encoder.layer.2.attention.self.query.bias: Non-trainable parameter, count 768 with torch.Size([768])
09/16 08:19:02 AM: 	sent_encoder._text_field_embedder.model.encoder.layer.2.attention.self.key.weight: Non-trainable parameter, count 589824 with torch.Size([768, 768])
09/16 08:19:02 AM: 	sent_encoder._text_field_embedder.model.encoder.layer.2.attention.self.key.bias: Non-trainable parameter, count 768 with torch.Size([768])
09/16 08:19:02 AM: 	sent_encoder._text_field_embedder.model.encoder.layer.2.attention.self.value.weight: Non-trainable parameter, count 589824 with torch.Size([768, 768])
09/16 08:19:02 AM: 	sent_encoder._text_field_embedder.model.encoder.layer.2.attention.self.value.bias: Non-trainable parameter, count 768 with torch.Size([768])
09/16 08:19:02 AM: 	sent_encoder._text_field_embedder.model.encoder.layer.2.attention.output.dense.weight: Non-trainable parameter, count 589824 with torch.Size([768, 768])
09/16 08:19:02 AM: 	sent_encoder._text_field_embedder.model.encoder.layer.2.attention.output.dense.bias: Non-trainable parameter, count 768 with torch.Size([768])
09/16 08:19:02 AM: 	sent_encoder._text_field_embedder.model.encoder.layer.2.attention.output.LayerNorm.weight: Non-trainable parameter, count 768 with torch.Size([768])
09/16 08:19:02 AM: 	sent_encoder._text_field_embedder.model.encoder.layer.2.attention.output.LayerNorm.bias: Non-trainable parameter, count 768 with torch.Size([768])
09/16 08:19:02 AM: 	sent_encoder._text_field_embedder.model.encoder.layer.2.intermediate.dense.weight: Non-trainable parameter, count 2359296 with torch.Size([3072, 768])
09/16 08:19:02 AM: 	sent_encoder._text_field_embedder.model.encoder.layer.2.intermediate.dense.bias: Non-trainable parameter, count 3072 with torch.Size([3072])
09/16 08:19:02 AM: 	sent_encoder._text_field_embedder.model.encoder.layer.2.output.dense.weight: Non-trainable parameter, count 2359296 with torch.Size([768, 3072])
09/16 08:19:02 AM: 	sent_encoder._text_field_embedder.model.encoder.layer.2.output.dense.bias: Non-trainable parameter, count 768 with torch.Size([768])
09/16 08:19:02 AM: 	sent_encoder._text_field_embedder.model.encoder.layer.2.output.LayerNorm.weight: Non-trainable parameter, count 768 with torch.Size([768])
09/16 08:19:02 AM: 	sent_encoder._text_field_embedder.model.encoder.layer.2.output.LayerNorm.bias: Non-trainable parameter, count 768 with torch.Size([768])
09/16 08:19:02 AM: 	sent_encoder._text_field_embedder.model.encoder.layer.3.attention.self.query.weight: Non-trainable parameter, count 589824 with torch.Size([768, 768])
09/16 08:19:02 AM: 	sent_encoder._text_field_embedder.model.encoder.layer.3.attention.self.query.bias: Non-trainable parameter, count 768 with torch.Size([768])
09/16 08:19:02 AM: 	sent_encoder._text_field_embedder.model.encoder.layer.3.attention.self.key.weight: Non-trainable parameter, count 589824 with torch.Size([768, 768])
09/16 08:19:02 AM: 	sent_encoder._text_field_embedder.model.encoder.layer.3.attention.self.key.bias: Non-trainable parameter, count 768 with torch.Size([768])
09/16 08:19:02 AM: 	sent_encoder._text_field_embedder.model.encoder.layer.3.attention.self.value.weight: Non-trainable parameter, count 589824 with torch.Size([768, 768])
09/16 08:19:02 AM: 	sent_encoder._text_field_embedder.model.encoder.layer.3.attention.self.value.bias: Non-trainable parameter, count 768 with torch.Size([768])
09/16 08:19:02 AM: 	sent_encoder._text_field_embedder.model.encoder.layer.3.attention.output.dense.weight: Non-trainable parameter, count 589824 with torch.Size([768, 768])
09/16 08:19:02 AM: 	sent_encoder._text_field_embedder.model.encoder.layer.3.attention.output.dense.bias: Non-trainable parameter, count 768 with torch.Size([768])
09/16 08:19:02 AM: 	sent_encoder._text_field_embedder.model.encoder.layer.3.attention.output.LayerNorm.weight: Non-trainable parameter, count 768 with torch.Size([768])
09/16 08:19:02 AM: 	sent_encoder._text_field_embedder.model.encoder.layer.3.attention.output.LayerNorm.bias: Non-trainable parameter, count 768 with torch.Size([768])
09/16 08:19:02 AM: 	sent_encoder._text_field_embedder.model.encoder.layer.3.intermediate.dense.weight: Non-trainable parameter, count 2359296 with torch.Size([3072, 768])
09/16 08:19:02 AM: 	sent_encoder._text_field_embedder.model.encoder.layer.3.intermediate.dense.bias: Non-trainable parameter, count 3072 with torch.Size([3072])
09/16 08:19:02 AM: 	sent_encoder._text_field_embedder.model.encoder.layer.3.output.dense.weight: Non-trainable parameter, count 2359296 with torch.Size([768, 3072])
09/16 08:19:02 AM: 	sent_encoder._text_field_embedder.model.encoder.layer.3.output.dense.bias: Non-trainable parameter, count 768 with torch.Size([768])
09/16 08:19:02 AM: 	sent_encoder._text_field_embedder.model.encoder.layer.3.output.LayerNorm.weight: Non-trainable parameter, count 768 with torch.Size([768])
09/16 08:19:02 AM: 	sent_encoder._text_field_embedder.model.encoder.layer.3.output.LayerNorm.bias: Non-trainable parameter, count 768 with torch.Size([768])
09/16 08:19:02 AM: 	sent_encoder._text_field_embedder.model.encoder.layer.4.attention.self.query.weight: Non-trainable parameter, count 589824 with torch.Size([768, 768])
09/16 08:19:02 AM: 	sent_encoder._text_field_embedder.model.encoder.layer.4.attention.self.query.bias: Non-trainable parameter, count 768 with torch.Size([768])
09/16 08:19:02 AM: 	sent_encoder._text_field_embedder.model.encoder.layer.4.attention.self.key.weight: Non-trainable parameter, count 589824 with torch.Size([768, 768])
09/16 08:19:02 AM: 	sent_encoder._text_field_embedder.model.encoder.layer.4.attention.self.key.bias: Non-trainable parameter, count 768 with torch.Size([768])
09/16 08:19:02 AM: 	sent_encoder._text_field_embedder.model.encoder.layer.4.attention.self.value.weight: Non-trainable parameter, count 589824 with torch.Size([768, 768])
09/16 08:19:02 AM: 	sent_encoder._text_field_embedder.model.encoder.layer.4.attention.self.value.bias: Non-trainable parameter, count 768 with torch.Size([768])
09/16 08:19:02 AM: 	sent_encoder._text_field_embedder.model.encoder.layer.4.attention.output.dense.weight: Non-trainable parameter, count 589824 with torch.Size([768, 768])
09/16 08:19:02 AM: 	sent_encoder._text_field_embedder.model.encoder.layer.4.attention.output.dense.bias: Non-trainable parameter, count 768 with torch.Size([768])
09/16 08:19:02 AM: 	sent_encoder._text_field_embedder.model.encoder.layer.4.attention.output.LayerNorm.weight: Non-trainable parameter, count 768 with torch.Size([768])
09/16 08:19:02 AM: 	sent_encoder._text_field_embedder.model.encoder.layer.4.attention.output.LayerNorm.bias: Non-trainable parameter, count 768 with torch.Size([768])
09/16 08:19:02 AM: 	sent_encoder._text_field_embedder.model.encoder.layer.4.intermediate.dense.weight: Non-trainable parameter, count 2359296 with torch.Size([3072, 768])
09/16 08:19:02 AM: 	sent_encoder._text_field_embedder.model.encoder.layer.4.intermediate.dense.bias: Non-trainable parameter, count 3072 with torch.Size([3072])
09/16 08:19:02 AM: 	sent_encoder._text_field_embedder.model.encoder.layer.4.output.dense.weight: Non-trainable parameter, count 2359296 with torch.Size([768, 3072])
09/16 08:19:02 AM: 	sent_encoder._text_field_embedder.model.encoder.layer.4.output.dense.bias: Non-trainable parameter, count 768 with torch.Size([768])
09/16 08:19:02 AM: 	sent_encoder._text_field_embedder.model.encoder.layer.4.output.LayerNorm.weight: Non-trainable parameter, count 768 with torch.Size([768])
09/16 08:19:02 AM: 	sent_encoder._text_field_embedder.model.encoder.layer.4.output.LayerNorm.bias: Non-trainable parameter, count 768 with torch.Size([768])
09/16 08:19:02 AM: 	sent_encoder._text_field_embedder.model.encoder.layer.5.attention.self.query.weight: Non-trainable parameter, count 589824 with torch.Size([768, 768])
09/16 08:19:02 AM: 	sent_encoder._text_field_embedder.model.encoder.layer.5.attention.self.query.bias: Non-trainable parameter, count 768 with torch.Size([768])
09/16 08:19:02 AM: 	sent_encoder._text_field_embedder.model.encoder.layer.5.attention.self.key.weight: Non-trainable parameter, count 589824 with torch.Size([768, 768])
09/16 08:19:02 AM: 	sent_encoder._text_field_embedder.model.encoder.layer.5.attention.self.key.bias: Non-trainable parameter, count 768 with torch.Size([768])
09/16 08:19:02 AM: 	sent_encoder._text_field_embedder.model.encoder.layer.5.attention.self.value.weight: Non-trainable parameter, count 589824 with torch.Size([768, 768])
09/16 08:19:02 AM: 	sent_encoder._text_field_embedder.model.encoder.layer.5.attention.self.value.bias: Non-trainable parameter, count 768 with torch.Size([768])
09/16 08:19:02 AM: 	sent_encoder._text_field_embedder.model.encoder.layer.5.attention.output.dense.weight: Non-trainable parameter, count 589824 with torch.Size([768, 768])
09/16 08:19:02 AM: 	sent_encoder._text_field_embedder.model.encoder.layer.5.attention.output.dense.bias: Non-trainable parameter, count 768 with torch.Size([768])
09/16 08:19:02 AM: 	sent_encoder._text_field_embedder.model.encoder.layer.5.attention.output.LayerNorm.weight: Non-trainable parameter, count 768 with torch.Size([768])
09/16 08:19:02 AM: 	sent_encoder._text_field_embedder.model.encoder.layer.5.attention.output.LayerNorm.bias: Non-trainable parameter, count 768 with torch.Size([768])
09/16 08:19:02 AM: 	sent_encoder._text_field_embedder.model.encoder.layer.5.intermediate.dense.weight: Non-trainable parameter, count 2359296 with torch.Size([3072, 768])
09/16 08:19:02 AM: 	sent_encoder._text_field_embedder.model.encoder.layer.5.intermediate.dense.bias: Non-trainable parameter, count 3072 with torch.Size([3072])
09/16 08:19:02 AM: 	sent_encoder._text_field_embedder.model.encoder.layer.5.output.dense.weight: Non-trainable parameter, count 2359296 with torch.Size([768, 3072])
09/16 08:19:02 AM: 	sent_encoder._text_field_embedder.model.encoder.layer.5.output.dense.bias: Non-trainable parameter, count 768 with torch.Size([768])
09/16 08:19:02 AM: 	sent_encoder._text_field_embedder.model.encoder.layer.5.output.LayerNorm.weight: Non-trainable parameter, count 768 with torch.Size([768])
09/16 08:19:02 AM: 	sent_encoder._text_field_embedder.model.encoder.layer.5.output.LayerNorm.bias: Non-trainable parameter, count 768 with torch.Size([768])
09/16 08:19:02 AM: 	sent_encoder._text_field_embedder.model.encoder.layer.6.attention.self.query.weight: Non-trainable parameter, count 589824 with torch.Size([768, 768])
09/16 08:19:02 AM: 	sent_encoder._text_field_embedder.model.encoder.layer.6.attention.self.query.bias: Non-trainable parameter, count 768 with torch.Size([768])
09/16 08:19:02 AM: 	sent_encoder._text_field_embedder.model.encoder.layer.6.attention.self.key.weight: Non-trainable parameter, count 589824 with torch.Size([768, 768])
09/16 08:19:02 AM: 	sent_encoder._text_field_embedder.model.encoder.layer.6.attention.self.key.bias: Non-trainable parameter, count 768 with torch.Size([768])
09/16 08:19:02 AM: 	sent_encoder._text_field_embedder.model.encoder.layer.6.attention.self.value.weight: Non-trainable parameter, count 589824 with torch.Size([768, 768])
09/16 08:19:02 AM: 	sent_encoder._text_field_embedder.model.encoder.layer.6.attention.self.value.bias: Non-trainable parameter, count 768 with torch.Size([768])
09/16 08:19:02 AM: 	sent_encoder._text_field_embedder.model.encoder.layer.6.attention.output.dense.weight: Non-trainable parameter, count 589824 with torch.Size([768, 768])
09/16 08:19:02 AM: 	sent_encoder._text_field_embedder.model.encoder.layer.6.attention.output.dense.bias: Non-trainable parameter, count 768 with torch.Size([768])
09/16 08:19:02 AM: 	sent_encoder._text_field_embedder.model.encoder.layer.6.attention.output.LayerNorm.weight: Non-trainable parameter, count 768 with torch.Size([768])
09/16 08:19:02 AM: 	sent_encoder._text_field_embedder.model.encoder.layer.6.attention.output.LayerNorm.bias: Non-trainable parameter, count 768 with torch.Size([768])
09/16 08:19:02 AM: 	sent_encoder._text_field_embedder.model.encoder.layer.6.intermediate.dense.weight: Non-trainable parameter, count 2359296 with torch.Size([3072, 768])
09/16 08:19:02 AM: 	sent_encoder._text_field_embedder.model.encoder.layer.6.intermediate.dense.bias: Non-trainable parameter, count 3072 with torch.Size([3072])
09/16 08:19:02 AM: 	sent_encoder._text_field_embedder.model.encoder.layer.6.output.dense.weight: Non-trainable parameter, count 2359296 with torch.Size([768, 3072])
09/16 08:19:02 AM: 	sent_encoder._text_field_embedder.model.encoder.layer.6.output.dense.bias: Non-trainable parameter, count 768 with torch.Size([768])
09/16 08:19:02 AM: 	sent_encoder._text_field_embedder.model.encoder.layer.6.output.LayerNorm.weight: Non-trainable parameter, count 768 with torch.Size([768])
09/16 08:19:02 AM: 	sent_encoder._text_field_embedder.model.encoder.layer.6.output.LayerNorm.bias: Non-trainable parameter, count 768 with torch.Size([768])
09/16 08:19:02 AM: 	sent_encoder._text_field_embedder.model.encoder.layer.7.attention.self.query.weight: Non-trainable parameter, count 589824 with torch.Size([768, 768])
09/16 08:19:02 AM: 	sent_encoder._text_field_embedder.model.encoder.layer.7.attention.self.query.bias: Non-trainable parameter, count 768 with torch.Size([768])
09/16 08:19:02 AM: 	sent_encoder._text_field_embedder.model.encoder.layer.7.attention.self.key.weight: Non-trainable parameter, count 589824 with torch.Size([768, 768])
09/16 08:19:02 AM: 	sent_encoder._text_field_embedder.model.encoder.layer.7.attention.self.key.bias: Non-trainable parameter, count 768 with torch.Size([768])
09/16 08:19:02 AM: 	sent_encoder._text_field_embedder.model.encoder.layer.7.attention.self.value.weight: Non-trainable parameter, count 589824 with torch.Size([768, 768])
09/16 08:19:02 AM: 	sent_encoder._text_field_embedder.model.encoder.layer.7.attention.self.value.bias: Non-trainable parameter, count 768 with torch.Size([768])
09/16 08:19:02 AM: 	sent_encoder._text_field_embedder.model.encoder.layer.7.attention.output.dense.weight: Non-trainable parameter, count 589824 with torch.Size([768, 768])
09/16 08:19:02 AM: 	sent_encoder._text_field_embedder.model.encoder.layer.7.attention.output.dense.bias: Non-trainable parameter, count 768 with torch.Size([768])
09/16 08:19:02 AM: 	sent_encoder._text_field_embedder.model.encoder.layer.7.attention.output.LayerNorm.weight: Non-trainable parameter, count 768 with torch.Size([768])
09/16 08:19:02 AM: 	sent_encoder._text_field_embedder.model.encoder.layer.7.attention.output.LayerNorm.bias: Non-trainable parameter, count 768 with torch.Size([768])
09/16 08:19:02 AM: 	sent_encoder._text_field_embedder.model.encoder.layer.7.intermediate.dense.weight: Non-trainable parameter, count 2359296 with torch.Size([3072, 768])
09/16 08:19:02 AM: 	sent_encoder._text_field_embedder.model.encoder.layer.7.intermediate.dense.bias: Non-trainable parameter, count 3072 with torch.Size([3072])
09/16 08:19:02 AM: 	sent_encoder._text_field_embedder.model.encoder.layer.7.output.dense.weight: Non-trainable parameter, count 2359296 with torch.Size([768, 3072])
09/16 08:19:02 AM: 	sent_encoder._text_field_embedder.model.encoder.layer.7.output.dense.bias: Non-trainable parameter, count 768 with torch.Size([768])
09/16 08:19:02 AM: 	sent_encoder._text_field_embedder.model.encoder.layer.7.output.LayerNorm.weight: Non-trainable parameter, count 768 with torch.Size([768])
09/16 08:19:02 AM: 	sent_encoder._text_field_embedder.model.encoder.layer.7.output.LayerNorm.bias: Non-trainable parameter, count 768 with torch.Size([768])
09/16 08:19:02 AM: 	sent_encoder._text_field_embedder.model.encoder.layer.8.attention.self.query.weight: Non-trainable parameter, count 589824 with torch.Size([768, 768])
09/16 08:19:02 AM: 	sent_encoder._text_field_embedder.model.encoder.layer.8.attention.self.query.bias: Non-trainable parameter, count 768 with torch.Size([768])
09/16 08:19:02 AM: 	sent_encoder._text_field_embedder.model.encoder.layer.8.attention.self.key.weight: Non-trainable parameter, count 589824 with torch.Size([768, 768])
09/16 08:19:02 AM: 	sent_encoder._text_field_embedder.model.encoder.layer.8.attention.self.key.bias: Non-trainable parameter, count 768 with torch.Size([768])
09/16 08:19:02 AM: 	sent_encoder._text_field_embedder.model.encoder.layer.8.attention.self.value.weight: Non-trainable parameter, count 589824 with torch.Size([768, 768])
09/16 08:19:02 AM: 	sent_encoder._text_field_embedder.model.encoder.layer.8.attention.self.value.bias: Non-trainable parameter, count 768 with torch.Size([768])
09/16 08:19:02 AM: 	sent_encoder._text_field_embedder.model.encoder.layer.8.attention.output.dense.weight: Non-trainable parameter, count 589824 with torch.Size([768, 768])
09/16 08:19:02 AM: 	sent_encoder._text_field_embedder.model.encoder.layer.8.attention.output.dense.bias: Non-trainable parameter, count 768 with torch.Size([768])
09/16 08:19:02 AM: 	sent_encoder._text_field_embedder.model.encoder.layer.8.attention.output.LayerNorm.weight: Non-trainable parameter, count 768 with torch.Size([768])
09/16 08:19:02 AM: 	sent_encoder._text_field_embedder.model.encoder.layer.8.attention.output.LayerNorm.bias: Non-trainable parameter, count 768 with torch.Size([768])
09/16 08:19:02 AM: 	sent_encoder._text_field_embedder.model.encoder.layer.8.intermediate.dense.weight: Non-trainable parameter, count 2359296 with torch.Size([3072, 768])
09/16 08:19:02 AM: 	sent_encoder._text_field_embedder.model.encoder.layer.8.intermediate.dense.bias: Non-trainable parameter, count 3072 with torch.Size([3072])
09/16 08:19:02 AM: 	sent_encoder._text_field_embedder.model.encoder.layer.8.output.dense.weight: Non-trainable parameter, count 2359296 with torch.Size([768, 3072])
09/16 08:19:02 AM: 	sent_encoder._text_field_embedder.model.encoder.layer.8.output.dense.bias: Non-trainable parameter, count 768 with torch.Size([768])
09/16 08:19:02 AM: 	sent_encoder._text_field_embedder.model.encoder.layer.8.output.LayerNorm.weight: Non-trainable parameter, count 768 with torch.Size([768])
09/16 08:19:02 AM: 	sent_encoder._text_field_embedder.model.encoder.layer.8.output.LayerNorm.bias: Non-trainable parameter, count 768 with torch.Size([768])
09/16 08:19:02 AM: 	sent_encoder._text_field_embedder.model.encoder.layer.9.attention.self.query.weight: Non-trainable parameter, count 589824 with torch.Size([768, 768])
09/16 08:19:02 AM: 	sent_encoder._text_field_embedder.model.encoder.layer.9.attention.self.query.bias: Non-trainable parameter, count 768 with torch.Size([768])
09/16 08:19:02 AM: 	sent_encoder._text_field_embedder.model.encoder.layer.9.attention.self.key.weight: Non-trainable parameter, count 589824 with torch.Size([768, 768])
09/16 08:19:02 AM: 	sent_encoder._text_field_embedder.model.encoder.layer.9.attention.self.key.bias: Non-trainable parameter, count 768 with torch.Size([768])
09/16 08:19:02 AM: 	sent_encoder._text_field_embedder.model.encoder.layer.9.attention.self.value.weight: Non-trainable parameter, count 589824 with torch.Size([768, 768])
09/16 08:19:02 AM: 	sent_encoder._text_field_embedder.model.encoder.layer.9.attention.self.value.bias: Non-trainable parameter, count 768 with torch.Size([768])
09/16 08:19:02 AM: 	sent_encoder._text_field_embedder.model.encoder.layer.9.attention.output.dense.weight: Non-trainable parameter, count 589824 with torch.Size([768, 768])
09/16 08:19:02 AM: 	sent_encoder._text_field_embedder.model.encoder.layer.9.attention.output.dense.bias: Non-trainable parameter, count 768 with torch.Size([768])
09/16 08:19:02 AM: 	sent_encoder._text_field_embedder.model.encoder.layer.9.attention.output.LayerNorm.weight: Non-trainable parameter, count 768 with torch.Size([768])
09/16 08:19:02 AM: 	sent_encoder._text_field_embedder.model.encoder.layer.9.attention.output.LayerNorm.bias: Non-trainable parameter, count 768 with torch.Size([768])
09/16 08:19:02 AM: 	sent_encoder._text_field_embedder.model.encoder.layer.9.intermediate.dense.weight: Non-trainable parameter, count 2359296 with torch.Size([3072, 768])
09/16 08:19:02 AM: 	sent_encoder._text_field_embedder.model.encoder.layer.9.intermediate.dense.bias: Non-trainable parameter, count 3072 with torch.Size([3072])
09/16 08:19:02 AM: 	sent_encoder._text_field_embedder.model.encoder.layer.9.output.dense.weight: Non-trainable parameter, count 2359296 with torch.Size([768, 3072])
09/16 08:19:02 AM: 	sent_encoder._text_field_embedder.model.encoder.layer.9.output.dense.bias: Non-trainable parameter, count 768 with torch.Size([768])
09/16 08:19:02 AM: 	sent_encoder._text_field_embedder.model.encoder.layer.9.output.LayerNorm.weight: Non-trainable parameter, count 768 with torch.Size([768])
09/16 08:19:02 AM: 	sent_encoder._text_field_embedder.model.encoder.layer.9.output.LayerNorm.bias: Non-trainable parameter, count 768 with torch.Size([768])
09/16 08:19:02 AM: 	sent_encoder._text_field_embedder.model.encoder.layer.10.attention.self.query.weight: Non-trainable parameter, count 589824 with torch.Size([768, 768])
09/16 08:19:02 AM: 	sent_encoder._text_field_embedder.model.encoder.layer.10.attention.self.query.bias: Non-trainable parameter, count 768 with torch.Size([768])
09/16 08:19:02 AM: 	sent_encoder._text_field_embedder.model.encoder.layer.10.attention.self.key.weight: Non-trainable parameter, count 589824 with torch.Size([768, 768])
09/16 08:19:02 AM: 	sent_encoder._text_field_embedder.model.encoder.layer.10.attention.self.key.bias: Non-trainable parameter, count 768 with torch.Size([768])
09/16 08:19:02 AM: 	sent_encoder._text_field_embedder.model.encoder.layer.10.attention.self.value.weight: Non-trainable parameter, count 589824 with torch.Size([768, 768])
09/16 08:19:02 AM: 	sent_encoder._text_field_embedder.model.encoder.layer.10.attention.self.value.bias: Non-trainable parameter, count 768 with torch.Size([768])
09/16 08:19:02 AM: 	sent_encoder._text_field_embedder.model.encoder.layer.10.attention.output.dense.weight: Non-trainable parameter, count 589824 with torch.Size([768, 768])
09/16 08:19:02 AM: 	sent_encoder._text_field_embedder.model.encoder.layer.10.attention.output.dense.bias: Non-trainable parameter, count 768 with torch.Size([768])
09/16 08:19:02 AM: 	sent_encoder._text_field_embedder.model.encoder.layer.10.attention.output.LayerNorm.weight: Non-trainable parameter, count 768 with torch.Size([768])
09/16 08:19:02 AM: 	sent_encoder._text_field_embedder.model.encoder.layer.10.attention.output.LayerNorm.bias: Non-trainable parameter, count 768 with torch.Size([768])
09/16 08:19:02 AM: 	sent_encoder._text_field_embedder.model.encoder.layer.10.intermediate.dense.weight: Non-trainable parameter, count 2359296 with torch.Size([3072, 768])
09/16 08:19:02 AM: 	sent_encoder._text_field_embedder.model.encoder.layer.10.intermediate.dense.bias: Non-trainable parameter, count 3072 with torch.Size([3072])
09/16 08:19:02 AM: 	sent_encoder._text_field_embedder.model.encoder.layer.10.output.dense.weight: Non-trainable parameter, count 2359296 with torch.Size([768, 3072])
09/16 08:19:02 AM: 	sent_encoder._text_field_embedder.model.encoder.layer.10.output.dense.bias: Non-trainable parameter, count 768 with torch.Size([768])
09/16 08:19:02 AM: 	sent_encoder._text_field_embedder.model.encoder.layer.10.output.LayerNorm.weight: Non-trainable parameter, count 768 with torch.Size([768])
09/16 08:19:02 AM: 	sent_encoder._text_field_embedder.model.encoder.layer.10.output.LayerNorm.bias: Non-trainable parameter, count 768 with torch.Size([768])
09/16 08:19:02 AM: 	sent_encoder._text_field_embedder.model.encoder.layer.11.attention.self.query.weight: Non-trainable parameter, count 589824 with torch.Size([768, 768])
09/16 08:19:02 AM: 	sent_encoder._text_field_embedder.model.encoder.layer.11.attention.self.query.bias: Non-trainable parameter, count 768 with torch.Size([768])
09/16 08:19:02 AM: 	sent_encoder._text_field_embedder.model.encoder.layer.11.attention.self.key.weight: Non-trainable parameter, count 589824 with torch.Size([768, 768])
09/16 08:19:02 AM: 	sent_encoder._text_field_embedder.model.encoder.layer.11.attention.self.key.bias: Non-trainable parameter, count 768 with torch.Size([768])
09/16 08:19:02 AM: 	sent_encoder._text_field_embedder.model.encoder.layer.11.attention.self.value.weight: Non-trainable parameter, count 589824 with torch.Size([768, 768])
09/16 08:19:02 AM: 	sent_encoder._text_field_embedder.model.encoder.layer.11.attention.self.value.bias: Non-trainable parameter, count 768 with torch.Size([768])
09/16 08:19:02 AM: 	sent_encoder._text_field_embedder.model.encoder.layer.11.attention.output.dense.weight: Non-trainable parameter, count 589824 with torch.Size([768, 768])
09/16 08:19:02 AM: 	sent_encoder._text_field_embedder.model.encoder.layer.11.attention.output.dense.bias: Non-trainable parameter, count 768 with torch.Size([768])
09/16 08:19:02 AM: 	sent_encoder._text_field_embedder.model.encoder.layer.11.attention.output.LayerNorm.weight: Non-trainable parameter, count 768 with torch.Size([768])
09/16 08:19:02 AM: 	sent_encoder._text_field_embedder.model.encoder.layer.11.attention.output.LayerNorm.bias: Non-trainable parameter, count 768 with torch.Size([768])
09/16 08:19:02 AM: 	sent_encoder._text_field_embedder.model.encoder.layer.11.intermediate.dense.weight: Non-trainable parameter, count 2359296 with torch.Size([3072, 768])
09/16 08:19:02 AM: 	sent_encoder._text_field_embedder.model.encoder.layer.11.intermediate.dense.bias: Non-trainable parameter, count 3072 with torch.Size([3072])
09/16 08:19:02 AM: 	sent_encoder._text_field_embedder.model.encoder.layer.11.output.dense.weight: Non-trainable parameter, count 2359296 with torch.Size([768, 3072])
09/16 08:19:02 AM: 	sent_encoder._text_field_embedder.model.encoder.layer.11.output.dense.bias: Non-trainable parameter, count 768 with torch.Size([768])
09/16 08:19:02 AM: 	sent_encoder._text_field_embedder.model.encoder.layer.11.output.LayerNorm.weight: Non-trainable parameter, count 768 with torch.Size([768])
09/16 08:19:02 AM: 	sent_encoder._text_field_embedder.model.encoder.layer.11.output.LayerNorm.bias: Non-trainable parameter, count 768 with torch.Size([768])
09/16 08:19:02 AM: 	sent_encoder._text_field_embedder.model.pooler.dense.weight: Non-trainable parameter, count 589824 with torch.Size([768, 768])
09/16 08:19:02 AM: 	sent_encoder._text_field_embedder.model.pooler.dense.bias: Non-trainable parameter, count 768 with torch.Size([768])
09/16 08:19:02 AM: 	edges-spr2_mdl.proj1.weight: Trainable parameter, count 196608 with torch.Size([256, 768, 1])
09/16 08:19:02 AM: 	edges-spr2_mdl.proj1.bias: Trainable parameter, count 256 with torch.Size([256])
09/16 08:19:02 AM: 	edges-spr2_mdl.proj2.weight: Trainable parameter, count 196608 with torch.Size([256, 768, 1])
09/16 08:19:02 AM: 	edges-spr2_mdl.proj2.bias: Trainable parameter, count 256 with torch.Size([256])
09/16 08:19:02 AM: 	edges-spr2_mdl.classifier.classifier.0.weight: Trainable parameter, count 262144 with torch.Size([256, 1024])
09/16 08:19:02 AM: 	edges-spr2_mdl.classifier.classifier.0.bias: Trainable parameter, count 256 with torch.Size([256])
09/16 08:19:02 AM: 	edges-spr2_mdl.classifier.classifier.2.weight: Trainable parameter, count 256 with torch.Size([256])
09/16 08:19:02 AM: 	edges-spr2_mdl.classifier.classifier.2.bias: Trainable parameter, count 256 with torch.Size([256])
09/16 08:19:02 AM: 	edges-spr2_mdl.classifier.classifier.4.weight: Trainable parameter, count 5120 with torch.Size([20, 256])
09/16 08:19:02 AM: 	edges-spr2_mdl.classifier.classifier.4.bias: Trainable parameter, count 20 with torch.Size([20])
09/16 08:19:02 AM: Total number of parameters: 110144020 (1.10144e+08)
09/16 08:19:02 AM: Number of trainable parameters: 661780 (661780)
09/16 08:19:02 AM: Finished building model in 567.666s
09/16 08:19:02 AM: Will run the following steps for this experiment:
Re-training model for individual target tasks 
Evaluating model on tasks: edges-spr2 

09/16 08:19:03 AM: patience = 9
09/16 08:19:03 AM: val_interval = 100
09/16 08:19:03 AM: max_vals = 100
09/16 08:19:03 AM: cuda_device = 0
09/16 08:19:03 AM: grad_norm = 5.0
09/16 08:19:03 AM: grad_clipping = None
09/16 08:19:03 AM: lr_decay = 0.99
09/16 08:19:03 AM: min_lr = 1e-06
09/16 08:19:03 AM: keep_all_checkpoints = 0
09/16 08:19:03 AM: val_data_limit = 5000
09/16 08:19:03 AM: max_epochs = -1
09/16 08:19:03 AM: dec_val_scale = 250
09/16 08:19:03 AM: training_data_fraction = 1
09/16 08:19:03 AM: type = adam
09/16 08:19:03 AM: parameter_groups = None
09/16 08:19:03 AM: Number of trainable parameters: 661780
09/16 08:19:03 AM: infer_type_and_cast = True
09/16 08:19:03 AM: Converting Params object to dict; logging of default values will not occur when dictionary parameters are used subsequently.
09/16 08:19:03 AM: CURRENTLY DEFINED PARAMETERS: 
09/16 08:19:03 AM: lr = 0.0001
09/16 08:19:03 AM: amsgrad = True
09/16 08:19:03 AM: type = reduce_on_plateau
09/16 08:19:03 AM: Converting Params object to dict; logging of default values will not occur when dictionary parameters are used subsequently.
09/16 08:19:03 AM: CURRENTLY DEFINED PARAMETERS: 
09/16 08:19:03 AM: mode = max
09/16 08:19:03 AM: factor = 0.5
09/16 08:19:03 AM: patience = 3
09/16 08:19:03 AM: threshold = 0.0001
09/16 08:19:03 AM: threshold_mode = abs
09/16 08:19:03 AM: verbose = True
09/16 08:19:03 AM: type = adam
09/16 08:19:03 AM: parameter_groups = None
09/16 08:19:03 AM: Number of trainable parameters: 661780
09/16 08:19:03 AM: infer_type_and_cast = True
09/16 08:19:03 AM: Converting Params object to dict; logging of default values will not occur when dictionary parameters are used subsequently.
09/16 08:19:03 AM: CURRENTLY DEFINED PARAMETERS: 
09/16 08:19:03 AM: lr = 0.0001
09/16 08:19:03 AM: amsgrad = True
09/16 08:19:03 AM: type = reduce_on_plateau
09/16 08:19:03 AM: Converting Params object to dict; logging of default values will not occur when dictionary parameters are used subsequently.
09/16 08:19:03 AM: CURRENTLY DEFINED PARAMETERS: 
09/16 08:19:03 AM: mode = max
09/16 08:19:03 AM: factor = 0.5
09/16 08:19:03 AM: patience = 3
09/16 08:19:03 AM: threshold = 0.0001
09/16 08:19:03 AM: threshold_mode = abs
09/16 08:19:03 AM: verbose = True
09/16 08:19:03 AM: Starting training without restoring from a checkpoint.
09/16 08:19:03 AM: Training examples per task, before any subsampling: {'edges-spr2': 2226}
09/16 08:19:03 AM: Beginning training with stopping criteria based on metric: edges-spr2_f1
09/16 08:19:07 AM: ***** Step 100 / Validation 1 *****
09/16 08:19:07 AM: edges-spr2: trained on 100 batches, 1.429 epochs
09/16 08:19:07 AM: Validating...
09/16 08:19:08 AM: Best result seen so far for edges-spr2.
09/16 08:19:08 AM: Best result seen so far for micro.
09/16 08:19:08 AM: Best result seen so far for macro.
09/16 08:19:08 AM: Updating LR scheduler:
09/16 08:19:08 AM: 	Best result seen so far for macro_avg: 0.785
09/16 08:19:08 AM: 	# validation passes without improvement: 0
09/16 08:19:08 AM: edges-spr2_loss: training: 0.390145 validation: 0.352622
09/16 08:19:08 AM: macro_avg: validation: 0.785326
09/16 08:19:08 AM: micro_avg: validation: 0.000000
09/16 08:19:08 AM: edges-spr2_mcc: training: 0.603644 validation: 0.673607
09/16 08:19:08 AM: edges-spr2_acc: training: 0.044833 validation: 0.073016
09/16 08:19:08 AM: edges-spr2_precision: training: 0.764920 validation: 0.839913
09/16 08:19:08 AM: edges-spr2_recall: training: 0.725191 validation: 0.737402
09/16 08:19:08 AM: edges-spr2_f1: training: 0.744526 validation: 0.785326
09/16 08:19:08 AM: Global learning rate: 0.0001
09/16 08:19:08 AM: Saving checkpoints to: ./experiments/spr2-None-only/run
09/16 08:19:11 AM: ***** Step 200 / Validation 2 *****
09/16 08:19:11 AM: edges-spr2: trained on 100 batches, 1.429 epochs
09/16 08:19:11 AM: Validating...
09/16 08:19:11 AM: Best result seen so far for edges-spr2.
09/16 08:19:11 AM: Best result seen so far for macro.
09/16 08:19:11 AM: Updating LR scheduler:
09/16 08:19:11 AM: 	Best result seen so far for macro_avg: 0.798
09/16 08:19:11 AM: 	# validation passes without improvement: 0
09/16 08:19:11 AM: edges-spr2_loss: training: 0.320275 validation: 0.340160
09/16 08:19:11 AM: macro_avg: validation: 0.797636
09/16 08:19:11 AM: micro_avg: validation: 0.000000
09/16 08:19:11 AM: edges-spr2_mcc: training: 0.680031 validation: 0.688192
09/16 08:19:11 AM: edges-spr2_acc: training: 0.059185 validation: 0.076190
09/16 08:19:11 AM: edges-spr2_precision: training: 0.822836 validation: 0.838490
09/16 08:19:11 AM: edges-spr2_recall: training: 0.762841 validation: 0.760578
09/16 08:19:11 AM: edges-spr2_f1: training: 0.791704 validation: 0.797636
09/16 08:19:11 AM: Global learning rate: 0.0001
09/16 08:19:11 AM: Saving checkpoints to: ./experiments/spr2-None-only/run
09/16 08:19:13 AM: Update 248: task edges-spr2, batch 48 (248): mcc: 0.6870, acc: 0.0655, precision: 0.8253, recall: 0.7674, f1: 0.7953, edges-spr2_loss: 0.3078
09/16 08:19:15 AM: ***** Step 300 / Validation 3 *****
09/16 08:19:15 AM: edges-spr2: trained on 100 batches, 1.429 epochs
09/16 08:19:15 AM: Validating...
09/16 08:19:16 AM: Updating LR scheduler:
09/16 08:19:16 AM: 	Best result seen so far for macro_avg: 0.798
09/16 08:19:16 AM: 	# validation passes without improvement: 1
09/16 08:19:16 AM: edges-spr2_loss: training: 0.304090 validation: 0.336098
09/16 08:19:16 AM: macro_avg: validation: 0.796149
09/16 08:19:16 AM: micro_avg: validation: 0.000000
09/16 08:19:16 AM: edges-spr2_mcc: training: 0.695693 validation: 0.686998
09/16 08:19:16 AM: edges-spr2_acc: training: 0.071216 validation: 0.079365
09/16 08:19:16 AM: edges-spr2_precision: training: 0.830471 validation: 0.840662
09/16 08:19:16 AM: edges-spr2_recall: training: 0.776491 validation: 0.756113
09/16 08:19:16 AM: edges-spr2_f1: training: 0.802574 validation: 0.796149
09/16 08:19:16 AM: Global learning rate: 0.0001
09/16 08:19:16 AM: Saving checkpoints to: ./experiments/spr2-None-only/run
09/16 08:19:19 AM: ***** Step 400 / Validation 4 *****
09/16 08:19:19 AM: edges-spr2: trained on 100 batches, 1.429 epochs
09/16 08:19:19 AM: Validating...
09/16 08:19:19 AM: Best result seen so far for edges-spr2.
09/16 08:19:19 AM: Best result seen so far for macro.
09/16 08:19:19 AM: Updating LR scheduler:
09/16 08:19:19 AM: 	Best result seen so far for macro_avg: 0.800
09/16 08:19:19 AM: 	# validation passes without improvement: 0
09/16 08:19:19 AM: edges-spr2_loss: training: 0.291793 validation: 0.337886
09/16 08:19:19 AM: macro_avg: validation: 0.799821
09/16 08:19:19 AM: micro_avg: validation: 0.000000
09/16 08:19:19 AM: edges-spr2_mcc: training: 0.708762 validation: 0.692572
09/16 08:19:19 AM: edges-spr2_acc: training: 0.077684 validation: 0.069841
09/16 08:19:19 AM: edges-spr2_precision: training: 0.834119 validation: 0.844119
09/16 08:19:19 AM: edges-spr2_recall: training: 0.790766 validation: 0.759940
09/16 08:19:19 AM: edges-spr2_f1: training: 0.811864 validation: 0.799821
09/16 08:19:19 AM: Global learning rate: 0.0001
09/16 08:19:19 AM: Saving checkpoints to: ./experiments/spr2-None-only/run
09/16 08:19:23 AM: ***** Step 500 / Validation 5 *****
09/16 08:19:23 AM: edges-spr2: trained on 100 batches, 1.429 epochs
09/16 08:19:23 AM: Validating...
09/16 08:19:23 AM: Best result seen so far for edges-spr2.
09/16 08:19:23 AM: Best result seen so far for macro.
09/16 08:19:23 AM: Updating LR scheduler:
09/16 08:19:23 AM: 	Best result seen so far for macro_avg: 0.803
09/16 08:19:23 AM: 	# validation passes without improvement: 0
09/16 08:19:23 AM: edges-spr2_loss: training: 0.283769 validation: 0.336813
09/16 08:19:23 AM: macro_avg: validation: 0.803306
09/16 08:19:23 AM: micro_avg: validation: 0.000000
09/16 08:19:23 AM: edges-spr2_mcc: training: 0.716291 validation: 0.693965
09/16 08:19:23 AM: edges-spr2_acc: training: 0.083771 validation: 0.071429
09/16 08:19:23 AM: edges-spr2_precision: training: 0.837512 validation: 0.833715
09/16 08:19:23 AM: edges-spr2_recall: training: 0.798076 validation: 0.775037
09/16 08:19:23 AM: edges-spr2_f1: training: 0.817319 validation: 0.803306
09/16 08:19:23 AM: Global learning rate: 0.0001
09/16 08:19:23 AM: Saving checkpoints to: ./experiments/spr2-None-only/run
09/16 08:19:23 AM: Update 501: task edges-spr2, batch 1 (501): mcc: 0.7327, acc: 0.0893, precision: 0.8810, recall: 0.7780, f1: 0.8263, edges-spr2_loss: 0.2889
09/16 08:19:27 AM: ***** Step 600 / Validation 6 *****
09/16 08:19:27 AM: edges-spr2: trained on 100 batches, 1.429 epochs
09/16 08:19:27 AM: Validating...
09/16 08:19:27 AM: Updating LR scheduler:
09/16 08:19:27 AM: 	Best result seen so far for macro_avg: 0.803
09/16 08:19:27 AM: 	# validation passes without improvement: 1
09/16 08:19:27 AM: edges-spr2_loss: training: 0.276965 validation: 0.338529
09/16 08:19:27 AM: macro_avg: validation: 0.803239
09/16 08:19:27 AM: micro_avg: validation: 0.000000
09/16 08:19:27 AM: edges-spr2_mcc: training: 0.724555 validation: 0.692181
09/16 08:19:27 AM: edges-spr2_acc: training: 0.090589 validation: 0.066667
09/16 08:19:27 AM: edges-spr2_precision: training: 0.841296 validation: 0.827508
09/16 08:19:27 AM: edges-spr2_recall: training: 0.804840 validation: 0.780353
09/16 08:19:27 AM: edges-spr2_f1: training: 0.822664 validation: 0.803239
09/16 08:19:27 AM: Global learning rate: 0.0001
09/16 08:19:27 AM: Saving checkpoints to: ./experiments/spr2-None-only/run
09/16 08:19:31 AM: ***** Step 700 / Validation 7 *****
09/16 08:19:31 AM: edges-spr2: trained on 100 batches, 1.429 epochs
09/16 08:19:31 AM: Validating...
09/16 08:19:31 AM: Updating LR scheduler:
09/16 08:19:31 AM: 	Best result seen so far for macro_avg: 0.803
09/16 08:19:31 AM: 	# validation passes without improvement: 2
09/16 08:19:31 AM: edges-spr2_loss: training: 0.269957 validation: 0.342202
09/16 08:19:31 AM: macro_avg: validation: 0.799956
09/16 08:19:31 AM: micro_avg: validation: 0.000000
09/16 08:19:31 AM: edges-spr2_mcc: training: 0.732536 validation: 0.687824
09/16 08:19:31 AM: edges-spr2_acc: training: 0.084763 validation: 0.076190
09/16 08:19:31 AM: edges-spr2_precision: training: 0.844575 validation: 0.827015
09/16 08:19:31 AM: edges-spr2_recall: training: 0.812663 validation: 0.774612
09/16 08:19:31 AM: edges-spr2_f1: training: 0.828312 validation: 0.799956
09/16 08:19:31 AM: Global learning rate: 0.0001
09/16 08:19:31 AM: Saving checkpoints to: ./experiments/spr2-None-only/run
09/16 08:19:33 AM: Update 765: task edges-spr2, batch 65 (765): mcc: 0.7365, acc: 0.0928, precision: 0.8460, recall: 0.8162, f1: 0.8308, edges-spr2_loss: 0.2665
09/16 08:19:35 AM: ***** Step 800 / Validation 8 *****
09/16 08:19:35 AM: edges-spr2: trained on 100 batches, 1.429 epochs
09/16 08:19:35 AM: Validating...
09/16 08:19:35 AM: Updating LR scheduler:
09/16 08:19:35 AM: 	Best result seen so far for macro_avg: 0.803
09/16 08:19:35 AM: 	# validation passes without improvement: 3
09/16 08:19:35 AM: edges-spr2_loss: training: 0.264730 validation: 0.343688
09/16 08:19:35 AM: macro_avg: validation: 0.800929
09/16 08:19:35 AM: micro_avg: validation: 0.000000
09/16 08:19:35 AM: edges-spr2_mcc: training: 0.738354 validation: 0.691029
09/16 08:19:35 AM: edges-spr2_acc: training: 0.096107 validation: 0.071429
09/16 08:19:35 AM: edges-spr2_precision: training: 0.847967 validation: 0.834024
09/16 08:19:35 AM: edges-spr2_recall: training: 0.816591 validation: 0.770359
09/16 08:19:35 AM: edges-spr2_f1: training: 0.831984 validation: 0.800929
09/16 08:19:35 AM: Global learning rate: 0.0001
09/16 08:19:35 AM: Saving checkpoints to: ./experiments/spr2-None-only/run
09/16 08:19:38 AM: ***** Step 900 / Validation 9 *****
09/16 08:19:38 AM: edges-spr2: trained on 100 batches, 1.429 epochs
09/16 08:19:38 AM: Validating...
09/16 08:19:39 AM: Updating LR scheduler:
09/16 08:19:39 AM: 	Best result seen so far for macro_avg: 0.803
09/16 08:19:39 AM: 	# validation passes without improvement: 0
09/16 08:19:39 AM: edges-spr2_loss: training: 0.260867 validation: 0.348365
09/16 08:19:39 AM: macro_avg: validation: 0.799034
09/16 08:19:39 AM: micro_avg: validation: 0.000000
09/16 08:19:39 AM: edges-spr2_mcc: training: 0.738510 validation: 0.686433
09/16 08:19:39 AM: edges-spr2_acc: training: 0.094674 validation: 0.071429
09/16 08:19:39 AM: edges-spr2_precision: training: 0.848117 validation: 0.826255
09/16 08:19:39 AM: edges-spr2_recall: training: 0.816076 validation: 0.773549
09/16 08:19:39 AM: edges-spr2_f1: training: 0.831788 validation: 0.799034
09/16 08:19:39 AM: Global learning rate: 5e-05
09/16 08:19:39 AM: Saving checkpoints to: ./experiments/spr2-None-only/run
09/16 08:19:42 AM: ***** Step 1000 / Validation 10 *****
09/16 08:19:42 AM: edges-spr2: trained on 100 batches, 1.429 epochs
09/16 08:19:42 AM: Validating...
09/16 08:19:43 AM: Updating LR scheduler:
09/16 08:19:43 AM: 	Best result seen so far for macro_avg: 0.803
09/16 08:19:43 AM: 	# validation passes without improvement: 1
09/16 08:19:43 AM: edges-spr2_loss: training: 0.256932 validation: 0.346129
09/16 08:19:43 AM: macro_avg: validation: 0.794889
09/16 08:19:43 AM: micro_avg: validation: 0.000000
09/16 08:19:43 AM: edges-spr2_mcc: training: 0.745663 validation: 0.680715
09/16 08:19:43 AM: edges-spr2_acc: training: 0.108659 validation: 0.065079
09/16 08:19:43 AM: edges-spr2_precision: training: 0.852814 validation: 0.824686
09/16 08:19:43 AM: edges-spr2_recall: training: 0.822187 validation: 0.767170
09/16 08:19:43 AM: edges-spr2_f1: training: 0.837220 validation: 0.794889
09/16 08:19:43 AM: Global learning rate: 5e-05
09/16 08:19:43 AM: Saving checkpoints to: ./experiments/spr2-None-only/run
09/16 08:19:43 AM: Update 1023: task edges-spr2, batch 23 (1023): mcc: 0.7616, acc: 0.1141, precision: 0.8631, recall: 0.8319, f1: 0.8472, edges-spr2_loss: 0.2506
09/16 08:19:46 AM: ***** Step 1100 / Validation 11 *****
09/16 08:19:46 AM: edges-spr2: trained on 100 batches, 1.429 epochs
09/16 08:19:46 AM: Validating...
09/16 08:19:46 AM: Updating LR scheduler:
09/16 08:19:46 AM: 	Best result seen so far for macro_avg: 0.803
09/16 08:19:46 AM: 	# validation passes without improvement: 2
09/16 08:19:46 AM: edges-spr2_loss: training: 0.251340 validation: 0.348028
09/16 08:19:46 AM: macro_avg: validation: 0.796973
09/16 08:19:46 AM: micro_avg: validation: 0.000000
09/16 08:19:46 AM: edges-spr2_mcc: training: 0.752958 validation: 0.682905
09/16 08:19:46 AM: edges-spr2_acc: training: 0.106510 validation: 0.065079
09/16 08:19:46 AM: edges-spr2_precision: training: 0.855320 validation: 0.823063
09/16 08:19:46 AM: edges-spr2_recall: training: 0.828008 validation: 0.772486
09/16 08:19:46 AM: edges-spr2_f1: training: 0.841443 validation: 0.796973
09/16 08:19:46 AM: Global learning rate: 5e-05
09/16 08:19:46 AM: Saving checkpoints to: ./experiments/spr2-None-only/run
09/16 08:19:50 AM: ***** Step 1200 / Validation 12 *****
09/16 08:19:50 AM: edges-spr2: trained on 100 batches, 1.429 epochs
09/16 08:19:50 AM: Validating...
09/16 08:19:50 AM: Updating LR scheduler:
09/16 08:19:50 AM: 	Best result seen so far for macro_avg: 0.803
09/16 08:19:50 AM: 	# validation passes without improvement: 3
09/16 08:19:50 AM: edges-spr2_loss: training: 0.252318 validation: 0.349137
09/16 08:19:50 AM: macro_avg: validation: 0.800173
09/16 08:19:50 AM: micro_avg: validation: 0.000000
09/16 08:19:50 AM: edges-spr2_mcc: training: 0.751829 validation: 0.684986
09/16 08:19:50 AM: edges-spr2_acc: training: 0.110847 validation: 0.063492
09/16 08:19:50 AM: edges-spr2_precision: training: 0.855714 validation: 0.815453
09/16 08:19:50 AM: edges-spr2_recall: training: 0.826482 validation: 0.785456
09/16 08:19:50 AM: edges-spr2_f1: training: 0.840844 validation: 0.800173
09/16 08:19:50 AM: Global learning rate: 5e-05
09/16 08:19:50 AM: Saving checkpoints to: ./experiments/spr2-None-only/run
09/16 08:19:55 AM: Update 1201: task edges-spr2, batch 1 (1201): mcc: 0.8198, acc: 0.0800, precision: 0.8959, recall: 0.8767, f1: 0.8862, edges-spr2_loss: 0.2073
09/16 08:19:58 AM: ***** Step 1300 / Validation 13 *****
09/16 08:19:58 AM: edges-spr2: trained on 100 batches, 1.429 epochs
09/16 08:19:58 AM: Validating...
09/16 08:19:58 AM: Updating LR scheduler:
09/16 08:19:58 AM: 	Best result seen so far for macro_avg: 0.803
09/16 08:19:58 AM: 	# validation passes without improvement: 0
09/16 08:19:58 AM: edges-spr2_loss: training: 0.248780 validation: 0.353401
09/16 08:19:58 AM: macro_avg: validation: 0.795838
09/16 08:19:58 AM: micro_avg: validation: 0.000000
09/16 08:19:58 AM: edges-spr2_mcc: training: 0.757397 validation: 0.680776
09/16 08:19:58 AM: edges-spr2_acc: training: 0.113545 validation: 0.066667
09/16 08:19:58 AM: edges-spr2_precision: training: 0.859306 validation: 0.820646
09/16 08:19:58 AM: edges-spr2_recall: training: 0.829481 validation: 0.772486
09/16 08:19:58 AM: edges-spr2_f1: training: 0.844130 validation: 0.795838
09/16 08:19:58 AM: Global learning rate: 2.5e-05
09/16 08:19:58 AM: Saving checkpoints to: ./experiments/spr2-None-only/run
09/16 08:20:02 AM: ***** Step 1400 / Validation 14 *****
09/16 08:20:02 AM: edges-spr2: trained on 100 batches, 1.429 epochs
09/16 08:20:02 AM: Validating...
09/16 08:20:02 AM: Updating LR scheduler:
09/16 08:20:02 AM: 	Best result seen so far for macro_avg: 0.803
09/16 08:20:02 AM: 	# validation passes without improvement: 1
09/16 08:20:02 AM: edges-spr2_loss: training: 0.246259 validation: 0.352616
09/16 08:20:02 AM: macro_avg: validation: 0.796675
09/16 08:20:02 AM: micro_avg: validation: 0.000000
09/16 08:20:02 AM: edges-spr2_mcc: training: 0.758508 validation: 0.681745
09/16 08:20:02 AM: edges-spr2_acc: training: 0.118273 validation: 0.058730
09/16 08:20:02 AM: edges-spr2_precision: training: 0.859322 validation: 0.820270
09/16 08:20:02 AM: edges-spr2_recall: training: 0.831857 validation: 0.774399
09/16 08:20:02 AM: edges-spr2_f1: training: 0.845367 validation: 0.796675
09/16 08:20:02 AM: Global learning rate: 2.5e-05
09/16 08:20:02 AM: Saving checkpoints to: ./experiments/spr2-None-only/run
09/16 08:20:05 AM: Update 1467: task edges-spr2, batch 67 (1467): mcc: 0.7581, acc: 0.1188, precision: 0.8601, recall: 0.8302, f1: 0.8448, edges-spr2_loss: 0.2456
09/16 08:20:06 AM: ***** Step 1500 / Validation 15 *****
09/16 08:20:06 AM: edges-spr2: trained on 100 batches, 1.429 epochs
09/16 08:20:06 AM: Validating...
09/16 08:20:06 AM: Updating LR scheduler:
09/16 08:20:06 AM: 	Best result seen so far for macro_avg: 0.803
09/16 08:20:06 AM: 	# validation passes without improvement: 2
09/16 08:20:06 AM: Ran out of early stopping patience. Stopping training.
09/16 08:20:06 AM: edges-spr2_loss: training: 0.244872 validation: 0.353454
09/16 08:20:06 AM: macro_avg: validation: 0.798917
09/16 08:20:06 AM: micro_avg: validation: 0.000000
09/16 08:20:06 AM: edges-spr2_mcc: training: 0.758983 validation: 0.682955
09/16 08:20:06 AM: edges-spr2_acc: training: 0.117787 validation: 0.053968
09/16 08:20:06 AM: edges-spr2_precision: training: 0.860561 validation: 0.813989
09/16 08:20:06 AM: edges-spr2_recall: training: 0.831128 validation: 0.784393
09/16 08:20:06 AM: edges-spr2_f1: training: 0.845588 validation: 0.798917
09/16 08:20:06 AM: Global learning rate: 2.5e-05
09/16 08:20:06 AM: Saving checkpoints to: ./experiments/spr2-None-only/run
09/16 08:20:06 AM: Stopped training after 15 validation checks
09/16 08:20:06 AM: Trained edges-spr2 for 1500 batches or 21.429 epochs
09/16 08:20:06 AM: ***** VALIDATION RESULTS *****
09/16 08:20:06 AM: edges-spr2_f1 (for best val pass 5): edges-spr2_loss: 0.33681, macro_avg: 0.80331, micro_avg: 0.00000, edges-spr2_mcc: 0.69396, edges-spr2_acc: 0.07143, edges-spr2_precision: 0.83371, edges-spr2_recall: 0.77504, edges-spr2_f1: 0.80331
09/16 08:20:06 AM: micro_avg (for best val pass 1): edges-spr2_loss: 0.35262, macro_avg: 0.78533, micro_avg: 0.00000, edges-spr2_mcc: 0.67361, edges-spr2_acc: 0.07302, edges-spr2_precision: 0.83991, edges-spr2_recall: 0.73740, edges-spr2_f1: 0.78533
09/16 08:20:06 AM: macro_avg (for best val pass 5): edges-spr2_loss: 0.33681, macro_avg: 0.80331, micro_avg: 0.00000, edges-spr2_mcc: 0.69396, edges-spr2_acc: 0.07143, edges-spr2_precision: 0.83371, edges-spr2_recall: 0.77504, edges-spr2_f1: 0.80331
09/16 08:20:06 AM: Evaluating...
09/16 08:20:06 AM: Loaded model state from ./experiments/spr2-None-only/run/edges-spr2/model_state_target_train_val_5.best.th
09/16 08:20:06 AM: Evaluating on: edges-spr2, split: val
09/16 08:20:07 AM: Task 'edges-spr2': sorting predictions by 'idx'
09/16 08:20:07 AM: Finished evaluating on: edges-spr2
09/16 08:20:07 AM: Task 'edges-spr2': joining predictions with input split 'val'
09/16 08:20:07 AM: Task 'edges-spr2': Wrote predictions to ./experiments/spr2-None-only/run
09/16 08:20:07 AM: Wrote all preds for split 'val' to ./experiments/spr2-None-only/run
09/16 08:20:07 AM: Evaluating on: edges-spr2, split: test
09/16 08:20:07 AM: Task 'edges-spr2': sorting predictions by 'idx'
09/16 08:20:07 AM: Finished evaluating on: edges-spr2
09/16 08:20:07 AM: Task 'edges-spr2': joining predictions with input split 'test'
09/16 08:20:07 AM: Task 'edges-spr2': Wrote predictions to ./experiments/spr2-None-only/run
09/16 08:20:07 AM: Wrote all preds for split 'test' to ./experiments/spr2-None-only/run
09/16 08:20:07 AM: Writing results for split 'val' to ./experiments/spr2-None-only/results.tsv
09/16 08:20:07 AM: micro_avg: 0.000, macro_avg: 0.803, edges-spr2_mcc: 0.694, edges-spr2_acc: 0.071, edges-spr2_precision: 0.834, edges-spr2_recall: 0.775, edges-spr2_f1: 0.803
09/16 08:20:07 AM: Done!
09/16 08:20:07 AM: Fatal error in main():
Traceback (most recent call last):
  File "main.py", line 16, in <module>
    main(sys.argv[1:])
  File "/srv/home/ericwallace/jiant/jiant/__main__.py", line 610, in main
    exit("Done exited")
  File "/home/ericwallace/miniconda3/envs/jiant/lib/python3.6/_sitebuiltins.py", line 26, in __call__
    raise SystemExit(code)
SystemExit: Done exited
