09/16 09:18:53 AM: Git branch: master
09/16 09:18:53 AM: Git SHA: e62dc9f3b01eb77fa9261a5ff029cc2e417b8272
09/16 09:18:53 AM: Parsed args: 
{
  "allow_missing_task_map": 1,
  "allow_untrained_encoder_parameters": 1,
  "do_pretrain": 0,
  "exp_dir": "./experiments/dep-ud-ewt-agnews-top/",
  "exp_name": "experiments/dep-ud-ewt-agnews-top",
  "input_module": "bert-base-uncased",
  "local_log_path": "./experiments/dep-ud-ewt-agnews-top/run/log.log",
  "lr_patience": 3,
  "max_seq_len": 512,
  "output_mode": "top",
  "patience": 9,
  "pretrain_tasks": "",
  "pretrained_dir": "models/agnews",
  "pytorch_transformers_output_mode": "top",
  "remote_log_name": "experiments/dep-ud-ewt-agnews-top__run",
  "run_dir": "./experiments/dep-ud-ewt-agnews-top/run",
  "run_name": "run",
  "sent_enc": "none",
  "sep_embs_for_skip": 1,
  "target_tasks": "edges-dep-ud-ewt",
  "tokenizer": "bert-base-uncased",
  "write_preds": "val,test"
}
09/16 09:18:53 AM: Saved config to ./experiments/dep-ud-ewt-agnews-top/run/params.conf
09/16 09:18:53 AM: Using random seed 1234
09/16 09:18:55 AM: Using GPU 0
09/16 09:18:55 AM: Loading tasks...
09/16 09:18:55 AM: Writing pre-preprocessed tasks to ./experiments/dep-ud-ewt-agnews-top/
09/16 09:18:55 AM: 	Creating task edges-dep-ud-ewt from scratch.
09/16 09:18:57 AM: Read=12522, Skip=0, Total=12522 from ./probing_data/edges/dep_ewt/en_ewt-ud-train.json.retokenized.bert-base-uncased
09/16 09:18:57 AM: Read=2000, Skip=0, Total=2000 from ./probing_data/edges/dep_ewt/en_ewt-ud-dev.json.retokenized.bert-base-uncased
09/16 09:18:57 AM: Read=2075, Skip=0, Total=2075 from ./probing_data/edges/dep_ewt/en_ewt-ud-test.json.retokenized.bert-base-uncased
09/16 09:18:58 AM: 	Task 'edges-dep-ud-ewt': |train|=12522 |val|=2000 |test|=2075
09/16 09:18:58 AM: 	Finished loading tasks: edges-dep-ud-ewt.
09/16 09:18:58 AM: 	Building vocab from scratch.
09/16 09:18:58 AM: 	Counting units for task edges-dep-ud-ewt.
09/16 09:18:58 AM: 	Task 'edges-dep-ud-ewt': adding vocab namespace 'edges-dep-ud-ewt_labels'
09/16 09:18:59 AM: loading file https://s3.amazonaws.com/models.huggingface.co/bert/bert-base-uncased-vocab.txt from cache at /home/ericwallace/.cache/torch/pytorch_transformers/26bc1ad6c0ac742e9b52263248f6d0f00068293b33709fae12320c0e35ccfbbb.542ce4285a40d23a559526243235df47c5f75c197f04f37d1a0c124c32c9a084
09/16 09:18:59 AM: Added pytorch_transformers vocab (bert-base-uncased): 30522 tokens
09/16 09:18:59 AM: 	Saved vocab to ./experiments/dep-ud-ewt-agnews-top/vocab
09/16 09:18:59 AM: Loading token dictionary from ./experiments/dep-ud-ewt-agnews-top/vocab.
09/16 09:18:59 AM: 	Loaded vocab from ./experiments/dep-ud-ewt-agnews-top/vocab
09/16 09:18:59 AM: 	Vocab namespace tokens: size 14333
09/16 09:18:59 AM: 	Vocab namespace bert_uncased: size 30524
09/16 09:18:59 AM: 	Vocab namespace edges-dep-ud-ewt_labels: size 49
09/16 09:18:59 AM: 	Vocab namespace chars: size 81
09/16 09:18:59 AM: 	Finished building vocab.
09/16 09:18:59 AM: 	Task edges-dep-ud-ewt (train): Indexing from scratch.
09/16 09:19:05 AM: 	Task edges-dep-ud-ewt (train): Saved 12522 instances to ./experiments/dep-ud-ewt-agnews-top/preproc/edges-dep-ud-ewt__train_data
09/16 09:19:05 AM: 	Task edges-dep-ud-ewt (val): Indexing from scratch.
09/16 09:19:06 AM: 	Task edges-dep-ud-ewt (val): Saved 2000 instances to ./experiments/dep-ud-ewt-agnews-top/preproc/edges-dep-ud-ewt__val_data
09/16 09:19:06 AM: 	Task edges-dep-ud-ewt (test): Indexing from scratch.
09/16 09:19:07 AM: 	Task edges-dep-ud-ewt (test): Saved 2075 instances to ./experiments/dep-ud-ewt-agnews-top/preproc/edges-dep-ud-ewt__test_data
09/16 09:19:07 AM: 	Finished indexing tasks
09/16 09:19:07 AM: 	Creating trimmed target-only version of edges-dep-ud-ewt train.
09/16 09:19:07 AM: 	  Training on 
09/16 09:19:07 AM: 	  Evaluating on edges-dep-ud-ewt
09/16 09:19:07 AM: 	Finished loading tasks in 11.316s
09/16 09:19:07 AM: 	 Tasks: ['edges-dep-ud-ewt']
09/16 09:19:07 AM: Building model...
09/16 09:19:07 AM: Using BERT model (bert-base-uncased).
09/16 09:19:07 AM: LOADING A FUNETUNED MODEL from: 
09/16 09:19:07 AM: models/agnews
09/16 09:19:07 AM: Model name 'models/agnews' was not found in model name list (bert-base-uncased, bert-large-uncased, bert-base-cased, bert-large-cased, bert-base-multilingual-uncased, bert-base-multilingual-cased, bert-base-chinese, bert-base-german-cased, bert-large-uncased-whole-word-masking, bert-large-cased-whole-word-masking, bert-large-uncased-whole-word-masking-finetuned-squad, bert-large-cased-whole-word-masking-finetuned-squad, bert-base-cased-finetuned-mrpc). We assumed 'models/agnews' was a path or url but couldn't find any file associated to this path or url.
09/16 09:19:07 AM: Fatal error in main():
Traceback (most recent call last):
  File "main.py", line 16, in <module>
    main(sys.argv[1:])
  File "/srv/home/ericwallace/jiant/jiant/__main__.py", line 510, in main
    model = build_model(args, vocab, word_embs, tasks)
  File "/srv/home/ericwallace/jiant/jiant/models.py", line 237, in build_model
    embedder = BertEmbedderModule(args)
  File "/srv/home/ericwallace/jiant/jiant/pytorch_transformers_interface/modules.py", line 270, in __init__
    args.pretrained_dir, cache_dir=self.cache_dir, output_hidden_states=True
  File "/home/ericwallace/miniconda3/envs/jiant/lib/python3.6/site-packages/pytorch_transformers/modeling_utils.py", line 492, in from_pretrained
    **kwargs
  File "/home/ericwallace/miniconda3/envs/jiant/lib/python3.6/site-packages/pytorch_transformers/modeling_utils.py", line 194, in from_pretrained
    raise e
  File "/home/ericwallace/miniconda3/envs/jiant/lib/python3.6/site-packages/pytorch_transformers/modeling_utils.py", line 180, in from_pretrained
    resolved_config_file = cached_path(config_file, cache_dir=cache_dir, force_download=force_download, proxies=proxies)
  File "/home/ericwallace/miniconda3/envs/jiant/lib/python3.6/site-packages/pytorch_transformers/file_utils.py", line 124, in cached_path
    raise EnvironmentError("file {} not found".format(url_or_filename))
OSError: file models/agnews not found
