09/16 08:33:50 AM: Git branch: master
09/16 08:33:50 AM: Git SHA: 1f47e9f0cf1d882ab41f98d47f94e0f8258db16b
09/16 08:33:51 AM: Parsed args: 
{
  "allow_missing_task_map": 1,
  "allow_untrained_encoder_parameters": 1,
  "do_pretrain": 0,
  "exp_dir": "./experiments/spr2-mnli-only/",
  "exp_name": "experiments/spr2-mnli-only",
  "input_module": "bert-base-uncased",
  "local_log_path": "./experiments/spr2-mnli-only/run/log.log",
  "lr_patience": 3,
  "max_seq_len": 512,
  "output_mode": "top",
  "patience": 9,
  "pretrain_tasks": "",
  "pretrained_dir": "models/mnli",
  "pytorch_transformers_output_mode": "only",
  "remote_log_name": "experiments/spr2-mnli-only__run",
  "run_dir": "./experiments/spr2-mnli-only/run",
  "run_name": "run",
  "sent_enc": "none",
  "sep_embs_for_skip": 1,
  "target_tasks": "edges-spr2",
  "tokenizer": "bert-base-uncased",
  "write_preds": "val,test"
}
09/16 08:33:51 AM: Saved config to ./experiments/spr2-mnli-only/run/params.conf
09/16 08:33:51 AM: Using random seed 1234
09/16 08:33:52 AM: Using GPU 0
09/16 08:33:52 AM: Loading tasks...
09/16 08:33:52 AM: Writing pre-preprocessed tasks to ./experiments/spr2-mnli-only/
09/16 08:33:52 AM: 	Creating task edges-spr2 from scratch.
09/16 08:33:52 AM: Read=2226, Skip=0, Total=2226 from ./probing_data/edges/spr2/edges.train.json.retokenized.bert-base-uncased
09/16 08:33:52 AM: Read=291, Skip=0, Total=291 from ./probing_data/edges/spr2/edges.dev.json.retokenized.bert-base-uncased
09/16 08:33:52 AM: Read=276, Skip=0, Total=276 from ./probing_data/edges/spr2/edges.test.json.retokenized.bert-base-uncased
09/16 08:33:53 AM: 	Task 'edges-spr2': |train|=2226 |val|=291 |test|=276
09/16 08:33:53 AM: 	Finished loading tasks: edges-spr2.
09/16 08:33:53 AM: 	Building vocab from scratch.
09/16 08:33:53 AM: 	Counting units for task edges-spr2.
09/16 08:33:53 AM: 	Task 'edges-spr2': adding vocab namespace 'edges-spr2_labels'
09/16 08:33:54 AM: loading file https://s3.amazonaws.com/models.huggingface.co/bert/bert-base-uncased-vocab.txt from cache at /home/ericwallace/.cache/torch/pytorch_transformers/26bc1ad6c0ac742e9b52263248f6d0f00068293b33709fae12320c0e35ccfbbb.542ce4285a40d23a559526243235df47c5f75c197f04f37d1a0c124c32c9a084
09/16 08:33:54 AM: Added pytorch_transformers vocab (bert-base-uncased): 30522 tokens
09/16 08:33:54 AM: 	Saved vocab to ./experiments/spr2-mnli-only/vocab
09/16 08:33:54 AM: Loading token dictionary from ./experiments/spr2-mnli-only/vocab.
09/16 08:33:54 AM: 	Loaded vocab from ./experiments/spr2-mnli-only/vocab
09/16 08:33:54 AM: 	Vocab namespace tokens: size 7943
09/16 08:33:54 AM: 	Vocab namespace edges-spr2_labels: size 20
09/16 08:33:54 AM: 	Vocab namespace bert_uncased: size 30524
09/16 08:33:54 AM: 	Vocab namespace chars: size 65
09/16 08:33:54 AM: 	Finished building vocab.
09/16 08:33:54 AM: 	Task edges-spr2 (train): Indexing from scratch.
09/16 08:33:55 AM: 	Task edges-spr2 (train): Saved 2226 instances to ./experiments/spr2-mnli-only/preproc/edges-spr2__train_data
09/16 08:33:55 AM: 	Task edges-spr2 (val): Indexing from scratch.
09/16 08:33:55 AM: 	Task edges-spr2 (val): Saved 291 instances to ./experiments/spr2-mnli-only/preproc/edges-spr2__val_data
09/16 08:33:55 AM: 	Task edges-spr2 (test): Indexing from scratch.
09/16 08:33:55 AM: 	Task edges-spr2 (test): Saved 276 instances to ./experiments/spr2-mnli-only/preproc/edges-spr2__test_data
09/16 08:33:55 AM: 	Finished indexing tasks
09/16 08:33:55 AM: 	Creating trimmed target-only version of edges-spr2 train.
09/16 08:33:55 AM: 	  Training on 
09/16 08:33:55 AM: 	  Evaluating on edges-spr2
09/16 08:33:55 AM: 	Finished loading tasks in 2.976s
09/16 08:33:55 AM: 	 Tasks: ['edges-spr2']
09/16 08:33:55 AM: Building model...
09/16 08:33:55 AM: Using BERT model (bert-base-uncased).
09/16 08:33:55 AM: LOADING A FUNETUNED MODEL from: 
09/16 08:33:55 AM: models/mnli
09/16 08:33:55 AM: loading configuration file models/mnli/config.json
09/16 08:33:55 AM: Model config {
  "attention_probs_dropout_prob": 0.1,
  "finetuning_task": "mnli",
  "hidden_act": "gelu",
  "hidden_dropout_prob": 0.1,
  "hidden_size": 768,
  "initializer_range": 0.02,
  "intermediate_size": 3072,
  "layer_norm_eps": 1e-12,
  "max_position_embeddings": 512,
  "num_attention_heads": 12,
  "num_hidden_layers": 12,
  "num_labels": 3,
  "output_attentions": false,
  "output_hidden_states": true,
  "pruned_heads": {},
  "torchscript": false,
  "type_vocab_size": 2,
  "vocab_size": 30522
}

09/16 08:33:55 AM: loading weights file models/mnli/pytorch_model.bin
09/16 08:34:05 AM: https://s3.amazonaws.com/models.huggingface.co/bert/bert-base-uncased-vocab.txt not found in cache or force_download set to True, downloading to /tmp/tmpor8lcbki
09/16 08:34:09 AM: copying /tmp/tmpor8lcbki to cache at ./experiments/spr2-mnli-only/pytorch_transformers_cache/26bc1ad6c0ac742e9b52263248f6d0f00068293b33709fae12320c0e35ccfbbb.542ce4285a40d23a559526243235df47c5f75c197f04f37d1a0c124c32c9a084
09/16 08:34:09 AM: creating metadata file for ./experiments/spr2-mnli-only/pytorch_transformers_cache/26bc1ad6c0ac742e9b52263248f6d0f00068293b33709fae12320c0e35ccfbbb.542ce4285a40d23a559526243235df47c5f75c197f04f37d1a0c124c32c9a084
09/16 08:34:09 AM: removing temp file /tmp/tmpor8lcbki
09/16 08:34:09 AM: loading file https://s3.amazonaws.com/models.huggingface.co/bert/bert-base-uncased-vocab.txt from cache at ./experiments/spr2-mnli-only/pytorch_transformers_cache/26bc1ad6c0ac742e9b52263248f6d0f00068293b33709fae12320c0e35ccfbbb.542ce4285a40d23a559526243235df47c5f75c197f04f37d1a0c124c32c9a084
09/16 08:34:09 AM: Initializing parameters
09/16 08:34:09 AM: Done initializing parameters; the following parameters are using their default initialization from their code
09/16 08:34:09 AM:    _text_field_embedder.model.embeddings.LayerNorm.bias
09/16 08:34:09 AM:    _text_field_embedder.model.embeddings.LayerNorm.weight
09/16 08:34:09 AM:    _text_field_embedder.model.embeddings.position_embeddings.weight
09/16 08:34:09 AM:    _text_field_embedder.model.embeddings.token_type_embeddings.weight
09/16 08:34:09 AM:    _text_field_embedder.model.embeddings.word_embeddings.weight
09/16 08:34:09 AM:    _text_field_embedder.model.encoder.layer.0.attention.output.LayerNorm.bias
09/16 08:34:09 AM:    _text_field_embedder.model.encoder.layer.0.attention.output.LayerNorm.weight
09/16 08:34:09 AM:    _text_field_embedder.model.encoder.layer.0.attention.output.dense.bias
09/16 08:34:09 AM:    _text_field_embedder.model.encoder.layer.0.attention.output.dense.weight
09/16 08:34:09 AM:    _text_field_embedder.model.encoder.layer.0.attention.self.key.bias
09/16 08:34:09 AM:    _text_field_embedder.model.encoder.layer.0.attention.self.key.weight
09/16 08:34:09 AM:    _text_field_embedder.model.encoder.layer.0.attention.self.query.bias
09/16 08:34:09 AM:    _text_field_embedder.model.encoder.layer.0.attention.self.query.weight
09/16 08:34:09 AM:    _text_field_embedder.model.encoder.layer.0.attention.self.value.bias
09/16 08:34:09 AM:    _text_field_embedder.model.encoder.layer.0.attention.self.value.weight
09/16 08:34:09 AM:    _text_field_embedder.model.encoder.layer.0.intermediate.dense.bias
09/16 08:34:09 AM:    _text_field_embedder.model.encoder.layer.0.intermediate.dense.weight
09/16 08:34:09 AM:    _text_field_embedder.model.encoder.layer.0.output.LayerNorm.bias
09/16 08:34:09 AM:    _text_field_embedder.model.encoder.layer.0.output.LayerNorm.weight
09/16 08:34:09 AM:    _text_field_embedder.model.encoder.layer.0.output.dense.bias
09/16 08:34:09 AM:    _text_field_embedder.model.encoder.layer.0.output.dense.weight
09/16 08:34:09 AM:    _text_field_embedder.model.encoder.layer.1.attention.output.LayerNorm.bias
09/16 08:34:09 AM:    _text_field_embedder.model.encoder.layer.1.attention.output.LayerNorm.weight
09/16 08:34:09 AM:    _text_field_embedder.model.encoder.layer.1.attention.output.dense.bias
09/16 08:34:09 AM:    _text_field_embedder.model.encoder.layer.1.attention.output.dense.weight
09/16 08:34:09 AM:    _text_field_embedder.model.encoder.layer.1.attention.self.key.bias
09/16 08:34:09 AM:    _text_field_embedder.model.encoder.layer.1.attention.self.key.weight
09/16 08:34:09 AM:    _text_field_embedder.model.encoder.layer.1.attention.self.query.bias
09/16 08:34:09 AM:    _text_field_embedder.model.encoder.layer.1.attention.self.query.weight
09/16 08:34:09 AM:    _text_field_embedder.model.encoder.layer.1.attention.self.value.bias
09/16 08:34:09 AM:    _text_field_embedder.model.encoder.layer.1.attention.self.value.weight
09/16 08:34:09 AM:    _text_field_embedder.model.encoder.layer.1.intermediate.dense.bias
09/16 08:34:09 AM:    _text_field_embedder.model.encoder.layer.1.intermediate.dense.weight
09/16 08:34:09 AM:    _text_field_embedder.model.encoder.layer.1.output.LayerNorm.bias
09/16 08:34:09 AM:    _text_field_embedder.model.encoder.layer.1.output.LayerNorm.weight
09/16 08:34:09 AM:    _text_field_embedder.model.encoder.layer.1.output.dense.bias
09/16 08:34:09 AM:    _text_field_embedder.model.encoder.layer.1.output.dense.weight
09/16 08:34:09 AM:    _text_field_embedder.model.encoder.layer.10.attention.output.LayerNorm.bias
09/16 08:34:09 AM:    _text_field_embedder.model.encoder.layer.10.attention.output.LayerNorm.weight
09/16 08:34:09 AM:    _text_field_embedder.model.encoder.layer.10.attention.output.dense.bias
09/16 08:34:09 AM:    _text_field_embedder.model.encoder.layer.10.attention.output.dense.weight
09/16 08:34:09 AM:    _text_field_embedder.model.encoder.layer.10.attention.self.key.bias
09/16 08:34:09 AM:    _text_field_embedder.model.encoder.layer.10.attention.self.key.weight
09/16 08:34:09 AM:    _text_field_embedder.model.encoder.layer.10.attention.self.query.bias
09/16 08:34:09 AM:    _text_field_embedder.model.encoder.layer.10.attention.self.query.weight
09/16 08:34:09 AM:    _text_field_embedder.model.encoder.layer.10.attention.self.value.bias
09/16 08:34:09 AM:    _text_field_embedder.model.encoder.layer.10.attention.self.value.weight
09/16 08:34:09 AM:    _text_field_embedder.model.encoder.layer.10.intermediate.dense.bias
09/16 08:34:09 AM:    _text_field_embedder.model.encoder.layer.10.intermediate.dense.weight
09/16 08:34:09 AM:    _text_field_embedder.model.encoder.layer.10.output.LayerNorm.bias
09/16 08:34:09 AM:    _text_field_embedder.model.encoder.layer.10.output.LayerNorm.weight
09/16 08:34:09 AM:    _text_field_embedder.model.encoder.layer.10.output.dense.bias
09/16 08:34:09 AM:    _text_field_embedder.model.encoder.layer.10.output.dense.weight
09/16 08:34:09 AM:    _text_field_embedder.model.encoder.layer.11.attention.output.LayerNorm.bias
09/16 08:34:09 AM:    _text_field_embedder.model.encoder.layer.11.attention.output.LayerNorm.weight
09/16 08:34:09 AM:    _text_field_embedder.model.encoder.layer.11.attention.output.dense.bias
09/16 08:34:09 AM:    _text_field_embedder.model.encoder.layer.11.attention.output.dense.weight
09/16 08:34:09 AM:    _text_field_embedder.model.encoder.layer.11.attention.self.key.bias
09/16 08:34:09 AM:    _text_field_embedder.model.encoder.layer.11.attention.self.key.weight
09/16 08:34:09 AM:    _text_field_embedder.model.encoder.layer.11.attention.self.query.bias
09/16 08:34:09 AM:    _text_field_embedder.model.encoder.layer.11.attention.self.query.weight
09/16 08:34:09 AM:    _text_field_embedder.model.encoder.layer.11.attention.self.value.bias
09/16 08:34:09 AM:    _text_field_embedder.model.encoder.layer.11.attention.self.value.weight
09/16 08:34:09 AM:    _text_field_embedder.model.encoder.layer.11.intermediate.dense.bias
09/16 08:34:09 AM:    _text_field_embedder.model.encoder.layer.11.intermediate.dense.weight
09/16 08:34:09 AM:    _text_field_embedder.model.encoder.layer.11.output.LayerNorm.bias
09/16 08:34:09 AM:    _text_field_embedder.model.encoder.layer.11.output.LayerNorm.weight
09/16 08:34:09 AM:    _text_field_embedder.model.encoder.layer.11.output.dense.bias
09/16 08:34:09 AM:    _text_field_embedder.model.encoder.layer.11.output.dense.weight
09/16 08:34:09 AM:    _text_field_embedder.model.encoder.layer.2.attention.output.LayerNorm.bias
09/16 08:34:09 AM:    _text_field_embedder.model.encoder.layer.2.attention.output.LayerNorm.weight
09/16 08:34:09 AM:    _text_field_embedder.model.encoder.layer.2.attention.output.dense.bias
09/16 08:34:09 AM:    _text_field_embedder.model.encoder.layer.2.attention.output.dense.weight
09/16 08:34:09 AM:    _text_field_embedder.model.encoder.layer.2.attention.self.key.bias
09/16 08:34:09 AM:    _text_field_embedder.model.encoder.layer.2.attention.self.key.weight
09/16 08:34:09 AM:    _text_field_embedder.model.encoder.layer.2.attention.self.query.bias
09/16 08:34:09 AM:    _text_field_embedder.model.encoder.layer.2.attention.self.query.weight
09/16 08:34:09 AM:    _text_field_embedder.model.encoder.layer.2.attention.self.value.bias
09/16 08:34:09 AM:    _text_field_embedder.model.encoder.layer.2.attention.self.value.weight
09/16 08:34:09 AM:    _text_field_embedder.model.encoder.layer.2.intermediate.dense.bias
09/16 08:34:09 AM:    _text_field_embedder.model.encoder.layer.2.intermediate.dense.weight
09/16 08:34:09 AM:    _text_field_embedder.model.encoder.layer.2.output.LayerNorm.bias
09/16 08:34:09 AM:    _text_field_embedder.model.encoder.layer.2.output.LayerNorm.weight
09/16 08:34:09 AM:    _text_field_embedder.model.encoder.layer.2.output.dense.bias
09/16 08:34:09 AM:    _text_field_embedder.model.encoder.layer.2.output.dense.weight
09/16 08:34:09 AM:    _text_field_embedder.model.encoder.layer.3.attention.output.LayerNorm.bias
09/16 08:34:09 AM:    _text_field_embedder.model.encoder.layer.3.attention.output.LayerNorm.weight
09/16 08:34:09 AM:    _text_field_embedder.model.encoder.layer.3.attention.output.dense.bias
09/16 08:34:09 AM:    _text_field_embedder.model.encoder.layer.3.attention.output.dense.weight
09/16 08:34:09 AM:    _text_field_embedder.model.encoder.layer.3.attention.self.key.bias
09/16 08:34:09 AM:    _text_field_embedder.model.encoder.layer.3.attention.self.key.weight
09/16 08:34:09 AM:    _text_field_embedder.model.encoder.layer.3.attention.self.query.bias
09/16 08:34:09 AM:    _text_field_embedder.model.encoder.layer.3.attention.self.query.weight
09/16 08:34:09 AM:    _text_field_embedder.model.encoder.layer.3.attention.self.value.bias
09/16 08:34:09 AM:    _text_field_embedder.model.encoder.layer.3.attention.self.value.weight
09/16 08:34:09 AM:    _text_field_embedder.model.encoder.layer.3.intermediate.dense.bias
09/16 08:34:09 AM:    _text_field_embedder.model.encoder.layer.3.intermediate.dense.weight
09/16 08:34:09 AM:    _text_field_embedder.model.encoder.layer.3.output.LayerNorm.bias
09/16 08:34:09 AM:    _text_field_embedder.model.encoder.layer.3.output.LayerNorm.weight
09/16 08:34:09 AM:    _text_field_embedder.model.encoder.layer.3.output.dense.bias
09/16 08:34:09 AM:    _text_field_embedder.model.encoder.layer.3.output.dense.weight
09/16 08:34:09 AM:    _text_field_embedder.model.encoder.layer.4.attention.output.LayerNorm.bias
09/16 08:34:09 AM:    _text_field_embedder.model.encoder.layer.4.attention.output.LayerNorm.weight
09/16 08:34:09 AM:    _text_field_embedder.model.encoder.layer.4.attention.output.dense.bias
09/16 08:34:09 AM:    _text_field_embedder.model.encoder.layer.4.attention.output.dense.weight
09/16 08:34:09 AM:    _text_field_embedder.model.encoder.layer.4.attention.self.key.bias
09/16 08:34:09 AM:    _text_field_embedder.model.encoder.layer.4.attention.self.key.weight
09/16 08:34:09 AM:    _text_field_embedder.model.encoder.layer.4.attention.self.query.bias
09/16 08:34:09 AM:    _text_field_embedder.model.encoder.layer.4.attention.self.query.weight
09/16 08:34:09 AM:    _text_field_embedder.model.encoder.layer.4.attention.self.value.bias
09/16 08:34:09 AM:    _text_field_embedder.model.encoder.layer.4.attention.self.value.weight
09/16 08:34:09 AM:    _text_field_embedder.model.encoder.layer.4.intermediate.dense.bias
09/16 08:34:09 AM:    _text_field_embedder.model.encoder.layer.4.intermediate.dense.weight
09/16 08:34:09 AM:    _text_field_embedder.model.encoder.layer.4.output.LayerNorm.bias
09/16 08:34:09 AM:    _text_field_embedder.model.encoder.layer.4.output.LayerNorm.weight
09/16 08:34:09 AM:    _text_field_embedder.model.encoder.layer.4.output.dense.bias
09/16 08:34:09 AM:    _text_field_embedder.model.encoder.layer.4.output.dense.weight
09/16 08:34:09 AM:    _text_field_embedder.model.encoder.layer.5.attention.output.LayerNorm.bias
09/16 08:34:09 AM:    _text_field_embedder.model.encoder.layer.5.attention.output.LayerNorm.weight
09/16 08:34:09 AM:    _text_field_embedder.model.encoder.layer.5.attention.output.dense.bias
09/16 08:34:09 AM:    _text_field_embedder.model.encoder.layer.5.attention.output.dense.weight
09/16 08:34:09 AM:    _text_field_embedder.model.encoder.layer.5.attention.self.key.bias
09/16 08:34:09 AM:    _text_field_embedder.model.encoder.layer.5.attention.self.key.weight
09/16 08:34:09 AM:    _text_field_embedder.model.encoder.layer.5.attention.self.query.bias
09/16 08:34:09 AM:    _text_field_embedder.model.encoder.layer.5.attention.self.query.weight
09/16 08:34:09 AM:    _text_field_embedder.model.encoder.layer.5.attention.self.value.bias
09/16 08:34:09 AM:    _text_field_embedder.model.encoder.layer.5.attention.self.value.weight
09/16 08:34:09 AM:    _text_field_embedder.model.encoder.layer.5.intermediate.dense.bias
09/16 08:34:09 AM:    _text_field_embedder.model.encoder.layer.5.intermediate.dense.weight
09/16 08:34:09 AM:    _text_field_embedder.model.encoder.layer.5.output.LayerNorm.bias
09/16 08:34:09 AM:    _text_field_embedder.model.encoder.layer.5.output.LayerNorm.weight
09/16 08:34:09 AM:    _text_field_embedder.model.encoder.layer.5.output.dense.bias
09/16 08:34:09 AM:    _text_field_embedder.model.encoder.layer.5.output.dense.weight
09/16 08:34:09 AM:    _text_field_embedder.model.encoder.layer.6.attention.output.LayerNorm.bias
09/16 08:34:09 AM:    _text_field_embedder.model.encoder.layer.6.attention.output.LayerNorm.weight
09/16 08:34:09 AM:    _text_field_embedder.model.encoder.layer.6.attention.output.dense.bias
09/16 08:34:09 AM:    _text_field_embedder.model.encoder.layer.6.attention.output.dense.weight
09/16 08:34:09 AM:    _text_field_embedder.model.encoder.layer.6.attention.self.key.bias
09/16 08:34:09 AM:    _text_field_embedder.model.encoder.layer.6.attention.self.key.weight
09/16 08:34:09 AM:    _text_field_embedder.model.encoder.layer.6.attention.self.query.bias
09/16 08:34:09 AM:    _text_field_embedder.model.encoder.layer.6.attention.self.query.weight
09/16 08:34:09 AM:    _text_field_embedder.model.encoder.layer.6.attention.self.value.bias
09/16 08:34:09 AM:    _text_field_embedder.model.encoder.layer.6.attention.self.value.weight
09/16 08:34:09 AM:    _text_field_embedder.model.encoder.layer.6.intermediate.dense.bias
09/16 08:34:09 AM:    _text_field_embedder.model.encoder.layer.6.intermediate.dense.weight
09/16 08:34:09 AM:    _text_field_embedder.model.encoder.layer.6.output.LayerNorm.bias
09/16 08:34:09 AM:    _text_field_embedder.model.encoder.layer.6.output.LayerNorm.weight
09/16 08:34:09 AM:    _text_field_embedder.model.encoder.layer.6.output.dense.bias
09/16 08:34:09 AM:    _text_field_embedder.model.encoder.layer.6.output.dense.weight
09/16 08:34:09 AM:    _text_field_embedder.model.encoder.layer.7.attention.output.LayerNorm.bias
09/16 08:34:09 AM:    _text_field_embedder.model.encoder.layer.7.attention.output.LayerNorm.weight
09/16 08:34:09 AM:    _text_field_embedder.model.encoder.layer.7.attention.output.dense.bias
09/16 08:34:09 AM:    _text_field_embedder.model.encoder.layer.7.attention.output.dense.weight
09/16 08:34:09 AM:    _text_field_embedder.model.encoder.layer.7.attention.self.key.bias
09/16 08:34:09 AM:    _text_field_embedder.model.encoder.layer.7.attention.self.key.weight
09/16 08:34:09 AM:    _text_field_embedder.model.encoder.layer.7.attention.self.query.bias
09/16 08:34:09 AM:    _text_field_embedder.model.encoder.layer.7.attention.self.query.weight
09/16 08:34:09 AM:    _text_field_embedder.model.encoder.layer.7.attention.self.value.bias
09/16 08:34:09 AM:    _text_field_embedder.model.encoder.layer.7.attention.self.value.weight
09/16 08:34:09 AM:    _text_field_embedder.model.encoder.layer.7.intermediate.dense.bias
09/16 08:34:09 AM:    _text_field_embedder.model.encoder.layer.7.intermediate.dense.weight
09/16 08:34:09 AM:    _text_field_embedder.model.encoder.layer.7.output.LayerNorm.bias
09/16 08:34:09 AM:    _text_field_embedder.model.encoder.layer.7.output.LayerNorm.weight
09/16 08:34:09 AM:    _text_field_embedder.model.encoder.layer.7.output.dense.bias
09/16 08:34:09 AM:    _text_field_embedder.model.encoder.layer.7.output.dense.weight
09/16 08:34:09 AM:    _text_field_embedder.model.encoder.layer.8.attention.output.LayerNorm.bias
09/16 08:34:09 AM:    _text_field_embedder.model.encoder.layer.8.attention.output.LayerNorm.weight
09/16 08:34:09 AM:    _text_field_embedder.model.encoder.layer.8.attention.output.dense.bias
09/16 08:34:09 AM:    _text_field_embedder.model.encoder.layer.8.attention.output.dense.weight
09/16 08:34:09 AM:    _text_field_embedder.model.encoder.layer.8.attention.self.key.bias
09/16 08:34:09 AM:    _text_field_embedder.model.encoder.layer.8.attention.self.key.weight
09/16 08:34:09 AM:    _text_field_embedder.model.encoder.layer.8.attention.self.query.bias
09/16 08:34:09 AM:    _text_field_embedder.model.encoder.layer.8.attention.self.query.weight
09/16 08:34:09 AM:    _text_field_embedder.model.encoder.layer.8.attention.self.value.bias
09/16 08:34:09 AM:    _text_field_embedder.model.encoder.layer.8.attention.self.value.weight
09/16 08:34:09 AM:    _text_field_embedder.model.encoder.layer.8.intermediate.dense.bias
09/16 08:34:09 AM:    _text_field_embedder.model.encoder.layer.8.intermediate.dense.weight
09/16 08:34:09 AM:    _text_field_embedder.model.encoder.layer.8.output.LayerNorm.bias
09/16 08:34:09 AM:    _text_field_embedder.model.encoder.layer.8.output.LayerNorm.weight
09/16 08:34:09 AM:    _text_field_embedder.model.encoder.layer.8.output.dense.bias
09/16 08:34:09 AM:    _text_field_embedder.model.encoder.layer.8.output.dense.weight
09/16 08:34:09 AM:    _text_field_embedder.model.encoder.layer.9.attention.output.LayerNorm.bias
09/16 08:34:09 AM:    _text_field_embedder.model.encoder.layer.9.attention.output.LayerNorm.weight
09/16 08:34:09 AM:    _text_field_embedder.model.encoder.layer.9.attention.output.dense.bias
09/16 08:34:09 AM:    _text_field_embedder.model.encoder.layer.9.attention.output.dense.weight
09/16 08:34:09 AM:    _text_field_embedder.model.encoder.layer.9.attention.self.key.bias
09/16 08:34:09 AM:    _text_field_embedder.model.encoder.layer.9.attention.self.key.weight
09/16 08:34:09 AM:    _text_field_embedder.model.encoder.layer.9.attention.self.query.bias
09/16 08:34:09 AM:    _text_field_embedder.model.encoder.layer.9.attention.self.query.weight
09/16 08:34:09 AM:    _text_field_embedder.model.encoder.layer.9.attention.self.value.bias
09/16 08:34:09 AM:    _text_field_embedder.model.encoder.layer.9.attention.self.value.weight
09/16 08:34:09 AM:    _text_field_embedder.model.encoder.layer.9.intermediate.dense.bias
09/16 08:34:09 AM:    _text_field_embedder.model.encoder.layer.9.intermediate.dense.weight
09/16 08:34:09 AM:    _text_field_embedder.model.encoder.layer.9.output.LayerNorm.bias
09/16 08:34:09 AM:    _text_field_embedder.model.encoder.layer.9.output.LayerNorm.weight
09/16 08:34:09 AM:    _text_field_embedder.model.encoder.layer.9.output.dense.bias
09/16 08:34:09 AM:    _text_field_embedder.model.encoder.layer.9.output.dense.weight
09/16 08:34:09 AM:    _text_field_embedder.model.pooler.dense.bias
09/16 08:34:09 AM:    _text_field_embedder.model.pooler.dense.weight
09/16 08:34:09 AM: 	Task 'edges-spr2' params: {
  "cls_type": "mlp",
  "d_hid": 256,
  "pool_type": "first",
  "d_proj": 512,
  "shared_pair_attn": 0,
  "attn": 0,
  "d_hid_attn": 512,
  "dropout": 0.3,
  "cls_loss_fn": "sigmoid",
  "cls_span_pooling": "attn",
  "edgeprobe_cnn_context": 0,
  "edgeprobe_symmetric": 0,
  "use_classifier": "edges-spr2"
}
09/16 08:34:15 AM: Model specification:
09/16 08:34:15 AM: MultiTaskModel(
  (sent_encoder): SentenceEncoder(
    (_text_field_embedder): BertEmbedderModule(
      (model): BertModel(
        (embeddings): BertEmbeddings(
          (word_embeddings): Embedding(30522, 768, padding_idx=0)
          (position_embeddings): Embedding(512, 768)
          (token_type_embeddings): Embedding(2, 768)
          (LayerNorm): LayerNorm(torch.Size([768]), eps=1e-12, elementwise_affine=True)
          (dropout): Dropout(p=0.1)
        )
        (encoder): BertEncoder(
          (layer): ModuleList(
            (0): BertLayer(
              (attention): BertAttention(
                (self): BertSelfAttention(
                  (query): Linear(in_features=768, out_features=768, bias=True)
                  (key): Linear(in_features=768, out_features=768, bias=True)
                  (value): Linear(in_features=768, out_features=768, bias=True)
                  (dropout): Dropout(p=0.1)
                )
                (output): BertSelfOutput(
                  (dense): Linear(in_features=768, out_features=768, bias=True)
                  (LayerNorm): LayerNorm(torch.Size([768]), eps=1e-12, elementwise_affine=True)
                  (dropout): Dropout(p=0.1)
                )
              )
              (intermediate): BertIntermediate(
                (dense): Linear(in_features=768, out_features=3072, bias=True)
              )
              (output): BertOutput(
                (dense): Linear(in_features=3072, out_features=768, bias=True)
                (LayerNorm): LayerNorm(torch.Size([768]), eps=1e-12, elementwise_affine=True)
                (dropout): Dropout(p=0.1)
              )
            )
            (1): BertLayer(
              (attention): BertAttention(
                (self): BertSelfAttention(
                  (query): Linear(in_features=768, out_features=768, bias=True)
                  (key): Linear(in_features=768, out_features=768, bias=True)
                  (value): Linear(in_features=768, out_features=768, bias=True)
                  (dropout): Dropout(p=0.1)
                )
                (output): BertSelfOutput(
                  (dense): Linear(in_features=768, out_features=768, bias=True)
                  (LayerNorm): LayerNorm(torch.Size([768]), eps=1e-12, elementwise_affine=True)
                  (dropout): Dropout(p=0.1)
                )
              )
              (intermediate): BertIntermediate(
                (dense): Linear(in_features=768, out_features=3072, bias=True)
              )
              (output): BertOutput(
                (dense): Linear(in_features=3072, out_features=768, bias=True)
                (LayerNorm): LayerNorm(torch.Size([768]), eps=1e-12, elementwise_affine=True)
                (dropout): Dropout(p=0.1)
              )
            )
            (2): BertLayer(
              (attention): BertAttention(
                (self): BertSelfAttention(
                  (query): Linear(in_features=768, out_features=768, bias=True)
                  (key): Linear(in_features=768, out_features=768, bias=True)
                  (value): Linear(in_features=768, out_features=768, bias=True)
                  (dropout): Dropout(p=0.1)
                )
                (output): BertSelfOutput(
                  (dense): Linear(in_features=768, out_features=768, bias=True)
                  (LayerNorm): LayerNorm(torch.Size([768]), eps=1e-12, elementwise_affine=True)
                  (dropout): Dropout(p=0.1)
                )
              )
              (intermediate): BertIntermediate(
                (dense): Linear(in_features=768, out_features=3072, bias=True)
              )
              (output): BertOutput(
                (dense): Linear(in_features=3072, out_features=768, bias=True)
                (LayerNorm): LayerNorm(torch.Size([768]), eps=1e-12, elementwise_affine=True)
                (dropout): Dropout(p=0.1)
              )
            )
            (3): BertLayer(
              (attention): BertAttention(
                (self): BertSelfAttention(
                  (query): Linear(in_features=768, out_features=768, bias=True)
                  (key): Linear(in_features=768, out_features=768, bias=True)
                  (value): Linear(in_features=768, out_features=768, bias=True)
                  (dropout): Dropout(p=0.1)
                )
                (output): BertSelfOutput(
                  (dense): Linear(in_features=768, out_features=768, bias=True)
                  (LayerNorm): LayerNorm(torch.Size([768]), eps=1e-12, elementwise_affine=True)
                  (dropout): Dropout(p=0.1)
                )
              )
              (intermediate): BertIntermediate(
                (dense): Linear(in_features=768, out_features=3072, bias=True)
              )
              (output): BertOutput(
                (dense): Linear(in_features=3072, out_features=768, bias=True)
                (LayerNorm): LayerNorm(torch.Size([768]), eps=1e-12, elementwise_affine=True)
                (dropout): Dropout(p=0.1)
              )
            )
            (4): BertLayer(
              (attention): BertAttention(
                (self): BertSelfAttention(
                  (query): Linear(in_features=768, out_features=768, bias=True)
                  (key): Linear(in_features=768, out_features=768, bias=True)
                  (value): Linear(in_features=768, out_features=768, bias=True)
                  (dropout): Dropout(p=0.1)
                )
                (output): BertSelfOutput(
                  (dense): Linear(in_features=768, out_features=768, bias=True)
                  (LayerNorm): LayerNorm(torch.Size([768]), eps=1e-12, elementwise_affine=True)
                  (dropout): Dropout(p=0.1)
                )
              )
              (intermediate): BertIntermediate(
                (dense): Linear(in_features=768, out_features=3072, bias=True)
              )
              (output): BertOutput(
                (dense): Linear(in_features=3072, out_features=768, bias=True)
                (LayerNorm): LayerNorm(torch.Size([768]), eps=1e-12, elementwise_affine=True)
                (dropout): Dropout(p=0.1)
              )
            )
            (5): BertLayer(
              (attention): BertAttention(
                (self): BertSelfAttention(
                  (query): Linear(in_features=768, out_features=768, bias=True)
                  (key): Linear(in_features=768, out_features=768, bias=True)
                  (value): Linear(in_features=768, out_features=768, bias=True)
                  (dropout): Dropout(p=0.1)
                )
                (output): BertSelfOutput(
                  (dense): Linear(in_features=768, out_features=768, bias=True)
                  (LayerNorm): LayerNorm(torch.Size([768]), eps=1e-12, elementwise_affine=True)
                  (dropout): Dropout(p=0.1)
                )
              )
              (intermediate): BertIntermediate(
                (dense): Linear(in_features=768, out_features=3072, bias=True)
              )
              (output): BertOutput(
                (dense): Linear(in_features=3072, out_features=768, bias=True)
                (LayerNorm): LayerNorm(torch.Size([768]), eps=1e-12, elementwise_affine=True)
                (dropout): Dropout(p=0.1)
              )
            )
            (6): BertLayer(
              (attention): BertAttention(
                (self): BertSelfAttention(
                  (query): Linear(in_features=768, out_features=768, bias=True)
                  (key): Linear(in_features=768, out_features=768, bias=True)
                  (value): Linear(in_features=768, out_features=768, bias=True)
                  (dropout): Dropout(p=0.1)
                )
                (output): BertSelfOutput(
                  (dense): Linear(in_features=768, out_features=768, bias=True)
                  (LayerNorm): LayerNorm(torch.Size([768]), eps=1e-12, elementwise_affine=True)
                  (dropout): Dropout(p=0.1)
                )
              )
              (intermediate): BertIntermediate(
                (dense): Linear(in_features=768, out_features=3072, bias=True)
              )
              (output): BertOutput(
                (dense): Linear(in_features=3072, out_features=768, bias=True)
                (LayerNorm): LayerNorm(torch.Size([768]), eps=1e-12, elementwise_affine=True)
                (dropout): Dropout(p=0.1)
              )
            )
            (7): BertLayer(
              (attention): BertAttention(
                (self): BertSelfAttention(
                  (query): Linear(in_features=768, out_features=768, bias=True)
                  (key): Linear(in_features=768, out_features=768, bias=True)
                  (value): Linear(in_features=768, out_features=768, bias=True)
                  (dropout): Dropout(p=0.1)
                )
                (output): BertSelfOutput(
                  (dense): Linear(in_features=768, out_features=768, bias=True)
                  (LayerNorm): LayerNorm(torch.Size([768]), eps=1e-12, elementwise_affine=True)
                  (dropout): Dropout(p=0.1)
                )
              )
              (intermediate): BertIntermediate(
                (dense): Linear(in_features=768, out_features=3072, bias=True)
              )
              (output): BertOutput(
                (dense): Linear(in_features=3072, out_features=768, bias=True)
                (LayerNorm): LayerNorm(torch.Size([768]), eps=1e-12, elementwise_affine=True)
                (dropout): Dropout(p=0.1)
              )
            )
            (8): BertLayer(
              (attention): BertAttention(
                (self): BertSelfAttention(
                  (query): Linear(in_features=768, out_features=768, bias=True)
                  (key): Linear(in_features=768, out_features=768, bias=True)
                  (value): Linear(in_features=768, out_features=768, bias=True)
                  (dropout): Dropout(p=0.1)
                )
                (output): BertSelfOutput(
                  (dense): Linear(in_features=768, out_features=768, bias=True)
                  (LayerNorm): LayerNorm(torch.Size([768]), eps=1e-12, elementwise_affine=True)
                  (dropout): Dropout(p=0.1)
                )
              )
              (intermediate): BertIntermediate(
                (dense): Linear(in_features=768, out_features=3072, bias=True)
              )
              (output): BertOutput(
                (dense): Linear(in_features=3072, out_features=768, bias=True)
                (LayerNorm): LayerNorm(torch.Size([768]), eps=1e-12, elementwise_affine=True)
                (dropout): Dropout(p=0.1)
              )
            )
            (9): BertLayer(
              (attention): BertAttention(
                (self): BertSelfAttention(
                  (query): Linear(in_features=768, out_features=768, bias=True)
                  (key): Linear(in_features=768, out_features=768, bias=True)
                  (value): Linear(in_features=768, out_features=768, bias=True)
                  (dropout): Dropout(p=0.1)
                )
                (output): BertSelfOutput(
                  (dense): Linear(in_features=768, out_features=768, bias=True)
                  (LayerNorm): LayerNorm(torch.Size([768]), eps=1e-12, elementwise_affine=True)
                  (dropout): Dropout(p=0.1)
                )
              )
              (intermediate): BertIntermediate(
                (dense): Linear(in_features=768, out_features=3072, bias=True)
              )
              (output): BertOutput(
                (dense): Linear(in_features=3072, out_features=768, bias=True)
                (LayerNorm): LayerNorm(torch.Size([768]), eps=1e-12, elementwise_affine=True)
                (dropout): Dropout(p=0.1)
              )
            )
            (10): BertLayer(
              (attention): BertAttention(
                (self): BertSelfAttention(
                  (query): Linear(in_features=768, out_features=768, bias=True)
                  (key): Linear(in_features=768, out_features=768, bias=True)
                  (value): Linear(in_features=768, out_features=768, bias=True)
                  (dropout): Dropout(p=0.1)
                )
                (output): BertSelfOutput(
                  (dense): Linear(in_features=768, out_features=768, bias=True)
                  (LayerNorm): LayerNorm(torch.Size([768]), eps=1e-12, elementwise_affine=True)
                  (dropout): Dropout(p=0.1)
                )
              )
              (intermediate): BertIntermediate(
                (dense): Linear(in_features=768, out_features=3072, bias=True)
              )
              (output): BertOutput(
                (dense): Linear(in_features=3072, out_features=768, bias=True)
                (LayerNorm): LayerNorm(torch.Size([768]), eps=1e-12, elementwise_affine=True)
                (dropout): Dropout(p=0.1)
              )
            )
            (11): BertLayer(
              (attention): BertAttention(
                (self): BertSelfAttention(
                  (query): Linear(in_features=768, out_features=768, bias=True)
                  (key): Linear(in_features=768, out_features=768, bias=True)
                  (value): Linear(in_features=768, out_features=768, bias=True)
                  (dropout): Dropout(p=0.1)
                )
                (output): BertSelfOutput(
                  (dense): Linear(in_features=768, out_features=768, bias=True)
                  (LayerNorm): LayerNorm(torch.Size([768]), eps=1e-12, elementwise_affine=True)
                  (dropout): Dropout(p=0.1)
                )
              )
              (intermediate): BertIntermediate(
                (dense): Linear(in_features=768, out_features=3072, bias=True)
              )
              (output): BertOutput(
                (dense): Linear(in_features=3072, out_features=768, bias=True)
                (LayerNorm): LayerNorm(torch.Size([768]), eps=1e-12, elementwise_affine=True)
                (dropout): Dropout(p=0.1)
              )
            )
          )
        )
        (pooler): BertPooler(
          (dense): Linear(in_features=768, out_features=768, bias=True)
          (activation): Tanh()
        )
      )
    )
    (_highway_layer): TimeDistributed(
      (_module): Highway(
        (_layers): ModuleList()
      )
    )
    (_phrase_layer): NullPhraseLayer()
    (_dropout): Dropout(p=0.2)
  )
  (edges-spr2_mdl): EdgeClassifierModule(
    (proj1): Conv1d(768, 256, kernel_size=(1,), stride=(1,))
    (proj2): Conv1d(768, 256, kernel_size=(1,), stride=(1,))
    (span_extractor1): EndpointSpanExtractor()
    (span_extractor2): EndpointSpanExtractor()
    (classifier): Classifier(
      (classifier): Sequential(
        (0): Linear(in_features=1024, out_features=256, bias=True)
        (1): Tanh()
        (2): LayerNorm(torch.Size([256]), eps=1e-05, elementwise_affine=True)
        (3): Dropout(p=0.3)
        (4): Linear(in_features=256, out_features=20, bias=True)
      )
    )
  )
)
09/16 08:34:15 AM: Model parameters:
09/16 08:34:15 AM: 	sent_encoder._text_field_embedder.model.embeddings.word_embeddings.weight: Non-trainable parameter, count 23440896 with torch.Size([30522, 768])
09/16 08:34:15 AM: 	sent_encoder._text_field_embedder.model.embeddings.position_embeddings.weight: Non-trainable parameter, count 393216 with torch.Size([512, 768])
09/16 08:34:15 AM: 	sent_encoder._text_field_embedder.model.embeddings.token_type_embeddings.weight: Non-trainable parameter, count 1536 with torch.Size([2, 768])
09/16 08:34:15 AM: 	sent_encoder._text_field_embedder.model.embeddings.LayerNorm.weight: Non-trainable parameter, count 768 with torch.Size([768])
09/16 08:34:15 AM: 	sent_encoder._text_field_embedder.model.embeddings.LayerNorm.bias: Non-trainable parameter, count 768 with torch.Size([768])
09/16 08:34:15 AM: 	sent_encoder._text_field_embedder.model.encoder.layer.0.attention.self.query.weight: Non-trainable parameter, count 589824 with torch.Size([768, 768])
09/16 08:34:15 AM: 	sent_encoder._text_field_embedder.model.encoder.layer.0.attention.self.query.bias: Non-trainable parameter, count 768 with torch.Size([768])
09/16 08:34:15 AM: 	sent_encoder._text_field_embedder.model.encoder.layer.0.attention.self.key.weight: Non-trainable parameter, count 589824 with torch.Size([768, 768])
09/16 08:34:15 AM: 	sent_encoder._text_field_embedder.model.encoder.layer.0.attention.self.key.bias: Non-trainable parameter, count 768 with torch.Size([768])
09/16 08:34:15 AM: 	sent_encoder._text_field_embedder.model.encoder.layer.0.attention.self.value.weight: Non-trainable parameter, count 589824 with torch.Size([768, 768])
09/16 08:34:15 AM: 	sent_encoder._text_field_embedder.model.encoder.layer.0.attention.self.value.bias: Non-trainable parameter, count 768 with torch.Size([768])
09/16 08:34:15 AM: 	sent_encoder._text_field_embedder.model.encoder.layer.0.attention.output.dense.weight: Non-trainable parameter, count 589824 with torch.Size([768, 768])
09/16 08:34:15 AM: 	sent_encoder._text_field_embedder.model.encoder.layer.0.attention.output.dense.bias: Non-trainable parameter, count 768 with torch.Size([768])
09/16 08:34:15 AM: 	sent_encoder._text_field_embedder.model.encoder.layer.0.attention.output.LayerNorm.weight: Non-trainable parameter, count 768 with torch.Size([768])
09/16 08:34:15 AM: 	sent_encoder._text_field_embedder.model.encoder.layer.0.attention.output.LayerNorm.bias: Non-trainable parameter, count 768 with torch.Size([768])
09/16 08:34:15 AM: 	sent_encoder._text_field_embedder.model.encoder.layer.0.intermediate.dense.weight: Non-trainable parameter, count 2359296 with torch.Size([3072, 768])
09/16 08:34:15 AM: 	sent_encoder._text_field_embedder.model.encoder.layer.0.intermediate.dense.bias: Non-trainable parameter, count 3072 with torch.Size([3072])
09/16 08:34:15 AM: 	sent_encoder._text_field_embedder.model.encoder.layer.0.output.dense.weight: Non-trainable parameter, count 2359296 with torch.Size([768, 3072])
09/16 08:34:15 AM: 	sent_encoder._text_field_embedder.model.encoder.layer.0.output.dense.bias: Non-trainable parameter, count 768 with torch.Size([768])
09/16 08:34:15 AM: 	sent_encoder._text_field_embedder.model.encoder.layer.0.output.LayerNorm.weight: Non-trainable parameter, count 768 with torch.Size([768])
09/16 08:34:15 AM: 	sent_encoder._text_field_embedder.model.encoder.layer.0.output.LayerNorm.bias: Non-trainable parameter, count 768 with torch.Size([768])
09/16 08:34:15 AM: 	sent_encoder._text_field_embedder.model.encoder.layer.1.attention.self.query.weight: Non-trainable parameter, count 589824 with torch.Size([768, 768])
09/16 08:34:15 AM: 	sent_encoder._text_field_embedder.model.encoder.layer.1.attention.self.query.bias: Non-trainable parameter, count 768 with torch.Size([768])
09/16 08:34:15 AM: 	sent_encoder._text_field_embedder.model.encoder.layer.1.attention.self.key.weight: Non-trainable parameter, count 589824 with torch.Size([768, 768])
09/16 08:34:15 AM: 	sent_encoder._text_field_embedder.model.encoder.layer.1.attention.self.key.bias: Non-trainable parameter, count 768 with torch.Size([768])
09/16 08:34:15 AM: 	sent_encoder._text_field_embedder.model.encoder.layer.1.attention.self.value.weight: Non-trainable parameter, count 589824 with torch.Size([768, 768])
09/16 08:34:15 AM: 	sent_encoder._text_field_embedder.model.encoder.layer.1.attention.self.value.bias: Non-trainable parameter, count 768 with torch.Size([768])
09/16 08:34:15 AM: 	sent_encoder._text_field_embedder.model.encoder.layer.1.attention.output.dense.weight: Non-trainable parameter, count 589824 with torch.Size([768, 768])
09/16 08:34:15 AM: 	sent_encoder._text_field_embedder.model.encoder.layer.1.attention.output.dense.bias: Non-trainable parameter, count 768 with torch.Size([768])
09/16 08:34:15 AM: 	sent_encoder._text_field_embedder.model.encoder.layer.1.attention.output.LayerNorm.weight: Non-trainable parameter, count 768 with torch.Size([768])
09/16 08:34:15 AM: 	sent_encoder._text_field_embedder.model.encoder.layer.1.attention.output.LayerNorm.bias: Non-trainable parameter, count 768 with torch.Size([768])
09/16 08:34:15 AM: 	sent_encoder._text_field_embedder.model.encoder.layer.1.intermediate.dense.weight: Non-trainable parameter, count 2359296 with torch.Size([3072, 768])
09/16 08:34:15 AM: 	sent_encoder._text_field_embedder.model.encoder.layer.1.intermediate.dense.bias: Non-trainable parameter, count 3072 with torch.Size([3072])
09/16 08:34:15 AM: 	sent_encoder._text_field_embedder.model.encoder.layer.1.output.dense.weight: Non-trainable parameter, count 2359296 with torch.Size([768, 3072])
09/16 08:34:15 AM: 	sent_encoder._text_field_embedder.model.encoder.layer.1.output.dense.bias: Non-trainable parameter, count 768 with torch.Size([768])
09/16 08:34:15 AM: 	sent_encoder._text_field_embedder.model.encoder.layer.1.output.LayerNorm.weight: Non-trainable parameter, count 768 with torch.Size([768])
09/16 08:34:15 AM: 	sent_encoder._text_field_embedder.model.encoder.layer.1.output.LayerNorm.bias: Non-trainable parameter, count 768 with torch.Size([768])
09/16 08:34:15 AM: 	sent_encoder._text_field_embedder.model.encoder.layer.2.attention.self.query.weight: Non-trainable parameter, count 589824 with torch.Size([768, 768])
09/16 08:34:15 AM: 	sent_encoder._text_field_embedder.model.encoder.layer.2.attention.self.query.bias: Non-trainable parameter, count 768 with torch.Size([768])
09/16 08:34:15 AM: 	sent_encoder._text_field_embedder.model.encoder.layer.2.attention.self.key.weight: Non-trainable parameter, count 589824 with torch.Size([768, 768])
09/16 08:34:15 AM: 	sent_encoder._text_field_embedder.model.encoder.layer.2.attention.self.key.bias: Non-trainable parameter, count 768 with torch.Size([768])
09/16 08:34:15 AM: 	sent_encoder._text_field_embedder.model.encoder.layer.2.attention.self.value.weight: Non-trainable parameter, count 589824 with torch.Size([768, 768])
09/16 08:34:15 AM: 	sent_encoder._text_field_embedder.model.encoder.layer.2.attention.self.value.bias: Non-trainable parameter, count 768 with torch.Size([768])
09/16 08:34:15 AM: 	sent_encoder._text_field_embedder.model.encoder.layer.2.attention.output.dense.weight: Non-trainable parameter, count 589824 with torch.Size([768, 768])
09/16 08:34:15 AM: 	sent_encoder._text_field_embedder.model.encoder.layer.2.attention.output.dense.bias: Non-trainable parameter, count 768 with torch.Size([768])
09/16 08:34:15 AM: 	sent_encoder._text_field_embedder.model.encoder.layer.2.attention.output.LayerNorm.weight: Non-trainable parameter, count 768 with torch.Size([768])
09/16 08:34:15 AM: 	sent_encoder._text_field_embedder.model.encoder.layer.2.attention.output.LayerNorm.bias: Non-trainable parameter, count 768 with torch.Size([768])
09/16 08:34:15 AM: 	sent_encoder._text_field_embedder.model.encoder.layer.2.intermediate.dense.weight: Non-trainable parameter, count 2359296 with torch.Size([3072, 768])
09/16 08:34:15 AM: 	sent_encoder._text_field_embedder.model.encoder.layer.2.intermediate.dense.bias: Non-trainable parameter, count 3072 with torch.Size([3072])
09/16 08:34:15 AM: 	sent_encoder._text_field_embedder.model.encoder.layer.2.output.dense.weight: Non-trainable parameter, count 2359296 with torch.Size([768, 3072])
09/16 08:34:15 AM: 	sent_encoder._text_field_embedder.model.encoder.layer.2.output.dense.bias: Non-trainable parameter, count 768 with torch.Size([768])
09/16 08:34:15 AM: 	sent_encoder._text_field_embedder.model.encoder.layer.2.output.LayerNorm.weight: Non-trainable parameter, count 768 with torch.Size([768])
09/16 08:34:15 AM: 	sent_encoder._text_field_embedder.model.encoder.layer.2.output.LayerNorm.bias: Non-trainable parameter, count 768 with torch.Size([768])
09/16 08:34:15 AM: 	sent_encoder._text_field_embedder.model.encoder.layer.3.attention.self.query.weight: Non-trainable parameter, count 589824 with torch.Size([768, 768])
09/16 08:34:15 AM: 	sent_encoder._text_field_embedder.model.encoder.layer.3.attention.self.query.bias: Non-trainable parameter, count 768 with torch.Size([768])
09/16 08:34:15 AM: 	sent_encoder._text_field_embedder.model.encoder.layer.3.attention.self.key.weight: Non-trainable parameter, count 589824 with torch.Size([768, 768])
09/16 08:34:15 AM: 	sent_encoder._text_field_embedder.model.encoder.layer.3.attention.self.key.bias: Non-trainable parameter, count 768 with torch.Size([768])
09/16 08:34:15 AM: 	sent_encoder._text_field_embedder.model.encoder.layer.3.attention.self.value.weight: Non-trainable parameter, count 589824 with torch.Size([768, 768])
09/16 08:34:15 AM: 	sent_encoder._text_field_embedder.model.encoder.layer.3.attention.self.value.bias: Non-trainable parameter, count 768 with torch.Size([768])
09/16 08:34:15 AM: 	sent_encoder._text_field_embedder.model.encoder.layer.3.attention.output.dense.weight: Non-trainable parameter, count 589824 with torch.Size([768, 768])
09/16 08:34:15 AM: 	sent_encoder._text_field_embedder.model.encoder.layer.3.attention.output.dense.bias: Non-trainable parameter, count 768 with torch.Size([768])
09/16 08:34:15 AM: 	sent_encoder._text_field_embedder.model.encoder.layer.3.attention.output.LayerNorm.weight: Non-trainable parameter, count 768 with torch.Size([768])
09/16 08:34:15 AM: 	sent_encoder._text_field_embedder.model.encoder.layer.3.attention.output.LayerNorm.bias: Non-trainable parameter, count 768 with torch.Size([768])
09/16 08:34:15 AM: 	sent_encoder._text_field_embedder.model.encoder.layer.3.intermediate.dense.weight: Non-trainable parameter, count 2359296 with torch.Size([3072, 768])
09/16 08:34:15 AM: 	sent_encoder._text_field_embedder.model.encoder.layer.3.intermediate.dense.bias: Non-trainable parameter, count 3072 with torch.Size([3072])
09/16 08:34:15 AM: 	sent_encoder._text_field_embedder.model.encoder.layer.3.output.dense.weight: Non-trainable parameter, count 2359296 with torch.Size([768, 3072])
09/16 08:34:15 AM: 	sent_encoder._text_field_embedder.model.encoder.layer.3.output.dense.bias: Non-trainable parameter, count 768 with torch.Size([768])
09/16 08:34:15 AM: 	sent_encoder._text_field_embedder.model.encoder.layer.3.output.LayerNorm.weight: Non-trainable parameter, count 768 with torch.Size([768])
09/16 08:34:15 AM: 	sent_encoder._text_field_embedder.model.encoder.layer.3.output.LayerNorm.bias: Non-trainable parameter, count 768 with torch.Size([768])
09/16 08:34:15 AM: 	sent_encoder._text_field_embedder.model.encoder.layer.4.attention.self.query.weight: Non-trainable parameter, count 589824 with torch.Size([768, 768])
09/16 08:34:15 AM: 	sent_encoder._text_field_embedder.model.encoder.layer.4.attention.self.query.bias: Non-trainable parameter, count 768 with torch.Size([768])
09/16 08:34:15 AM: 	sent_encoder._text_field_embedder.model.encoder.layer.4.attention.self.key.weight: Non-trainable parameter, count 589824 with torch.Size([768, 768])
09/16 08:34:15 AM: 	sent_encoder._text_field_embedder.model.encoder.layer.4.attention.self.key.bias: Non-trainable parameter, count 768 with torch.Size([768])
09/16 08:34:15 AM: 	sent_encoder._text_field_embedder.model.encoder.layer.4.attention.self.value.weight: Non-trainable parameter, count 589824 with torch.Size([768, 768])
09/16 08:34:15 AM: 	sent_encoder._text_field_embedder.model.encoder.layer.4.attention.self.value.bias: Non-trainable parameter, count 768 with torch.Size([768])
09/16 08:34:15 AM: 	sent_encoder._text_field_embedder.model.encoder.layer.4.attention.output.dense.weight: Non-trainable parameter, count 589824 with torch.Size([768, 768])
09/16 08:34:15 AM: 	sent_encoder._text_field_embedder.model.encoder.layer.4.attention.output.dense.bias: Non-trainable parameter, count 768 with torch.Size([768])
09/16 08:34:15 AM: 	sent_encoder._text_field_embedder.model.encoder.layer.4.attention.output.LayerNorm.weight: Non-trainable parameter, count 768 with torch.Size([768])
09/16 08:34:15 AM: 	sent_encoder._text_field_embedder.model.encoder.layer.4.attention.output.LayerNorm.bias: Non-trainable parameter, count 768 with torch.Size([768])
09/16 08:34:15 AM: 	sent_encoder._text_field_embedder.model.encoder.layer.4.intermediate.dense.weight: Non-trainable parameter, count 2359296 with torch.Size([3072, 768])
09/16 08:34:15 AM: 	sent_encoder._text_field_embedder.model.encoder.layer.4.intermediate.dense.bias: Non-trainable parameter, count 3072 with torch.Size([3072])
09/16 08:34:15 AM: 	sent_encoder._text_field_embedder.model.encoder.layer.4.output.dense.weight: Non-trainable parameter, count 2359296 with torch.Size([768, 3072])
09/16 08:34:15 AM: 	sent_encoder._text_field_embedder.model.encoder.layer.4.output.dense.bias: Non-trainable parameter, count 768 with torch.Size([768])
09/16 08:34:15 AM: 	sent_encoder._text_field_embedder.model.encoder.layer.4.output.LayerNorm.weight: Non-trainable parameter, count 768 with torch.Size([768])
09/16 08:34:15 AM: 	sent_encoder._text_field_embedder.model.encoder.layer.4.output.LayerNorm.bias: Non-trainable parameter, count 768 with torch.Size([768])
09/16 08:34:15 AM: 	sent_encoder._text_field_embedder.model.encoder.layer.5.attention.self.query.weight: Non-trainable parameter, count 589824 with torch.Size([768, 768])
09/16 08:34:15 AM: 	sent_encoder._text_field_embedder.model.encoder.layer.5.attention.self.query.bias: Non-trainable parameter, count 768 with torch.Size([768])
09/16 08:34:15 AM: 	sent_encoder._text_field_embedder.model.encoder.layer.5.attention.self.key.weight: Non-trainable parameter, count 589824 with torch.Size([768, 768])
09/16 08:34:15 AM: 	sent_encoder._text_field_embedder.model.encoder.layer.5.attention.self.key.bias: Non-trainable parameter, count 768 with torch.Size([768])
09/16 08:34:15 AM: 	sent_encoder._text_field_embedder.model.encoder.layer.5.attention.self.value.weight: Non-trainable parameter, count 589824 with torch.Size([768, 768])
09/16 08:34:15 AM: 	sent_encoder._text_field_embedder.model.encoder.layer.5.attention.self.value.bias: Non-trainable parameter, count 768 with torch.Size([768])
09/16 08:34:15 AM: 	sent_encoder._text_field_embedder.model.encoder.layer.5.attention.output.dense.weight: Non-trainable parameter, count 589824 with torch.Size([768, 768])
09/16 08:34:15 AM: 	sent_encoder._text_field_embedder.model.encoder.layer.5.attention.output.dense.bias: Non-trainable parameter, count 768 with torch.Size([768])
09/16 08:34:15 AM: 	sent_encoder._text_field_embedder.model.encoder.layer.5.attention.output.LayerNorm.weight: Non-trainable parameter, count 768 with torch.Size([768])
09/16 08:34:15 AM: 	sent_encoder._text_field_embedder.model.encoder.layer.5.attention.output.LayerNorm.bias: Non-trainable parameter, count 768 with torch.Size([768])
09/16 08:34:15 AM: 	sent_encoder._text_field_embedder.model.encoder.layer.5.intermediate.dense.weight: Non-trainable parameter, count 2359296 with torch.Size([3072, 768])
09/16 08:34:15 AM: 	sent_encoder._text_field_embedder.model.encoder.layer.5.intermediate.dense.bias: Non-trainable parameter, count 3072 with torch.Size([3072])
09/16 08:34:15 AM: 	sent_encoder._text_field_embedder.model.encoder.layer.5.output.dense.weight: Non-trainable parameter, count 2359296 with torch.Size([768, 3072])
09/16 08:34:15 AM: 	sent_encoder._text_field_embedder.model.encoder.layer.5.output.dense.bias: Non-trainable parameter, count 768 with torch.Size([768])
09/16 08:34:15 AM: 	sent_encoder._text_field_embedder.model.encoder.layer.5.output.LayerNorm.weight: Non-trainable parameter, count 768 with torch.Size([768])
09/16 08:34:15 AM: 	sent_encoder._text_field_embedder.model.encoder.layer.5.output.LayerNorm.bias: Non-trainable parameter, count 768 with torch.Size([768])
09/16 08:34:15 AM: 	sent_encoder._text_field_embedder.model.encoder.layer.6.attention.self.query.weight: Non-trainable parameter, count 589824 with torch.Size([768, 768])
09/16 08:34:15 AM: 	sent_encoder._text_field_embedder.model.encoder.layer.6.attention.self.query.bias: Non-trainable parameter, count 768 with torch.Size([768])
09/16 08:34:15 AM: 	sent_encoder._text_field_embedder.model.encoder.layer.6.attention.self.key.weight: Non-trainable parameter, count 589824 with torch.Size([768, 768])
09/16 08:34:15 AM: 	sent_encoder._text_field_embedder.model.encoder.layer.6.attention.self.key.bias: Non-trainable parameter, count 768 with torch.Size([768])
09/16 08:34:15 AM: 	sent_encoder._text_field_embedder.model.encoder.layer.6.attention.self.value.weight: Non-trainable parameter, count 589824 with torch.Size([768, 768])
09/16 08:34:15 AM: 	sent_encoder._text_field_embedder.model.encoder.layer.6.attention.self.value.bias: Non-trainable parameter, count 768 with torch.Size([768])
09/16 08:34:15 AM: 	sent_encoder._text_field_embedder.model.encoder.layer.6.attention.output.dense.weight: Non-trainable parameter, count 589824 with torch.Size([768, 768])
09/16 08:34:15 AM: 	sent_encoder._text_field_embedder.model.encoder.layer.6.attention.output.dense.bias: Non-trainable parameter, count 768 with torch.Size([768])
09/16 08:34:15 AM: 	sent_encoder._text_field_embedder.model.encoder.layer.6.attention.output.LayerNorm.weight: Non-trainable parameter, count 768 with torch.Size([768])
09/16 08:34:15 AM: 	sent_encoder._text_field_embedder.model.encoder.layer.6.attention.output.LayerNorm.bias: Non-trainable parameter, count 768 with torch.Size([768])
09/16 08:34:15 AM: 	sent_encoder._text_field_embedder.model.encoder.layer.6.intermediate.dense.weight: Non-trainable parameter, count 2359296 with torch.Size([3072, 768])
09/16 08:34:15 AM: 	sent_encoder._text_field_embedder.model.encoder.layer.6.intermediate.dense.bias: Non-trainable parameter, count 3072 with torch.Size([3072])
09/16 08:34:15 AM: 	sent_encoder._text_field_embedder.model.encoder.layer.6.output.dense.weight: Non-trainable parameter, count 2359296 with torch.Size([768, 3072])
09/16 08:34:15 AM: 	sent_encoder._text_field_embedder.model.encoder.layer.6.output.dense.bias: Non-trainable parameter, count 768 with torch.Size([768])
09/16 08:34:15 AM: 	sent_encoder._text_field_embedder.model.encoder.layer.6.output.LayerNorm.weight: Non-trainable parameter, count 768 with torch.Size([768])
09/16 08:34:15 AM: 	sent_encoder._text_field_embedder.model.encoder.layer.6.output.LayerNorm.bias: Non-trainable parameter, count 768 with torch.Size([768])
09/16 08:34:15 AM: 	sent_encoder._text_field_embedder.model.encoder.layer.7.attention.self.query.weight: Non-trainable parameter, count 589824 with torch.Size([768, 768])
09/16 08:34:15 AM: 	sent_encoder._text_field_embedder.model.encoder.layer.7.attention.self.query.bias: Non-trainable parameter, count 768 with torch.Size([768])
09/16 08:34:15 AM: 	sent_encoder._text_field_embedder.model.encoder.layer.7.attention.self.key.weight: Non-trainable parameter, count 589824 with torch.Size([768, 768])
09/16 08:34:15 AM: 	sent_encoder._text_field_embedder.model.encoder.layer.7.attention.self.key.bias: Non-trainable parameter, count 768 with torch.Size([768])
09/16 08:34:15 AM: 	sent_encoder._text_field_embedder.model.encoder.layer.7.attention.self.value.weight: Non-trainable parameter, count 589824 with torch.Size([768, 768])
09/16 08:34:15 AM: 	sent_encoder._text_field_embedder.model.encoder.layer.7.attention.self.value.bias: Non-trainable parameter, count 768 with torch.Size([768])
09/16 08:34:15 AM: 	sent_encoder._text_field_embedder.model.encoder.layer.7.attention.output.dense.weight: Non-trainable parameter, count 589824 with torch.Size([768, 768])
09/16 08:34:15 AM: 	sent_encoder._text_field_embedder.model.encoder.layer.7.attention.output.dense.bias: Non-trainable parameter, count 768 with torch.Size([768])
09/16 08:34:15 AM: 	sent_encoder._text_field_embedder.model.encoder.layer.7.attention.output.LayerNorm.weight: Non-trainable parameter, count 768 with torch.Size([768])
09/16 08:34:15 AM: 	sent_encoder._text_field_embedder.model.encoder.layer.7.attention.output.LayerNorm.bias: Non-trainable parameter, count 768 with torch.Size([768])
09/16 08:34:15 AM: 	sent_encoder._text_field_embedder.model.encoder.layer.7.intermediate.dense.weight: Non-trainable parameter, count 2359296 with torch.Size([3072, 768])
09/16 08:34:15 AM: 	sent_encoder._text_field_embedder.model.encoder.layer.7.intermediate.dense.bias: Non-trainable parameter, count 3072 with torch.Size([3072])
09/16 08:34:15 AM: 	sent_encoder._text_field_embedder.model.encoder.layer.7.output.dense.weight: Non-trainable parameter, count 2359296 with torch.Size([768, 3072])
09/16 08:34:15 AM: 	sent_encoder._text_field_embedder.model.encoder.layer.7.output.dense.bias: Non-trainable parameter, count 768 with torch.Size([768])
09/16 08:34:15 AM: 	sent_encoder._text_field_embedder.model.encoder.layer.7.output.LayerNorm.weight: Non-trainable parameter, count 768 with torch.Size([768])
09/16 08:34:15 AM: 	sent_encoder._text_field_embedder.model.encoder.layer.7.output.LayerNorm.bias: Non-trainable parameter, count 768 with torch.Size([768])
09/16 08:34:15 AM: 	sent_encoder._text_field_embedder.model.encoder.layer.8.attention.self.query.weight: Non-trainable parameter, count 589824 with torch.Size([768, 768])
09/16 08:34:15 AM: 	sent_encoder._text_field_embedder.model.encoder.layer.8.attention.self.query.bias: Non-trainable parameter, count 768 with torch.Size([768])
09/16 08:34:15 AM: 	sent_encoder._text_field_embedder.model.encoder.layer.8.attention.self.key.weight: Non-trainable parameter, count 589824 with torch.Size([768, 768])
09/16 08:34:15 AM: 	sent_encoder._text_field_embedder.model.encoder.layer.8.attention.self.key.bias: Non-trainable parameter, count 768 with torch.Size([768])
09/16 08:34:15 AM: 	sent_encoder._text_field_embedder.model.encoder.layer.8.attention.self.value.weight: Non-trainable parameter, count 589824 with torch.Size([768, 768])
09/16 08:34:15 AM: 	sent_encoder._text_field_embedder.model.encoder.layer.8.attention.self.value.bias: Non-trainable parameter, count 768 with torch.Size([768])
09/16 08:34:15 AM: 	sent_encoder._text_field_embedder.model.encoder.layer.8.attention.output.dense.weight: Non-trainable parameter, count 589824 with torch.Size([768, 768])
09/16 08:34:15 AM: 	sent_encoder._text_field_embedder.model.encoder.layer.8.attention.output.dense.bias: Non-trainable parameter, count 768 with torch.Size([768])
09/16 08:34:15 AM: 	sent_encoder._text_field_embedder.model.encoder.layer.8.attention.output.LayerNorm.weight: Non-trainable parameter, count 768 with torch.Size([768])
09/16 08:34:15 AM: 	sent_encoder._text_field_embedder.model.encoder.layer.8.attention.output.LayerNorm.bias: Non-trainable parameter, count 768 with torch.Size([768])
09/16 08:34:15 AM: 	sent_encoder._text_field_embedder.model.encoder.layer.8.intermediate.dense.weight: Non-trainable parameter, count 2359296 with torch.Size([3072, 768])
09/16 08:34:15 AM: 	sent_encoder._text_field_embedder.model.encoder.layer.8.intermediate.dense.bias: Non-trainable parameter, count 3072 with torch.Size([3072])
09/16 08:34:15 AM: 	sent_encoder._text_field_embedder.model.encoder.layer.8.output.dense.weight: Non-trainable parameter, count 2359296 with torch.Size([768, 3072])
09/16 08:34:15 AM: 	sent_encoder._text_field_embedder.model.encoder.layer.8.output.dense.bias: Non-trainable parameter, count 768 with torch.Size([768])
09/16 08:34:15 AM: 	sent_encoder._text_field_embedder.model.encoder.layer.8.output.LayerNorm.weight: Non-trainable parameter, count 768 with torch.Size([768])
09/16 08:34:15 AM: 	sent_encoder._text_field_embedder.model.encoder.layer.8.output.LayerNorm.bias: Non-trainable parameter, count 768 with torch.Size([768])
09/16 08:34:15 AM: 	sent_encoder._text_field_embedder.model.encoder.layer.9.attention.self.query.weight: Non-trainable parameter, count 589824 with torch.Size([768, 768])
09/16 08:34:15 AM: 	sent_encoder._text_field_embedder.model.encoder.layer.9.attention.self.query.bias: Non-trainable parameter, count 768 with torch.Size([768])
09/16 08:34:15 AM: 	sent_encoder._text_field_embedder.model.encoder.layer.9.attention.self.key.weight: Non-trainable parameter, count 589824 with torch.Size([768, 768])
09/16 08:34:15 AM: 	sent_encoder._text_field_embedder.model.encoder.layer.9.attention.self.key.bias: Non-trainable parameter, count 768 with torch.Size([768])
09/16 08:34:15 AM: 	sent_encoder._text_field_embedder.model.encoder.layer.9.attention.self.value.weight: Non-trainable parameter, count 589824 with torch.Size([768, 768])
09/16 08:34:15 AM: 	sent_encoder._text_field_embedder.model.encoder.layer.9.attention.self.value.bias: Non-trainable parameter, count 768 with torch.Size([768])
09/16 08:34:15 AM: 	sent_encoder._text_field_embedder.model.encoder.layer.9.attention.output.dense.weight: Non-trainable parameter, count 589824 with torch.Size([768, 768])
09/16 08:34:15 AM: 	sent_encoder._text_field_embedder.model.encoder.layer.9.attention.output.dense.bias: Non-trainable parameter, count 768 with torch.Size([768])
09/16 08:34:15 AM: 	sent_encoder._text_field_embedder.model.encoder.layer.9.attention.output.LayerNorm.weight: Non-trainable parameter, count 768 with torch.Size([768])
09/16 08:34:15 AM: 	sent_encoder._text_field_embedder.model.encoder.layer.9.attention.output.LayerNorm.bias: Non-trainable parameter, count 768 with torch.Size([768])
09/16 08:34:15 AM: 	sent_encoder._text_field_embedder.model.encoder.layer.9.intermediate.dense.weight: Non-trainable parameter, count 2359296 with torch.Size([3072, 768])
09/16 08:34:15 AM: 	sent_encoder._text_field_embedder.model.encoder.layer.9.intermediate.dense.bias: Non-trainable parameter, count 3072 with torch.Size([3072])
09/16 08:34:15 AM: 	sent_encoder._text_field_embedder.model.encoder.layer.9.output.dense.weight: Non-trainable parameter, count 2359296 with torch.Size([768, 3072])
09/16 08:34:15 AM: 	sent_encoder._text_field_embedder.model.encoder.layer.9.output.dense.bias: Non-trainable parameter, count 768 with torch.Size([768])
09/16 08:34:15 AM: 	sent_encoder._text_field_embedder.model.encoder.layer.9.output.LayerNorm.weight: Non-trainable parameter, count 768 with torch.Size([768])
09/16 08:34:15 AM: 	sent_encoder._text_field_embedder.model.encoder.layer.9.output.LayerNorm.bias: Non-trainable parameter, count 768 with torch.Size([768])
09/16 08:34:15 AM: 	sent_encoder._text_field_embedder.model.encoder.layer.10.attention.self.query.weight: Non-trainable parameter, count 589824 with torch.Size([768, 768])
09/16 08:34:15 AM: 	sent_encoder._text_field_embedder.model.encoder.layer.10.attention.self.query.bias: Non-trainable parameter, count 768 with torch.Size([768])
09/16 08:34:15 AM: 	sent_encoder._text_field_embedder.model.encoder.layer.10.attention.self.key.weight: Non-trainable parameter, count 589824 with torch.Size([768, 768])
09/16 08:34:15 AM: 	sent_encoder._text_field_embedder.model.encoder.layer.10.attention.self.key.bias: Non-trainable parameter, count 768 with torch.Size([768])
09/16 08:34:15 AM: 	sent_encoder._text_field_embedder.model.encoder.layer.10.attention.self.value.weight: Non-trainable parameter, count 589824 with torch.Size([768, 768])
09/16 08:34:15 AM: 	sent_encoder._text_field_embedder.model.encoder.layer.10.attention.self.value.bias: Non-trainable parameter, count 768 with torch.Size([768])
09/16 08:34:15 AM: 	sent_encoder._text_field_embedder.model.encoder.layer.10.attention.output.dense.weight: Non-trainable parameter, count 589824 with torch.Size([768, 768])
09/16 08:34:15 AM: 	sent_encoder._text_field_embedder.model.encoder.layer.10.attention.output.dense.bias: Non-trainable parameter, count 768 with torch.Size([768])
09/16 08:34:15 AM: 	sent_encoder._text_field_embedder.model.encoder.layer.10.attention.output.LayerNorm.weight: Non-trainable parameter, count 768 with torch.Size([768])
09/16 08:34:15 AM: 	sent_encoder._text_field_embedder.model.encoder.layer.10.attention.output.LayerNorm.bias: Non-trainable parameter, count 768 with torch.Size([768])
09/16 08:34:15 AM: 	sent_encoder._text_field_embedder.model.encoder.layer.10.intermediate.dense.weight: Non-trainable parameter, count 2359296 with torch.Size([3072, 768])
09/16 08:34:15 AM: 	sent_encoder._text_field_embedder.model.encoder.layer.10.intermediate.dense.bias: Non-trainable parameter, count 3072 with torch.Size([3072])
09/16 08:34:15 AM: 	sent_encoder._text_field_embedder.model.encoder.layer.10.output.dense.weight: Non-trainable parameter, count 2359296 with torch.Size([768, 3072])
09/16 08:34:15 AM: 	sent_encoder._text_field_embedder.model.encoder.layer.10.output.dense.bias: Non-trainable parameter, count 768 with torch.Size([768])
09/16 08:34:15 AM: 	sent_encoder._text_field_embedder.model.encoder.layer.10.output.LayerNorm.weight: Non-trainable parameter, count 768 with torch.Size([768])
09/16 08:34:15 AM: 	sent_encoder._text_field_embedder.model.encoder.layer.10.output.LayerNorm.bias: Non-trainable parameter, count 768 with torch.Size([768])
09/16 08:34:15 AM: 	sent_encoder._text_field_embedder.model.encoder.layer.11.attention.self.query.weight: Non-trainable parameter, count 589824 with torch.Size([768, 768])
09/16 08:34:15 AM: 	sent_encoder._text_field_embedder.model.encoder.layer.11.attention.self.query.bias: Non-trainable parameter, count 768 with torch.Size([768])
09/16 08:34:15 AM: 	sent_encoder._text_field_embedder.model.encoder.layer.11.attention.self.key.weight: Non-trainable parameter, count 589824 with torch.Size([768, 768])
09/16 08:34:15 AM: 	sent_encoder._text_field_embedder.model.encoder.layer.11.attention.self.key.bias: Non-trainable parameter, count 768 with torch.Size([768])
09/16 08:34:15 AM: 	sent_encoder._text_field_embedder.model.encoder.layer.11.attention.self.value.weight: Non-trainable parameter, count 589824 with torch.Size([768, 768])
09/16 08:34:15 AM: 	sent_encoder._text_field_embedder.model.encoder.layer.11.attention.self.value.bias: Non-trainable parameter, count 768 with torch.Size([768])
09/16 08:34:15 AM: 	sent_encoder._text_field_embedder.model.encoder.layer.11.attention.output.dense.weight: Non-trainable parameter, count 589824 with torch.Size([768, 768])
09/16 08:34:15 AM: 	sent_encoder._text_field_embedder.model.encoder.layer.11.attention.output.dense.bias: Non-trainable parameter, count 768 with torch.Size([768])
09/16 08:34:15 AM: 	sent_encoder._text_field_embedder.model.encoder.layer.11.attention.output.LayerNorm.weight: Non-trainable parameter, count 768 with torch.Size([768])
09/16 08:34:15 AM: 	sent_encoder._text_field_embedder.model.encoder.layer.11.attention.output.LayerNorm.bias: Non-trainable parameter, count 768 with torch.Size([768])
09/16 08:34:15 AM: 	sent_encoder._text_field_embedder.model.encoder.layer.11.intermediate.dense.weight: Non-trainable parameter, count 2359296 with torch.Size([3072, 768])
09/16 08:34:15 AM: 	sent_encoder._text_field_embedder.model.encoder.layer.11.intermediate.dense.bias: Non-trainable parameter, count 3072 with torch.Size([3072])
09/16 08:34:15 AM: 	sent_encoder._text_field_embedder.model.encoder.layer.11.output.dense.weight: Non-trainable parameter, count 2359296 with torch.Size([768, 3072])
09/16 08:34:15 AM: 	sent_encoder._text_field_embedder.model.encoder.layer.11.output.dense.bias: Non-trainable parameter, count 768 with torch.Size([768])
09/16 08:34:15 AM: 	sent_encoder._text_field_embedder.model.encoder.layer.11.output.LayerNorm.weight: Non-trainable parameter, count 768 with torch.Size([768])
09/16 08:34:15 AM: 	sent_encoder._text_field_embedder.model.encoder.layer.11.output.LayerNorm.bias: Non-trainable parameter, count 768 with torch.Size([768])
09/16 08:34:15 AM: 	sent_encoder._text_field_embedder.model.pooler.dense.weight: Non-trainable parameter, count 589824 with torch.Size([768, 768])
09/16 08:34:15 AM: 	sent_encoder._text_field_embedder.model.pooler.dense.bias: Non-trainable parameter, count 768 with torch.Size([768])
09/16 08:34:15 AM: 	edges-spr2_mdl.proj1.weight: Trainable parameter, count 196608 with torch.Size([256, 768, 1])
09/16 08:34:15 AM: 	edges-spr2_mdl.proj1.bias: Trainable parameter, count 256 with torch.Size([256])
09/16 08:34:15 AM: 	edges-spr2_mdl.proj2.weight: Trainable parameter, count 196608 with torch.Size([256, 768, 1])
09/16 08:34:15 AM: 	edges-spr2_mdl.proj2.bias: Trainable parameter, count 256 with torch.Size([256])
09/16 08:34:15 AM: 	edges-spr2_mdl.classifier.classifier.0.weight: Trainable parameter, count 262144 with torch.Size([256, 1024])
09/16 08:34:15 AM: 	edges-spr2_mdl.classifier.classifier.0.bias: Trainable parameter, count 256 with torch.Size([256])
09/16 08:34:15 AM: 	edges-spr2_mdl.classifier.classifier.2.weight: Trainable parameter, count 256 with torch.Size([256])
09/16 08:34:15 AM: 	edges-spr2_mdl.classifier.classifier.2.bias: Trainable parameter, count 256 with torch.Size([256])
09/16 08:34:15 AM: 	edges-spr2_mdl.classifier.classifier.4.weight: Trainable parameter, count 5120 with torch.Size([20, 256])
09/16 08:34:15 AM: 	edges-spr2_mdl.classifier.classifier.4.bias: Trainable parameter, count 20 with torch.Size([20])
09/16 08:34:15 AM: Total number of parameters: 110144020 (1.10144e+08)
09/16 08:34:15 AM: Number of trainable parameters: 661780 (661780)
09/16 08:34:15 AM: Finished building model in 19.362s
09/16 08:34:15 AM: Will run the following steps for this experiment:
Re-training model for individual target tasks 
Evaluating model on tasks: edges-spr2 

09/16 08:34:15 AM: patience = 9
09/16 08:34:15 AM: val_interval = 100
09/16 08:34:15 AM: max_vals = 100
09/16 08:34:15 AM: cuda_device = 0
09/16 08:34:15 AM: grad_norm = 5.0
09/16 08:34:15 AM: grad_clipping = None
09/16 08:34:15 AM: lr_decay = 0.99
09/16 08:34:15 AM: min_lr = 1e-06
09/16 08:34:15 AM: keep_all_checkpoints = 0
09/16 08:34:15 AM: val_data_limit = 5000
09/16 08:34:15 AM: max_epochs = -1
09/16 08:34:15 AM: dec_val_scale = 250
09/16 08:34:15 AM: training_data_fraction = 1
09/16 08:34:15 AM: type = adam
09/16 08:34:15 AM: parameter_groups = None
09/16 08:34:15 AM: Number of trainable parameters: 661780
09/16 08:34:15 AM: infer_type_and_cast = True
09/16 08:34:15 AM: Converting Params object to dict; logging of default values will not occur when dictionary parameters are used subsequently.
09/16 08:34:15 AM: CURRENTLY DEFINED PARAMETERS: 
09/16 08:34:15 AM: lr = 0.0001
09/16 08:34:15 AM: amsgrad = True
09/16 08:34:15 AM: type = reduce_on_plateau
09/16 08:34:15 AM: Converting Params object to dict; logging of default values will not occur when dictionary parameters are used subsequently.
09/16 08:34:15 AM: CURRENTLY DEFINED PARAMETERS: 
09/16 08:34:15 AM: mode = max
09/16 08:34:15 AM: factor = 0.5
09/16 08:34:15 AM: patience = 3
09/16 08:34:15 AM: threshold = 0.0001
09/16 08:34:15 AM: threshold_mode = abs
09/16 08:34:15 AM: verbose = True
09/16 08:34:15 AM: type = adam
09/16 08:34:15 AM: parameter_groups = None
09/16 08:34:15 AM: Number of trainable parameters: 661780
09/16 08:34:15 AM: infer_type_and_cast = True
09/16 08:34:15 AM: Converting Params object to dict; logging of default values will not occur when dictionary parameters are used subsequently.
09/16 08:34:15 AM: CURRENTLY DEFINED PARAMETERS: 
09/16 08:34:15 AM: lr = 0.0001
09/16 08:34:15 AM: amsgrad = True
09/16 08:34:15 AM: type = reduce_on_plateau
09/16 08:34:15 AM: Converting Params object to dict; logging of default values will not occur when dictionary parameters are used subsequently.
09/16 08:34:15 AM: CURRENTLY DEFINED PARAMETERS: 
09/16 08:34:15 AM: mode = max
09/16 08:34:15 AM: factor = 0.5
09/16 08:34:15 AM: patience = 3
09/16 08:34:15 AM: threshold = 0.0001
09/16 08:34:15 AM: threshold_mode = abs
09/16 08:34:15 AM: verbose = True
09/16 08:34:15 AM: Starting training without restoring from a checkpoint.
09/16 08:34:15 AM: Training examples per task, before any subsampling: {'edges-spr2': 2226}
09/16 08:34:15 AM: Beginning training with stopping criteria based on metric: edges-spr2_f1
09/16 08:34:20 AM: ***** Step 100 / Validation 1 *****
09/16 08:34:20 AM: edges-spr2: trained on 100 batches, 1.429 epochs
09/16 08:34:20 AM: Validating...
09/16 08:34:21 AM: Best result seen so far for edges-spr2.
09/16 08:34:21 AM: Best result seen so far for micro.
09/16 08:34:21 AM: Best result seen so far for macro.
09/16 08:34:21 AM: Updating LR scheduler:
09/16 08:34:21 AM: 	Best result seen so far for macro_avg: 0.786
09/16 08:34:21 AM: 	# validation passes without improvement: 0
09/16 08:34:21 AM: edges-spr2_loss: training: 0.390311 validation: 0.352551
09/16 08:34:21 AM: macro_avg: validation: 0.786466
09/16 08:34:21 AM: micro_avg: validation: 0.000000
09/16 08:34:21 AM: edges-spr2_mcc: training: 0.603341 validation: 0.675192
09/16 08:34:21 AM: edges-spr2_acc: training: 0.044974 validation: 0.074603
09/16 08:34:21 AM: edges-spr2_precision: training: 0.764695 validation: 0.840590
09/16 08:34:21 AM: edges-spr2_recall: training: 0.725037 validation: 0.738890
09/16 08:34:21 AM: edges-spr2_f1: training: 0.744338 validation: 0.786466
09/16 08:34:21 AM: Global learning rate: 0.0001
09/16 08:34:21 AM: Saving checkpoints to: ./experiments/spr2-mnli-only/run
09/16 08:34:25 AM: Update 198: task edges-spr2, batch 98 (198): mcc: 0.6804, acc: 0.0592, precision: 0.8231, recall: 0.7631, f1: 0.7920, edges-spr2_loss: 0.3200
09/16 08:34:26 AM: ***** Step 200 / Validation 2 *****
09/16 08:34:26 AM: edges-spr2: trained on 100 batches, 1.429 epochs
09/16 08:34:26 AM: Validating...
09/16 08:34:26 AM: Best result seen so far for edges-spr2.
09/16 08:34:26 AM: Best result seen so far for macro.
09/16 08:34:26 AM: Updating LR scheduler:
09/16 08:34:26 AM: 	Best result seen so far for macro_avg: 0.797
09/16 08:34:26 AM: 	# validation passes without improvement: 0
09/16 08:34:26 AM: edges-spr2_loss: training: 0.320146 validation: 0.340268
09/16 08:34:26 AM: macro_avg: validation: 0.797016
09/16 08:34:26 AM: micro_avg: validation: 0.000000
09/16 08:34:26 AM: edges-spr2_mcc: training: 0.680373 validation: 0.686862
09/16 08:34:26 AM: edges-spr2_acc: training: 0.058899 validation: 0.076190
09/16 08:34:26 AM: edges-spr2_precision: training: 0.823250 validation: 0.836606
09/16 08:34:26 AM: edges-spr2_recall: training: 0.762821 validation: 0.761004
09/16 08:34:26 AM: edges-spr2_f1: training: 0.791884 validation: 0.797016
09/16 08:34:26 AM: Global learning rate: 0.0001
09/16 08:34:26 AM: Saving checkpoints to: ./experiments/spr2-mnli-only/run
09/16 08:34:31 AM: ***** Step 300 / Validation 3 *****
09/16 08:34:31 AM: edges-spr2: trained on 100 batches, 1.429 epochs
09/16 08:34:31 AM: Validating...
09/16 08:34:32 AM: Updating LR scheduler:
09/16 08:34:32 AM: 	Best result seen so far for macro_avg: 0.797
09/16 08:34:32 AM: 	# validation passes without improvement: 1
09/16 08:34:32 AM: edges-spr2_loss: training: 0.303961 validation: 0.336194
09/16 08:34:32 AM: macro_avg: validation: 0.795696
09/16 08:34:32 AM: micro_avg: validation: 0.000000
09/16 08:34:32 AM: edges-spr2_mcc: training: 0.695949 validation: 0.686613
09/16 08:34:32 AM: edges-spr2_acc: training: 0.069517 validation: 0.082540
09/16 08:34:32 AM: edges-spr2_precision: training: 0.830555 validation: 0.841232
09/16 08:34:32 AM: edges-spr2_recall: training: 0.776762 validation: 0.754837
09/16 08:34:32 AM: edges-spr2_f1: training: 0.802758 validation: 0.795696
09/16 08:34:32 AM: Global learning rate: 0.0001
09/16 08:34:32 AM: Saving checkpoints to: ./experiments/spr2-mnli-only/run
09/16 08:34:35 AM: Update 391: task edges-spr2, batch 91 (391): mcc: 0.7074, acc: 0.0748, precision: 0.8334, recall: 0.7897, f1: 0.8110, edges-spr2_loss: 0.2924
09/16 08:34:36 AM: ***** Step 400 / Validation 4 *****
09/16 08:34:36 AM: edges-spr2: trained on 100 batches, 1.429 epochs
09/16 08:34:36 AM: Validating...
09/16 08:34:36 AM: Best result seen so far for edges-spr2.
09/16 08:34:36 AM: Best result seen so far for macro.
09/16 08:34:36 AM: Updating LR scheduler:
09/16 08:34:36 AM: 	Best result seen so far for macro_avg: 0.799
09/16 08:34:36 AM: 	# validation passes without improvement: 0
09/16 08:34:36 AM: edges-spr2_loss: training: 0.291698 validation: 0.337950
09/16 08:34:36 AM: macro_avg: validation: 0.798835
09/16 08:34:36 AM: micro_avg: validation: 0.000000
09/16 08:34:36 AM: edges-spr2_mcc: training: 0.709060 validation: 0.691324
09/16 08:34:36 AM: edges-spr2_acc: training: 0.075424 validation: 0.069841
09/16 08:34:36 AM: edges-spr2_precision: training: 0.834558 validation: 0.844024
09/16 08:34:36 AM: edges-spr2_recall: training: 0.790650 validation: 0.758239
09/16 08:34:36 AM: edges-spr2_f1: training: 0.812011 validation: 0.798835
09/16 08:34:36 AM: Global learning rate: 0.0001
09/16 08:34:36 AM: Saving checkpoints to: ./experiments/spr2-mnli-only/run
09/16 08:34:43 AM: ***** Step 500 / Validation 5 *****
09/16 08:34:43 AM: edges-spr2: trained on 100 batches, 1.429 epochs
09/16 08:34:43 AM: Validating...
09/16 08:34:43 AM: Best result seen so far for edges-spr2.
09/16 08:34:43 AM: Best result seen so far for macro.
09/16 08:34:43 AM: Updating LR scheduler:
09/16 08:34:43 AM: 	Best result seen so far for macro_avg: 0.801
09/16 08:34:43 AM: 	# validation passes without improvement: 0
09/16 08:34:43 AM: edges-spr2_loss: training: 0.283616 validation: 0.336855
09/16 08:34:43 AM: macro_avg: validation: 0.801324
09/16 08:34:43 AM: micro_avg: validation: 0.000000
09/16 08:34:43 AM: edges-spr2_mcc: training: 0.716488 validation: 0.691142
09/16 08:34:43 AM: edges-spr2_acc: training: 0.083487 validation: 0.065079
09/16 08:34:43 AM: edges-spr2_precision: training: 0.837524 validation: 0.832646
09/16 08:34:43 AM: edges-spr2_recall: training: 0.798348 validation: 0.772273
09/16 08:34:43 AM: edges-spr2_f1: training: 0.817467 validation: 0.801324
09/16 08:34:43 AM: Global learning rate: 0.0001
09/16 08:34:43 AM: Saving checkpoints to: ./experiments/spr2-mnli-only/run
09/16 08:34:45 AM: Update 569: task edges-spr2, batch 69 (569): mcc: 0.7212, acc: 0.0836, precision: 0.8401, recall: 0.8022, f1: 0.8207, edges-spr2_loss: 0.2790
09/16 08:34:47 AM: ***** Step 600 / Validation 6 *****
09/16 08:34:47 AM: edges-spr2: trained on 100 batches, 1.429 epochs
09/16 08:34:47 AM: Validating...
09/16 08:34:47 AM: Best result seen so far for edges-spr2.
09/16 08:34:47 AM: Best result seen so far for macro.
09/16 08:34:47 AM: Updating LR scheduler:
09/16 08:34:47 AM: 	Best result seen so far for macro_avg: 0.802
09/16 08:34:47 AM: 	# validation passes without improvement: 0
09/16 08:34:47 AM: edges-spr2_loss: training: 0.276865 validation: 0.338408
09/16 08:34:47 AM: macro_avg: validation: 0.802060
09/16 08:34:47 AM: micro_avg: validation: 0.000000
09/16 08:34:47 AM: edges-spr2_mcc: training: 0.725219 validation: 0.690697
09/16 08:34:47 AM: edges-spr2_acc: training: 0.090166 validation: 0.068254
09/16 08:34:47 AM: edges-spr2_precision: training: 0.841540 validation: 0.827641
09/16 08:34:47 AM: edges-spr2_recall: training: 0.805496 validation: 0.778014
09/16 08:34:47 AM: edges-spr2_f1: training: 0.823124 validation: 0.802060
09/16 08:34:47 AM: Global learning rate: 0.0001
09/16 08:34:47 AM: Saving checkpoints to: ./experiments/spr2-mnli-only/run
09/16 08:34:51 AM: ***** Step 700 / Validation 7 *****
09/16 08:34:51 AM: edges-spr2: trained on 100 batches, 1.429 epochs
09/16 08:34:51 AM: Validating...
09/16 08:34:52 AM: Updating LR scheduler:
09/16 08:34:52 AM: 	Best result seen so far for macro_avg: 0.802
09/16 08:34:52 AM: 	# validation passes without improvement: 1
09/16 08:34:52 AM: edges-spr2_loss: training: 0.269775 validation: 0.342200
09/16 08:34:52 AM: macro_avg: validation: 0.800439
09/16 08:34:52 AM: micro_avg: validation: 0.000000
09/16 08:34:52 AM: edges-spr2_mcc: training: 0.732922 validation: 0.688662
09/16 08:34:52 AM: edges-spr2_acc: training: 0.085345 validation: 0.074603
09/16 08:34:52 AM: edges-spr2_precision: training: 0.844302 validation: 0.827806
09/16 08:34:52 AM: edges-spr2_recall: training: 0.813557 validation: 0.774825
09/16 08:34:52 AM: edges-spr2_f1: training: 0.828644 validation: 0.800439
09/16 08:34:52 AM: Global learning rate: 0.0001
09/16 08:34:52 AM: Saving checkpoints to: ./experiments/spr2-mnli-only/run
09/16 08:34:55 AM: Update 786: task edges-spr2, batch 86 (786): mcc: 0.7372, acc: 0.0943, precision: 0.8468, recall: 0.8163, f1: 0.8313, edges-spr2_loss: 0.2660
09/16 08:34:56 AM: ***** Step 800 / Validation 8 *****
09/16 08:34:56 AM: edges-spr2: trained on 100 batches, 1.429 epochs
09/16 08:34:56 AM: Validating...
09/16 08:34:56 AM: Updating LR scheduler:
09/16 08:34:56 AM: 	Best result seen so far for macro_avg: 0.802
09/16 08:34:56 AM: 	# validation passes without improvement: 2
09/16 08:34:56 AM: edges-spr2_loss: training: 0.264529 validation: 0.343729
09/16 08:34:56 AM: macro_avg: validation: 0.798762
09/16 08:34:56 AM: micro_avg: validation: 0.000000
09/16 08:34:56 AM: edges-spr2_mcc: training: 0.738919 validation: 0.687589
09/16 08:34:56 AM: edges-spr2_acc: training: 0.095394 validation: 0.065079
09/16 08:34:56 AM: edges-spr2_precision: training: 0.848261 validation: 0.831569
09/16 08:34:56 AM: edges-spr2_recall: training: 0.817040 validation: 0.768446
09/16 08:34:56 AM: edges-spr2_f1: training: 0.832358 validation: 0.798762
09/16 08:34:56 AM: Global learning rate: 0.0001
09/16 08:34:56 AM: Saving checkpoints to: ./experiments/spr2-mnli-only/run
09/16 08:35:01 AM: ***** Step 900 / Validation 9 *****
09/16 08:35:01 AM: edges-spr2: trained on 100 batches, 1.429 epochs
09/16 08:35:01 AM: Validating...
09/16 08:35:01 AM: Updating LR scheduler:
09/16 08:35:01 AM: 	Best result seen so far for macro_avg: 0.802
09/16 08:35:01 AM: 	# validation passes without improvement: 3
09/16 08:35:01 AM: edges-spr2_loss: training: 0.260820 validation: 0.348292
09/16 08:35:01 AM: macro_avg: validation: 0.797581
09/16 08:35:01 AM: micro_avg: validation: 0.000000
09/16 08:35:01 AM: edges-spr2_mcc: training: 0.739851 validation: 0.684457
09/16 08:35:01 AM: edges-spr2_acc: training: 0.095102 validation: 0.063492
09/16 08:35:01 AM: edges-spr2_precision: training: 0.848791 validation: 0.825820
09/16 08:35:01 AM: edges-spr2_recall: training: 0.817172 validation: 0.771210
09/16 08:35:01 AM: edges-spr2_f1: training: 0.832681 validation: 0.797581
09/16 08:35:01 AM: Global learning rate: 0.0001
09/16 08:35:01 AM: Saving checkpoints to: ./experiments/spr2-mnli-only/run
09/16 08:35:05 AM: ***** Step 1000 / Validation 10 *****
09/16 08:35:05 AM: edges-spr2: trained on 100 batches, 1.429 epochs
09/16 08:35:05 AM: Validating...
09/16 08:35:06 AM: Evaluate: task edges-spr2, batch 6 (10): mcc: 0.6838, acc: 0.0651, precision: 0.8339, recall: 0.7698, f1: 0.8006, edges-spr2_loss: 0.3195
09/16 08:35:06 AM: Updating LR scheduler:
09/16 08:35:06 AM: 	Best result seen so far for macro_avg: 0.802
09/16 08:35:06 AM: 	# validation passes without improvement: 0
09/16 08:35:06 AM: edges-spr2_loss: training: 0.258540 validation: 0.349553
09/16 08:35:06 AM: macro_avg: validation: 0.792114
09/16 08:35:06 AM: micro_avg: validation: 0.000000
09/16 08:35:06 AM: edges-spr2_mcc: training: 0.743802 validation: 0.677791
09/16 08:35:06 AM: edges-spr2_acc: training: 0.106717 validation: 0.069841
09/16 08:35:06 AM: edges-spr2_precision: training: 0.851713 validation: 0.826630
09/16 08:35:06 AM: edges-spr2_recall: training: 0.820884 validation: 0.760366
09/16 08:35:06 AM: edges-spr2_f1: training: 0.836014 validation: 0.792114
09/16 08:35:06 AM: Global learning rate: 5e-05
09/16 08:35:06 AM: Saving checkpoints to: ./experiments/spr2-mnli-only/run
09/16 08:35:09 AM: ***** Step 1100 / Validation 11 *****
09/16 08:35:09 AM: edges-spr2: trained on 100 batches, 1.429 epochs
09/16 08:35:09 AM: Validating...
09/16 08:35:09 AM: Updating LR scheduler:
09/16 08:35:09 AM: 	Best result seen so far for macro_avg: 0.802
09/16 08:35:09 AM: 	# validation passes without improvement: 1
09/16 08:35:09 AM: edges-spr2_loss: training: 0.250393 validation: 0.349516
09/16 08:35:09 AM: macro_avg: validation: 0.797328
09/16 08:35:09 AM: micro_avg: validation: 0.000000
09/16 08:35:09 AM: edges-spr2_mcc: training: 0.753650 validation: 0.683035
09/16 08:35:09 AM: edges-spr2_acc: training: 0.106946 validation: 0.063492
09/16 08:35:09 AM: edges-spr2_precision: training: 0.855638 validation: 0.821896
09/16 08:35:09 AM: edges-spr2_recall: training: 0.828606 validation: 0.774187
09/16 08:35:09 AM: edges-spr2_f1: training: 0.841905 validation: 0.797328
09/16 08:35:09 AM: Global learning rate: 5e-05
09/16 08:35:09 AM: Saving checkpoints to: ./experiments/spr2-mnli-only/run
09/16 08:35:14 AM: ***** Step 1200 / Validation 12 *****
09/16 08:35:14 AM: edges-spr2: trained on 100 batches, 1.429 epochs
09/16 08:35:14 AM: Validating...
09/16 08:35:15 AM: Updating LR scheduler:
09/16 08:35:15 AM: 	Best result seen so far for macro_avg: 0.802
09/16 08:35:15 AM: 	# validation passes without improvement: 2
09/16 08:35:15 AM: edges-spr2_loss: training: 0.250600 validation: 0.350533
09/16 08:35:15 AM: macro_avg: validation: 0.798005
09/16 08:35:15 AM: micro_avg: validation: 0.000000
09/16 08:35:15 AM: edges-spr2_mcc: training: 0.754152 validation: 0.681806
09/16 08:35:15 AM: edges-spr2_acc: training: 0.113360 validation: 0.063492
09/16 08:35:15 AM: edges-spr2_precision: training: 0.856703 validation: 0.814159
09/16 08:35:15 AM: edges-spr2_recall: training: 0.828581 validation: 0.782479
09/16 08:35:15 AM: edges-spr2_f1: training: 0.842408 validation: 0.798005
09/16 08:35:15 AM: Global learning rate: 5e-05
09/16 08:35:15 AM: Saving checkpoints to: ./experiments/spr2-mnli-only/run
09/16 08:35:16 AM: Update 1219: task edges-spr2, batch 19 (1219): mcc: 0.7568, acc: 0.1277, precision: 0.8595, recall: 0.8292, f1: 0.8441, edges-spr2_loss: 0.2463
09/16 08:35:20 AM: ***** Step 1300 / Validation 13 *****
09/16 08:35:20 AM: edges-spr2: trained on 100 batches, 1.429 epochs
09/16 08:35:20 AM: Validating...
09/16 08:35:20 AM: Updating LR scheduler:
09/16 08:35:20 AM: 	Best result seen so far for macro_avg: 0.802
09/16 08:35:20 AM: 	# validation passes without improvement: 3
09/16 08:35:20 AM: edges-spr2_loss: training: 0.247193 validation: 0.354907
09/16 08:35:20 AM: macro_avg: validation: 0.793341
09/16 08:35:20 AM: micro_avg: validation: 0.000000
09/16 08:35:20 AM: edges-spr2_mcc: training: 0.758307 validation: 0.676832
09/16 08:35:20 AM: edges-spr2_acc: training: 0.114986 validation: 0.055556
09/16 08:35:20 AM: edges-spr2_precision: training: 0.859705 validation: 0.817977
09/16 08:35:20 AM: edges-spr2_recall: training: 0.830291 validation: 0.770147
09/16 08:35:20 AM: edges-spr2_f1: training: 0.844742 validation: 0.793341
09/16 08:35:20 AM: Global learning rate: 5e-05
09/16 08:35:20 AM: Saving checkpoints to: ./experiments/spr2-mnli-only/run
09/16 08:35:24 AM: ***** Step 1400 / Validation 14 *****
09/16 08:35:24 AM: edges-spr2: trained on 100 batches, 1.429 epochs
09/16 08:35:24 AM: Validating...
09/16 08:35:25 AM: Updating LR scheduler:
09/16 08:35:25 AM: 	Best result seen so far for macro_avg: 0.802
09/16 08:35:25 AM: 	# validation passes without improvement: 0
09/16 08:35:25 AM: edges-spr2_loss: training: 0.245658 validation: 0.354721
09/16 08:35:25 AM: macro_avg: validation: 0.793717
09/16 08:35:25 AM: micro_avg: validation: 0.000000
09/16 08:35:25 AM: edges-spr2_mcc: training: 0.759076 validation: 0.678157
09/16 08:35:25 AM: edges-spr2_acc: training: 0.118841 validation: 0.050794
09/16 08:35:25 AM: edges-spr2_precision: training: 0.859539 validation: 0.820950
09/16 08:35:25 AM: edges-spr2_recall: training: 0.832400 validation: 0.768233
09/16 08:35:25 AM: edges-spr2_f1: training: 0.845752 validation: 0.793717
09/16 08:35:25 AM: Global learning rate: 2.5e-05
09/16 08:35:25 AM: Saving checkpoints to: ./experiments/spr2-mnli-only/run
09/16 08:35:26 AM: Update 1415: task edges-spr2, batch 15 (1415): mcc: 0.7629, acc: 0.1234, precision: 0.8650, recall: 0.8314, f1: 0.8479, edges-spr2_loss: 0.2445
09/16 08:35:30 AM: ***** Step 1500 / Validation 15 *****
09/16 08:35:30 AM: edges-spr2: trained on 100 batches, 1.429 epochs
09/16 08:35:30 AM: Validating...
09/16 08:35:30 AM: Updating LR scheduler:
09/16 08:35:30 AM: 	Best result seen so far for macro_avg: 0.802
09/16 08:35:30 AM: 	# validation passes without improvement: 1
09/16 08:35:30 AM: edges-spr2_loss: training: 0.242827 validation: 0.355143
09/16 08:35:30 AM: macro_avg: validation: 0.798178
09/16 08:35:30 AM: micro_avg: validation: 0.000000
09/16 08:35:30 AM: edges-spr2_mcc: training: 0.760571 validation: 0.682128
09/16 08:35:30 AM: edges-spr2_acc: training: 0.120162 validation: 0.055556
09/16 08:35:30 AM: edges-spr2_precision: training: 0.861821 validation: 0.814520
09/16 08:35:30 AM: edges-spr2_recall: training: 0.831853 validation: 0.782479
09/16 08:35:30 AM: edges-spr2_f1: training: 0.846572 validation: 0.798178
09/16 08:35:30 AM: Global learning rate: 2.5e-05
09/16 08:35:30 AM: Saving checkpoints to: ./experiments/spr2-mnli-only/run
09/16 08:35:34 AM: ***** Step 1600 / Validation 16 *****
09/16 08:35:34 AM: edges-spr2: trained on 100 batches, 1.429 epochs
09/16 08:35:34 AM: Validating...
09/16 08:35:34 AM: Updating LR scheduler:
09/16 08:35:34 AM: 	Best result seen so far for macro_avg: 0.802
09/16 08:35:34 AM: 	# validation passes without improvement: 2
09/16 08:35:34 AM: Ran out of early stopping patience. Stopping training.
09/16 08:35:34 AM: edges-spr2_loss: training: 0.243685 validation: 0.355457
09/16 08:35:34 AM: macro_avg: validation: 0.795958
09/16 08:35:34 AM: micro_avg: validation: 0.000000
09/16 08:35:34 AM: edges-spr2_mcc: training: 0.761952 validation: 0.679049
09/16 08:35:34 AM: edges-spr2_acc: training: 0.122481 validation: 0.053968
09/16 08:35:34 AM: edges-spr2_precision: training: 0.861051 validation: 0.813819
09/16 08:35:34 AM: edges-spr2_recall: training: 0.833892 validation: 0.778865
09/16 08:35:34 AM: edges-spr2_f1: training: 0.847254 validation: 0.795958
09/16 08:35:34 AM: Global learning rate: 2.5e-05
09/16 08:35:34 AM: Saving checkpoints to: ./experiments/spr2-mnli-only/run
09/16 08:35:34 AM: Stopped training after 16 validation checks
09/16 08:35:34 AM: Trained edges-spr2 for 1600 batches or 22.857 epochs
09/16 08:35:34 AM: ***** VALIDATION RESULTS *****
09/16 08:35:34 AM: edges-spr2_f1 (for best val pass 6): edges-spr2_loss: 0.33841, macro_avg: 0.80206, micro_avg: 0.00000, edges-spr2_mcc: 0.69070, edges-spr2_acc: 0.06825, edges-spr2_precision: 0.82764, edges-spr2_recall: 0.77801, edges-spr2_f1: 0.80206
09/16 08:35:34 AM: micro_avg (for best val pass 1): edges-spr2_loss: 0.35255, macro_avg: 0.78647, micro_avg: 0.00000, edges-spr2_mcc: 0.67519, edges-spr2_acc: 0.07460, edges-spr2_precision: 0.84059, edges-spr2_recall: 0.73889, edges-spr2_f1: 0.78647
09/16 08:35:34 AM: macro_avg (for best val pass 6): edges-spr2_loss: 0.33841, macro_avg: 0.80206, micro_avg: 0.00000, edges-spr2_mcc: 0.69070, edges-spr2_acc: 0.06825, edges-spr2_precision: 0.82764, edges-spr2_recall: 0.77801, edges-spr2_f1: 0.80206
09/16 08:35:34 AM: Evaluating...
09/16 08:35:34 AM: Loaded model state from ./experiments/spr2-mnli-only/run/edges-spr2/model_state_target_train_val_6.best.th
09/16 08:35:34 AM: Evaluating on: edges-spr2, split: val
09/16 08:35:35 AM: Task 'edges-spr2': sorting predictions by 'idx'
09/16 08:35:35 AM: Finished evaluating on: edges-spr2
09/16 08:35:35 AM: Task 'edges-spr2': joining predictions with input split 'val'
09/16 08:35:35 AM: Task 'edges-spr2': Wrote predictions to ./experiments/spr2-mnli-only/run
09/16 08:35:35 AM: Wrote all preds for split 'val' to ./experiments/spr2-mnli-only/run
09/16 08:35:35 AM: Evaluating on: edges-spr2, split: test
09/16 08:35:35 AM: Task 'edges-spr2': sorting predictions by 'idx'
09/16 08:35:35 AM: Finished evaluating on: edges-spr2
09/16 08:35:35 AM: Task 'edges-spr2': joining predictions with input split 'test'
09/16 08:35:35 AM: Task 'edges-spr2': Wrote predictions to ./experiments/spr2-mnli-only/run
09/16 08:35:35 AM: Wrote all preds for split 'test' to ./experiments/spr2-mnli-only/run
09/16 08:35:35 AM: Writing results for split 'val' to ./experiments/spr2-mnli-only/results.tsv
09/16 08:35:35 AM: micro_avg: 0.000, macro_avg: 0.802, edges-spr2_mcc: 0.691, edges-spr2_acc: 0.068, edges-spr2_precision: 0.828, edges-spr2_recall: 0.778, edges-spr2_f1: 0.802
09/16 08:35:35 AM: Done!
09/16 08:35:35 AM: Fatal error in main():
Traceback (most recent call last):
  File "main.py", line 16, in <module>
    main(sys.argv[1:])
  File "/srv/home/ericwallace/jiant/jiant/__main__.py", line 610, in main
    exit("Done exited")
  File "/home/ericwallace/miniconda3/envs/jiant/lib/python3.6/_sitebuiltins.py", line 26, in __call__
    raise SystemExit(code)
SystemExit: Done exited
