09/16 08:24:42 AM: Git branch: master
09/16 08:24:42 AM: Git SHA: 1f47e9f0cf1d882ab41f98d47f94e0f8258db16b
09/16 08:24:42 AM: Parsed args: 
{
  "allow_missing_task_map": 1,
  "allow_untrained_encoder_parameters": 1,
  "do_pretrain": 0,
  "exp_dir": "./experiments/spr2-sts-only/",
  "exp_name": "experiments/spr2-sts-only",
  "input_module": "bert-base-uncased",
  "local_log_path": "./experiments/spr2-sts-only/run/log.log",
  "lr_patience": 3,
  "max_seq_len": 512,
  "output_mode": "top",
  "patience": 9,
  "pretrain_tasks": "",
  "pretrained_dir": "models/sts",
  "pytorch_transformers_output_mode": "only",
  "remote_log_name": "experiments/spr2-sts-only__run",
  "run_dir": "./experiments/spr2-sts-only/run",
  "run_name": "run",
  "sent_enc": "none",
  "sep_embs_for_skip": 1,
  "target_tasks": "edges-spr2",
  "tokenizer": "bert-base-uncased",
  "write_preds": "val,test"
}
09/16 08:24:42 AM: Saved config to ./experiments/spr2-sts-only/run/params.conf
09/16 08:24:42 AM: Using random seed 1234
09/16 08:24:44 AM: Using GPU 0
09/16 08:24:44 AM: Loading tasks...
09/16 08:24:44 AM: Writing pre-preprocessed tasks to ./experiments/spr2-sts-only/
09/16 08:24:44 AM: 	Creating task edges-spr2 from scratch.
09/16 08:24:44 AM: Read=2226, Skip=0, Total=2226 from ./probing_data/edges/spr2/edges.train.json.retokenized.bert-base-uncased
09/16 08:24:44 AM: Read=291, Skip=0, Total=291 from ./probing_data/edges/spr2/edges.dev.json.retokenized.bert-base-uncased
09/16 08:24:44 AM: Read=276, Skip=0, Total=276 from ./probing_data/edges/spr2/edges.test.json.retokenized.bert-base-uncased
09/16 08:24:44 AM: 	Task 'edges-spr2': |train|=2226 |val|=291 |test|=276
09/16 08:24:44 AM: 	Finished loading tasks: edges-spr2.
09/16 08:24:44 AM: 	Building vocab from scratch.
09/16 08:24:44 AM: 	Counting units for task edges-spr2.
09/16 08:24:44 AM: 	Task 'edges-spr2': adding vocab namespace 'edges-spr2_labels'
09/16 08:24:45 AM: loading file https://s3.amazonaws.com/models.huggingface.co/bert/bert-base-uncased-vocab.txt from cache at /home/ericwallace/.cache/torch/pytorch_transformers/26bc1ad6c0ac742e9b52263248f6d0f00068293b33709fae12320c0e35ccfbbb.542ce4285a40d23a559526243235df47c5f75c197f04f37d1a0c124c32c9a084
09/16 08:24:45 AM: Added pytorch_transformers vocab (bert-base-uncased): 30522 tokens
09/16 08:24:46 AM: 	Saved vocab to ./experiments/spr2-sts-only/vocab
09/16 08:24:46 AM: Loading token dictionary from ./experiments/spr2-sts-only/vocab.
09/16 08:24:46 AM: 	Loaded vocab from ./experiments/spr2-sts-only/vocab
09/16 08:24:46 AM: 	Vocab namespace tokens: size 7943
09/16 08:24:46 AM: 	Vocab namespace edges-spr2_labels: size 20
09/16 08:24:46 AM: 	Vocab namespace bert_uncased: size 30524
09/16 08:24:46 AM: 	Vocab namespace chars: size 65
09/16 08:24:46 AM: 	Finished building vocab.
09/16 08:24:46 AM: 	Task edges-spr2 (train): Indexing from scratch.
09/16 08:24:46 AM: 	Task edges-spr2 (train): Saved 2226 instances to ./experiments/spr2-sts-only/preproc/edges-spr2__train_data
09/16 08:24:46 AM: 	Task edges-spr2 (val): Indexing from scratch.
09/16 08:24:46 AM: 	Task edges-spr2 (val): Saved 291 instances to ./experiments/spr2-sts-only/preproc/edges-spr2__val_data
09/16 08:24:46 AM: 	Task edges-spr2 (test): Indexing from scratch.
09/16 08:24:46 AM: 	Task edges-spr2 (test): Saved 276 instances to ./experiments/spr2-sts-only/preproc/edges-spr2__test_data
09/16 08:24:46 AM: 	Finished indexing tasks
09/16 08:24:46 AM: 	Creating trimmed target-only version of edges-spr2 train.
09/16 08:24:46 AM: 	  Training on 
09/16 08:24:46 AM: 	  Evaluating on edges-spr2
09/16 08:24:46 AM: 	Finished loading tasks in 2.340s
09/16 08:24:46 AM: 	 Tasks: ['edges-spr2']
09/16 08:24:46 AM: Building model...
09/16 08:24:46 AM: Using BERT model (bert-base-uncased).
09/16 08:24:46 AM: LOADING A FUNETUNED MODEL from: 
09/16 08:24:46 AM: models/sts
09/16 08:24:46 AM: loading configuration file models/sts/config.json
09/16 08:24:46 AM: Model config {
  "attention_probs_dropout_prob": 0.1,
  "finetuning_task": "sts-b",
  "hidden_act": "gelu",
  "hidden_dropout_prob": 0.1,
  "hidden_size": 768,
  "initializer_range": 0.02,
  "intermediate_size": 3072,
  "layer_norm_eps": 1e-12,
  "max_position_embeddings": 512,
  "num_attention_heads": 12,
  "num_hidden_layers": 12,
  "num_labels": 1,
  "output_attentions": false,
  "output_hidden_states": true,
  "pruned_heads": {},
  "torchscript": false,
  "type_vocab_size": 2,
  "vocab_size": 30522
}

09/16 08:24:46 AM: loading weights file models/sts/pytorch_model.bin
09/16 08:24:56 AM: https://s3.amazonaws.com/models.huggingface.co/bert/bert-base-uncased-vocab.txt not found in cache or force_download set to True, downloading to /tmp/tmpcg1vz8mv
09/16 08:24:57 AM: copying /tmp/tmpcg1vz8mv to cache at ./experiments/spr2-sts-only/pytorch_transformers_cache/26bc1ad6c0ac742e9b52263248f6d0f00068293b33709fae12320c0e35ccfbbb.542ce4285a40d23a559526243235df47c5f75c197f04f37d1a0c124c32c9a084
09/16 08:24:57 AM: creating metadata file for ./experiments/spr2-sts-only/pytorch_transformers_cache/26bc1ad6c0ac742e9b52263248f6d0f00068293b33709fae12320c0e35ccfbbb.542ce4285a40d23a559526243235df47c5f75c197f04f37d1a0c124c32c9a084
09/16 08:24:57 AM: removing temp file /tmp/tmpcg1vz8mv
09/16 08:24:57 AM: loading file https://s3.amazonaws.com/models.huggingface.co/bert/bert-base-uncased-vocab.txt from cache at ./experiments/spr2-sts-only/pytorch_transformers_cache/26bc1ad6c0ac742e9b52263248f6d0f00068293b33709fae12320c0e35ccfbbb.542ce4285a40d23a559526243235df47c5f75c197f04f37d1a0c124c32c9a084
09/16 08:24:57 AM: Initializing parameters
09/16 08:24:57 AM: Done initializing parameters; the following parameters are using their default initialization from their code
09/16 08:24:57 AM:    _text_field_embedder.model.embeddings.LayerNorm.bias
09/16 08:24:57 AM:    _text_field_embedder.model.embeddings.LayerNorm.weight
09/16 08:24:57 AM:    _text_field_embedder.model.embeddings.position_embeddings.weight
09/16 08:24:57 AM:    _text_field_embedder.model.embeddings.token_type_embeddings.weight
09/16 08:24:57 AM:    _text_field_embedder.model.embeddings.word_embeddings.weight
09/16 08:24:57 AM:    _text_field_embedder.model.encoder.layer.0.attention.output.LayerNorm.bias
09/16 08:24:57 AM:    _text_field_embedder.model.encoder.layer.0.attention.output.LayerNorm.weight
09/16 08:24:57 AM:    _text_field_embedder.model.encoder.layer.0.attention.output.dense.bias
09/16 08:24:57 AM:    _text_field_embedder.model.encoder.layer.0.attention.output.dense.weight
09/16 08:24:57 AM:    _text_field_embedder.model.encoder.layer.0.attention.self.key.bias
09/16 08:24:57 AM:    _text_field_embedder.model.encoder.layer.0.attention.self.key.weight
09/16 08:24:57 AM:    _text_field_embedder.model.encoder.layer.0.attention.self.query.bias
09/16 08:24:57 AM:    _text_field_embedder.model.encoder.layer.0.attention.self.query.weight
09/16 08:24:57 AM:    _text_field_embedder.model.encoder.layer.0.attention.self.value.bias
09/16 08:24:57 AM:    _text_field_embedder.model.encoder.layer.0.attention.self.value.weight
09/16 08:24:57 AM:    _text_field_embedder.model.encoder.layer.0.intermediate.dense.bias
09/16 08:24:57 AM:    _text_field_embedder.model.encoder.layer.0.intermediate.dense.weight
09/16 08:24:57 AM:    _text_field_embedder.model.encoder.layer.0.output.LayerNorm.bias
09/16 08:24:57 AM:    _text_field_embedder.model.encoder.layer.0.output.LayerNorm.weight
09/16 08:24:57 AM:    _text_field_embedder.model.encoder.layer.0.output.dense.bias
09/16 08:24:57 AM:    _text_field_embedder.model.encoder.layer.0.output.dense.weight
09/16 08:24:57 AM:    _text_field_embedder.model.encoder.layer.1.attention.output.LayerNorm.bias
09/16 08:24:57 AM:    _text_field_embedder.model.encoder.layer.1.attention.output.LayerNorm.weight
09/16 08:24:57 AM:    _text_field_embedder.model.encoder.layer.1.attention.output.dense.bias
09/16 08:24:57 AM:    _text_field_embedder.model.encoder.layer.1.attention.output.dense.weight
09/16 08:24:57 AM:    _text_field_embedder.model.encoder.layer.1.attention.self.key.bias
09/16 08:24:57 AM:    _text_field_embedder.model.encoder.layer.1.attention.self.key.weight
09/16 08:24:57 AM:    _text_field_embedder.model.encoder.layer.1.attention.self.query.bias
09/16 08:24:57 AM:    _text_field_embedder.model.encoder.layer.1.attention.self.query.weight
09/16 08:24:57 AM:    _text_field_embedder.model.encoder.layer.1.attention.self.value.bias
09/16 08:24:57 AM:    _text_field_embedder.model.encoder.layer.1.attention.self.value.weight
09/16 08:24:57 AM:    _text_field_embedder.model.encoder.layer.1.intermediate.dense.bias
09/16 08:24:57 AM:    _text_field_embedder.model.encoder.layer.1.intermediate.dense.weight
09/16 08:24:57 AM:    _text_field_embedder.model.encoder.layer.1.output.LayerNorm.bias
09/16 08:24:57 AM:    _text_field_embedder.model.encoder.layer.1.output.LayerNorm.weight
09/16 08:24:57 AM:    _text_field_embedder.model.encoder.layer.1.output.dense.bias
09/16 08:24:57 AM:    _text_field_embedder.model.encoder.layer.1.output.dense.weight
09/16 08:24:57 AM:    _text_field_embedder.model.encoder.layer.10.attention.output.LayerNorm.bias
09/16 08:24:57 AM:    _text_field_embedder.model.encoder.layer.10.attention.output.LayerNorm.weight
09/16 08:24:57 AM:    _text_field_embedder.model.encoder.layer.10.attention.output.dense.bias
09/16 08:24:57 AM:    _text_field_embedder.model.encoder.layer.10.attention.output.dense.weight
09/16 08:24:57 AM:    _text_field_embedder.model.encoder.layer.10.attention.self.key.bias
09/16 08:24:57 AM:    _text_field_embedder.model.encoder.layer.10.attention.self.key.weight
09/16 08:24:57 AM:    _text_field_embedder.model.encoder.layer.10.attention.self.query.bias
09/16 08:24:57 AM:    _text_field_embedder.model.encoder.layer.10.attention.self.query.weight
09/16 08:24:57 AM:    _text_field_embedder.model.encoder.layer.10.attention.self.value.bias
09/16 08:24:57 AM:    _text_field_embedder.model.encoder.layer.10.attention.self.value.weight
09/16 08:24:57 AM:    _text_field_embedder.model.encoder.layer.10.intermediate.dense.bias
09/16 08:24:57 AM:    _text_field_embedder.model.encoder.layer.10.intermediate.dense.weight
09/16 08:24:57 AM:    _text_field_embedder.model.encoder.layer.10.output.LayerNorm.bias
09/16 08:24:57 AM:    _text_field_embedder.model.encoder.layer.10.output.LayerNorm.weight
09/16 08:24:57 AM:    _text_field_embedder.model.encoder.layer.10.output.dense.bias
09/16 08:24:57 AM:    _text_field_embedder.model.encoder.layer.10.output.dense.weight
09/16 08:24:57 AM:    _text_field_embedder.model.encoder.layer.11.attention.output.LayerNorm.bias
09/16 08:24:57 AM:    _text_field_embedder.model.encoder.layer.11.attention.output.LayerNorm.weight
09/16 08:24:57 AM:    _text_field_embedder.model.encoder.layer.11.attention.output.dense.bias
09/16 08:24:57 AM:    _text_field_embedder.model.encoder.layer.11.attention.output.dense.weight
09/16 08:24:57 AM:    _text_field_embedder.model.encoder.layer.11.attention.self.key.bias
09/16 08:24:57 AM:    _text_field_embedder.model.encoder.layer.11.attention.self.key.weight
09/16 08:24:57 AM:    _text_field_embedder.model.encoder.layer.11.attention.self.query.bias
09/16 08:24:57 AM:    _text_field_embedder.model.encoder.layer.11.attention.self.query.weight
09/16 08:24:57 AM:    _text_field_embedder.model.encoder.layer.11.attention.self.value.bias
09/16 08:24:57 AM:    _text_field_embedder.model.encoder.layer.11.attention.self.value.weight
09/16 08:24:57 AM:    _text_field_embedder.model.encoder.layer.11.intermediate.dense.bias
09/16 08:24:57 AM:    _text_field_embedder.model.encoder.layer.11.intermediate.dense.weight
09/16 08:24:57 AM:    _text_field_embedder.model.encoder.layer.11.output.LayerNorm.bias
09/16 08:24:57 AM:    _text_field_embedder.model.encoder.layer.11.output.LayerNorm.weight
09/16 08:24:57 AM:    _text_field_embedder.model.encoder.layer.11.output.dense.bias
09/16 08:24:57 AM:    _text_field_embedder.model.encoder.layer.11.output.dense.weight
09/16 08:24:57 AM:    _text_field_embedder.model.encoder.layer.2.attention.output.LayerNorm.bias
09/16 08:24:57 AM:    _text_field_embedder.model.encoder.layer.2.attention.output.LayerNorm.weight
09/16 08:24:57 AM:    _text_field_embedder.model.encoder.layer.2.attention.output.dense.bias
09/16 08:24:57 AM:    _text_field_embedder.model.encoder.layer.2.attention.output.dense.weight
09/16 08:24:57 AM:    _text_field_embedder.model.encoder.layer.2.attention.self.key.bias
09/16 08:24:57 AM:    _text_field_embedder.model.encoder.layer.2.attention.self.key.weight
09/16 08:24:57 AM:    _text_field_embedder.model.encoder.layer.2.attention.self.query.bias
09/16 08:24:57 AM:    _text_field_embedder.model.encoder.layer.2.attention.self.query.weight
09/16 08:24:57 AM:    _text_field_embedder.model.encoder.layer.2.attention.self.value.bias
09/16 08:24:57 AM:    _text_field_embedder.model.encoder.layer.2.attention.self.value.weight
09/16 08:24:57 AM:    _text_field_embedder.model.encoder.layer.2.intermediate.dense.bias
09/16 08:24:57 AM:    _text_field_embedder.model.encoder.layer.2.intermediate.dense.weight
09/16 08:24:57 AM:    _text_field_embedder.model.encoder.layer.2.output.LayerNorm.bias
09/16 08:24:57 AM:    _text_field_embedder.model.encoder.layer.2.output.LayerNorm.weight
09/16 08:24:57 AM:    _text_field_embedder.model.encoder.layer.2.output.dense.bias
09/16 08:24:57 AM:    _text_field_embedder.model.encoder.layer.2.output.dense.weight
09/16 08:24:57 AM:    _text_field_embedder.model.encoder.layer.3.attention.output.LayerNorm.bias
09/16 08:24:57 AM:    _text_field_embedder.model.encoder.layer.3.attention.output.LayerNorm.weight
09/16 08:24:57 AM:    _text_field_embedder.model.encoder.layer.3.attention.output.dense.bias
09/16 08:24:57 AM:    _text_field_embedder.model.encoder.layer.3.attention.output.dense.weight
09/16 08:24:57 AM:    _text_field_embedder.model.encoder.layer.3.attention.self.key.bias
09/16 08:24:57 AM:    _text_field_embedder.model.encoder.layer.3.attention.self.key.weight
09/16 08:24:57 AM:    _text_field_embedder.model.encoder.layer.3.attention.self.query.bias
09/16 08:24:57 AM:    _text_field_embedder.model.encoder.layer.3.attention.self.query.weight
09/16 08:24:57 AM:    _text_field_embedder.model.encoder.layer.3.attention.self.value.bias
09/16 08:24:57 AM:    _text_field_embedder.model.encoder.layer.3.attention.self.value.weight
09/16 08:24:57 AM:    _text_field_embedder.model.encoder.layer.3.intermediate.dense.bias
09/16 08:24:57 AM:    _text_field_embedder.model.encoder.layer.3.intermediate.dense.weight
09/16 08:24:57 AM:    _text_field_embedder.model.encoder.layer.3.output.LayerNorm.bias
09/16 08:24:57 AM:    _text_field_embedder.model.encoder.layer.3.output.LayerNorm.weight
09/16 08:24:57 AM:    _text_field_embedder.model.encoder.layer.3.output.dense.bias
09/16 08:24:57 AM:    _text_field_embedder.model.encoder.layer.3.output.dense.weight
09/16 08:24:57 AM:    _text_field_embedder.model.encoder.layer.4.attention.output.LayerNorm.bias
09/16 08:24:57 AM:    _text_field_embedder.model.encoder.layer.4.attention.output.LayerNorm.weight
09/16 08:24:57 AM:    _text_field_embedder.model.encoder.layer.4.attention.output.dense.bias
09/16 08:24:57 AM:    _text_field_embedder.model.encoder.layer.4.attention.output.dense.weight
09/16 08:24:57 AM:    _text_field_embedder.model.encoder.layer.4.attention.self.key.bias
09/16 08:24:57 AM:    _text_field_embedder.model.encoder.layer.4.attention.self.key.weight
09/16 08:24:57 AM:    _text_field_embedder.model.encoder.layer.4.attention.self.query.bias
09/16 08:24:57 AM:    _text_field_embedder.model.encoder.layer.4.attention.self.query.weight
09/16 08:24:57 AM:    _text_field_embedder.model.encoder.layer.4.attention.self.value.bias
09/16 08:24:57 AM:    _text_field_embedder.model.encoder.layer.4.attention.self.value.weight
09/16 08:24:57 AM:    _text_field_embedder.model.encoder.layer.4.intermediate.dense.bias
09/16 08:24:57 AM:    _text_field_embedder.model.encoder.layer.4.intermediate.dense.weight
09/16 08:24:57 AM:    _text_field_embedder.model.encoder.layer.4.output.LayerNorm.bias
09/16 08:24:57 AM:    _text_field_embedder.model.encoder.layer.4.output.LayerNorm.weight
09/16 08:24:57 AM:    _text_field_embedder.model.encoder.layer.4.output.dense.bias
09/16 08:24:57 AM:    _text_field_embedder.model.encoder.layer.4.output.dense.weight
09/16 08:24:57 AM:    _text_field_embedder.model.encoder.layer.5.attention.output.LayerNorm.bias
09/16 08:24:57 AM:    _text_field_embedder.model.encoder.layer.5.attention.output.LayerNorm.weight
09/16 08:24:57 AM:    _text_field_embedder.model.encoder.layer.5.attention.output.dense.bias
09/16 08:24:57 AM:    _text_field_embedder.model.encoder.layer.5.attention.output.dense.weight
09/16 08:24:57 AM:    _text_field_embedder.model.encoder.layer.5.attention.self.key.bias
09/16 08:24:57 AM:    _text_field_embedder.model.encoder.layer.5.attention.self.key.weight
09/16 08:24:57 AM:    _text_field_embedder.model.encoder.layer.5.attention.self.query.bias
09/16 08:24:57 AM:    _text_field_embedder.model.encoder.layer.5.attention.self.query.weight
09/16 08:24:57 AM:    _text_field_embedder.model.encoder.layer.5.attention.self.value.bias
09/16 08:24:57 AM:    _text_field_embedder.model.encoder.layer.5.attention.self.value.weight
09/16 08:24:57 AM:    _text_field_embedder.model.encoder.layer.5.intermediate.dense.bias
09/16 08:24:57 AM:    _text_field_embedder.model.encoder.layer.5.intermediate.dense.weight
09/16 08:24:57 AM:    _text_field_embedder.model.encoder.layer.5.output.LayerNorm.bias
09/16 08:24:57 AM:    _text_field_embedder.model.encoder.layer.5.output.LayerNorm.weight
09/16 08:24:57 AM:    _text_field_embedder.model.encoder.layer.5.output.dense.bias
09/16 08:24:57 AM:    _text_field_embedder.model.encoder.layer.5.output.dense.weight
09/16 08:24:57 AM:    _text_field_embedder.model.encoder.layer.6.attention.output.LayerNorm.bias
09/16 08:24:57 AM:    _text_field_embedder.model.encoder.layer.6.attention.output.LayerNorm.weight
09/16 08:24:57 AM:    _text_field_embedder.model.encoder.layer.6.attention.output.dense.bias
09/16 08:24:57 AM:    _text_field_embedder.model.encoder.layer.6.attention.output.dense.weight
09/16 08:24:57 AM:    _text_field_embedder.model.encoder.layer.6.attention.self.key.bias
09/16 08:24:57 AM:    _text_field_embedder.model.encoder.layer.6.attention.self.key.weight
09/16 08:24:57 AM:    _text_field_embedder.model.encoder.layer.6.attention.self.query.bias
09/16 08:24:57 AM:    _text_field_embedder.model.encoder.layer.6.attention.self.query.weight
09/16 08:24:57 AM:    _text_field_embedder.model.encoder.layer.6.attention.self.value.bias
09/16 08:24:57 AM:    _text_field_embedder.model.encoder.layer.6.attention.self.value.weight
09/16 08:24:57 AM:    _text_field_embedder.model.encoder.layer.6.intermediate.dense.bias
09/16 08:24:57 AM:    _text_field_embedder.model.encoder.layer.6.intermediate.dense.weight
09/16 08:24:57 AM:    _text_field_embedder.model.encoder.layer.6.output.LayerNorm.bias
09/16 08:24:57 AM:    _text_field_embedder.model.encoder.layer.6.output.LayerNorm.weight
09/16 08:24:57 AM:    _text_field_embedder.model.encoder.layer.6.output.dense.bias
09/16 08:24:57 AM:    _text_field_embedder.model.encoder.layer.6.output.dense.weight
09/16 08:24:57 AM:    _text_field_embedder.model.encoder.layer.7.attention.output.LayerNorm.bias
09/16 08:24:57 AM:    _text_field_embedder.model.encoder.layer.7.attention.output.LayerNorm.weight
09/16 08:24:57 AM:    _text_field_embedder.model.encoder.layer.7.attention.output.dense.bias
09/16 08:24:57 AM:    _text_field_embedder.model.encoder.layer.7.attention.output.dense.weight
09/16 08:24:57 AM:    _text_field_embedder.model.encoder.layer.7.attention.self.key.bias
09/16 08:24:57 AM:    _text_field_embedder.model.encoder.layer.7.attention.self.key.weight
09/16 08:24:57 AM:    _text_field_embedder.model.encoder.layer.7.attention.self.query.bias
09/16 08:24:57 AM:    _text_field_embedder.model.encoder.layer.7.attention.self.query.weight
09/16 08:24:57 AM:    _text_field_embedder.model.encoder.layer.7.attention.self.value.bias
09/16 08:24:57 AM:    _text_field_embedder.model.encoder.layer.7.attention.self.value.weight
09/16 08:24:57 AM:    _text_field_embedder.model.encoder.layer.7.intermediate.dense.bias
09/16 08:24:57 AM:    _text_field_embedder.model.encoder.layer.7.intermediate.dense.weight
09/16 08:24:57 AM:    _text_field_embedder.model.encoder.layer.7.output.LayerNorm.bias
09/16 08:24:57 AM:    _text_field_embedder.model.encoder.layer.7.output.LayerNorm.weight
09/16 08:24:57 AM:    _text_field_embedder.model.encoder.layer.7.output.dense.bias
09/16 08:24:57 AM:    _text_field_embedder.model.encoder.layer.7.output.dense.weight
09/16 08:24:57 AM:    _text_field_embedder.model.encoder.layer.8.attention.output.LayerNorm.bias
09/16 08:24:57 AM:    _text_field_embedder.model.encoder.layer.8.attention.output.LayerNorm.weight
09/16 08:24:57 AM:    _text_field_embedder.model.encoder.layer.8.attention.output.dense.bias
09/16 08:24:57 AM:    _text_field_embedder.model.encoder.layer.8.attention.output.dense.weight
09/16 08:24:57 AM:    _text_field_embedder.model.encoder.layer.8.attention.self.key.bias
09/16 08:24:57 AM:    _text_field_embedder.model.encoder.layer.8.attention.self.key.weight
09/16 08:24:57 AM:    _text_field_embedder.model.encoder.layer.8.attention.self.query.bias
09/16 08:24:57 AM:    _text_field_embedder.model.encoder.layer.8.attention.self.query.weight
09/16 08:24:57 AM:    _text_field_embedder.model.encoder.layer.8.attention.self.value.bias
09/16 08:24:57 AM:    _text_field_embedder.model.encoder.layer.8.attention.self.value.weight
09/16 08:24:57 AM:    _text_field_embedder.model.encoder.layer.8.intermediate.dense.bias
09/16 08:24:57 AM:    _text_field_embedder.model.encoder.layer.8.intermediate.dense.weight
09/16 08:24:57 AM:    _text_field_embedder.model.encoder.layer.8.output.LayerNorm.bias
09/16 08:24:57 AM:    _text_field_embedder.model.encoder.layer.8.output.LayerNorm.weight
09/16 08:24:57 AM:    _text_field_embedder.model.encoder.layer.8.output.dense.bias
09/16 08:24:57 AM:    _text_field_embedder.model.encoder.layer.8.output.dense.weight
09/16 08:24:57 AM:    _text_field_embedder.model.encoder.layer.9.attention.output.LayerNorm.bias
09/16 08:24:57 AM:    _text_field_embedder.model.encoder.layer.9.attention.output.LayerNorm.weight
09/16 08:24:57 AM:    _text_field_embedder.model.encoder.layer.9.attention.output.dense.bias
09/16 08:24:57 AM:    _text_field_embedder.model.encoder.layer.9.attention.output.dense.weight
09/16 08:24:57 AM:    _text_field_embedder.model.encoder.layer.9.attention.self.key.bias
09/16 08:24:57 AM:    _text_field_embedder.model.encoder.layer.9.attention.self.key.weight
09/16 08:24:57 AM:    _text_field_embedder.model.encoder.layer.9.attention.self.query.bias
09/16 08:24:57 AM:    _text_field_embedder.model.encoder.layer.9.attention.self.query.weight
09/16 08:24:57 AM:    _text_field_embedder.model.encoder.layer.9.attention.self.value.bias
09/16 08:24:57 AM:    _text_field_embedder.model.encoder.layer.9.attention.self.value.weight
09/16 08:24:57 AM:    _text_field_embedder.model.encoder.layer.9.intermediate.dense.bias
09/16 08:24:57 AM:    _text_field_embedder.model.encoder.layer.9.intermediate.dense.weight
09/16 08:24:57 AM:    _text_field_embedder.model.encoder.layer.9.output.LayerNorm.bias
09/16 08:24:57 AM:    _text_field_embedder.model.encoder.layer.9.output.LayerNorm.weight
09/16 08:24:57 AM:    _text_field_embedder.model.encoder.layer.9.output.dense.bias
09/16 08:24:57 AM:    _text_field_embedder.model.encoder.layer.9.output.dense.weight
09/16 08:24:57 AM:    _text_field_embedder.model.pooler.dense.bias
09/16 08:24:57 AM:    _text_field_embedder.model.pooler.dense.weight
09/16 08:24:57 AM: 	Task 'edges-spr2' params: {
  "cls_type": "mlp",
  "d_hid": 256,
  "pool_type": "first",
  "d_proj": 512,
  "shared_pair_attn": 0,
  "attn": 0,
  "d_hid_attn": 512,
  "dropout": 0.3,
  "cls_loss_fn": "sigmoid",
  "cls_span_pooling": "attn",
  "edgeprobe_cnn_context": 0,
  "edgeprobe_symmetric": 0,
  "use_classifier": "edges-spr2"
}
09/16 08:25:04 AM: Model specification:
09/16 08:25:04 AM: MultiTaskModel(
  (sent_encoder): SentenceEncoder(
    (_text_field_embedder): BertEmbedderModule(
      (model): BertModel(
        (embeddings): BertEmbeddings(
          (word_embeddings): Embedding(30522, 768, padding_idx=0)
          (position_embeddings): Embedding(512, 768)
          (token_type_embeddings): Embedding(2, 768)
          (LayerNorm): LayerNorm(torch.Size([768]), eps=1e-12, elementwise_affine=True)
          (dropout): Dropout(p=0.1)
        )
        (encoder): BertEncoder(
          (layer): ModuleList(
            (0): BertLayer(
              (attention): BertAttention(
                (self): BertSelfAttention(
                  (query): Linear(in_features=768, out_features=768, bias=True)
                  (key): Linear(in_features=768, out_features=768, bias=True)
                  (value): Linear(in_features=768, out_features=768, bias=True)
                  (dropout): Dropout(p=0.1)
                )
                (output): BertSelfOutput(
                  (dense): Linear(in_features=768, out_features=768, bias=True)
                  (LayerNorm): LayerNorm(torch.Size([768]), eps=1e-12, elementwise_affine=True)
                  (dropout): Dropout(p=0.1)
                )
              )
              (intermediate): BertIntermediate(
                (dense): Linear(in_features=768, out_features=3072, bias=True)
              )
              (output): BertOutput(
                (dense): Linear(in_features=3072, out_features=768, bias=True)
                (LayerNorm): LayerNorm(torch.Size([768]), eps=1e-12, elementwise_affine=True)
                (dropout): Dropout(p=0.1)
              )
            )
            (1): BertLayer(
              (attention): BertAttention(
                (self): BertSelfAttention(
                  (query): Linear(in_features=768, out_features=768, bias=True)
                  (key): Linear(in_features=768, out_features=768, bias=True)
                  (value): Linear(in_features=768, out_features=768, bias=True)
                  (dropout): Dropout(p=0.1)
                )
                (output): BertSelfOutput(
                  (dense): Linear(in_features=768, out_features=768, bias=True)
                  (LayerNorm): LayerNorm(torch.Size([768]), eps=1e-12, elementwise_affine=True)
                  (dropout): Dropout(p=0.1)
                )
              )
              (intermediate): BertIntermediate(
                (dense): Linear(in_features=768, out_features=3072, bias=True)
              )
              (output): BertOutput(
                (dense): Linear(in_features=3072, out_features=768, bias=True)
                (LayerNorm): LayerNorm(torch.Size([768]), eps=1e-12, elementwise_affine=True)
                (dropout): Dropout(p=0.1)
              )
            )
            (2): BertLayer(
              (attention): BertAttention(
                (self): BertSelfAttention(
                  (query): Linear(in_features=768, out_features=768, bias=True)
                  (key): Linear(in_features=768, out_features=768, bias=True)
                  (value): Linear(in_features=768, out_features=768, bias=True)
                  (dropout): Dropout(p=0.1)
                )
                (output): BertSelfOutput(
                  (dense): Linear(in_features=768, out_features=768, bias=True)
                  (LayerNorm): LayerNorm(torch.Size([768]), eps=1e-12, elementwise_affine=True)
                  (dropout): Dropout(p=0.1)
                )
              )
              (intermediate): BertIntermediate(
                (dense): Linear(in_features=768, out_features=3072, bias=True)
              )
              (output): BertOutput(
                (dense): Linear(in_features=3072, out_features=768, bias=True)
                (LayerNorm): LayerNorm(torch.Size([768]), eps=1e-12, elementwise_affine=True)
                (dropout): Dropout(p=0.1)
              )
            )
            (3): BertLayer(
              (attention): BertAttention(
                (self): BertSelfAttention(
                  (query): Linear(in_features=768, out_features=768, bias=True)
                  (key): Linear(in_features=768, out_features=768, bias=True)
                  (value): Linear(in_features=768, out_features=768, bias=True)
                  (dropout): Dropout(p=0.1)
                )
                (output): BertSelfOutput(
                  (dense): Linear(in_features=768, out_features=768, bias=True)
                  (LayerNorm): LayerNorm(torch.Size([768]), eps=1e-12, elementwise_affine=True)
                  (dropout): Dropout(p=0.1)
                )
              )
              (intermediate): BertIntermediate(
                (dense): Linear(in_features=768, out_features=3072, bias=True)
              )
              (output): BertOutput(
                (dense): Linear(in_features=3072, out_features=768, bias=True)
                (LayerNorm): LayerNorm(torch.Size([768]), eps=1e-12, elementwise_affine=True)
                (dropout): Dropout(p=0.1)
              )
            )
            (4): BertLayer(
              (attention): BertAttention(
                (self): BertSelfAttention(
                  (query): Linear(in_features=768, out_features=768, bias=True)
                  (key): Linear(in_features=768, out_features=768, bias=True)
                  (value): Linear(in_features=768, out_features=768, bias=True)
                  (dropout): Dropout(p=0.1)
                )
                (output): BertSelfOutput(
                  (dense): Linear(in_features=768, out_features=768, bias=True)
                  (LayerNorm): LayerNorm(torch.Size([768]), eps=1e-12, elementwise_affine=True)
                  (dropout): Dropout(p=0.1)
                )
              )
              (intermediate): BertIntermediate(
                (dense): Linear(in_features=768, out_features=3072, bias=True)
              )
              (output): BertOutput(
                (dense): Linear(in_features=3072, out_features=768, bias=True)
                (LayerNorm): LayerNorm(torch.Size([768]), eps=1e-12, elementwise_affine=True)
                (dropout): Dropout(p=0.1)
              )
            )
            (5): BertLayer(
              (attention): BertAttention(
                (self): BertSelfAttention(
                  (query): Linear(in_features=768, out_features=768, bias=True)
                  (key): Linear(in_features=768, out_features=768, bias=True)
                  (value): Linear(in_features=768, out_features=768, bias=True)
                  (dropout): Dropout(p=0.1)
                )
                (output): BertSelfOutput(
                  (dense): Linear(in_features=768, out_features=768, bias=True)
                  (LayerNorm): LayerNorm(torch.Size([768]), eps=1e-12, elementwise_affine=True)
                  (dropout): Dropout(p=0.1)
                )
              )
              (intermediate): BertIntermediate(
                (dense): Linear(in_features=768, out_features=3072, bias=True)
              )
              (output): BertOutput(
                (dense): Linear(in_features=3072, out_features=768, bias=True)
                (LayerNorm): LayerNorm(torch.Size([768]), eps=1e-12, elementwise_affine=True)
                (dropout): Dropout(p=0.1)
              )
            )
            (6): BertLayer(
              (attention): BertAttention(
                (self): BertSelfAttention(
                  (query): Linear(in_features=768, out_features=768, bias=True)
                  (key): Linear(in_features=768, out_features=768, bias=True)
                  (value): Linear(in_features=768, out_features=768, bias=True)
                  (dropout): Dropout(p=0.1)
                )
                (output): BertSelfOutput(
                  (dense): Linear(in_features=768, out_features=768, bias=True)
                  (LayerNorm): LayerNorm(torch.Size([768]), eps=1e-12, elementwise_affine=True)
                  (dropout): Dropout(p=0.1)
                )
              )
              (intermediate): BertIntermediate(
                (dense): Linear(in_features=768, out_features=3072, bias=True)
              )
              (output): BertOutput(
                (dense): Linear(in_features=3072, out_features=768, bias=True)
                (LayerNorm): LayerNorm(torch.Size([768]), eps=1e-12, elementwise_affine=True)
                (dropout): Dropout(p=0.1)
              )
            )
            (7): BertLayer(
              (attention): BertAttention(
                (self): BertSelfAttention(
                  (query): Linear(in_features=768, out_features=768, bias=True)
                  (key): Linear(in_features=768, out_features=768, bias=True)
                  (value): Linear(in_features=768, out_features=768, bias=True)
                  (dropout): Dropout(p=0.1)
                )
                (output): BertSelfOutput(
                  (dense): Linear(in_features=768, out_features=768, bias=True)
                  (LayerNorm): LayerNorm(torch.Size([768]), eps=1e-12, elementwise_affine=True)
                  (dropout): Dropout(p=0.1)
                )
              )
              (intermediate): BertIntermediate(
                (dense): Linear(in_features=768, out_features=3072, bias=True)
              )
              (output): BertOutput(
                (dense): Linear(in_features=3072, out_features=768, bias=True)
                (LayerNorm): LayerNorm(torch.Size([768]), eps=1e-12, elementwise_affine=True)
                (dropout): Dropout(p=0.1)
              )
            )
            (8): BertLayer(
              (attention): BertAttention(
                (self): BertSelfAttention(
                  (query): Linear(in_features=768, out_features=768, bias=True)
                  (key): Linear(in_features=768, out_features=768, bias=True)
                  (value): Linear(in_features=768, out_features=768, bias=True)
                  (dropout): Dropout(p=0.1)
                )
                (output): BertSelfOutput(
                  (dense): Linear(in_features=768, out_features=768, bias=True)
                  (LayerNorm): LayerNorm(torch.Size([768]), eps=1e-12, elementwise_affine=True)
                  (dropout): Dropout(p=0.1)
                )
              )
              (intermediate): BertIntermediate(
                (dense): Linear(in_features=768, out_features=3072, bias=True)
              )
              (output): BertOutput(
                (dense): Linear(in_features=3072, out_features=768, bias=True)
                (LayerNorm): LayerNorm(torch.Size([768]), eps=1e-12, elementwise_affine=True)
                (dropout): Dropout(p=0.1)
              )
            )
            (9): BertLayer(
              (attention): BertAttention(
                (self): BertSelfAttention(
                  (query): Linear(in_features=768, out_features=768, bias=True)
                  (key): Linear(in_features=768, out_features=768, bias=True)
                  (value): Linear(in_features=768, out_features=768, bias=True)
                  (dropout): Dropout(p=0.1)
                )
                (output): BertSelfOutput(
                  (dense): Linear(in_features=768, out_features=768, bias=True)
                  (LayerNorm): LayerNorm(torch.Size([768]), eps=1e-12, elementwise_affine=True)
                  (dropout): Dropout(p=0.1)
                )
              )
              (intermediate): BertIntermediate(
                (dense): Linear(in_features=768, out_features=3072, bias=True)
              )
              (output): BertOutput(
                (dense): Linear(in_features=3072, out_features=768, bias=True)
                (LayerNorm): LayerNorm(torch.Size([768]), eps=1e-12, elementwise_affine=True)
                (dropout): Dropout(p=0.1)
              )
            )
            (10): BertLayer(
              (attention): BertAttention(
                (self): BertSelfAttention(
                  (query): Linear(in_features=768, out_features=768, bias=True)
                  (key): Linear(in_features=768, out_features=768, bias=True)
                  (value): Linear(in_features=768, out_features=768, bias=True)
                  (dropout): Dropout(p=0.1)
                )
                (output): BertSelfOutput(
                  (dense): Linear(in_features=768, out_features=768, bias=True)
                  (LayerNorm): LayerNorm(torch.Size([768]), eps=1e-12, elementwise_affine=True)
                  (dropout): Dropout(p=0.1)
                )
              )
              (intermediate): BertIntermediate(
                (dense): Linear(in_features=768, out_features=3072, bias=True)
              )
              (output): BertOutput(
                (dense): Linear(in_features=3072, out_features=768, bias=True)
                (LayerNorm): LayerNorm(torch.Size([768]), eps=1e-12, elementwise_affine=True)
                (dropout): Dropout(p=0.1)
              )
            )
            (11): BertLayer(
              (attention): BertAttention(
                (self): BertSelfAttention(
                  (query): Linear(in_features=768, out_features=768, bias=True)
                  (key): Linear(in_features=768, out_features=768, bias=True)
                  (value): Linear(in_features=768, out_features=768, bias=True)
                  (dropout): Dropout(p=0.1)
                )
                (output): BertSelfOutput(
                  (dense): Linear(in_features=768, out_features=768, bias=True)
                  (LayerNorm): LayerNorm(torch.Size([768]), eps=1e-12, elementwise_affine=True)
                  (dropout): Dropout(p=0.1)
                )
              )
              (intermediate): BertIntermediate(
                (dense): Linear(in_features=768, out_features=3072, bias=True)
              )
              (output): BertOutput(
                (dense): Linear(in_features=3072, out_features=768, bias=True)
                (LayerNorm): LayerNorm(torch.Size([768]), eps=1e-12, elementwise_affine=True)
                (dropout): Dropout(p=0.1)
              )
            )
          )
        )
        (pooler): BertPooler(
          (dense): Linear(in_features=768, out_features=768, bias=True)
          (activation): Tanh()
        )
      )
    )
    (_highway_layer): TimeDistributed(
      (_module): Highway(
        (_layers): ModuleList()
      )
    )
    (_phrase_layer): NullPhraseLayer()
    (_dropout): Dropout(p=0.2)
  )
  (edges-spr2_mdl): EdgeClassifierModule(
    (proj1): Conv1d(768, 256, kernel_size=(1,), stride=(1,))
    (proj2): Conv1d(768, 256, kernel_size=(1,), stride=(1,))
    (span_extractor1): EndpointSpanExtractor()
    (span_extractor2): EndpointSpanExtractor()
    (classifier): Classifier(
      (classifier): Sequential(
        (0): Linear(in_features=1024, out_features=256, bias=True)
        (1): Tanh()
        (2): LayerNorm(torch.Size([256]), eps=1e-05, elementwise_affine=True)
        (3): Dropout(p=0.3)
        (4): Linear(in_features=256, out_features=20, bias=True)
      )
    )
  )
)
09/16 08:25:04 AM: Model parameters:
09/16 08:25:04 AM: 	sent_encoder._text_field_embedder.model.embeddings.word_embeddings.weight: Non-trainable parameter, count 23440896 with torch.Size([30522, 768])
09/16 08:25:04 AM: 	sent_encoder._text_field_embedder.model.embeddings.position_embeddings.weight: Non-trainable parameter, count 393216 with torch.Size([512, 768])
09/16 08:25:04 AM: 	sent_encoder._text_field_embedder.model.embeddings.token_type_embeddings.weight: Non-trainable parameter, count 1536 with torch.Size([2, 768])
09/16 08:25:04 AM: 	sent_encoder._text_field_embedder.model.embeddings.LayerNorm.weight: Non-trainable parameter, count 768 with torch.Size([768])
09/16 08:25:04 AM: 	sent_encoder._text_field_embedder.model.embeddings.LayerNorm.bias: Non-trainable parameter, count 768 with torch.Size([768])
09/16 08:25:04 AM: 	sent_encoder._text_field_embedder.model.encoder.layer.0.attention.self.query.weight: Non-trainable parameter, count 589824 with torch.Size([768, 768])
09/16 08:25:04 AM: 	sent_encoder._text_field_embedder.model.encoder.layer.0.attention.self.query.bias: Non-trainable parameter, count 768 with torch.Size([768])
09/16 08:25:04 AM: 	sent_encoder._text_field_embedder.model.encoder.layer.0.attention.self.key.weight: Non-trainable parameter, count 589824 with torch.Size([768, 768])
09/16 08:25:04 AM: 	sent_encoder._text_field_embedder.model.encoder.layer.0.attention.self.key.bias: Non-trainable parameter, count 768 with torch.Size([768])
09/16 08:25:04 AM: 	sent_encoder._text_field_embedder.model.encoder.layer.0.attention.self.value.weight: Non-trainable parameter, count 589824 with torch.Size([768, 768])
09/16 08:25:04 AM: 	sent_encoder._text_field_embedder.model.encoder.layer.0.attention.self.value.bias: Non-trainable parameter, count 768 with torch.Size([768])
09/16 08:25:04 AM: 	sent_encoder._text_field_embedder.model.encoder.layer.0.attention.output.dense.weight: Non-trainable parameter, count 589824 with torch.Size([768, 768])
09/16 08:25:04 AM: 	sent_encoder._text_field_embedder.model.encoder.layer.0.attention.output.dense.bias: Non-trainable parameter, count 768 with torch.Size([768])
09/16 08:25:04 AM: 	sent_encoder._text_field_embedder.model.encoder.layer.0.attention.output.LayerNorm.weight: Non-trainable parameter, count 768 with torch.Size([768])
09/16 08:25:04 AM: 	sent_encoder._text_field_embedder.model.encoder.layer.0.attention.output.LayerNorm.bias: Non-trainable parameter, count 768 with torch.Size([768])
09/16 08:25:04 AM: 	sent_encoder._text_field_embedder.model.encoder.layer.0.intermediate.dense.weight: Non-trainable parameter, count 2359296 with torch.Size([3072, 768])
09/16 08:25:04 AM: 	sent_encoder._text_field_embedder.model.encoder.layer.0.intermediate.dense.bias: Non-trainable parameter, count 3072 with torch.Size([3072])
09/16 08:25:04 AM: 	sent_encoder._text_field_embedder.model.encoder.layer.0.output.dense.weight: Non-trainable parameter, count 2359296 with torch.Size([768, 3072])
09/16 08:25:04 AM: 	sent_encoder._text_field_embedder.model.encoder.layer.0.output.dense.bias: Non-trainable parameter, count 768 with torch.Size([768])
09/16 08:25:04 AM: 	sent_encoder._text_field_embedder.model.encoder.layer.0.output.LayerNorm.weight: Non-trainable parameter, count 768 with torch.Size([768])
09/16 08:25:04 AM: 	sent_encoder._text_field_embedder.model.encoder.layer.0.output.LayerNorm.bias: Non-trainable parameter, count 768 with torch.Size([768])
09/16 08:25:04 AM: 	sent_encoder._text_field_embedder.model.encoder.layer.1.attention.self.query.weight: Non-trainable parameter, count 589824 with torch.Size([768, 768])
09/16 08:25:04 AM: 	sent_encoder._text_field_embedder.model.encoder.layer.1.attention.self.query.bias: Non-trainable parameter, count 768 with torch.Size([768])
09/16 08:25:04 AM: 	sent_encoder._text_field_embedder.model.encoder.layer.1.attention.self.key.weight: Non-trainable parameter, count 589824 with torch.Size([768, 768])
09/16 08:25:04 AM: 	sent_encoder._text_field_embedder.model.encoder.layer.1.attention.self.key.bias: Non-trainable parameter, count 768 with torch.Size([768])
09/16 08:25:04 AM: 	sent_encoder._text_field_embedder.model.encoder.layer.1.attention.self.value.weight: Non-trainable parameter, count 589824 with torch.Size([768, 768])
09/16 08:25:04 AM: 	sent_encoder._text_field_embedder.model.encoder.layer.1.attention.self.value.bias: Non-trainable parameter, count 768 with torch.Size([768])
09/16 08:25:04 AM: 	sent_encoder._text_field_embedder.model.encoder.layer.1.attention.output.dense.weight: Non-trainable parameter, count 589824 with torch.Size([768, 768])
09/16 08:25:04 AM: 	sent_encoder._text_field_embedder.model.encoder.layer.1.attention.output.dense.bias: Non-trainable parameter, count 768 with torch.Size([768])
09/16 08:25:04 AM: 	sent_encoder._text_field_embedder.model.encoder.layer.1.attention.output.LayerNorm.weight: Non-trainable parameter, count 768 with torch.Size([768])
09/16 08:25:04 AM: 	sent_encoder._text_field_embedder.model.encoder.layer.1.attention.output.LayerNorm.bias: Non-trainable parameter, count 768 with torch.Size([768])
09/16 08:25:04 AM: 	sent_encoder._text_field_embedder.model.encoder.layer.1.intermediate.dense.weight: Non-trainable parameter, count 2359296 with torch.Size([3072, 768])
09/16 08:25:04 AM: 	sent_encoder._text_field_embedder.model.encoder.layer.1.intermediate.dense.bias: Non-trainable parameter, count 3072 with torch.Size([3072])
09/16 08:25:04 AM: 	sent_encoder._text_field_embedder.model.encoder.layer.1.output.dense.weight: Non-trainable parameter, count 2359296 with torch.Size([768, 3072])
09/16 08:25:04 AM: 	sent_encoder._text_field_embedder.model.encoder.layer.1.output.dense.bias: Non-trainable parameter, count 768 with torch.Size([768])
09/16 08:25:04 AM: 	sent_encoder._text_field_embedder.model.encoder.layer.1.output.LayerNorm.weight: Non-trainable parameter, count 768 with torch.Size([768])
09/16 08:25:04 AM: 	sent_encoder._text_field_embedder.model.encoder.layer.1.output.LayerNorm.bias: Non-trainable parameter, count 768 with torch.Size([768])
09/16 08:25:04 AM: 	sent_encoder._text_field_embedder.model.encoder.layer.2.attention.self.query.weight: Non-trainable parameter, count 589824 with torch.Size([768, 768])
09/16 08:25:04 AM: 	sent_encoder._text_field_embedder.model.encoder.layer.2.attention.self.query.bias: Non-trainable parameter, count 768 with torch.Size([768])
09/16 08:25:04 AM: 	sent_encoder._text_field_embedder.model.encoder.layer.2.attention.self.key.weight: Non-trainable parameter, count 589824 with torch.Size([768, 768])
09/16 08:25:04 AM: 	sent_encoder._text_field_embedder.model.encoder.layer.2.attention.self.key.bias: Non-trainable parameter, count 768 with torch.Size([768])
09/16 08:25:04 AM: 	sent_encoder._text_field_embedder.model.encoder.layer.2.attention.self.value.weight: Non-trainable parameter, count 589824 with torch.Size([768, 768])
09/16 08:25:04 AM: 	sent_encoder._text_field_embedder.model.encoder.layer.2.attention.self.value.bias: Non-trainable parameter, count 768 with torch.Size([768])
09/16 08:25:04 AM: 	sent_encoder._text_field_embedder.model.encoder.layer.2.attention.output.dense.weight: Non-trainable parameter, count 589824 with torch.Size([768, 768])
09/16 08:25:04 AM: 	sent_encoder._text_field_embedder.model.encoder.layer.2.attention.output.dense.bias: Non-trainable parameter, count 768 with torch.Size([768])
09/16 08:25:04 AM: 	sent_encoder._text_field_embedder.model.encoder.layer.2.attention.output.LayerNorm.weight: Non-trainable parameter, count 768 with torch.Size([768])
09/16 08:25:04 AM: 	sent_encoder._text_field_embedder.model.encoder.layer.2.attention.output.LayerNorm.bias: Non-trainable parameter, count 768 with torch.Size([768])
09/16 08:25:04 AM: 	sent_encoder._text_field_embedder.model.encoder.layer.2.intermediate.dense.weight: Non-trainable parameter, count 2359296 with torch.Size([3072, 768])
09/16 08:25:04 AM: 	sent_encoder._text_field_embedder.model.encoder.layer.2.intermediate.dense.bias: Non-trainable parameter, count 3072 with torch.Size([3072])
09/16 08:25:04 AM: 	sent_encoder._text_field_embedder.model.encoder.layer.2.output.dense.weight: Non-trainable parameter, count 2359296 with torch.Size([768, 3072])
09/16 08:25:04 AM: 	sent_encoder._text_field_embedder.model.encoder.layer.2.output.dense.bias: Non-trainable parameter, count 768 with torch.Size([768])
09/16 08:25:04 AM: 	sent_encoder._text_field_embedder.model.encoder.layer.2.output.LayerNorm.weight: Non-trainable parameter, count 768 with torch.Size([768])
09/16 08:25:04 AM: 	sent_encoder._text_field_embedder.model.encoder.layer.2.output.LayerNorm.bias: Non-trainable parameter, count 768 with torch.Size([768])
09/16 08:25:04 AM: 	sent_encoder._text_field_embedder.model.encoder.layer.3.attention.self.query.weight: Non-trainable parameter, count 589824 with torch.Size([768, 768])
09/16 08:25:04 AM: 	sent_encoder._text_field_embedder.model.encoder.layer.3.attention.self.query.bias: Non-trainable parameter, count 768 with torch.Size([768])
09/16 08:25:04 AM: 	sent_encoder._text_field_embedder.model.encoder.layer.3.attention.self.key.weight: Non-trainable parameter, count 589824 with torch.Size([768, 768])
09/16 08:25:04 AM: 	sent_encoder._text_field_embedder.model.encoder.layer.3.attention.self.key.bias: Non-trainable parameter, count 768 with torch.Size([768])
09/16 08:25:04 AM: 	sent_encoder._text_field_embedder.model.encoder.layer.3.attention.self.value.weight: Non-trainable parameter, count 589824 with torch.Size([768, 768])
09/16 08:25:04 AM: 	sent_encoder._text_field_embedder.model.encoder.layer.3.attention.self.value.bias: Non-trainable parameter, count 768 with torch.Size([768])
09/16 08:25:04 AM: 	sent_encoder._text_field_embedder.model.encoder.layer.3.attention.output.dense.weight: Non-trainable parameter, count 589824 with torch.Size([768, 768])
09/16 08:25:04 AM: 	sent_encoder._text_field_embedder.model.encoder.layer.3.attention.output.dense.bias: Non-trainable parameter, count 768 with torch.Size([768])
09/16 08:25:04 AM: 	sent_encoder._text_field_embedder.model.encoder.layer.3.attention.output.LayerNorm.weight: Non-trainable parameter, count 768 with torch.Size([768])
09/16 08:25:04 AM: 	sent_encoder._text_field_embedder.model.encoder.layer.3.attention.output.LayerNorm.bias: Non-trainable parameter, count 768 with torch.Size([768])
09/16 08:25:04 AM: 	sent_encoder._text_field_embedder.model.encoder.layer.3.intermediate.dense.weight: Non-trainable parameter, count 2359296 with torch.Size([3072, 768])
09/16 08:25:04 AM: 	sent_encoder._text_field_embedder.model.encoder.layer.3.intermediate.dense.bias: Non-trainable parameter, count 3072 with torch.Size([3072])
09/16 08:25:04 AM: 	sent_encoder._text_field_embedder.model.encoder.layer.3.output.dense.weight: Non-trainable parameter, count 2359296 with torch.Size([768, 3072])
09/16 08:25:04 AM: 	sent_encoder._text_field_embedder.model.encoder.layer.3.output.dense.bias: Non-trainable parameter, count 768 with torch.Size([768])
09/16 08:25:04 AM: 	sent_encoder._text_field_embedder.model.encoder.layer.3.output.LayerNorm.weight: Non-trainable parameter, count 768 with torch.Size([768])
09/16 08:25:04 AM: 	sent_encoder._text_field_embedder.model.encoder.layer.3.output.LayerNorm.bias: Non-trainable parameter, count 768 with torch.Size([768])
09/16 08:25:04 AM: 	sent_encoder._text_field_embedder.model.encoder.layer.4.attention.self.query.weight: Non-trainable parameter, count 589824 with torch.Size([768, 768])
09/16 08:25:04 AM: 	sent_encoder._text_field_embedder.model.encoder.layer.4.attention.self.query.bias: Non-trainable parameter, count 768 with torch.Size([768])
09/16 08:25:04 AM: 	sent_encoder._text_field_embedder.model.encoder.layer.4.attention.self.key.weight: Non-trainable parameter, count 589824 with torch.Size([768, 768])
09/16 08:25:04 AM: 	sent_encoder._text_field_embedder.model.encoder.layer.4.attention.self.key.bias: Non-trainable parameter, count 768 with torch.Size([768])
09/16 08:25:04 AM: 	sent_encoder._text_field_embedder.model.encoder.layer.4.attention.self.value.weight: Non-trainable parameter, count 589824 with torch.Size([768, 768])
09/16 08:25:04 AM: 	sent_encoder._text_field_embedder.model.encoder.layer.4.attention.self.value.bias: Non-trainable parameter, count 768 with torch.Size([768])
09/16 08:25:04 AM: 	sent_encoder._text_field_embedder.model.encoder.layer.4.attention.output.dense.weight: Non-trainable parameter, count 589824 with torch.Size([768, 768])
09/16 08:25:04 AM: 	sent_encoder._text_field_embedder.model.encoder.layer.4.attention.output.dense.bias: Non-trainable parameter, count 768 with torch.Size([768])
09/16 08:25:04 AM: 	sent_encoder._text_field_embedder.model.encoder.layer.4.attention.output.LayerNorm.weight: Non-trainable parameter, count 768 with torch.Size([768])
09/16 08:25:04 AM: 	sent_encoder._text_field_embedder.model.encoder.layer.4.attention.output.LayerNorm.bias: Non-trainable parameter, count 768 with torch.Size([768])
09/16 08:25:04 AM: 	sent_encoder._text_field_embedder.model.encoder.layer.4.intermediate.dense.weight: Non-trainable parameter, count 2359296 with torch.Size([3072, 768])
09/16 08:25:04 AM: 	sent_encoder._text_field_embedder.model.encoder.layer.4.intermediate.dense.bias: Non-trainable parameter, count 3072 with torch.Size([3072])
09/16 08:25:04 AM: 	sent_encoder._text_field_embedder.model.encoder.layer.4.output.dense.weight: Non-trainable parameter, count 2359296 with torch.Size([768, 3072])
09/16 08:25:04 AM: 	sent_encoder._text_field_embedder.model.encoder.layer.4.output.dense.bias: Non-trainable parameter, count 768 with torch.Size([768])
09/16 08:25:04 AM: 	sent_encoder._text_field_embedder.model.encoder.layer.4.output.LayerNorm.weight: Non-trainable parameter, count 768 with torch.Size([768])
09/16 08:25:04 AM: 	sent_encoder._text_field_embedder.model.encoder.layer.4.output.LayerNorm.bias: Non-trainable parameter, count 768 with torch.Size([768])
09/16 08:25:04 AM: 	sent_encoder._text_field_embedder.model.encoder.layer.5.attention.self.query.weight: Non-trainable parameter, count 589824 with torch.Size([768, 768])
09/16 08:25:04 AM: 	sent_encoder._text_field_embedder.model.encoder.layer.5.attention.self.query.bias: Non-trainable parameter, count 768 with torch.Size([768])
09/16 08:25:04 AM: 	sent_encoder._text_field_embedder.model.encoder.layer.5.attention.self.key.weight: Non-trainable parameter, count 589824 with torch.Size([768, 768])
09/16 08:25:04 AM: 	sent_encoder._text_field_embedder.model.encoder.layer.5.attention.self.key.bias: Non-trainable parameter, count 768 with torch.Size([768])
09/16 08:25:04 AM: 	sent_encoder._text_field_embedder.model.encoder.layer.5.attention.self.value.weight: Non-trainable parameter, count 589824 with torch.Size([768, 768])
09/16 08:25:04 AM: 	sent_encoder._text_field_embedder.model.encoder.layer.5.attention.self.value.bias: Non-trainable parameter, count 768 with torch.Size([768])
09/16 08:25:04 AM: 	sent_encoder._text_field_embedder.model.encoder.layer.5.attention.output.dense.weight: Non-trainable parameter, count 589824 with torch.Size([768, 768])
09/16 08:25:04 AM: 	sent_encoder._text_field_embedder.model.encoder.layer.5.attention.output.dense.bias: Non-trainable parameter, count 768 with torch.Size([768])
09/16 08:25:04 AM: 	sent_encoder._text_field_embedder.model.encoder.layer.5.attention.output.LayerNorm.weight: Non-trainable parameter, count 768 with torch.Size([768])
09/16 08:25:04 AM: 	sent_encoder._text_field_embedder.model.encoder.layer.5.attention.output.LayerNorm.bias: Non-trainable parameter, count 768 with torch.Size([768])
09/16 08:25:04 AM: 	sent_encoder._text_field_embedder.model.encoder.layer.5.intermediate.dense.weight: Non-trainable parameter, count 2359296 with torch.Size([3072, 768])
09/16 08:25:04 AM: 	sent_encoder._text_field_embedder.model.encoder.layer.5.intermediate.dense.bias: Non-trainable parameter, count 3072 with torch.Size([3072])
09/16 08:25:04 AM: 	sent_encoder._text_field_embedder.model.encoder.layer.5.output.dense.weight: Non-trainable parameter, count 2359296 with torch.Size([768, 3072])
09/16 08:25:04 AM: 	sent_encoder._text_field_embedder.model.encoder.layer.5.output.dense.bias: Non-trainable parameter, count 768 with torch.Size([768])
09/16 08:25:04 AM: 	sent_encoder._text_field_embedder.model.encoder.layer.5.output.LayerNorm.weight: Non-trainable parameter, count 768 with torch.Size([768])
09/16 08:25:04 AM: 	sent_encoder._text_field_embedder.model.encoder.layer.5.output.LayerNorm.bias: Non-trainable parameter, count 768 with torch.Size([768])
09/16 08:25:04 AM: 	sent_encoder._text_field_embedder.model.encoder.layer.6.attention.self.query.weight: Non-trainable parameter, count 589824 with torch.Size([768, 768])
09/16 08:25:04 AM: 	sent_encoder._text_field_embedder.model.encoder.layer.6.attention.self.query.bias: Non-trainable parameter, count 768 with torch.Size([768])
09/16 08:25:04 AM: 	sent_encoder._text_field_embedder.model.encoder.layer.6.attention.self.key.weight: Non-trainable parameter, count 589824 with torch.Size([768, 768])
09/16 08:25:04 AM: 	sent_encoder._text_field_embedder.model.encoder.layer.6.attention.self.key.bias: Non-trainable parameter, count 768 with torch.Size([768])
09/16 08:25:04 AM: 	sent_encoder._text_field_embedder.model.encoder.layer.6.attention.self.value.weight: Non-trainable parameter, count 589824 with torch.Size([768, 768])
09/16 08:25:04 AM: 	sent_encoder._text_field_embedder.model.encoder.layer.6.attention.self.value.bias: Non-trainable parameter, count 768 with torch.Size([768])
09/16 08:25:04 AM: 	sent_encoder._text_field_embedder.model.encoder.layer.6.attention.output.dense.weight: Non-trainable parameter, count 589824 with torch.Size([768, 768])
09/16 08:25:04 AM: 	sent_encoder._text_field_embedder.model.encoder.layer.6.attention.output.dense.bias: Non-trainable parameter, count 768 with torch.Size([768])
09/16 08:25:04 AM: 	sent_encoder._text_field_embedder.model.encoder.layer.6.attention.output.LayerNorm.weight: Non-trainable parameter, count 768 with torch.Size([768])
09/16 08:25:04 AM: 	sent_encoder._text_field_embedder.model.encoder.layer.6.attention.output.LayerNorm.bias: Non-trainable parameter, count 768 with torch.Size([768])
09/16 08:25:04 AM: 	sent_encoder._text_field_embedder.model.encoder.layer.6.intermediate.dense.weight: Non-trainable parameter, count 2359296 with torch.Size([3072, 768])
09/16 08:25:04 AM: 	sent_encoder._text_field_embedder.model.encoder.layer.6.intermediate.dense.bias: Non-trainable parameter, count 3072 with torch.Size([3072])
09/16 08:25:04 AM: 	sent_encoder._text_field_embedder.model.encoder.layer.6.output.dense.weight: Non-trainable parameter, count 2359296 with torch.Size([768, 3072])
09/16 08:25:04 AM: 	sent_encoder._text_field_embedder.model.encoder.layer.6.output.dense.bias: Non-trainable parameter, count 768 with torch.Size([768])
09/16 08:25:04 AM: 	sent_encoder._text_field_embedder.model.encoder.layer.6.output.LayerNorm.weight: Non-trainable parameter, count 768 with torch.Size([768])
09/16 08:25:04 AM: 	sent_encoder._text_field_embedder.model.encoder.layer.6.output.LayerNorm.bias: Non-trainable parameter, count 768 with torch.Size([768])
09/16 08:25:04 AM: 	sent_encoder._text_field_embedder.model.encoder.layer.7.attention.self.query.weight: Non-trainable parameter, count 589824 with torch.Size([768, 768])
09/16 08:25:04 AM: 	sent_encoder._text_field_embedder.model.encoder.layer.7.attention.self.query.bias: Non-trainable parameter, count 768 with torch.Size([768])
09/16 08:25:04 AM: 	sent_encoder._text_field_embedder.model.encoder.layer.7.attention.self.key.weight: Non-trainable parameter, count 589824 with torch.Size([768, 768])
09/16 08:25:04 AM: 	sent_encoder._text_field_embedder.model.encoder.layer.7.attention.self.key.bias: Non-trainable parameter, count 768 with torch.Size([768])
09/16 08:25:04 AM: 	sent_encoder._text_field_embedder.model.encoder.layer.7.attention.self.value.weight: Non-trainable parameter, count 589824 with torch.Size([768, 768])
09/16 08:25:04 AM: 	sent_encoder._text_field_embedder.model.encoder.layer.7.attention.self.value.bias: Non-trainable parameter, count 768 with torch.Size([768])
09/16 08:25:04 AM: 	sent_encoder._text_field_embedder.model.encoder.layer.7.attention.output.dense.weight: Non-trainable parameter, count 589824 with torch.Size([768, 768])
09/16 08:25:04 AM: 	sent_encoder._text_field_embedder.model.encoder.layer.7.attention.output.dense.bias: Non-trainable parameter, count 768 with torch.Size([768])
09/16 08:25:04 AM: 	sent_encoder._text_field_embedder.model.encoder.layer.7.attention.output.LayerNorm.weight: Non-trainable parameter, count 768 with torch.Size([768])
09/16 08:25:04 AM: 	sent_encoder._text_field_embedder.model.encoder.layer.7.attention.output.LayerNorm.bias: Non-trainable parameter, count 768 with torch.Size([768])
09/16 08:25:04 AM: 	sent_encoder._text_field_embedder.model.encoder.layer.7.intermediate.dense.weight: Non-trainable parameter, count 2359296 with torch.Size([3072, 768])
09/16 08:25:04 AM: 	sent_encoder._text_field_embedder.model.encoder.layer.7.intermediate.dense.bias: Non-trainable parameter, count 3072 with torch.Size([3072])
09/16 08:25:04 AM: 	sent_encoder._text_field_embedder.model.encoder.layer.7.output.dense.weight: Non-trainable parameter, count 2359296 with torch.Size([768, 3072])
09/16 08:25:04 AM: 	sent_encoder._text_field_embedder.model.encoder.layer.7.output.dense.bias: Non-trainable parameter, count 768 with torch.Size([768])
09/16 08:25:04 AM: 	sent_encoder._text_field_embedder.model.encoder.layer.7.output.LayerNorm.weight: Non-trainable parameter, count 768 with torch.Size([768])
09/16 08:25:04 AM: 	sent_encoder._text_field_embedder.model.encoder.layer.7.output.LayerNorm.bias: Non-trainable parameter, count 768 with torch.Size([768])
09/16 08:25:04 AM: 	sent_encoder._text_field_embedder.model.encoder.layer.8.attention.self.query.weight: Non-trainable parameter, count 589824 with torch.Size([768, 768])
09/16 08:25:04 AM: 	sent_encoder._text_field_embedder.model.encoder.layer.8.attention.self.query.bias: Non-trainable parameter, count 768 with torch.Size([768])
09/16 08:25:04 AM: 	sent_encoder._text_field_embedder.model.encoder.layer.8.attention.self.key.weight: Non-trainable parameter, count 589824 with torch.Size([768, 768])
09/16 08:25:04 AM: 	sent_encoder._text_field_embedder.model.encoder.layer.8.attention.self.key.bias: Non-trainable parameter, count 768 with torch.Size([768])
09/16 08:25:04 AM: 	sent_encoder._text_field_embedder.model.encoder.layer.8.attention.self.value.weight: Non-trainable parameter, count 589824 with torch.Size([768, 768])
09/16 08:25:04 AM: 	sent_encoder._text_field_embedder.model.encoder.layer.8.attention.self.value.bias: Non-trainable parameter, count 768 with torch.Size([768])
09/16 08:25:04 AM: 	sent_encoder._text_field_embedder.model.encoder.layer.8.attention.output.dense.weight: Non-trainable parameter, count 589824 with torch.Size([768, 768])
09/16 08:25:04 AM: 	sent_encoder._text_field_embedder.model.encoder.layer.8.attention.output.dense.bias: Non-trainable parameter, count 768 with torch.Size([768])
09/16 08:25:04 AM: 	sent_encoder._text_field_embedder.model.encoder.layer.8.attention.output.LayerNorm.weight: Non-trainable parameter, count 768 with torch.Size([768])
09/16 08:25:04 AM: 	sent_encoder._text_field_embedder.model.encoder.layer.8.attention.output.LayerNorm.bias: Non-trainable parameter, count 768 with torch.Size([768])
09/16 08:25:04 AM: 	sent_encoder._text_field_embedder.model.encoder.layer.8.intermediate.dense.weight: Non-trainable parameter, count 2359296 with torch.Size([3072, 768])
09/16 08:25:04 AM: 	sent_encoder._text_field_embedder.model.encoder.layer.8.intermediate.dense.bias: Non-trainable parameter, count 3072 with torch.Size([3072])
09/16 08:25:04 AM: 	sent_encoder._text_field_embedder.model.encoder.layer.8.output.dense.weight: Non-trainable parameter, count 2359296 with torch.Size([768, 3072])
09/16 08:25:04 AM: 	sent_encoder._text_field_embedder.model.encoder.layer.8.output.dense.bias: Non-trainable parameter, count 768 with torch.Size([768])
09/16 08:25:04 AM: 	sent_encoder._text_field_embedder.model.encoder.layer.8.output.LayerNorm.weight: Non-trainable parameter, count 768 with torch.Size([768])
09/16 08:25:04 AM: 	sent_encoder._text_field_embedder.model.encoder.layer.8.output.LayerNorm.bias: Non-trainable parameter, count 768 with torch.Size([768])
09/16 08:25:04 AM: 	sent_encoder._text_field_embedder.model.encoder.layer.9.attention.self.query.weight: Non-trainable parameter, count 589824 with torch.Size([768, 768])
09/16 08:25:04 AM: 	sent_encoder._text_field_embedder.model.encoder.layer.9.attention.self.query.bias: Non-trainable parameter, count 768 with torch.Size([768])
09/16 08:25:04 AM: 	sent_encoder._text_field_embedder.model.encoder.layer.9.attention.self.key.weight: Non-trainable parameter, count 589824 with torch.Size([768, 768])
09/16 08:25:04 AM: 	sent_encoder._text_field_embedder.model.encoder.layer.9.attention.self.key.bias: Non-trainable parameter, count 768 with torch.Size([768])
09/16 08:25:04 AM: 	sent_encoder._text_field_embedder.model.encoder.layer.9.attention.self.value.weight: Non-trainable parameter, count 589824 with torch.Size([768, 768])
09/16 08:25:04 AM: 	sent_encoder._text_field_embedder.model.encoder.layer.9.attention.self.value.bias: Non-trainable parameter, count 768 with torch.Size([768])
09/16 08:25:04 AM: 	sent_encoder._text_field_embedder.model.encoder.layer.9.attention.output.dense.weight: Non-trainable parameter, count 589824 with torch.Size([768, 768])
09/16 08:25:04 AM: 	sent_encoder._text_field_embedder.model.encoder.layer.9.attention.output.dense.bias: Non-trainable parameter, count 768 with torch.Size([768])
09/16 08:25:04 AM: 	sent_encoder._text_field_embedder.model.encoder.layer.9.attention.output.LayerNorm.weight: Non-trainable parameter, count 768 with torch.Size([768])
09/16 08:25:04 AM: 	sent_encoder._text_field_embedder.model.encoder.layer.9.attention.output.LayerNorm.bias: Non-trainable parameter, count 768 with torch.Size([768])
09/16 08:25:04 AM: 	sent_encoder._text_field_embedder.model.encoder.layer.9.intermediate.dense.weight: Non-trainable parameter, count 2359296 with torch.Size([3072, 768])
09/16 08:25:04 AM: 	sent_encoder._text_field_embedder.model.encoder.layer.9.intermediate.dense.bias: Non-trainable parameter, count 3072 with torch.Size([3072])
09/16 08:25:04 AM: 	sent_encoder._text_field_embedder.model.encoder.layer.9.output.dense.weight: Non-trainable parameter, count 2359296 with torch.Size([768, 3072])
09/16 08:25:04 AM: 	sent_encoder._text_field_embedder.model.encoder.layer.9.output.dense.bias: Non-trainable parameter, count 768 with torch.Size([768])
09/16 08:25:04 AM: 	sent_encoder._text_field_embedder.model.encoder.layer.9.output.LayerNorm.weight: Non-trainable parameter, count 768 with torch.Size([768])
09/16 08:25:04 AM: 	sent_encoder._text_field_embedder.model.encoder.layer.9.output.LayerNorm.bias: Non-trainable parameter, count 768 with torch.Size([768])
09/16 08:25:04 AM: 	sent_encoder._text_field_embedder.model.encoder.layer.10.attention.self.query.weight: Non-trainable parameter, count 589824 with torch.Size([768, 768])
09/16 08:25:04 AM: 	sent_encoder._text_field_embedder.model.encoder.layer.10.attention.self.query.bias: Non-trainable parameter, count 768 with torch.Size([768])
09/16 08:25:04 AM: 	sent_encoder._text_field_embedder.model.encoder.layer.10.attention.self.key.weight: Non-trainable parameter, count 589824 with torch.Size([768, 768])
09/16 08:25:04 AM: 	sent_encoder._text_field_embedder.model.encoder.layer.10.attention.self.key.bias: Non-trainable parameter, count 768 with torch.Size([768])
09/16 08:25:04 AM: 	sent_encoder._text_field_embedder.model.encoder.layer.10.attention.self.value.weight: Non-trainable parameter, count 589824 with torch.Size([768, 768])
09/16 08:25:04 AM: 	sent_encoder._text_field_embedder.model.encoder.layer.10.attention.self.value.bias: Non-trainable parameter, count 768 with torch.Size([768])
09/16 08:25:04 AM: 	sent_encoder._text_field_embedder.model.encoder.layer.10.attention.output.dense.weight: Non-trainable parameter, count 589824 with torch.Size([768, 768])
09/16 08:25:04 AM: 	sent_encoder._text_field_embedder.model.encoder.layer.10.attention.output.dense.bias: Non-trainable parameter, count 768 with torch.Size([768])
09/16 08:25:04 AM: 	sent_encoder._text_field_embedder.model.encoder.layer.10.attention.output.LayerNorm.weight: Non-trainable parameter, count 768 with torch.Size([768])
09/16 08:25:04 AM: 	sent_encoder._text_field_embedder.model.encoder.layer.10.attention.output.LayerNorm.bias: Non-trainable parameter, count 768 with torch.Size([768])
09/16 08:25:04 AM: 	sent_encoder._text_field_embedder.model.encoder.layer.10.intermediate.dense.weight: Non-trainable parameter, count 2359296 with torch.Size([3072, 768])
09/16 08:25:04 AM: 	sent_encoder._text_field_embedder.model.encoder.layer.10.intermediate.dense.bias: Non-trainable parameter, count 3072 with torch.Size([3072])
09/16 08:25:04 AM: 	sent_encoder._text_field_embedder.model.encoder.layer.10.output.dense.weight: Non-trainable parameter, count 2359296 with torch.Size([768, 3072])
09/16 08:25:04 AM: 	sent_encoder._text_field_embedder.model.encoder.layer.10.output.dense.bias: Non-trainable parameter, count 768 with torch.Size([768])
09/16 08:25:04 AM: 	sent_encoder._text_field_embedder.model.encoder.layer.10.output.LayerNorm.weight: Non-trainable parameter, count 768 with torch.Size([768])
09/16 08:25:04 AM: 	sent_encoder._text_field_embedder.model.encoder.layer.10.output.LayerNorm.bias: Non-trainable parameter, count 768 with torch.Size([768])
09/16 08:25:04 AM: 	sent_encoder._text_field_embedder.model.encoder.layer.11.attention.self.query.weight: Non-trainable parameter, count 589824 with torch.Size([768, 768])
09/16 08:25:04 AM: 	sent_encoder._text_field_embedder.model.encoder.layer.11.attention.self.query.bias: Non-trainable parameter, count 768 with torch.Size([768])
09/16 08:25:04 AM: 	sent_encoder._text_field_embedder.model.encoder.layer.11.attention.self.key.weight: Non-trainable parameter, count 589824 with torch.Size([768, 768])
09/16 08:25:04 AM: 	sent_encoder._text_field_embedder.model.encoder.layer.11.attention.self.key.bias: Non-trainable parameter, count 768 with torch.Size([768])
09/16 08:25:04 AM: 	sent_encoder._text_field_embedder.model.encoder.layer.11.attention.self.value.weight: Non-trainable parameter, count 589824 with torch.Size([768, 768])
09/16 08:25:04 AM: 	sent_encoder._text_field_embedder.model.encoder.layer.11.attention.self.value.bias: Non-trainable parameter, count 768 with torch.Size([768])
09/16 08:25:04 AM: 	sent_encoder._text_field_embedder.model.encoder.layer.11.attention.output.dense.weight: Non-trainable parameter, count 589824 with torch.Size([768, 768])
09/16 08:25:04 AM: 	sent_encoder._text_field_embedder.model.encoder.layer.11.attention.output.dense.bias: Non-trainable parameter, count 768 with torch.Size([768])
09/16 08:25:04 AM: 	sent_encoder._text_field_embedder.model.encoder.layer.11.attention.output.LayerNorm.weight: Non-trainable parameter, count 768 with torch.Size([768])
09/16 08:25:04 AM: 	sent_encoder._text_field_embedder.model.encoder.layer.11.attention.output.LayerNorm.bias: Non-trainable parameter, count 768 with torch.Size([768])
09/16 08:25:04 AM: 	sent_encoder._text_field_embedder.model.encoder.layer.11.intermediate.dense.weight: Non-trainable parameter, count 2359296 with torch.Size([3072, 768])
09/16 08:25:04 AM: 	sent_encoder._text_field_embedder.model.encoder.layer.11.intermediate.dense.bias: Non-trainable parameter, count 3072 with torch.Size([3072])
09/16 08:25:04 AM: 	sent_encoder._text_field_embedder.model.encoder.layer.11.output.dense.weight: Non-trainable parameter, count 2359296 with torch.Size([768, 3072])
09/16 08:25:04 AM: 	sent_encoder._text_field_embedder.model.encoder.layer.11.output.dense.bias: Non-trainable parameter, count 768 with torch.Size([768])
09/16 08:25:04 AM: 	sent_encoder._text_field_embedder.model.encoder.layer.11.output.LayerNorm.weight: Non-trainable parameter, count 768 with torch.Size([768])
09/16 08:25:04 AM: 	sent_encoder._text_field_embedder.model.encoder.layer.11.output.LayerNorm.bias: Non-trainable parameter, count 768 with torch.Size([768])
09/16 08:25:04 AM: 	sent_encoder._text_field_embedder.model.pooler.dense.weight: Non-trainable parameter, count 589824 with torch.Size([768, 768])
09/16 08:25:04 AM: 	sent_encoder._text_field_embedder.model.pooler.dense.bias: Non-trainable parameter, count 768 with torch.Size([768])
09/16 08:25:04 AM: 	edges-spr2_mdl.proj1.weight: Trainable parameter, count 196608 with torch.Size([256, 768, 1])
09/16 08:25:04 AM: 	edges-spr2_mdl.proj1.bias: Trainable parameter, count 256 with torch.Size([256])
09/16 08:25:04 AM: 	edges-spr2_mdl.proj2.weight: Trainable parameter, count 196608 with torch.Size([256, 768, 1])
09/16 08:25:04 AM: 	edges-spr2_mdl.proj2.bias: Trainable parameter, count 256 with torch.Size([256])
09/16 08:25:04 AM: 	edges-spr2_mdl.classifier.classifier.0.weight: Trainable parameter, count 262144 with torch.Size([256, 1024])
09/16 08:25:04 AM: 	edges-spr2_mdl.classifier.classifier.0.bias: Trainable parameter, count 256 with torch.Size([256])
09/16 08:25:04 AM: 	edges-spr2_mdl.classifier.classifier.2.weight: Trainable parameter, count 256 with torch.Size([256])
09/16 08:25:04 AM: 	edges-spr2_mdl.classifier.classifier.2.bias: Trainable parameter, count 256 with torch.Size([256])
09/16 08:25:04 AM: 	edges-spr2_mdl.classifier.classifier.4.weight: Trainable parameter, count 5120 with torch.Size([20, 256])
09/16 08:25:04 AM: 	edges-spr2_mdl.classifier.classifier.4.bias: Trainable parameter, count 20 with torch.Size([20])
09/16 08:25:04 AM: Total number of parameters: 110144020 (1.10144e+08)
09/16 08:25:04 AM: Number of trainable parameters: 661780 (661780)
09/16 08:25:04 AM: Finished building model in 17.562s
09/16 08:25:04 AM: Will run the following steps for this experiment:
Re-training model for individual target tasks 
Evaluating model on tasks: edges-spr2 

09/16 08:25:05 AM: patience = 9
09/16 08:25:05 AM: val_interval = 100
09/16 08:25:05 AM: max_vals = 100
09/16 08:25:05 AM: cuda_device = 0
09/16 08:25:05 AM: grad_norm = 5.0
09/16 08:25:05 AM: grad_clipping = None
09/16 08:25:05 AM: lr_decay = 0.99
09/16 08:25:05 AM: min_lr = 1e-06
09/16 08:25:05 AM: keep_all_checkpoints = 0
09/16 08:25:05 AM: val_data_limit = 5000
09/16 08:25:05 AM: max_epochs = -1
09/16 08:25:05 AM: dec_val_scale = 250
09/16 08:25:05 AM: training_data_fraction = 1
09/16 08:25:05 AM: type = adam
09/16 08:25:05 AM: parameter_groups = None
09/16 08:25:05 AM: Number of trainable parameters: 661780
09/16 08:25:05 AM: infer_type_and_cast = True
09/16 08:25:05 AM: Converting Params object to dict; logging of default values will not occur when dictionary parameters are used subsequently.
09/16 08:25:05 AM: CURRENTLY DEFINED PARAMETERS: 
09/16 08:25:05 AM: lr = 0.0001
09/16 08:25:05 AM: amsgrad = True
09/16 08:25:05 AM: type = reduce_on_plateau
09/16 08:25:05 AM: Converting Params object to dict; logging of default values will not occur when dictionary parameters are used subsequently.
09/16 08:25:05 AM: CURRENTLY DEFINED PARAMETERS: 
09/16 08:25:05 AM: mode = max
09/16 08:25:05 AM: factor = 0.5
09/16 08:25:05 AM: patience = 3
09/16 08:25:05 AM: threshold = 0.0001
09/16 08:25:05 AM: threshold_mode = abs
09/16 08:25:05 AM: verbose = True
09/16 08:25:05 AM: type = adam
09/16 08:25:05 AM: parameter_groups = None
09/16 08:25:05 AM: Number of trainable parameters: 661780
09/16 08:25:05 AM: infer_type_and_cast = True
09/16 08:25:05 AM: Converting Params object to dict; logging of default values will not occur when dictionary parameters are used subsequently.
09/16 08:25:05 AM: CURRENTLY DEFINED PARAMETERS: 
09/16 08:25:05 AM: lr = 0.0001
09/16 08:25:05 AM: amsgrad = True
09/16 08:25:05 AM: type = reduce_on_plateau
09/16 08:25:05 AM: Converting Params object to dict; logging of default values will not occur when dictionary parameters are used subsequently.
09/16 08:25:05 AM: CURRENTLY DEFINED PARAMETERS: 
09/16 08:25:05 AM: mode = max
09/16 08:25:05 AM: factor = 0.5
09/16 08:25:05 AM: patience = 3
09/16 08:25:05 AM: threshold = 0.0001
09/16 08:25:05 AM: threshold_mode = abs
09/16 08:25:05 AM: verbose = True
09/16 08:25:05 AM: Starting training without restoring from a checkpoint.
09/16 08:25:05 AM: Training examples per task, before any subsampling: {'edges-spr2': 2226}
09/16 08:25:05 AM: Beginning training with stopping criteria based on metric: edges-spr2_f1
09/16 08:25:10 AM: ***** Step 100 / Validation 1 *****
09/16 08:25:10 AM: edges-spr2: trained on 100 batches, 1.429 epochs
09/16 08:25:10 AM: Validating...
09/16 08:25:10 AM: Best result seen so far for edges-spr2.
09/16 08:25:10 AM: Best result seen so far for micro.
09/16 08:25:10 AM: Best result seen so far for macro.
09/16 08:25:10 AM: Updating LR scheduler:
09/16 08:25:10 AM: 	Best result seen so far for macro_avg: 0.786
09/16 08:25:10 AM: 	# validation passes without improvement: 0
09/16 08:25:10 AM: edges-spr2_loss: training: 0.390120 validation: 0.352616
09/16 08:25:10 AM: macro_avg: validation: 0.785504
09/16 08:25:10 AM: micro_avg: validation: 0.000000
09/16 08:25:10 AM: edges-spr2_mcc: training: 0.603700 validation: 0.673952
09/16 08:25:10 AM: edges-spr2_acc: training: 0.044692 validation: 0.073016
09/16 08:25:10 AM: edges-spr2_precision: training: 0.764982 validation: 0.840320
09/16 08:25:10 AM: edges-spr2_recall: training: 0.725191 validation: 0.737402
09/16 08:25:10 AM: edges-spr2_f1: training: 0.744555 validation: 0.785504
09/16 08:25:10 AM: Global learning rate: 0.0001
09/16 08:25:10 AM: Saving checkpoints to: ./experiments/spr2-sts-only/run
09/16 08:25:14 AM: ***** Step 200 / Validation 2 *****
09/16 08:25:14 AM: edges-spr2: trained on 100 batches, 1.429 epochs
09/16 08:25:14 AM: Validating...
09/16 08:25:14 AM: Best result seen so far for edges-spr2.
09/16 08:25:14 AM: Best result seen so far for macro.
09/16 08:25:14 AM: Updating LR scheduler:
09/16 08:25:14 AM: 	Best result seen so far for macro_avg: 0.798
09/16 08:25:14 AM: 	# validation passes without improvement: 0
09/16 08:25:14 AM: edges-spr2_loss: training: 0.320266 validation: 0.340138
09/16 08:25:14 AM: macro_avg: validation: 0.798128
09/16 08:25:14 AM: micro_avg: validation: 0.000000
09/16 08:25:14 AM: edges-spr2_mcc: training: 0.679966 validation: 0.688744
09/16 08:25:14 AM: edges-spr2_acc: training: 0.059328 validation: 0.077778
09/16 08:25:14 AM: edges-spr2_precision: training: 0.822808 validation: 0.838287
09/16 08:25:14 AM: edges-spr2_recall: training: 0.762782 validation: 0.761642
09/16 08:25:14 AM: edges-spr2_f1: training: 0.791659 validation: 0.798128
09/16 08:25:14 AM: Global learning rate: 0.0001
09/16 08:25:14 AM: Saving checkpoints to: ./experiments/spr2-sts-only/run
09/16 08:25:15 AM: Update 213: task edges-spr2, batch 13 (213): mcc: 0.6773, acc: 0.0528, precision: 0.8202, recall: 0.7623, f1: 0.7902, edges-spr2_loss: 0.3134
09/16 08:25:19 AM: ***** Step 300 / Validation 3 *****
09/16 08:25:19 AM: edges-spr2: trained on 100 batches, 1.429 epochs
09/16 08:25:19 AM: Validating...
09/16 08:25:19 AM: Updating LR scheduler:
09/16 08:25:19 AM: 	Best result seen so far for macro_avg: 0.798
09/16 08:25:19 AM: 	# validation passes without improvement: 1
09/16 08:25:19 AM: edges-spr2_loss: training: 0.304084 validation: 0.336000
09/16 08:25:19 AM: macro_avg: validation: 0.796149
09/16 08:25:19 AM: micro_avg: validation: 0.000000
09/16 08:25:19 AM: edges-spr2_mcc: training: 0.695853 validation: 0.686998
09/16 08:25:19 AM: edges-spr2_acc: training: 0.071499 validation: 0.079365
09/16 08:25:19 AM: edges-spr2_precision: training: 0.830520 validation: 0.840662
09/16 08:25:19 AM: edges-spr2_recall: training: 0.776665 validation: 0.756113
09/16 08:25:19 AM: edges-spr2_f1: training: 0.802690 validation: 0.796149
09/16 08:25:19 AM: Global learning rate: 0.0001
09/16 08:25:19 AM: Saving checkpoints to: ./experiments/spr2-sts-only/run
09/16 08:25:23 AM: ***** Step 400 / Validation 4 *****
09/16 08:25:23 AM: edges-spr2: trained on 100 batches, 1.429 epochs
09/16 08:25:23 AM: Validating...
09/16 08:25:23 AM: Best result seen so far for edges-spr2.
09/16 08:25:23 AM: Best result seen so far for macro.
09/16 08:25:23 AM: Updating LR scheduler:
09/16 08:25:23 AM: 	Best result seen so far for macro_avg: 0.800
09/16 08:25:23 AM: 	# validation passes without improvement: 0
09/16 08:25:23 AM: edges-spr2_loss: training: 0.291790 validation: 0.337744
09/16 08:25:23 AM: macro_avg: validation: 0.799821
09/16 08:25:23 AM: micro_avg: validation: 0.000000
09/16 08:25:23 AM: edges-spr2_mcc: training: 0.708701 validation: 0.692572
09/16 08:25:23 AM: edges-spr2_acc: training: 0.076836 validation: 0.071429
09/16 08:25:23 AM: edges-spr2_precision: training: 0.834064 validation: 0.844119
09/16 08:25:23 AM: edges-spr2_recall: training: 0.790746 validation: 0.759940
09/16 08:25:23 AM: edges-spr2_f1: training: 0.811828 validation: 0.799821
09/16 08:25:23 AM: Global learning rate: 0.0001
09/16 08:25:23 AM: Saving checkpoints to: ./experiments/spr2-sts-only/run
09/16 08:25:25 AM: Update 458: task edges-spr2, batch 58 (458): mcc: 0.7123, acc: 0.0825, precision: 0.8352, recall: 0.7945, f1: 0.8144, edges-spr2_loss: 0.2866
09/16 08:25:27 AM: ***** Step 500 / Validation 5 *****
09/16 08:25:27 AM: edges-spr2: trained on 100 batches, 1.429 epochs
09/16 08:25:27 AM: Validating...
09/16 08:25:27 AM: Best result seen so far for edges-spr2.
09/16 08:25:27 AM: Best result seen so far for macro.
09/16 08:25:27 AM: Updating LR scheduler:
09/16 08:25:27 AM: 	Best result seen so far for macro_avg: 0.803
09/16 08:25:27 AM: 	# validation passes without improvement: 0
09/16 08:25:27 AM: edges-spr2_loss: training: 0.283765 validation: 0.336614
09/16 08:25:27 AM: macro_avg: validation: 0.802912
09/16 08:25:27 AM: micro_avg: validation: 0.000000
09/16 08:25:27 AM: edges-spr2_mcc: training: 0.716561 validation: 0.693569
09/16 08:25:27 AM: edges-spr2_acc: training: 0.084055 validation: 0.073016
09/16 08:25:27 AM: edges-spr2_precision: training: 0.837764 validation: 0.834097
09/16 08:25:27 AM: edges-spr2_recall: training: 0.798154 validation: 0.773974
09/16 08:25:27 AM: edges-spr2_f1: training: 0.817479 validation: 0.802912
09/16 08:25:27 AM: Global learning rate: 0.0001
09/16 08:25:27 AM: Saving checkpoints to: ./experiments/spr2-sts-only/run
09/16 08:25:31 AM: ***** Step 600 / Validation 6 *****
09/16 08:25:31 AM: edges-spr2: trained on 100 batches, 1.429 epochs
09/16 08:25:31 AM: Validating...
09/16 08:25:31 AM: Updating LR scheduler:
09/16 08:25:31 AM: 	Best result seen so far for macro_avg: 0.803
09/16 08:25:31 AM: 	# validation passes without improvement: 1
09/16 08:25:31 AM: edges-spr2_loss: training: 0.276961 validation: 0.338334
09/16 08:25:31 AM: macro_avg: validation: 0.802672
09/16 08:25:31 AM: micro_avg: validation: 0.000000
09/16 08:25:31 AM: edges-spr2_mcc: training: 0.724818 validation: 0.691447
09/16 08:25:31 AM: edges-spr2_acc: training: 0.091152 validation: 0.066667
09/16 08:25:31 AM: edges-spr2_precision: training: 0.841446 validation: 0.827501
09/16 08:25:31 AM: edges-spr2_recall: training: 0.805033 validation: 0.779290
09/16 08:25:31 AM: edges-spr2_f1: training: 0.822837 validation: 0.802672
09/16 08:25:31 AM: Global learning rate: 0.0001
09/16 08:25:31 AM: Saving checkpoints to: ./experiments/spr2-sts-only/run
09/16 08:25:35 AM: Update 663: task edges-spr2, batch 63 (663): mcc: 0.7320, acc: 0.0810, precision: 0.8420, recall: 0.8151, f1: 0.8283, edges-spr2_loss: 0.2695
09/16 08:25:37 AM: ***** Step 700 / Validation 7 *****
09/16 08:25:37 AM: edges-spr2: trained on 100 batches, 1.429 epochs
09/16 08:25:37 AM: Validating...
09/16 08:25:37 AM: Updating LR scheduler:
09/16 08:25:37 AM: 	Best result seen so far for macro_avg: 0.803
09/16 08:25:37 AM: 	# validation passes without improvement: 2
09/16 08:25:37 AM: edges-spr2_loss: training: 0.269969 validation: 0.342062
09/16 08:25:37 AM: macro_avg: validation: 0.800263
09/16 08:25:37 AM: micro_avg: validation: 0.000000
09/16 08:25:37 AM: edges-spr2_mcc: training: 0.732311 validation: 0.688198
09/16 08:25:37 AM: edges-spr2_acc: training: 0.084763 validation: 0.076190
09/16 08:25:37 AM: edges-spr2_precision: training: 0.844459 validation: 0.826945
09/16 08:25:37 AM: edges-spr2_recall: training: 0.812484 validation: 0.775250
09/16 08:25:37 AM: edges-spr2_f1: training: 0.828163 validation: 0.800263
09/16 08:25:37 AM: Global learning rate: 0.0001
09/16 08:25:37 AM: Saving checkpoints to: ./experiments/spr2-sts-only/run
09/16 08:25:43 AM: ***** Step 800 / Validation 8 *****
09/16 08:25:43 AM: edges-spr2: trained on 100 batches, 1.429 epochs
09/16 08:25:43 AM: Validating...
09/16 08:25:44 AM: Updating LR scheduler:
09/16 08:25:44 AM: 	Best result seen so far for macro_avg: 0.803
09/16 08:25:44 AM: 	# validation passes without improvement: 3
09/16 08:25:44 AM: edges-spr2_loss: training: 0.264719 validation: 0.343552
09/16 08:25:44 AM: macro_avg: validation: 0.800840
09/16 08:25:44 AM: micro_avg: validation: 0.000000
09/16 08:25:44 AM: edges-spr2_mcc: training: 0.738109 validation: 0.690862
09/16 08:25:44 AM: edges-spr2_acc: training: 0.094966 validation: 0.073016
09/16 08:25:44 AM: edges-spr2_precision: training: 0.847777 validation: 0.833832
09/16 08:25:44 AM: edges-spr2_recall: training: 0.816474 validation: 0.770359
09/16 08:25:44 AM: edges-spr2_f1: training: 0.831831 validation: 0.800840
09/16 08:25:44 AM: Global learning rate: 0.0001
09/16 08:25:44 AM: Saving checkpoints to: ./experiments/spr2-sts-only/run
09/16 08:25:45 AM: Update 835: task edges-spr2, batch 35 (835): mcc: 0.7344, acc: 0.0903, precision: 0.8461, recall: 0.8130, f1: 0.8292, edges-spr2_loss: 0.2652
09/16 08:25:48 AM: ***** Step 900 / Validation 9 *****
09/16 08:25:48 AM: edges-spr2: trained on 100 batches, 1.429 epochs
09/16 08:25:48 AM: Validating...
09/16 08:25:49 AM: Updating LR scheduler:
09/16 08:25:49 AM: 	Best result seen so far for macro_avg: 0.803
09/16 08:25:49 AM: 	# validation passes without improvement: 0
09/16 08:25:49 AM: edges-spr2_loss: training: 0.260873 validation: 0.348185
09/16 08:25:49 AM: macro_avg: validation: 0.798242
09/16 08:25:49 AM: micro_avg: validation: 0.000000
09/16 08:25:49 AM: edges-spr2_mcc: training: 0.738605 validation: 0.685355
09/16 08:25:49 AM: edges-spr2_acc: training: 0.094674 validation: 0.069841
09/16 08:25:49 AM: edges-spr2_precision: training: 0.848164 validation: 0.826018
09/16 08:25:49 AM: edges-spr2_recall: training: 0.816154 validation: 0.772273
09/16 08:25:49 AM: edges-spr2_f1: training: 0.831851 validation: 0.798242
09/16 08:25:49 AM: Global learning rate: 5e-05
09/16 08:25:49 AM: Saving checkpoints to: ./experiments/spr2-sts-only/run
09/16 08:25:53 AM: ***** Step 1000 / Validation 10 *****
09/16 08:25:53 AM: edges-spr2: trained on 100 batches, 1.429 epochs
09/16 08:25:53 AM: Validating...
09/16 08:25:53 AM: Updating LR scheduler:
09/16 08:25:53 AM: 	Best result seen so far for macro_avg: 0.803
09/16 08:25:53 AM: 	# validation passes without improvement: 1
09/16 08:25:53 AM: edges-spr2_loss: training: 0.256936 validation: 0.345957
09/16 08:25:53 AM: macro_avg: validation: 0.795064
09/16 08:25:53 AM: micro_avg: validation: 0.000000
09/16 08:25:53 AM: edges-spr2_mcc: training: 0.745496 validation: 0.681045
09/16 08:25:53 AM: edges-spr2_acc: training: 0.108659 validation: 0.065079
09/16 08:25:53 AM: edges-spr2_precision: training: 0.852559 validation: 0.825063
09/16 08:25:53 AM: edges-spr2_recall: training: 0.822262 validation: 0.767170
09/16 08:25:53 AM: edges-spr2_f1: training: 0.837137 validation: 0.795064
09/16 08:25:53 AM: Global learning rate: 5e-05
09/16 08:25:53 AM: Saving checkpoints to: ./experiments/spr2-sts-only/run
09/16 08:25:55 AM: Update 1051: task edges-spr2, batch 51 (1051): mcc: 0.7536, acc: 0.1058, precision: 0.8563, recall: 0.8273, f1: 0.8416, edges-spr2_loss: 0.2530
09/16 08:25:58 AM: ***** Step 1100 / Validation 11 *****
09/16 08:25:58 AM: edges-spr2: trained on 100 batches, 1.429 epochs
09/16 08:25:58 AM: Validating...
09/16 08:25:58 AM: Updating LR scheduler:
09/16 08:25:58 AM: 	Best result seen so far for macro_avg: 0.803
09/16 08:25:58 AM: 	# validation passes without improvement: 2
09/16 08:25:58 AM: edges-spr2_loss: training: 0.251368 validation: 0.347813
09/16 08:25:58 AM: macro_avg: validation: 0.797500
09/16 08:25:58 AM: micro_avg: validation: 0.000000
09/16 08:25:58 AM: edges-spr2_mcc: training: 0.752654 validation: 0.683625
09/16 08:25:58 AM: edges-spr2_acc: training: 0.105638 validation: 0.066667
09/16 08:25:58 AM: edges-spr2_precision: training: 0.855161 validation: 0.823223
09/16 08:25:58 AM: edges-spr2_recall: training: 0.827769 validation: 0.773336
09/16 08:25:58 AM: edges-spr2_f1: training: 0.841242 validation: 0.797500
09/16 08:25:58 AM: Global learning rate: 5e-05
09/16 08:25:58 AM: Saving checkpoints to: ./experiments/spr2-sts-only/run
09/16 08:26:03 AM: ***** Step 1200 / Validation 12 *****
09/16 08:26:03 AM: edges-spr2: trained on 100 batches, 1.429 epochs
09/16 08:26:03 AM: Validating...
09/16 08:26:03 AM: Updating LR scheduler:
09/16 08:26:03 AM: 	Best result seen so far for macro_avg: 0.803
09/16 08:26:03 AM: 	# validation passes without improvement: 3
09/16 08:26:03 AM: edges-spr2_loss: training: 0.252324 validation: 0.348947
09/16 08:26:03 AM: macro_avg: validation: 0.800477
09/16 08:26:03 AM: micro_avg: validation: 0.000000
09/16 08:26:03 AM: edges-spr2_mcc: training: 0.751878 validation: 0.685489
09/16 08:26:03 AM: edges-spr2_acc: training: 0.111825 validation: 0.065079
09/16 08:26:03 AM: edges-spr2_precision: training: 0.855709 validation: 0.815853
09/16 08:26:03 AM: edges-spr2_recall: training: 0.826558 validation: 0.785669
09/16 08:26:03 AM: edges-spr2_f1: training: 0.840881 validation: 0.800477
09/16 08:26:03 AM: Global learning rate: 5e-05
09/16 08:26:03 AM: Saving checkpoints to: ./experiments/spr2-sts-only/run
09/16 08:26:05 AM: Update 1245: task edges-spr2, batch 45 (1245): mcc: 0.7583, acc: 0.1170, precision: 0.8605, recall: 0.8300, f1: 0.8450, edges-spr2_loss: 0.2495
09/16 08:26:08 AM: ***** Step 1300 / Validation 13 *****
09/16 08:26:08 AM: edges-spr2: trained on 100 batches, 1.429 epochs
09/16 08:26:08 AM: Validating...
09/16 08:26:08 AM: Updating LR scheduler:
09/16 08:26:08 AM: 	Best result seen so far for macro_avg: 0.803
09/16 08:26:08 AM: 	# validation passes without improvement: 0
09/16 08:26:08 AM: edges-spr2_loss: training: 0.248775 validation: 0.353226
09/16 08:26:08 AM: macro_avg: validation: 0.795487
09/16 08:26:08 AM: micro_avg: validation: 0.000000
09/16 08:26:08 AM: edges-spr2_mcc: training: 0.757264 validation: 0.680252
09/16 08:26:08 AM: edges-spr2_acc: training: 0.112824 validation: 0.069841
09/16 08:26:08 AM: edges-spr2_precision: training: 0.859133 validation: 0.820380
09/16 08:26:08 AM: edges-spr2_recall: training: 0.829501 validation: 0.772060
09/16 08:26:08 AM: edges-spr2_f1: training: 0.844057 validation: 0.795487
09/16 08:26:08 AM: Global learning rate: 2.5e-05
09/16 08:26:08 AM: Saving checkpoints to: ./experiments/spr2-sts-only/run
09/16 08:26:12 AM: ***** Step 1400 / Validation 14 *****
09/16 08:26:12 AM: edges-spr2: trained on 100 batches, 1.429 epochs
09/16 08:26:12 AM: Validating...
09/16 08:26:13 AM: Updating LR scheduler:
09/16 08:26:13 AM: 	Best result seen so far for macro_avg: 0.803
09/16 08:26:13 AM: 	# validation passes without improvement: 1
09/16 08:26:13 AM: edges-spr2_loss: training: 0.246275 validation: 0.352427
09/16 08:26:13 AM: macro_avg: validation: 0.796150
09/16 08:26:13 AM: micro_avg: validation: 0.000000
09/16 08:26:13 AM: edges-spr2_mcc: training: 0.758325 validation: 0.680895
09/16 08:26:13 AM: edges-spr2_acc: training: 0.117706 validation: 0.058730
09/16 08:26:13 AM: edges-spr2_precision: training: 0.859188 validation: 0.819635
09/16 08:26:13 AM: edges-spr2_recall: training: 0.831760 validation: 0.773974
09/16 08:26:13 AM: edges-spr2_f1: training: 0.845252 validation: 0.796150
09/16 08:26:13 AM: Global learning rate: 2.5e-05
09/16 08:26:13 AM: Saving checkpoints to: ./experiments/spr2-sts-only/run
09/16 08:26:16 AM: Update 1473: task edges-spr2, batch 73 (1473): mcc: 0.7560, acc: 0.1148, precision: 0.8577, recall: 0.8297, f1: 0.8435, edges-spr2_loss: 0.2466
09/16 08:26:16 AM: ***** Step 1500 / Validation 15 *****
09/16 08:26:16 AM: edges-spr2: trained on 100 batches, 1.429 epochs
09/16 08:26:16 AM: Validating...
09/16 08:26:17 AM: Updating LR scheduler:
09/16 08:26:17 AM: 	Best result seen so far for macro_avg: 0.803
09/16 08:26:17 AM: 	# validation passes without improvement: 2
09/16 08:26:17 AM: Ran out of early stopping patience. Stopping training.
09/16 08:26:17 AM: edges-spr2_loss: training: 0.244883 validation: 0.353260
09/16 08:26:17 AM: macro_avg: validation: 0.798829
09/16 08:26:17 AM: micro_avg: validation: 0.000000
09/16 08:26:17 AM: edges-spr2_mcc: training: 0.758933 validation: 0.683034
09/16 08:26:17 AM: edges-spr2_acc: training: 0.117927 validation: 0.055556
09/16 08:26:17 AM: edges-spr2_precision: training: 0.860407 validation: 0.814725
09/16 08:26:17 AM: edges-spr2_recall: training: 0.831243 validation: 0.783542
09/16 08:26:17 AM: edges-spr2_f1: training: 0.845574 validation: 0.798829
09/16 08:26:17 AM: Global learning rate: 2.5e-05
09/16 08:26:17 AM: Saving checkpoints to: ./experiments/spr2-sts-only/run
09/16 08:26:17 AM: Stopped training after 15 validation checks
09/16 08:26:17 AM: Trained edges-spr2 for 1500 batches or 21.429 epochs
09/16 08:26:17 AM: ***** VALIDATION RESULTS *****
09/16 08:26:17 AM: edges-spr2_f1 (for best val pass 5): edges-spr2_loss: 0.33661, macro_avg: 0.80291, micro_avg: 0.00000, edges-spr2_mcc: 0.69357, edges-spr2_acc: 0.07302, edges-spr2_precision: 0.83410, edges-spr2_recall: 0.77397, edges-spr2_f1: 0.80291
09/16 08:26:17 AM: micro_avg (for best val pass 1): edges-spr2_loss: 0.35262, macro_avg: 0.78550, micro_avg: 0.00000, edges-spr2_mcc: 0.67395, edges-spr2_acc: 0.07302, edges-spr2_precision: 0.84032, edges-spr2_recall: 0.73740, edges-spr2_f1: 0.78550
09/16 08:26:17 AM: macro_avg (for best val pass 5): edges-spr2_loss: 0.33661, macro_avg: 0.80291, micro_avg: 0.00000, edges-spr2_mcc: 0.69357, edges-spr2_acc: 0.07302, edges-spr2_precision: 0.83410, edges-spr2_recall: 0.77397, edges-spr2_f1: 0.80291
09/16 08:26:17 AM: Evaluating...
09/16 08:26:17 AM: Loaded model state from ./experiments/spr2-sts-only/run/edges-spr2/model_state_target_train_val_5.best.th
09/16 08:26:17 AM: Evaluating on: edges-spr2, split: val
09/16 08:26:17 AM: Task 'edges-spr2': sorting predictions by 'idx'
09/16 08:26:17 AM: Finished evaluating on: edges-spr2
09/16 08:26:17 AM: Task 'edges-spr2': joining predictions with input split 'val'
09/16 08:26:17 AM: Task 'edges-spr2': Wrote predictions to ./experiments/spr2-sts-only/run
09/16 08:26:17 AM: Wrote all preds for split 'val' to ./experiments/spr2-sts-only/run
09/16 08:26:17 AM: Evaluating on: edges-spr2, split: test
09/16 08:26:17 AM: Task 'edges-spr2': sorting predictions by 'idx'
09/16 08:26:17 AM: Finished evaluating on: edges-spr2
09/16 08:26:17 AM: Task 'edges-spr2': joining predictions with input split 'test'
09/16 08:26:17 AM: Task 'edges-spr2': Wrote predictions to ./experiments/spr2-sts-only/run
09/16 08:26:17 AM: Wrote all preds for split 'test' to ./experiments/spr2-sts-only/run
09/16 08:26:17 AM: Writing results for split 'val' to ./experiments/spr2-sts-only/results.tsv
09/16 08:26:17 AM: micro_avg: 0.000, macro_avg: 0.803, edges-spr2_mcc: 0.694, edges-spr2_acc: 0.073, edges-spr2_precision: 0.834, edges-spr2_recall: 0.774, edges-spr2_f1: 0.803
09/16 08:26:17 AM: Done!
09/16 08:26:17 AM: Fatal error in main():
Traceback (most recent call last):
  File "main.py", line 16, in <module>
    main(sys.argv[1:])
  File "/srv/home/ericwallace/jiant/jiant/__main__.py", line 610, in main
    exit("Done exited")
  File "/home/ericwallace/miniconda3/envs/jiant/lib/python3.6/_sitebuiltins.py", line 26, in __call__
    raise SystemExit(code)
SystemExit: Done exited
