09/16 08:18:27 AM: Git branch: master
09/16 08:18:27 AM: Git SHA: a6b97574b819abe0c17f2f3300d1097e5c87dbde
09/16 08:18:27 AM: Parsed args: 
{
  "allow_missing_task_map": 1,
  "allow_untrained_encoder_parameters": 1,
  "do_pretrain": 0,
  "exp_dir": "./experiments/rel-semeval-squad-top/",
  "exp_name": "experiments/rel-semeval-squad-top",
  "input_module": "bert-base-uncased",
  "local_log_path": "./experiments/rel-semeval-squad-top/run/log.log",
  "lr_patience": 3,
  "max_seq_len": 512,
  "output_mode": "top",
  "patience": 9,
  "pretrain_tasks": "",
  "pretrained_dir": "models/squad",
  "pytorch_transformers_output_mode": "top",
  "remote_log_name": "experiments/rel-semeval-squad-top__run",
  "run_dir": "./experiments/rel-semeval-squad-top/run",
  "run_name": "run",
  "sent_enc": "none",
  "sep_embs_for_skip": 1,
  "target_tasks": "edges-rel-semeval",
  "tokenizer": "bert-base-uncased",
  "write_preds": "val,test"
}
09/16 08:18:27 AM: Saved config to ./experiments/rel-semeval-squad-top/run/params.conf
09/16 08:18:27 AM: Using random seed 1234
09/16 08:18:27 AM: Using GPU 0
09/16 08:18:27 AM: Loading tasks...
09/16 08:18:27 AM: Writing pre-preprocessed tasks to ./experiments/rel-semeval-squad-top/
09/16 08:18:27 AM: 	Creating task edges-rel-semeval from scratch.
09/16 08:18:27 AM: Read=6851, Skip=0, Total=6851 from ./probing_data/edges/semeval/train.0.85.json.retokenized.bert-base-uncased
09/16 08:18:27 AM: Read=1149, Skip=0, Total=1149 from ./probing_data/edges/semeval/dev.json.retokenized.bert-base-uncased
09/16 08:18:27 AM: Read=2717, Skip=0, Total=2717 from ./probing_data/edges/semeval/test.json.retokenized.bert-base-uncased
09/16 08:18:28 AM: 	Task 'edges-rel-semeval': |train|=6851 |val|=1149 |test|=2717
09/16 08:18:28 AM: 	Finished loading tasks: edges-rel-semeval.
09/16 08:18:28 AM: 	Building vocab from scratch.
09/16 08:18:28 AM: 	Counting units for task edges-rel-semeval.
09/16 08:18:28 AM: 	Task 'edges-rel-semeval': adding vocab namespace 'edges-rel-semeval_labels'
09/16 08:18:29 AM: loading file https://s3.amazonaws.com/models.huggingface.co/bert/bert-base-uncased-vocab.txt from cache at /home/ericwallace/.cache/torch/pytorch_transformers/26bc1ad6c0ac742e9b52263248f6d0f00068293b33709fae12320c0e35ccfbbb.542ce4285a40d23a559526243235df47c5f75c197f04f37d1a0c124c32c9a084
09/16 08:18:29 AM: Added pytorch_transformers vocab (bert-base-uncased): 30522 tokens
09/16 08:18:29 AM: 	Saved vocab to ./experiments/rel-semeval-squad-top/vocab
09/16 08:18:29 AM: Loading token dictionary from ./experiments/rel-semeval-squad-top/vocab.
09/16 08:18:29 AM: 	Loaded vocab from ./experiments/rel-semeval-squad-top/vocab
09/16 08:18:29 AM: 	Vocab namespace bert_uncased: size 30524
09/16 08:18:29 AM: 	Vocab namespace tokens: size 16020
09/16 08:18:29 AM: 	Vocab namespace chars: size 59
09/16 08:18:29 AM: 	Vocab namespace edges-rel-semeval_labels: size 19
09/16 08:18:29 AM: 	Finished building vocab.
09/16 08:18:29 AM: 	Task edges-rel-semeval (train): Indexing from scratch.
09/16 08:18:30 AM: 	Task edges-rel-semeval (train): Saved 6851 instances to ./experiments/rel-semeval-squad-top/preproc/edges-rel-semeval__train_data
09/16 08:18:30 AM: 	Task edges-rel-semeval (val): Indexing from scratch.
09/16 08:18:30 AM: 	Task edges-rel-semeval (val): Saved 1149 instances to ./experiments/rel-semeval-squad-top/preproc/edges-rel-semeval__val_data
09/16 08:18:30 AM: 	Task edges-rel-semeval (test): Indexing from scratch.
09/16 08:18:30 AM: 	Task edges-rel-semeval (test): Saved 2717 instances to ./experiments/rel-semeval-squad-top/preproc/edges-rel-semeval__test_data
09/16 08:18:30 AM: 	Finished indexing tasks
09/16 08:18:30 AM: 	Creating trimmed target-only version of edges-rel-semeval train.
09/16 08:18:30 AM: 	  Training on 
09/16 08:18:30 AM: 	  Evaluating on edges-rel-semeval
09/16 08:18:30 AM: 	Finished loading tasks in 2.706s
09/16 08:18:30 AM: 	 Tasks: ['edges-rel-semeval']
09/16 08:18:30 AM: Building model...
09/16 08:18:30 AM: Using BERT model (bert-base-uncased).
09/16 08:18:30 AM: LOADING A FUNETUNED MODEL from: 
09/16 08:18:30 AM: models/squad
09/16 08:18:30 AM: loading configuration file models/squad/config.json
09/16 08:18:30 AM: Model config {
  "attention_probs_dropout_prob": 0.1,
  "finetuning_task": null,
  "hidden_act": "gelu",
  "hidden_dropout_prob": 0.1,
  "hidden_size": 768,
  "initializer_range": 0.02,
  "intermediate_size": 3072,
  "layer_norm_eps": 1e-12,
  "max_position_embeddings": 512,
  "num_attention_heads": 12,
  "num_hidden_layers": 12,
  "num_labels": 2,
  "output_attentions": false,
  "output_hidden_states": true,
  "pruned_heads": {},
  "torchscript": false,
  "type_vocab_size": 2,
  "vocab_size": 30522
}

09/16 08:18:30 AM: loading weights file models/squad/pytorch_model.bin
09/16 08:18:33 AM: https://s3.amazonaws.com/models.huggingface.co/bert/bert-base-uncased-vocab.txt not found in cache or force_download set to True, downloading to /tmp/tmpzxx6nipv
09/16 08:18:36 AM: copying /tmp/tmpzxx6nipv to cache at ./experiments/rel-semeval-squad-top/pytorch_transformers_cache/26bc1ad6c0ac742e9b52263248f6d0f00068293b33709fae12320c0e35ccfbbb.542ce4285a40d23a559526243235df47c5f75c197f04f37d1a0c124c32c9a084
09/16 08:18:36 AM: creating metadata file for ./experiments/rel-semeval-squad-top/pytorch_transformers_cache/26bc1ad6c0ac742e9b52263248f6d0f00068293b33709fae12320c0e35ccfbbb.542ce4285a40d23a559526243235df47c5f75c197f04f37d1a0c124c32c9a084
09/16 08:18:36 AM: removing temp file /tmp/tmpzxx6nipv
09/16 08:18:36 AM: loading file https://s3.amazonaws.com/models.huggingface.co/bert/bert-base-uncased-vocab.txt from cache at ./experiments/rel-semeval-squad-top/pytorch_transformers_cache/26bc1ad6c0ac742e9b52263248f6d0f00068293b33709fae12320c0e35ccfbbb.542ce4285a40d23a559526243235df47c5f75c197f04f37d1a0c124c32c9a084
09/16 08:18:36 AM: Initializing parameters
09/16 08:18:36 AM: Done initializing parameters; the following parameters are using their default initialization from their code
09/16 08:18:36 AM:    _text_field_embedder.model.embeddings.LayerNorm.bias
09/16 08:18:36 AM:    _text_field_embedder.model.embeddings.LayerNorm.weight
09/16 08:18:36 AM:    _text_field_embedder.model.embeddings.position_embeddings.weight
09/16 08:18:36 AM:    _text_field_embedder.model.embeddings.token_type_embeddings.weight
09/16 08:18:36 AM:    _text_field_embedder.model.embeddings.word_embeddings.weight
09/16 08:18:36 AM:    _text_field_embedder.model.encoder.layer.0.attention.output.LayerNorm.bias
09/16 08:18:36 AM:    _text_field_embedder.model.encoder.layer.0.attention.output.LayerNorm.weight
09/16 08:18:36 AM:    _text_field_embedder.model.encoder.layer.0.attention.output.dense.bias
09/16 08:18:36 AM:    _text_field_embedder.model.encoder.layer.0.attention.output.dense.weight
09/16 08:18:36 AM:    _text_field_embedder.model.encoder.layer.0.attention.self.key.bias
09/16 08:18:36 AM:    _text_field_embedder.model.encoder.layer.0.attention.self.key.weight
09/16 08:18:36 AM:    _text_field_embedder.model.encoder.layer.0.attention.self.query.bias
09/16 08:18:36 AM:    _text_field_embedder.model.encoder.layer.0.attention.self.query.weight
09/16 08:18:36 AM:    _text_field_embedder.model.encoder.layer.0.attention.self.value.bias
09/16 08:18:36 AM:    _text_field_embedder.model.encoder.layer.0.attention.self.value.weight
09/16 08:18:36 AM:    _text_field_embedder.model.encoder.layer.0.intermediate.dense.bias
09/16 08:18:36 AM:    _text_field_embedder.model.encoder.layer.0.intermediate.dense.weight
09/16 08:18:36 AM:    _text_field_embedder.model.encoder.layer.0.output.LayerNorm.bias
09/16 08:18:36 AM:    _text_field_embedder.model.encoder.layer.0.output.LayerNorm.weight
09/16 08:18:36 AM:    _text_field_embedder.model.encoder.layer.0.output.dense.bias
09/16 08:18:36 AM:    _text_field_embedder.model.encoder.layer.0.output.dense.weight
09/16 08:18:36 AM:    _text_field_embedder.model.encoder.layer.1.attention.output.LayerNorm.bias
09/16 08:18:36 AM:    _text_field_embedder.model.encoder.layer.1.attention.output.LayerNorm.weight
09/16 08:18:36 AM:    _text_field_embedder.model.encoder.layer.1.attention.output.dense.bias
09/16 08:18:36 AM:    _text_field_embedder.model.encoder.layer.1.attention.output.dense.weight
09/16 08:18:36 AM:    _text_field_embedder.model.encoder.layer.1.attention.self.key.bias
09/16 08:18:36 AM:    _text_field_embedder.model.encoder.layer.1.attention.self.key.weight
09/16 08:18:36 AM:    _text_field_embedder.model.encoder.layer.1.attention.self.query.bias
09/16 08:18:36 AM:    _text_field_embedder.model.encoder.layer.1.attention.self.query.weight
09/16 08:18:36 AM:    _text_field_embedder.model.encoder.layer.1.attention.self.value.bias
09/16 08:18:36 AM:    _text_field_embedder.model.encoder.layer.1.attention.self.value.weight
09/16 08:18:36 AM:    _text_field_embedder.model.encoder.layer.1.intermediate.dense.bias
09/16 08:18:36 AM:    _text_field_embedder.model.encoder.layer.1.intermediate.dense.weight
09/16 08:18:36 AM:    _text_field_embedder.model.encoder.layer.1.output.LayerNorm.bias
09/16 08:18:36 AM:    _text_field_embedder.model.encoder.layer.1.output.LayerNorm.weight
09/16 08:18:36 AM:    _text_field_embedder.model.encoder.layer.1.output.dense.bias
09/16 08:18:36 AM:    _text_field_embedder.model.encoder.layer.1.output.dense.weight
09/16 08:18:36 AM:    _text_field_embedder.model.encoder.layer.10.attention.output.LayerNorm.bias
09/16 08:18:36 AM:    _text_field_embedder.model.encoder.layer.10.attention.output.LayerNorm.weight
09/16 08:18:36 AM:    _text_field_embedder.model.encoder.layer.10.attention.output.dense.bias
09/16 08:18:36 AM:    _text_field_embedder.model.encoder.layer.10.attention.output.dense.weight
09/16 08:18:36 AM:    _text_field_embedder.model.encoder.layer.10.attention.self.key.bias
09/16 08:18:36 AM:    _text_field_embedder.model.encoder.layer.10.attention.self.key.weight
09/16 08:18:36 AM:    _text_field_embedder.model.encoder.layer.10.attention.self.query.bias
09/16 08:18:36 AM:    _text_field_embedder.model.encoder.layer.10.attention.self.query.weight
09/16 08:18:36 AM:    _text_field_embedder.model.encoder.layer.10.attention.self.value.bias
09/16 08:18:36 AM:    _text_field_embedder.model.encoder.layer.10.attention.self.value.weight
09/16 08:18:36 AM:    _text_field_embedder.model.encoder.layer.10.intermediate.dense.bias
09/16 08:18:36 AM:    _text_field_embedder.model.encoder.layer.10.intermediate.dense.weight
09/16 08:18:36 AM:    _text_field_embedder.model.encoder.layer.10.output.LayerNorm.bias
09/16 08:18:36 AM:    _text_field_embedder.model.encoder.layer.10.output.LayerNorm.weight
09/16 08:18:36 AM:    _text_field_embedder.model.encoder.layer.10.output.dense.bias
09/16 08:18:36 AM:    _text_field_embedder.model.encoder.layer.10.output.dense.weight
09/16 08:18:36 AM:    _text_field_embedder.model.encoder.layer.11.attention.output.LayerNorm.bias
09/16 08:18:36 AM:    _text_field_embedder.model.encoder.layer.11.attention.output.LayerNorm.weight
09/16 08:18:36 AM:    _text_field_embedder.model.encoder.layer.11.attention.output.dense.bias
09/16 08:18:36 AM:    _text_field_embedder.model.encoder.layer.11.attention.output.dense.weight
09/16 08:18:36 AM:    _text_field_embedder.model.encoder.layer.11.attention.self.key.bias
09/16 08:18:36 AM:    _text_field_embedder.model.encoder.layer.11.attention.self.key.weight
09/16 08:18:36 AM:    _text_field_embedder.model.encoder.layer.11.attention.self.query.bias
09/16 08:18:36 AM:    _text_field_embedder.model.encoder.layer.11.attention.self.query.weight
09/16 08:18:36 AM:    _text_field_embedder.model.encoder.layer.11.attention.self.value.bias
09/16 08:18:36 AM:    _text_field_embedder.model.encoder.layer.11.attention.self.value.weight
09/16 08:18:36 AM:    _text_field_embedder.model.encoder.layer.11.intermediate.dense.bias
09/16 08:18:36 AM:    _text_field_embedder.model.encoder.layer.11.intermediate.dense.weight
09/16 08:18:36 AM:    _text_field_embedder.model.encoder.layer.11.output.LayerNorm.bias
09/16 08:18:36 AM:    _text_field_embedder.model.encoder.layer.11.output.LayerNorm.weight
09/16 08:18:36 AM:    _text_field_embedder.model.encoder.layer.11.output.dense.bias
09/16 08:18:36 AM:    _text_field_embedder.model.encoder.layer.11.output.dense.weight
09/16 08:18:36 AM:    _text_field_embedder.model.encoder.layer.2.attention.output.LayerNorm.bias
09/16 08:18:36 AM:    _text_field_embedder.model.encoder.layer.2.attention.output.LayerNorm.weight
09/16 08:18:36 AM:    _text_field_embedder.model.encoder.layer.2.attention.output.dense.bias
09/16 08:18:36 AM:    _text_field_embedder.model.encoder.layer.2.attention.output.dense.weight
09/16 08:18:36 AM:    _text_field_embedder.model.encoder.layer.2.attention.self.key.bias
09/16 08:18:36 AM:    _text_field_embedder.model.encoder.layer.2.attention.self.key.weight
09/16 08:18:36 AM:    _text_field_embedder.model.encoder.layer.2.attention.self.query.bias
09/16 08:18:36 AM:    _text_field_embedder.model.encoder.layer.2.attention.self.query.weight
09/16 08:18:36 AM:    _text_field_embedder.model.encoder.layer.2.attention.self.value.bias
09/16 08:18:36 AM:    _text_field_embedder.model.encoder.layer.2.attention.self.value.weight
09/16 08:18:36 AM:    _text_field_embedder.model.encoder.layer.2.intermediate.dense.bias
09/16 08:18:36 AM:    _text_field_embedder.model.encoder.layer.2.intermediate.dense.weight
09/16 08:18:36 AM:    _text_field_embedder.model.encoder.layer.2.output.LayerNorm.bias
09/16 08:18:36 AM:    _text_field_embedder.model.encoder.layer.2.output.LayerNorm.weight
09/16 08:18:36 AM:    _text_field_embedder.model.encoder.layer.2.output.dense.bias
09/16 08:18:36 AM:    _text_field_embedder.model.encoder.layer.2.output.dense.weight
09/16 08:18:36 AM:    _text_field_embedder.model.encoder.layer.3.attention.output.LayerNorm.bias
09/16 08:18:36 AM:    _text_field_embedder.model.encoder.layer.3.attention.output.LayerNorm.weight
09/16 08:18:36 AM:    _text_field_embedder.model.encoder.layer.3.attention.output.dense.bias
09/16 08:18:36 AM:    _text_field_embedder.model.encoder.layer.3.attention.output.dense.weight
09/16 08:18:36 AM:    _text_field_embedder.model.encoder.layer.3.attention.self.key.bias
09/16 08:18:36 AM:    _text_field_embedder.model.encoder.layer.3.attention.self.key.weight
09/16 08:18:36 AM:    _text_field_embedder.model.encoder.layer.3.attention.self.query.bias
09/16 08:18:36 AM:    _text_field_embedder.model.encoder.layer.3.attention.self.query.weight
09/16 08:18:36 AM:    _text_field_embedder.model.encoder.layer.3.attention.self.value.bias
09/16 08:18:36 AM:    _text_field_embedder.model.encoder.layer.3.attention.self.value.weight
09/16 08:18:36 AM:    _text_field_embedder.model.encoder.layer.3.intermediate.dense.bias
09/16 08:18:36 AM:    _text_field_embedder.model.encoder.layer.3.intermediate.dense.weight
09/16 08:18:36 AM:    _text_field_embedder.model.encoder.layer.3.output.LayerNorm.bias
09/16 08:18:36 AM:    _text_field_embedder.model.encoder.layer.3.output.LayerNorm.weight
09/16 08:18:36 AM:    _text_field_embedder.model.encoder.layer.3.output.dense.bias
09/16 08:18:36 AM:    _text_field_embedder.model.encoder.layer.3.output.dense.weight
09/16 08:18:36 AM:    _text_field_embedder.model.encoder.layer.4.attention.output.LayerNorm.bias
09/16 08:18:36 AM:    _text_field_embedder.model.encoder.layer.4.attention.output.LayerNorm.weight
09/16 08:18:36 AM:    _text_field_embedder.model.encoder.layer.4.attention.output.dense.bias
09/16 08:18:36 AM:    _text_field_embedder.model.encoder.layer.4.attention.output.dense.weight
09/16 08:18:36 AM:    _text_field_embedder.model.encoder.layer.4.attention.self.key.bias
09/16 08:18:36 AM:    _text_field_embedder.model.encoder.layer.4.attention.self.key.weight
09/16 08:18:36 AM:    _text_field_embedder.model.encoder.layer.4.attention.self.query.bias
09/16 08:18:36 AM:    _text_field_embedder.model.encoder.layer.4.attention.self.query.weight
09/16 08:18:36 AM:    _text_field_embedder.model.encoder.layer.4.attention.self.value.bias
09/16 08:18:36 AM:    _text_field_embedder.model.encoder.layer.4.attention.self.value.weight
09/16 08:18:36 AM:    _text_field_embedder.model.encoder.layer.4.intermediate.dense.bias
09/16 08:18:36 AM:    _text_field_embedder.model.encoder.layer.4.intermediate.dense.weight
09/16 08:18:36 AM:    _text_field_embedder.model.encoder.layer.4.output.LayerNorm.bias
09/16 08:18:36 AM:    _text_field_embedder.model.encoder.layer.4.output.LayerNorm.weight
09/16 08:18:36 AM:    _text_field_embedder.model.encoder.layer.4.output.dense.bias
09/16 08:18:36 AM:    _text_field_embedder.model.encoder.layer.4.output.dense.weight
09/16 08:18:36 AM:    _text_field_embedder.model.encoder.layer.5.attention.output.LayerNorm.bias
09/16 08:18:36 AM:    _text_field_embedder.model.encoder.layer.5.attention.output.LayerNorm.weight
09/16 08:18:36 AM:    _text_field_embedder.model.encoder.layer.5.attention.output.dense.bias
09/16 08:18:36 AM:    _text_field_embedder.model.encoder.layer.5.attention.output.dense.weight
09/16 08:18:36 AM:    _text_field_embedder.model.encoder.layer.5.attention.self.key.bias
09/16 08:18:36 AM:    _text_field_embedder.model.encoder.layer.5.attention.self.key.weight
09/16 08:18:36 AM:    _text_field_embedder.model.encoder.layer.5.attention.self.query.bias
09/16 08:18:36 AM:    _text_field_embedder.model.encoder.layer.5.attention.self.query.weight
09/16 08:18:36 AM:    _text_field_embedder.model.encoder.layer.5.attention.self.value.bias
09/16 08:18:36 AM:    _text_field_embedder.model.encoder.layer.5.attention.self.value.weight
09/16 08:18:36 AM:    _text_field_embedder.model.encoder.layer.5.intermediate.dense.bias
09/16 08:18:36 AM:    _text_field_embedder.model.encoder.layer.5.intermediate.dense.weight
09/16 08:18:36 AM:    _text_field_embedder.model.encoder.layer.5.output.LayerNorm.bias
09/16 08:18:36 AM:    _text_field_embedder.model.encoder.layer.5.output.LayerNorm.weight
09/16 08:18:36 AM:    _text_field_embedder.model.encoder.layer.5.output.dense.bias
09/16 08:18:36 AM:    _text_field_embedder.model.encoder.layer.5.output.dense.weight
09/16 08:18:36 AM:    _text_field_embedder.model.encoder.layer.6.attention.output.LayerNorm.bias
09/16 08:18:36 AM:    _text_field_embedder.model.encoder.layer.6.attention.output.LayerNorm.weight
09/16 08:18:36 AM:    _text_field_embedder.model.encoder.layer.6.attention.output.dense.bias
09/16 08:18:36 AM:    _text_field_embedder.model.encoder.layer.6.attention.output.dense.weight
09/16 08:18:36 AM:    _text_field_embedder.model.encoder.layer.6.attention.self.key.bias
09/16 08:18:36 AM:    _text_field_embedder.model.encoder.layer.6.attention.self.key.weight
09/16 08:18:36 AM:    _text_field_embedder.model.encoder.layer.6.attention.self.query.bias
09/16 08:18:36 AM:    _text_field_embedder.model.encoder.layer.6.attention.self.query.weight
09/16 08:18:36 AM:    _text_field_embedder.model.encoder.layer.6.attention.self.value.bias
09/16 08:18:36 AM:    _text_field_embedder.model.encoder.layer.6.attention.self.value.weight
09/16 08:18:36 AM:    _text_field_embedder.model.encoder.layer.6.intermediate.dense.bias
09/16 08:18:36 AM:    _text_field_embedder.model.encoder.layer.6.intermediate.dense.weight
09/16 08:18:36 AM:    _text_field_embedder.model.encoder.layer.6.output.LayerNorm.bias
09/16 08:18:36 AM:    _text_field_embedder.model.encoder.layer.6.output.LayerNorm.weight
09/16 08:18:36 AM:    _text_field_embedder.model.encoder.layer.6.output.dense.bias
09/16 08:18:36 AM:    _text_field_embedder.model.encoder.layer.6.output.dense.weight
09/16 08:18:36 AM:    _text_field_embedder.model.encoder.layer.7.attention.output.LayerNorm.bias
09/16 08:18:36 AM:    _text_field_embedder.model.encoder.layer.7.attention.output.LayerNorm.weight
09/16 08:18:36 AM:    _text_field_embedder.model.encoder.layer.7.attention.output.dense.bias
09/16 08:18:36 AM:    _text_field_embedder.model.encoder.layer.7.attention.output.dense.weight
09/16 08:18:36 AM:    _text_field_embedder.model.encoder.layer.7.attention.self.key.bias
09/16 08:18:36 AM:    _text_field_embedder.model.encoder.layer.7.attention.self.key.weight
09/16 08:18:36 AM:    _text_field_embedder.model.encoder.layer.7.attention.self.query.bias
09/16 08:18:36 AM:    _text_field_embedder.model.encoder.layer.7.attention.self.query.weight
09/16 08:18:36 AM:    _text_field_embedder.model.encoder.layer.7.attention.self.value.bias
09/16 08:18:36 AM:    _text_field_embedder.model.encoder.layer.7.attention.self.value.weight
09/16 08:18:36 AM:    _text_field_embedder.model.encoder.layer.7.intermediate.dense.bias
09/16 08:18:36 AM:    _text_field_embedder.model.encoder.layer.7.intermediate.dense.weight
09/16 08:18:36 AM:    _text_field_embedder.model.encoder.layer.7.output.LayerNorm.bias
09/16 08:18:36 AM:    _text_field_embedder.model.encoder.layer.7.output.LayerNorm.weight
09/16 08:18:36 AM:    _text_field_embedder.model.encoder.layer.7.output.dense.bias
09/16 08:18:36 AM:    _text_field_embedder.model.encoder.layer.7.output.dense.weight
09/16 08:18:36 AM:    _text_field_embedder.model.encoder.layer.8.attention.output.LayerNorm.bias
09/16 08:18:36 AM:    _text_field_embedder.model.encoder.layer.8.attention.output.LayerNorm.weight
09/16 08:18:36 AM:    _text_field_embedder.model.encoder.layer.8.attention.output.dense.bias
09/16 08:18:36 AM:    _text_field_embedder.model.encoder.layer.8.attention.output.dense.weight
09/16 08:18:36 AM:    _text_field_embedder.model.encoder.layer.8.attention.self.key.bias
09/16 08:18:36 AM:    _text_field_embedder.model.encoder.layer.8.attention.self.key.weight
09/16 08:18:36 AM:    _text_field_embedder.model.encoder.layer.8.attention.self.query.bias
09/16 08:18:36 AM:    _text_field_embedder.model.encoder.layer.8.attention.self.query.weight
09/16 08:18:36 AM:    _text_field_embedder.model.encoder.layer.8.attention.self.value.bias
09/16 08:18:36 AM:    _text_field_embedder.model.encoder.layer.8.attention.self.value.weight
09/16 08:18:36 AM:    _text_field_embedder.model.encoder.layer.8.intermediate.dense.bias
09/16 08:18:36 AM:    _text_field_embedder.model.encoder.layer.8.intermediate.dense.weight
09/16 08:18:36 AM:    _text_field_embedder.model.encoder.layer.8.output.LayerNorm.bias
09/16 08:18:36 AM:    _text_field_embedder.model.encoder.layer.8.output.LayerNorm.weight
09/16 08:18:36 AM:    _text_field_embedder.model.encoder.layer.8.output.dense.bias
09/16 08:18:36 AM:    _text_field_embedder.model.encoder.layer.8.output.dense.weight
09/16 08:18:36 AM:    _text_field_embedder.model.encoder.layer.9.attention.output.LayerNorm.bias
09/16 08:18:36 AM:    _text_field_embedder.model.encoder.layer.9.attention.output.LayerNorm.weight
09/16 08:18:36 AM:    _text_field_embedder.model.encoder.layer.9.attention.output.dense.bias
09/16 08:18:36 AM:    _text_field_embedder.model.encoder.layer.9.attention.output.dense.weight
09/16 08:18:36 AM:    _text_field_embedder.model.encoder.layer.9.attention.self.key.bias
09/16 08:18:36 AM:    _text_field_embedder.model.encoder.layer.9.attention.self.key.weight
09/16 08:18:36 AM:    _text_field_embedder.model.encoder.layer.9.attention.self.query.bias
09/16 08:18:36 AM:    _text_field_embedder.model.encoder.layer.9.attention.self.query.weight
09/16 08:18:36 AM:    _text_field_embedder.model.encoder.layer.9.attention.self.value.bias
09/16 08:18:36 AM:    _text_field_embedder.model.encoder.layer.9.attention.self.value.weight
09/16 08:18:36 AM:    _text_field_embedder.model.encoder.layer.9.intermediate.dense.bias
09/16 08:18:36 AM:    _text_field_embedder.model.encoder.layer.9.intermediate.dense.weight
09/16 08:18:36 AM:    _text_field_embedder.model.encoder.layer.9.output.LayerNorm.bias
09/16 08:18:36 AM:    _text_field_embedder.model.encoder.layer.9.output.LayerNorm.weight
09/16 08:18:36 AM:    _text_field_embedder.model.encoder.layer.9.output.dense.bias
09/16 08:18:36 AM:    _text_field_embedder.model.encoder.layer.9.output.dense.weight
09/16 08:18:36 AM:    _text_field_embedder.model.pooler.dense.bias
09/16 08:18:36 AM:    _text_field_embedder.model.pooler.dense.weight
09/16 08:18:36 AM: 	Task 'edges-rel-semeval' params: {
  "cls_type": "mlp",
  "d_hid": 256,
  "pool_type": "first",
  "d_proj": 512,
  "shared_pair_attn": 0,
  "attn": 0,
  "d_hid_attn": 512,
  "dropout": 0.3,
  "cls_loss_fn": "sigmoid",
  "cls_span_pooling": "attn",
  "edgeprobe_cnn_context": 0,
  "edgeprobe_symmetric": 0,
  "use_classifier": "edges-rel-semeval"
}
