09/16 09:39:17 AM: Git branch: master
09/16 09:39:17 AM: Git SHA: 0869c6f0712662a0adcfe16ed0072c1997d1c5da
09/16 09:39:17 AM: Parsed args: 
{
  "allow_missing_task_map": 1,
  "allow_untrained_encoder_parameters": 1,
  "do_pretrain": 0,
  "exp_dir": "./experiments/pos-ontonotes-sts-top/",
  "exp_name": "experiments/pos-ontonotes-sts-top",
  "input_module": "bert-base-uncased",
  "local_log_path": "./experiments/pos-ontonotes-sts-top/run/log.log",
  "lr_patience": 3,
  "max_seq_len": 512,
  "output_mode": "top",
  "patience": 9,
  "pretrain_tasks": "",
  "pretrained_dir": "models/sts",
  "pytorch_transformers_output_mode": "top",
  "remote_log_name": "experiments/pos-ontonotes-sts-top__run",
  "run_dir": "./experiments/pos-ontonotes-sts-top/run",
  "run_name": "run",
  "sent_enc": "none",
  "sep_embs_for_skip": 1,
  "target_tasks": "edges-pos-ontonotes",
  "tokenizer": "bert-base-uncased",
  "write_preds": "val,test"
}
09/16 09:39:17 AM: Saved config to ./experiments/pos-ontonotes-sts-top/run/params.conf
09/16 09:39:17 AM: Using random seed 1234
09/16 09:39:18 AM: Using GPU 0
09/16 09:39:18 AM: Loading tasks...
09/16 09:39:18 AM: Writing pre-preprocessed tasks to ./experiments/pos-ontonotes-sts-top/
09/16 09:39:18 AM: 	Creating task edges-pos-ontonotes from scratch.
09/16 09:39:37 AM: Read=110514, Skip=5298, Total=115812 from ./probing_data/edges/ontonotes/const/pos/train.json.retokenized.bert-base-uncased
09/16 09:39:38 AM: Read=15060, Skip=620, Total=15680 from ./probing_data/edges/ontonotes/const/pos/development.json.retokenized.bert-base-uncased
09/16 09:39:41 AM: Read=11462, Skip=755, Total=12217 from ./probing_data/edges/ontonotes/const/pos/test.json.retokenized.bert-base-uncased
09/16 09:39:53 AM: 	Task 'edges-pos-ontonotes': |train|=110514 |val|=15060 |test|=11462
09/16 09:39:53 AM: 	Finished loading tasks: edges-pos-ontonotes.
09/16 09:39:53 AM: 	Building vocab from scratch.
09/16 09:39:53 AM: 	Counting units for task edges-pos-ontonotes.
09/16 09:39:56 AM: 	Task 'edges-pos-ontonotes': adding vocab namespace 'edges-pos-ontonotes_labels'
09/16 09:39:57 AM: loading file https://s3.amazonaws.com/models.huggingface.co/bert/bert-base-uncased-vocab.txt from cache at /home/ericwallace/.cache/torch/pytorch_transformers/26bc1ad6c0ac742e9b52263248f6d0f00068293b33709fae12320c0e35ccfbbb.542ce4285a40d23a559526243235df47c5f75c197f04f37d1a0c124c32c9a084
09/16 09:39:57 AM: Added pytorch_transformers vocab (bert-base-uncased): 30522 tokens
09/16 09:39:57 AM: 	Saved vocab to ./experiments/pos-ontonotes-sts-top/vocab
09/16 09:39:57 AM: Loading token dictionary from ./experiments/pos-ontonotes-sts-top/vocab.
09/16 09:39:57 AM: 	Loaded vocab from ./experiments/pos-ontonotes-sts-top/vocab
09/16 09:39:57 AM: 	Vocab namespace bert_uncased: size 30524
09/16 09:39:57 AM: 	Vocab namespace tokens: size 24015
09/16 09:39:57 AM: 	Vocab namespace chars: size 81
09/16 09:39:57 AM: 	Vocab namespace edges-pos-ontonotes_labels: size 48
09/16 09:39:57 AM: 	Finished building vocab.
09/16 09:39:57 AM: 	Task edges-pos-ontonotes (train): Indexing from scratch.
09/16 09:40:41 AM: 	Task edges-pos-ontonotes (train): Saved 110514 instances to ./experiments/pos-ontonotes-sts-top/preproc/edges-pos-ontonotes__train_data
09/16 09:40:41 AM: 	Task edges-pos-ontonotes (val): Indexing from scratch.
09/16 09:40:47 AM: 	Task edges-pos-ontonotes (val): Saved 15060 instances to ./experiments/pos-ontonotes-sts-top/preproc/edges-pos-ontonotes__val_data
09/16 09:40:47 AM: 	Task edges-pos-ontonotes (test): Indexing from scratch.
09/16 09:40:51 AM: 	Task edges-pos-ontonotes (test): Saved 11462 instances to ./experiments/pos-ontonotes-sts-top/preproc/edges-pos-ontonotes__test_data
09/16 09:40:51 AM: 	Finished indexing tasks
09/16 09:40:51 AM: 	Creating trimmed target-only version of edges-pos-ontonotes train.
09/16 09:40:51 AM: 	  Training on 
09/16 09:40:51 AM: 	  Evaluating on edges-pos-ontonotes
09/16 09:40:51 AM: 	Finished loading tasks in 93.758s
09/16 09:40:51 AM: 	 Tasks: ['edges-pos-ontonotes']
09/16 09:40:51 AM: Building model...
09/16 09:40:51 AM: Using BERT model (bert-base-uncased).
09/16 09:40:51 AM: LOADING A FUNETUNED MODEL from: 
09/16 09:40:51 AM: models/sts
09/16 09:40:51 AM: loading configuration file models/sts/config.json
09/16 09:40:51 AM: Model config {
  "attention_probs_dropout_prob": 0.1,
  "finetuning_task": "sts-b",
  "hidden_act": "gelu",
  "hidden_dropout_prob": 0.1,
  "hidden_size": 768,
  "initializer_range": 0.02,
  "intermediate_size": 3072,
  "layer_norm_eps": 1e-12,
  "max_position_embeddings": 512,
  "num_attention_heads": 12,
  "num_hidden_layers": 12,
  "num_labels": 1,
  "output_attentions": false,
  "output_hidden_states": true,
  "pruned_heads": {},
  "torchscript": false,
  "type_vocab_size": 2,
  "vocab_size": 30522
}

09/16 09:40:51 AM: loading weights file models/sts/pytorch_model.bin
09/16 09:40:56 AM: https://s3.amazonaws.com/models.huggingface.co/bert/bert-base-uncased-vocab.txt not found in cache or force_download set to True, downloading to /tmp/tmp201m373h
09/16 09:41:00 AM: copying /tmp/tmp201m373h to cache at ./experiments/pos-ontonotes-sts-top/pytorch_transformers_cache/26bc1ad6c0ac742e9b52263248f6d0f00068293b33709fae12320c0e35ccfbbb.542ce4285a40d23a559526243235df47c5f75c197f04f37d1a0c124c32c9a084
09/16 09:41:00 AM: creating metadata file for ./experiments/pos-ontonotes-sts-top/pytorch_transformers_cache/26bc1ad6c0ac742e9b52263248f6d0f00068293b33709fae12320c0e35ccfbbb.542ce4285a40d23a559526243235df47c5f75c197f04f37d1a0c124c32c9a084
09/16 09:41:00 AM: removing temp file /tmp/tmp201m373h
09/16 09:41:00 AM: loading file https://s3.amazonaws.com/models.huggingface.co/bert/bert-base-uncased-vocab.txt from cache at ./experiments/pos-ontonotes-sts-top/pytorch_transformers_cache/26bc1ad6c0ac742e9b52263248f6d0f00068293b33709fae12320c0e35ccfbbb.542ce4285a40d23a559526243235df47c5f75c197f04f37d1a0c124c32c9a084
09/16 09:41:00 AM: Initializing parameters
09/16 09:41:00 AM: Done initializing parameters; the following parameters are using their default initialization from their code
09/16 09:41:00 AM:    _text_field_embedder.model.embeddings.LayerNorm.bias
09/16 09:41:00 AM:    _text_field_embedder.model.embeddings.LayerNorm.weight
09/16 09:41:00 AM:    _text_field_embedder.model.embeddings.position_embeddings.weight
09/16 09:41:00 AM:    _text_field_embedder.model.embeddings.token_type_embeddings.weight
09/16 09:41:00 AM:    _text_field_embedder.model.embeddings.word_embeddings.weight
09/16 09:41:00 AM:    _text_field_embedder.model.encoder.layer.0.attention.output.LayerNorm.bias
09/16 09:41:00 AM:    _text_field_embedder.model.encoder.layer.0.attention.output.LayerNorm.weight
09/16 09:41:00 AM:    _text_field_embedder.model.encoder.layer.0.attention.output.dense.bias
09/16 09:41:00 AM:    _text_field_embedder.model.encoder.layer.0.attention.output.dense.weight
09/16 09:41:00 AM:    _text_field_embedder.model.encoder.layer.0.attention.self.key.bias
09/16 09:41:00 AM:    _text_field_embedder.model.encoder.layer.0.attention.self.key.weight
09/16 09:41:00 AM:    _text_field_embedder.model.encoder.layer.0.attention.self.query.bias
09/16 09:41:00 AM:    _text_field_embedder.model.encoder.layer.0.attention.self.query.weight
09/16 09:41:00 AM:    _text_field_embedder.model.encoder.layer.0.attention.self.value.bias
09/16 09:41:00 AM:    _text_field_embedder.model.encoder.layer.0.attention.self.value.weight
09/16 09:41:00 AM:    _text_field_embedder.model.encoder.layer.0.intermediate.dense.bias
09/16 09:41:00 AM:    _text_field_embedder.model.encoder.layer.0.intermediate.dense.weight
09/16 09:41:00 AM:    _text_field_embedder.model.encoder.layer.0.output.LayerNorm.bias
09/16 09:41:00 AM:    _text_field_embedder.model.encoder.layer.0.output.LayerNorm.weight
09/16 09:41:00 AM:    _text_field_embedder.model.encoder.layer.0.output.dense.bias
09/16 09:41:00 AM:    _text_field_embedder.model.encoder.layer.0.output.dense.weight
09/16 09:41:00 AM:    _text_field_embedder.model.encoder.layer.1.attention.output.LayerNorm.bias
09/16 09:41:00 AM:    _text_field_embedder.model.encoder.layer.1.attention.output.LayerNorm.weight
09/16 09:41:00 AM:    _text_field_embedder.model.encoder.layer.1.attention.output.dense.bias
09/16 09:41:00 AM:    _text_field_embedder.model.encoder.layer.1.attention.output.dense.weight
09/16 09:41:00 AM:    _text_field_embedder.model.encoder.layer.1.attention.self.key.bias
09/16 09:41:00 AM:    _text_field_embedder.model.encoder.layer.1.attention.self.key.weight
09/16 09:41:00 AM:    _text_field_embedder.model.encoder.layer.1.attention.self.query.bias
09/16 09:41:00 AM:    _text_field_embedder.model.encoder.layer.1.attention.self.query.weight
09/16 09:41:00 AM:    _text_field_embedder.model.encoder.layer.1.attention.self.value.bias
09/16 09:41:00 AM:    _text_field_embedder.model.encoder.layer.1.attention.self.value.weight
09/16 09:41:00 AM:    _text_field_embedder.model.encoder.layer.1.intermediate.dense.bias
09/16 09:41:00 AM:    _text_field_embedder.model.encoder.layer.1.intermediate.dense.weight
09/16 09:41:00 AM:    _text_field_embedder.model.encoder.layer.1.output.LayerNorm.bias
09/16 09:41:00 AM:    _text_field_embedder.model.encoder.layer.1.output.LayerNorm.weight
09/16 09:41:00 AM:    _text_field_embedder.model.encoder.layer.1.output.dense.bias
09/16 09:41:00 AM:    _text_field_embedder.model.encoder.layer.1.output.dense.weight
09/16 09:41:00 AM:    _text_field_embedder.model.encoder.layer.10.attention.output.LayerNorm.bias
09/16 09:41:00 AM:    _text_field_embedder.model.encoder.layer.10.attention.output.LayerNorm.weight
09/16 09:41:00 AM:    _text_field_embedder.model.encoder.layer.10.attention.output.dense.bias
09/16 09:41:00 AM:    _text_field_embedder.model.encoder.layer.10.attention.output.dense.weight
09/16 09:41:00 AM:    _text_field_embedder.model.encoder.layer.10.attention.self.key.bias
09/16 09:41:00 AM:    _text_field_embedder.model.encoder.layer.10.attention.self.key.weight
09/16 09:41:00 AM:    _text_field_embedder.model.encoder.layer.10.attention.self.query.bias
09/16 09:41:00 AM:    _text_field_embedder.model.encoder.layer.10.attention.self.query.weight
09/16 09:41:00 AM:    _text_field_embedder.model.encoder.layer.10.attention.self.value.bias
09/16 09:41:00 AM:    _text_field_embedder.model.encoder.layer.10.attention.self.value.weight
09/16 09:41:00 AM:    _text_field_embedder.model.encoder.layer.10.intermediate.dense.bias
09/16 09:41:00 AM:    _text_field_embedder.model.encoder.layer.10.intermediate.dense.weight
09/16 09:41:00 AM:    _text_field_embedder.model.encoder.layer.10.output.LayerNorm.bias
09/16 09:41:00 AM:    _text_field_embedder.model.encoder.layer.10.output.LayerNorm.weight
09/16 09:41:00 AM:    _text_field_embedder.model.encoder.layer.10.output.dense.bias
09/16 09:41:00 AM:    _text_field_embedder.model.encoder.layer.10.output.dense.weight
09/16 09:41:00 AM:    _text_field_embedder.model.encoder.layer.11.attention.output.LayerNorm.bias
09/16 09:41:00 AM:    _text_field_embedder.model.encoder.layer.11.attention.output.LayerNorm.weight
09/16 09:41:00 AM:    _text_field_embedder.model.encoder.layer.11.attention.output.dense.bias
09/16 09:41:00 AM:    _text_field_embedder.model.encoder.layer.11.attention.output.dense.weight
09/16 09:41:00 AM:    _text_field_embedder.model.encoder.layer.11.attention.self.key.bias
09/16 09:41:00 AM:    _text_field_embedder.model.encoder.layer.11.attention.self.key.weight
09/16 09:41:00 AM:    _text_field_embedder.model.encoder.layer.11.attention.self.query.bias
09/16 09:41:00 AM:    _text_field_embedder.model.encoder.layer.11.attention.self.query.weight
09/16 09:41:00 AM:    _text_field_embedder.model.encoder.layer.11.attention.self.value.bias
09/16 09:41:00 AM:    _text_field_embedder.model.encoder.layer.11.attention.self.value.weight
09/16 09:41:00 AM:    _text_field_embedder.model.encoder.layer.11.intermediate.dense.bias
09/16 09:41:00 AM:    _text_field_embedder.model.encoder.layer.11.intermediate.dense.weight
09/16 09:41:00 AM:    _text_field_embedder.model.encoder.layer.11.output.LayerNorm.bias
09/16 09:41:00 AM:    _text_field_embedder.model.encoder.layer.11.output.LayerNorm.weight
09/16 09:41:00 AM:    _text_field_embedder.model.encoder.layer.11.output.dense.bias
09/16 09:41:00 AM:    _text_field_embedder.model.encoder.layer.11.output.dense.weight
09/16 09:41:00 AM:    _text_field_embedder.model.encoder.layer.2.attention.output.LayerNorm.bias
09/16 09:41:00 AM:    _text_field_embedder.model.encoder.layer.2.attention.output.LayerNorm.weight
09/16 09:41:00 AM:    _text_field_embedder.model.encoder.layer.2.attention.output.dense.bias
09/16 09:41:00 AM:    _text_field_embedder.model.encoder.layer.2.attention.output.dense.weight
09/16 09:41:00 AM:    _text_field_embedder.model.encoder.layer.2.attention.self.key.bias
09/16 09:41:00 AM:    _text_field_embedder.model.encoder.layer.2.attention.self.key.weight
09/16 09:41:00 AM:    _text_field_embedder.model.encoder.layer.2.attention.self.query.bias
09/16 09:41:00 AM:    _text_field_embedder.model.encoder.layer.2.attention.self.query.weight
09/16 09:41:00 AM:    _text_field_embedder.model.encoder.layer.2.attention.self.value.bias
09/16 09:41:00 AM:    _text_field_embedder.model.encoder.layer.2.attention.self.value.weight
09/16 09:41:00 AM:    _text_field_embedder.model.encoder.layer.2.intermediate.dense.bias
09/16 09:41:00 AM:    _text_field_embedder.model.encoder.layer.2.intermediate.dense.weight
09/16 09:41:00 AM:    _text_field_embedder.model.encoder.layer.2.output.LayerNorm.bias
09/16 09:41:00 AM:    _text_field_embedder.model.encoder.layer.2.output.LayerNorm.weight
09/16 09:41:00 AM:    _text_field_embedder.model.encoder.layer.2.output.dense.bias
09/16 09:41:00 AM:    _text_field_embedder.model.encoder.layer.2.output.dense.weight
09/16 09:41:00 AM:    _text_field_embedder.model.encoder.layer.3.attention.output.LayerNorm.bias
09/16 09:41:00 AM:    _text_field_embedder.model.encoder.layer.3.attention.output.LayerNorm.weight
09/16 09:41:00 AM:    _text_field_embedder.model.encoder.layer.3.attention.output.dense.bias
09/16 09:41:00 AM:    _text_field_embedder.model.encoder.layer.3.attention.output.dense.weight
09/16 09:41:00 AM:    _text_field_embedder.model.encoder.layer.3.attention.self.key.bias
09/16 09:41:00 AM:    _text_field_embedder.model.encoder.layer.3.attention.self.key.weight
09/16 09:41:00 AM:    _text_field_embedder.model.encoder.layer.3.attention.self.query.bias
09/16 09:41:00 AM:    _text_field_embedder.model.encoder.layer.3.attention.self.query.weight
09/16 09:41:00 AM:    _text_field_embedder.model.encoder.layer.3.attention.self.value.bias
09/16 09:41:00 AM:    _text_field_embedder.model.encoder.layer.3.attention.self.value.weight
09/16 09:41:00 AM:    _text_field_embedder.model.encoder.layer.3.intermediate.dense.bias
09/16 09:41:00 AM:    _text_field_embedder.model.encoder.layer.3.intermediate.dense.weight
09/16 09:41:00 AM:    _text_field_embedder.model.encoder.layer.3.output.LayerNorm.bias
09/16 09:41:00 AM:    _text_field_embedder.model.encoder.layer.3.output.LayerNorm.weight
09/16 09:41:00 AM:    _text_field_embedder.model.encoder.layer.3.output.dense.bias
09/16 09:41:00 AM:    _text_field_embedder.model.encoder.layer.3.output.dense.weight
09/16 09:41:00 AM:    _text_field_embedder.model.encoder.layer.4.attention.output.LayerNorm.bias
09/16 09:41:00 AM:    _text_field_embedder.model.encoder.layer.4.attention.output.LayerNorm.weight
09/16 09:41:00 AM:    _text_field_embedder.model.encoder.layer.4.attention.output.dense.bias
09/16 09:41:00 AM:    _text_field_embedder.model.encoder.layer.4.attention.output.dense.weight
09/16 09:41:00 AM:    _text_field_embedder.model.encoder.layer.4.attention.self.key.bias
09/16 09:41:00 AM:    _text_field_embedder.model.encoder.layer.4.attention.self.key.weight
09/16 09:41:00 AM:    _text_field_embedder.model.encoder.layer.4.attention.self.query.bias
09/16 09:41:00 AM:    _text_field_embedder.model.encoder.layer.4.attention.self.query.weight
09/16 09:41:00 AM:    _text_field_embedder.model.encoder.layer.4.attention.self.value.bias
09/16 09:41:00 AM:    _text_field_embedder.model.encoder.layer.4.attention.self.value.weight
09/16 09:41:00 AM:    _text_field_embedder.model.encoder.layer.4.intermediate.dense.bias
09/16 09:41:00 AM:    _text_field_embedder.model.encoder.layer.4.intermediate.dense.weight
09/16 09:41:00 AM:    _text_field_embedder.model.encoder.layer.4.output.LayerNorm.bias
09/16 09:41:00 AM:    _text_field_embedder.model.encoder.layer.4.output.LayerNorm.weight
09/16 09:41:00 AM:    _text_field_embedder.model.encoder.layer.4.output.dense.bias
09/16 09:41:00 AM:    _text_field_embedder.model.encoder.layer.4.output.dense.weight
09/16 09:41:00 AM:    _text_field_embedder.model.encoder.layer.5.attention.output.LayerNorm.bias
09/16 09:41:00 AM:    _text_field_embedder.model.encoder.layer.5.attention.output.LayerNorm.weight
09/16 09:41:00 AM:    _text_field_embedder.model.encoder.layer.5.attention.output.dense.bias
09/16 09:41:00 AM:    _text_field_embedder.model.encoder.layer.5.attention.output.dense.weight
09/16 09:41:00 AM:    _text_field_embedder.model.encoder.layer.5.attention.self.key.bias
09/16 09:41:00 AM:    _text_field_embedder.model.encoder.layer.5.attention.self.key.weight
09/16 09:41:00 AM:    _text_field_embedder.model.encoder.layer.5.attention.self.query.bias
09/16 09:41:00 AM:    _text_field_embedder.model.encoder.layer.5.attention.self.query.weight
09/16 09:41:00 AM:    _text_field_embedder.model.encoder.layer.5.attention.self.value.bias
09/16 09:41:00 AM:    _text_field_embedder.model.encoder.layer.5.attention.self.value.weight
09/16 09:41:00 AM:    _text_field_embedder.model.encoder.layer.5.intermediate.dense.bias
09/16 09:41:00 AM:    _text_field_embedder.model.encoder.layer.5.intermediate.dense.weight
09/16 09:41:00 AM:    _text_field_embedder.model.encoder.layer.5.output.LayerNorm.bias
09/16 09:41:00 AM:    _text_field_embedder.model.encoder.layer.5.output.LayerNorm.weight
09/16 09:41:00 AM:    _text_field_embedder.model.encoder.layer.5.output.dense.bias
09/16 09:41:00 AM:    _text_field_embedder.model.encoder.layer.5.output.dense.weight
09/16 09:41:00 AM:    _text_field_embedder.model.encoder.layer.6.attention.output.LayerNorm.bias
09/16 09:41:00 AM:    _text_field_embedder.model.encoder.layer.6.attention.output.LayerNorm.weight
09/16 09:41:00 AM:    _text_field_embedder.model.encoder.layer.6.attention.output.dense.bias
09/16 09:41:00 AM:    _text_field_embedder.model.encoder.layer.6.attention.output.dense.weight
09/16 09:41:00 AM:    _text_field_embedder.model.encoder.layer.6.attention.self.key.bias
09/16 09:41:00 AM:    _text_field_embedder.model.encoder.layer.6.attention.self.key.weight
09/16 09:41:00 AM:    _text_field_embedder.model.encoder.layer.6.attention.self.query.bias
09/16 09:41:00 AM:    _text_field_embedder.model.encoder.layer.6.attention.self.query.weight
09/16 09:41:00 AM:    _text_field_embedder.model.encoder.layer.6.attention.self.value.bias
09/16 09:41:00 AM:    _text_field_embedder.model.encoder.layer.6.attention.self.value.weight
09/16 09:41:00 AM:    _text_field_embedder.model.encoder.layer.6.intermediate.dense.bias
09/16 09:41:00 AM:    _text_field_embedder.model.encoder.layer.6.intermediate.dense.weight
09/16 09:41:00 AM:    _text_field_embedder.model.encoder.layer.6.output.LayerNorm.bias
09/16 09:41:00 AM:    _text_field_embedder.model.encoder.layer.6.output.LayerNorm.weight
09/16 09:41:00 AM:    _text_field_embedder.model.encoder.layer.6.output.dense.bias
09/16 09:41:00 AM:    _text_field_embedder.model.encoder.layer.6.output.dense.weight
09/16 09:41:00 AM:    _text_field_embedder.model.encoder.layer.7.attention.output.LayerNorm.bias
09/16 09:41:00 AM:    _text_field_embedder.model.encoder.layer.7.attention.output.LayerNorm.weight
09/16 09:41:00 AM:    _text_field_embedder.model.encoder.layer.7.attention.output.dense.bias
09/16 09:41:00 AM:    _text_field_embedder.model.encoder.layer.7.attention.output.dense.weight
09/16 09:41:00 AM:    _text_field_embedder.model.encoder.layer.7.attention.self.key.bias
09/16 09:41:00 AM:    _text_field_embedder.model.encoder.layer.7.attention.self.key.weight
09/16 09:41:00 AM:    _text_field_embedder.model.encoder.layer.7.attention.self.query.bias
09/16 09:41:00 AM:    _text_field_embedder.model.encoder.layer.7.attention.self.query.weight
09/16 09:41:00 AM:    _text_field_embedder.model.encoder.layer.7.attention.self.value.bias
09/16 09:41:00 AM:    _text_field_embedder.model.encoder.layer.7.attention.self.value.weight
09/16 09:41:00 AM:    _text_field_embedder.model.encoder.layer.7.intermediate.dense.bias
09/16 09:41:00 AM:    _text_field_embedder.model.encoder.layer.7.intermediate.dense.weight
09/16 09:41:00 AM:    _text_field_embedder.model.encoder.layer.7.output.LayerNorm.bias
09/16 09:41:00 AM:    _text_field_embedder.model.encoder.layer.7.output.LayerNorm.weight
09/16 09:41:00 AM:    _text_field_embedder.model.encoder.layer.7.output.dense.bias
09/16 09:41:00 AM:    _text_field_embedder.model.encoder.layer.7.output.dense.weight
09/16 09:41:00 AM:    _text_field_embedder.model.encoder.layer.8.attention.output.LayerNorm.bias
09/16 09:41:00 AM:    _text_field_embedder.model.encoder.layer.8.attention.output.LayerNorm.weight
09/16 09:41:00 AM:    _text_field_embedder.model.encoder.layer.8.attention.output.dense.bias
09/16 09:41:00 AM:    _text_field_embedder.model.encoder.layer.8.attention.output.dense.weight
09/16 09:41:00 AM:    _text_field_embedder.model.encoder.layer.8.attention.self.key.bias
09/16 09:41:00 AM:    _text_field_embedder.model.encoder.layer.8.attention.self.key.weight
09/16 09:41:00 AM:    _text_field_embedder.model.encoder.layer.8.attention.self.query.bias
09/16 09:41:00 AM:    _text_field_embedder.model.encoder.layer.8.attention.self.query.weight
09/16 09:41:00 AM:    _text_field_embedder.model.encoder.layer.8.attention.self.value.bias
09/16 09:41:00 AM:    _text_field_embedder.model.encoder.layer.8.attention.self.value.weight
09/16 09:41:00 AM:    _text_field_embedder.model.encoder.layer.8.intermediate.dense.bias
09/16 09:41:00 AM:    _text_field_embedder.model.encoder.layer.8.intermediate.dense.weight
09/16 09:41:00 AM:    _text_field_embedder.model.encoder.layer.8.output.LayerNorm.bias
09/16 09:41:00 AM:    _text_field_embedder.model.encoder.layer.8.output.LayerNorm.weight
09/16 09:41:00 AM:    _text_field_embedder.model.encoder.layer.8.output.dense.bias
09/16 09:41:00 AM:    _text_field_embedder.model.encoder.layer.8.output.dense.weight
09/16 09:41:00 AM:    _text_field_embedder.model.encoder.layer.9.attention.output.LayerNorm.bias
09/16 09:41:00 AM:    _text_field_embedder.model.encoder.layer.9.attention.output.LayerNorm.weight
09/16 09:41:00 AM:    _text_field_embedder.model.encoder.layer.9.attention.output.dense.bias
09/16 09:41:00 AM:    _text_field_embedder.model.encoder.layer.9.attention.output.dense.weight
09/16 09:41:00 AM:    _text_field_embedder.model.encoder.layer.9.attention.self.key.bias
09/16 09:41:00 AM:    _text_field_embedder.model.encoder.layer.9.attention.self.key.weight
09/16 09:41:00 AM:    _text_field_embedder.model.encoder.layer.9.attention.self.query.bias
09/16 09:41:00 AM:    _text_field_embedder.model.encoder.layer.9.attention.self.query.weight
09/16 09:41:00 AM:    _text_field_embedder.model.encoder.layer.9.attention.self.value.bias
09/16 09:41:00 AM:    _text_field_embedder.model.encoder.layer.9.attention.self.value.weight
09/16 09:41:00 AM:    _text_field_embedder.model.encoder.layer.9.intermediate.dense.bias
09/16 09:41:00 AM:    _text_field_embedder.model.encoder.layer.9.intermediate.dense.weight
09/16 09:41:00 AM:    _text_field_embedder.model.encoder.layer.9.output.LayerNorm.bias
09/16 09:41:00 AM:    _text_field_embedder.model.encoder.layer.9.output.LayerNorm.weight
09/16 09:41:00 AM:    _text_field_embedder.model.encoder.layer.9.output.dense.bias
09/16 09:41:00 AM:    _text_field_embedder.model.encoder.layer.9.output.dense.weight
09/16 09:41:00 AM:    _text_field_embedder.model.pooler.dense.bias
09/16 09:41:00 AM:    _text_field_embedder.model.pooler.dense.weight
09/16 09:41:00 AM: 	Task 'edges-pos-ontonotes' params: {
  "cls_type": "mlp",
  "d_hid": 256,
  "pool_type": "first",
  "d_proj": 512,
  "shared_pair_attn": 0,
  "attn": 0,
  "d_hid_attn": 512,
  "dropout": 0.3,
  "cls_loss_fn": "sigmoid",
  "cls_span_pooling": "attn",
  "edgeprobe_cnn_context": 0,
  "edgeprobe_symmetric": 0,
  "use_classifier": "edges-pos-ontonotes"
}
