09/17 05:30:32 AM: Git branch: master
09/17 05:30:32 AM: Git SHA: 4086cd8f278243816795989a620c769378a6ab56
09/17 05:30:32 AM: Parsed args: 
{
  "allow_missing_task_map": 1,
  "allow_untrained_encoder_parameters": 1,
  "do_pretrain": 0,
  "exp_dir": "./experiments/coref-ontonotes-agnews-mix/",
  "exp_name": "experiments/coref-ontonotes-agnews-mix",
  "input_module": "bert-base-uncased",
  "local_log_path": "./experiments/coref-ontonotes-agnews-mix/run/log.log",
  "lr_patience": 3,
  "max_seq_len": 512,
  "output_mode": "top",
  "patience": 9,
  "pretrain_tasks": "",
  "pretrained_dir": "models/agnews",
  "pytorch_transformers_output_mode": "mix",
  "remote_log_name": "experiments/coref-ontonotes-agnews-mix__run",
  "run_dir": "./experiments/coref-ontonotes-agnews-mix/run",
  "run_name": "run",
  "sent_enc": "none",
  "sep_embs_for_skip": 1,
  "target_tasks": "edges-coref-ontonotes",
  "tokenizer": "bert-base-uncased",
  "write_preds": "val,test"
}
09/17 05:30:32 AM: Saved config to ./experiments/coref-ontonotes-agnews-mix/run/params.conf
09/17 05:30:32 AM: Using random seed 1234
09/17 05:30:36 AM: Using GPU 0
09/17 05:30:36 AM: Loading tasks...
09/17 05:30:36 AM: Writing pre-preprocessed tasks to ./experiments/coref-ontonotes-agnews-mix/
09/17 05:30:36 AM: 	Creating task edges-coref-ontonotes from scratch.
09/17 05:30:37 AM: Read=41777, Skip=74035, Total=115812 from ./probing_data/edges/ontonotes/coref/train.json.retokenized.bert-base-uncased
09/17 05:30:38 AM: Read=5044, Skip=10636, Total=15680 from ./probing_data/edges/ontonotes/coref/development.json.retokenized.bert-base-uncased
09/17 05:30:38 AM: Read=5188, Skip=7029, Total=12217 from ./probing_data/edges/ontonotes/coref/test.json.retokenized.bert-base-uncased
09/17 05:30:39 AM: 	Task 'edges-coref-ontonotes': |train|=41777 |val|=5044 |test|=5188
09/17 05:30:39 AM: 	Finished loading tasks: edges-coref-ontonotes.
09/17 05:30:39 AM: 	Building vocab from scratch.
09/17 05:30:39 AM: 	Counting units for task edges-coref-ontonotes.
09/17 05:30:40 AM: 	Task 'edges-coref-ontonotes': adding vocab namespace 'edges-coref-ontonotes_labels'
09/17 05:30:41 AM: loading file https://s3.amazonaws.com/models.huggingface.co/bert/bert-base-uncased-vocab.txt from cache at /home/ericwallace/.cache/torch/pytorch_transformers/26bc1ad6c0ac742e9b52263248f6d0f00068293b33709fae12320c0e35ccfbbb.542ce4285a40d23a559526243235df47c5f75c197f04f37d1a0c124c32c9a084
09/17 05:30:41 AM: Added pytorch_transformers vocab (bert-base-uncased): 30522 tokens
09/17 05:30:41 AM: 	Saved vocab to ./experiments/coref-ontonotes-agnews-mix/vocab
09/17 05:30:41 AM: Loading token dictionary from ./experiments/coref-ontonotes-agnews-mix/vocab.
09/17 05:30:41 AM: 	Loaded vocab from ./experiments/coref-ontonotes-agnews-mix/vocab
09/17 05:30:41 AM: 	Vocab namespace tokens: size 20434
09/17 05:30:41 AM: 	Vocab namespace bert_uncased: size 30524
09/17 05:30:41 AM: 	Vocab namespace edges-coref-ontonotes_labels: size 2
09/17 05:30:41 AM: 	Vocab namespace chars: size 72
09/17 05:30:41 AM: 	Finished building vocab.
09/17 05:30:41 AM: 	Task edges-coref-ontonotes (train): Indexing from scratch.
09/17 05:30:52 AM: 	Task edges-coref-ontonotes (train): Saved 41777 instances to ./experiments/coref-ontonotes-agnews-mix/preproc/edges-coref-ontonotes__train_data
09/17 05:30:52 AM: 	Task edges-coref-ontonotes (val): Indexing from scratch.
09/17 05:30:53 AM: 	Task edges-coref-ontonotes (val): Saved 5044 instances to ./experiments/coref-ontonotes-agnews-mix/preproc/edges-coref-ontonotes__val_data
09/17 05:30:53 AM: 	Task edges-coref-ontonotes (test): Indexing from scratch.
09/17 05:30:55 AM: 	Task edges-coref-ontonotes (test): Saved 5188 instances to ./experiments/coref-ontonotes-agnews-mix/preproc/edges-coref-ontonotes__test_data
09/17 05:30:55 AM: 	Finished indexing tasks
09/17 05:30:55 AM: 	Creating trimmed target-only version of edges-coref-ontonotes train.
09/17 05:30:55 AM: 	  Training on 
09/17 05:30:55 AM: 	  Evaluating on edges-coref-ontonotes
09/17 05:30:55 AM: 	Finished loading tasks in 19.192s
09/17 05:30:55 AM: 	 Tasks: ['edges-coref-ontonotes']
09/17 05:30:55 AM: Building model...
09/17 05:30:55 AM: Using BERT model (bert-base-uncased).
09/17 05:30:55 AM: LOADING A FUNETUNED MODEL from: 
09/17 05:30:55 AM: models/agnews
09/17 05:30:55 AM: Model name 'models/agnews' was not found in model name list (bert-base-uncased, bert-large-uncased, bert-base-cased, bert-large-cased, bert-base-multilingual-uncased, bert-base-multilingual-cased, bert-base-chinese, bert-base-german-cased, bert-large-uncased-whole-word-masking, bert-large-cased-whole-word-masking, bert-large-uncased-whole-word-masking-finetuned-squad, bert-large-cased-whole-word-masking-finetuned-squad, bert-base-cased-finetuned-mrpc). We assumed 'models/agnews' was a path or url but couldn't find any file associated to this path or url.
09/17 05:30:55 AM: Fatal error in main():
Traceback (most recent call last):
  File "main.py", line 16, in <module>
    main(sys.argv[1:])
  File "/srv/home/ericwallace/jiant/jiant/__main__.py", line 510, in main
    model = build_model(args, vocab, word_embs, tasks)
  File "/srv/home/ericwallace/jiant/jiant/models.py", line 237, in build_model
    embedder = BertEmbedderModule(args)
  File "/srv/home/ericwallace/jiant/jiant/pytorch_transformers_interface/modules.py", line 270, in __init__
    args.pretrained_dir, cache_dir=self.cache_dir, output_hidden_states=True
  File "/home/ericwallace/miniconda3/envs/jiant/lib/python3.6/site-packages/pytorch_transformers/modeling_utils.py", line 492, in from_pretrained
    **kwargs
  File "/home/ericwallace/miniconda3/envs/jiant/lib/python3.6/site-packages/pytorch_transformers/modeling_utils.py", line 194, in from_pretrained
    raise e
  File "/home/ericwallace/miniconda3/envs/jiant/lib/python3.6/site-packages/pytorch_transformers/modeling_utils.py", line 180, in from_pretrained
    resolved_config_file = cached_path(config_file, cache_dir=cache_dir, force_download=force_download, proxies=proxies)
  File "/home/ericwallace/miniconda3/envs/jiant/lib/python3.6/site-packages/pytorch_transformers/file_utils.py", line 124, in cached_path
    raise EnvironmentError("file {} not found".format(url_or_filename))
OSError: file models/agnews not found
