09/15 03:04:20 PM: Git branch: master
09/15 03:04:20 PM: Git SHA: 52a642aef3eacce8abc7a255fdb75d41f405b9b1
09/15 03:04:22 PM: Parsed args: 
{
  "allow_missing_task_map": 1,
  "allow_untrained_encoder_parameters": 1,
  "do_pretrain": 0,
  "exp_dir": "./experiments/coref-ontonotes-None-top/",
  "exp_name": "experiments/coref-ontonotes-None-top",
  "input_module": "bert-base-uncased",
  "local_log_path": "./experiments/coref-ontonotes-None-top/run/log.log",
  "lr_patience": 3,
  "max_seq_len": 512,
  "output_mode": "top",
  "patience": 9,
  "pretrain_tasks": "",
  "pretrained_dir": "models/None",
  "pytorch_transformers_output_mode": "top",
  "remote_log_name": "experiments/coref-ontonotes-None-top__run",
  "run_dir": "./experiments/coref-ontonotes-None-top/run",
  "run_name": "run",
  "sent_enc": "none",
  "sep_embs_for_skip": 1,
  "target_tasks": "edges-coref-ontonotes",
  "tokenizer": "bert-base-uncased",
  "write_preds": "val,test"
}
09/15 03:04:22 PM: Saved config to ./experiments/coref-ontonotes-None-top/run/params.conf
09/15 03:04:22 PM: Using random seed 1234
09/15 03:04:22 PM: Using GPU 0
09/15 03:04:22 PM: Loading tasks...
09/15 03:04:22 PM: Writing pre-preprocessed tasks to ./experiments/coref-ontonotes-None-top/
09/15 03:04:22 PM: 	Creating task edges-coref-ontonotes from scratch.
09/15 03:04:24 PM: Read=41777, Skip=74035, Total=115812 from ./probing_data/edges/ontonotes/coref/train.json.retokenized.bert-base-uncased
09/15 03:04:25 PM: Read=5044, Skip=10636, Total=15680 from ./probing_data/edges/ontonotes/coref/development.json.retokenized.bert-base-uncased
09/15 03:04:25 PM: Read=5188, Skip=7029, Total=12217 from ./probing_data/edges/ontonotes/coref/test.json.retokenized.bert-base-uncased
09/15 03:04:26 PM: 	Task 'edges-coref-ontonotes': |train|=41777 |val|=5044 |test|=5188
09/15 03:04:26 PM: 	Finished loading tasks: edges-coref-ontonotes.
09/15 03:04:26 PM: 	Building vocab from scratch.
09/15 03:04:26 PM: 	Counting units for task edges-coref-ontonotes.
09/15 03:04:27 PM: 	Task 'edges-coref-ontonotes': adding vocab namespace 'edges-coref-ontonotes_labels'
09/15 03:04:27 PM: loading file https://s3.amazonaws.com/models.huggingface.co/bert/bert-base-uncased-vocab.txt from cache at /cliphomes/ewallac2/.cache/torch/pytorch_transformers/26bc1ad6c0ac742e9b52263248f6d0f00068293b33709fae12320c0e35ccfbbb.542ce4285a40d23a559526243235df47c5f75c197f04f37d1a0c124c32c9a084
09/15 03:04:28 PM: Added pytorch_transformers vocab (bert-base-uncased): 30522 tokens
09/15 03:04:28 PM: 	Saved vocab to ./experiments/coref-ontonotes-None-top/vocab
09/15 03:04:28 PM: Loading token dictionary from ./experiments/coref-ontonotes-None-top/vocab.
09/15 03:04:28 PM: 	Loaded vocab from ./experiments/coref-ontonotes-None-top/vocab
09/15 03:04:28 PM: 	Vocab namespace tokens: size 20434
09/15 03:04:28 PM: 	Vocab namespace chars: size 72
09/15 03:04:28 PM: 	Vocab namespace edges-coref-ontonotes_labels: size 2
09/15 03:04:28 PM: 	Vocab namespace bert_uncased: size 30524
09/15 03:04:28 PM: 	Finished building vocab.
09/15 03:04:28 PM: 	Task edges-coref-ontonotes (train): Indexing from scratch.
09/15 03:04:43 PM: 	Task edges-coref-ontonotes (train): Saved 41777 instances to ./experiments/coref-ontonotes-None-top/preproc/edges-coref-ontonotes__train_data
09/15 03:04:43 PM: 	Task edges-coref-ontonotes (val): Indexing from scratch.
09/15 03:04:45 PM: 	Task edges-coref-ontonotes (val): Saved 5044 instances to ./experiments/coref-ontonotes-None-top/preproc/edges-coref-ontonotes__val_data
09/15 03:04:45 PM: 	Task edges-coref-ontonotes (test): Indexing from scratch.
09/15 03:04:46 PM: 	Task edges-coref-ontonotes (test): Saved 5188 instances to ./experiments/coref-ontonotes-None-top/preproc/edges-coref-ontonotes__test_data
09/15 03:04:46 PM: 	Finished indexing tasks
09/15 03:04:46 PM: 	Creating trimmed target-only version of edges-coref-ontonotes train.
09/15 03:04:46 PM: 	  Training on 
09/15 03:04:47 PM: 	  Evaluating on edges-coref-ontonotes
09/15 03:04:47 PM: 	Finished loading tasks in 24.634s
09/15 03:04:47 PM: 	 Tasks: ['edges-coref-ontonotes']
09/15 03:04:47 PM: Building model...
09/15 03:04:47 PM: Using BERT model (bert-base-uncased).
09/15 03:04:47 PM: LOADING A FUNETUNED MODEL from: 
09/15 03:04:47 PM: models/None
09/15 03:04:47 PM: Model name 'models/None' was not found in model name list (bert-base-uncased, bert-large-uncased, bert-base-cased, bert-large-cased, bert-base-multilingual-uncased, bert-base-multilingual-cased, bert-base-chinese, bert-base-german-cased, bert-large-uncased-whole-word-masking, bert-large-cased-whole-word-masking, bert-large-uncased-whole-word-masking-finetuned-squad, bert-large-cased-whole-word-masking-finetuned-squad, bert-base-cased-finetuned-mrpc). We assumed 'models/None' was a path or url but couldn't find any file associated to this path or url.
09/15 03:04:47 PM: Fatal error in main():
Traceback (most recent call last):
  File "main.py", line 16, in <module>
    main(sys.argv[1:])
  File "/scratch0/ewallac2/jiant/jiant/__main__.py", line 510, in main
    model = build_model(args, vocab, word_embs, tasks)
  File "/scratch0/ewallac2/jiant/jiant/models.py", line 237, in build_model
    embedder = BertEmbedderModule(args)
  File "/scratch0/ewallac2/jiant/jiant/pytorch_transformers_interface/modules.py", line 270, in __init__
    args.pretrained_dir, cache_dir=self.cache_dir, output_hidden_states=True
  File "/fs/clip-ml/ewallac2/anaconda/envs/jiant/lib/python3.6/site-packages/pytorch_transformers/modeling_utils.py", line 430, in from_pretrained
    **kwargs
TypeError: 'NoneType' object is not iterable
