09/16 08:28:45 AM: Git branch: master
09/16 08:28:45 AM: Git SHA: 1f47e9f0cf1d882ab41f98d47f94e0f8258db16b
09/16 08:28:46 AM: Parsed args: 
{
  "allow_missing_task_map": 1,
  "allow_untrained_encoder_parameters": 1,
  "do_pretrain": 0,
  "exp_dir": "./experiments/spr2-cola-cat/",
  "exp_name": "experiments/spr2-cola-cat",
  "input_module": "bert-base-uncased",
  "local_log_path": "./experiments/spr2-cola-cat/run/log.log",
  "lr_patience": 3,
  "max_seq_len": 512,
  "output_mode": "top",
  "patience": 9,
  "pretrain_tasks": "",
  "pretrained_dir": "models/cola",
  "pytorch_transformers_output_mode": "cat",
  "remote_log_name": "experiments/spr2-cola-cat__run",
  "run_dir": "./experiments/spr2-cola-cat/run",
  "run_name": "run",
  "sent_enc": "none",
  "sep_embs_for_skip": 1,
  "target_tasks": "edges-spr2",
  "tokenizer": "bert-base-uncased",
  "write_preds": "val,test"
}
09/16 08:28:46 AM: Saved config to ./experiments/spr2-cola-cat/run/params.conf
09/16 08:28:46 AM: Using random seed 1234
09/16 08:28:48 AM: Using GPU 0
09/16 08:28:48 AM: Loading tasks...
09/16 08:28:48 AM: Writing pre-preprocessed tasks to ./experiments/spr2-cola-cat/
09/16 08:28:48 AM: 	Creating task edges-spr2 from scratch.
09/16 08:28:48 AM: Read=2226, Skip=0, Total=2226 from ./probing_data/edges/spr2/edges.train.json.retokenized.bert-base-uncased
09/16 08:28:48 AM: Read=291, Skip=0, Total=291 from ./probing_data/edges/spr2/edges.dev.json.retokenized.bert-base-uncased
09/16 08:28:48 AM: Read=276, Skip=0, Total=276 from ./probing_data/edges/spr2/edges.test.json.retokenized.bert-base-uncased
09/16 08:28:48 AM: 	Task 'edges-spr2': |train|=2226 |val|=291 |test|=276
09/16 08:28:48 AM: 	Finished loading tasks: edges-spr2.
09/16 08:28:48 AM: 	Building vocab from scratch.
09/16 08:28:48 AM: 	Counting units for task edges-spr2.
09/16 08:28:48 AM: 	Task 'edges-spr2': adding vocab namespace 'edges-spr2_labels'
09/16 08:28:49 AM: loading file https://s3.amazonaws.com/models.huggingface.co/bert/bert-base-uncased-vocab.txt from cache at /home/ericwallace/.cache/torch/pytorch_transformers/26bc1ad6c0ac742e9b52263248f6d0f00068293b33709fae12320c0e35ccfbbb.542ce4285a40d23a559526243235df47c5f75c197f04f37d1a0c124c32c9a084
09/16 08:28:49 AM: Added pytorch_transformers vocab (bert-base-uncased): 30522 tokens
09/16 08:28:49 AM: 	Saved vocab to ./experiments/spr2-cola-cat/vocab
09/16 08:28:49 AM: Loading token dictionary from ./experiments/spr2-cola-cat/vocab.
09/16 08:28:49 AM: 	Loaded vocab from ./experiments/spr2-cola-cat/vocab
09/16 08:28:49 AM: 	Vocab namespace tokens: size 7943
09/16 08:28:49 AM: 	Vocab namespace edges-spr2_labels: size 20
09/16 08:28:49 AM: 	Vocab namespace bert_uncased: size 30524
09/16 08:28:49 AM: 	Vocab namespace chars: size 65
09/16 08:28:49 AM: 	Finished building vocab.
09/16 08:28:49 AM: 	Task edges-spr2 (train): Indexing from scratch.
09/16 08:28:50 AM: 	Task edges-spr2 (train): Saved 2226 instances to ./experiments/spr2-cola-cat/preproc/edges-spr2__train_data
09/16 08:28:50 AM: 	Task edges-spr2 (val): Indexing from scratch.
09/16 08:28:50 AM: 	Task edges-spr2 (val): Saved 291 instances to ./experiments/spr2-cola-cat/preproc/edges-spr2__val_data
09/16 08:28:50 AM: 	Task edges-spr2 (test): Indexing from scratch.
09/16 08:28:50 AM: 	Task edges-spr2 (test): Saved 276 instances to ./experiments/spr2-cola-cat/preproc/edges-spr2__test_data
09/16 08:28:50 AM: 	Finished indexing tasks
09/16 08:28:50 AM: 	Creating trimmed target-only version of edges-spr2 train.
09/16 08:28:50 AM: 	  Training on 
09/16 08:28:50 AM: 	  Evaluating on edges-spr2
09/16 08:28:50 AM: 	Finished loading tasks in 2.468s
09/16 08:28:50 AM: 	 Tasks: ['edges-spr2']
09/16 08:28:50 AM: Building model...
09/16 08:28:50 AM: Using BERT model (bert-base-uncased).
09/16 08:28:50 AM: LOADING A FUNETUNED MODEL from: 
09/16 08:28:50 AM: models/cola
09/16 08:28:50 AM: loading configuration file models/cola/config.json
09/16 08:28:50 AM: Model config {
  "attention_probs_dropout_prob": 0.1,
  "finetuning_task": "cola",
  "hidden_act": "gelu",
  "hidden_dropout_prob": 0.1,
  "hidden_size": 1024,
  "initializer_range": 0.02,
  "intermediate_size": 4096,
  "layer_norm_eps": 1e-12,
  "max_position_embeddings": 512,
  "num_attention_heads": 16,
  "num_hidden_layers": 24,
  "num_labels": 2,
  "output_attentions": false,
  "output_hidden_states": true,
  "pruned_heads": {},
  "torchscript": false,
  "type_vocab_size": 2,
  "vocab_size": 30522
}

09/16 08:28:50 AM: loading weights file models/cola/pytorch_model.bin
09/16 08:29:05 AM: Weights of BertModel not initialized from pretrained model: ['bert.encoder.layer.12.attention.self.query.weight', 'bert.encoder.layer.12.attention.self.query.bias', 'bert.encoder.layer.12.attention.self.key.weight', 'bert.encoder.layer.12.attention.self.key.bias', 'bert.encoder.layer.12.attention.self.value.weight', 'bert.encoder.layer.12.attention.self.value.bias', 'bert.encoder.layer.12.attention.output.dense.weight', 'bert.encoder.layer.12.attention.output.dense.bias', 'bert.encoder.layer.12.attention.output.LayerNorm.weight', 'bert.encoder.layer.12.attention.output.LayerNorm.bias', 'bert.encoder.layer.12.intermediate.dense.weight', 'bert.encoder.layer.12.intermediate.dense.bias', 'bert.encoder.layer.12.output.dense.weight', 'bert.encoder.layer.12.output.dense.bias', 'bert.encoder.layer.12.output.LayerNorm.weight', 'bert.encoder.layer.12.output.LayerNorm.bias', 'bert.encoder.layer.13.attention.self.query.weight', 'bert.encoder.layer.13.attention.self.query.bias', 'bert.encoder.layer.13.attention.self.key.weight', 'bert.encoder.layer.13.attention.self.key.bias', 'bert.encoder.layer.13.attention.self.value.weight', 'bert.encoder.layer.13.attention.self.value.bias', 'bert.encoder.layer.13.attention.output.dense.weight', 'bert.encoder.layer.13.attention.output.dense.bias', 'bert.encoder.layer.13.attention.output.LayerNorm.weight', 'bert.encoder.layer.13.attention.output.LayerNorm.bias', 'bert.encoder.layer.13.intermediate.dense.weight', 'bert.encoder.layer.13.intermediate.dense.bias', 'bert.encoder.layer.13.output.dense.weight', 'bert.encoder.layer.13.output.dense.bias', 'bert.encoder.layer.13.output.LayerNorm.weight', 'bert.encoder.layer.13.output.LayerNorm.bias', 'bert.encoder.layer.14.attention.self.query.weight', 'bert.encoder.layer.14.attention.self.query.bias', 'bert.encoder.layer.14.attention.self.key.weight', 'bert.encoder.layer.14.attention.self.key.bias', 'bert.encoder.layer.14.attention.self.value.weight', 'bert.encoder.layer.14.attention.self.value.bias', 'bert.encoder.layer.14.attention.output.dense.weight', 'bert.encoder.layer.14.attention.output.dense.bias', 'bert.encoder.layer.14.attention.output.LayerNorm.weight', 'bert.encoder.layer.14.attention.output.LayerNorm.bias', 'bert.encoder.layer.14.intermediate.dense.weight', 'bert.encoder.layer.14.intermediate.dense.bias', 'bert.encoder.layer.14.output.dense.weight', 'bert.encoder.layer.14.output.dense.bias', 'bert.encoder.layer.14.output.LayerNorm.weight', 'bert.encoder.layer.14.output.LayerNorm.bias', 'bert.encoder.layer.15.attention.self.query.weight', 'bert.encoder.layer.15.attention.self.query.bias', 'bert.encoder.layer.15.attention.self.key.weight', 'bert.encoder.layer.15.attention.self.key.bias', 'bert.encoder.layer.15.attention.self.value.weight', 'bert.encoder.layer.15.attention.self.value.bias', 'bert.encoder.layer.15.attention.output.dense.weight', 'bert.encoder.layer.15.attention.output.dense.bias', 'bert.encoder.layer.15.attention.output.LayerNorm.weight', 'bert.encoder.layer.15.attention.output.LayerNorm.bias', 'bert.encoder.layer.15.intermediate.dense.weight', 'bert.encoder.layer.15.intermediate.dense.bias', 'bert.encoder.layer.15.output.dense.weight', 'bert.encoder.layer.15.output.dense.bias', 'bert.encoder.layer.15.output.LayerNorm.weight', 'bert.encoder.layer.15.output.LayerNorm.bias', 'bert.encoder.layer.16.attention.self.query.weight', 'bert.encoder.layer.16.attention.self.query.bias', 'bert.encoder.layer.16.attention.self.key.weight', 'bert.encoder.layer.16.attention.self.key.bias', 'bert.encoder.layer.16.attention.self.value.weight', 'bert.encoder.layer.16.attention.self.value.bias', 'bert.encoder.layer.16.attention.output.dense.weight', 'bert.encoder.layer.16.attention.output.dense.bias', 'bert.encoder.layer.16.attention.output.LayerNorm.weight', 'bert.encoder.layer.16.attention.output.LayerNorm.bias', 'bert.encoder.layer.16.intermediate.dense.weight', 'bert.encoder.layer.16.intermediate.dense.bias', 'bert.encoder.layer.16.output.dense.weight', 'bert.encoder.layer.16.output.dense.bias', 'bert.encoder.layer.16.output.LayerNorm.weight', 'bert.encoder.layer.16.output.LayerNorm.bias', 'bert.encoder.layer.17.attention.self.query.weight', 'bert.encoder.layer.17.attention.self.query.bias', 'bert.encoder.layer.17.attention.self.key.weight', 'bert.encoder.layer.17.attention.self.key.bias', 'bert.encoder.layer.17.attention.self.value.weight', 'bert.encoder.layer.17.attention.self.value.bias', 'bert.encoder.layer.17.attention.output.dense.weight', 'bert.encoder.layer.17.attention.output.dense.bias', 'bert.encoder.layer.17.attention.output.LayerNorm.weight', 'bert.encoder.layer.17.attention.output.LayerNorm.bias', 'bert.encoder.layer.17.intermediate.dense.weight', 'bert.encoder.layer.17.intermediate.dense.bias', 'bert.encoder.layer.17.output.dense.weight', 'bert.encoder.layer.17.output.dense.bias', 'bert.encoder.layer.17.output.LayerNorm.weight', 'bert.encoder.layer.17.output.LayerNorm.bias', 'bert.encoder.layer.18.attention.self.query.weight', 'bert.encoder.layer.18.attention.self.query.bias', 'bert.encoder.layer.18.attention.self.key.weight', 'bert.encoder.layer.18.attention.self.key.bias', 'bert.encoder.layer.18.attention.self.value.weight', 'bert.encoder.layer.18.attention.self.value.bias', 'bert.encoder.layer.18.attention.output.dense.weight', 'bert.encoder.layer.18.attention.output.dense.bias', 'bert.encoder.layer.18.attention.output.LayerNorm.weight', 'bert.encoder.layer.18.attention.output.LayerNorm.bias', 'bert.encoder.layer.18.intermediate.dense.weight', 'bert.encoder.layer.18.intermediate.dense.bias', 'bert.encoder.layer.18.output.dense.weight', 'bert.encoder.layer.18.output.dense.bias', 'bert.encoder.layer.18.output.LayerNorm.weight', 'bert.encoder.layer.18.output.LayerNorm.bias', 'bert.encoder.layer.19.attention.self.query.weight', 'bert.encoder.layer.19.attention.self.query.bias', 'bert.encoder.layer.19.attention.self.key.weight', 'bert.encoder.layer.19.attention.self.key.bias', 'bert.encoder.layer.19.attention.self.value.weight', 'bert.encoder.layer.19.attention.self.value.bias', 'bert.encoder.layer.19.attention.output.dense.weight', 'bert.encoder.layer.19.attention.output.dense.bias', 'bert.encoder.layer.19.attention.output.LayerNorm.weight', 'bert.encoder.layer.19.attention.output.LayerNorm.bias', 'bert.encoder.layer.19.intermediate.dense.weight', 'bert.encoder.layer.19.intermediate.dense.bias', 'bert.encoder.layer.19.output.dense.weight', 'bert.encoder.layer.19.output.dense.bias', 'bert.encoder.layer.19.output.LayerNorm.weight', 'bert.encoder.layer.19.output.LayerNorm.bias', 'bert.encoder.layer.20.attention.self.query.weight', 'bert.encoder.layer.20.attention.self.query.bias', 'bert.encoder.layer.20.attention.self.key.weight', 'bert.encoder.layer.20.attention.self.key.bias', 'bert.encoder.layer.20.attention.self.value.weight', 'bert.encoder.layer.20.attention.self.value.bias', 'bert.encoder.layer.20.attention.output.dense.weight', 'bert.encoder.layer.20.attention.output.dense.bias', 'bert.encoder.layer.20.attention.output.LayerNorm.weight', 'bert.encoder.layer.20.attention.output.LayerNorm.bias', 'bert.encoder.layer.20.intermediate.dense.weight', 'bert.encoder.layer.20.intermediate.dense.bias', 'bert.encoder.layer.20.output.dense.weight', 'bert.encoder.layer.20.output.dense.bias', 'bert.encoder.layer.20.output.LayerNorm.weight', 'bert.encoder.layer.20.output.LayerNorm.bias', 'bert.encoder.layer.21.attention.self.query.weight', 'bert.encoder.layer.21.attention.self.query.bias', 'bert.encoder.layer.21.attention.self.key.weight', 'bert.encoder.layer.21.attention.self.key.bias', 'bert.encoder.layer.21.attention.self.value.weight', 'bert.encoder.layer.21.attention.self.value.bias', 'bert.encoder.layer.21.attention.output.dense.weight', 'bert.encoder.layer.21.attention.output.dense.bias', 'bert.encoder.layer.21.attention.output.LayerNorm.weight', 'bert.encoder.layer.21.attention.output.LayerNorm.bias', 'bert.encoder.layer.21.intermediate.dense.weight', 'bert.encoder.layer.21.intermediate.dense.bias', 'bert.encoder.layer.21.output.dense.weight', 'bert.encoder.layer.21.output.dense.bias', 'bert.encoder.layer.21.output.LayerNorm.weight', 'bert.encoder.layer.21.output.LayerNorm.bias', 'bert.encoder.layer.22.attention.self.query.weight', 'bert.encoder.layer.22.attention.self.query.bias', 'bert.encoder.layer.22.attention.self.key.weight', 'bert.encoder.layer.22.attention.self.key.bias', 'bert.encoder.layer.22.attention.self.value.weight', 'bert.encoder.layer.22.attention.self.value.bias', 'bert.encoder.layer.22.attention.output.dense.weight', 'bert.encoder.layer.22.attention.output.dense.bias', 'bert.encoder.layer.22.attention.output.LayerNorm.weight', 'bert.encoder.layer.22.attention.output.LayerNorm.bias', 'bert.encoder.layer.22.intermediate.dense.weight', 'bert.encoder.layer.22.intermediate.dense.bias', 'bert.encoder.layer.22.output.dense.weight', 'bert.encoder.layer.22.output.dense.bias', 'bert.encoder.layer.22.output.LayerNorm.weight', 'bert.encoder.layer.22.output.LayerNorm.bias', 'bert.encoder.layer.23.attention.self.query.weight', 'bert.encoder.layer.23.attention.self.query.bias', 'bert.encoder.layer.23.attention.self.key.weight', 'bert.encoder.layer.23.attention.self.key.bias', 'bert.encoder.layer.23.attention.self.value.weight', 'bert.encoder.layer.23.attention.self.value.bias', 'bert.encoder.layer.23.attention.output.dense.weight', 'bert.encoder.layer.23.attention.output.dense.bias', 'bert.encoder.layer.23.attention.output.LayerNorm.weight', 'bert.encoder.layer.23.attention.output.LayerNorm.bias', 'bert.encoder.layer.23.intermediate.dense.weight', 'bert.encoder.layer.23.intermediate.dense.bias', 'bert.encoder.layer.23.output.dense.weight', 'bert.encoder.layer.23.output.dense.bias', 'bert.encoder.layer.23.output.LayerNorm.weight', 'bert.encoder.layer.23.output.LayerNorm.bias']
09/16 08:29:05 AM: Fatal error in main():
Traceback (most recent call last):
  File "main.py", line 16, in <module>
    main(sys.argv[1:])
  File "/srv/home/ericwallace/jiant/jiant/__main__.py", line 510, in main
    model = build_model(args, vocab, word_embs, tasks)
  File "/srv/home/ericwallace/jiant/jiant/models.py", line 237, in build_model
    embedder = BertEmbedderModule(args)
  File "/srv/home/ericwallace/jiant/jiant/pytorch_transformers_interface/modules.py", line 270, in __init__
    args.pretrained_dir, cache_dir=self.cache_dir, output_hidden_states=True
  File "/home/ericwallace/miniconda3/envs/jiant/lib/python3.6/site-packages/pytorch_transformers/modeling_utils.py", line 594, in from_pretrained
    model.__class__.__name__, "\n\t".join(error_msgs)))
RuntimeError: Error(s) in loading state_dict for BertModel:
	size mismatch for bert.embeddings.word_embeddings.weight: copying a param with shape torch.Size([30522, 768]) from checkpoint, the shape in current model is torch.Size([30522, 1024]).
	size mismatch for bert.embeddings.position_embeddings.weight: copying a param with shape torch.Size([512, 768]) from checkpoint, the shape in current model is torch.Size([512, 1024]).
	size mismatch for bert.embeddings.token_type_embeddings.weight: copying a param with shape torch.Size([2, 768]) from checkpoint, the shape in current model is torch.Size([2, 1024]).
	size mismatch for bert.embeddings.LayerNorm.weight: copying a param with shape torch.Size([768]) from checkpoint, the shape in current model is torch.Size([1024]).
	size mismatch for bert.embeddings.LayerNorm.bias: copying a param with shape torch.Size([768]) from checkpoint, the shape in current model is torch.Size([1024]).
	size mismatch for bert.encoder.layer.0.attention.self.query.weight: copying a param with shape torch.Size([768, 768]) from checkpoint, the shape in current model is torch.Size([1024, 1024]).
	size mismatch for bert.encoder.layer.0.attention.self.query.bias: copying a param with shape torch.Size([768]) from checkpoint, the shape in current model is torch.Size([1024]).
	size mismatch for bert.encoder.layer.0.attention.self.key.weight: copying a param with shape torch.Size([768, 768]) from checkpoint, the shape in current model is torch.Size([1024, 1024]).
	size mismatch for bert.encoder.layer.0.attention.self.key.bias: copying a param with shape torch.Size([768]) from checkpoint, the shape in current model is torch.Size([1024]).
	size mismatch for bert.encoder.layer.0.attention.self.value.weight: copying a param with shape torch.Size([768, 768]) from checkpoint, the shape in current model is torch.Size([1024, 1024]).
	size mismatch for bert.encoder.layer.0.attention.self.value.bias: copying a param with shape torch.Size([768]) from checkpoint, the shape in current model is torch.Size([1024]).
	size mismatch for bert.encoder.layer.0.attention.output.dense.weight: copying a param with shape torch.Size([768, 768]) from checkpoint, the shape in current model is torch.Size([1024, 1024]).
	size mismatch for bert.encoder.layer.0.attention.output.dense.bias: copying a param with shape torch.Size([768]) from checkpoint, the shape in current model is torch.Size([1024]).
	size mismatch for bert.encoder.layer.0.attention.output.LayerNorm.weight: copying a param with shape torch.Size([768]) from checkpoint, the shape in current model is torch.Size([1024]).
	size mismatch for bert.encoder.layer.0.attention.output.LayerNorm.bias: copying a param with shape torch.Size([768]) from checkpoint, the shape in current model is torch.Size([1024]).
	size mismatch for bert.encoder.layer.0.intermediate.dense.weight: copying a param with shape torch.Size([3072, 768]) from checkpoint, the shape in current model is torch.Size([4096, 1024]).
	size mismatch for bert.encoder.layer.0.intermediate.dense.bias: copying a param with shape torch.Size([3072]) from checkpoint, the shape in current model is torch.Size([4096]).
	size mismatch for bert.encoder.layer.0.output.dense.weight: copying a param with shape torch.Size([768, 3072]) from checkpoint, the shape in current model is torch.Size([1024, 4096]).
	size mismatch for bert.encoder.layer.0.output.dense.bias: copying a param with shape torch.Size([768]) from checkpoint, the shape in current model is torch.Size([1024]).
	size mismatch for bert.encoder.layer.0.output.LayerNorm.weight: copying a param with shape torch.Size([768]) from checkpoint, the shape in current model is torch.Size([1024]).
	size mismatch for bert.encoder.layer.0.output.LayerNorm.bias: copying a param with shape torch.Size([768]) from checkpoint, the shape in current model is torch.Size([1024]).
	size mismatch for bert.encoder.layer.1.attention.self.query.weight: copying a param with shape torch.Size([768, 768]) from checkpoint, the shape in current model is torch.Size([1024, 1024]).
	size mismatch for bert.encoder.layer.1.attention.self.query.bias: copying a param with shape torch.Size([768]) from checkpoint, the shape in current model is torch.Size([1024]).
	size mismatch for bert.encoder.layer.1.attention.self.key.weight: copying a param with shape torch.Size([768, 768]) from checkpoint, the shape in current model is torch.Size([1024, 1024]).
	size mismatch for bert.encoder.layer.1.attention.self.key.bias: copying a param with shape torch.Size([768]) from checkpoint, the shape in current model is torch.Size([1024]).
	size mismatch for bert.encoder.layer.1.attention.self.value.weight: copying a param with shape torch.Size([768, 768]) from checkpoint, the shape in current model is torch.Size([1024, 1024]).
	size mismatch for bert.encoder.layer.1.attention.self.value.bias: copying a param with shape torch.Size([768]) from checkpoint, the shape in current model is torch.Size([1024]).
	size mismatch for bert.encoder.layer.1.attention.output.dense.weight: copying a param with shape torch.Size([768, 768]) from checkpoint, the shape in current model is torch.Size([1024, 1024]).
	size mismatch for bert.encoder.layer.1.attention.output.dense.bias: copying a param with shape torch.Size([768]) from checkpoint, the shape in current model is torch.Size([1024]).
	size mismatch for bert.encoder.layer.1.attention.output.LayerNorm.weight: copying a param with shape torch.Size([768]) from checkpoint, the shape in current model is torch.Size([1024]).
	size mismatch for bert.encoder.layer.1.attention.output.LayerNorm.bias: copying a param with shape torch.Size([768]) from checkpoint, the shape in current model is torch.Size([1024]).
	size mismatch for bert.encoder.layer.1.intermediate.dense.weight: copying a param with shape torch.Size([3072, 768]) from checkpoint, the shape in current model is torch.Size([4096, 1024]).
	size mismatch for bert.encoder.layer.1.intermediate.dense.bias: copying a param with shape torch.Size([3072]) from checkpoint, the shape in current model is torch.Size([4096]).
	size mismatch for bert.encoder.layer.1.output.dense.weight: copying a param with shape torch.Size([768, 3072]) from checkpoint, the shape in current model is torch.Size([1024, 4096]).
	size mismatch for bert.encoder.layer.1.output.dense.bias: copying a param with shape torch.Size([768]) from checkpoint, the shape in current model is torch.Size([1024]).
	size mismatch for bert.encoder.layer.1.output.LayerNorm.weight: copying a param with shape torch.Size([768]) from checkpoint, the shape in current model is torch.Size([1024]).
	size mismatch for bert.encoder.layer.1.output.LayerNorm.bias: copying a param with shape torch.Size([768]) from checkpoint, the shape in current model is torch.Size([1024]).
	size mismatch for bert.encoder.layer.2.attention.self.query.weight: copying a param with shape torch.Size([768, 768]) from checkpoint, the shape in current model is torch.Size([1024, 1024]).
	size mismatch for bert.encoder.layer.2.attention.self.query.bias: copying a param with shape torch.Size([768]) from checkpoint, the shape in current model is torch.Size([1024]).
	size mismatch for bert.encoder.layer.2.attention.self.key.weight: copying a param with shape torch.Size([768, 768]) from checkpoint, the shape in current model is torch.Size([1024, 1024]).
	size mismatch for bert.encoder.layer.2.attention.self.key.bias: copying a param with shape torch.Size([768]) from checkpoint, the shape in current model is torch.Size([1024]).
	size mismatch for bert.encoder.layer.2.attention.self.value.weight: copying a param with shape torch.Size([768, 768]) from checkpoint, the shape in current model is torch.Size([1024, 1024]).
	size mismatch for bert.encoder.layer.2.attention.self.value.bias: copying a param with shape torch.Size([768]) from checkpoint, the shape in current model is torch.Size([1024]).
	size mismatch for bert.encoder.layer.2.attention.output.dense.weight: copying a param with shape torch.Size([768, 768]) from checkpoint, the shape in current model is torch.Size([1024, 1024]).
	size mismatch for bert.encoder.layer.2.attention.output.dense.bias: copying a param with shape torch.Size([768]) from checkpoint, the shape in current model is torch.Size([1024]).
	size mismatch for bert.encoder.layer.2.attention.output.LayerNorm.weight: copying a param with shape torch.Size([768]) from checkpoint, the shape in current model is torch.Size([1024]).
	size mismatch for bert.encoder.layer.2.attention.output.LayerNorm.bias: copying a param with shape torch.Size([768]) from checkpoint, the shape in current model is torch.Size([1024]).
	size mismatch for bert.encoder.layer.2.intermediate.dense.weight: copying a param with shape torch.Size([3072, 768]) from checkpoint, the shape in current model is torch.Size([4096, 1024]).
	size mismatch for bert.encoder.layer.2.intermediate.dense.bias: copying a param with shape torch.Size([3072]) from checkpoint, the shape in current model is torch.Size([4096]).
	size mismatch for bert.encoder.layer.2.output.dense.weight: copying a param with shape torch.Size([768, 3072]) from checkpoint, the shape in current model is torch.Size([1024, 4096]).
	size mismatch for bert.encoder.layer.2.output.dense.bias: copying a param with shape torch.Size([768]) from checkpoint, the shape in current model is torch.Size([1024]).
	size mismatch for bert.encoder.layer.2.output.LayerNorm.weight: copying a param with shape torch.Size([768]) from checkpoint, the shape in current model is torch.Size([1024]).
	size mismatch for bert.encoder.layer.2.output.LayerNorm.bias: copying a param with shape torch.Size([768]) from checkpoint, the shape in current model is torch.Size([1024]).
	size mismatch for bert.encoder.layer.3.attention.self.query.weight: copying a param with shape torch.Size([768, 768]) from checkpoint, the shape in current model is torch.Size([1024, 1024]).
	size mismatch for bert.encoder.layer.3.attention.self.query.bias: copying a param with shape torch.Size([768]) from checkpoint, the shape in current model is torch.Size([1024]).
	size mismatch for bert.encoder.layer.3.attention.self.key.weight: copying a param with shape torch.Size([768, 768]) from checkpoint, the shape in current model is torch.Size([1024, 1024]).
	size mismatch for bert.encoder.layer.3.attention.self.key.bias: copying a param with shape torch.Size([768]) from checkpoint, the shape in current model is torch.Size([1024]).
	size mismatch for bert.encoder.layer.3.attention.self.value.weight: copying a param with shape torch.Size([768, 768]) from checkpoint, the shape in current model is torch.Size([1024, 1024]).
	size mismatch for bert.encoder.layer.3.attention.self.value.bias: copying a param with shape torch.Size([768]) from checkpoint, the shape in current model is torch.Size([1024]).
	size mismatch for bert.encoder.layer.3.attention.output.dense.weight: copying a param with shape torch.Size([768, 768]) from checkpoint, the shape in current model is torch.Size([1024, 1024]).
	size mismatch for bert.encoder.layer.3.attention.output.dense.bias: copying a param with shape torch.Size([768]) from checkpoint, the shape in current model is torch.Size([1024]).
	size mismatch for bert.encoder.layer.3.attention.output.LayerNorm.weight: copying a param with shape torch.Size([768]) from checkpoint, the shape in current model is torch.Size([1024]).
	size mismatch for bert.encoder.layer.3.attention.output.LayerNorm.bias: copying a param with shape torch.Size([768]) from checkpoint, the shape in current model is torch.Size([1024]).
	size mismatch for bert.encoder.layer.3.intermediate.dense.weight: copying a param with shape torch.Size([3072, 768]) from checkpoint, the shape in current model is torch.Size([4096, 1024]).
	size mismatch for bert.encoder.layer.3.intermediate.dense.bias: copying a param with shape torch.Size([3072]) from checkpoint, the shape in current model is torch.Size([4096]).
	size mismatch for bert.encoder.layer.3.output.dense.weight: copying a param with shape torch.Size([768, 3072]) from checkpoint, the shape in current model is torch.Size([1024, 4096]).
	size mismatch for bert.encoder.layer.3.output.dense.bias: copying a param with shape torch.Size([768]) from checkpoint, the shape in current model is torch.Size([1024]).
	size mismatch for bert.encoder.layer.3.output.LayerNorm.weight: copying a param with shape torch.Size([768]) from checkpoint, the shape in current model is torch.Size([1024]).
	size mismatch for bert.encoder.layer.3.output.LayerNorm.bias: copying a param with shape torch.Size([768]) from checkpoint, the shape in current model is torch.Size([1024]).
	size mismatch for bert.encoder.layer.4.attention.self.query.weight: copying a param with shape torch.Size([768, 768]) from checkpoint, the shape in current model is torch.Size([1024, 1024]).
	size mismatch for bert.encoder.layer.4.attention.self.query.bias: copying a param with shape torch.Size([768]) from checkpoint, the shape in current model is torch.Size([1024]).
	size mismatch for bert.encoder.layer.4.attention.self.key.weight: copying a param with shape torch.Size([768, 768]) from checkpoint, the shape in current model is torch.Size([1024, 1024]).
	size mismatch for bert.encoder.layer.4.attention.self.key.bias: copying a param with shape torch.Size([768]) from checkpoint, the shape in current model is torch.Size([1024]).
	size mismatch for bert.encoder.layer.4.attention.self.value.weight: copying a param with shape torch.Size([768, 768]) from checkpoint, the shape in current model is torch.Size([1024, 1024]).
	size mismatch for bert.encoder.layer.4.attention.self.value.bias: copying a param with shape torch.Size([768]) from checkpoint, the shape in current model is torch.Size([1024]).
	size mismatch for bert.encoder.layer.4.attention.output.dense.weight: copying a param with shape torch.Size([768, 768]) from checkpoint, the shape in current model is torch.Size([1024, 1024]).
	size mismatch for bert.encoder.layer.4.attention.output.dense.bias: copying a param with shape torch.Size([768]) from checkpoint, the shape in current model is torch.Size([1024]).
	size mismatch for bert.encoder.layer.4.attention.output.LayerNorm.weight: copying a param with shape torch.Size([768]) from checkpoint, the shape in current model is torch.Size([1024]).
	size mismatch for bert.encoder.layer.4.attention.output.LayerNorm.bias: copying a param with shape torch.Size([768]) from checkpoint, the shape in current model is torch.Size([1024]).
	size mismatch for bert.encoder.layer.4.intermediate.dense.weight: copying a param with shape torch.Size([3072, 768]) from checkpoint, the shape in current model is torch.Size([4096, 1024]).
	size mismatch for bert.encoder.layer.4.intermediate.dense.bias: copying a param with shape torch.Size([3072]) from checkpoint, the shape in current model is torch.Size([4096]).
	size mismatch for bert.encoder.layer.4.output.dense.weight: copying a param with shape torch.Size([768, 3072]) from checkpoint, the shape in current model is torch.Size([1024, 4096]).
	size mismatch for bert.encoder.layer.4.output.dense.bias: copying a param with shape torch.Size([768]) from checkpoint, the shape in current model is torch.Size([1024]).
	size mismatch for bert.encoder.layer.4.output.LayerNorm.weight: copying a param with shape torch.Size([768]) from checkpoint, the shape in current model is torch.Size([1024]).
	size mismatch for bert.encoder.layer.4.output.LayerNorm.bias: copying a param with shape torch.Size([768]) from checkpoint, the shape in current model is torch.Size([1024]).
	size mismatch for bert.encoder.layer.5.attention.self.query.weight: copying a param with shape torch.Size([768, 768]) from checkpoint, the shape in current model is torch.Size([1024, 1024]).
	size mismatch for bert.encoder.layer.5.attention.self.query.bias: copying a param with shape torch.Size([768]) from checkpoint, the shape in current model is torch.Size([1024]).
	size mismatch for bert.encoder.layer.5.attention.self.key.weight: copying a param with shape torch.Size([768, 768]) from checkpoint, the shape in current model is torch.Size([1024, 1024]).
	size mismatch for bert.encoder.layer.5.attention.self.key.bias: copying a param with shape torch.Size([768]) from checkpoint, the shape in current model is torch.Size([1024]).
	size mismatch for bert.encoder.layer.5.attention.self.value.weight: copying a param with shape torch.Size([768, 768]) from checkpoint, the shape in current model is torch.Size([1024, 1024]).
	size mismatch for bert.encoder.layer.5.attention.self.value.bias: copying a param with shape torch.Size([768]) from checkpoint, the shape in current model is torch.Size([1024]).
	size mismatch for bert.encoder.layer.5.attention.output.dense.weight: copying a param with shape torch.Size([768, 768]) from checkpoint, the shape in current model is torch.Size([1024, 1024]).
	size mismatch for bert.encoder.layer.5.attention.output.dense.bias: copying a param with shape torch.Size([768]) from checkpoint, the shape in current model is torch.Size([1024]).
	size mismatch for bert.encoder.layer.5.attention.output.LayerNorm.weight: copying a param with shape torch.Size([768]) from checkpoint, the shape in current model is torch.Size([1024]).
	size mismatch for bert.encoder.layer.5.attention.output.LayerNorm.bias: copying a param with shape torch.Size([768]) from checkpoint, the shape in current model is torch.Size([1024]).
	size mismatch for bert.encoder.layer.5.intermediate.dense.weight: copying a param with shape torch.Size([3072, 768]) from checkpoint, the shape in current model is torch.Size([4096, 1024]).
	size mismatch for bert.encoder.layer.5.intermediate.dense.bias: copying a param with shape torch.Size([3072]) from checkpoint, the shape in current model is torch.Size([4096]).
	size mismatch for bert.encoder.layer.5.output.dense.weight: copying a param with shape torch.Size([768, 3072]) from checkpoint, the shape in current model is torch.Size([1024, 4096]).
	size mismatch for bert.encoder.layer.5.output.dense.bias: copying a param with shape torch.Size([768]) from checkpoint, the shape in current model is torch.Size([1024]).
	size mismatch for bert.encoder.layer.5.output.LayerNorm.weight: copying a param with shape torch.Size([768]) from checkpoint, the shape in current model is torch.Size([1024]).
	size mismatch for bert.encoder.layer.5.output.LayerNorm.bias: copying a param with shape torch.Size([768]) from checkpoint, the shape in current model is torch.Size([1024]).
	size mismatch for bert.encoder.layer.6.attention.self.query.weight: copying a param with shape torch.Size([768, 768]) from checkpoint, the shape in current model is torch.Size([1024, 1024]).
	size mismatch for bert.encoder.layer.6.attention.self.query.bias: copying a param with shape torch.Size([768]) from checkpoint, the shape in current model is torch.Size([1024]).
	size mismatch for bert.encoder.layer.6.attention.self.key.weight: copying a param with shape torch.Size([768, 768]) from checkpoint, the shape in current model is torch.Size([1024, 1024]).
	size mismatch for bert.encoder.layer.6.attention.self.key.bias: copying a param with shape torch.Size([768]) from checkpoint, the shape in current model is torch.Size([1024]).
	size mismatch for bert.encoder.layer.6.attention.self.value.weight: copying a param with shape torch.Size([768, 768]) from checkpoint, the shape in current model is torch.Size([1024, 1024]).
	size mismatch for bert.encoder.layer.6.attention.self.value.bias: copying a param with shape torch.Size([768]) from checkpoint, the shape in current model is torch.Size([1024]).
	size mismatch for bert.encoder.layer.6.attention.output.dense.weight: copying a param with shape torch.Size([768, 768]) from checkpoint, the shape in current model is torch.Size([1024, 1024]).
	size mismatch for bert.encoder.layer.6.attention.output.dense.bias: copying a param with shape torch.Size([768]) from checkpoint, the shape in current model is torch.Size([1024]).
	size mismatch for bert.encoder.layer.6.attention.output.LayerNorm.weight: copying a param with shape torch.Size([768]) from checkpoint, the shape in current model is torch.Size([1024]).
	size mismatch for bert.encoder.layer.6.attention.output.LayerNorm.bias: copying a param with shape torch.Size([768]) from checkpoint, the shape in current model is torch.Size([1024]).
	size mismatch for bert.encoder.layer.6.intermediate.dense.weight: copying a param with shape torch.Size([3072, 768]) from checkpoint, the shape in current model is torch.Size([4096, 1024]).
	size mismatch for bert.encoder.layer.6.intermediate.dense.bias: copying a param with shape torch.Size([3072]) from checkpoint, the shape in current model is torch.Size([4096]).
	size mismatch for bert.encoder.layer.6.output.dense.weight: copying a param with shape torch.Size([768, 3072]) from checkpoint, the shape in current model is torch.Size([1024, 4096]).
	size mismatch for bert.encoder.layer.6.output.dense.bias: copying a param with shape torch.Size([768]) from checkpoint, the shape in current model is torch.Size([1024]).
	size mismatch for bert.encoder.layer.6.output.LayerNorm.weight: copying a param with shape torch.Size([768]) from checkpoint, the shape in current model is torch.Size([1024]).
	size mismatch for bert.encoder.layer.6.output.LayerNorm.bias: copying a param with shape torch.Size([768]) from checkpoint, the shape in current model is torch.Size([1024]).
	size mismatch for bert.encoder.layer.7.attention.self.query.weight: copying a param with shape torch.Size([768, 768]) from checkpoint, the shape in current model is torch.Size([1024, 1024]).
	size mismatch for bert.encoder.layer.7.attention.self.query.bias: copying a param with shape torch.Size([768]) from checkpoint, the shape in current model is torch.Size([1024]).
	size mismatch for bert.encoder.layer.7.attention.self.key.weight: copying a param with shape torch.Size([768, 768]) from checkpoint, the shape in current model is torch.Size([1024, 1024]).
	size mismatch for bert.encoder.layer.7.attention.self.key.bias: copying a param with shape torch.Size([768]) from checkpoint, the shape in current model is torch.Size([1024]).
	size mismatch for bert.encoder.layer.7.attention.self.value.weight: copying a param with shape torch.Size([768, 768]) from checkpoint, the shape in current model is torch.Size([1024, 1024]).
	size mismatch for bert.encoder.layer.7.attention.self.value.bias: copying a param with shape torch.Size([768]) from checkpoint, the shape in current model is torch.Size([1024]).
	size mismatch for bert.encoder.layer.7.attention.output.dense.weight: copying a param with shape torch.Size([768, 768]) from checkpoint, the shape in current model is torch.Size([1024, 1024]).
	size mismatch for bert.encoder.layer.7.attention.output.dense.bias: copying a param with shape torch.Size([768]) from checkpoint, the shape in current model is torch.Size([1024]).
	size mismatch for bert.encoder.layer.7.attention.output.LayerNorm.weight: copying a param with shape torch.Size([768]) from checkpoint, the shape in current model is torch.Size([1024]).
	size mismatch for bert.encoder.layer.7.attention.output.LayerNorm.bias: copying a param with shape torch.Size([768]) from checkpoint, the shape in current model is torch.Size([1024]).
	size mismatch for bert.encoder.layer.7.intermediate.dense.weight: copying a param with shape torch.Size([3072, 768]) from checkpoint, the shape in current model is torch.Size([4096, 1024]).
	size mismatch for bert.encoder.layer.7.intermediate.dense.bias: copying a param with shape torch.Size([3072]) from checkpoint, the shape in current model is torch.Size([4096]).
	size mismatch for bert.encoder.layer.7.output.dense.weight: copying a param with shape torch.Size([768, 3072]) from checkpoint, the shape in current model is torch.Size([1024, 4096]).
	size mismatch for bert.encoder.layer.7.output.dense.bias: copying a param with shape torch.Size([768]) from checkpoint, the shape in current model is torch.Size([1024]).
	size mismatch for bert.encoder.layer.7.output.LayerNorm.weight: copying a param with shape torch.Size([768]) from checkpoint, the shape in current model is torch.Size([1024]).
	size mismatch for bert.encoder.layer.7.output.LayerNorm.bias: copying a param with shape torch.Size([768]) from checkpoint, the shape in current model is torch.Size([1024]).
	size mismatch for bert.encoder.layer.8.attention.self.query.weight: copying a param with shape torch.Size([768, 768]) from checkpoint, the shape in current model is torch.Size([1024, 1024]).
	size mismatch for bert.encoder.layer.8.attention.self.query.bias: copying a param with shape torch.Size([768]) from checkpoint, the shape in current model is torch.Size([1024]).
	size mismatch for bert.encoder.layer.8.attention.self.key.weight: copying a param with shape torch.Size([768, 768]) from checkpoint, the shape in current model is torch.Size([1024, 1024]).
	size mismatch for bert.encoder.layer.8.attention.self.key.bias: copying a param with shape torch.Size([768]) from checkpoint, the shape in current model is torch.Size([1024]).
	size mismatch for bert.encoder.layer.8.attention.self.value.weight: copying a param with shape torch.Size([768, 768]) from checkpoint, the shape in current model is torch.Size([1024, 1024]).
	size mismatch for bert.encoder.layer.8.attention.self.value.bias: copying a param with shape torch.Size([768]) from checkpoint, the shape in current model is torch.Size([1024]).
	size mismatch for bert.encoder.layer.8.attention.output.dense.weight: copying a param with shape torch.Size([768, 768]) from checkpoint, the shape in current model is torch.Size([1024, 1024]).
	size mismatch for bert.encoder.layer.8.attention.output.dense.bias: copying a param with shape torch.Size([768]) from checkpoint, the shape in current model is torch.Size([1024]).
	size mismatch for bert.encoder.layer.8.attention.output.LayerNorm.weight: copying a param with shape torch.Size([768]) from checkpoint, the shape in current model is torch.Size([1024]).
	size mismatch for bert.encoder.layer.8.attention.output.LayerNorm.bias: copying a param with shape torch.Size([768]) from checkpoint, the shape in current model is torch.Size([1024]).
	size mismatch for bert.encoder.layer.8.intermediate.dense.weight: copying a param with shape torch.Size([3072, 768]) from checkpoint, the shape in current model is torch.Size([4096, 1024]).
	size mismatch for bert.encoder.layer.8.intermediate.dense.bias: copying a param with shape torch.Size([3072]) from checkpoint, the shape in current model is torch.Size([4096]).
	size mismatch for bert.encoder.layer.8.output.dense.weight: copying a param with shape torch.Size([768, 3072]) from checkpoint, the shape in current model is torch.Size([1024, 4096]).
	size mismatch for bert.encoder.layer.8.output.dense.bias: copying a param with shape torch.Size([768]) from checkpoint, the shape in current model is torch.Size([1024]).
	size mismatch for bert.encoder.layer.8.output.LayerNorm.weight: copying a param with shape torch.Size([768]) from checkpoint, the shape in current model is torch.Size([1024]).
	size mismatch for bert.encoder.layer.8.output.LayerNorm.bias: copying a param with shape torch.Size([768]) from checkpoint, the shape in current model is torch.Size([1024]).
	size mismatch for bert.encoder.layer.9.attention.self.query.weight: copying a param with shape torch.Size([768, 768]) from checkpoint, the shape in current model is torch.Size([1024, 1024]).
	size mismatch for bert.encoder.layer.9.attention.self.query.bias: copying a param with shape torch.Size([768]) from checkpoint, the shape in current model is torch.Size([1024]).
	size mismatch for bert.encoder.layer.9.attention.self.key.weight: copying a param with shape torch.Size([768, 768]) from checkpoint, the shape in current model is torch.Size([1024, 1024]).
	size mismatch for bert.encoder.layer.9.attention.self.key.bias: copying a param with shape torch.Size([768]) from checkpoint, the shape in current model is torch.Size([1024]).
	size mismatch for bert.encoder.layer.9.attention.self.value.weight: copying a param with shape torch.Size([768, 768]) from checkpoint, the shape in current model is torch.Size([1024, 1024]).
	size mismatch for bert.encoder.layer.9.attention.self.value.bias: copying a param with shape torch.Size([768]) from checkpoint, the shape in current model is torch.Size([1024]).
	size mismatch for bert.encoder.layer.9.attention.output.dense.weight: copying a param with shape torch.Size([768, 768]) from checkpoint, the shape in current model is torch.Size([1024, 1024]).
	size mismatch for bert.encoder.layer.9.attention.output.dense.bias: copying a param with shape torch.Size([768]) from checkpoint, the shape in current model is torch.Size([1024]).
	size mismatch for bert.encoder.layer.9.attention.output.LayerNorm.weight: copying a param with shape torch.Size([768]) from checkpoint, the shape in current model is torch.Size([1024]).
	size mismatch for bert.encoder.layer.9.attention.output.LayerNorm.bias: copying a param with shape torch.Size([768]) from checkpoint, the shape in current model is torch.Size([1024]).
	size mismatch for bert.encoder.layer.9.intermediate.dense.weight: copying a param with shape torch.Size([3072, 768]) from checkpoint, the shape in current model is torch.Size([4096, 1024]).
	size mismatch for bert.encoder.layer.9.intermediate.dense.bias: copying a param with shape torch.Size([3072]) from checkpoint, the shape in current model is torch.Size([4096]).
	size mismatch for bert.encoder.layer.9.output.dense.weight: copying a param with shape torch.Size([768, 3072]) from checkpoint, the shape in current model is torch.Size([1024, 4096]).
	size mismatch for bert.encoder.layer.9.output.dense.bias: copying a param with shape torch.Size([768]) from checkpoint, the shape in current model is torch.Size([1024]).
	size mismatch for bert.encoder.layer.9.output.LayerNorm.weight: copying a param with shape torch.Size([768]) from checkpoint, the shape in current model is torch.Size([1024]).
	size mismatch for bert.encoder.layer.9.output.LayerNorm.bias: copying a param with shape torch.Size([768]) from checkpoint, the shape in current model is torch.Size([1024]).
	size mismatch for bert.encoder.layer.10.attention.self.query.weight: copying a param with shape torch.Size([768, 768]) from checkpoint, the shape in current model is torch.Size([1024, 1024]).
	size mismatch for bert.encoder.layer.10.attention.self.query.bias: copying a param with shape torch.Size([768]) from checkpoint, the shape in current model is torch.Size([1024]).
	size mismatch for bert.encoder.layer.10.attention.self.key.weight: copying a param with shape torch.Size([768, 768]) from checkpoint, the shape in current model is torch.Size([1024, 1024]).
	size mismatch for bert.encoder.layer.10.attention.self.key.bias: copying a param with shape torch.Size([768]) from checkpoint, the shape in current model is torch.Size([1024]).
	size mismatch for bert.encoder.layer.10.attention.self.value.weight: copying a param with shape torch.Size([768, 768]) from checkpoint, the shape in current model is torch.Size([1024, 1024]).
	size mismatch for bert.encoder.layer.10.attention.self.value.bias: copying a param with shape torch.Size([768]) from checkpoint, the shape in current model is torch.Size([1024]).
	size mismatch for bert.encoder.layer.10.attention.output.dense.weight: copying a param with shape torch.Size([768, 768]) from checkpoint, the shape in current model is torch.Size([1024, 1024]).
	size mismatch for bert.encoder.layer.10.attention.output.dense.bias: copying a param with shape torch.Size([768]) from checkpoint, the shape in current model is torch.Size([1024]).
	size mismatch for bert.encoder.layer.10.attention.output.LayerNorm.weight: copying a param with shape torch.Size([768]) from checkpoint, the shape in current model is torch.Size([1024]).
	size mismatch for bert.encoder.layer.10.attention.output.LayerNorm.bias: copying a param with shape torch.Size([768]) from checkpoint, the shape in current model is torch.Size([1024]).
	size mismatch for bert.encoder.layer.10.intermediate.dense.weight: copying a param with shape torch.Size([3072, 768]) from checkpoint, the shape in current model is torch.Size([4096, 1024]).
	size mismatch for bert.encoder.layer.10.intermediate.dense.bias: copying a param with shape torch.Size([3072]) from checkpoint, the shape in current model is torch.Size([4096]).
	size mismatch for bert.encoder.layer.10.output.dense.weight: copying a param with shape torch.Size([768, 3072]) from checkpoint, the shape in current model is torch.Size([1024, 4096]).
	size mismatch for bert.encoder.layer.10.output.dense.bias: copying a param with shape torch.Size([768]) from checkpoint, the shape in current model is torch.Size([1024]).
	size mismatch for bert.encoder.layer.10.output.LayerNorm.weight: copying a param with shape torch.Size([768]) from checkpoint, the shape in current model is torch.Size([1024]).
	size mismatch for bert.encoder.layer.10.output.LayerNorm.bias: copying a param with shape torch.Size([768]) from checkpoint, the shape in current model is torch.Size([1024]).
	size mismatch for bert.encoder.layer.11.attention.self.query.weight: copying a param with shape torch.Size([768, 768]) from checkpoint, the shape in current model is torch.Size([1024, 1024]).
	size mismatch for bert.encoder.layer.11.attention.self.query.bias: copying a param with shape torch.Size([768]) from checkpoint, the shape in current model is torch.Size([1024]).
	size mismatch for bert.encoder.layer.11.attention.self.key.weight: copying a param with shape torch.Size([768, 768]) from checkpoint, the shape in current model is torch.Size([1024, 1024]).
	size mismatch for bert.encoder.layer.11.attention.self.key.bias: copying a param with shape torch.Size([768]) from checkpoint, the shape in current model is torch.Size([1024]).
	size mismatch for bert.encoder.layer.11.attention.self.value.weight: copying a param with shape torch.Size([768, 768]) from checkpoint, the shape in current model is torch.Size([1024, 1024]).
	size mismatch for bert.encoder.layer.11.attention.self.value.bias: copying a param with shape torch.Size([768]) from checkpoint, the shape in current model is torch.Size([1024]).
	size mismatch for bert.encoder.layer.11.attention.output.dense.weight: copying a param with shape torch.Size([768, 768]) from checkpoint, the shape in current model is torch.Size([1024, 1024]).
	size mismatch for bert.encoder.layer.11.attention.output.dense.bias: copying a param with shape torch.Size([768]) from checkpoint, the shape in current model is torch.Size([1024]).
	size mismatch for bert.encoder.layer.11.attention.output.LayerNorm.weight: copying a param with shape torch.Size([768]) from checkpoint, the shape in current model is torch.Size([1024]).
	size mismatch for bert.encoder.layer.11.attention.output.LayerNorm.bias: copying a param with shape torch.Size([768]) from checkpoint, the shape in current model is torch.Size([1024]).
	size mismatch for bert.encoder.layer.11.intermediate.dense.weight: copying a param with shape torch.Size([3072, 768]) from checkpoint, the shape in current model is torch.Size([4096, 1024]).
	size mismatch for bert.encoder.layer.11.intermediate.dense.bias: copying a param with shape torch.Size([3072]) from checkpoint, the shape in current model is torch.Size([4096]).
	size mismatch for bert.encoder.layer.11.output.dense.weight: copying a param with shape torch.Size([768, 3072]) from checkpoint, the shape in current model is torch.Size([1024, 4096]).
	size mismatch for bert.encoder.layer.11.output.dense.bias: copying a param with shape torch.Size([768]) from checkpoint, the shape in current model is torch.Size([1024]).
	size mismatch for bert.encoder.layer.11.output.LayerNorm.weight: copying a param with shape torch.Size([768]) from checkpoint, the shape in current model is torch.Size([1024]).
	size mismatch for bert.encoder.layer.11.output.LayerNorm.bias: copying a param with shape torch.Size([768]) from checkpoint, the shape in current model is torch.Size([1024]).
	size mismatch for bert.pooler.dense.weight: copying a param with shape torch.Size([768, 768]) from checkpoint, the shape in current model is torch.Size([1024, 1024]).
	size mismatch for bert.pooler.dense.bias: copying a param with shape torch.Size([768]) from checkpoint, the shape in current model is torch.Size([1024]).
