09/16 07:17:15 AM: Git branch: master
09/16 07:17:15 AM: Git SHA: 36ca31498698840426ebb6bc0a6246f741bc664e
09/16 07:17:16 AM: Parsed args: 
{
  "allow_missing_task_map": 1,
  "allow_untrained_encoder_parameters": 1,
  "do_pretrain": 0,
  "exp_dir": "./experiments/rel-semeval-None-cat/",
  "exp_name": "experiments/rel-semeval-None-cat",
  "input_module": "bert-base-uncased",
  "local_log_path": "./experiments/rel-semeval-None-cat/run/log.log",
  "lr_patience": 3,
  "max_seq_len": 512,
  "output_mode": "top",
  "patience": 9,
  "pretrain_tasks": "",
  "pretrained_dir": "models/None",
  "pytorch_transformers_output_mode": "cat",
  "remote_log_name": "experiments/rel-semeval-None-cat__run",
  "run_dir": "./experiments/rel-semeval-None-cat/run",
  "run_name": "run",
  "sent_enc": "none",
  "sep_embs_for_skip": 1,
  "target_tasks": "edges-rel-semeval",
  "tokenizer": "bert-base-uncased",
  "write_preds": "val,test"
}
09/16 07:17:16 AM: Saved config to ./experiments/rel-semeval-None-cat/run/params.conf
09/16 07:17:16 AM: Using random seed 1234
09/16 07:17:17 AM: Using GPU 0
09/16 07:17:17 AM: Loading tasks...
09/16 07:17:17 AM: Writing pre-preprocessed tasks to ./experiments/rel-semeval-None-cat/
09/16 07:17:17 AM: 	Creating task edges-rel-semeval from scratch.
09/16 07:17:17 AM: Read=6851, Skip=0, Total=6851 from ./probing_data/edges/semeval/train.0.85.json.retokenized.bert-base-uncased
09/16 07:17:17 AM: Read=1149, Skip=0, Total=1149 from ./probing_data/edges/semeval/dev.json.retokenized.bert-base-uncased
09/16 07:17:17 AM: Read=2717, Skip=0, Total=2717 from ./probing_data/edges/semeval/test.json.retokenized.bert-base-uncased
09/16 07:17:17 AM: 	Task 'edges-rel-semeval': |train|=6851 |val|=1149 |test|=2717
09/16 07:17:17 AM: 	Finished loading tasks: edges-rel-semeval.
09/16 07:17:17 AM: 	Building vocab from scratch.
09/16 07:17:17 AM: 	Counting units for task edges-rel-semeval.
09/16 07:17:17 AM: 	Task 'edges-rel-semeval': adding vocab namespace 'edges-rel-semeval_labels'
09/16 07:17:18 AM: loading file https://s3.amazonaws.com/models.huggingface.co/bert/bert-base-uncased-vocab.txt from cache at /home/ericwallace/.cache/torch/pytorch_transformers/26bc1ad6c0ac742e9b52263248f6d0f00068293b33709fae12320c0e35ccfbbb.542ce4285a40d23a559526243235df47c5f75c197f04f37d1a0c124c32c9a084
09/16 07:17:18 AM: Added pytorch_transformers vocab (bert-base-uncased): 30522 tokens
09/16 07:17:19 AM: 	Saved vocab to ./experiments/rel-semeval-None-cat/vocab
09/16 07:17:19 AM: Loading token dictionary from ./experiments/rel-semeval-None-cat/vocab.
09/16 07:17:19 AM: 	Loaded vocab from ./experiments/rel-semeval-None-cat/vocab
09/16 07:17:19 AM: 	Vocab namespace bert_uncased: size 30524
09/16 07:17:19 AM: 	Vocab namespace tokens: size 16020
09/16 07:17:19 AM: 	Vocab namespace chars: size 59
09/16 07:17:19 AM: 	Vocab namespace edges-rel-semeval_labels: size 19
09/16 07:17:19 AM: 	Finished building vocab.
09/16 07:17:19 AM: 	Task edges-rel-semeval (train): Indexing from scratch.
09/16 07:17:19 AM: 	Task edges-rel-semeval (train): Saved 6851 instances to ./experiments/rel-semeval-None-cat/preproc/edges-rel-semeval__train_data
09/16 07:17:19 AM: 	Task edges-rel-semeval (val): Indexing from scratch.
09/16 07:17:19 AM: 	Task edges-rel-semeval (val): Saved 1149 instances to ./experiments/rel-semeval-None-cat/preproc/edges-rel-semeval__val_data
09/16 07:17:19 AM: 	Task edges-rel-semeval (test): Indexing from scratch.
09/16 07:17:20 AM: 	Task edges-rel-semeval (test): Saved 2717 instances to ./experiments/rel-semeval-None-cat/preproc/edges-rel-semeval__test_data
09/16 07:17:20 AM: 	Finished indexing tasks
09/16 07:17:20 AM: 	Creating trimmed target-only version of edges-rel-semeval train.
09/16 07:17:20 AM: 	  Training on 
09/16 07:17:20 AM: 	  Evaluating on edges-rel-semeval
09/16 07:17:20 AM: 	Finished loading tasks in 2.868s
09/16 07:17:20 AM: 	 Tasks: ['edges-rel-semeval']
09/16 07:17:20 AM: Building model...
09/16 07:17:20 AM: Using BERT model (bert-base-uncased).
09/16 07:17:20 AM: LOADING A PRETRAINED MODEL
09/16 07:17:21 AM: https://s3.amazonaws.com/models.huggingface.co/bert/bert-base-uncased-config.json not found in cache or force_download set to True, downloading to /tmp/tmphbni9xx3
09/16 07:17:22 AM: copying /tmp/tmphbni9xx3 to cache at ./experiments/rel-semeval-None-cat/pytorch_transformers_cache/4dad0251492946e18ac39290fcfe91b89d370fee250efe9521476438fe8ca185.bf3b9ea126d8c0001ee8a1e8b92229871d06d36d8808208cc2449280da87785c
09/16 07:17:22 AM: creating metadata file for ./experiments/rel-semeval-None-cat/pytorch_transformers_cache/4dad0251492946e18ac39290fcfe91b89d370fee250efe9521476438fe8ca185.bf3b9ea126d8c0001ee8a1e8b92229871d06d36d8808208cc2449280da87785c
09/16 07:17:22 AM: removing temp file /tmp/tmphbni9xx3
09/16 07:17:22 AM: loading configuration file https://s3.amazonaws.com/models.huggingface.co/bert/bert-base-uncased-config.json from cache at ./experiments/rel-semeval-None-cat/pytorch_transformers_cache/4dad0251492946e18ac39290fcfe91b89d370fee250efe9521476438fe8ca185.bf3b9ea126d8c0001ee8a1e8b92229871d06d36d8808208cc2449280da87785c
09/16 07:17:22 AM: Model config {
  "attention_probs_dropout_prob": 0.1,
  "finetuning_task": null,
  "hidden_act": "gelu",
  "hidden_dropout_prob": 0.1,
  "hidden_size": 768,
  "initializer_range": 0.02,
  "intermediate_size": 3072,
  "layer_norm_eps": 1e-12,
  "max_position_embeddings": 512,
  "num_attention_heads": 12,
  "num_hidden_layers": 12,
  "num_labels": 2,
  "output_attentions": false,
  "output_hidden_states": true,
  "pruned_heads": {},
  "torchscript": false,
  "type_vocab_size": 2,
  "vocab_size": 30522
}

09/16 07:17:23 AM: https://s3.amazonaws.com/models.huggingface.co/bert/bert-base-uncased-pytorch_model.bin not found in cache or force_download set to True, downloading to /tmp/tmp76lpd49u
09/16 07:18:45 AM: copying /tmp/tmp76lpd49u to cache at ./experiments/rel-semeval-None-cat/pytorch_transformers_cache/aa1ef1aede4482d0dbcd4d52baad8ae300e60902e88fcb0bebdec09afd232066.36ca03ab34a1a5d5fa7bc3d03d55c4fa650fed07220e2eeebc06ce58d0e9a157
09/16 07:18:45 AM: creating metadata file for ./experiments/rel-semeval-None-cat/pytorch_transformers_cache/aa1ef1aede4482d0dbcd4d52baad8ae300e60902e88fcb0bebdec09afd232066.36ca03ab34a1a5d5fa7bc3d03d55c4fa650fed07220e2eeebc06ce58d0e9a157
09/16 07:18:45 AM: removing temp file /tmp/tmp76lpd49u
09/16 07:18:46 AM: loading weights file https://s3.amazonaws.com/models.huggingface.co/bert/bert-base-uncased-pytorch_model.bin from cache at ./experiments/rel-semeval-None-cat/pytorch_transformers_cache/aa1ef1aede4482d0dbcd4d52baad8ae300e60902e88fcb0bebdec09afd232066.36ca03ab34a1a5d5fa7bc3d03d55c4fa650fed07220e2eeebc06ce58d0e9a157
09/16 07:18:49 AM: https://s3.amazonaws.com/models.huggingface.co/bert/bert-base-uncased-vocab.txt not found in cache or force_download set to True, downloading to /tmp/tmpof7ojl5_
09/16 07:18:52 AM: copying /tmp/tmpof7ojl5_ to cache at ./experiments/rel-semeval-None-cat/pytorch_transformers_cache/26bc1ad6c0ac742e9b52263248f6d0f00068293b33709fae12320c0e35ccfbbb.542ce4285a40d23a559526243235df47c5f75c197f04f37d1a0c124c32c9a084
09/16 07:18:52 AM: creating metadata file for ./experiments/rel-semeval-None-cat/pytorch_transformers_cache/26bc1ad6c0ac742e9b52263248f6d0f00068293b33709fae12320c0e35ccfbbb.542ce4285a40d23a559526243235df47c5f75c197f04f37d1a0c124c32c9a084
09/16 07:18:52 AM: removing temp file /tmp/tmpof7ojl5_
09/16 07:18:52 AM: loading file https://s3.amazonaws.com/models.huggingface.co/bert/bert-base-uncased-vocab.txt from cache at ./experiments/rel-semeval-None-cat/pytorch_transformers_cache/26bc1ad6c0ac742e9b52263248f6d0f00068293b33709fae12320c0e35ccfbbb.542ce4285a40d23a559526243235df47c5f75c197f04f37d1a0c124c32c9a084
09/16 07:18:52 AM: Initializing parameters
09/16 07:18:52 AM: Done initializing parameters; the following parameters are using their default initialization from their code
09/16 07:18:52 AM:    _text_field_embedder.model.embeddings.LayerNorm.bias
09/16 07:18:52 AM:    _text_field_embedder.model.embeddings.LayerNorm.weight
09/16 07:18:52 AM:    _text_field_embedder.model.embeddings.position_embeddings.weight
09/16 07:18:52 AM:    _text_field_embedder.model.embeddings.token_type_embeddings.weight
09/16 07:18:52 AM:    _text_field_embedder.model.embeddings.word_embeddings.weight
09/16 07:18:52 AM:    _text_field_embedder.model.encoder.layer.0.attention.output.LayerNorm.bias
09/16 07:18:52 AM:    _text_field_embedder.model.encoder.layer.0.attention.output.LayerNorm.weight
09/16 07:18:52 AM:    _text_field_embedder.model.encoder.layer.0.attention.output.dense.bias
09/16 07:18:52 AM:    _text_field_embedder.model.encoder.layer.0.attention.output.dense.weight
09/16 07:18:52 AM:    _text_field_embedder.model.encoder.layer.0.attention.self.key.bias
09/16 07:18:52 AM:    _text_field_embedder.model.encoder.layer.0.attention.self.key.weight
09/16 07:18:52 AM:    _text_field_embedder.model.encoder.layer.0.attention.self.query.bias
09/16 07:18:52 AM:    _text_field_embedder.model.encoder.layer.0.attention.self.query.weight
09/16 07:18:52 AM:    _text_field_embedder.model.encoder.layer.0.attention.self.value.bias
09/16 07:18:52 AM:    _text_field_embedder.model.encoder.layer.0.attention.self.value.weight
09/16 07:18:52 AM:    _text_field_embedder.model.encoder.layer.0.intermediate.dense.bias
09/16 07:18:52 AM:    _text_field_embedder.model.encoder.layer.0.intermediate.dense.weight
09/16 07:18:52 AM:    _text_field_embedder.model.encoder.layer.0.output.LayerNorm.bias
09/16 07:18:52 AM:    _text_field_embedder.model.encoder.layer.0.output.LayerNorm.weight
09/16 07:18:52 AM:    _text_field_embedder.model.encoder.layer.0.output.dense.bias
09/16 07:18:52 AM:    _text_field_embedder.model.encoder.layer.0.output.dense.weight
09/16 07:18:52 AM:    _text_field_embedder.model.encoder.layer.1.attention.output.LayerNorm.bias
09/16 07:18:52 AM:    _text_field_embedder.model.encoder.layer.1.attention.output.LayerNorm.weight
09/16 07:18:52 AM:    _text_field_embedder.model.encoder.layer.1.attention.output.dense.bias
09/16 07:18:52 AM:    _text_field_embedder.model.encoder.layer.1.attention.output.dense.weight
09/16 07:18:52 AM:    _text_field_embedder.model.encoder.layer.1.attention.self.key.bias
09/16 07:18:52 AM:    _text_field_embedder.model.encoder.layer.1.attention.self.key.weight
09/16 07:18:52 AM:    _text_field_embedder.model.encoder.layer.1.attention.self.query.bias
09/16 07:18:52 AM:    _text_field_embedder.model.encoder.layer.1.attention.self.query.weight
09/16 07:18:52 AM:    _text_field_embedder.model.encoder.layer.1.attention.self.value.bias
09/16 07:18:52 AM:    _text_field_embedder.model.encoder.layer.1.attention.self.value.weight
09/16 07:18:52 AM:    _text_field_embedder.model.encoder.layer.1.intermediate.dense.bias
09/16 07:18:52 AM:    _text_field_embedder.model.encoder.layer.1.intermediate.dense.weight
09/16 07:18:52 AM:    _text_field_embedder.model.encoder.layer.1.output.LayerNorm.bias
09/16 07:18:52 AM:    _text_field_embedder.model.encoder.layer.1.output.LayerNorm.weight
09/16 07:18:52 AM:    _text_field_embedder.model.encoder.layer.1.output.dense.bias
09/16 07:18:52 AM:    _text_field_embedder.model.encoder.layer.1.output.dense.weight
09/16 07:18:52 AM:    _text_field_embedder.model.encoder.layer.10.attention.output.LayerNorm.bias
09/16 07:18:52 AM:    _text_field_embedder.model.encoder.layer.10.attention.output.LayerNorm.weight
09/16 07:18:52 AM:    _text_field_embedder.model.encoder.layer.10.attention.output.dense.bias
09/16 07:18:52 AM:    _text_field_embedder.model.encoder.layer.10.attention.output.dense.weight
09/16 07:18:52 AM:    _text_field_embedder.model.encoder.layer.10.attention.self.key.bias
09/16 07:18:52 AM:    _text_field_embedder.model.encoder.layer.10.attention.self.key.weight
09/16 07:18:52 AM:    _text_field_embedder.model.encoder.layer.10.attention.self.query.bias
09/16 07:18:52 AM:    _text_field_embedder.model.encoder.layer.10.attention.self.query.weight
09/16 07:18:52 AM:    _text_field_embedder.model.encoder.layer.10.attention.self.value.bias
09/16 07:18:52 AM:    _text_field_embedder.model.encoder.layer.10.attention.self.value.weight
09/16 07:18:52 AM:    _text_field_embedder.model.encoder.layer.10.intermediate.dense.bias
09/16 07:18:52 AM:    _text_field_embedder.model.encoder.layer.10.intermediate.dense.weight
09/16 07:18:52 AM:    _text_field_embedder.model.encoder.layer.10.output.LayerNorm.bias
09/16 07:18:52 AM:    _text_field_embedder.model.encoder.layer.10.output.LayerNorm.weight
09/16 07:18:52 AM:    _text_field_embedder.model.encoder.layer.10.output.dense.bias
09/16 07:18:52 AM:    _text_field_embedder.model.encoder.layer.10.output.dense.weight
09/16 07:18:52 AM:    _text_field_embedder.model.encoder.layer.11.attention.output.LayerNorm.bias
09/16 07:18:52 AM:    _text_field_embedder.model.encoder.layer.11.attention.output.LayerNorm.weight
09/16 07:18:52 AM:    _text_field_embedder.model.encoder.layer.11.attention.output.dense.bias
09/16 07:18:52 AM:    _text_field_embedder.model.encoder.layer.11.attention.output.dense.weight
09/16 07:18:52 AM:    _text_field_embedder.model.encoder.layer.11.attention.self.key.bias
09/16 07:18:52 AM:    _text_field_embedder.model.encoder.layer.11.attention.self.key.weight
09/16 07:18:52 AM:    _text_field_embedder.model.encoder.layer.11.attention.self.query.bias
09/16 07:18:52 AM:    _text_field_embedder.model.encoder.layer.11.attention.self.query.weight
09/16 07:18:52 AM:    _text_field_embedder.model.encoder.layer.11.attention.self.value.bias
09/16 07:18:52 AM:    _text_field_embedder.model.encoder.layer.11.attention.self.value.weight
09/16 07:18:52 AM:    _text_field_embedder.model.encoder.layer.11.intermediate.dense.bias
09/16 07:18:52 AM:    _text_field_embedder.model.encoder.layer.11.intermediate.dense.weight
09/16 07:18:52 AM:    _text_field_embedder.model.encoder.layer.11.output.LayerNorm.bias
09/16 07:18:52 AM:    _text_field_embedder.model.encoder.layer.11.output.LayerNorm.weight
09/16 07:18:52 AM:    _text_field_embedder.model.encoder.layer.11.output.dense.bias
09/16 07:18:52 AM:    _text_field_embedder.model.encoder.layer.11.output.dense.weight
09/16 07:18:52 AM:    _text_field_embedder.model.encoder.layer.2.attention.output.LayerNorm.bias
09/16 07:18:52 AM:    _text_field_embedder.model.encoder.layer.2.attention.output.LayerNorm.weight
09/16 07:18:52 AM:    _text_field_embedder.model.encoder.layer.2.attention.output.dense.bias
09/16 07:18:52 AM:    _text_field_embedder.model.encoder.layer.2.attention.output.dense.weight
09/16 07:18:52 AM:    _text_field_embedder.model.encoder.layer.2.attention.self.key.bias
09/16 07:18:52 AM:    _text_field_embedder.model.encoder.layer.2.attention.self.key.weight
09/16 07:18:52 AM:    _text_field_embedder.model.encoder.layer.2.attention.self.query.bias
09/16 07:18:52 AM:    _text_field_embedder.model.encoder.layer.2.attention.self.query.weight
09/16 07:18:52 AM:    _text_field_embedder.model.encoder.layer.2.attention.self.value.bias
09/16 07:18:52 AM:    _text_field_embedder.model.encoder.layer.2.attention.self.value.weight
09/16 07:18:52 AM:    _text_field_embedder.model.encoder.layer.2.intermediate.dense.bias
09/16 07:18:52 AM:    _text_field_embedder.model.encoder.layer.2.intermediate.dense.weight
09/16 07:18:52 AM:    _text_field_embedder.model.encoder.layer.2.output.LayerNorm.bias
09/16 07:18:52 AM:    _text_field_embedder.model.encoder.layer.2.output.LayerNorm.weight
09/16 07:18:52 AM:    _text_field_embedder.model.encoder.layer.2.output.dense.bias
09/16 07:18:52 AM:    _text_field_embedder.model.encoder.layer.2.output.dense.weight
09/16 07:18:52 AM:    _text_field_embedder.model.encoder.layer.3.attention.output.LayerNorm.bias
09/16 07:18:52 AM:    _text_field_embedder.model.encoder.layer.3.attention.output.LayerNorm.weight
09/16 07:18:52 AM:    _text_field_embedder.model.encoder.layer.3.attention.output.dense.bias
09/16 07:18:52 AM:    _text_field_embedder.model.encoder.layer.3.attention.output.dense.weight
09/16 07:18:52 AM:    _text_field_embedder.model.encoder.layer.3.attention.self.key.bias
09/16 07:18:52 AM:    _text_field_embedder.model.encoder.layer.3.attention.self.key.weight
09/16 07:18:52 AM:    _text_field_embedder.model.encoder.layer.3.attention.self.query.bias
09/16 07:18:52 AM:    _text_field_embedder.model.encoder.layer.3.attention.self.query.weight
09/16 07:18:52 AM:    _text_field_embedder.model.encoder.layer.3.attention.self.value.bias
09/16 07:18:52 AM:    _text_field_embedder.model.encoder.layer.3.attention.self.value.weight
09/16 07:18:52 AM:    _text_field_embedder.model.encoder.layer.3.intermediate.dense.bias
09/16 07:18:52 AM:    _text_field_embedder.model.encoder.layer.3.intermediate.dense.weight
09/16 07:18:52 AM:    _text_field_embedder.model.encoder.layer.3.output.LayerNorm.bias
09/16 07:18:52 AM:    _text_field_embedder.model.encoder.layer.3.output.LayerNorm.weight
09/16 07:18:52 AM:    _text_field_embedder.model.encoder.layer.3.output.dense.bias
09/16 07:18:52 AM:    _text_field_embedder.model.encoder.layer.3.output.dense.weight
09/16 07:18:52 AM:    _text_field_embedder.model.encoder.layer.4.attention.output.LayerNorm.bias
09/16 07:18:52 AM:    _text_field_embedder.model.encoder.layer.4.attention.output.LayerNorm.weight
09/16 07:18:52 AM:    _text_field_embedder.model.encoder.layer.4.attention.output.dense.bias
09/16 07:18:52 AM:    _text_field_embedder.model.encoder.layer.4.attention.output.dense.weight
09/16 07:18:52 AM:    _text_field_embedder.model.encoder.layer.4.attention.self.key.bias
09/16 07:18:52 AM:    _text_field_embedder.model.encoder.layer.4.attention.self.key.weight
09/16 07:18:52 AM:    _text_field_embedder.model.encoder.layer.4.attention.self.query.bias
09/16 07:18:52 AM:    _text_field_embedder.model.encoder.layer.4.attention.self.query.weight
09/16 07:18:52 AM:    _text_field_embedder.model.encoder.layer.4.attention.self.value.bias
09/16 07:18:52 AM:    _text_field_embedder.model.encoder.layer.4.attention.self.value.weight
09/16 07:18:52 AM:    _text_field_embedder.model.encoder.layer.4.intermediate.dense.bias
09/16 07:18:52 AM:    _text_field_embedder.model.encoder.layer.4.intermediate.dense.weight
09/16 07:18:52 AM:    _text_field_embedder.model.encoder.layer.4.output.LayerNorm.bias
09/16 07:18:52 AM:    _text_field_embedder.model.encoder.layer.4.output.LayerNorm.weight
09/16 07:18:52 AM:    _text_field_embedder.model.encoder.layer.4.output.dense.bias
09/16 07:18:52 AM:    _text_field_embedder.model.encoder.layer.4.output.dense.weight
09/16 07:18:52 AM:    _text_field_embedder.model.encoder.layer.5.attention.output.LayerNorm.bias
09/16 07:18:52 AM:    _text_field_embedder.model.encoder.layer.5.attention.output.LayerNorm.weight
09/16 07:18:52 AM:    _text_field_embedder.model.encoder.layer.5.attention.output.dense.bias
09/16 07:18:52 AM:    _text_field_embedder.model.encoder.layer.5.attention.output.dense.weight
09/16 07:18:52 AM:    _text_field_embedder.model.encoder.layer.5.attention.self.key.bias
09/16 07:18:52 AM:    _text_field_embedder.model.encoder.layer.5.attention.self.key.weight
09/16 07:18:52 AM:    _text_field_embedder.model.encoder.layer.5.attention.self.query.bias
09/16 07:18:52 AM:    _text_field_embedder.model.encoder.layer.5.attention.self.query.weight
09/16 07:18:52 AM:    _text_field_embedder.model.encoder.layer.5.attention.self.value.bias
09/16 07:18:52 AM:    _text_field_embedder.model.encoder.layer.5.attention.self.value.weight
09/16 07:18:52 AM:    _text_field_embedder.model.encoder.layer.5.intermediate.dense.bias
09/16 07:18:52 AM:    _text_field_embedder.model.encoder.layer.5.intermediate.dense.weight
09/16 07:18:52 AM:    _text_field_embedder.model.encoder.layer.5.output.LayerNorm.bias
09/16 07:18:52 AM:    _text_field_embedder.model.encoder.layer.5.output.LayerNorm.weight
09/16 07:18:52 AM:    _text_field_embedder.model.encoder.layer.5.output.dense.bias
09/16 07:18:52 AM:    _text_field_embedder.model.encoder.layer.5.output.dense.weight
09/16 07:18:52 AM:    _text_field_embedder.model.encoder.layer.6.attention.output.LayerNorm.bias
09/16 07:18:52 AM:    _text_field_embedder.model.encoder.layer.6.attention.output.LayerNorm.weight
09/16 07:18:52 AM:    _text_field_embedder.model.encoder.layer.6.attention.output.dense.bias
09/16 07:18:52 AM:    _text_field_embedder.model.encoder.layer.6.attention.output.dense.weight
09/16 07:18:52 AM:    _text_field_embedder.model.encoder.layer.6.attention.self.key.bias
09/16 07:18:52 AM:    _text_field_embedder.model.encoder.layer.6.attention.self.key.weight
09/16 07:18:52 AM:    _text_field_embedder.model.encoder.layer.6.attention.self.query.bias
09/16 07:18:52 AM:    _text_field_embedder.model.encoder.layer.6.attention.self.query.weight
09/16 07:18:52 AM:    _text_field_embedder.model.encoder.layer.6.attention.self.value.bias
09/16 07:18:52 AM:    _text_field_embedder.model.encoder.layer.6.attention.self.value.weight
09/16 07:18:52 AM:    _text_field_embedder.model.encoder.layer.6.intermediate.dense.bias
09/16 07:18:52 AM:    _text_field_embedder.model.encoder.layer.6.intermediate.dense.weight
09/16 07:18:52 AM:    _text_field_embedder.model.encoder.layer.6.output.LayerNorm.bias
09/16 07:18:52 AM:    _text_field_embedder.model.encoder.layer.6.output.LayerNorm.weight
09/16 07:18:52 AM:    _text_field_embedder.model.encoder.layer.6.output.dense.bias
09/16 07:18:52 AM:    _text_field_embedder.model.encoder.layer.6.output.dense.weight
09/16 07:18:52 AM:    _text_field_embedder.model.encoder.layer.7.attention.output.LayerNorm.bias
09/16 07:18:52 AM:    _text_field_embedder.model.encoder.layer.7.attention.output.LayerNorm.weight
09/16 07:18:52 AM:    _text_field_embedder.model.encoder.layer.7.attention.output.dense.bias
09/16 07:18:52 AM:    _text_field_embedder.model.encoder.layer.7.attention.output.dense.weight
09/16 07:18:52 AM:    _text_field_embedder.model.encoder.layer.7.attention.self.key.bias
09/16 07:18:52 AM:    _text_field_embedder.model.encoder.layer.7.attention.self.key.weight
09/16 07:18:52 AM:    _text_field_embedder.model.encoder.layer.7.attention.self.query.bias
09/16 07:18:52 AM:    _text_field_embedder.model.encoder.layer.7.attention.self.query.weight
09/16 07:18:52 AM:    _text_field_embedder.model.encoder.layer.7.attention.self.value.bias
09/16 07:18:52 AM:    _text_field_embedder.model.encoder.layer.7.attention.self.value.weight
09/16 07:18:52 AM:    _text_field_embedder.model.encoder.layer.7.intermediate.dense.bias
09/16 07:18:52 AM:    _text_field_embedder.model.encoder.layer.7.intermediate.dense.weight
09/16 07:18:52 AM:    _text_field_embedder.model.encoder.layer.7.output.LayerNorm.bias
09/16 07:18:52 AM:    _text_field_embedder.model.encoder.layer.7.output.LayerNorm.weight
09/16 07:18:52 AM:    _text_field_embedder.model.encoder.layer.7.output.dense.bias
09/16 07:18:52 AM:    _text_field_embedder.model.encoder.layer.7.output.dense.weight
09/16 07:18:52 AM:    _text_field_embedder.model.encoder.layer.8.attention.output.LayerNorm.bias
09/16 07:18:52 AM:    _text_field_embedder.model.encoder.layer.8.attention.output.LayerNorm.weight
09/16 07:18:52 AM:    _text_field_embedder.model.encoder.layer.8.attention.output.dense.bias
09/16 07:18:52 AM:    _text_field_embedder.model.encoder.layer.8.attention.output.dense.weight
09/16 07:18:52 AM:    _text_field_embedder.model.encoder.layer.8.attention.self.key.bias
09/16 07:18:52 AM:    _text_field_embedder.model.encoder.layer.8.attention.self.key.weight
09/16 07:18:52 AM:    _text_field_embedder.model.encoder.layer.8.attention.self.query.bias
09/16 07:18:52 AM:    _text_field_embedder.model.encoder.layer.8.attention.self.query.weight
09/16 07:18:52 AM:    _text_field_embedder.model.encoder.layer.8.attention.self.value.bias
09/16 07:18:52 AM:    _text_field_embedder.model.encoder.layer.8.attention.self.value.weight
09/16 07:18:52 AM:    _text_field_embedder.model.encoder.layer.8.intermediate.dense.bias
09/16 07:18:52 AM:    _text_field_embedder.model.encoder.layer.8.intermediate.dense.weight
09/16 07:18:52 AM:    _text_field_embedder.model.encoder.layer.8.output.LayerNorm.bias
09/16 07:18:52 AM:    _text_field_embedder.model.encoder.layer.8.output.LayerNorm.weight
09/16 07:18:52 AM:    _text_field_embedder.model.encoder.layer.8.output.dense.bias
09/16 07:18:52 AM:    _text_field_embedder.model.encoder.layer.8.output.dense.weight
09/16 07:18:52 AM:    _text_field_embedder.model.encoder.layer.9.attention.output.LayerNorm.bias
09/16 07:18:52 AM:    _text_field_embedder.model.encoder.layer.9.attention.output.LayerNorm.weight
09/16 07:18:52 AM:    _text_field_embedder.model.encoder.layer.9.attention.output.dense.bias
09/16 07:18:52 AM:    _text_field_embedder.model.encoder.layer.9.attention.output.dense.weight
09/16 07:18:52 AM:    _text_field_embedder.model.encoder.layer.9.attention.self.key.bias
09/16 07:18:52 AM:    _text_field_embedder.model.encoder.layer.9.attention.self.key.weight
09/16 07:18:52 AM:    _text_field_embedder.model.encoder.layer.9.attention.self.query.bias
09/16 07:18:52 AM:    _text_field_embedder.model.encoder.layer.9.attention.self.query.weight
09/16 07:18:52 AM:    _text_field_embedder.model.encoder.layer.9.attention.self.value.bias
09/16 07:18:52 AM:    _text_field_embedder.model.encoder.layer.9.attention.self.value.weight
09/16 07:18:52 AM:    _text_field_embedder.model.encoder.layer.9.intermediate.dense.bias
09/16 07:18:52 AM:    _text_field_embedder.model.encoder.layer.9.intermediate.dense.weight
09/16 07:18:52 AM:    _text_field_embedder.model.encoder.layer.9.output.LayerNorm.bias
09/16 07:18:52 AM:    _text_field_embedder.model.encoder.layer.9.output.LayerNorm.weight
09/16 07:18:52 AM:    _text_field_embedder.model.encoder.layer.9.output.dense.bias
09/16 07:18:52 AM:    _text_field_embedder.model.encoder.layer.9.output.dense.weight
09/16 07:18:52 AM:    _text_field_embedder.model.pooler.dense.bias
09/16 07:18:52 AM:    _text_field_embedder.model.pooler.dense.weight
09/16 07:18:52 AM: 	Task 'edges-rel-semeval' params: {
  "cls_type": "mlp",
  "d_hid": 256,
  "pool_type": "first",
  "d_proj": 512,
  "shared_pair_attn": 0,
  "attn": 0,
  "d_hid_attn": 512,
  "dropout": 0.3,
  "cls_loss_fn": "sigmoid",
  "cls_span_pooling": "attn",
  "edgeprobe_cnn_context": 0,
  "edgeprobe_symmetric": 0,
  "use_classifier": "edges-rel-semeval"
}
