09/16 07:34:39 AM: Git branch: master
09/16 07:34:39 AM: Git SHA: 6a6c097582fb44e9e93b08dab8c29a3ff91459bf
09/16 07:34:39 AM: Parsed args: 
{
  "allow_missing_task_map": 1,
  "allow_untrained_encoder_parameters": 1,
  "do_pretrain": 0,
  "exp_dir": "./experiments/rel-semeval-RANDOM_WITH_GOOD_EMBEDDINGS-only/",
  "exp_name": "experiments/rel-semeval-RANDOM_WITH_GOOD_EMBEDDINGS-only",
  "input_module": "bert-base-uncased",
  "local_log_path": "./experiments/rel-semeval-RANDOM_WITH_GOOD_EMBEDDINGS-only/run/log.log",
  "lr_patience": 3,
  "max_seq_len": 512,
  "output_mode": "top",
  "patience": 9,
  "pretrain_tasks": "",
  "pretrained_dir": "models/RANDOM_WITH_GOOD_EMBEDDINGS",
  "pytorch_transformers_output_mode": "only",
  "remote_log_name": "experiments/rel-semeval-RANDOM_WITH_GOOD_EMBEDDINGS-only__run",
  "run_dir": "./experiments/rel-semeval-RANDOM_WITH_GOOD_EMBEDDINGS-only/run",
  "run_name": "run",
  "sent_enc": "none",
  "sep_embs_for_skip": 1,
  "target_tasks": "edges-rel-semeval",
  "tokenizer": "bert-base-uncased",
  "write_preds": "val,test"
}
09/16 07:34:39 AM: Saved config to ./experiments/rel-semeval-RANDOM_WITH_GOOD_EMBEDDINGS-only/run/params.conf
09/16 07:34:39 AM: Using random seed 1234
09/16 07:34:40 AM: Using GPU 0
09/16 07:34:40 AM: Loading tasks...
09/16 07:34:40 AM: Writing pre-preprocessed tasks to ./experiments/rel-semeval-RANDOM_WITH_GOOD_EMBEDDINGS-only/
09/16 07:34:40 AM: 	Creating task edges-rel-semeval from scratch.
09/16 07:34:41 AM: Read=6851, Skip=0, Total=6851 from ./probing_data/edges/semeval/train.0.85.json.retokenized.bert-base-uncased
09/16 07:34:41 AM: Read=1149, Skip=0, Total=1149 from ./probing_data/edges/semeval/dev.json.retokenized.bert-base-uncased
09/16 07:34:41 AM: Read=2717, Skip=0, Total=2717 from ./probing_data/edges/semeval/test.json.retokenized.bert-base-uncased
09/16 07:34:41 AM: 	Task 'edges-rel-semeval': |train|=6851 |val|=1149 |test|=2717
09/16 07:34:41 AM: 	Finished loading tasks: edges-rel-semeval.
09/16 07:34:41 AM: 	Building vocab from scratch.
09/16 07:34:41 AM: 	Counting units for task edges-rel-semeval.
09/16 07:34:41 AM: 	Task 'edges-rel-semeval': adding vocab namespace 'edges-rel-semeval_labels'
09/16 07:34:42 AM: loading file https://s3.amazonaws.com/models.huggingface.co/bert/bert-base-uncased-vocab.txt from cache at /home/ericwallace/.cache/torch/pytorch_transformers/26bc1ad6c0ac742e9b52263248f6d0f00068293b33709fae12320c0e35ccfbbb.542ce4285a40d23a559526243235df47c5f75c197f04f37d1a0c124c32c9a084
09/16 07:34:42 AM: Added pytorch_transformers vocab (bert-base-uncased): 30522 tokens
09/16 07:34:42 AM: 	Saved vocab to ./experiments/rel-semeval-RANDOM_WITH_GOOD_EMBEDDINGS-only/vocab
09/16 07:34:42 AM: Loading token dictionary from ./experiments/rel-semeval-RANDOM_WITH_GOOD_EMBEDDINGS-only/vocab.
09/16 07:34:42 AM: 	Loaded vocab from ./experiments/rel-semeval-RANDOM_WITH_GOOD_EMBEDDINGS-only/vocab
09/16 07:34:42 AM: 	Vocab namespace bert_uncased: size 30524
09/16 07:34:42 AM: 	Vocab namespace tokens: size 16020
09/16 07:34:42 AM: 	Vocab namespace chars: size 59
09/16 07:34:42 AM: 	Vocab namespace edges-rel-semeval_labels: size 19
09/16 07:34:42 AM: 	Finished building vocab.
09/16 07:34:42 AM: 	Task edges-rel-semeval (train): Indexing from scratch.
09/16 07:34:43 AM: 	Task edges-rel-semeval (train): Saved 6851 instances to ./experiments/rel-semeval-RANDOM_WITH_GOOD_EMBEDDINGS-only/preproc/edges-rel-semeval__train_data
09/16 07:34:43 AM: 	Task edges-rel-semeval (val): Indexing from scratch.
09/16 07:34:43 AM: 	Task edges-rel-semeval (val): Saved 1149 instances to ./experiments/rel-semeval-RANDOM_WITH_GOOD_EMBEDDINGS-only/preproc/edges-rel-semeval__val_data
09/16 07:34:43 AM: 	Task edges-rel-semeval (test): Indexing from scratch.
09/16 07:34:43 AM: 	Task edges-rel-semeval (test): Saved 2717 instances to ./experiments/rel-semeval-RANDOM_WITH_GOOD_EMBEDDINGS-only/preproc/edges-rel-semeval__test_data
09/16 07:34:43 AM: 	Finished indexing tasks
09/16 07:34:43 AM: 	Creating trimmed target-only version of edges-rel-semeval train.
09/16 07:34:43 AM: 	  Training on 
09/16 07:34:43 AM: 	  Evaluating on edges-rel-semeval
09/16 07:34:43 AM: 	Finished loading tasks in 2.842s
09/16 07:34:43 AM: 	 Tasks: ['edges-rel-semeval']
09/16 07:34:43 AM: Building model...
09/16 07:34:43 AM: Using BERT model (bert-base-uncased).
09/16 07:34:43 AM: LOADING A RANDOMLY WEIGHTS BERT
09/16 07:34:46 AM: https://s3.amazonaws.com/models.huggingface.co/bert/bert-base-uncased-config.json not found in cache or force_download set to True, downloading to /tmp/tmprhs2ybik
09/16 07:34:47 AM: copying /tmp/tmprhs2ybik to cache at ./experiments/rel-semeval-RANDOM_WITH_GOOD_EMBEDDINGS-only/pytorch_transformers_cache/4dad0251492946e18ac39290fcfe91b89d370fee250efe9521476438fe8ca185.bf3b9ea126d8c0001ee8a1e8b92229871d06d36d8808208cc2449280da87785c
09/16 07:34:47 AM: creating metadata file for ./experiments/rel-semeval-RANDOM_WITH_GOOD_EMBEDDINGS-only/pytorch_transformers_cache/4dad0251492946e18ac39290fcfe91b89d370fee250efe9521476438fe8ca185.bf3b9ea126d8c0001ee8a1e8b92229871d06d36d8808208cc2449280da87785c
09/16 07:34:47 AM: removing temp file /tmp/tmprhs2ybik
09/16 07:34:47 AM: loading configuration file https://s3.amazonaws.com/models.huggingface.co/bert/bert-base-uncased-config.json from cache at ./experiments/rel-semeval-RANDOM_WITH_GOOD_EMBEDDINGS-only/pytorch_transformers_cache/4dad0251492946e18ac39290fcfe91b89d370fee250efe9521476438fe8ca185.bf3b9ea126d8c0001ee8a1e8b92229871d06d36d8808208cc2449280da87785c
09/16 07:34:47 AM: Model config {
  "attention_probs_dropout_prob": 0.1,
  "finetuning_task": null,
  "hidden_act": "gelu",
  "hidden_dropout_prob": 0.1,
  "hidden_size": 768,
  "initializer_range": 0.02,
  "intermediate_size": 3072,
  "layer_norm_eps": 1e-12,
  "max_position_embeddings": 512,
  "num_attention_heads": 12,
  "num_hidden_layers": 12,
  "num_labels": 2,
  "output_attentions": false,
  "output_hidden_states": true,
  "pruned_heads": {},
  "torchscript": false,
  "type_vocab_size": 2,
  "vocab_size": 30522
}

09/16 07:34:48 AM: https://s3.amazonaws.com/models.huggingface.co/bert/bert-base-uncased-pytorch_model.bin not found in cache or force_download set to True, downloading to /tmp/tmp2o4h6nig
09/16 07:36:07 AM: copying /tmp/tmp2o4h6nig to cache at ./experiments/rel-semeval-RANDOM_WITH_GOOD_EMBEDDINGS-only/pytorch_transformers_cache/aa1ef1aede4482d0dbcd4d52baad8ae300e60902e88fcb0bebdec09afd232066.36ca03ab34a1a5d5fa7bc3d03d55c4fa650fed07220e2eeebc06ce58d0e9a157
09/16 07:36:07 AM: creating metadata file for ./experiments/rel-semeval-RANDOM_WITH_GOOD_EMBEDDINGS-only/pytorch_transformers_cache/aa1ef1aede4482d0dbcd4d52baad8ae300e60902e88fcb0bebdec09afd232066.36ca03ab34a1a5d5fa7bc3d03d55c4fa650fed07220e2eeebc06ce58d0e9a157
09/16 07:36:07 AM: removing temp file /tmp/tmp2o4h6nig
09/16 07:36:07 AM: loading weights file https://s3.amazonaws.com/models.huggingface.co/bert/bert-base-uncased-pytorch_model.bin from cache at ./experiments/rel-semeval-RANDOM_WITH_GOOD_EMBEDDINGS-only/pytorch_transformers_cache/aa1ef1aede4482d0dbcd4d52baad8ae300e60902e88fcb0bebdec09afd232066.36ca03ab34a1a5d5fa7bc3d03d55c4fa650fed07220e2eeebc06ce58d0e9a157
09/16 07:36:10 AM: https://s3.amazonaws.com/models.huggingface.co/bert/bert-base-uncased-vocab.txt not found in cache or force_download set to True, downloading to /tmp/tmpx26gzg6d
09/16 07:36:12 AM: copying /tmp/tmpx26gzg6d to cache at ./experiments/rel-semeval-RANDOM_WITH_GOOD_EMBEDDINGS-only/pytorch_transformers_cache/26bc1ad6c0ac742e9b52263248f6d0f00068293b33709fae12320c0e35ccfbbb.542ce4285a40d23a559526243235df47c5f75c197f04f37d1a0c124c32c9a084
09/16 07:36:12 AM: creating metadata file for ./experiments/rel-semeval-RANDOM_WITH_GOOD_EMBEDDINGS-only/pytorch_transformers_cache/26bc1ad6c0ac742e9b52263248f6d0f00068293b33709fae12320c0e35ccfbbb.542ce4285a40d23a559526243235df47c5f75c197f04f37d1a0c124c32c9a084
09/16 07:36:12 AM: removing temp file /tmp/tmpx26gzg6d
09/16 07:36:12 AM: loading file https://s3.amazonaws.com/models.huggingface.co/bert/bert-base-uncased-vocab.txt from cache at ./experiments/rel-semeval-RANDOM_WITH_GOOD_EMBEDDINGS-only/pytorch_transformers_cache/26bc1ad6c0ac742e9b52263248f6d0f00068293b33709fae12320c0e35ccfbbb.542ce4285a40d23a559526243235df47c5f75c197f04f37d1a0c124c32c9a084
09/16 07:36:12 AM: Initializing parameters
09/16 07:36:12 AM: Done initializing parameters; the following parameters are using their default initialization from their code
09/16 07:36:12 AM:    _text_field_embedder.model.embeddings.LayerNorm.bias
09/16 07:36:12 AM:    _text_field_embedder.model.embeddings.LayerNorm.weight
09/16 07:36:12 AM:    _text_field_embedder.model.embeddings.position_embeddings.weight
09/16 07:36:12 AM:    _text_field_embedder.model.embeddings.token_type_embeddings.weight
09/16 07:36:12 AM:    _text_field_embedder.model.embeddings.word_embeddings.weight
09/16 07:36:12 AM:    _text_field_embedder.model.encoder.layer.0.attention.output.LayerNorm.bias
09/16 07:36:12 AM:    _text_field_embedder.model.encoder.layer.0.attention.output.LayerNorm.weight
09/16 07:36:12 AM:    _text_field_embedder.model.encoder.layer.0.attention.output.dense.bias
09/16 07:36:12 AM:    _text_field_embedder.model.encoder.layer.0.attention.output.dense.weight
09/16 07:36:12 AM:    _text_field_embedder.model.encoder.layer.0.attention.self.key.bias
09/16 07:36:12 AM:    _text_field_embedder.model.encoder.layer.0.attention.self.key.weight
09/16 07:36:12 AM:    _text_field_embedder.model.encoder.layer.0.attention.self.query.bias
09/16 07:36:12 AM:    _text_field_embedder.model.encoder.layer.0.attention.self.query.weight
09/16 07:36:12 AM:    _text_field_embedder.model.encoder.layer.0.attention.self.value.bias
09/16 07:36:12 AM:    _text_field_embedder.model.encoder.layer.0.attention.self.value.weight
09/16 07:36:12 AM:    _text_field_embedder.model.encoder.layer.0.intermediate.dense.bias
09/16 07:36:12 AM:    _text_field_embedder.model.encoder.layer.0.intermediate.dense.weight
09/16 07:36:12 AM:    _text_field_embedder.model.encoder.layer.0.output.LayerNorm.bias
09/16 07:36:12 AM:    _text_field_embedder.model.encoder.layer.0.output.LayerNorm.weight
09/16 07:36:12 AM:    _text_field_embedder.model.encoder.layer.0.output.dense.bias
09/16 07:36:12 AM:    _text_field_embedder.model.encoder.layer.0.output.dense.weight
09/16 07:36:12 AM:    _text_field_embedder.model.encoder.layer.1.attention.output.LayerNorm.bias
09/16 07:36:12 AM:    _text_field_embedder.model.encoder.layer.1.attention.output.LayerNorm.weight
09/16 07:36:12 AM:    _text_field_embedder.model.encoder.layer.1.attention.output.dense.bias
09/16 07:36:12 AM:    _text_field_embedder.model.encoder.layer.1.attention.output.dense.weight
09/16 07:36:12 AM:    _text_field_embedder.model.encoder.layer.1.attention.self.key.bias
09/16 07:36:12 AM:    _text_field_embedder.model.encoder.layer.1.attention.self.key.weight
09/16 07:36:12 AM:    _text_field_embedder.model.encoder.layer.1.attention.self.query.bias
09/16 07:36:12 AM:    _text_field_embedder.model.encoder.layer.1.attention.self.query.weight
09/16 07:36:12 AM:    _text_field_embedder.model.encoder.layer.1.attention.self.value.bias
09/16 07:36:12 AM:    _text_field_embedder.model.encoder.layer.1.attention.self.value.weight
09/16 07:36:12 AM:    _text_field_embedder.model.encoder.layer.1.intermediate.dense.bias
09/16 07:36:12 AM:    _text_field_embedder.model.encoder.layer.1.intermediate.dense.weight
09/16 07:36:12 AM:    _text_field_embedder.model.encoder.layer.1.output.LayerNorm.bias
09/16 07:36:12 AM:    _text_field_embedder.model.encoder.layer.1.output.LayerNorm.weight
09/16 07:36:12 AM:    _text_field_embedder.model.encoder.layer.1.output.dense.bias
09/16 07:36:12 AM:    _text_field_embedder.model.encoder.layer.1.output.dense.weight
09/16 07:36:12 AM:    _text_field_embedder.model.encoder.layer.10.attention.output.LayerNorm.bias
09/16 07:36:12 AM:    _text_field_embedder.model.encoder.layer.10.attention.output.LayerNorm.weight
09/16 07:36:12 AM:    _text_field_embedder.model.encoder.layer.10.attention.output.dense.bias
09/16 07:36:12 AM:    _text_field_embedder.model.encoder.layer.10.attention.output.dense.weight
09/16 07:36:12 AM:    _text_field_embedder.model.encoder.layer.10.attention.self.key.bias
09/16 07:36:12 AM:    _text_field_embedder.model.encoder.layer.10.attention.self.key.weight
09/16 07:36:12 AM:    _text_field_embedder.model.encoder.layer.10.attention.self.query.bias
09/16 07:36:12 AM:    _text_field_embedder.model.encoder.layer.10.attention.self.query.weight
09/16 07:36:12 AM:    _text_field_embedder.model.encoder.layer.10.attention.self.value.bias
09/16 07:36:12 AM:    _text_field_embedder.model.encoder.layer.10.attention.self.value.weight
09/16 07:36:12 AM:    _text_field_embedder.model.encoder.layer.10.intermediate.dense.bias
09/16 07:36:12 AM:    _text_field_embedder.model.encoder.layer.10.intermediate.dense.weight
09/16 07:36:12 AM:    _text_field_embedder.model.encoder.layer.10.output.LayerNorm.bias
09/16 07:36:12 AM:    _text_field_embedder.model.encoder.layer.10.output.LayerNorm.weight
09/16 07:36:12 AM:    _text_field_embedder.model.encoder.layer.10.output.dense.bias
09/16 07:36:12 AM:    _text_field_embedder.model.encoder.layer.10.output.dense.weight
09/16 07:36:12 AM:    _text_field_embedder.model.encoder.layer.11.attention.output.LayerNorm.bias
09/16 07:36:12 AM:    _text_field_embedder.model.encoder.layer.11.attention.output.LayerNorm.weight
09/16 07:36:12 AM:    _text_field_embedder.model.encoder.layer.11.attention.output.dense.bias
09/16 07:36:12 AM:    _text_field_embedder.model.encoder.layer.11.attention.output.dense.weight
09/16 07:36:12 AM:    _text_field_embedder.model.encoder.layer.11.attention.self.key.bias
09/16 07:36:12 AM:    _text_field_embedder.model.encoder.layer.11.attention.self.key.weight
09/16 07:36:12 AM:    _text_field_embedder.model.encoder.layer.11.attention.self.query.bias
09/16 07:36:12 AM:    _text_field_embedder.model.encoder.layer.11.attention.self.query.weight
09/16 07:36:12 AM:    _text_field_embedder.model.encoder.layer.11.attention.self.value.bias
09/16 07:36:12 AM:    _text_field_embedder.model.encoder.layer.11.attention.self.value.weight
09/16 07:36:12 AM:    _text_field_embedder.model.encoder.layer.11.intermediate.dense.bias
09/16 07:36:12 AM:    _text_field_embedder.model.encoder.layer.11.intermediate.dense.weight
09/16 07:36:12 AM:    _text_field_embedder.model.encoder.layer.11.output.LayerNorm.bias
09/16 07:36:12 AM:    _text_field_embedder.model.encoder.layer.11.output.LayerNorm.weight
09/16 07:36:12 AM:    _text_field_embedder.model.encoder.layer.11.output.dense.bias
09/16 07:36:12 AM:    _text_field_embedder.model.encoder.layer.11.output.dense.weight
09/16 07:36:12 AM:    _text_field_embedder.model.encoder.layer.2.attention.output.LayerNorm.bias
09/16 07:36:12 AM:    _text_field_embedder.model.encoder.layer.2.attention.output.LayerNorm.weight
09/16 07:36:12 AM:    _text_field_embedder.model.encoder.layer.2.attention.output.dense.bias
09/16 07:36:12 AM:    _text_field_embedder.model.encoder.layer.2.attention.output.dense.weight
09/16 07:36:12 AM:    _text_field_embedder.model.encoder.layer.2.attention.self.key.bias
09/16 07:36:12 AM:    _text_field_embedder.model.encoder.layer.2.attention.self.key.weight
09/16 07:36:12 AM:    _text_field_embedder.model.encoder.layer.2.attention.self.query.bias
09/16 07:36:12 AM:    _text_field_embedder.model.encoder.layer.2.attention.self.query.weight
09/16 07:36:12 AM:    _text_field_embedder.model.encoder.layer.2.attention.self.value.bias
09/16 07:36:12 AM:    _text_field_embedder.model.encoder.layer.2.attention.self.value.weight
09/16 07:36:12 AM:    _text_field_embedder.model.encoder.layer.2.intermediate.dense.bias
09/16 07:36:12 AM:    _text_field_embedder.model.encoder.layer.2.intermediate.dense.weight
09/16 07:36:12 AM:    _text_field_embedder.model.encoder.layer.2.output.LayerNorm.bias
09/16 07:36:12 AM:    _text_field_embedder.model.encoder.layer.2.output.LayerNorm.weight
09/16 07:36:12 AM:    _text_field_embedder.model.encoder.layer.2.output.dense.bias
09/16 07:36:12 AM:    _text_field_embedder.model.encoder.layer.2.output.dense.weight
09/16 07:36:12 AM:    _text_field_embedder.model.encoder.layer.3.attention.output.LayerNorm.bias
09/16 07:36:12 AM:    _text_field_embedder.model.encoder.layer.3.attention.output.LayerNorm.weight
09/16 07:36:12 AM:    _text_field_embedder.model.encoder.layer.3.attention.output.dense.bias
09/16 07:36:12 AM:    _text_field_embedder.model.encoder.layer.3.attention.output.dense.weight
09/16 07:36:12 AM:    _text_field_embedder.model.encoder.layer.3.attention.self.key.bias
09/16 07:36:12 AM:    _text_field_embedder.model.encoder.layer.3.attention.self.key.weight
09/16 07:36:12 AM:    _text_field_embedder.model.encoder.layer.3.attention.self.query.bias
09/16 07:36:12 AM:    _text_field_embedder.model.encoder.layer.3.attention.self.query.weight
09/16 07:36:12 AM:    _text_field_embedder.model.encoder.layer.3.attention.self.value.bias
09/16 07:36:12 AM:    _text_field_embedder.model.encoder.layer.3.attention.self.value.weight
09/16 07:36:12 AM:    _text_field_embedder.model.encoder.layer.3.intermediate.dense.bias
09/16 07:36:12 AM:    _text_field_embedder.model.encoder.layer.3.intermediate.dense.weight
09/16 07:36:12 AM:    _text_field_embedder.model.encoder.layer.3.output.LayerNorm.bias
09/16 07:36:12 AM:    _text_field_embedder.model.encoder.layer.3.output.LayerNorm.weight
09/16 07:36:12 AM:    _text_field_embedder.model.encoder.layer.3.output.dense.bias
09/16 07:36:12 AM:    _text_field_embedder.model.encoder.layer.3.output.dense.weight
09/16 07:36:12 AM:    _text_field_embedder.model.encoder.layer.4.attention.output.LayerNorm.bias
09/16 07:36:12 AM:    _text_field_embedder.model.encoder.layer.4.attention.output.LayerNorm.weight
09/16 07:36:12 AM:    _text_field_embedder.model.encoder.layer.4.attention.output.dense.bias
09/16 07:36:12 AM:    _text_field_embedder.model.encoder.layer.4.attention.output.dense.weight
09/16 07:36:12 AM:    _text_field_embedder.model.encoder.layer.4.attention.self.key.bias
09/16 07:36:12 AM:    _text_field_embedder.model.encoder.layer.4.attention.self.key.weight
09/16 07:36:12 AM:    _text_field_embedder.model.encoder.layer.4.attention.self.query.bias
09/16 07:36:12 AM:    _text_field_embedder.model.encoder.layer.4.attention.self.query.weight
09/16 07:36:12 AM:    _text_field_embedder.model.encoder.layer.4.attention.self.value.bias
09/16 07:36:12 AM:    _text_field_embedder.model.encoder.layer.4.attention.self.value.weight
09/16 07:36:12 AM:    _text_field_embedder.model.encoder.layer.4.intermediate.dense.bias
09/16 07:36:12 AM:    _text_field_embedder.model.encoder.layer.4.intermediate.dense.weight
09/16 07:36:12 AM:    _text_field_embedder.model.encoder.layer.4.output.LayerNorm.bias
09/16 07:36:12 AM:    _text_field_embedder.model.encoder.layer.4.output.LayerNorm.weight
09/16 07:36:12 AM:    _text_field_embedder.model.encoder.layer.4.output.dense.bias
09/16 07:36:12 AM:    _text_field_embedder.model.encoder.layer.4.output.dense.weight
09/16 07:36:12 AM:    _text_field_embedder.model.encoder.layer.5.attention.output.LayerNorm.bias
09/16 07:36:12 AM:    _text_field_embedder.model.encoder.layer.5.attention.output.LayerNorm.weight
09/16 07:36:12 AM:    _text_field_embedder.model.encoder.layer.5.attention.output.dense.bias
09/16 07:36:12 AM:    _text_field_embedder.model.encoder.layer.5.attention.output.dense.weight
09/16 07:36:12 AM:    _text_field_embedder.model.encoder.layer.5.attention.self.key.bias
09/16 07:36:12 AM:    _text_field_embedder.model.encoder.layer.5.attention.self.key.weight
09/16 07:36:12 AM:    _text_field_embedder.model.encoder.layer.5.attention.self.query.bias
09/16 07:36:12 AM:    _text_field_embedder.model.encoder.layer.5.attention.self.query.weight
09/16 07:36:12 AM:    _text_field_embedder.model.encoder.layer.5.attention.self.value.bias
09/16 07:36:12 AM:    _text_field_embedder.model.encoder.layer.5.attention.self.value.weight
09/16 07:36:12 AM:    _text_field_embedder.model.encoder.layer.5.intermediate.dense.bias
09/16 07:36:12 AM:    _text_field_embedder.model.encoder.layer.5.intermediate.dense.weight
09/16 07:36:12 AM:    _text_field_embedder.model.encoder.layer.5.output.LayerNorm.bias
09/16 07:36:12 AM:    _text_field_embedder.model.encoder.layer.5.output.LayerNorm.weight
09/16 07:36:12 AM:    _text_field_embedder.model.encoder.layer.5.output.dense.bias
09/16 07:36:12 AM:    _text_field_embedder.model.encoder.layer.5.output.dense.weight
09/16 07:36:12 AM:    _text_field_embedder.model.encoder.layer.6.attention.output.LayerNorm.bias
09/16 07:36:12 AM:    _text_field_embedder.model.encoder.layer.6.attention.output.LayerNorm.weight
09/16 07:36:12 AM:    _text_field_embedder.model.encoder.layer.6.attention.output.dense.bias
09/16 07:36:12 AM:    _text_field_embedder.model.encoder.layer.6.attention.output.dense.weight
09/16 07:36:12 AM:    _text_field_embedder.model.encoder.layer.6.attention.self.key.bias
09/16 07:36:12 AM:    _text_field_embedder.model.encoder.layer.6.attention.self.key.weight
09/16 07:36:12 AM:    _text_field_embedder.model.encoder.layer.6.attention.self.query.bias
09/16 07:36:12 AM:    _text_field_embedder.model.encoder.layer.6.attention.self.query.weight
09/16 07:36:12 AM:    _text_field_embedder.model.encoder.layer.6.attention.self.value.bias
09/16 07:36:12 AM:    _text_field_embedder.model.encoder.layer.6.attention.self.value.weight
09/16 07:36:12 AM:    _text_field_embedder.model.encoder.layer.6.intermediate.dense.bias
09/16 07:36:12 AM:    _text_field_embedder.model.encoder.layer.6.intermediate.dense.weight
09/16 07:36:12 AM:    _text_field_embedder.model.encoder.layer.6.output.LayerNorm.bias
09/16 07:36:12 AM:    _text_field_embedder.model.encoder.layer.6.output.LayerNorm.weight
09/16 07:36:12 AM:    _text_field_embedder.model.encoder.layer.6.output.dense.bias
09/16 07:36:12 AM:    _text_field_embedder.model.encoder.layer.6.output.dense.weight
09/16 07:36:12 AM:    _text_field_embedder.model.encoder.layer.7.attention.output.LayerNorm.bias
09/16 07:36:12 AM:    _text_field_embedder.model.encoder.layer.7.attention.output.LayerNorm.weight
09/16 07:36:12 AM:    _text_field_embedder.model.encoder.layer.7.attention.output.dense.bias
09/16 07:36:12 AM:    _text_field_embedder.model.encoder.layer.7.attention.output.dense.weight
09/16 07:36:12 AM:    _text_field_embedder.model.encoder.layer.7.attention.self.key.bias
09/16 07:36:12 AM:    _text_field_embedder.model.encoder.layer.7.attention.self.key.weight
09/16 07:36:12 AM:    _text_field_embedder.model.encoder.layer.7.attention.self.query.bias
09/16 07:36:12 AM:    _text_field_embedder.model.encoder.layer.7.attention.self.query.weight
09/16 07:36:12 AM:    _text_field_embedder.model.encoder.layer.7.attention.self.value.bias
09/16 07:36:12 AM:    _text_field_embedder.model.encoder.layer.7.attention.self.value.weight
09/16 07:36:12 AM:    _text_field_embedder.model.encoder.layer.7.intermediate.dense.bias
09/16 07:36:12 AM:    _text_field_embedder.model.encoder.layer.7.intermediate.dense.weight
09/16 07:36:12 AM:    _text_field_embedder.model.encoder.layer.7.output.LayerNorm.bias
09/16 07:36:12 AM:    _text_field_embedder.model.encoder.layer.7.output.LayerNorm.weight
09/16 07:36:12 AM:    _text_field_embedder.model.encoder.layer.7.output.dense.bias
09/16 07:36:12 AM:    _text_field_embedder.model.encoder.layer.7.output.dense.weight
09/16 07:36:12 AM:    _text_field_embedder.model.encoder.layer.8.attention.output.LayerNorm.bias
09/16 07:36:12 AM:    _text_field_embedder.model.encoder.layer.8.attention.output.LayerNorm.weight
09/16 07:36:12 AM:    _text_field_embedder.model.encoder.layer.8.attention.output.dense.bias
09/16 07:36:12 AM:    _text_field_embedder.model.encoder.layer.8.attention.output.dense.weight
09/16 07:36:12 AM:    _text_field_embedder.model.encoder.layer.8.attention.self.key.bias
09/16 07:36:12 AM:    _text_field_embedder.model.encoder.layer.8.attention.self.key.weight
09/16 07:36:12 AM:    _text_field_embedder.model.encoder.layer.8.attention.self.query.bias
09/16 07:36:12 AM:    _text_field_embedder.model.encoder.layer.8.attention.self.query.weight
09/16 07:36:12 AM:    _text_field_embedder.model.encoder.layer.8.attention.self.value.bias
09/16 07:36:12 AM:    _text_field_embedder.model.encoder.layer.8.attention.self.value.weight
09/16 07:36:12 AM:    _text_field_embedder.model.encoder.layer.8.intermediate.dense.bias
09/16 07:36:12 AM:    _text_field_embedder.model.encoder.layer.8.intermediate.dense.weight
09/16 07:36:12 AM:    _text_field_embedder.model.encoder.layer.8.output.LayerNorm.bias
09/16 07:36:12 AM:    _text_field_embedder.model.encoder.layer.8.output.LayerNorm.weight
09/16 07:36:12 AM:    _text_field_embedder.model.encoder.layer.8.output.dense.bias
09/16 07:36:12 AM:    _text_field_embedder.model.encoder.layer.8.output.dense.weight
09/16 07:36:12 AM:    _text_field_embedder.model.encoder.layer.9.attention.output.LayerNorm.bias
09/16 07:36:12 AM:    _text_field_embedder.model.encoder.layer.9.attention.output.LayerNorm.weight
09/16 07:36:12 AM:    _text_field_embedder.model.encoder.layer.9.attention.output.dense.bias
09/16 07:36:12 AM:    _text_field_embedder.model.encoder.layer.9.attention.output.dense.weight
09/16 07:36:12 AM:    _text_field_embedder.model.encoder.layer.9.attention.self.key.bias
09/16 07:36:12 AM:    _text_field_embedder.model.encoder.layer.9.attention.self.key.weight
09/16 07:36:12 AM:    _text_field_embedder.model.encoder.layer.9.attention.self.query.bias
09/16 07:36:12 AM:    _text_field_embedder.model.encoder.layer.9.attention.self.query.weight
09/16 07:36:12 AM:    _text_field_embedder.model.encoder.layer.9.attention.self.value.bias
09/16 07:36:12 AM:    _text_field_embedder.model.encoder.layer.9.attention.self.value.weight
09/16 07:36:12 AM:    _text_field_embedder.model.encoder.layer.9.intermediate.dense.bias
09/16 07:36:12 AM:    _text_field_embedder.model.encoder.layer.9.intermediate.dense.weight
09/16 07:36:12 AM:    _text_field_embedder.model.encoder.layer.9.output.LayerNorm.bias
09/16 07:36:12 AM:    _text_field_embedder.model.encoder.layer.9.output.LayerNorm.weight
09/16 07:36:12 AM:    _text_field_embedder.model.encoder.layer.9.output.dense.bias
09/16 07:36:12 AM:    _text_field_embedder.model.encoder.layer.9.output.dense.weight
09/16 07:36:12 AM:    _text_field_embedder.model.pooler.dense.bias
09/16 07:36:12 AM:    _text_field_embedder.model.pooler.dense.weight
09/16 07:36:12 AM: 	Task 'edges-rel-semeval' params: {
  "cls_type": "mlp",
  "d_hid": 256,
  "pool_type": "first",
  "d_proj": 512,
  "shared_pair_attn": 0,
  "attn": 0,
  "d_hid_attn": 512,
  "dropout": 0.3,
  "cls_loss_fn": "sigmoid",
  "cls_span_pooling": "attn",
  "edgeprobe_cnn_context": 0,
  "edgeprobe_symmetric": 0,
  "use_classifier": "edges-rel-semeval"
}
09/16 07:36:17 AM: Model specification:
09/16 07:36:17 AM: MultiTaskModel(
  (sent_encoder): SentenceEncoder(
    (_text_field_embedder): BertEmbedderModule(
      (model): BertModel(
        (embeddings): BertEmbeddings(
          (word_embeddings): Embedding(30522, 768, padding_idx=0)
          (position_embeddings): Embedding(512, 768)
          (token_type_embeddings): Embedding(2, 768)
          (LayerNorm): LayerNorm(torch.Size([768]), eps=1e-12, elementwise_affine=True)
          (dropout): Dropout(p=0.1)
        )
        (encoder): BertEncoder(
          (layer): ModuleList(
            (0): BertLayer(
              (attention): BertAttention(
                (self): BertSelfAttention(
                  (query): Linear(in_features=768, out_features=768, bias=True)
                  (key): Linear(in_features=768, out_features=768, bias=True)
                  (value): Linear(in_features=768, out_features=768, bias=True)
                  (dropout): Dropout(p=0.1)
                )
                (output): BertSelfOutput(
                  (dense): Linear(in_features=768, out_features=768, bias=True)
                  (LayerNorm): LayerNorm(torch.Size([768]), eps=1e-12, elementwise_affine=True)
                  (dropout): Dropout(p=0.1)
                )
              )
              (intermediate): BertIntermediate(
                (dense): Linear(in_features=768, out_features=3072, bias=True)
              )
              (output): BertOutput(
                (dense): Linear(in_features=3072, out_features=768, bias=True)
                (LayerNorm): LayerNorm(torch.Size([768]), eps=1e-12, elementwise_affine=True)
                (dropout): Dropout(p=0.1)
              )
            )
            (1): BertLayer(
              (attention): BertAttention(
                (self): BertSelfAttention(
                  (query): Linear(in_features=768, out_features=768, bias=True)
                  (key): Linear(in_features=768, out_features=768, bias=True)
                  (value): Linear(in_features=768, out_features=768, bias=True)
                  (dropout): Dropout(p=0.1)
                )
                (output): BertSelfOutput(
                  (dense): Linear(in_features=768, out_features=768, bias=True)
                  (LayerNorm): LayerNorm(torch.Size([768]), eps=1e-12, elementwise_affine=True)
                  (dropout): Dropout(p=0.1)
                )
              )
              (intermediate): BertIntermediate(
                (dense): Linear(in_features=768, out_features=3072, bias=True)
              )
              (output): BertOutput(
                (dense): Linear(in_features=3072, out_features=768, bias=True)
                (LayerNorm): LayerNorm(torch.Size([768]), eps=1e-12, elementwise_affine=True)
                (dropout): Dropout(p=0.1)
              )
            )
            (2): BertLayer(
              (attention): BertAttention(
                (self): BertSelfAttention(
                  (query): Linear(in_features=768, out_features=768, bias=True)
                  (key): Linear(in_features=768, out_features=768, bias=True)
                  (value): Linear(in_features=768, out_features=768, bias=True)
                  (dropout): Dropout(p=0.1)
                )
                (output): BertSelfOutput(
                  (dense): Linear(in_features=768, out_features=768, bias=True)
                  (LayerNorm): LayerNorm(torch.Size([768]), eps=1e-12, elementwise_affine=True)
                  (dropout): Dropout(p=0.1)
                )
              )
              (intermediate): BertIntermediate(
                (dense): Linear(in_features=768, out_features=3072, bias=True)
              )
              (output): BertOutput(
                (dense): Linear(in_features=3072, out_features=768, bias=True)
                (LayerNorm): LayerNorm(torch.Size([768]), eps=1e-12, elementwise_affine=True)
                (dropout): Dropout(p=0.1)
              )
            )
            (3): BertLayer(
              (attention): BertAttention(
                (self): BertSelfAttention(
                  (query): Linear(in_features=768, out_features=768, bias=True)
                  (key): Linear(in_features=768, out_features=768, bias=True)
                  (value): Linear(in_features=768, out_features=768, bias=True)
                  (dropout): Dropout(p=0.1)
                )
                (output): BertSelfOutput(
                  (dense): Linear(in_features=768, out_features=768, bias=True)
                  (LayerNorm): LayerNorm(torch.Size([768]), eps=1e-12, elementwise_affine=True)
                  (dropout): Dropout(p=0.1)
                )
              )
              (intermediate): BertIntermediate(
                (dense): Linear(in_features=768, out_features=3072, bias=True)
              )
              (output): BertOutput(
                (dense): Linear(in_features=3072, out_features=768, bias=True)
                (LayerNorm): LayerNorm(torch.Size([768]), eps=1e-12, elementwise_affine=True)
                (dropout): Dropout(p=0.1)
              )
            )
            (4): BertLayer(
              (attention): BertAttention(
                (self): BertSelfAttention(
                  (query): Linear(in_features=768, out_features=768, bias=True)
                  (key): Linear(in_features=768, out_features=768, bias=True)
                  (value): Linear(in_features=768, out_features=768, bias=True)
                  (dropout): Dropout(p=0.1)
                )
                (output): BertSelfOutput(
                  (dense): Linear(in_features=768, out_features=768, bias=True)
                  (LayerNorm): LayerNorm(torch.Size([768]), eps=1e-12, elementwise_affine=True)
                  (dropout): Dropout(p=0.1)
                )
              )
              (intermediate): BertIntermediate(
                (dense): Linear(in_features=768, out_features=3072, bias=True)
              )
              (output): BertOutput(
                (dense): Linear(in_features=3072, out_features=768, bias=True)
                (LayerNorm): LayerNorm(torch.Size([768]), eps=1e-12, elementwise_affine=True)
                (dropout): Dropout(p=0.1)
              )
            )
            (5): BertLayer(
              (attention): BertAttention(
                (self): BertSelfAttention(
                  (query): Linear(in_features=768, out_features=768, bias=True)
                  (key): Linear(in_features=768, out_features=768, bias=True)
                  (value): Linear(in_features=768, out_features=768, bias=True)
                  (dropout): Dropout(p=0.1)
                )
                (output): BertSelfOutput(
                  (dense): Linear(in_features=768, out_features=768, bias=True)
                  (LayerNorm): LayerNorm(torch.Size([768]), eps=1e-12, elementwise_affine=True)
                  (dropout): Dropout(p=0.1)
                )
              )
              (intermediate): BertIntermediate(
                (dense): Linear(in_features=768, out_features=3072, bias=True)
              )
              (output): BertOutput(
                (dense): Linear(in_features=3072, out_features=768, bias=True)
                (LayerNorm): LayerNorm(torch.Size([768]), eps=1e-12, elementwise_affine=True)
                (dropout): Dropout(p=0.1)
              )
            )
            (6): BertLayer(
              (attention): BertAttention(
                (self): BertSelfAttention(
                  (query): Linear(in_features=768, out_features=768, bias=True)
                  (key): Linear(in_features=768, out_features=768, bias=True)
                  (value): Linear(in_features=768, out_features=768, bias=True)
                  (dropout): Dropout(p=0.1)
                )
                (output): BertSelfOutput(
                  (dense): Linear(in_features=768, out_features=768, bias=True)
                  (LayerNorm): LayerNorm(torch.Size([768]), eps=1e-12, elementwise_affine=True)
                  (dropout): Dropout(p=0.1)
                )
              )
              (intermediate): BertIntermediate(
                (dense): Linear(in_features=768, out_features=3072, bias=True)
              )
              (output): BertOutput(
                (dense): Linear(in_features=3072, out_features=768, bias=True)
                (LayerNorm): LayerNorm(torch.Size([768]), eps=1e-12, elementwise_affine=True)
                (dropout): Dropout(p=0.1)
              )
            )
            (7): BertLayer(
              (attention): BertAttention(
                (self): BertSelfAttention(
                  (query): Linear(in_features=768, out_features=768, bias=True)
                  (key): Linear(in_features=768, out_features=768, bias=True)
                  (value): Linear(in_features=768, out_features=768, bias=True)
                  (dropout): Dropout(p=0.1)
                )
                (output): BertSelfOutput(
                  (dense): Linear(in_features=768, out_features=768, bias=True)
                  (LayerNorm): LayerNorm(torch.Size([768]), eps=1e-12, elementwise_affine=True)
                  (dropout): Dropout(p=0.1)
                )
              )
              (intermediate): BertIntermediate(
                (dense): Linear(in_features=768, out_features=3072, bias=True)
              )
              (output): BertOutput(
                (dense): Linear(in_features=3072, out_features=768, bias=True)
                (LayerNorm): LayerNorm(torch.Size([768]), eps=1e-12, elementwise_affine=True)
                (dropout): Dropout(p=0.1)
              )
            )
            (8): BertLayer(
              (attention): BertAttention(
                (self): BertSelfAttention(
                  (query): Linear(in_features=768, out_features=768, bias=True)
                  (key): Linear(in_features=768, out_features=768, bias=True)
                  (value): Linear(in_features=768, out_features=768, bias=True)
                  (dropout): Dropout(p=0.1)
                )
                (output): BertSelfOutput(
                  (dense): Linear(in_features=768, out_features=768, bias=True)
                  (LayerNorm): LayerNorm(torch.Size([768]), eps=1e-12, elementwise_affine=True)
                  (dropout): Dropout(p=0.1)
                )
              )
              (intermediate): BertIntermediate(
                (dense): Linear(in_features=768, out_features=3072, bias=True)
              )
              (output): BertOutput(
                (dense): Linear(in_features=3072, out_features=768, bias=True)
                (LayerNorm): LayerNorm(torch.Size([768]), eps=1e-12, elementwise_affine=True)
                (dropout): Dropout(p=0.1)
              )
            )
            (9): BertLayer(
              (attention): BertAttention(
                (self): BertSelfAttention(
                  (query): Linear(in_features=768, out_features=768, bias=True)
                  (key): Linear(in_features=768, out_features=768, bias=True)
                  (value): Linear(in_features=768, out_features=768, bias=True)
                  (dropout): Dropout(p=0.1)
                )
                (output): BertSelfOutput(
                  (dense): Linear(in_features=768, out_features=768, bias=True)
                  (LayerNorm): LayerNorm(torch.Size([768]), eps=1e-12, elementwise_affine=True)
                  (dropout): Dropout(p=0.1)
                )
              )
              (intermediate): BertIntermediate(
                (dense): Linear(in_features=768, out_features=3072, bias=True)
              )
              (output): BertOutput(
                (dense): Linear(in_features=3072, out_features=768, bias=True)
                (LayerNorm): LayerNorm(torch.Size([768]), eps=1e-12, elementwise_affine=True)
                (dropout): Dropout(p=0.1)
              )
            )
            (10): BertLayer(
              (attention): BertAttention(
                (self): BertSelfAttention(
                  (query): Linear(in_features=768, out_features=768, bias=True)
                  (key): Linear(in_features=768, out_features=768, bias=True)
                  (value): Linear(in_features=768, out_features=768, bias=True)
                  (dropout): Dropout(p=0.1)
                )
                (output): BertSelfOutput(
                  (dense): Linear(in_features=768, out_features=768, bias=True)
                  (LayerNorm): LayerNorm(torch.Size([768]), eps=1e-12, elementwise_affine=True)
                  (dropout): Dropout(p=0.1)
                )
              )
              (intermediate): BertIntermediate(
                (dense): Linear(in_features=768, out_features=3072, bias=True)
              )
              (output): BertOutput(
                (dense): Linear(in_features=3072, out_features=768, bias=True)
                (LayerNorm): LayerNorm(torch.Size([768]), eps=1e-12, elementwise_affine=True)
                (dropout): Dropout(p=0.1)
              )
            )
            (11): BertLayer(
              (attention): BertAttention(
                (self): BertSelfAttention(
                  (query): Linear(in_features=768, out_features=768, bias=True)
                  (key): Linear(in_features=768, out_features=768, bias=True)
                  (value): Linear(in_features=768, out_features=768, bias=True)
                  (dropout): Dropout(p=0.1)
                )
                (output): BertSelfOutput(
                  (dense): Linear(in_features=768, out_features=768, bias=True)
                  (LayerNorm): LayerNorm(torch.Size([768]), eps=1e-12, elementwise_affine=True)
                  (dropout): Dropout(p=0.1)
                )
              )
              (intermediate): BertIntermediate(
                (dense): Linear(in_features=768, out_features=3072, bias=True)
              )
              (output): BertOutput(
                (dense): Linear(in_features=3072, out_features=768, bias=True)
                (LayerNorm): LayerNorm(torch.Size([768]), eps=1e-12, elementwise_affine=True)
                (dropout): Dropout(p=0.1)
              )
            )
          )
        )
        (pooler): BertPooler(
          (dense): Linear(in_features=768, out_features=768, bias=True)
          (activation): Tanh()
        )
      )
    )
    (_highway_layer): TimeDistributed(
      (_module): Highway(
        (_layers): ModuleList()
      )
    )
    (_phrase_layer): NullPhraseLayer()
    (_dropout): Dropout(p=0.2)
  )
  (edges-rel-semeval_mdl): EdgeClassifierModule(
    (proj1): Conv1d(768, 256, kernel_size=(1,), stride=(1,))
    (proj2): Conv1d(768, 256, kernel_size=(1,), stride=(1,))
    (span_extractor1): EndpointSpanExtractor()
    (span_extractor2): EndpointSpanExtractor()
    (classifier): Classifier(
      (classifier): Sequential(
        (0): Linear(in_features=1024, out_features=256, bias=True)
        (1): Tanh()
        (2): LayerNorm(torch.Size([256]), eps=1e-05, elementwise_affine=True)
        (3): Dropout(p=0.3)
        (4): Linear(in_features=256, out_features=19, bias=True)
      )
    )
  )
)
09/16 07:36:17 AM: Model parameters:
09/16 07:36:17 AM: 	sent_encoder._text_field_embedder.model.embeddings.word_embeddings.weight: Non-trainable parameter, count 23440896 with torch.Size([30522, 768])
09/16 07:36:17 AM: 	sent_encoder._text_field_embedder.model.embeddings.position_embeddings.weight: Non-trainable parameter, count 393216 with torch.Size([512, 768])
09/16 07:36:17 AM: 	sent_encoder._text_field_embedder.model.embeddings.token_type_embeddings.weight: Non-trainable parameter, count 1536 with torch.Size([2, 768])
09/16 07:36:17 AM: 	sent_encoder._text_field_embedder.model.embeddings.LayerNorm.weight: Non-trainable parameter, count 768 with torch.Size([768])
09/16 07:36:17 AM: 	sent_encoder._text_field_embedder.model.embeddings.LayerNorm.bias: Non-trainable parameter, count 768 with torch.Size([768])
09/16 07:36:17 AM: 	sent_encoder._text_field_embedder.model.encoder.layer.0.attention.self.query.weight: Non-trainable parameter, count 589824 with torch.Size([768, 768])
09/16 07:36:17 AM: 	sent_encoder._text_field_embedder.model.encoder.layer.0.attention.self.query.bias: Non-trainable parameter, count 768 with torch.Size([768])
09/16 07:36:17 AM: 	sent_encoder._text_field_embedder.model.encoder.layer.0.attention.self.key.weight: Non-trainable parameter, count 589824 with torch.Size([768, 768])
09/16 07:36:17 AM: 	sent_encoder._text_field_embedder.model.encoder.layer.0.attention.self.key.bias: Non-trainable parameter, count 768 with torch.Size([768])
09/16 07:36:17 AM: 	sent_encoder._text_field_embedder.model.encoder.layer.0.attention.self.value.weight: Non-trainable parameter, count 589824 with torch.Size([768, 768])
09/16 07:36:17 AM: 	sent_encoder._text_field_embedder.model.encoder.layer.0.attention.self.value.bias: Non-trainable parameter, count 768 with torch.Size([768])
09/16 07:36:17 AM: 	sent_encoder._text_field_embedder.model.encoder.layer.0.attention.output.dense.weight: Non-trainable parameter, count 589824 with torch.Size([768, 768])
09/16 07:36:17 AM: 	sent_encoder._text_field_embedder.model.encoder.layer.0.attention.output.dense.bias: Non-trainable parameter, count 768 with torch.Size([768])
09/16 07:36:17 AM: 	sent_encoder._text_field_embedder.model.encoder.layer.0.attention.output.LayerNorm.weight: Non-trainable parameter, count 768 with torch.Size([768])
09/16 07:36:17 AM: 	sent_encoder._text_field_embedder.model.encoder.layer.0.attention.output.LayerNorm.bias: Non-trainable parameter, count 768 with torch.Size([768])
09/16 07:36:17 AM: 	sent_encoder._text_field_embedder.model.encoder.layer.0.intermediate.dense.weight: Non-trainable parameter, count 2359296 with torch.Size([3072, 768])
09/16 07:36:17 AM: 	sent_encoder._text_field_embedder.model.encoder.layer.0.intermediate.dense.bias: Non-trainable parameter, count 3072 with torch.Size([3072])
09/16 07:36:17 AM: 	sent_encoder._text_field_embedder.model.encoder.layer.0.output.dense.weight: Non-trainable parameter, count 2359296 with torch.Size([768, 3072])
09/16 07:36:17 AM: 	sent_encoder._text_field_embedder.model.encoder.layer.0.output.dense.bias: Non-trainable parameter, count 768 with torch.Size([768])
09/16 07:36:17 AM: 	sent_encoder._text_field_embedder.model.encoder.layer.0.output.LayerNorm.weight: Non-trainable parameter, count 768 with torch.Size([768])
09/16 07:36:17 AM: 	sent_encoder._text_field_embedder.model.encoder.layer.0.output.LayerNorm.bias: Non-trainable parameter, count 768 with torch.Size([768])
09/16 07:36:17 AM: 	sent_encoder._text_field_embedder.model.encoder.layer.1.attention.self.query.weight: Non-trainable parameter, count 589824 with torch.Size([768, 768])
09/16 07:36:17 AM: 	sent_encoder._text_field_embedder.model.encoder.layer.1.attention.self.query.bias: Non-trainable parameter, count 768 with torch.Size([768])
09/16 07:36:17 AM: 	sent_encoder._text_field_embedder.model.encoder.layer.1.attention.self.key.weight: Non-trainable parameter, count 589824 with torch.Size([768, 768])
09/16 07:36:17 AM: 	sent_encoder._text_field_embedder.model.encoder.layer.1.attention.self.key.bias: Non-trainable parameter, count 768 with torch.Size([768])
09/16 07:36:17 AM: 	sent_encoder._text_field_embedder.model.encoder.layer.1.attention.self.value.weight: Non-trainable parameter, count 589824 with torch.Size([768, 768])
09/16 07:36:17 AM: 	sent_encoder._text_field_embedder.model.encoder.layer.1.attention.self.value.bias: Non-trainable parameter, count 768 with torch.Size([768])
09/16 07:36:17 AM: 	sent_encoder._text_field_embedder.model.encoder.layer.1.attention.output.dense.weight: Non-trainable parameter, count 589824 with torch.Size([768, 768])
09/16 07:36:17 AM: 	sent_encoder._text_field_embedder.model.encoder.layer.1.attention.output.dense.bias: Non-trainable parameter, count 768 with torch.Size([768])
09/16 07:36:17 AM: 	sent_encoder._text_field_embedder.model.encoder.layer.1.attention.output.LayerNorm.weight: Non-trainable parameter, count 768 with torch.Size([768])
09/16 07:36:17 AM: 	sent_encoder._text_field_embedder.model.encoder.layer.1.attention.output.LayerNorm.bias: Non-trainable parameter, count 768 with torch.Size([768])
09/16 07:36:17 AM: 	sent_encoder._text_field_embedder.model.encoder.layer.1.intermediate.dense.weight: Non-trainable parameter, count 2359296 with torch.Size([3072, 768])
09/16 07:36:17 AM: 	sent_encoder._text_field_embedder.model.encoder.layer.1.intermediate.dense.bias: Non-trainable parameter, count 3072 with torch.Size([3072])
09/16 07:36:17 AM: 	sent_encoder._text_field_embedder.model.encoder.layer.1.output.dense.weight: Non-trainable parameter, count 2359296 with torch.Size([768, 3072])
09/16 07:36:17 AM: 	sent_encoder._text_field_embedder.model.encoder.layer.1.output.dense.bias: Non-trainable parameter, count 768 with torch.Size([768])
09/16 07:36:17 AM: 	sent_encoder._text_field_embedder.model.encoder.layer.1.output.LayerNorm.weight: Non-trainable parameter, count 768 with torch.Size([768])
09/16 07:36:17 AM: 	sent_encoder._text_field_embedder.model.encoder.layer.1.output.LayerNorm.bias: Non-trainable parameter, count 768 with torch.Size([768])
09/16 07:36:17 AM: 	sent_encoder._text_field_embedder.model.encoder.layer.2.attention.self.query.weight: Non-trainable parameter, count 589824 with torch.Size([768, 768])
09/16 07:36:17 AM: 	sent_encoder._text_field_embedder.model.encoder.layer.2.attention.self.query.bias: Non-trainable parameter, count 768 with torch.Size([768])
09/16 07:36:17 AM: 	sent_encoder._text_field_embedder.model.encoder.layer.2.attention.self.key.weight: Non-trainable parameter, count 589824 with torch.Size([768, 768])
09/16 07:36:17 AM: 	sent_encoder._text_field_embedder.model.encoder.layer.2.attention.self.key.bias: Non-trainable parameter, count 768 with torch.Size([768])
09/16 07:36:17 AM: 	sent_encoder._text_field_embedder.model.encoder.layer.2.attention.self.value.weight: Non-trainable parameter, count 589824 with torch.Size([768, 768])
09/16 07:36:17 AM: 	sent_encoder._text_field_embedder.model.encoder.layer.2.attention.self.value.bias: Non-trainable parameter, count 768 with torch.Size([768])
09/16 07:36:17 AM: 	sent_encoder._text_field_embedder.model.encoder.layer.2.attention.output.dense.weight: Non-trainable parameter, count 589824 with torch.Size([768, 768])
09/16 07:36:17 AM: 	sent_encoder._text_field_embedder.model.encoder.layer.2.attention.output.dense.bias: Non-trainable parameter, count 768 with torch.Size([768])
09/16 07:36:17 AM: 	sent_encoder._text_field_embedder.model.encoder.layer.2.attention.output.LayerNorm.weight: Non-trainable parameter, count 768 with torch.Size([768])
09/16 07:36:17 AM: 	sent_encoder._text_field_embedder.model.encoder.layer.2.attention.output.LayerNorm.bias: Non-trainable parameter, count 768 with torch.Size([768])
09/16 07:36:17 AM: 	sent_encoder._text_field_embedder.model.encoder.layer.2.intermediate.dense.weight: Non-trainable parameter, count 2359296 with torch.Size([3072, 768])
09/16 07:36:17 AM: 	sent_encoder._text_field_embedder.model.encoder.layer.2.intermediate.dense.bias: Non-trainable parameter, count 3072 with torch.Size([3072])
09/16 07:36:17 AM: 	sent_encoder._text_field_embedder.model.encoder.layer.2.output.dense.weight: Non-trainable parameter, count 2359296 with torch.Size([768, 3072])
09/16 07:36:17 AM: 	sent_encoder._text_field_embedder.model.encoder.layer.2.output.dense.bias: Non-trainable parameter, count 768 with torch.Size([768])
09/16 07:36:17 AM: 	sent_encoder._text_field_embedder.model.encoder.layer.2.output.LayerNorm.weight: Non-trainable parameter, count 768 with torch.Size([768])
09/16 07:36:17 AM: 	sent_encoder._text_field_embedder.model.encoder.layer.2.output.LayerNorm.bias: Non-trainable parameter, count 768 with torch.Size([768])
09/16 07:36:17 AM: 	sent_encoder._text_field_embedder.model.encoder.layer.3.attention.self.query.weight: Non-trainable parameter, count 589824 with torch.Size([768, 768])
09/16 07:36:17 AM: 	sent_encoder._text_field_embedder.model.encoder.layer.3.attention.self.query.bias: Non-trainable parameter, count 768 with torch.Size([768])
09/16 07:36:17 AM: 	sent_encoder._text_field_embedder.model.encoder.layer.3.attention.self.key.weight: Non-trainable parameter, count 589824 with torch.Size([768, 768])
09/16 07:36:17 AM: 	sent_encoder._text_field_embedder.model.encoder.layer.3.attention.self.key.bias: Non-trainable parameter, count 768 with torch.Size([768])
09/16 07:36:17 AM: 	sent_encoder._text_field_embedder.model.encoder.layer.3.attention.self.value.weight: Non-trainable parameter, count 589824 with torch.Size([768, 768])
09/16 07:36:17 AM: 	sent_encoder._text_field_embedder.model.encoder.layer.3.attention.self.value.bias: Non-trainable parameter, count 768 with torch.Size([768])
09/16 07:36:17 AM: 	sent_encoder._text_field_embedder.model.encoder.layer.3.attention.output.dense.weight: Non-trainable parameter, count 589824 with torch.Size([768, 768])
09/16 07:36:17 AM: 	sent_encoder._text_field_embedder.model.encoder.layer.3.attention.output.dense.bias: Non-trainable parameter, count 768 with torch.Size([768])
09/16 07:36:17 AM: 	sent_encoder._text_field_embedder.model.encoder.layer.3.attention.output.LayerNorm.weight: Non-trainable parameter, count 768 with torch.Size([768])
09/16 07:36:17 AM: 	sent_encoder._text_field_embedder.model.encoder.layer.3.attention.output.LayerNorm.bias: Non-trainable parameter, count 768 with torch.Size([768])
09/16 07:36:17 AM: 	sent_encoder._text_field_embedder.model.encoder.layer.3.intermediate.dense.weight: Non-trainable parameter, count 2359296 with torch.Size([3072, 768])
09/16 07:36:17 AM: 	sent_encoder._text_field_embedder.model.encoder.layer.3.intermediate.dense.bias: Non-trainable parameter, count 3072 with torch.Size([3072])
09/16 07:36:17 AM: 	sent_encoder._text_field_embedder.model.encoder.layer.3.output.dense.weight: Non-trainable parameter, count 2359296 with torch.Size([768, 3072])
09/16 07:36:17 AM: 	sent_encoder._text_field_embedder.model.encoder.layer.3.output.dense.bias: Non-trainable parameter, count 768 with torch.Size([768])
09/16 07:36:17 AM: 	sent_encoder._text_field_embedder.model.encoder.layer.3.output.LayerNorm.weight: Non-trainable parameter, count 768 with torch.Size([768])
09/16 07:36:17 AM: 	sent_encoder._text_field_embedder.model.encoder.layer.3.output.LayerNorm.bias: Non-trainable parameter, count 768 with torch.Size([768])
09/16 07:36:17 AM: 	sent_encoder._text_field_embedder.model.encoder.layer.4.attention.self.query.weight: Non-trainable parameter, count 589824 with torch.Size([768, 768])
09/16 07:36:17 AM: 	sent_encoder._text_field_embedder.model.encoder.layer.4.attention.self.query.bias: Non-trainable parameter, count 768 with torch.Size([768])
09/16 07:36:17 AM: 	sent_encoder._text_field_embedder.model.encoder.layer.4.attention.self.key.weight: Non-trainable parameter, count 589824 with torch.Size([768, 768])
09/16 07:36:17 AM: 	sent_encoder._text_field_embedder.model.encoder.layer.4.attention.self.key.bias: Non-trainable parameter, count 768 with torch.Size([768])
09/16 07:36:17 AM: 	sent_encoder._text_field_embedder.model.encoder.layer.4.attention.self.value.weight: Non-trainable parameter, count 589824 with torch.Size([768, 768])
09/16 07:36:17 AM: 	sent_encoder._text_field_embedder.model.encoder.layer.4.attention.self.value.bias: Non-trainable parameter, count 768 with torch.Size([768])
09/16 07:36:17 AM: 	sent_encoder._text_field_embedder.model.encoder.layer.4.attention.output.dense.weight: Non-trainable parameter, count 589824 with torch.Size([768, 768])
09/16 07:36:17 AM: 	sent_encoder._text_field_embedder.model.encoder.layer.4.attention.output.dense.bias: Non-trainable parameter, count 768 with torch.Size([768])
09/16 07:36:17 AM: 	sent_encoder._text_field_embedder.model.encoder.layer.4.attention.output.LayerNorm.weight: Non-trainable parameter, count 768 with torch.Size([768])
09/16 07:36:17 AM: 	sent_encoder._text_field_embedder.model.encoder.layer.4.attention.output.LayerNorm.bias: Non-trainable parameter, count 768 with torch.Size([768])
09/16 07:36:17 AM: 	sent_encoder._text_field_embedder.model.encoder.layer.4.intermediate.dense.weight: Non-trainable parameter, count 2359296 with torch.Size([3072, 768])
09/16 07:36:17 AM: 	sent_encoder._text_field_embedder.model.encoder.layer.4.intermediate.dense.bias: Non-trainable parameter, count 3072 with torch.Size([3072])
09/16 07:36:17 AM: 	sent_encoder._text_field_embedder.model.encoder.layer.4.output.dense.weight: Non-trainable parameter, count 2359296 with torch.Size([768, 3072])
09/16 07:36:17 AM: 	sent_encoder._text_field_embedder.model.encoder.layer.4.output.dense.bias: Non-trainable parameter, count 768 with torch.Size([768])
09/16 07:36:17 AM: 	sent_encoder._text_field_embedder.model.encoder.layer.4.output.LayerNorm.weight: Non-trainable parameter, count 768 with torch.Size([768])
09/16 07:36:17 AM: 	sent_encoder._text_field_embedder.model.encoder.layer.4.output.LayerNorm.bias: Non-trainable parameter, count 768 with torch.Size([768])
09/16 07:36:17 AM: 	sent_encoder._text_field_embedder.model.encoder.layer.5.attention.self.query.weight: Non-trainable parameter, count 589824 with torch.Size([768, 768])
09/16 07:36:17 AM: 	sent_encoder._text_field_embedder.model.encoder.layer.5.attention.self.query.bias: Non-trainable parameter, count 768 with torch.Size([768])
09/16 07:36:17 AM: 	sent_encoder._text_field_embedder.model.encoder.layer.5.attention.self.key.weight: Non-trainable parameter, count 589824 with torch.Size([768, 768])
09/16 07:36:17 AM: 	sent_encoder._text_field_embedder.model.encoder.layer.5.attention.self.key.bias: Non-trainable parameter, count 768 with torch.Size([768])
09/16 07:36:17 AM: 	sent_encoder._text_field_embedder.model.encoder.layer.5.attention.self.value.weight: Non-trainable parameter, count 589824 with torch.Size([768, 768])
09/16 07:36:17 AM: 	sent_encoder._text_field_embedder.model.encoder.layer.5.attention.self.value.bias: Non-trainable parameter, count 768 with torch.Size([768])
09/16 07:36:17 AM: 	sent_encoder._text_field_embedder.model.encoder.layer.5.attention.output.dense.weight: Non-trainable parameter, count 589824 with torch.Size([768, 768])
09/16 07:36:17 AM: 	sent_encoder._text_field_embedder.model.encoder.layer.5.attention.output.dense.bias: Non-trainable parameter, count 768 with torch.Size([768])
09/16 07:36:17 AM: 	sent_encoder._text_field_embedder.model.encoder.layer.5.attention.output.LayerNorm.weight: Non-trainable parameter, count 768 with torch.Size([768])
09/16 07:36:17 AM: 	sent_encoder._text_field_embedder.model.encoder.layer.5.attention.output.LayerNorm.bias: Non-trainable parameter, count 768 with torch.Size([768])
09/16 07:36:17 AM: 	sent_encoder._text_field_embedder.model.encoder.layer.5.intermediate.dense.weight: Non-trainable parameter, count 2359296 with torch.Size([3072, 768])
09/16 07:36:17 AM: 	sent_encoder._text_field_embedder.model.encoder.layer.5.intermediate.dense.bias: Non-trainable parameter, count 3072 with torch.Size([3072])
09/16 07:36:17 AM: 	sent_encoder._text_field_embedder.model.encoder.layer.5.output.dense.weight: Non-trainable parameter, count 2359296 with torch.Size([768, 3072])
09/16 07:36:17 AM: 	sent_encoder._text_field_embedder.model.encoder.layer.5.output.dense.bias: Non-trainable parameter, count 768 with torch.Size([768])
09/16 07:36:17 AM: 	sent_encoder._text_field_embedder.model.encoder.layer.5.output.LayerNorm.weight: Non-trainable parameter, count 768 with torch.Size([768])
09/16 07:36:17 AM: 	sent_encoder._text_field_embedder.model.encoder.layer.5.output.LayerNorm.bias: Non-trainable parameter, count 768 with torch.Size([768])
09/16 07:36:17 AM: 	sent_encoder._text_field_embedder.model.encoder.layer.6.attention.self.query.weight: Non-trainable parameter, count 589824 with torch.Size([768, 768])
09/16 07:36:17 AM: 	sent_encoder._text_field_embedder.model.encoder.layer.6.attention.self.query.bias: Non-trainable parameter, count 768 with torch.Size([768])
09/16 07:36:17 AM: 	sent_encoder._text_field_embedder.model.encoder.layer.6.attention.self.key.weight: Non-trainable parameter, count 589824 with torch.Size([768, 768])
09/16 07:36:17 AM: 	sent_encoder._text_field_embedder.model.encoder.layer.6.attention.self.key.bias: Non-trainable parameter, count 768 with torch.Size([768])
09/16 07:36:17 AM: 	sent_encoder._text_field_embedder.model.encoder.layer.6.attention.self.value.weight: Non-trainable parameter, count 589824 with torch.Size([768, 768])
09/16 07:36:17 AM: 	sent_encoder._text_field_embedder.model.encoder.layer.6.attention.self.value.bias: Non-trainable parameter, count 768 with torch.Size([768])
09/16 07:36:17 AM: 	sent_encoder._text_field_embedder.model.encoder.layer.6.attention.output.dense.weight: Non-trainable parameter, count 589824 with torch.Size([768, 768])
09/16 07:36:17 AM: 	sent_encoder._text_field_embedder.model.encoder.layer.6.attention.output.dense.bias: Non-trainable parameter, count 768 with torch.Size([768])
09/16 07:36:17 AM: 	sent_encoder._text_field_embedder.model.encoder.layer.6.attention.output.LayerNorm.weight: Non-trainable parameter, count 768 with torch.Size([768])
09/16 07:36:17 AM: 	sent_encoder._text_field_embedder.model.encoder.layer.6.attention.output.LayerNorm.bias: Non-trainable parameter, count 768 with torch.Size([768])
09/16 07:36:17 AM: 	sent_encoder._text_field_embedder.model.encoder.layer.6.intermediate.dense.weight: Non-trainable parameter, count 2359296 with torch.Size([3072, 768])
09/16 07:36:17 AM: 	sent_encoder._text_field_embedder.model.encoder.layer.6.intermediate.dense.bias: Non-trainable parameter, count 3072 with torch.Size([3072])
09/16 07:36:17 AM: 	sent_encoder._text_field_embedder.model.encoder.layer.6.output.dense.weight: Non-trainable parameter, count 2359296 with torch.Size([768, 3072])
09/16 07:36:17 AM: 	sent_encoder._text_field_embedder.model.encoder.layer.6.output.dense.bias: Non-trainable parameter, count 768 with torch.Size([768])
09/16 07:36:17 AM: 	sent_encoder._text_field_embedder.model.encoder.layer.6.output.LayerNorm.weight: Non-trainable parameter, count 768 with torch.Size([768])
09/16 07:36:17 AM: 	sent_encoder._text_field_embedder.model.encoder.layer.6.output.LayerNorm.bias: Non-trainable parameter, count 768 with torch.Size([768])
09/16 07:36:17 AM: 	sent_encoder._text_field_embedder.model.encoder.layer.7.attention.self.query.weight: Non-trainable parameter, count 589824 with torch.Size([768, 768])
09/16 07:36:17 AM: 	sent_encoder._text_field_embedder.model.encoder.layer.7.attention.self.query.bias: Non-trainable parameter, count 768 with torch.Size([768])
09/16 07:36:17 AM: 	sent_encoder._text_field_embedder.model.encoder.layer.7.attention.self.key.weight: Non-trainable parameter, count 589824 with torch.Size([768, 768])
09/16 07:36:17 AM: 	sent_encoder._text_field_embedder.model.encoder.layer.7.attention.self.key.bias: Non-trainable parameter, count 768 with torch.Size([768])
09/16 07:36:17 AM: 	sent_encoder._text_field_embedder.model.encoder.layer.7.attention.self.value.weight: Non-trainable parameter, count 589824 with torch.Size([768, 768])
09/16 07:36:17 AM: 	sent_encoder._text_field_embedder.model.encoder.layer.7.attention.self.value.bias: Non-trainable parameter, count 768 with torch.Size([768])
09/16 07:36:17 AM: 	sent_encoder._text_field_embedder.model.encoder.layer.7.attention.output.dense.weight: Non-trainable parameter, count 589824 with torch.Size([768, 768])
09/16 07:36:17 AM: 	sent_encoder._text_field_embedder.model.encoder.layer.7.attention.output.dense.bias: Non-trainable parameter, count 768 with torch.Size([768])
09/16 07:36:17 AM: 	sent_encoder._text_field_embedder.model.encoder.layer.7.attention.output.LayerNorm.weight: Non-trainable parameter, count 768 with torch.Size([768])
09/16 07:36:17 AM: 	sent_encoder._text_field_embedder.model.encoder.layer.7.attention.output.LayerNorm.bias: Non-trainable parameter, count 768 with torch.Size([768])
09/16 07:36:17 AM: 	sent_encoder._text_field_embedder.model.encoder.layer.7.intermediate.dense.weight: Non-trainable parameter, count 2359296 with torch.Size([3072, 768])
09/16 07:36:17 AM: 	sent_encoder._text_field_embedder.model.encoder.layer.7.intermediate.dense.bias: Non-trainable parameter, count 3072 with torch.Size([3072])
09/16 07:36:17 AM: 	sent_encoder._text_field_embedder.model.encoder.layer.7.output.dense.weight: Non-trainable parameter, count 2359296 with torch.Size([768, 3072])
09/16 07:36:17 AM: 	sent_encoder._text_field_embedder.model.encoder.layer.7.output.dense.bias: Non-trainable parameter, count 768 with torch.Size([768])
09/16 07:36:17 AM: 	sent_encoder._text_field_embedder.model.encoder.layer.7.output.LayerNorm.weight: Non-trainable parameter, count 768 with torch.Size([768])
09/16 07:36:17 AM: 	sent_encoder._text_field_embedder.model.encoder.layer.7.output.LayerNorm.bias: Non-trainable parameter, count 768 with torch.Size([768])
09/16 07:36:17 AM: 	sent_encoder._text_field_embedder.model.encoder.layer.8.attention.self.query.weight: Non-trainable parameter, count 589824 with torch.Size([768, 768])
09/16 07:36:17 AM: 	sent_encoder._text_field_embedder.model.encoder.layer.8.attention.self.query.bias: Non-trainable parameter, count 768 with torch.Size([768])
09/16 07:36:17 AM: 	sent_encoder._text_field_embedder.model.encoder.layer.8.attention.self.key.weight: Non-trainable parameter, count 589824 with torch.Size([768, 768])
09/16 07:36:17 AM: 	sent_encoder._text_field_embedder.model.encoder.layer.8.attention.self.key.bias: Non-trainable parameter, count 768 with torch.Size([768])
09/16 07:36:17 AM: 	sent_encoder._text_field_embedder.model.encoder.layer.8.attention.self.value.weight: Non-trainable parameter, count 589824 with torch.Size([768, 768])
09/16 07:36:17 AM: 	sent_encoder._text_field_embedder.model.encoder.layer.8.attention.self.value.bias: Non-trainable parameter, count 768 with torch.Size([768])
09/16 07:36:17 AM: 	sent_encoder._text_field_embedder.model.encoder.layer.8.attention.output.dense.weight: Non-trainable parameter, count 589824 with torch.Size([768, 768])
09/16 07:36:17 AM: 	sent_encoder._text_field_embedder.model.encoder.layer.8.attention.output.dense.bias: Non-trainable parameter, count 768 with torch.Size([768])
09/16 07:36:17 AM: 	sent_encoder._text_field_embedder.model.encoder.layer.8.attention.output.LayerNorm.weight: Non-trainable parameter, count 768 with torch.Size([768])
09/16 07:36:17 AM: 	sent_encoder._text_field_embedder.model.encoder.layer.8.attention.output.LayerNorm.bias: Non-trainable parameter, count 768 with torch.Size([768])
09/16 07:36:17 AM: 	sent_encoder._text_field_embedder.model.encoder.layer.8.intermediate.dense.weight: Non-trainable parameter, count 2359296 with torch.Size([3072, 768])
09/16 07:36:17 AM: 	sent_encoder._text_field_embedder.model.encoder.layer.8.intermediate.dense.bias: Non-trainable parameter, count 3072 with torch.Size([3072])
09/16 07:36:17 AM: 	sent_encoder._text_field_embedder.model.encoder.layer.8.output.dense.weight: Non-trainable parameter, count 2359296 with torch.Size([768, 3072])
09/16 07:36:17 AM: 	sent_encoder._text_field_embedder.model.encoder.layer.8.output.dense.bias: Non-trainable parameter, count 768 with torch.Size([768])
09/16 07:36:17 AM: 	sent_encoder._text_field_embedder.model.encoder.layer.8.output.LayerNorm.weight: Non-trainable parameter, count 768 with torch.Size([768])
09/16 07:36:17 AM: 	sent_encoder._text_field_embedder.model.encoder.layer.8.output.LayerNorm.bias: Non-trainable parameter, count 768 with torch.Size([768])
09/16 07:36:17 AM: 	sent_encoder._text_field_embedder.model.encoder.layer.9.attention.self.query.weight: Non-trainable parameter, count 589824 with torch.Size([768, 768])
09/16 07:36:17 AM: 	sent_encoder._text_field_embedder.model.encoder.layer.9.attention.self.query.bias: Non-trainable parameter, count 768 with torch.Size([768])
09/16 07:36:17 AM: 	sent_encoder._text_field_embedder.model.encoder.layer.9.attention.self.key.weight: Non-trainable parameter, count 589824 with torch.Size([768, 768])
09/16 07:36:17 AM: 	sent_encoder._text_field_embedder.model.encoder.layer.9.attention.self.key.bias: Non-trainable parameter, count 768 with torch.Size([768])
09/16 07:36:17 AM: 	sent_encoder._text_field_embedder.model.encoder.layer.9.attention.self.value.weight: Non-trainable parameter, count 589824 with torch.Size([768, 768])
09/16 07:36:17 AM: 	sent_encoder._text_field_embedder.model.encoder.layer.9.attention.self.value.bias: Non-trainable parameter, count 768 with torch.Size([768])
09/16 07:36:17 AM: 	sent_encoder._text_field_embedder.model.encoder.layer.9.attention.output.dense.weight: Non-trainable parameter, count 589824 with torch.Size([768, 768])
09/16 07:36:17 AM: 	sent_encoder._text_field_embedder.model.encoder.layer.9.attention.output.dense.bias: Non-trainable parameter, count 768 with torch.Size([768])
09/16 07:36:17 AM: 	sent_encoder._text_field_embedder.model.encoder.layer.9.attention.output.LayerNorm.weight: Non-trainable parameter, count 768 with torch.Size([768])
09/16 07:36:17 AM: 	sent_encoder._text_field_embedder.model.encoder.layer.9.attention.output.LayerNorm.bias: Non-trainable parameter, count 768 with torch.Size([768])
09/16 07:36:17 AM: 	sent_encoder._text_field_embedder.model.encoder.layer.9.intermediate.dense.weight: Non-trainable parameter, count 2359296 with torch.Size([3072, 768])
09/16 07:36:17 AM: 	sent_encoder._text_field_embedder.model.encoder.layer.9.intermediate.dense.bias: Non-trainable parameter, count 3072 with torch.Size([3072])
09/16 07:36:17 AM: 	sent_encoder._text_field_embedder.model.encoder.layer.9.output.dense.weight: Non-trainable parameter, count 2359296 with torch.Size([768, 3072])
09/16 07:36:17 AM: 	sent_encoder._text_field_embedder.model.encoder.layer.9.output.dense.bias: Non-trainable parameter, count 768 with torch.Size([768])
09/16 07:36:17 AM: 	sent_encoder._text_field_embedder.model.encoder.layer.9.output.LayerNorm.weight: Non-trainable parameter, count 768 with torch.Size([768])
09/16 07:36:17 AM: 	sent_encoder._text_field_embedder.model.encoder.layer.9.output.LayerNorm.bias: Non-trainable parameter, count 768 with torch.Size([768])
09/16 07:36:17 AM: 	sent_encoder._text_field_embedder.model.encoder.layer.10.attention.self.query.weight: Non-trainable parameter, count 589824 with torch.Size([768, 768])
09/16 07:36:17 AM: 	sent_encoder._text_field_embedder.model.encoder.layer.10.attention.self.query.bias: Non-trainable parameter, count 768 with torch.Size([768])
09/16 07:36:17 AM: 	sent_encoder._text_field_embedder.model.encoder.layer.10.attention.self.key.weight: Non-trainable parameter, count 589824 with torch.Size([768, 768])
09/16 07:36:17 AM: 	sent_encoder._text_field_embedder.model.encoder.layer.10.attention.self.key.bias: Non-trainable parameter, count 768 with torch.Size([768])
09/16 07:36:17 AM: 	sent_encoder._text_field_embedder.model.encoder.layer.10.attention.self.value.weight: Non-trainable parameter, count 589824 with torch.Size([768, 768])
09/16 07:36:17 AM: 	sent_encoder._text_field_embedder.model.encoder.layer.10.attention.self.value.bias: Non-trainable parameter, count 768 with torch.Size([768])
09/16 07:36:17 AM: 	sent_encoder._text_field_embedder.model.encoder.layer.10.attention.output.dense.weight: Non-trainable parameter, count 589824 with torch.Size([768, 768])
09/16 07:36:17 AM: 	sent_encoder._text_field_embedder.model.encoder.layer.10.attention.output.dense.bias: Non-trainable parameter, count 768 with torch.Size([768])
09/16 07:36:17 AM: 	sent_encoder._text_field_embedder.model.encoder.layer.10.attention.output.LayerNorm.weight: Non-trainable parameter, count 768 with torch.Size([768])
09/16 07:36:17 AM: 	sent_encoder._text_field_embedder.model.encoder.layer.10.attention.output.LayerNorm.bias: Non-trainable parameter, count 768 with torch.Size([768])
09/16 07:36:17 AM: 	sent_encoder._text_field_embedder.model.encoder.layer.10.intermediate.dense.weight: Non-trainable parameter, count 2359296 with torch.Size([3072, 768])
09/16 07:36:17 AM: 	sent_encoder._text_field_embedder.model.encoder.layer.10.intermediate.dense.bias: Non-trainable parameter, count 3072 with torch.Size([3072])
09/16 07:36:17 AM: 	sent_encoder._text_field_embedder.model.encoder.layer.10.output.dense.weight: Non-trainable parameter, count 2359296 with torch.Size([768, 3072])
09/16 07:36:17 AM: 	sent_encoder._text_field_embedder.model.encoder.layer.10.output.dense.bias: Non-trainable parameter, count 768 with torch.Size([768])
09/16 07:36:17 AM: 	sent_encoder._text_field_embedder.model.encoder.layer.10.output.LayerNorm.weight: Non-trainable parameter, count 768 with torch.Size([768])
09/16 07:36:17 AM: 	sent_encoder._text_field_embedder.model.encoder.layer.10.output.LayerNorm.bias: Non-trainable parameter, count 768 with torch.Size([768])
09/16 07:36:17 AM: 	sent_encoder._text_field_embedder.model.encoder.layer.11.attention.self.query.weight: Non-trainable parameter, count 589824 with torch.Size([768, 768])
09/16 07:36:17 AM: 	sent_encoder._text_field_embedder.model.encoder.layer.11.attention.self.query.bias: Non-trainable parameter, count 768 with torch.Size([768])
09/16 07:36:17 AM: 	sent_encoder._text_field_embedder.model.encoder.layer.11.attention.self.key.weight: Non-trainable parameter, count 589824 with torch.Size([768, 768])
09/16 07:36:17 AM: 	sent_encoder._text_field_embedder.model.encoder.layer.11.attention.self.key.bias: Non-trainable parameter, count 768 with torch.Size([768])
09/16 07:36:17 AM: 	sent_encoder._text_field_embedder.model.encoder.layer.11.attention.self.value.weight: Non-trainable parameter, count 589824 with torch.Size([768, 768])
09/16 07:36:17 AM: 	sent_encoder._text_field_embedder.model.encoder.layer.11.attention.self.value.bias: Non-trainable parameter, count 768 with torch.Size([768])
09/16 07:36:17 AM: 	sent_encoder._text_field_embedder.model.encoder.layer.11.attention.output.dense.weight: Non-trainable parameter, count 589824 with torch.Size([768, 768])
09/16 07:36:17 AM: 	sent_encoder._text_field_embedder.model.encoder.layer.11.attention.output.dense.bias: Non-trainable parameter, count 768 with torch.Size([768])
09/16 07:36:17 AM: 	sent_encoder._text_field_embedder.model.encoder.layer.11.attention.output.LayerNorm.weight: Non-trainable parameter, count 768 with torch.Size([768])
09/16 07:36:17 AM: 	sent_encoder._text_field_embedder.model.encoder.layer.11.attention.output.LayerNorm.bias: Non-trainable parameter, count 768 with torch.Size([768])
09/16 07:36:17 AM: 	sent_encoder._text_field_embedder.model.encoder.layer.11.intermediate.dense.weight: Non-trainable parameter, count 2359296 with torch.Size([3072, 768])
09/16 07:36:17 AM: 	sent_encoder._text_field_embedder.model.encoder.layer.11.intermediate.dense.bias: Non-trainable parameter, count 3072 with torch.Size([3072])
09/16 07:36:17 AM: 	sent_encoder._text_field_embedder.model.encoder.layer.11.output.dense.weight: Non-trainable parameter, count 2359296 with torch.Size([768, 3072])
09/16 07:36:17 AM: 	sent_encoder._text_field_embedder.model.encoder.layer.11.output.dense.bias: Non-trainable parameter, count 768 with torch.Size([768])
09/16 07:36:17 AM: 	sent_encoder._text_field_embedder.model.encoder.layer.11.output.LayerNorm.weight: Non-trainable parameter, count 768 with torch.Size([768])
09/16 07:36:17 AM: 	sent_encoder._text_field_embedder.model.encoder.layer.11.output.LayerNorm.bias: Non-trainable parameter, count 768 with torch.Size([768])
09/16 07:36:17 AM: 	sent_encoder._text_field_embedder.model.pooler.dense.weight: Non-trainable parameter, count 589824 with torch.Size([768, 768])
09/16 07:36:17 AM: 	sent_encoder._text_field_embedder.model.pooler.dense.bias: Non-trainable parameter, count 768 with torch.Size([768])
09/16 07:36:17 AM: 	edges-rel-semeval_mdl.proj1.weight: Trainable parameter, count 196608 with torch.Size([256, 768, 1])
09/16 07:36:17 AM: 	edges-rel-semeval_mdl.proj1.bias: Trainable parameter, count 256 with torch.Size([256])
09/16 07:36:17 AM: 	edges-rel-semeval_mdl.proj2.weight: Trainable parameter, count 196608 with torch.Size([256, 768, 1])
09/16 07:36:17 AM: 	edges-rel-semeval_mdl.proj2.bias: Trainable parameter, count 256 with torch.Size([256])
09/16 07:36:17 AM: 	edges-rel-semeval_mdl.classifier.classifier.0.weight: Trainable parameter, count 262144 with torch.Size([256, 1024])
09/16 07:36:17 AM: 	edges-rel-semeval_mdl.classifier.classifier.0.bias: Trainable parameter, count 256 with torch.Size([256])
09/16 07:36:17 AM: 	edges-rel-semeval_mdl.classifier.classifier.2.weight: Trainable parameter, count 256 with torch.Size([256])
09/16 07:36:17 AM: 	edges-rel-semeval_mdl.classifier.classifier.2.bias: Trainable parameter, count 256 with torch.Size([256])
09/16 07:36:17 AM: 	edges-rel-semeval_mdl.classifier.classifier.4.weight: Trainable parameter, count 4864 with torch.Size([19, 256])
09/16 07:36:17 AM: 	edges-rel-semeval_mdl.classifier.classifier.4.bias: Trainable parameter, count 19 with torch.Size([19])
09/16 07:36:17 AM: Total number of parameters: 110143763 (1.10144e+08)
09/16 07:36:17 AM: Number of trainable parameters: 661523 (661523)
09/16 07:36:17 AM: Finished building model in 93.633s
09/16 07:36:17 AM: Will run the following steps for this experiment:
Re-training model for individual target tasks 
Evaluating model on tasks: edges-rel-semeval 

09/16 07:36:18 AM: patience = 9
09/16 07:36:18 AM: val_interval = 100
09/16 07:36:18 AM: max_vals = 100
09/16 07:36:18 AM: cuda_device = 0
09/16 07:36:18 AM: grad_norm = 5.0
09/16 07:36:18 AM: grad_clipping = None
09/16 07:36:18 AM: lr_decay = 0.99
09/16 07:36:18 AM: min_lr = 1e-06
09/16 07:36:18 AM: keep_all_checkpoints = 0
09/16 07:36:18 AM: val_data_limit = 5000
09/16 07:36:18 AM: max_epochs = -1
09/16 07:36:18 AM: dec_val_scale = 250
09/16 07:36:18 AM: training_data_fraction = 1
09/16 07:36:18 AM: type = adam
09/16 07:36:18 AM: parameter_groups = None
09/16 07:36:18 AM: Number of trainable parameters: 661523
09/16 07:36:18 AM: infer_type_and_cast = True
09/16 07:36:18 AM: Converting Params object to dict; logging of default values will not occur when dictionary parameters are used subsequently.
09/16 07:36:18 AM: CURRENTLY DEFINED PARAMETERS: 
09/16 07:36:18 AM: lr = 0.0001
09/16 07:36:18 AM: amsgrad = True
09/16 07:36:18 AM: type = reduce_on_plateau
09/16 07:36:18 AM: Converting Params object to dict; logging of default values will not occur when dictionary parameters are used subsequently.
09/16 07:36:18 AM: CURRENTLY DEFINED PARAMETERS: 
09/16 07:36:18 AM: mode = max
09/16 07:36:18 AM: factor = 0.5
09/16 07:36:18 AM: patience = 3
09/16 07:36:18 AM: threshold = 0.0001
09/16 07:36:18 AM: threshold_mode = abs
09/16 07:36:18 AM: verbose = True
09/16 07:36:18 AM: type = adam
09/16 07:36:18 AM: parameter_groups = None
09/16 07:36:18 AM: Number of trainable parameters: 661523
09/16 07:36:18 AM: infer_type_and_cast = True
09/16 07:36:18 AM: Converting Params object to dict; logging of default values will not occur when dictionary parameters are used subsequently.
09/16 07:36:18 AM: CURRENTLY DEFINED PARAMETERS: 
09/16 07:36:18 AM: lr = 0.0001
09/16 07:36:18 AM: amsgrad = True
09/16 07:36:18 AM: type = reduce_on_plateau
09/16 07:36:18 AM: Converting Params object to dict; logging of default values will not occur when dictionary parameters are used subsequently.
09/16 07:36:18 AM: CURRENTLY DEFINED PARAMETERS: 
09/16 07:36:18 AM: mode = max
09/16 07:36:18 AM: factor = 0.5
09/16 07:36:18 AM: patience = 3
09/16 07:36:18 AM: threshold = 0.0001
09/16 07:36:18 AM: threshold_mode = abs
09/16 07:36:18 AM: verbose = True
09/16 07:36:18 AM: Starting training without restoring from a checkpoint.
09/16 07:36:18 AM: Training examples per task, before any subsampling: {'edges-rel-semeval': 6851}
09/16 07:36:18 AM: Beginning training with stopping criteria based on metric: edges-rel-semeval_f1
09/16 07:36:20 AM: ***** Step 100 / Validation 1 *****
09/16 07:36:20 AM: edges-rel-semeval: trained on 100 batches, 0.465 epochs
09/16 07:36:20 AM: Validating...
09/16 07:36:21 AM: Best result seen so far for edges-rel-semeval.
09/16 07:36:21 AM: Best result seen so far for micro.
09/16 07:36:21 AM: Best result seen so far for macro.
09/16 07:36:21 AM: Updating LR scheduler:
09/16 07:36:21 AM: 	Best result seen so far for macro_avg: 0.091
09/16 07:36:21 AM: 	# validation passes without improvement: 0
09/16 07:36:21 AM: edges-rel-semeval_loss: training: 0.518533 validation: 0.383143
09/16 07:36:21 AM: macro_avg: validation: 0.091136
09/16 07:36:21 AM: micro_avg: validation: 0.000000
09/16 07:36:21 AM: edges-rel-semeval_mcc: training: 0.012229 validation: 0.022781
09/16 07:36:21 AM: edges-rel-semeval_acc: training: 0.006623 validation: 0.012185
09/16 07:36:21 AM: edges-rel-semeval_precision: training: 0.057428 validation: 0.066939
09/16 07:36:21 AM: edges-rel-semeval_recall: training: 0.267108 validation: 0.142733
09/16 07:36:21 AM: edges-rel-semeval_f1: training: 0.094531 validation: 0.091136
09/16 07:36:21 AM: Global learning rate: 0.0001
09/16 07:36:21 AM: Saving checkpoints to: ./experiments/rel-semeval-RANDOM_WITH_GOOD_EMBEDDINGS-only/run
09/16 07:36:23 AM: ***** Step 200 / Validation 2 *****
09/16 07:36:23 AM: edges-rel-semeval: trained on 100 batches, 0.465 epochs
09/16 07:36:23 AM: Validating...
09/16 07:36:24 AM: Updating LR scheduler:
09/16 07:36:24 AM: 	Best result seen so far for macro_avg: 0.091
09/16 07:36:24 AM: 	# validation passes without improvement: 1
09/16 07:36:24 AM: edges-rel-semeval_loss: training: 0.350450 validation: 0.269955
09/16 07:36:24 AM: macro_avg: validation: 0.061722
09/16 07:36:24 AM: micro_avg: validation: 0.000000
09/16 07:36:24 AM: edges-rel-semeval_mcc: training: 0.016224 validation: 0.017649
09/16 07:36:24 AM: edges-rel-semeval_acc: training: 0.007812 validation: 0.006092
09/16 07:36:24 AM: edges-rel-semeval_precision: training: 0.063714 validation: 0.072093
09/16 07:36:24 AM: edges-rel-semeval_recall: training: 0.116875 validation: 0.053960
09/16 07:36:24 AM: edges-rel-semeval_f1: training: 0.082470 validation: 0.061722
09/16 07:36:24 AM: Global learning rate: 0.0001
09/16 07:36:24 AM: Saving checkpoints to: ./experiments/rel-semeval-RANDOM_WITH_GOOD_EMBEDDINGS-only/run
09/16 07:36:27 AM: ***** Step 300 / Validation 3 *****
09/16 07:36:27 AM: edges-rel-semeval: trained on 100 batches, 0.465 epochs
09/16 07:36:27 AM: Validating...
09/16 07:36:27 AM: Updating LR scheduler:
09/16 07:36:27 AM: 	Best result seen so far for macro_avg: 0.091
09/16 07:36:27 AM: 	# validation passes without improvement: 2
09/16 07:36:27 AM: edges-rel-semeval_loss: training: 0.253046 validation: 0.231170
09/16 07:36:27 AM: macro_avg: validation: 0.043088
09/16 07:36:27 AM: micro_avg: validation: 0.000000
09/16 07:36:27 AM: edges-rel-semeval_mcc: training: 0.024679 validation: 0.011449
09/16 07:36:27 AM: edges-rel-semeval_acc: training: 0.011353 validation: 0.006963
09/16 07:36:27 AM: edges-rel-semeval_precision: training: 0.083422 validation: 0.068966
09/16 07:36:27 AM: edges-rel-semeval_recall: training: 0.049196 validation: 0.031332
09/16 07:36:27 AM: edges-rel-semeval_f1: training: 0.061892 validation: 0.043088
09/16 07:36:27 AM: Global learning rate: 0.0001
09/16 07:36:27 AM: Saving checkpoints to: ./experiments/rel-semeval-RANDOM_WITH_GOOD_EMBEDDINGS-only/run
09/16 07:36:28 AM: Update 315: task edges-rel-semeval, batch 15 (315): mcc: 0.0307, acc: 0.0063, precision: 0.0939, recall: 0.0479, f1: 0.0634, edges-rel-semeval_loss: 0.2365
09/16 07:36:30 AM: ***** Step 400 / Validation 4 *****
09/16 07:36:30 AM: edges-rel-semeval: trained on 100 batches, 0.465 epochs
09/16 07:36:30 AM: Validating...
09/16 07:36:30 AM: Updating LR scheduler:
09/16 07:36:30 AM: 	Best result seen so far for macro_avg: 0.091
09/16 07:36:30 AM: 	# validation passes without improvement: 3
09/16 07:36:30 AM: edges-rel-semeval_loss: training: 0.218572 validation: 0.207904
09/16 07:36:30 AM: macro_avg: validation: 0.029218
09/16 07:36:30 AM: micro_avg: validation: 0.000000
09/16 07:36:30 AM: edges-rel-semeval_mcc: training: 0.030968 validation: 0.017296
09/16 07:36:30 AM: edges-rel-semeval_acc: training: 0.011250 validation: 0.003481
09/16 07:36:30 AM: edges-rel-semeval_precision: training: 0.106491 validation: 0.090909
09/16 07:36:30 AM: edges-rel-semeval_recall: training: 0.032812 validation: 0.017406
09/16 07:36:30 AM: edges-rel-semeval_f1: training: 0.050167 validation: 0.029218
09/16 07:36:30 AM: Global learning rate: 0.0001
09/16 07:36:30 AM: Saving checkpoints to: ./experiments/rel-semeval-RANDOM_WITH_GOOD_EMBEDDINGS-only/run
09/16 07:36:33 AM: ***** Step 500 / Validation 5 *****
09/16 07:36:33 AM: edges-rel-semeval: trained on 100 batches, 0.465 epochs
09/16 07:36:33 AM: Validating...
09/16 07:36:33 AM: Updating LR scheduler:
09/16 07:36:33 AM: 	Best result seen so far for macro_avg: 0.091
09/16 07:36:33 AM: 	# validation passes without improvement: 0
09/16 07:36:33 AM: edges-rel-semeval_loss: training: 0.197718 validation: 0.195032
09/16 07:36:33 AM: macro_avg: validation: 0.019154
09/16 07:36:33 AM: micro_avg: validation: 0.000000
09/16 07:36:33 AM: edges-rel-semeval_mcc: training: 0.032650 validation: 0.019443
09/16 07:36:33 AM: edges-rel-semeval_acc: training: 0.007569 validation: 0.003481
09/16 07:36:33 AM: edges-rel-semeval_precision: training: 0.149123 validation: 0.115385
09/16 07:36:33 AM: edges-rel-semeval_recall: training: 0.016083 validation: 0.010444
09/16 07:36:33 AM: edges-rel-semeval_f1: training: 0.029035 validation: 0.019154
09/16 07:36:33 AM: Global learning rate: 5e-05
09/16 07:36:33 AM: Saving checkpoints to: ./experiments/rel-semeval-RANDOM_WITH_GOOD_EMBEDDINGS-only/run
09/16 07:36:36 AM: ***** Step 600 / Validation 6 *****
09/16 07:36:36 AM: edges-rel-semeval: trained on 100 batches, 0.465 epochs
09/16 07:36:36 AM: Validating...
09/16 07:36:36 AM: Updating LR scheduler:
09/16 07:36:36 AM: 	Best result seen so far for macro_avg: 0.091
09/16 07:36:36 AM: 	# validation passes without improvement: 1
09/16 07:36:36 AM: edges-rel-semeval_loss: training: 0.187532 validation: 0.190239
09/16 07:36:36 AM: macro_avg: validation: 0.019496
09/16 07:36:36 AM: micro_avg: validation: 0.000000
09/16 07:36:36 AM: edges-rel-semeval_mcc: training: 0.053418 validation: 0.025769
09/16 07:36:36 AM: edges-rel-semeval_acc: training: 0.012188 validation: 0.006092
09/16 07:36:36 AM: edges-rel-semeval_precision: training: 0.267380 validation: 0.146341
09/16 07:36:36 AM: edges-rel-semeval_recall: training: 0.015625 validation: 0.010444
09/16 07:36:36 AM: edges-rel-semeval_f1: training: 0.029525 validation: 0.019496
09/16 07:36:36 AM: Global learning rate: 5e-05
09/16 07:36:36 AM: Saving checkpoints to: ./experiments/rel-semeval-RANDOM_WITH_GOOD_EMBEDDINGS-only/run
09/16 07:36:38 AM: Update 646: task edges-rel-semeval, batch 46 (646): mcc: 0.0855, acc: 0.0187, precision: 0.4103, recall: 0.0222, f1: 0.0421, edges-rel-semeval_loss: 0.1825
09/16 07:36:39 AM: ***** Step 700 / Validation 7 *****
09/16 07:36:39 AM: edges-rel-semeval: trained on 100 batches, 0.465 epochs
09/16 07:36:39 AM: Validating...
09/16 07:36:40 AM: Updating LR scheduler:
09/16 07:36:40 AM: 	Best result seen so far for macro_avg: 0.091
09/16 07:36:40 AM: 	# validation passes without improvement: 2
09/16 07:36:40 AM: edges-rel-semeval_loss: training: 0.180749 validation: 0.186845
09/16 07:36:40 AM: macro_avg: validation: 0.029245
09/16 07:36:40 AM: micro_avg: validation: 0.000000
09/16 07:36:40 AM: edges-rel-semeval_mcc: training: 0.090762 validation: 0.045889
09/16 07:36:40 AM: edges-rel-semeval_acc: training: 0.019552 validation: 0.011314
09/16 07:36:40 AM: edges-rel-semeval_precision: training: 0.456954 validation: 0.219512
09/16 07:36:40 AM: edges-rel-semeval_recall: training: 0.021760 validation: 0.015666
09/16 07:36:40 AM: edges-rel-semeval_f1: training: 0.041541 validation: 0.029245
09/16 07:36:40 AM: Global learning rate: 5e-05
09/16 07:36:40 AM: Saving checkpoints to: ./experiments/rel-semeval-RANDOM_WITH_GOOD_EMBEDDINGS-only/run
09/16 07:36:42 AM: ***** Step 800 / Validation 8 *****
09/16 07:36:42 AM: edges-rel-semeval: trained on 100 batches, 0.465 epochs
09/16 07:36:42 AM: Validating...
09/16 07:36:42 AM: Updating LR scheduler:
09/16 07:36:42 AM: 	Best result seen so far for macro_avg: 0.091
09/16 07:36:42 AM: 	# validation passes without improvement: 3
09/16 07:36:42 AM: edges-rel-semeval_loss: training: 0.179179 validation: 0.184065
09/16 07:36:42 AM: macro_avg: validation: 0.034342
09/16 07:36:42 AM: micro_avg: validation: 0.000000
09/16 07:36:42 AM: edges-rel-semeval_mcc: training: 0.090183 validation: 0.060371
09/16 07:36:42 AM: edges-rel-semeval_acc: training: 0.018437 validation: 0.015666
09/16 07:36:42 AM: edges-rel-semeval_precision: training: 0.477941 validation: 0.283784
09/16 07:36:42 AM: edges-rel-semeval_recall: training: 0.020312 validation: 0.018277
09/16 07:36:42 AM: edges-rel-semeval_f1: training: 0.038969 validation: 0.034342
09/16 07:36:42 AM: Global learning rate: 5e-05
09/16 07:36:42 AM: Saving checkpoints to: ./experiments/rel-semeval-RANDOM_WITH_GOOD_EMBEDDINGS-only/run
09/16 07:36:45 AM: ***** Step 900 / Validation 9 *****
09/16 07:36:45 AM: edges-rel-semeval: trained on 100 batches, 0.465 epochs
09/16 07:36:45 AM: Validating...
09/16 07:36:46 AM: Updating LR scheduler:
09/16 07:36:46 AM: 	Best result seen so far for macro_avg: 0.091
09/16 07:36:46 AM: 	# validation passes without improvement: 0
09/16 07:36:46 AM: edges-rel-semeval_loss: training: 0.174349 validation: 0.181280
09/16 07:36:46 AM: macro_avg: validation: 0.033501
09/16 07:36:46 AM: micro_avg: validation: 0.000000
09/16 07:36:46 AM: edges-rel-semeval_mcc: training: 0.118019 validation: 0.079747
09/16 07:36:46 AM: edges-rel-semeval_acc: training: 0.022390 validation: 0.014795
09/16 07:36:46 AM: edges-rel-semeval_precision: training: 0.657895 validation: 0.444444
09/16 07:36:46 AM: edges-rel-semeval_recall: training: 0.023652 validation: 0.017406
09/16 07:36:46 AM: edges-rel-semeval_f1: training: 0.045662 validation: 0.033501
09/16 07:36:46 AM: Global learning rate: 2.5e-05
09/16 07:36:46 AM: Saving checkpoints to: ./experiments/rel-semeval-RANDOM_WITH_GOOD_EMBEDDINGS-only/run
09/16 07:36:48 AM: ***** Step 1000 / Validation 10 *****
09/16 07:36:48 AM: edges-rel-semeval: trained on 100 batches, 0.465 epochs
09/16 07:36:48 AM: Validating...
09/16 07:36:48 AM: Evaluate: task edges-rel-semeval, batch 10 (36): mcc: 0.0725, acc: 0.0125, precision: 0.4167, recall: 0.0156, f1: 0.0301, edges-rel-semeval_loss: 0.1801
09/16 07:36:48 AM: Updating LR scheduler:
09/16 07:36:48 AM: 	Best result seen so far for macro_avg: 0.091
09/16 07:36:48 AM: 	# validation passes without improvement: 1
09/16 07:36:48 AM: edges-rel-semeval_loss: training: 0.172455 validation: 0.180038
09/16 07:36:48 AM: macro_avg: validation: 0.040033
09/16 07:36:48 AM: micro_avg: validation: 0.000000
09/16 07:36:48 AM: edges-rel-semeval_mcc: training: 0.137348 validation: 0.091699
09/16 07:36:48 AM: edges-rel-semeval_acc: training: 0.029063 validation: 0.018277
09/16 07:36:48 AM: edges-rel-semeval_precision: training: 0.695652 validation: 0.480000
09/16 07:36:48 AM: edges-rel-semeval_recall: training: 0.030000 validation: 0.020888
09/16 07:36:48 AM: edges-rel-semeval_f1: training: 0.057519 validation: 0.040033
09/16 07:36:48 AM: Global learning rate: 2.5e-05
09/16 07:36:48 AM: Saving checkpoints to: ./experiments/rel-semeval-RANDOM_WITH_GOOD_EMBEDDINGS-only/run
09/16 07:36:51 AM: ***** Step 1100 / Validation 11 *****
09/16 07:36:51 AM: edges-rel-semeval: trained on 100 batches, 0.465 epochs
09/16 07:36:51 AM: Validating...
09/16 07:36:52 AM: Updating LR scheduler:
09/16 07:36:52 AM: 	Best result seen so far for macro_avg: 0.091
09/16 07:36:52 AM: 	# validation passes without improvement: 2
09/16 07:36:52 AM: Ran out of early stopping patience. Stopping training.
09/16 07:36:52 AM: edges-rel-semeval_loss: training: 0.169470 validation: 0.178743
09/16 07:36:52 AM: macro_avg: validation: 0.046473
09/16 07:36:52 AM: micro_avg: validation: 0.000000
09/16 07:36:52 AM: edges-rel-semeval_mcc: training: 0.136022 validation: 0.101601
09/16 07:36:52 AM: edges-rel-semeval_acc: training: 0.031851 validation: 0.021758
09/16 07:36:52 AM: edges-rel-semeval_precision: training: 0.628743 validation: 0.500000
09/16 07:36:52 AM: edges-rel-semeval_recall: training: 0.033113 validation: 0.024369
09/16 07:36:52 AM: edges-rel-semeval_f1: training: 0.062912 validation: 0.046473
09/16 07:36:52 AM: Global learning rate: 2.5e-05
09/16 07:36:52 AM: Saving checkpoints to: ./experiments/rel-semeval-RANDOM_WITH_GOOD_EMBEDDINGS-only/run
09/16 07:36:52 AM: Stopped training after 11 validation checks
09/16 07:36:52 AM: Trained edges-rel-semeval for 1100 batches or 5.116 epochs
09/16 07:36:52 AM: ***** VALIDATION RESULTS *****
09/16 07:36:52 AM: edges-rel-semeval_f1 (for best val pass 1): edges-rel-semeval_loss: 0.38314, macro_avg: 0.09114, micro_avg: 0.00000, edges-rel-semeval_mcc: 0.02278, edges-rel-semeval_acc: 0.01218, edges-rel-semeval_precision: 0.06694, edges-rel-semeval_recall: 0.14273, edges-rel-semeval_f1: 0.09114
09/16 07:36:52 AM: micro_avg (for best val pass 1): edges-rel-semeval_loss: 0.38314, macro_avg: 0.09114, micro_avg: 0.00000, edges-rel-semeval_mcc: 0.02278, edges-rel-semeval_acc: 0.01218, edges-rel-semeval_precision: 0.06694, edges-rel-semeval_recall: 0.14273, edges-rel-semeval_f1: 0.09114
09/16 07:36:52 AM: macro_avg (for best val pass 1): edges-rel-semeval_loss: 0.38314, macro_avg: 0.09114, micro_avg: 0.00000, edges-rel-semeval_mcc: 0.02278, edges-rel-semeval_acc: 0.01218, edges-rel-semeval_precision: 0.06694, edges-rel-semeval_recall: 0.14273, edges-rel-semeval_f1: 0.09114
09/16 07:36:52 AM: Evaluating...
09/16 07:36:52 AM: Loaded model state from ./experiments/rel-semeval-RANDOM_WITH_GOOD_EMBEDDINGS-only/run/edges-rel-semeval/model_state_target_train_val_1.best.th
09/16 07:36:52 AM: Evaluating on: edges-rel-semeval, split: val
09/16 07:36:52 AM: Task 'edges-rel-semeval': sorting predictions by 'idx'
09/16 07:36:52 AM: Finished evaluating on: edges-rel-semeval
09/16 07:36:52 AM: Task 'edges-rel-semeval': joining predictions with input split 'val'
09/16 07:36:52 AM: Task 'edges-rel-semeval': Wrote predictions to ./experiments/rel-semeval-RANDOM_WITH_GOOD_EMBEDDINGS-only/run
09/16 07:36:52 AM: Wrote all preds for split 'val' to ./experiments/rel-semeval-RANDOM_WITH_GOOD_EMBEDDINGS-only/run
09/16 07:36:52 AM: Evaluating on: edges-rel-semeval, split: test
09/16 07:36:53 AM: Task 'edges-rel-semeval': sorting predictions by 'idx'
09/16 07:36:53 AM: Finished evaluating on: edges-rel-semeval
09/16 07:36:53 AM: Task 'edges-rel-semeval': joining predictions with input split 'test'
09/16 07:36:53 AM: Task 'edges-rel-semeval': Wrote predictions to ./experiments/rel-semeval-RANDOM_WITH_GOOD_EMBEDDINGS-only/run
09/16 07:36:53 AM: Wrote all preds for split 'test' to ./experiments/rel-semeval-RANDOM_WITH_GOOD_EMBEDDINGS-only/run
09/16 07:36:53 AM: Writing results for split 'val' to ./experiments/rel-semeval-RANDOM_WITH_GOOD_EMBEDDINGS-only/results.tsv
09/16 07:36:53 AM: micro_avg: 0.000, macro_avg: 0.091, edges-rel-semeval_mcc: 0.023, edges-rel-semeval_acc: 0.012, edges-rel-semeval_precision: 0.067, edges-rel-semeval_recall: 0.143, edges-rel-semeval_f1: 0.091
09/16 07:36:53 AM: Done!
