09/17 12:19:09 AM: Git branch: master
09/17 12:19:09 AM: Git SHA: 4086cd8f278243816795989a620c769378a6ab56
09/17 12:19:09 AM: Parsed args: 
{
  "allow_missing_task_map": 1,
  "allow_untrained_encoder_parameters": 1,
  "do_pretrain": 0,
  "exp_dir": "./experiments/pos-ontonotes-None-only/",
  "exp_name": "experiments/pos-ontonotes-None-only",
  "input_module": "bert-base-uncased",
  "local_log_path": "./experiments/pos-ontonotes-None-only/run/log.log",
  "lr_patience": 3,
  "max_seq_len": 512,
  "output_mode": "top",
  "patience": 9,
  "pretrain_tasks": "",
  "pretrained_dir": "models/None",
  "pytorch_transformers_output_mode": "only",
  "remote_log_name": "experiments/pos-ontonotes-None-only__run",
  "run_dir": "./experiments/pos-ontonotes-None-only/run",
  "run_name": "run",
  "sent_enc": "none",
  "sep_embs_for_skip": 1,
  "target_tasks": "edges-pos-ontonotes",
  "tokenizer": "bert-base-uncased",
  "write_preds": "val,test"
}
09/17 12:19:09 AM: Saved config to ./experiments/pos-ontonotes-None-only/run/params.conf
09/17 12:19:09 AM: Using random seed 1234
09/17 12:19:10 AM: Using GPU 0
09/17 12:19:10 AM: Loading tasks...
09/17 12:19:10 AM: Writing pre-preprocessed tasks to ./experiments/pos-ontonotes-None-only/
09/17 12:19:10 AM: 	Creating task edges-pos-ontonotes from scratch.
09/17 12:19:26 AM: Read=110514, Skip=5298, Total=115812 from ./probing_data/edges/ontonotes/const/pos/train.json.retokenized.bert-base-uncased
09/17 12:19:27 AM: Read=15060, Skip=620, Total=15680 from ./probing_data/edges/ontonotes/const/pos/development.json.retokenized.bert-base-uncased
09/17 12:19:30 AM: Read=11462, Skip=755, Total=12217 from ./probing_data/edges/ontonotes/const/pos/test.json.retokenized.bert-base-uncased
09/17 12:19:41 AM: 	Task 'edges-pos-ontonotes': |train|=110514 |val|=15060 |test|=11462
09/17 12:19:41 AM: 	Finished loading tasks: edges-pos-ontonotes.
09/17 12:19:41 AM: 	Building vocab from scratch.
09/17 12:19:41 AM: 	Counting units for task edges-pos-ontonotes.
09/17 12:19:43 AM: 	Task 'edges-pos-ontonotes': adding vocab namespace 'edges-pos-ontonotes_labels'
09/17 12:19:44 AM: loading file https://s3.amazonaws.com/models.huggingface.co/bert/bert-base-uncased-vocab.txt from cache at /home/ericwallace/.cache/torch/pytorch_transformers/26bc1ad6c0ac742e9b52263248f6d0f00068293b33709fae12320c0e35ccfbbb.542ce4285a40d23a559526243235df47c5f75c197f04f37d1a0c124c32c9a084
09/17 12:19:44 AM: Added pytorch_transformers vocab (bert-base-uncased): 30522 tokens
09/17 12:19:45 AM: 	Saved vocab to ./experiments/pos-ontonotes-None-only/vocab
09/17 12:19:45 AM: Loading token dictionary from ./experiments/pos-ontonotes-None-only/vocab.
09/17 12:19:45 AM: 	Loaded vocab from ./experiments/pos-ontonotes-None-only/vocab
09/17 12:19:45 AM: 	Vocab namespace bert_uncased: size 30524
09/17 12:19:45 AM: 	Vocab namespace tokens: size 24015
09/17 12:19:45 AM: 	Vocab namespace edges-pos-ontonotes_labels: size 48
09/17 12:19:45 AM: 	Vocab namespace chars: size 81
09/17 12:19:45 AM: 	Finished building vocab.
09/17 12:19:45 AM: 	Task edges-pos-ontonotes (train): Indexing from scratch.
09/17 12:20:14 AM: 	Task edges-pos-ontonotes (train): Saved 110514 instances to ./experiments/pos-ontonotes-None-only/preproc/edges-pos-ontonotes__train_data
09/17 12:20:14 AM: 	Task edges-pos-ontonotes (val): Indexing from scratch.
09/17 12:20:18 AM: 	Task edges-pos-ontonotes (val): Saved 15060 instances to ./experiments/pos-ontonotes-None-only/preproc/edges-pos-ontonotes__val_data
09/17 12:20:19 AM: 	Task edges-pos-ontonotes (test): Indexing from scratch.
09/17 12:20:26 AM: 	Task edges-pos-ontonotes (test): Saved 11462 instances to ./experiments/pos-ontonotes-None-only/preproc/edges-pos-ontonotes__test_data
09/17 12:20:26 AM: 	Finished indexing tasks
09/17 12:20:26 AM: 	Creating trimmed target-only version of edges-pos-ontonotes train.
09/17 12:20:26 AM: 	  Training on 
09/17 12:20:26 AM: 	  Evaluating on edges-pos-ontonotes
09/17 12:20:26 AM: 	Finished loading tasks in 76.308s
09/17 12:20:26 AM: 	 Tasks: ['edges-pos-ontonotes']
09/17 12:20:26 AM: Building model...
09/17 12:20:26 AM: Using BERT model (bert-base-uncased).
09/17 12:20:26 AM: LOADING A PRETRAINED MODEL
09/17 12:20:27 AM: https://s3.amazonaws.com/models.huggingface.co/bert/bert-base-uncased-config.json not found in cache or force_download set to True, downloading to /tmp/tmpp9s2x1un
09/17 12:20:28 AM: copying /tmp/tmpp9s2x1un to cache at ./experiments/pos-ontonotes-None-only/pytorch_transformers_cache/4dad0251492946e18ac39290fcfe91b89d370fee250efe9521476438fe8ca185.bf3b9ea126d8c0001ee8a1e8b92229871d06d36d8808208cc2449280da87785c
09/17 12:20:28 AM: creating metadata file for ./experiments/pos-ontonotes-None-only/pytorch_transformers_cache/4dad0251492946e18ac39290fcfe91b89d370fee250efe9521476438fe8ca185.bf3b9ea126d8c0001ee8a1e8b92229871d06d36d8808208cc2449280da87785c
09/17 12:20:28 AM: removing temp file /tmp/tmpp9s2x1un
09/17 12:20:28 AM: loading configuration file https://s3.amazonaws.com/models.huggingface.co/bert/bert-base-uncased-config.json from cache at ./experiments/pos-ontonotes-None-only/pytorch_transformers_cache/4dad0251492946e18ac39290fcfe91b89d370fee250efe9521476438fe8ca185.bf3b9ea126d8c0001ee8a1e8b92229871d06d36d8808208cc2449280da87785c
09/17 12:20:28 AM: Model config {
  "attention_probs_dropout_prob": 0.1,
  "finetuning_task": null,
  "hidden_act": "gelu",
  "hidden_dropout_prob": 0.1,
  "hidden_size": 768,
  "initializer_range": 0.02,
  "intermediate_size": 3072,
  "layer_norm_eps": 1e-12,
  "max_position_embeddings": 512,
  "num_attention_heads": 12,
  "num_hidden_layers": 12,
  "num_labels": 2,
  "output_attentions": false,
  "output_hidden_states": true,
  "pruned_heads": {},
  "torchscript": false,
  "type_vocab_size": 2,
  "vocab_size": 30522
}

09/17 12:20:29 AM: https://s3.amazonaws.com/models.huggingface.co/bert/bert-base-uncased-pytorch_model.bin not found in cache or force_download set to True, downloading to /tmp/tmpz00w1fy2
09/17 12:21:35 AM: copying /tmp/tmpz00w1fy2 to cache at ./experiments/pos-ontonotes-None-only/pytorch_transformers_cache/aa1ef1aede4482d0dbcd4d52baad8ae300e60902e88fcb0bebdec09afd232066.36ca03ab34a1a5d5fa7bc3d03d55c4fa650fed07220e2eeebc06ce58d0e9a157
09/17 12:21:35 AM: creating metadata file for ./experiments/pos-ontonotes-None-only/pytorch_transformers_cache/aa1ef1aede4482d0dbcd4d52baad8ae300e60902e88fcb0bebdec09afd232066.36ca03ab34a1a5d5fa7bc3d03d55c4fa650fed07220e2eeebc06ce58d0e9a157
09/17 12:21:35 AM: removing temp file /tmp/tmpz00w1fy2
09/17 12:21:35 AM: loading weights file https://s3.amazonaws.com/models.huggingface.co/bert/bert-base-uncased-pytorch_model.bin from cache at ./experiments/pos-ontonotes-None-only/pytorch_transformers_cache/aa1ef1aede4482d0dbcd4d52baad8ae300e60902e88fcb0bebdec09afd232066.36ca03ab34a1a5d5fa7bc3d03d55c4fa650fed07220e2eeebc06ce58d0e9a157
09/17 12:21:39 AM: https://s3.amazonaws.com/models.huggingface.co/bert/bert-base-uncased-vocab.txt not found in cache or force_download set to True, downloading to /tmp/tmpe9dtj8e3
09/17 12:21:41 AM: copying /tmp/tmpe9dtj8e3 to cache at ./experiments/pos-ontonotes-None-only/pytorch_transformers_cache/26bc1ad6c0ac742e9b52263248f6d0f00068293b33709fae12320c0e35ccfbbb.542ce4285a40d23a559526243235df47c5f75c197f04f37d1a0c124c32c9a084
09/17 12:21:41 AM: creating metadata file for ./experiments/pos-ontonotes-None-only/pytorch_transformers_cache/26bc1ad6c0ac742e9b52263248f6d0f00068293b33709fae12320c0e35ccfbbb.542ce4285a40d23a559526243235df47c5f75c197f04f37d1a0c124c32c9a084
09/17 12:21:41 AM: removing temp file /tmp/tmpe9dtj8e3
09/17 12:21:41 AM: loading file https://s3.amazonaws.com/models.huggingface.co/bert/bert-base-uncased-vocab.txt from cache at ./experiments/pos-ontonotes-None-only/pytorch_transformers_cache/26bc1ad6c0ac742e9b52263248f6d0f00068293b33709fae12320c0e35ccfbbb.542ce4285a40d23a559526243235df47c5f75c197f04f37d1a0c124c32c9a084
09/17 12:21:41 AM: Initializing parameters
09/17 12:21:41 AM: Done initializing parameters; the following parameters are using their default initialization from their code
09/17 12:21:41 AM:    _text_field_embedder.model.embeddings.LayerNorm.bias
09/17 12:21:41 AM:    _text_field_embedder.model.embeddings.LayerNorm.weight
09/17 12:21:41 AM:    _text_field_embedder.model.embeddings.position_embeddings.weight
09/17 12:21:41 AM:    _text_field_embedder.model.embeddings.token_type_embeddings.weight
09/17 12:21:41 AM:    _text_field_embedder.model.embeddings.word_embeddings.weight
09/17 12:21:41 AM:    _text_field_embedder.model.encoder.layer.0.attention.output.LayerNorm.bias
09/17 12:21:41 AM:    _text_field_embedder.model.encoder.layer.0.attention.output.LayerNorm.weight
09/17 12:21:41 AM:    _text_field_embedder.model.encoder.layer.0.attention.output.dense.bias
09/17 12:21:41 AM:    _text_field_embedder.model.encoder.layer.0.attention.output.dense.weight
09/17 12:21:41 AM:    _text_field_embedder.model.encoder.layer.0.attention.self.key.bias
09/17 12:21:41 AM:    _text_field_embedder.model.encoder.layer.0.attention.self.key.weight
09/17 12:21:41 AM:    _text_field_embedder.model.encoder.layer.0.attention.self.query.bias
09/17 12:21:41 AM:    _text_field_embedder.model.encoder.layer.0.attention.self.query.weight
09/17 12:21:41 AM:    _text_field_embedder.model.encoder.layer.0.attention.self.value.bias
09/17 12:21:41 AM:    _text_field_embedder.model.encoder.layer.0.attention.self.value.weight
09/17 12:21:41 AM:    _text_field_embedder.model.encoder.layer.0.intermediate.dense.bias
09/17 12:21:41 AM:    _text_field_embedder.model.encoder.layer.0.intermediate.dense.weight
09/17 12:21:41 AM:    _text_field_embedder.model.encoder.layer.0.output.LayerNorm.bias
09/17 12:21:41 AM:    _text_field_embedder.model.encoder.layer.0.output.LayerNorm.weight
09/17 12:21:41 AM:    _text_field_embedder.model.encoder.layer.0.output.dense.bias
09/17 12:21:41 AM:    _text_field_embedder.model.encoder.layer.0.output.dense.weight
09/17 12:21:41 AM:    _text_field_embedder.model.encoder.layer.1.attention.output.LayerNorm.bias
09/17 12:21:41 AM:    _text_field_embedder.model.encoder.layer.1.attention.output.LayerNorm.weight
09/17 12:21:41 AM:    _text_field_embedder.model.encoder.layer.1.attention.output.dense.bias
09/17 12:21:41 AM:    _text_field_embedder.model.encoder.layer.1.attention.output.dense.weight
09/17 12:21:41 AM:    _text_field_embedder.model.encoder.layer.1.attention.self.key.bias
09/17 12:21:41 AM:    _text_field_embedder.model.encoder.layer.1.attention.self.key.weight
09/17 12:21:41 AM:    _text_field_embedder.model.encoder.layer.1.attention.self.query.bias
09/17 12:21:41 AM:    _text_field_embedder.model.encoder.layer.1.attention.self.query.weight
09/17 12:21:41 AM:    _text_field_embedder.model.encoder.layer.1.attention.self.value.bias
09/17 12:21:41 AM:    _text_field_embedder.model.encoder.layer.1.attention.self.value.weight
09/17 12:21:41 AM:    _text_field_embedder.model.encoder.layer.1.intermediate.dense.bias
09/17 12:21:41 AM:    _text_field_embedder.model.encoder.layer.1.intermediate.dense.weight
09/17 12:21:41 AM:    _text_field_embedder.model.encoder.layer.1.output.LayerNorm.bias
09/17 12:21:41 AM:    _text_field_embedder.model.encoder.layer.1.output.LayerNorm.weight
09/17 12:21:41 AM:    _text_field_embedder.model.encoder.layer.1.output.dense.bias
09/17 12:21:41 AM:    _text_field_embedder.model.encoder.layer.1.output.dense.weight
09/17 12:21:41 AM:    _text_field_embedder.model.encoder.layer.10.attention.output.LayerNorm.bias
09/17 12:21:41 AM:    _text_field_embedder.model.encoder.layer.10.attention.output.LayerNorm.weight
09/17 12:21:41 AM:    _text_field_embedder.model.encoder.layer.10.attention.output.dense.bias
09/17 12:21:41 AM:    _text_field_embedder.model.encoder.layer.10.attention.output.dense.weight
09/17 12:21:41 AM:    _text_field_embedder.model.encoder.layer.10.attention.self.key.bias
09/17 12:21:41 AM:    _text_field_embedder.model.encoder.layer.10.attention.self.key.weight
09/17 12:21:41 AM:    _text_field_embedder.model.encoder.layer.10.attention.self.query.bias
09/17 12:21:41 AM:    _text_field_embedder.model.encoder.layer.10.attention.self.query.weight
09/17 12:21:41 AM:    _text_field_embedder.model.encoder.layer.10.attention.self.value.bias
09/17 12:21:41 AM:    _text_field_embedder.model.encoder.layer.10.attention.self.value.weight
09/17 12:21:41 AM:    _text_field_embedder.model.encoder.layer.10.intermediate.dense.bias
09/17 12:21:41 AM:    _text_field_embedder.model.encoder.layer.10.intermediate.dense.weight
09/17 12:21:41 AM:    _text_field_embedder.model.encoder.layer.10.output.LayerNorm.bias
09/17 12:21:41 AM:    _text_field_embedder.model.encoder.layer.10.output.LayerNorm.weight
09/17 12:21:41 AM:    _text_field_embedder.model.encoder.layer.10.output.dense.bias
09/17 12:21:41 AM:    _text_field_embedder.model.encoder.layer.10.output.dense.weight
09/17 12:21:41 AM:    _text_field_embedder.model.encoder.layer.11.attention.output.LayerNorm.bias
09/17 12:21:41 AM:    _text_field_embedder.model.encoder.layer.11.attention.output.LayerNorm.weight
09/17 12:21:41 AM:    _text_field_embedder.model.encoder.layer.11.attention.output.dense.bias
09/17 12:21:41 AM:    _text_field_embedder.model.encoder.layer.11.attention.output.dense.weight
09/17 12:21:41 AM:    _text_field_embedder.model.encoder.layer.11.attention.self.key.bias
09/17 12:21:41 AM:    _text_field_embedder.model.encoder.layer.11.attention.self.key.weight
09/17 12:21:41 AM:    _text_field_embedder.model.encoder.layer.11.attention.self.query.bias
09/17 12:21:41 AM:    _text_field_embedder.model.encoder.layer.11.attention.self.query.weight
09/17 12:21:41 AM:    _text_field_embedder.model.encoder.layer.11.attention.self.value.bias
09/17 12:21:41 AM:    _text_field_embedder.model.encoder.layer.11.attention.self.value.weight
09/17 12:21:41 AM:    _text_field_embedder.model.encoder.layer.11.intermediate.dense.bias
09/17 12:21:41 AM:    _text_field_embedder.model.encoder.layer.11.intermediate.dense.weight
09/17 12:21:41 AM:    _text_field_embedder.model.encoder.layer.11.output.LayerNorm.bias
09/17 12:21:41 AM:    _text_field_embedder.model.encoder.layer.11.output.LayerNorm.weight
09/17 12:21:41 AM:    _text_field_embedder.model.encoder.layer.11.output.dense.bias
09/17 12:21:41 AM:    _text_field_embedder.model.encoder.layer.11.output.dense.weight
09/17 12:21:41 AM:    _text_field_embedder.model.encoder.layer.2.attention.output.LayerNorm.bias
09/17 12:21:41 AM:    _text_field_embedder.model.encoder.layer.2.attention.output.LayerNorm.weight
09/17 12:21:41 AM:    _text_field_embedder.model.encoder.layer.2.attention.output.dense.bias
09/17 12:21:41 AM:    _text_field_embedder.model.encoder.layer.2.attention.output.dense.weight
09/17 12:21:41 AM:    _text_field_embedder.model.encoder.layer.2.attention.self.key.bias
09/17 12:21:41 AM:    _text_field_embedder.model.encoder.layer.2.attention.self.key.weight
09/17 12:21:41 AM:    _text_field_embedder.model.encoder.layer.2.attention.self.query.bias
09/17 12:21:41 AM:    _text_field_embedder.model.encoder.layer.2.attention.self.query.weight
09/17 12:21:41 AM:    _text_field_embedder.model.encoder.layer.2.attention.self.value.bias
09/17 12:21:41 AM:    _text_field_embedder.model.encoder.layer.2.attention.self.value.weight
09/17 12:21:41 AM:    _text_field_embedder.model.encoder.layer.2.intermediate.dense.bias
09/17 12:21:41 AM:    _text_field_embedder.model.encoder.layer.2.intermediate.dense.weight
09/17 12:21:41 AM:    _text_field_embedder.model.encoder.layer.2.output.LayerNorm.bias
09/17 12:21:41 AM:    _text_field_embedder.model.encoder.layer.2.output.LayerNorm.weight
09/17 12:21:41 AM:    _text_field_embedder.model.encoder.layer.2.output.dense.bias
09/17 12:21:41 AM:    _text_field_embedder.model.encoder.layer.2.output.dense.weight
09/17 12:21:41 AM:    _text_field_embedder.model.encoder.layer.3.attention.output.LayerNorm.bias
09/17 12:21:41 AM:    _text_field_embedder.model.encoder.layer.3.attention.output.LayerNorm.weight
09/17 12:21:41 AM:    _text_field_embedder.model.encoder.layer.3.attention.output.dense.bias
09/17 12:21:41 AM:    _text_field_embedder.model.encoder.layer.3.attention.output.dense.weight
09/17 12:21:41 AM:    _text_field_embedder.model.encoder.layer.3.attention.self.key.bias
09/17 12:21:41 AM:    _text_field_embedder.model.encoder.layer.3.attention.self.key.weight
09/17 12:21:41 AM:    _text_field_embedder.model.encoder.layer.3.attention.self.query.bias
09/17 12:21:41 AM:    _text_field_embedder.model.encoder.layer.3.attention.self.query.weight
09/17 12:21:41 AM:    _text_field_embedder.model.encoder.layer.3.attention.self.value.bias
09/17 12:21:41 AM:    _text_field_embedder.model.encoder.layer.3.attention.self.value.weight
09/17 12:21:41 AM:    _text_field_embedder.model.encoder.layer.3.intermediate.dense.bias
09/17 12:21:41 AM:    _text_field_embedder.model.encoder.layer.3.intermediate.dense.weight
09/17 12:21:41 AM:    _text_field_embedder.model.encoder.layer.3.output.LayerNorm.bias
09/17 12:21:41 AM:    _text_field_embedder.model.encoder.layer.3.output.LayerNorm.weight
09/17 12:21:41 AM:    _text_field_embedder.model.encoder.layer.3.output.dense.bias
09/17 12:21:41 AM:    _text_field_embedder.model.encoder.layer.3.output.dense.weight
09/17 12:21:41 AM:    _text_field_embedder.model.encoder.layer.4.attention.output.LayerNorm.bias
09/17 12:21:41 AM:    _text_field_embedder.model.encoder.layer.4.attention.output.LayerNorm.weight
09/17 12:21:41 AM:    _text_field_embedder.model.encoder.layer.4.attention.output.dense.bias
09/17 12:21:41 AM:    _text_field_embedder.model.encoder.layer.4.attention.output.dense.weight
09/17 12:21:41 AM:    _text_field_embedder.model.encoder.layer.4.attention.self.key.bias
09/17 12:21:41 AM:    _text_field_embedder.model.encoder.layer.4.attention.self.key.weight
09/17 12:21:41 AM:    _text_field_embedder.model.encoder.layer.4.attention.self.query.bias
09/17 12:21:41 AM:    _text_field_embedder.model.encoder.layer.4.attention.self.query.weight
09/17 12:21:41 AM:    _text_field_embedder.model.encoder.layer.4.attention.self.value.bias
09/17 12:21:41 AM:    _text_field_embedder.model.encoder.layer.4.attention.self.value.weight
09/17 12:21:41 AM:    _text_field_embedder.model.encoder.layer.4.intermediate.dense.bias
09/17 12:21:41 AM:    _text_field_embedder.model.encoder.layer.4.intermediate.dense.weight
09/17 12:21:41 AM:    _text_field_embedder.model.encoder.layer.4.output.LayerNorm.bias
09/17 12:21:41 AM:    _text_field_embedder.model.encoder.layer.4.output.LayerNorm.weight
09/17 12:21:41 AM:    _text_field_embedder.model.encoder.layer.4.output.dense.bias
09/17 12:21:41 AM:    _text_field_embedder.model.encoder.layer.4.output.dense.weight
09/17 12:21:41 AM:    _text_field_embedder.model.encoder.layer.5.attention.output.LayerNorm.bias
09/17 12:21:41 AM:    _text_field_embedder.model.encoder.layer.5.attention.output.LayerNorm.weight
09/17 12:21:41 AM:    _text_field_embedder.model.encoder.layer.5.attention.output.dense.bias
09/17 12:21:41 AM:    _text_field_embedder.model.encoder.layer.5.attention.output.dense.weight
09/17 12:21:41 AM:    _text_field_embedder.model.encoder.layer.5.attention.self.key.bias
09/17 12:21:41 AM:    _text_field_embedder.model.encoder.layer.5.attention.self.key.weight
09/17 12:21:41 AM:    _text_field_embedder.model.encoder.layer.5.attention.self.query.bias
09/17 12:21:41 AM:    _text_field_embedder.model.encoder.layer.5.attention.self.query.weight
09/17 12:21:41 AM:    _text_field_embedder.model.encoder.layer.5.attention.self.value.bias
09/17 12:21:41 AM:    _text_field_embedder.model.encoder.layer.5.attention.self.value.weight
09/17 12:21:41 AM:    _text_field_embedder.model.encoder.layer.5.intermediate.dense.bias
09/17 12:21:41 AM:    _text_field_embedder.model.encoder.layer.5.intermediate.dense.weight
09/17 12:21:41 AM:    _text_field_embedder.model.encoder.layer.5.output.LayerNorm.bias
09/17 12:21:41 AM:    _text_field_embedder.model.encoder.layer.5.output.LayerNorm.weight
09/17 12:21:41 AM:    _text_field_embedder.model.encoder.layer.5.output.dense.bias
09/17 12:21:41 AM:    _text_field_embedder.model.encoder.layer.5.output.dense.weight
09/17 12:21:41 AM:    _text_field_embedder.model.encoder.layer.6.attention.output.LayerNorm.bias
09/17 12:21:41 AM:    _text_field_embedder.model.encoder.layer.6.attention.output.LayerNorm.weight
09/17 12:21:41 AM:    _text_field_embedder.model.encoder.layer.6.attention.output.dense.bias
09/17 12:21:41 AM:    _text_field_embedder.model.encoder.layer.6.attention.output.dense.weight
09/17 12:21:41 AM:    _text_field_embedder.model.encoder.layer.6.attention.self.key.bias
09/17 12:21:41 AM:    _text_field_embedder.model.encoder.layer.6.attention.self.key.weight
09/17 12:21:41 AM:    _text_field_embedder.model.encoder.layer.6.attention.self.query.bias
09/17 12:21:41 AM:    _text_field_embedder.model.encoder.layer.6.attention.self.query.weight
09/17 12:21:41 AM:    _text_field_embedder.model.encoder.layer.6.attention.self.value.bias
09/17 12:21:41 AM:    _text_field_embedder.model.encoder.layer.6.attention.self.value.weight
09/17 12:21:41 AM:    _text_field_embedder.model.encoder.layer.6.intermediate.dense.bias
09/17 12:21:41 AM:    _text_field_embedder.model.encoder.layer.6.intermediate.dense.weight
09/17 12:21:41 AM:    _text_field_embedder.model.encoder.layer.6.output.LayerNorm.bias
09/17 12:21:41 AM:    _text_field_embedder.model.encoder.layer.6.output.LayerNorm.weight
09/17 12:21:41 AM:    _text_field_embedder.model.encoder.layer.6.output.dense.bias
09/17 12:21:41 AM:    _text_field_embedder.model.encoder.layer.6.output.dense.weight
09/17 12:21:41 AM:    _text_field_embedder.model.encoder.layer.7.attention.output.LayerNorm.bias
09/17 12:21:41 AM:    _text_field_embedder.model.encoder.layer.7.attention.output.LayerNorm.weight
09/17 12:21:41 AM:    _text_field_embedder.model.encoder.layer.7.attention.output.dense.bias
09/17 12:21:41 AM:    _text_field_embedder.model.encoder.layer.7.attention.output.dense.weight
09/17 12:21:41 AM:    _text_field_embedder.model.encoder.layer.7.attention.self.key.bias
09/17 12:21:41 AM:    _text_field_embedder.model.encoder.layer.7.attention.self.key.weight
09/17 12:21:41 AM:    _text_field_embedder.model.encoder.layer.7.attention.self.query.bias
09/17 12:21:41 AM:    _text_field_embedder.model.encoder.layer.7.attention.self.query.weight
09/17 12:21:41 AM:    _text_field_embedder.model.encoder.layer.7.attention.self.value.bias
09/17 12:21:41 AM:    _text_field_embedder.model.encoder.layer.7.attention.self.value.weight
09/17 12:21:41 AM:    _text_field_embedder.model.encoder.layer.7.intermediate.dense.bias
09/17 12:21:41 AM:    _text_field_embedder.model.encoder.layer.7.intermediate.dense.weight
09/17 12:21:41 AM:    _text_field_embedder.model.encoder.layer.7.output.LayerNorm.bias
09/17 12:21:41 AM:    _text_field_embedder.model.encoder.layer.7.output.LayerNorm.weight
09/17 12:21:41 AM:    _text_field_embedder.model.encoder.layer.7.output.dense.bias
09/17 12:21:41 AM:    _text_field_embedder.model.encoder.layer.7.output.dense.weight
09/17 12:21:41 AM:    _text_field_embedder.model.encoder.layer.8.attention.output.LayerNorm.bias
09/17 12:21:41 AM:    _text_field_embedder.model.encoder.layer.8.attention.output.LayerNorm.weight
09/17 12:21:41 AM:    _text_field_embedder.model.encoder.layer.8.attention.output.dense.bias
09/17 12:21:41 AM:    _text_field_embedder.model.encoder.layer.8.attention.output.dense.weight
09/17 12:21:41 AM:    _text_field_embedder.model.encoder.layer.8.attention.self.key.bias
09/17 12:21:41 AM:    _text_field_embedder.model.encoder.layer.8.attention.self.key.weight
09/17 12:21:41 AM:    _text_field_embedder.model.encoder.layer.8.attention.self.query.bias
09/17 12:21:41 AM:    _text_field_embedder.model.encoder.layer.8.attention.self.query.weight
09/17 12:21:41 AM:    _text_field_embedder.model.encoder.layer.8.attention.self.value.bias
09/17 12:21:41 AM:    _text_field_embedder.model.encoder.layer.8.attention.self.value.weight
09/17 12:21:41 AM:    _text_field_embedder.model.encoder.layer.8.intermediate.dense.bias
09/17 12:21:41 AM:    _text_field_embedder.model.encoder.layer.8.intermediate.dense.weight
09/17 12:21:41 AM:    _text_field_embedder.model.encoder.layer.8.output.LayerNorm.bias
09/17 12:21:41 AM:    _text_field_embedder.model.encoder.layer.8.output.LayerNorm.weight
09/17 12:21:41 AM:    _text_field_embedder.model.encoder.layer.8.output.dense.bias
09/17 12:21:41 AM:    _text_field_embedder.model.encoder.layer.8.output.dense.weight
09/17 12:21:41 AM:    _text_field_embedder.model.encoder.layer.9.attention.output.LayerNorm.bias
09/17 12:21:41 AM:    _text_field_embedder.model.encoder.layer.9.attention.output.LayerNorm.weight
09/17 12:21:41 AM:    _text_field_embedder.model.encoder.layer.9.attention.output.dense.bias
09/17 12:21:41 AM:    _text_field_embedder.model.encoder.layer.9.attention.output.dense.weight
09/17 12:21:41 AM:    _text_field_embedder.model.encoder.layer.9.attention.self.key.bias
09/17 12:21:41 AM:    _text_field_embedder.model.encoder.layer.9.attention.self.key.weight
09/17 12:21:41 AM:    _text_field_embedder.model.encoder.layer.9.attention.self.query.bias
09/17 12:21:41 AM:    _text_field_embedder.model.encoder.layer.9.attention.self.query.weight
09/17 12:21:41 AM:    _text_field_embedder.model.encoder.layer.9.attention.self.value.bias
09/17 12:21:41 AM:    _text_field_embedder.model.encoder.layer.9.attention.self.value.weight
09/17 12:21:41 AM:    _text_field_embedder.model.encoder.layer.9.intermediate.dense.bias
09/17 12:21:41 AM:    _text_field_embedder.model.encoder.layer.9.intermediate.dense.weight
09/17 12:21:41 AM:    _text_field_embedder.model.encoder.layer.9.output.LayerNorm.bias
09/17 12:21:41 AM:    _text_field_embedder.model.encoder.layer.9.output.LayerNorm.weight
09/17 12:21:41 AM:    _text_field_embedder.model.encoder.layer.9.output.dense.bias
09/17 12:21:41 AM:    _text_field_embedder.model.encoder.layer.9.output.dense.weight
09/17 12:21:41 AM:    _text_field_embedder.model.pooler.dense.bias
09/17 12:21:41 AM:    _text_field_embedder.model.pooler.dense.weight
09/17 12:21:41 AM: 	Task 'edges-pos-ontonotes' params: {
  "cls_type": "mlp",
  "d_hid": 256,
  "pool_type": "first",
  "d_proj": 512,
  "shared_pair_attn": 0,
  "attn": 0,
  "d_hid_attn": 512,
  "dropout": 0.3,
  "cls_loss_fn": "sigmoid",
  "cls_span_pooling": "attn",
  "edgeprobe_cnn_context": 0,
  "edgeprobe_symmetric": 0,
  "use_classifier": "edges-pos-ontonotes"
}
