09/16 07:34:39 AM: Git branch: master
09/16 07:34:39 AM: Git SHA: 6a6c097582fb44e9e93b08dab8c29a3ff91459bf
09/16 07:34:39 AM: Parsed args: 
{
  "allow_missing_task_map": 1,
  "allow_untrained_encoder_parameters": 1,
  "do_pretrain": 0,
  "exp_dir": "./experiments/rel-semeval-sts-cat/",
  "exp_name": "experiments/rel-semeval-sts-cat",
  "input_module": "bert-base-uncased",
  "local_log_path": "./experiments/rel-semeval-sts-cat/run/log.log",
  "lr_patience": 3,
  "max_seq_len": 512,
  "output_mode": "top",
  "patience": 9,
  "pretrain_tasks": "",
  "pretrained_dir": "models/sts",
  "pytorch_transformers_output_mode": "cat",
  "remote_log_name": "experiments/rel-semeval-sts-cat__run",
  "run_dir": "./experiments/rel-semeval-sts-cat/run",
  "run_name": "run",
  "sent_enc": "none",
  "sep_embs_for_skip": 1,
  "target_tasks": "edges-rel-semeval",
  "tokenizer": "bert-base-uncased",
  "write_preds": "val,test"
}
09/16 07:34:39 AM: Saved config to ./experiments/rel-semeval-sts-cat/run/params.conf
09/16 07:34:39 AM: Using random seed 1234
09/16 07:34:40 AM: Using GPU 0
09/16 07:34:40 AM: Loading tasks...
09/16 07:34:40 AM: Writing pre-preprocessed tasks to ./experiments/rel-semeval-sts-cat/
09/16 07:34:40 AM: 	Creating task edges-rel-semeval from scratch.
09/16 07:34:40 AM: Read=6851, Skip=0, Total=6851 from ./probing_data/edges/semeval/train.0.85.json.retokenized.bert-base-uncased
09/16 07:34:40 AM: Read=1149, Skip=0, Total=1149 from ./probing_data/edges/semeval/dev.json.retokenized.bert-base-uncased
09/16 07:34:41 AM: Read=2717, Skip=0, Total=2717 from ./probing_data/edges/semeval/test.json.retokenized.bert-base-uncased
09/16 07:34:41 AM: 	Task 'edges-rel-semeval': |train|=6851 |val|=1149 |test|=2717
09/16 07:34:41 AM: 	Finished loading tasks: edges-rel-semeval.
09/16 07:34:41 AM: 	Building vocab from scratch.
09/16 07:34:41 AM: 	Counting units for task edges-rel-semeval.
09/16 07:34:41 AM: 	Task 'edges-rel-semeval': adding vocab namespace 'edges-rel-semeval_labels'
09/16 07:34:42 AM: loading file https://s3.amazonaws.com/models.huggingface.co/bert/bert-base-uncased-vocab.txt from cache at /home/ericwallace/.cache/torch/pytorch_transformers/26bc1ad6c0ac742e9b52263248f6d0f00068293b33709fae12320c0e35ccfbbb.542ce4285a40d23a559526243235df47c5f75c197f04f37d1a0c124c32c9a084
09/16 07:34:42 AM: Added pytorch_transformers vocab (bert-base-uncased): 30522 tokens
09/16 07:34:42 AM: 	Saved vocab to ./experiments/rel-semeval-sts-cat/vocab
09/16 07:34:42 AM: Loading token dictionary from ./experiments/rel-semeval-sts-cat/vocab.
09/16 07:34:42 AM: 	Loaded vocab from ./experiments/rel-semeval-sts-cat/vocab
09/16 07:34:42 AM: 	Vocab namespace bert_uncased: size 30524
09/16 07:34:42 AM: 	Vocab namespace tokens: size 16020
09/16 07:34:42 AM: 	Vocab namespace chars: size 59
09/16 07:34:42 AM: 	Vocab namespace edges-rel-semeval_labels: size 19
09/16 07:34:42 AM: 	Finished building vocab.
09/16 07:34:42 AM: 	Task edges-rel-semeval (train): Indexing from scratch.
09/16 07:34:43 AM: 	Task edges-rel-semeval (train): Saved 6851 instances to ./experiments/rel-semeval-sts-cat/preproc/edges-rel-semeval__train_data
09/16 07:34:43 AM: 	Task edges-rel-semeval (val): Indexing from scratch.
09/16 07:34:43 AM: 	Task edges-rel-semeval (val): Saved 1149 instances to ./experiments/rel-semeval-sts-cat/preproc/edges-rel-semeval__val_data
09/16 07:34:43 AM: 	Task edges-rel-semeval (test): Indexing from scratch.
09/16 07:34:43 AM: 	Task edges-rel-semeval (test): Saved 2717 instances to ./experiments/rel-semeval-sts-cat/preproc/edges-rel-semeval__test_data
09/16 07:34:43 AM: 	Finished indexing tasks
09/16 07:34:43 AM: 	Creating trimmed target-only version of edges-rel-semeval train.
09/16 07:34:43 AM: 	  Training on 
09/16 07:34:43 AM: 	  Evaluating on edges-rel-semeval
09/16 07:34:43 AM: 	Finished loading tasks in 3.114s
09/16 07:34:43 AM: 	 Tasks: ['edges-rel-semeval']
09/16 07:34:43 AM: Building model...
09/16 07:34:43 AM: Using BERT model (bert-base-uncased).
09/16 07:34:43 AM: LOADING A FUNETUNED MODEL from: 
09/16 07:34:43 AM: models/sts
09/16 07:34:43 AM: Model name 'models/sts' was not found in model name list (bert-base-uncased, bert-large-uncased, bert-base-cased, bert-large-cased, bert-base-multilingual-uncased, bert-base-multilingual-cased, bert-base-chinese, bert-base-german-cased, bert-large-uncased-whole-word-masking, bert-large-cased-whole-word-masking, bert-large-uncased-whole-word-masking-finetuned-squad, bert-large-cased-whole-word-masking-finetuned-squad, bert-base-cased-finetuned-mrpc). We assumed 'models/sts' was a path or url but couldn't find any file associated to this path or url.
09/16 07:34:43 AM: Fatal error in main():
Traceback (most recent call last):
  File "main.py", line 16, in <module>
    main(sys.argv[1:])
  File "/srv/home/ericwallace/jiant/jiant/__main__.py", line 510, in main
    model = build_model(args, vocab, word_embs, tasks)
  File "/srv/home/ericwallace/jiant/jiant/models.py", line 237, in build_model
    embedder = BertEmbedderModule(args)
  File "/srv/home/ericwallace/jiant/jiant/pytorch_transformers_interface/modules.py", line 270, in __init__
    args.pretrained_dir, cache_dir=self.cache_dir, output_hidden_states=True
  File "/home/ericwallace/miniconda3/envs/jiant/lib/python3.6/site-packages/pytorch_transformers/modeling_utils.py", line 492, in from_pretrained
    **kwargs
  File "/home/ericwallace/miniconda3/envs/jiant/lib/python3.6/site-packages/pytorch_transformers/modeling_utils.py", line 194, in from_pretrained
    raise e
  File "/home/ericwallace/miniconda3/envs/jiant/lib/python3.6/site-packages/pytorch_transformers/modeling_utils.py", line 180, in from_pretrained
    resolved_config_file = cached_path(config_file, cache_dir=cache_dir, force_download=force_download, proxies=proxies)
  File "/home/ericwallace/miniconda3/envs/jiant/lib/python3.6/site-packages/pytorch_transformers/file_utils.py", line 124, in cached_path
    raise EnvironmentError("file {} not found".format(url_or_filename))
OSError: file models/sts not found
