09/16 09:10:58 AM: Git branch: master
09/16 09:10:58 AM: Git SHA: 1a42459c6cbb693793b9c0d01bca567d99b0baac
09/16 09:10:59 AM: Parsed args: 
{
  "allow_missing_task_map": 1,
  "allow_untrained_encoder_parameters": 1,
  "do_pretrain": 0,
  "exp_dir": "./experiments/srl-ontonotes-rte-cat/",
  "exp_name": "experiments/srl-ontonotes-rte-cat",
  "input_module": "bert-base-uncased",
  "local_log_path": "./experiments/srl-ontonotes-rte-cat/run/log.log",
  "lr_patience": 3,
  "max_seq_len": 512,
  "output_mode": "top",
  "patience": 9,
  "pretrain_tasks": "",
  "pretrained_dir": "models/rte",
  "pytorch_transformers_output_mode": "cat",
  "remote_log_name": "experiments/srl-ontonotes-rte-cat__run",
  "run_dir": "./experiments/srl-ontonotes-rte-cat/run",
  "run_name": "run",
  "sent_enc": "none",
  "sep_embs_for_skip": 1,
  "target_tasks": "edges-srl-ontonotes",
  "tokenizer": "bert-base-uncased",
  "write_preds": "val,test"
}
09/16 09:10:59 AM: Saved config to ./experiments/srl-ontonotes-rte-cat/run/params.conf
09/16 09:10:59 AM: Using random seed 1234
09/16 09:10:59 AM: Using GPU 0
09/16 09:10:59 AM: Loading tasks...
09/16 09:10:59 AM: Writing pre-preprocessed tasks to ./experiments/srl-ontonotes-rte-cat/
09/16 09:10:59 AM: 	Creating task edges-srl-ontonotes from scratch.
09/16 09:11:05 AM: Read=231480, Skip=21590, Total=253070 from ./probing_data/edges/ontonotes/srl/train.json.retokenized.bert-base-uncased
09/16 09:11:05 AM: Read=32486, Skip=2811, Total=35297 from ./probing_data/edges/ontonotes/srl/development.json.retokenized.bert-base-uncased
09/16 09:11:06 AM: Read=23800, Skip=2915, Total=26715 from ./probing_data/edges/ontonotes/srl/test.json.retokenized.bert-base-uncased
09/16 09:11:09 AM: 	Task 'edges-srl-ontonotes': |train|=231480 |val|=32486 |test|=23800
09/16 09:11:09 AM: 	Finished loading tasks: edges-srl-ontonotes.
09/16 09:11:09 AM: 	Building vocab from scratch.
09/16 09:11:09 AM: 	Counting units for task edges-srl-ontonotes.
09/16 09:11:17 AM: 	Task 'edges-srl-ontonotes': adding vocab namespace 'edges-srl-ontonotes_labels'
09/16 09:11:18 AM: loading file https://s3.amazonaws.com/models.huggingface.co/bert/bert-base-uncased-vocab.txt from cache at /home/ericwallace/.cache/torch/pytorch_transformers/26bc1ad6c0ac742e9b52263248f6d0f00068293b33709fae12320c0e35ccfbbb.542ce4285a40d23a559526243235df47c5f75c197f04f37d1a0c124c32c9a084
09/16 09:11:18 AM: Added pytorch_transformers vocab (bert-base-uncased): 30522 tokens
09/16 09:11:18 AM: 	Saved vocab to ./experiments/srl-ontonotes-rte-cat/vocab
09/16 09:11:18 AM: Loading token dictionary from ./experiments/srl-ontonotes-rte-cat/vocab.
09/16 09:11:18 AM: 	Loaded vocab from ./experiments/srl-ontonotes-rte-cat/vocab
09/16 09:11:18 AM: 	Vocab namespace bert_uncased: size 30524
09/16 09:11:18 AM: 	Vocab namespace tokens: size 23662
09/16 09:11:18 AM: 	Vocab namespace edges-srl-ontonotes_labels: size 66
09/16 09:11:18 AM: 	Vocab namespace chars: size 76
09/16 09:11:18 AM: 	Finished building vocab.
09/16 09:11:18 AM: 	Task edges-srl-ontonotes (train): Indexing from scratch.
09/16 09:11:51 AM: 	Task edges-srl-ontonotes (train): Saved 231480 instances to ./experiments/srl-ontonotes-rte-cat/preproc/edges-srl-ontonotes__train_data
09/16 09:11:51 AM: 	Task edges-srl-ontonotes (val): Indexing from scratch.
09/16 09:11:55 AM: 	Task edges-srl-ontonotes (val): Saved 32486 instances to ./experiments/srl-ontonotes-rte-cat/preproc/edges-srl-ontonotes__val_data
09/16 09:11:55 AM: 	Task edges-srl-ontonotes (test): Indexing from scratch.
09/16 09:11:59 AM: 	Task edges-srl-ontonotes (test): Saved 23800 instances to ./experiments/srl-ontonotes-rte-cat/preproc/edges-srl-ontonotes__test_data
09/16 09:11:59 AM: 	Finished indexing tasks
09/16 09:11:59 AM: 	Creating trimmed target-only version of edges-srl-ontonotes train.
09/16 09:11:59 AM: 	  Training on 
09/16 09:11:59 AM: 	  Evaluating on edges-srl-ontonotes
09/16 09:11:59 AM: 	Finished loading tasks in 59.513s
09/16 09:11:59 AM: 	 Tasks: ['edges-srl-ontonotes']
09/16 09:11:59 AM: Building model...
09/16 09:11:59 AM: Using BERT model (bert-base-uncased).
09/16 09:11:59 AM: LOADING A FUNETUNED MODEL from: 
09/16 09:11:59 AM: models/rte
09/16 09:11:59 AM: loading configuration file models/rte/config.json
09/16 09:11:59 AM: Model config {
  "attention_probs_dropout_prob": 0.1,
  "finetuning_task": "rte",
  "hidden_act": "gelu",
  "hidden_dropout_prob": 0.1,
  "hidden_size": 768,
  "initializer_range": 0.02,
  "intermediate_size": 3072,
  "layer_norm_eps": 1e-12,
  "max_position_embeddings": 512,
  "num_attention_heads": 12,
  "num_hidden_layers": 12,
  "num_labels": 2,
  "output_attentions": false,
  "output_hidden_states": true,
  "pruned_heads": {},
  "torchscript": false,
  "type_vocab_size": 2,
  "vocab_size": 30522
}

09/16 09:11:59 AM: loading weights file models/rte/pytorch_model.bin
09/16 09:12:02 AM: https://s3.amazonaws.com/models.huggingface.co/bert/bert-base-uncased-vocab.txt not found in cache or force_download set to True, downloading to /tmp/tmpp16nunkt
09/16 09:12:06 AM: copying /tmp/tmpp16nunkt to cache at ./experiments/srl-ontonotes-rte-cat/pytorch_transformers_cache/26bc1ad6c0ac742e9b52263248f6d0f00068293b33709fae12320c0e35ccfbbb.542ce4285a40d23a559526243235df47c5f75c197f04f37d1a0c124c32c9a084
09/16 09:12:06 AM: creating metadata file for ./experiments/srl-ontonotes-rte-cat/pytorch_transformers_cache/26bc1ad6c0ac742e9b52263248f6d0f00068293b33709fae12320c0e35ccfbbb.542ce4285a40d23a559526243235df47c5f75c197f04f37d1a0c124c32c9a084
09/16 09:12:06 AM: removing temp file /tmp/tmpp16nunkt
09/16 09:12:06 AM: loading file https://s3.amazonaws.com/models.huggingface.co/bert/bert-base-uncased-vocab.txt from cache at ./experiments/srl-ontonotes-rte-cat/pytorch_transformers_cache/26bc1ad6c0ac742e9b52263248f6d0f00068293b33709fae12320c0e35ccfbbb.542ce4285a40d23a559526243235df47c5f75c197f04f37d1a0c124c32c9a084
09/16 09:12:06 AM: Initializing parameters
09/16 09:12:06 AM: Done initializing parameters; the following parameters are using their default initialization from their code
09/16 09:12:06 AM:    _text_field_embedder.model.embeddings.LayerNorm.bias
09/16 09:12:06 AM:    _text_field_embedder.model.embeddings.LayerNorm.weight
09/16 09:12:06 AM:    _text_field_embedder.model.embeddings.position_embeddings.weight
09/16 09:12:06 AM:    _text_field_embedder.model.embeddings.token_type_embeddings.weight
09/16 09:12:06 AM:    _text_field_embedder.model.embeddings.word_embeddings.weight
09/16 09:12:06 AM:    _text_field_embedder.model.encoder.layer.0.attention.output.LayerNorm.bias
09/16 09:12:06 AM:    _text_field_embedder.model.encoder.layer.0.attention.output.LayerNorm.weight
09/16 09:12:06 AM:    _text_field_embedder.model.encoder.layer.0.attention.output.dense.bias
09/16 09:12:06 AM:    _text_field_embedder.model.encoder.layer.0.attention.output.dense.weight
09/16 09:12:06 AM:    _text_field_embedder.model.encoder.layer.0.attention.self.key.bias
09/16 09:12:06 AM:    _text_field_embedder.model.encoder.layer.0.attention.self.key.weight
09/16 09:12:06 AM:    _text_field_embedder.model.encoder.layer.0.attention.self.query.bias
09/16 09:12:06 AM:    _text_field_embedder.model.encoder.layer.0.attention.self.query.weight
09/16 09:12:06 AM:    _text_field_embedder.model.encoder.layer.0.attention.self.value.bias
09/16 09:12:06 AM:    _text_field_embedder.model.encoder.layer.0.attention.self.value.weight
09/16 09:12:06 AM:    _text_field_embedder.model.encoder.layer.0.intermediate.dense.bias
09/16 09:12:06 AM:    _text_field_embedder.model.encoder.layer.0.intermediate.dense.weight
09/16 09:12:06 AM:    _text_field_embedder.model.encoder.layer.0.output.LayerNorm.bias
09/16 09:12:06 AM:    _text_field_embedder.model.encoder.layer.0.output.LayerNorm.weight
09/16 09:12:06 AM:    _text_field_embedder.model.encoder.layer.0.output.dense.bias
09/16 09:12:06 AM:    _text_field_embedder.model.encoder.layer.0.output.dense.weight
09/16 09:12:06 AM:    _text_field_embedder.model.encoder.layer.1.attention.output.LayerNorm.bias
09/16 09:12:06 AM:    _text_field_embedder.model.encoder.layer.1.attention.output.LayerNorm.weight
09/16 09:12:06 AM:    _text_field_embedder.model.encoder.layer.1.attention.output.dense.bias
09/16 09:12:06 AM:    _text_field_embedder.model.encoder.layer.1.attention.output.dense.weight
09/16 09:12:06 AM:    _text_field_embedder.model.encoder.layer.1.attention.self.key.bias
09/16 09:12:06 AM:    _text_field_embedder.model.encoder.layer.1.attention.self.key.weight
09/16 09:12:06 AM:    _text_field_embedder.model.encoder.layer.1.attention.self.query.bias
09/16 09:12:06 AM:    _text_field_embedder.model.encoder.layer.1.attention.self.query.weight
09/16 09:12:06 AM:    _text_field_embedder.model.encoder.layer.1.attention.self.value.bias
09/16 09:12:06 AM:    _text_field_embedder.model.encoder.layer.1.attention.self.value.weight
09/16 09:12:06 AM:    _text_field_embedder.model.encoder.layer.1.intermediate.dense.bias
09/16 09:12:06 AM:    _text_field_embedder.model.encoder.layer.1.intermediate.dense.weight
09/16 09:12:06 AM:    _text_field_embedder.model.encoder.layer.1.output.LayerNorm.bias
09/16 09:12:06 AM:    _text_field_embedder.model.encoder.layer.1.output.LayerNorm.weight
09/16 09:12:06 AM:    _text_field_embedder.model.encoder.layer.1.output.dense.bias
09/16 09:12:06 AM:    _text_field_embedder.model.encoder.layer.1.output.dense.weight
09/16 09:12:06 AM:    _text_field_embedder.model.encoder.layer.10.attention.output.LayerNorm.bias
09/16 09:12:06 AM:    _text_field_embedder.model.encoder.layer.10.attention.output.LayerNorm.weight
09/16 09:12:06 AM:    _text_field_embedder.model.encoder.layer.10.attention.output.dense.bias
09/16 09:12:06 AM:    _text_field_embedder.model.encoder.layer.10.attention.output.dense.weight
09/16 09:12:06 AM:    _text_field_embedder.model.encoder.layer.10.attention.self.key.bias
09/16 09:12:06 AM:    _text_field_embedder.model.encoder.layer.10.attention.self.key.weight
09/16 09:12:06 AM:    _text_field_embedder.model.encoder.layer.10.attention.self.query.bias
09/16 09:12:06 AM:    _text_field_embedder.model.encoder.layer.10.attention.self.query.weight
09/16 09:12:06 AM:    _text_field_embedder.model.encoder.layer.10.attention.self.value.bias
09/16 09:12:06 AM:    _text_field_embedder.model.encoder.layer.10.attention.self.value.weight
09/16 09:12:06 AM:    _text_field_embedder.model.encoder.layer.10.intermediate.dense.bias
09/16 09:12:06 AM:    _text_field_embedder.model.encoder.layer.10.intermediate.dense.weight
09/16 09:12:06 AM:    _text_field_embedder.model.encoder.layer.10.output.LayerNorm.bias
09/16 09:12:06 AM:    _text_field_embedder.model.encoder.layer.10.output.LayerNorm.weight
09/16 09:12:06 AM:    _text_field_embedder.model.encoder.layer.10.output.dense.bias
09/16 09:12:06 AM:    _text_field_embedder.model.encoder.layer.10.output.dense.weight
09/16 09:12:06 AM:    _text_field_embedder.model.encoder.layer.11.attention.output.LayerNorm.bias
09/16 09:12:06 AM:    _text_field_embedder.model.encoder.layer.11.attention.output.LayerNorm.weight
09/16 09:12:06 AM:    _text_field_embedder.model.encoder.layer.11.attention.output.dense.bias
09/16 09:12:06 AM:    _text_field_embedder.model.encoder.layer.11.attention.output.dense.weight
09/16 09:12:06 AM:    _text_field_embedder.model.encoder.layer.11.attention.self.key.bias
09/16 09:12:06 AM:    _text_field_embedder.model.encoder.layer.11.attention.self.key.weight
09/16 09:12:06 AM:    _text_field_embedder.model.encoder.layer.11.attention.self.query.bias
09/16 09:12:06 AM:    _text_field_embedder.model.encoder.layer.11.attention.self.query.weight
09/16 09:12:06 AM:    _text_field_embedder.model.encoder.layer.11.attention.self.value.bias
09/16 09:12:06 AM:    _text_field_embedder.model.encoder.layer.11.attention.self.value.weight
09/16 09:12:06 AM:    _text_field_embedder.model.encoder.layer.11.intermediate.dense.bias
09/16 09:12:06 AM:    _text_field_embedder.model.encoder.layer.11.intermediate.dense.weight
09/16 09:12:06 AM:    _text_field_embedder.model.encoder.layer.11.output.LayerNorm.bias
09/16 09:12:06 AM:    _text_field_embedder.model.encoder.layer.11.output.LayerNorm.weight
09/16 09:12:06 AM:    _text_field_embedder.model.encoder.layer.11.output.dense.bias
09/16 09:12:06 AM:    _text_field_embedder.model.encoder.layer.11.output.dense.weight
09/16 09:12:06 AM:    _text_field_embedder.model.encoder.layer.2.attention.output.LayerNorm.bias
09/16 09:12:06 AM:    _text_field_embedder.model.encoder.layer.2.attention.output.LayerNorm.weight
09/16 09:12:06 AM:    _text_field_embedder.model.encoder.layer.2.attention.output.dense.bias
09/16 09:12:06 AM:    _text_field_embedder.model.encoder.layer.2.attention.output.dense.weight
09/16 09:12:06 AM:    _text_field_embedder.model.encoder.layer.2.attention.self.key.bias
09/16 09:12:06 AM:    _text_field_embedder.model.encoder.layer.2.attention.self.key.weight
09/16 09:12:06 AM:    _text_field_embedder.model.encoder.layer.2.attention.self.query.bias
09/16 09:12:06 AM:    _text_field_embedder.model.encoder.layer.2.attention.self.query.weight
09/16 09:12:06 AM:    _text_field_embedder.model.encoder.layer.2.attention.self.value.bias
09/16 09:12:06 AM:    _text_field_embedder.model.encoder.layer.2.attention.self.value.weight
09/16 09:12:06 AM:    _text_field_embedder.model.encoder.layer.2.intermediate.dense.bias
09/16 09:12:06 AM:    _text_field_embedder.model.encoder.layer.2.intermediate.dense.weight
09/16 09:12:06 AM:    _text_field_embedder.model.encoder.layer.2.output.LayerNorm.bias
09/16 09:12:06 AM:    _text_field_embedder.model.encoder.layer.2.output.LayerNorm.weight
09/16 09:12:06 AM:    _text_field_embedder.model.encoder.layer.2.output.dense.bias
09/16 09:12:06 AM:    _text_field_embedder.model.encoder.layer.2.output.dense.weight
09/16 09:12:06 AM:    _text_field_embedder.model.encoder.layer.3.attention.output.LayerNorm.bias
09/16 09:12:06 AM:    _text_field_embedder.model.encoder.layer.3.attention.output.LayerNorm.weight
09/16 09:12:06 AM:    _text_field_embedder.model.encoder.layer.3.attention.output.dense.bias
09/16 09:12:06 AM:    _text_field_embedder.model.encoder.layer.3.attention.output.dense.weight
09/16 09:12:06 AM:    _text_field_embedder.model.encoder.layer.3.attention.self.key.bias
09/16 09:12:06 AM:    _text_field_embedder.model.encoder.layer.3.attention.self.key.weight
09/16 09:12:06 AM:    _text_field_embedder.model.encoder.layer.3.attention.self.query.bias
09/16 09:12:06 AM:    _text_field_embedder.model.encoder.layer.3.attention.self.query.weight
09/16 09:12:06 AM:    _text_field_embedder.model.encoder.layer.3.attention.self.value.bias
09/16 09:12:06 AM:    _text_field_embedder.model.encoder.layer.3.attention.self.value.weight
09/16 09:12:06 AM:    _text_field_embedder.model.encoder.layer.3.intermediate.dense.bias
09/16 09:12:06 AM:    _text_field_embedder.model.encoder.layer.3.intermediate.dense.weight
09/16 09:12:06 AM:    _text_field_embedder.model.encoder.layer.3.output.LayerNorm.bias
09/16 09:12:06 AM:    _text_field_embedder.model.encoder.layer.3.output.LayerNorm.weight
09/16 09:12:06 AM:    _text_field_embedder.model.encoder.layer.3.output.dense.bias
09/16 09:12:06 AM:    _text_field_embedder.model.encoder.layer.3.output.dense.weight
09/16 09:12:06 AM:    _text_field_embedder.model.encoder.layer.4.attention.output.LayerNorm.bias
09/16 09:12:06 AM:    _text_field_embedder.model.encoder.layer.4.attention.output.LayerNorm.weight
09/16 09:12:06 AM:    _text_field_embedder.model.encoder.layer.4.attention.output.dense.bias
09/16 09:12:06 AM:    _text_field_embedder.model.encoder.layer.4.attention.output.dense.weight
09/16 09:12:06 AM:    _text_field_embedder.model.encoder.layer.4.attention.self.key.bias
09/16 09:12:06 AM:    _text_field_embedder.model.encoder.layer.4.attention.self.key.weight
09/16 09:12:06 AM:    _text_field_embedder.model.encoder.layer.4.attention.self.query.bias
09/16 09:12:06 AM:    _text_field_embedder.model.encoder.layer.4.attention.self.query.weight
09/16 09:12:06 AM:    _text_field_embedder.model.encoder.layer.4.attention.self.value.bias
09/16 09:12:06 AM:    _text_field_embedder.model.encoder.layer.4.attention.self.value.weight
09/16 09:12:06 AM:    _text_field_embedder.model.encoder.layer.4.intermediate.dense.bias
09/16 09:12:06 AM:    _text_field_embedder.model.encoder.layer.4.intermediate.dense.weight
09/16 09:12:06 AM:    _text_field_embedder.model.encoder.layer.4.output.LayerNorm.bias
09/16 09:12:06 AM:    _text_field_embedder.model.encoder.layer.4.output.LayerNorm.weight
09/16 09:12:06 AM:    _text_field_embedder.model.encoder.layer.4.output.dense.bias
09/16 09:12:06 AM:    _text_field_embedder.model.encoder.layer.4.output.dense.weight
09/16 09:12:06 AM:    _text_field_embedder.model.encoder.layer.5.attention.output.LayerNorm.bias
09/16 09:12:06 AM:    _text_field_embedder.model.encoder.layer.5.attention.output.LayerNorm.weight
09/16 09:12:06 AM:    _text_field_embedder.model.encoder.layer.5.attention.output.dense.bias
09/16 09:12:06 AM:    _text_field_embedder.model.encoder.layer.5.attention.output.dense.weight
09/16 09:12:06 AM:    _text_field_embedder.model.encoder.layer.5.attention.self.key.bias
09/16 09:12:06 AM:    _text_field_embedder.model.encoder.layer.5.attention.self.key.weight
09/16 09:12:06 AM:    _text_field_embedder.model.encoder.layer.5.attention.self.query.bias
09/16 09:12:06 AM:    _text_field_embedder.model.encoder.layer.5.attention.self.query.weight
09/16 09:12:06 AM:    _text_field_embedder.model.encoder.layer.5.attention.self.value.bias
09/16 09:12:06 AM:    _text_field_embedder.model.encoder.layer.5.attention.self.value.weight
09/16 09:12:06 AM:    _text_field_embedder.model.encoder.layer.5.intermediate.dense.bias
09/16 09:12:06 AM:    _text_field_embedder.model.encoder.layer.5.intermediate.dense.weight
09/16 09:12:06 AM:    _text_field_embedder.model.encoder.layer.5.output.LayerNorm.bias
09/16 09:12:06 AM:    _text_field_embedder.model.encoder.layer.5.output.LayerNorm.weight
09/16 09:12:06 AM:    _text_field_embedder.model.encoder.layer.5.output.dense.bias
09/16 09:12:06 AM:    _text_field_embedder.model.encoder.layer.5.output.dense.weight
09/16 09:12:06 AM:    _text_field_embedder.model.encoder.layer.6.attention.output.LayerNorm.bias
09/16 09:12:06 AM:    _text_field_embedder.model.encoder.layer.6.attention.output.LayerNorm.weight
09/16 09:12:06 AM:    _text_field_embedder.model.encoder.layer.6.attention.output.dense.bias
09/16 09:12:06 AM:    _text_field_embedder.model.encoder.layer.6.attention.output.dense.weight
09/16 09:12:06 AM:    _text_field_embedder.model.encoder.layer.6.attention.self.key.bias
09/16 09:12:06 AM:    _text_field_embedder.model.encoder.layer.6.attention.self.key.weight
09/16 09:12:06 AM:    _text_field_embedder.model.encoder.layer.6.attention.self.query.bias
09/16 09:12:06 AM:    _text_field_embedder.model.encoder.layer.6.attention.self.query.weight
09/16 09:12:06 AM:    _text_field_embedder.model.encoder.layer.6.attention.self.value.bias
09/16 09:12:06 AM:    _text_field_embedder.model.encoder.layer.6.attention.self.value.weight
09/16 09:12:06 AM:    _text_field_embedder.model.encoder.layer.6.intermediate.dense.bias
09/16 09:12:06 AM:    _text_field_embedder.model.encoder.layer.6.intermediate.dense.weight
09/16 09:12:06 AM:    _text_field_embedder.model.encoder.layer.6.output.LayerNorm.bias
09/16 09:12:06 AM:    _text_field_embedder.model.encoder.layer.6.output.LayerNorm.weight
09/16 09:12:06 AM:    _text_field_embedder.model.encoder.layer.6.output.dense.bias
09/16 09:12:06 AM:    _text_field_embedder.model.encoder.layer.6.output.dense.weight
09/16 09:12:06 AM:    _text_field_embedder.model.encoder.layer.7.attention.output.LayerNorm.bias
09/16 09:12:06 AM:    _text_field_embedder.model.encoder.layer.7.attention.output.LayerNorm.weight
09/16 09:12:06 AM:    _text_field_embedder.model.encoder.layer.7.attention.output.dense.bias
09/16 09:12:06 AM:    _text_field_embedder.model.encoder.layer.7.attention.output.dense.weight
09/16 09:12:06 AM:    _text_field_embedder.model.encoder.layer.7.attention.self.key.bias
09/16 09:12:06 AM:    _text_field_embedder.model.encoder.layer.7.attention.self.key.weight
09/16 09:12:06 AM:    _text_field_embedder.model.encoder.layer.7.attention.self.query.bias
09/16 09:12:06 AM:    _text_field_embedder.model.encoder.layer.7.attention.self.query.weight
09/16 09:12:06 AM:    _text_field_embedder.model.encoder.layer.7.attention.self.value.bias
09/16 09:12:06 AM:    _text_field_embedder.model.encoder.layer.7.attention.self.value.weight
09/16 09:12:06 AM:    _text_field_embedder.model.encoder.layer.7.intermediate.dense.bias
09/16 09:12:06 AM:    _text_field_embedder.model.encoder.layer.7.intermediate.dense.weight
09/16 09:12:06 AM:    _text_field_embedder.model.encoder.layer.7.output.LayerNorm.bias
09/16 09:12:06 AM:    _text_field_embedder.model.encoder.layer.7.output.LayerNorm.weight
09/16 09:12:06 AM:    _text_field_embedder.model.encoder.layer.7.output.dense.bias
09/16 09:12:06 AM:    _text_field_embedder.model.encoder.layer.7.output.dense.weight
09/16 09:12:06 AM:    _text_field_embedder.model.encoder.layer.8.attention.output.LayerNorm.bias
09/16 09:12:06 AM:    _text_field_embedder.model.encoder.layer.8.attention.output.LayerNorm.weight
09/16 09:12:06 AM:    _text_field_embedder.model.encoder.layer.8.attention.output.dense.bias
09/16 09:12:06 AM:    _text_field_embedder.model.encoder.layer.8.attention.output.dense.weight
09/16 09:12:06 AM:    _text_field_embedder.model.encoder.layer.8.attention.self.key.bias
09/16 09:12:06 AM:    _text_field_embedder.model.encoder.layer.8.attention.self.key.weight
09/16 09:12:06 AM:    _text_field_embedder.model.encoder.layer.8.attention.self.query.bias
09/16 09:12:06 AM:    _text_field_embedder.model.encoder.layer.8.attention.self.query.weight
09/16 09:12:06 AM:    _text_field_embedder.model.encoder.layer.8.attention.self.value.bias
09/16 09:12:06 AM:    _text_field_embedder.model.encoder.layer.8.attention.self.value.weight
09/16 09:12:06 AM:    _text_field_embedder.model.encoder.layer.8.intermediate.dense.bias
09/16 09:12:06 AM:    _text_field_embedder.model.encoder.layer.8.intermediate.dense.weight
09/16 09:12:06 AM:    _text_field_embedder.model.encoder.layer.8.output.LayerNorm.bias
09/16 09:12:06 AM:    _text_field_embedder.model.encoder.layer.8.output.LayerNorm.weight
09/16 09:12:06 AM:    _text_field_embedder.model.encoder.layer.8.output.dense.bias
09/16 09:12:06 AM:    _text_field_embedder.model.encoder.layer.8.output.dense.weight
09/16 09:12:06 AM:    _text_field_embedder.model.encoder.layer.9.attention.output.LayerNorm.bias
09/16 09:12:06 AM:    _text_field_embedder.model.encoder.layer.9.attention.output.LayerNorm.weight
09/16 09:12:06 AM:    _text_field_embedder.model.encoder.layer.9.attention.output.dense.bias
09/16 09:12:06 AM:    _text_field_embedder.model.encoder.layer.9.attention.output.dense.weight
09/16 09:12:06 AM:    _text_field_embedder.model.encoder.layer.9.attention.self.key.bias
09/16 09:12:06 AM:    _text_field_embedder.model.encoder.layer.9.attention.self.key.weight
09/16 09:12:06 AM:    _text_field_embedder.model.encoder.layer.9.attention.self.query.bias
09/16 09:12:06 AM:    _text_field_embedder.model.encoder.layer.9.attention.self.query.weight
09/16 09:12:06 AM:    _text_field_embedder.model.encoder.layer.9.attention.self.value.bias
09/16 09:12:06 AM:    _text_field_embedder.model.encoder.layer.9.attention.self.value.weight
09/16 09:12:06 AM:    _text_field_embedder.model.encoder.layer.9.intermediate.dense.bias
09/16 09:12:06 AM:    _text_field_embedder.model.encoder.layer.9.intermediate.dense.weight
09/16 09:12:06 AM:    _text_field_embedder.model.encoder.layer.9.output.LayerNorm.bias
09/16 09:12:06 AM:    _text_field_embedder.model.encoder.layer.9.output.LayerNorm.weight
09/16 09:12:06 AM:    _text_field_embedder.model.encoder.layer.9.output.dense.bias
09/16 09:12:06 AM:    _text_field_embedder.model.encoder.layer.9.output.dense.weight
09/16 09:12:06 AM:    _text_field_embedder.model.pooler.dense.bias
09/16 09:12:06 AM:    _text_field_embedder.model.pooler.dense.weight
09/16 09:12:06 AM: 	Task 'edges-srl-ontonotes' params: {
  "cls_type": "mlp",
  "d_hid": 256,
  "pool_type": "first",
  "d_proj": 512,
  "shared_pair_attn": 0,
  "attn": 0,
  "d_hid_attn": 512,
  "dropout": 0.3,
  "cls_loss_fn": "sigmoid",
  "cls_span_pooling": "attn",
  "edgeprobe_cnn_context": 0,
  "edgeprobe_symmetric": 0,
  "use_classifier": "edges-srl-ontonotes"
}
